[2024-04-28 01:14:21][sql] CONNECT:[ UseTime:0.005412s ] mysql:host=127.0.0.1;port=3306;dbname=xinuocs_test;charset=utf8
[2024-04-28 01:14:21][sql] SHOW FULL COLUMNS FROM `ds_hezi` [ RunTime:0.002578s ]
[2024-04-28 01:14:21][sql] SELECT * FROM `ds_hezi` WHERE  `id` = 1328 LIMIT 1 [ RunTime:0.000296s ]
[2024-04-28 01:14:21][sql] SHOW FULL COLUMNS FROM `ds_tj` [ RunTime:0.002155s ]
[2024-04-28 01:14:21][sql] SELECT * FROM `ds_tj` WHERE  `ua` = 'f9d0d5e791b8251f7d7ae7bb100791f7' LIMIT 1 [ RunTime:0.000271s ]
[2024-04-28 01:14:21][sql] INSERT INTO `ds_tj` SET `uid` = 184 , `create_time` = 1714238061 , `ua` = 'f9d0d5e791b8251f7d7ae7bb100791f7' [ RunTime:0.011364s ]
[2024-04-28 01:14:21][sql] SHOW FULL COLUMNS FROM `ds_complain` [ RunTime:0.001879s ]
[2024-04-28 01:14:21][sql] SELECT * FROM `ds_complain` WHERE  `ip` = '171.83.59.81' [ RunTime:0.000303s ]
[2024-04-28 01:14:21][sql] SHOW FULL COLUMNS FROM `ds_system_config` [ RunTime:0.001601s ]
[2024-04-28 01:14:21][sql] SELECT `value` FROM `ds_system_config` WHERE  `group` = 'ff'  AND `name` = 'ff_pc' LIMIT 1 [ RunTime:0.000274s ]
[2024-04-28 01:14:21][sql] SHOW FULL COLUMNS FROM `ds_system_admin` [ RunTime:0.001430s ]
[2024-04-28 01:14:21][sql] SELECT * FROM `ds_system_admin` WHERE (  `id` = 184 ) AND `ds_system_admin`.`delete_time` IS NULL LIMIT 1 [ RunTime:0.000385s ]
[2024-04-28 01:14:21][sql] SELECT * FROM `ds_system_admin` WHERE (  `id` = 184 ) AND `ds_system_admin`.`delete_time` IS NULL LIMIT 1 [ RunTime:0.000341s ]
[2024-04-28 01:14:21][sql] SELECT * FROM `ds_hezi` WHERE  `id` = 1328 LIMIT 1 [ RunTime:0.000257s ]
[2024-04-28 01:14:21][sql] SHOW FULL COLUMNS FROM `ds_domain_rule` [ RunTime:0.001218s ]
[2024-04-28 01:14:21][sql] SELECT * FROM `ds_domain_rule` WHERE  `status` = 1  AND `uid` = 184  AND `type` = 2 LIMIT 1 [ RunTime:0.000256s ]
[2024-04-28 01:14:21][sql] SELECT * FROM `ds_domain_rule` WHERE  `status` = 1  AND `type` = 2  AND `uid` = 10086 LIMIT 1 [ RunTime:0.000247s ]
[2024-04-28 01:14:21][sql] SELECT `value` FROM `ds_system_config` WHERE  `group` = 'ff'  AND `name` = 'ff_fix' LIMIT 1 [ RunTime:0.000235s ]
[2024-04-28 01:14:22][sql] CONNECT:[ UseTime:0.010167s ] mysql:host=127.0.0.1;port=3306;dbname=xinuocs_test;charset=utf8
[2024-04-28 01:14:22][sql] SHOW FULL COLUMNS FROM `ds_hezi` [ RunTime:0.001995s ]
[2024-04-28 01:14:22][sql] SELECT * FROM `ds_hezi` WHERE  `id` = 1328 LIMIT 1 [ RunTime:0.000316s ]
[2024-04-28 01:14:22][sql] SHOW FULL COLUMNS FROM `ds_user_point` [ RunTime:0.001516s ]
[2024-04-28 01:14:22][sql] SELECT * FROM `ds_user_point` WHERE  `ua` = '02287cfc7405f1b703ff80b9dbe555f8' LIMIT 1 [ RunTime:0.044374s ]
[2024-04-28 01:14:22][sql] SHOW FULL COLUMNS FROM `ds_system_config` [ RunTime:0.001972s ]
[2024-04-28 01:14:22][sql] SELECT `value` FROM `ds_system_config` WHERE  `group` = 'short_video'  AND `name` = 'add_point' LIMIT 1 [ RunTime:0.000302s ]
[2024-04-28 01:14:22][sql] INSERT INTO `ds_user_point` SET `ua` = '02287cfc7405f1b703ff80b9dbe555f8' , `point` = 10 , `time` = '2024-04-28 01:14:22' [ RunTime:0.022962s ]
[2024-04-28 01:14:23][sql] CONNECT:[ UseTime:0.004440s ] mysql:host=127.0.0.1;port=3306;dbname=xinuocs_test;charset=utf8
[2024-04-28 01:14:23][sql] SHOW FULL COLUMNS FROM `ds_category` [ RunTime:0.006384s ]
[2024-04-28 01:14:23][sql] SELECT `id`,`image`,ctitle as title FROM `ds_category` WHERE `ds_category`.`delete_time` IS NULL LIMIT 910 [ RunTime:0.000299s ]
[2024-04-28 01:14:46][sql] CONNECT:[ UseTime:0.009119s ] mysql:host=127.0.0.1;port=3306;dbname=xinuocs_test;charset=utf8
[2024-04-28 01:14:46][sql] SHOW FULL COLUMNS FROM `ds_category` [ RunTime:0.006197s ]
[2024-04-28 01:14:46][sql] SELECT `id`,`image`,ctitle as title FROM `ds_category` WHERE `ds_category`.`delete_time` IS NULL LIMIT 910 [ RunTime:0.000303s ]
[2024-04-28 01:14:51][sql] CONNECT:[ UseTime:0.004904s ] mysql:host=127.0.0.1;port=3306;dbname=xinuocs_test;charset=utf8
[2024-04-28 01:14:51][sql] SHOW FULL COLUMNS FROM `ds_category` [ RunTime:0.001667s ]
[2024-04-28 01:14:51][sql] SELECT `id`,`image`,ctitle as title FROM `ds_category` WHERE `ds_category`.`delete_time` IS NULL LIMIT 910 [ RunTime:0.000301s ]
[2024-04-28 01:14:52][sql] CONNECT:[ UseTime:0.003394s ] mysql:host=127.0.0.1;port=3306;dbname=xinuocs_test;charset=utf8
[2024-04-28 01:14:52][sql] SHOW FULL COLUMNS FROM `ds_category` [ RunTime:0.002142s ]
[2024-04-28 01:14:52][sql] SELECT `id`,`image`,ctitle as title FROM `ds_category` WHERE `ds_category`.`delete_time` IS NULL LIMIT 910 [ RunTime:0.000258s ]
[2024-04-28 01:17:17][sql] CONNECT:[ UseTime:0.000351s ] mysql:host=127.0.0.1;port=3306;dbname=xinuocs_test;charset=utf8
[2024-04-28 01:17:17][sql] SHOW FULL COLUMNS FROM `ds_hezi` [ RunTime:0.006193s ]
[2024-04-28 01:17:17][sql] SELECT * FROM `ds_hezi` WHERE  `id` = 1328 LIMIT 1 [ RunTime:0.000319s ]
[2024-04-28 01:17:17][sql] SHOW FULL COLUMNS FROM `ds_tj` [ RunTime:0.001388s ]
[2024-04-28 01:17:17][sql] SELECT * FROM `ds_tj` WHERE  `ua` = 'f9d0d5e791b8251f7d7ae7bb100791f7' LIMIT 1 [ RunTime:0.000272s ]
[2024-04-28 01:17:17][sql] SHOW FULL COLUMNS FROM `ds_complain` [ RunTime:0.001280s ]
[2024-04-28 01:17:17][sql] SELECT * FROM `ds_complain` WHERE  `ip` = '171.83.59.81' [ RunTime:0.000254s ]
[2024-04-28 01:17:17][sql] SHOW FULL COLUMNS FROM `ds_system_config` [ RunTime:0.001226s ]
[2024-04-28 01:17:17][sql] SELECT `value` FROM `ds_system_config` WHERE  `group` = 'ff'  AND `name` = 'ff_pc' LIMIT 1 [ RunTime:0.000252s ]
[2024-04-28 01:17:17][sql] SHOW FULL COLUMNS FROM `ds_system_admin` [ RunTime:0.001343s ]
[2024-04-28 01:17:17][sql] SELECT * FROM `ds_system_admin` WHERE (  `id` = 184 ) AND `ds_system_admin`.`delete_time` IS NULL LIMIT 1 [ RunTime:0.000383s ]
[2024-04-28 01:17:17][sql] SELECT * FROM `ds_system_admin` WHERE (  `id` = 184 ) AND `ds_system_admin`.`delete_time` IS NULL LIMIT 1 [ RunTime:0.000330s ]
[2024-04-28 01:17:17][sql] SELECT * FROM `ds_hezi` WHERE  `id` = 1328 LIMIT 1 [ RunTime:0.004763s ]
[2024-04-28 01:17:17][sql] SHOW FULL COLUMNS FROM `ds_domain_rule` [ RunTime:0.001353s ]
[2024-04-28 01:17:17][sql] SELECT * FROM `ds_domain_rule` WHERE  `status` = 1  AND `uid` = 184  AND `type` = 2 LIMIT 1 [ RunTime:0.000270s ]
[2024-04-28 01:17:17][sql] SELECT * FROM `ds_domain_rule` WHERE  `status` = 1  AND `type` = 2  AND `uid` = 10086 LIMIT 1 [ RunTime:0.000238s ]
[2024-04-28 01:17:17][sql] SELECT `value` FROM `ds_system_config` WHERE  `group` = 'ff'  AND `name` = 'ff_fix' LIMIT 1 [ RunTime:0.000230s ]
[2024-04-28 01:17:18][sql] CONNECT:[ UseTime:0.009594s ] mysql:host=127.0.0.1;port=3306;dbname=xinuocs_test;charset=utf8
[2024-04-28 01:17:18][sql] SHOW FULL COLUMNS FROM `ds_hezi` [ RunTime:0.002075s ]
[2024-04-28 01:17:18][sql] SELECT * FROM `ds_hezi` WHERE  `id` = 1328 LIMIT 1 [ RunTime:0.000329s ]
[2024-04-28 01:17:18][sql] SHOW FULL COLUMNS FROM `ds_user_point` [ RunTime:0.001598s ]
[2024-04-28 01:17:18][sql] SELECT * FROM `ds_user_point` WHERE  `ua` = '02287cfc7405f1b703ff80b9dbe555f8' LIMIT 1 [ RunTime:0.051892s ]
[2024-04-28 01:17:19][sql] CONNECT:[ UseTime:0.008871s ] mysql:host=127.0.0.1;port=3306;dbname=xinuocs_test;charset=utf8
[2024-04-28 01:17:19][sql] SHOW FULL COLUMNS FROM `ds_category` [ RunTime:0.003011s ]
[2024-04-28 01:17:19][sql] SELECT `id`,`image`,ctitle as title FROM `ds_category` WHERE `ds_category`.`delete_time` IS NULL LIMIT 910 [ RunTime:0.000293s ]
[2024-04-28 05:40:32][sql] CONNECT:[ UseTime:0.010154s ] mysql:host=127.0.0.1;port=3306;dbname=xinuocs_test;charset=utf8
[2024-04-28 05:40:32][sql] SHOW FULL COLUMNS FROM `ds_hezi` [ RunTime:0.001514s ]
[2024-04-28 05:40:32][sql] SELECT * FROM `ds_hezi` WHERE  `id` = 1328 LIMIT 1 [ RunTime:0.000314s ]
[2024-04-28 05:40:32][sql] SHOW FULL COLUMNS FROM `ds_tj` [ RunTime:0.001232s ]
[2024-04-28 05:40:32][sql] SELECT * FROM `ds_tj` WHERE  `ua` = 'f9d0d5e791b8251f7d7ae7bb100791f7' LIMIT 1 [ RunTime:0.000245s ]
[2024-04-28 05:40:32][sql] SHOW FULL COLUMNS FROM `ds_complain` [ RunTime:0.005630s ]
[2024-04-28 05:40:32][sql] SELECT * FROM `ds_complain` WHERE  `ip` = '220.196.160.65' [ RunTime:0.000272s ]
[2024-04-28 05:40:32][sql] SHOW FULL COLUMNS FROM `ds_system_config` [ RunTime:0.005941s ]
[2024-04-28 05:40:32][sql] SELECT `value` FROM `ds_system_config` WHERE  `group` = 'ff'  AND `name` = 'ff_pc' LIMIT 1 [ RunTime:0.000279s ]
[2024-04-28 05:40:32][sql] SHOW FULL COLUMNS FROM `ds_system_admin` [ RunTime:0.001395s ]
[2024-04-28 05:40:32][sql] SELECT * FROM `ds_system_admin` WHERE (  `id` = 184 ) AND `ds_system_admin`.`delete_time` IS NULL LIMIT 1 [ RunTime:0.000446s ]
[2024-04-28 05:40:32][sql] SELECT * FROM `ds_system_admin` WHERE (  `id` = 184 ) AND `ds_system_admin`.`delete_time` IS NULL LIMIT 1 [ RunTime:0.000351s ]
[2024-04-28 05:40:32][sql] SELECT * FROM `ds_hezi` WHERE  `id` = 1328 LIMIT 1 [ RunTime:0.000443s ]
[2024-04-28 05:40:32][sql] SHOW FULL COLUMNS FROM `ds_domain_rule` [ RunTime:0.001277s ]
[2024-04-28 05:40:32][sql] SELECT * FROM `ds_domain_rule` WHERE  `status` = 1  AND `uid` = 184  AND `type` = 2 LIMIT 1 [ RunTime:0.000270s ]
[2024-04-28 05:40:32][sql] SELECT * FROM `ds_domain_rule` WHERE  `status` = 1  AND `type` = 2  AND `uid` = 10086 LIMIT 1 [ RunTime:0.000230s ]
[2024-04-28 05:40:32][sql] SELECT `value` FROM `ds_system_config` WHERE  `group` = 'ff'  AND `name` = 'ff_fix' LIMIT 1 [ RunTime:0.000227s ]
[2024-04-28 06:25:17][sql] CONNECT:[ UseTime:0.001413s ] mysql:host=127.0.0.1;port=3306;dbname=xinuocs_test;charset=utf8
[2024-04-28 06:25:17][sql] SHOW FULL COLUMNS FROM `ds_hezi` [ RunTime:0.001479s ]
[2024-04-28 06:25:17][sql] SELECT * FROM `ds_hezi` WHERE  `id` = 1328 LIMIT 1 [ RunTime:0.000302s ]
[2024-04-28 06:25:17][sql] SHOW FULL COLUMNS FROM `ds_tj` [ RunTime:0.001232s ]
[2024-04-28 06:25:17][sql] SELECT * FROM `ds_tj` WHERE  `ua` = 'f9d0d5e791b8251f7d7ae7bb100791f7' LIMIT 1 [ RunTime:0.000249s ]
[2024-04-28 06:25:17][sql] SHOW FULL COLUMNS FROM `ds_complain` [ RunTime:0.006509s ]
[2024-04-28 06:25:17][sql] SELECT * FROM `ds_complain` WHERE  `ip` = '220.196.160.95' [ RunTime:0.000277s ]
[2024-04-28 06:25:17][sql] SHOW FULL COLUMNS FROM `ds_system_config` [ RunTime:0.001230s ]
[2024-04-28 06:25:17][sql] SELECT `value` FROM `ds_system_config` WHERE  `group` = 'ff'  AND `name` = 'ff_pc' LIMIT 1 [ RunTime:0.000254s ]
[2024-04-28 06:25:17][sql] SHOW FULL COLUMNS FROM `ds_system_admin` [ RunTime:0.001325s ]
[2024-04-28 06:25:17][sql] SELECT * FROM `ds_system_admin` WHERE (  `id` = 184 ) AND `ds_system_admin`.`delete_time` IS NULL LIMIT 1 [ RunTime:0.004721s ]
[2024-04-28 06:25:17][sql] SELECT * FROM `ds_system_admin` WHERE (  `id` = 184 ) AND `ds_system_admin`.`delete_time` IS NULL LIMIT 1 [ RunTime:0.000333s ]
[2024-04-28 06:25:17][sql] SELECT * FROM `ds_hezi` WHERE  `id` = 1328 LIMIT 1 [ RunTime:0.000246s ]
[2024-04-28 06:25:17][sql] SHOW FULL COLUMNS FROM `ds_domain_rule` [ RunTime:0.001905s ]
[2024-04-28 06:25:17][sql] SELECT * FROM `ds_domain_rule` WHERE  `status` = 1  AND `uid` = 184  AND `type` = 2 LIMIT 1 [ RunTime:0.000264s ]
[2024-04-28 06:25:17][sql] SELECT * FROM `ds_domain_rule` WHERE  `status` = 1  AND `type` = 2  AND `uid` = 10086 LIMIT 1 [ RunTime:0.000245s ]
[2024-04-28 06:25:17][sql] SELECT `value` FROM `ds_system_config` WHERE  `group` = 'ff'  AND `name` = 'ff_fix' LIMIT 1 [ RunTime:0.000234s ]
[2024-04-28 06:25:17][sql] CONNECT:[ UseTime:0.008019s ] mysql:host=127.0.0.1;port=3306;dbname=xinuocs_test;charset=utf8
[2024-04-28 06:25:17][sql] SHOW FULL COLUMNS FROM `ds_hezi` [ RunTime:0.001681s ]
[2024-04-28 06:25:17][sql] SELECT * FROM `ds_hezi` WHERE  `id` = 1328 LIMIT 1 [ RunTime:0.005479s ]
[2024-04-28 06:25:17][sql] SHOW FULL COLUMNS FROM `ds_user_point` [ RunTime:0.001488s ]
[2024-04-28 06:25:17][sql] SELECT * FROM `ds_user_point` WHERE  `ua` = '28ca826d556e4729ad83eed6dda8a846' LIMIT 1 [ RunTime:0.052261s ]
[2024-04-28 06:25:17][sql] SHOW FULL COLUMNS FROM `ds_system_config` [ RunTime:0.001639s ]
[2024-04-28 06:25:17][sql] SELECT `value` FROM `ds_system_config` WHERE  `group` = 'short_video'  AND `name` = 'add_point' LIMIT 1 [ RunTime:0.000324s ]
[2024-04-28 06:25:17][sql] INSERT INTO `ds_user_point` SET `ua` = '28ca826d556e4729ad83eed6dda8a846' , `point` = 10 , `time` = '2024-04-28 06:25:17' [ RunTime:0.017604s ]
[2024-04-28 06:25:19][sql] CONNECT:[ UseTime:0.008602s ] mysql:host=127.0.0.1;port=3306;dbname=xinuocs_test;charset=utf8
[2024-04-28 06:25:19][sql] SHOW FULL COLUMNS FROM `ds_category` [ RunTime:0.001529s ]
[2024-04-28 06:25:19][sql] SELECT `id`,`image`,ctitle as title FROM `ds_category` WHERE `ds_category`.`delete_time` IS NULL LIMIT 910 [ RunTime:0.000279s ]
