[2024-04-26 19:52:41][sql] CONNECT:[ UseTime:0.000357s ] mysql:host=127.0.0.1;port=3306;dbname=xinuocs_test;charset=utf8
[2024-04-26 19:52:41][sql] SHOW FULL COLUMNS FROM `ds_hezi` [ RunTime:0.001604s ]
[2024-04-26 19:52:41][sql] SELECT * FROM `ds_hezi` WHERE  `id` = 1328 LIMIT 1 [ RunTime:0.000302s ]
[2024-04-26 19:52:41][sql] SHOW FULL COLUMNS FROM `ds_tj` [ RunTime:0.001263s ]
[2024-04-26 19:52:41][sql] SELECT * FROM `ds_tj` WHERE  `ua` = '46c55abe47b6ff39cca1493b1e9eb027' LIMIT 1 [ RunTime:0.000270s ]
[2024-04-26 19:52:41][sql] INSERT INTO `ds_tj` SET `uid` = 184 , `create_time` = 1714132361 , `ua` = '46c55abe47b6ff39cca1493b1e9eb027' [ RunTime:0.018884s ]
[2024-04-26 19:52:41][sql] SHOW FULL COLUMNS FROM `ds_complain` [ RunTime:0.002029s ]
[2024-04-26 19:52:41][sql] SELECT * FROM `ds_complain` WHERE  `ip` = '42.237.176.154' [ RunTime:0.000895s ]
[2024-04-26 19:52:41][sql] SHOW FULL COLUMNS FROM `ds_system_config` [ RunTime:0.001645s ]
[2024-04-26 19:52:41][sql] SELECT `value` FROM `ds_system_config` WHERE  `group` = 'ff'  AND `name` = 'ff_pc' LIMIT 1 [ RunTime:0.000321s ]
[2024-04-26 19:52:41][sql] SHOW FULL COLUMNS FROM `ds_system_admin` [ RunTime:0.001391s ]
[2024-04-26 19:52:41][sql] SELECT * FROM `ds_system_admin` WHERE (  `id` = 184 ) AND `ds_system_admin`.`delete_time` IS NULL LIMIT 1 [ RunTime:0.000420s ]
[2024-04-26 19:52:41][sql] SELECT * FROM `ds_system_admin` WHERE (  `id` = 184 ) AND `ds_system_admin`.`delete_time` IS NULL LIMIT 1 [ RunTime:0.000328s ]
[2024-04-26 19:52:41][sql] SELECT * FROM `ds_hezi` WHERE  `id` = 1328 LIMIT 1 [ RunTime:0.000245s ]
[2024-04-26 19:52:41][sql] SHOW FULL COLUMNS FROM `ds_domain_rule` [ RunTime:0.001234s ]
[2024-04-26 19:52:41][sql] SELECT * FROM `ds_domain_rule` WHERE  `status` = 1  AND `uid` = 184  AND `type` = 2 LIMIT 1 [ RunTime:0.000257s ]
[2024-04-26 19:52:41][sql] SELECT * FROM `ds_domain_rule` WHERE  `status` = 1  AND `type` = 2  AND `uid` = 10086 LIMIT 1 [ RunTime:0.000233s ]
[2024-04-26 19:52:41][sql] SELECT `value` FROM `ds_system_config` WHERE  `group` = 'ff'  AND `name` = 'ff_fix' LIMIT 1 [ RunTime:0.000219s ]
[2024-04-26 19:52:41][sql] CONNECT:[ UseTime:0.009232s ] mysql:host=127.0.0.1;port=3306;dbname=xinuocs_test;charset=utf8
[2024-04-26 19:52:41][sql] SHOW FULL COLUMNS FROM `ds_hezi` [ RunTime:0.001469s ]
[2024-04-26 19:52:41][sql] SELECT * FROM `ds_hezi` WHERE  `id` = 1328 LIMIT 1 [ RunTime:0.000306s ]
[2024-04-26 19:52:41][sql] SHOW FULL COLUMNS FROM `ds_user_point` [ RunTime:0.001213s ]
[2024-04-26 19:52:41][sql] SELECT * FROM `ds_user_point` WHERE  `ua` = '53078144bd3dafd2dda280004ebddc01' LIMIT 1 [ RunTime:0.046250s ]
[2024-04-26 19:52:41][sql] SHOW FULL COLUMNS FROM `ds_system_config` [ RunTime:0.012251s ]
[2024-04-26 19:52:41][sql] SELECT `value` FROM `ds_system_config` WHERE  `group` = 'short_video'  AND `name` = 'add_point' LIMIT 1 [ RunTime:0.000314s ]
[2024-04-26 19:52:41][sql] INSERT INTO `ds_user_point` SET `ua` = '53078144bd3dafd2dda280004ebddc01' , `point` = 10 , `time` = '2024-04-26 19:52:41' [ RunTime:0.021111s ]
[2024-04-26 19:52:42][sql] CONNECT:[ UseTime:0.005266s ] mysql:host=127.0.0.1;port=3306;dbname=xinuocs_test;charset=utf8
[2024-04-26 19:52:42][sql] SHOW FULL COLUMNS FROM `ds_category` [ RunTime:0.001373s ]
[2024-04-26 19:52:42][sql] SELECT `id`,`image`,ctitle as title FROM `ds_category` WHERE `ds_category`.`delete_time` IS NULL LIMIT 9 [ RunTime:0.000264s ]
[2024-04-26 19:52:46][error] [0]Call to undefined method Endroid\QrCode\QrCode::getContentType()[/www/wwwroot/xinuocs.testlike.cn/app/index/controller/Index.php:1011]
[2024-04-26 19:52:46][sql] CONNECT:[ UseTime:0.006244s ] mysql:host=127.0.0.1;port=3306;dbname=xinuocs_test;charset=utf8
[2024-04-26 19:52:46][sql] SHOW FULL COLUMNS FROM `ds_category` [ RunTime:0.001446s ]
[2024-04-26 19:52:46][sql] SELECT `id`,`image`,ctitle as title FROM `ds_category` WHERE `ds_category`.`delete_time` IS NULL LIMIT 100 [ RunTime:0.000280s ]
[2024-04-26 20:04:31][sql] CONNECT:[ UseTime:0.009506s ] mysql:host=127.0.0.1;port=3306;dbname=xinuocs_test;charset=utf8
[2024-04-26 20:04:31][sql] SHOW FULL COLUMNS FROM `ds_hezi` [ RunTime:0.001661s ]
[2024-04-26 20:04:31][sql] SELECT * FROM `ds_hezi` WHERE  `id` = 1328 LIMIT 1 [ RunTime:0.000323s ]
[2024-04-26 20:04:31][sql] SHOW FULL COLUMNS FROM `ds_tj` [ RunTime:0.001272s ]
[2024-04-26 20:04:31][sql] SELECT * FROM `ds_tj` WHERE  `ua` = '463d6226259c2b3a35b6f33f54e55f20' LIMIT 1 [ RunTime:0.000266s ]
[2024-04-26 20:04:31][sql] SHOW FULL COLUMNS FROM `ds_complain` [ RunTime:0.001276s ]
[2024-04-26 20:04:31][sql] SELECT * FROM `ds_complain` WHERE  `ip` = '60.165.229.11' [ RunTime:0.000264s ]
[2024-04-26 20:04:31][sql] SHOW FULL COLUMNS FROM `ds_system_config` [ RunTime:0.001277s ]
[2024-04-26 20:04:31][sql] SELECT `value` FROM `ds_system_config` WHERE  `group` = 'ff'  AND `name` = 'ff_pc' LIMIT 1 [ RunTime:0.000282s ]
[2024-04-26 20:04:31][sql] SHOW FULL COLUMNS FROM `ds_system_admin` [ RunTime:0.001435s ]
[2024-04-26 20:04:31][sql] SELECT * FROM `ds_system_admin` WHERE (  `id` = 184 ) AND `ds_system_admin`.`delete_time` IS NULL LIMIT 1 [ RunTime:0.005006s ]
[2024-04-26 20:04:31][sql] SELECT * FROM `ds_system_admin` WHERE (  `id` = 184 ) AND `ds_system_admin`.`delete_time` IS NULL LIMIT 1 [ RunTime:0.000410s ]
[2024-04-26 20:04:31][sql] SELECT * FROM `ds_hezi` WHERE  `id` = 1328 LIMIT 1 [ RunTime:0.000317s ]
[2024-04-26 20:04:31][sql] SHOW FULL COLUMNS FROM `ds_domain_rule` [ RunTime:0.001486s ]
[2024-04-26 20:04:31][sql] SELECT * FROM `ds_domain_rule` WHERE  `status` = 1  AND `uid` = 184  AND `type` = 2 LIMIT 1 [ RunTime:0.000309s ]
[2024-04-26 20:04:31][sql] SELECT * FROM `ds_domain_rule` WHERE  `status` = 1  AND `type` = 2  AND `uid` = 10086 LIMIT 1 [ RunTime:0.000236s ]
[2024-04-26 20:04:31][sql] SELECT `value` FROM `ds_system_config` WHERE  `group` = 'ff'  AND `name` = 'ff_fix' LIMIT 1 [ RunTime:0.005970s ]
[2024-04-26 20:04:31][sql] CONNECT:[ UseTime:0.001498s ] mysql:host=127.0.0.1;port=3306;dbname=xinuocs_test;charset=utf8
[2024-04-26 20:04:31][sql] SHOW FULL COLUMNS FROM `ds_hezi` [ RunTime:0.008393s ]
[2024-04-26 20:04:31][sql] SELECT * FROM `ds_hezi` WHERE  `id` = 1328 LIMIT 1 [ RunTime:0.000349s ]
[2024-04-26 20:04:31][sql] SHOW FULL COLUMNS FROM `ds_user_point` [ RunTime:0.002342s ]
[2024-04-26 20:04:31][sql] SELECT * FROM `ds_user_point` WHERE  `ua` = '180aead1a9e69865e658c6461001b372' LIMIT 1 [ RunTime:0.053644s ]
[2024-04-26 20:04:31][sql] SHOW FULL COLUMNS FROM `ds_system_config` [ RunTime:0.002274s ]
[2024-04-26 20:04:31][sql] SELECT `value` FROM `ds_system_config` WHERE  `group` = 'short_video'  AND `name` = 'add_point' LIMIT 1 [ RunTime:0.006193s ]
[2024-04-26 20:04:31][sql] INSERT INTO `ds_user_point` SET `ua` = '180aead1a9e69865e658c6461001b372' , `point` = 10 , `time` = '2024-04-26 20:04:31' [ RunTime:0.028975s ]
[2024-04-26 20:04:33][sql] CONNECT:[ UseTime:0.010835s ] mysql:host=127.0.0.1;port=3306;dbname=xinuocs_test;charset=utf8
[2024-04-26 20:04:33][sql] SHOW FULL COLUMNS FROM `ds_category` [ RunTime:0.002717s ]
[2024-04-26 20:04:33][sql] SELECT `id`,`image`,ctitle as title FROM `ds_category` WHERE `ds_category`.`delete_time` IS NULL LIMIT 9 [ RunTime:0.000335s ]
[2024-04-26 20:04:54][sql] CONNECT:[ UseTime:0.004908s ] mysql:host=127.0.0.1;port=3306;dbname=xinuocs_test;charset=utf8
[2024-04-26 20:04:54][sql] SHOW FULL COLUMNS FROM `ds_category` [ RunTime:0.001479s ]
[2024-04-26 20:04:54][sql] SELECT `id`,`image`,ctitle as title FROM `ds_category` WHERE `ds_category`.`delete_time` IS NULL LIMIT 9 [ RunTime:0.000268s ]
[2024-04-26 20:05:06][sql] CONNECT:[ UseTime:0.004392s ] mysql:host=127.0.0.1;port=3306;dbname=xinuocs_test;charset=utf8
[2024-04-26 20:05:06][sql] SHOW FULL COLUMNS FROM `ds_hezi` [ RunTime:0.002070s ]
[2024-04-26 20:05:06][sql] SELECT * FROM `ds_hezi` WHERE  `id` = 1328 LIMIT 1 [ RunTime:0.000330s ]
[2024-04-26 20:05:06][sql] SHOW FULL COLUMNS FROM `ds_tj` [ RunTime:0.001184s ]
[2024-04-26 20:05:06][sql] SELECT * FROM `ds_tj` WHERE  `ua` = '463d6226259c2b3a35b6f33f54e55f20' LIMIT 1 [ RunTime:0.000302s ]
[2024-04-26 20:05:06][sql] SHOW FULL COLUMNS FROM `ds_complain` [ RunTime:0.001187s ]
[2024-04-26 20:05:06][sql] SELECT * FROM `ds_complain` WHERE  `ip` = '60.165.229.11' [ RunTime:0.001450s ]
[2024-04-26 20:05:06][sql] SHOW FULL COLUMNS FROM `ds_system_config` [ RunTime:0.002898s ]
[2024-04-26 20:05:06][sql] SELECT `value` FROM `ds_system_config` WHERE  `group` = 'ff'  AND `name` = 'ff_pc' LIMIT 1 [ RunTime:0.000275s ]
[2024-04-26 20:05:06][sql] SHOW FULL COLUMNS FROM `ds_system_admin` [ RunTime:0.002276s ]
[2024-04-26 20:05:06][sql] SELECT * FROM `ds_system_admin` WHERE (  `id` = 184 ) AND `ds_system_admin`.`delete_time` IS NULL LIMIT 1 [ RunTime:0.000445s ]
[2024-04-26 20:05:06][sql] SELECT * FROM `ds_system_admin` WHERE (  `id` = 184 ) AND `ds_system_admin`.`delete_time` IS NULL LIMIT 1 [ RunTime:0.000349s ]
[2024-04-26 20:05:06][sql] SELECT * FROM `ds_hezi` WHERE  `id` = 1328 LIMIT 1 [ RunTime:0.000268s ]
[2024-04-26 20:05:06][sql] SHOW FULL COLUMNS FROM `ds_domain_rule` [ RunTime:0.002157s ]
[2024-04-26 20:05:06][sql] SELECT * FROM `ds_domain_rule` WHERE  `status` = 1  AND `uid` = 184  AND `type` = 2 LIMIT 1 [ RunTime:0.000275s ]
[2024-04-26 20:05:06][sql] SELECT * FROM `ds_domain_rule` WHERE  `status` = 1  AND `type` = 2  AND `uid` = 10086 LIMIT 1 [ RunTime:0.000243s ]
[2024-04-26 20:05:06][sql] SELECT `value` FROM `ds_system_config` WHERE  `group` = 'ff'  AND `name` = 'ff_fix' LIMIT 1 [ RunTime:0.000241s ]
[2024-04-26 20:05:06][sql] CONNECT:[ UseTime:0.000750s ] mysql:host=127.0.0.1;port=3306;dbname=xinuocs_test;charset=utf8
[2024-04-26 20:05:06][sql] SHOW FULL COLUMNS FROM `ds_hezi` [ RunTime:0.006121s ]
[2024-04-26 20:05:06][sql] SELECT * FROM `ds_hezi` WHERE  `id` = 1328 LIMIT 1 [ RunTime:0.000336s ]
[2024-04-26 20:05:06][sql] SHOW FULL COLUMNS FROM `ds_user_point` [ RunTime:0.001352s ]
[2024-04-26 20:05:06][sql] SELECT * FROM `ds_user_point` WHERE  `ua` = '180aead1a9e69865e658c6461001b372' LIMIT 1 [ RunTime:0.046130s ]
[2024-04-26 20:05:07][sql] CONNECT:[ UseTime:0.010470s ] mysql:host=127.0.0.1;port=3306;dbname=xinuocs_test;charset=utf8
[2024-04-26 20:05:07][sql] SHOW FULL COLUMNS FROM `ds_category` [ RunTime:0.001528s ]
[2024-04-26 20:05:07][sql] SELECT `id`,`image`,ctitle as title FROM `ds_category` WHERE `ds_category`.`delete_time` IS NULL LIMIT 9 [ RunTime:0.000253s ]
[2024-04-26 20:05:11][error] [0]Call to undefined method Endroid\QrCode\QrCode::getContentType()[/www/wwwroot/xinuocs.testlike.cn/app/index/controller/Index.php:1011]
[2024-04-26 20:05:11][sql] CONNECT:[ UseTime:0.002917s ] mysql:host=127.0.0.1;port=3306;dbname=xinuocs_test;charset=utf8
[2024-04-26 20:05:11][sql] SHOW FULL COLUMNS FROM `ds_category` [ RunTime:0.006003s ]
[2024-04-26 20:05:11][sql] SELECT `id`,`image`,ctitle as title FROM `ds_category` WHERE `ds_category`.`delete_time` IS NULL LIMIT 100 [ RunTime:0.000267s ]
[2024-04-26 20:05:51][sql] CONNECT:[ UseTime:0.004805s ] mysql:host=127.0.0.1;port=3306;dbname=xinuocs_test;charset=utf8
[2024-04-26 20:05:51][sql] SHOW FULL COLUMNS FROM `ds_hezi` [ RunTime:0.006667s ]
[2024-04-26 20:05:51][sql] SELECT * FROM `ds_hezi` WHERE  `id` = 1328 LIMIT 1 [ RunTime:0.000373s ]
[2024-04-26 20:05:51][sql] SHOW FULL COLUMNS FROM `ds_tj` [ RunTime:0.001743s ]
[2024-04-26 20:05:51][sql] SELECT * FROM `ds_tj` WHERE  `ua` = '504566ff2a4c2d5e1bf316727f8d2cb9' LIMIT 1 [ RunTime:0.000279s ]
[2024-04-26 20:05:51][sql] INSERT INTO `ds_tj` SET `uid` = 184 , `create_time` = 1714133151 , `ua` = '504566ff2a4c2d5e1bf316727f8d2cb9' [ RunTime:0.013579s ]
[2024-04-26 20:05:51][sql] SHOW FULL COLUMNS FROM `ds_complain` [ RunTime:0.001782s ]
[2024-04-26 20:05:51][sql] SELECT * FROM `ds_complain` WHERE  `ip` = '42.237.176.154' [ RunTime:0.000274s ]
[2024-04-26 20:05:51][sql] SHOW FULL COLUMNS FROM `ds_system_config` [ RunTime:0.001247s ]
[2024-04-26 20:05:51][sql] SELECT `value` FROM `ds_system_config` WHERE  `group` = 'ff'  AND `name` = 'ff_pc' LIMIT 1 [ RunTime:0.000256s ]
[2024-04-26 20:05:51][sql] SHOW FULL COLUMNS FROM `ds_system_admin` [ RunTime:0.001333s ]
[2024-04-26 20:05:51][sql] SELECT * FROM `ds_system_admin` WHERE (  `id` = 184 ) AND `ds_system_admin`.`delete_time` IS NULL LIMIT 1 [ RunTime:0.000407s ]
[2024-04-26 20:05:51][sql] SELECT * FROM `ds_system_admin` WHERE (  `id` = 184 ) AND `ds_system_admin`.`delete_time` IS NULL LIMIT 1 [ RunTime:0.000361s ]
[2024-04-26 20:05:51][sql] SELECT * FROM `ds_hezi` WHERE  `id` = 1328 LIMIT 1 [ RunTime:0.000270s ]
[2024-04-26 20:05:51][sql] SHOW FULL COLUMNS FROM `ds_domain_rule` [ RunTime:0.001220s ]
[2024-04-26 20:05:51][sql] SELECT * FROM `ds_domain_rule` WHERE  `status` = 1  AND `uid` = 184  AND `type` = 2 LIMIT 1 [ RunTime:0.000271s ]
[2024-04-26 20:05:51][sql] SELECT * FROM `ds_domain_rule` WHERE  `status` = 1  AND `type` = 2  AND `uid` = 10086 LIMIT 1 [ RunTime:0.000232s ]
[2024-04-26 20:05:51][sql] SELECT `value` FROM `ds_system_config` WHERE  `group` = 'ff'  AND `name` = 'ff_fix' LIMIT 1 [ RunTime:0.000223s ]
[2024-04-26 20:05:51][sql] CONNECT:[ UseTime:0.006597s ] mysql:host=127.0.0.1;port=3306;dbname=xinuocs_test;charset=utf8
[2024-04-26 20:05:51][sql] SHOW FULL COLUMNS FROM `ds_hezi` [ RunTime:0.001693s ]
[2024-04-26 20:05:51][sql] SELECT * FROM `ds_hezi` WHERE  `id` = 1328 LIMIT 1 [ RunTime:0.004468s ]
[2024-04-26 20:05:51][sql] SHOW FULL COLUMNS FROM `ds_user_point` [ RunTime:0.001341s ]
[2024-04-26 20:05:51][sql] SELECT * FROM `ds_user_point` WHERE  `ua` = '2d3de6a7dcf45718ff38e25968332359' LIMIT 1 [ RunTime:0.047676s ]
[2024-04-26 20:05:51][sql] SHOW FULL COLUMNS FROM `ds_system_config` [ RunTime:0.010168s ]
[2024-04-26 20:05:51][sql] SELECT `value` FROM `ds_system_config` WHERE  `group` = 'short_video'  AND `name` = 'add_point' LIMIT 1 [ RunTime:0.000304s ]
[2024-04-26 20:05:51][sql] INSERT INTO `ds_user_point` SET `ua` = '2d3de6a7dcf45718ff38e25968332359' , `point` = 10 , `time` = '2024-04-26 20:05:51' [ RunTime:0.017067s ]
[2024-04-26 20:05:52][sql] CONNECT:[ UseTime:0.015847s ] mysql:host=127.0.0.1;port=3306;dbname=xinuocs_test;charset=utf8
[2024-04-26 20:05:52][sql] SHOW FULL COLUMNS FROM `ds_category` [ RunTime:0.001480s ]
[2024-04-26 20:05:52][sql] SELECT `id`,`image`,ctitle as title FROM `ds_category` WHERE `ds_category`.`delete_time` IS NULL LIMIT 9 [ RunTime:0.000278s ]
[2024-04-26 20:05:56][sql] CONNECT:[ UseTime:0.000349s ] mysql:host=127.0.0.1;port=3306;dbname=xinuocs_test;charset=utf8
[2024-04-26 20:05:56][sql] SHOW FULL COLUMNS FROM `ds_category` [ RunTime:0.002475s ]
[2024-04-26 20:05:56][sql] SELECT `id`,`image`,ctitle as title FROM `ds_category` WHERE `ds_category`.`delete_time` IS NULL LIMIT 100 [ RunTime:0.000271s ]
[2024-04-26 20:05:56][error] [0]Call to undefined method Endroid\QrCode\QrCode::getContentType()[/www/wwwroot/xinuocs.testlike.cn/app/index/controller/Index.php:1011]
[2024-04-26 20:06:02][sql] CONNECT:[ UseTime:0.001194s ] mysql:host=127.0.0.1;port=3306;dbname=xinuocs_test;charset=utf8
[2024-04-26 20:06:02][sql] SHOW FULL COLUMNS FROM `ds_hezi` [ RunTime:0.001811s ]
[2024-04-26 20:06:02][sql] SELECT * FROM `ds_hezi` WHERE  `id` = 1328 LIMIT 1 [ RunTime:0.000297s ]
[2024-04-26 20:06:02][sql] SHOW FULL COLUMNS FROM `ds_tj` [ RunTime:0.001218s ]
[2024-04-26 20:06:02][sql] SELECT * FROM `ds_tj` WHERE  `ua` = '504566ff2a4c2d5e1bf316727f8d2cb9' LIMIT 1 [ RunTime:0.000248s ]
[2024-04-26 20:06:02][sql] SHOW FULL COLUMNS FROM `ds_complain` [ RunTime:0.001355s ]
[2024-04-26 20:06:02][sql] SELECT * FROM `ds_complain` WHERE  `ip` = '42.237.176.154' [ RunTime:0.000262s ]
[2024-04-26 20:06:02][sql] SHOW FULL COLUMNS FROM `ds_system_config` [ RunTime:0.001247s ]
[2024-04-26 20:06:02][sql] SELECT `value` FROM `ds_system_config` WHERE  `group` = 'ff'  AND `name` = 'ff_pc' LIMIT 1 [ RunTime:0.000242s ]
[2024-04-26 20:06:02][sql] SHOW FULL COLUMNS FROM `ds_system_admin` [ RunTime:0.001415s ]
[2024-04-26 20:06:02][sql] SELECT * FROM `ds_system_admin` WHERE (  `id` = 184 ) AND `ds_system_admin`.`delete_time` IS NULL LIMIT 1 [ RunTime:0.000374s ]
[2024-04-26 20:06:02][sql] SELECT * FROM `ds_system_admin` WHERE (  `id` = 184 ) AND `ds_system_admin`.`delete_time` IS NULL LIMIT 1 [ RunTime:0.009086s ]
[2024-04-26 20:06:02][sql] SELECT * FROM `ds_hezi` WHERE  `id` = 1328 LIMIT 1 [ RunTime:0.000399s ]
[2024-04-26 20:06:02][sql] SHOW FULL COLUMNS FROM `ds_domain_rule` [ RunTime:0.001829s ]
[2024-04-26 20:06:02][sql] SELECT * FROM `ds_domain_rule` WHERE  `status` = 1  AND `uid` = 184  AND `type` = 2 LIMIT 1 [ RunTime:0.000289s ]
[2024-04-26 20:06:02][sql] SELECT * FROM `ds_domain_rule` WHERE  `status` = 1  AND `type` = 2  AND `uid` = 10086 LIMIT 1 [ RunTime:0.000237s ]
[2024-04-26 20:06:02][sql] SELECT `value` FROM `ds_system_config` WHERE  `group` = 'ff'  AND `name` = 'ff_fix' LIMIT 1 [ RunTime:0.000225s ]
[2024-04-26 20:06:02][sql] CONNECT:[ UseTime:0.004849s ] mysql:host=127.0.0.1;port=3306;dbname=xinuocs_test;charset=utf8
[2024-04-26 20:06:02][sql] SHOW FULL COLUMNS FROM `ds_hezi` [ RunTime:0.001695s ]
[2024-04-26 20:06:02][sql] SELECT * FROM `ds_hezi` WHERE  `id` = 1328 LIMIT 1 [ RunTime:0.000326s ]
[2024-04-26 20:06:02][sql] SHOW FULL COLUMNS FROM `ds_user_point` [ RunTime:0.001386s ]
[2024-04-26 20:06:02][sql] SELECT * FROM `ds_user_point` WHERE  `ua` = '2d3de6a7dcf45718ff38e25968332359' LIMIT 1 [ RunTime:0.057179s ]
[2024-04-26 20:06:03][sql] CONNECT:[ UseTime:0.004751s ] mysql:host=127.0.0.1;port=3306;dbname=xinuocs_test;charset=utf8
[2024-04-26 20:06:03][sql] SHOW FULL COLUMNS FROM `ds_category` [ RunTime:0.001452s ]
[2024-04-26 20:06:03][sql] SELECT `id`,`image`,ctitle as title FROM `ds_category` WHERE `ds_category`.`delete_time` IS NULL LIMIT 9 [ RunTime:0.000264s ]
[2024-04-26 20:06:04][sql] CONNECT:[ UseTime:0.004947s ] mysql:host=127.0.0.1;port=3306;dbname=xinuocs_test;charset=utf8
[2024-04-26 20:06:04][sql] SHOW FULL COLUMNS FROM `ds_user_point` [ RunTime:0.002003s ]
[2024-04-26 20:06:04][sql] SELECT * FROM `ds_user_point` WHERE  `ua` = '2d3de6a7dcf45718ff38e25968332359' LIMIT 1 [ RunTime:0.050378s ]
[2024-04-26 20:06:09][sql] CONNECT:[ UseTime:0.004572s ] mysql:host=127.0.0.1;port=3306;dbname=xinuocs_test;charset=utf8
[2024-04-26 20:06:09][sql] SHOW FULL COLUMNS FROM `ds_hezi` [ RunTime:0.001743s ]
[2024-04-26 20:06:09][sql] SELECT * FROM `ds_hezi` WHERE  `id` = 1328 LIMIT 1 [ RunTime:0.000376s ]
[2024-04-26 20:06:09][sql] SHOW FULL COLUMNS FROM `ds_tj` [ RunTime:0.001257s ]
[2024-04-26 20:06:09][sql] SELECT * FROM `ds_tj` WHERE  `ua` = '463d6226259c2b3a35b6f33f54e55f20' LIMIT 1 [ RunTime:0.000268s ]
[2024-04-26 20:06:09][sql] SHOW FULL COLUMNS FROM `ds_complain` [ RunTime:0.001269s ]
[2024-04-26 20:06:09][sql] SELECT * FROM `ds_complain` WHERE  `ip` = '60.165.229.11' [ RunTime:0.000255s ]
[2024-04-26 20:06:09][sql] SHOW FULL COLUMNS FROM `ds_system_config` [ RunTime:0.005992s ]
[2024-04-26 20:06:09][sql] SELECT `value` FROM `ds_system_config` WHERE  `group` = 'ff'  AND `name` = 'ff_pc' LIMIT 1 [ RunTime:0.000291s ]
[2024-04-26 20:06:09][sql] SHOW FULL COLUMNS FROM `ds_system_admin` [ RunTime:0.001489s ]
[2024-04-26 20:06:09][sql] SELECT * FROM `ds_system_admin` WHERE (  `id` = 184 ) AND `ds_system_admin`.`delete_time` IS NULL LIMIT 1 [ RunTime:0.000461s ]
[2024-04-26 20:06:09][sql] SELECT * FROM `ds_system_admin` WHERE (  `id` = 184 ) AND `ds_system_admin`.`delete_time` IS NULL LIMIT 1 [ RunTime:0.000363s ]
[2024-04-26 20:06:09][sql] SELECT * FROM `ds_hezi` WHERE  `id` = 1328 LIMIT 1 [ RunTime:0.000273s ]
[2024-04-26 20:06:09][sql] SHOW FULL COLUMNS FROM `ds_domain_rule` [ RunTime:0.001269s ]
[2024-04-26 20:06:09][sql] SELECT * FROM `ds_domain_rule` WHERE  `status` = 1  AND `uid` = 184  AND `type` = 2 LIMIT 1 [ RunTime:0.000308s ]
[2024-04-26 20:06:09][sql] SELECT * FROM `ds_domain_rule` WHERE  `status` = 1  AND `type` = 2  AND `uid` = 10086 LIMIT 1 [ RunTime:0.000248s ]
[2024-04-26 20:06:09][sql] SELECT `value` FROM `ds_system_config` WHERE  `group` = 'ff'  AND `name` = 'ff_fix' LIMIT 1 [ RunTime:0.000252s ]
[2024-04-26 20:06:09][sql] CONNECT:[ UseTime:0.003993s ] mysql:host=127.0.0.1;port=3306;dbname=xinuocs_test;charset=utf8
[2024-04-26 20:06:09][sql] SHOW FULL COLUMNS FROM `ds_hezi` [ RunTime:0.006260s ]
[2024-04-26 20:06:09][sql] SELECT * FROM `ds_hezi` WHERE  `id` = 1328 LIMIT 1 [ RunTime:0.000327s ]
[2024-04-26 20:06:09][sql] SHOW FULL COLUMNS FROM `ds_user_point` [ RunTime:0.006482s ]
[2024-04-26 20:06:09][sql] SELECT * FROM `ds_user_point` WHERE  `ua` = '180aead1a9e69865e658c6461001b372' LIMIT 1 [ RunTime:0.040448s ]
[2024-04-26 20:06:10][sql] CONNECT:[ UseTime:0.004387s ] mysql:host=127.0.0.1;port=3306;dbname=xinuocs_test;charset=utf8
[2024-04-26 20:06:10][sql] SHOW FULL COLUMNS FROM `ds_category` [ RunTime:0.002652s ]
[2024-04-26 20:06:10][sql] SELECT `id`,`image`,ctitle as title FROM `ds_category` WHERE `ds_category`.`delete_time` IS NULL LIMIT 9 [ RunTime:0.000340s ]
[2024-04-26 20:06:23][error] [0]Call to undefined method Endroid\QrCode\QrCode::getContentType()[/www/wwwroot/xinuocs.testlike.cn/app/index/controller/Index.php:1011]
[2024-04-26 20:06:23][sql] CONNECT:[ UseTime:0.009538s ] mysql:host=127.0.0.1;port=3306;dbname=xinuocs_test;charset=utf8
[2024-04-26 20:06:23][sql] SHOW FULL COLUMNS FROM `ds_category` [ RunTime:0.002013s ]
[2024-04-26 20:06:23][sql] SELECT `id`,`image`,ctitle as title FROM `ds_category` WHERE `ds_category`.`delete_time` IS NULL LIMIT 100 [ RunTime:0.000272s ]
[2024-04-26 20:07:11][sql] CONNECT:[ UseTime:0.000808s ] mysql:host=127.0.0.1;port=3306;dbname=xinuocs_test;charset=utf8
[2024-04-26 20:07:11][sql] SHOW FULL COLUMNS FROM `ds_hezi` [ RunTime:0.001551s ]
[2024-04-26 20:07:11][sql] SELECT * FROM `ds_hezi` WHERE  `id` = 1328 LIMIT 1 [ RunTime:0.000302s ]
[2024-04-26 20:07:11][sql] SHOW FULL COLUMNS FROM `ds_tj` [ RunTime:0.001245s ]
[2024-04-26 20:07:11][sql] SELECT * FROM `ds_tj` WHERE  `ua` = '504566ff2a4c2d5e1bf316727f8d2cb9' LIMIT 1 [ RunTime:0.000279s ]
[2024-04-26 20:07:11][sql] SHOW FULL COLUMNS FROM `ds_complain` [ RunTime:0.010442s ]
[2024-04-26 20:07:11][sql] SELECT * FROM `ds_complain` WHERE  `ip` = '42.237.176.154' [ RunTime:0.000345s ]
[2024-04-26 20:07:11][sql] SHOW FULL COLUMNS FROM `ds_system_config` [ RunTime:0.001404s ]
[2024-04-26 20:07:11][sql] SELECT `value` FROM `ds_system_config` WHERE  `group` = 'ff'  AND `name` = 'ff_pc' LIMIT 1 [ RunTime:0.000304s ]
[2024-04-26 20:07:11][sql] SHOW FULL COLUMNS FROM `ds_system_admin` [ RunTime:0.001440s ]
[2024-04-26 20:07:11][sql] SELECT * FROM `ds_system_admin` WHERE (  `id` = 184 ) AND `ds_system_admin`.`delete_time` IS NULL LIMIT 1 [ RunTime:0.000399s ]
[2024-04-26 20:07:11][sql] SELECT * FROM `ds_system_admin` WHERE (  `id` = 184 ) AND `ds_system_admin`.`delete_time` IS NULL LIMIT 1 [ RunTime:0.000323s ]
[2024-04-26 20:07:11][sql] SELECT * FROM `ds_hezi` WHERE  `id` = 1328 LIMIT 1 [ RunTime:0.000272s ]
[2024-04-26 20:07:11][sql] SHOW FULL COLUMNS FROM `ds_domain_rule` [ RunTime:0.001254s ]
[2024-04-26 20:07:11][sql] SELECT * FROM `ds_domain_rule` WHERE  `status` = 1  AND `uid` = 184  AND `type` = 2 LIMIT 1 [ RunTime:0.000254s ]
[2024-04-26 20:07:11][sql] SELECT * FROM `ds_domain_rule` WHERE  `status` = 1  AND `type` = 2  AND `uid` = 10086 LIMIT 1 [ RunTime:0.000233s ]
[2024-04-26 20:07:11][sql] SELECT `value` FROM `ds_system_config` WHERE  `group` = 'ff'  AND `name` = 'ff_fix' LIMIT 1 [ RunTime:0.004833s ]
[2024-04-26 20:07:12][sql] CONNECT:[ UseTime:0.010314s ] mysql:host=127.0.0.1;port=3306;dbname=xinuocs_test;charset=utf8
[2024-04-26 20:07:12][sql] SHOW FULL COLUMNS FROM `ds_hezi` [ RunTime:0.001975s ]
[2024-04-26 20:07:12][sql] SELECT * FROM `ds_hezi` WHERE  `id` = 1328 LIMIT 1 [ RunTime:0.000308s ]
[2024-04-26 20:07:12][sql] SHOW FULL COLUMNS FROM `ds_user_point` [ RunTime:0.001905s ]
[2024-04-26 20:07:12][sql] SELECT * FROM `ds_user_point` WHERE  `ua` = '2d3de6a7dcf45718ff38e25968332359' LIMIT 1 [ RunTime:0.051416s ]
[2024-04-26 20:07:12][sql] CONNECT:[ UseTime:0.007451s ] mysql:host=127.0.0.1;port=3306;dbname=xinuocs_test;charset=utf8
[2024-04-26 20:07:12][sql] SHOW FULL COLUMNS FROM `ds_category` [ RunTime:0.001473s ]
[2024-04-26 20:07:12][sql] SELECT `id`,`image`,ctitle as title FROM `ds_category` WHERE `ds_category`.`delete_time` IS NULL LIMIT 9 [ RunTime:0.000790s ]
[2024-04-26 20:07:26][sql] CONNECT:[ UseTime:0.009683s ] mysql:host=127.0.0.1;port=3306;dbname=xinuocs_test;charset=utf8
[2024-04-26 20:07:26][sql] SHOW FULL COLUMNS FROM `ds_category` [ RunTime:0.001466s ]
[2024-04-26 20:07:26][sql] SELECT `id`,`image`,ctitle as title FROM `ds_category` WHERE `ds_category`.`delete_time` IS NULL LIMIT 9 [ RunTime:0.000265s ]
[2024-04-26 20:07:28][sql] CONNECT:[ UseTime:0.013414s ] mysql:host=127.0.0.1;port=3306;dbname=xinuocs_test;charset=utf8
[2024-04-26 20:07:28][sql] SHOW FULL COLUMNS FROM `ds_hezi` [ RunTime:0.001549s ]
[2024-04-26 20:07:28][sql] SELECT * FROM `ds_hezi` WHERE  `id` = 1328 LIMIT 1 [ RunTime:0.000304s ]
[2024-04-26 20:07:28][sql] SHOW FULL COLUMNS FROM `ds_tj` [ RunTime:0.001275s ]
[2024-04-26 20:07:28][sql] SELECT * FROM `ds_tj` WHERE  `ua` = '504566ff2a4c2d5e1bf316727f8d2cb9' LIMIT 1 [ RunTime:0.000244s ]
[2024-04-26 20:07:28][sql] SHOW FULL COLUMNS FROM `ds_complain` [ RunTime:0.001239s ]
[2024-04-26 20:07:28][sql] SELECT * FROM `ds_complain` WHERE  `ip` = '42.237.176.154' [ RunTime:0.000236s ]
[2024-04-26 20:07:28][sql] SHOW FULL COLUMNS FROM `ds_system_config` [ RunTime:0.001323s ]
[2024-04-26 20:07:28][sql] SELECT `value` FROM `ds_system_config` WHERE  `group` = 'ff'  AND `name` = 'ff_pc' LIMIT 1 [ RunTime:0.000253s ]
[2024-04-26 20:07:28][sql] SHOW FULL COLUMNS FROM `ds_system_admin` [ RunTime:0.001403s ]
[2024-04-26 20:07:28][sql] SELECT * FROM `ds_system_admin` WHERE (  `id` = 184 ) AND `ds_system_admin`.`delete_time` IS NULL LIMIT 1 [ RunTime:0.000396s ]
[2024-04-26 20:07:28][sql] SELECT * FROM `ds_system_admin` WHERE (  `id` = 184 ) AND `ds_system_admin`.`delete_time` IS NULL LIMIT 1 [ RunTime:0.000324s ]
[2024-04-26 20:07:28][sql] SELECT * FROM `ds_hezi` WHERE  `id` = 1328 LIMIT 1 [ RunTime:0.000302s ]
[2024-04-26 20:07:28][sql] SHOW FULL COLUMNS FROM `ds_domain_rule` [ RunTime:0.001237s ]
[2024-04-26 20:07:28][sql] SELECT * FROM `ds_domain_rule` WHERE  `status` = 1  AND `uid` = 184  AND `type` = 2 LIMIT 1 [ RunTime:0.000248s ]
[2024-04-26 20:07:28][sql] SELECT * FROM `ds_domain_rule` WHERE  `status` = 1  AND `type` = 2  AND `uid` = 10086 LIMIT 1 [ RunTime:0.009862s ]
[2024-04-26 20:07:28][sql] SELECT `value` FROM `ds_system_config` WHERE  `group` = 'ff'  AND `name` = 'ff_fix' LIMIT 1 [ RunTime:0.000395s ]
[2024-04-26 20:07:28][sql] CONNECT:[ UseTime:0.005449s ] mysql:host=127.0.0.1;port=3306;dbname=xinuocs_test;charset=utf8
[2024-04-26 20:07:28][sql] SHOW FULL COLUMNS FROM `ds_hezi` [ RunTime:0.001673s ]
[2024-04-26 20:07:28][sql] SELECT * FROM `ds_hezi` WHERE  `id` = 1328 LIMIT 1 [ RunTime:0.000354s ]
[2024-04-26 20:07:28][sql] SHOW FULL COLUMNS FROM `ds_user_point` [ RunTime:0.001494s ]
[2024-04-26 20:07:28][sql] SELECT * FROM `ds_user_point` WHERE  `ua` = '2d3de6a7dcf45718ff38e25968332359' LIMIT 1 [ RunTime:0.062751s ]
[2024-04-26 20:07:28][sql] CONNECT:[ UseTime:0.006984s ] mysql:host=127.0.0.1;port=3306;dbname=xinuocs_test;charset=utf8
[2024-04-26 20:07:28][sql] SHOW FULL COLUMNS FROM `ds_category` [ RunTime:0.002082s ]
[2024-04-26 20:07:28][sql] SELECT `id`,`image`,ctitle as title FROM `ds_category` WHERE `ds_category`.`delete_time` IS NULL LIMIT 910 [ RunTime:0.000331s ]
[2024-04-26 20:07:33][sql] CONNECT:[ UseTime:0.003834s ] mysql:host=127.0.0.1;port=3306;dbname=xinuocs_test;charset=utf8
[2024-04-26 20:07:33][sql] SHOW FULL COLUMNS FROM `ds_hezi` [ RunTime:0.002307s ]
[2024-04-26 20:07:33][sql] SELECT * FROM `ds_hezi` WHERE  `id` = 1328 LIMIT 1 [ RunTime:0.000338s ]
[2024-04-26 20:07:33][sql] SHOW FULL COLUMNS FROM `ds_tj` [ RunTime:0.002910s ]
[2024-04-26 20:07:33][sql] SELECT * FROM `ds_tj` WHERE  `ua` = '463d6226259c2b3a35b6f33f54e55f20' LIMIT 1 [ RunTime:0.000292s ]
[2024-04-26 20:07:33][sql] SHOW FULL COLUMNS FROM `ds_complain` [ RunTime:0.001490s ]
[2024-04-26 20:07:33][sql] SELECT * FROM `ds_complain` WHERE  `ip` = '60.165.229.11' [ RunTime:0.000273s ]
[2024-04-26 20:07:33][sql] SHOW FULL COLUMNS FROM `ds_system_config` [ RunTime:0.006230s ]
[2024-04-26 20:07:33][sql] SELECT `value` FROM `ds_system_config` WHERE  `group` = 'ff'  AND `name` = 'ff_pc' LIMIT 1 [ RunTime:0.000361s ]
[2024-04-26 20:07:33][sql] SHOW FULL COLUMNS FROM `ds_system_admin` [ RunTime:0.001817s ]
[2024-04-26 20:07:33][sql] SELECT * FROM `ds_system_admin` WHERE (  `id` = 184 ) AND `ds_system_admin`.`delete_time` IS NULL LIMIT 1 [ RunTime:0.000429s ]
[2024-04-26 20:07:33][sql] SELECT * FROM `ds_system_admin` WHERE (  `id` = 184 ) AND `ds_system_admin`.`delete_time` IS NULL LIMIT 1 [ RunTime:0.000334s ]
[2024-04-26 20:07:33][sql] SELECT * FROM `ds_hezi` WHERE  `id` = 1328 LIMIT 1 [ RunTime:0.000258s ]
[2024-04-26 20:07:33][sql] SHOW FULL COLUMNS FROM `ds_domain_rule` [ RunTime:0.001363s ]
[2024-04-26 20:07:33][sql] SELECT * FROM `ds_domain_rule` WHERE  `status` = 1  AND `uid` = 184  AND `type` = 2 LIMIT 1 [ RunTime:0.000271s ]
[2024-04-26 20:07:33][sql] SELECT * FROM `ds_domain_rule` WHERE  `status` = 1  AND `type` = 2  AND `uid` = 10086 LIMIT 1 [ RunTime:0.000254s ]
[2024-04-26 20:07:33][sql] SELECT `value` FROM `ds_system_config` WHERE  `group` = 'ff'  AND `name` = 'ff_fix' LIMIT 1 [ RunTime:0.000263s ]
[2024-04-26 20:07:33][sql] CONNECT:[ UseTime:0.007595s ] mysql:host=127.0.0.1;port=3306;dbname=xinuocs_test;charset=utf8
[2024-04-26 20:07:33][sql] SHOW FULL COLUMNS FROM `ds_hezi` [ RunTime:0.007451s ]
[2024-04-26 20:07:33][sql] SELECT * FROM `ds_hezi` WHERE  `id` = 1328 LIMIT 1 [ RunTime:0.000349s ]
[2024-04-26 20:07:33][sql] SHOW FULL COLUMNS FROM `ds_user_point` [ RunTime:0.001689s ]
[2024-04-26 20:07:33][sql] SELECT * FROM `ds_user_point` WHERE  `ua` = '180aead1a9e69865e658c6461001b372' LIMIT 1 [ RunTime:0.040170s ]
[2024-04-26 20:07:34][sql] CONNECT:[ UseTime:0.051935s ] mysql:host=127.0.0.1;port=3306;dbname=xinuocs_test;charset=utf8
[2024-04-26 20:07:34][sql] SHOW FULL COLUMNS FROM `ds_category` [ RunTime:0.012587s ]
[2024-04-26 20:07:34][sql] SELECT `id`,`image`,ctitle as title FROM `ds_category` WHERE `ds_category`.`delete_time` IS NULL LIMIT 910 [ RunTime:0.000284s ]
[2024-04-26 22:16:52][sql] CONNECT:[ UseTime:0.021180s ] mysql:host=127.0.0.1;port=3306;dbname=xinuocs_test;charset=utf8
[2024-04-26 22:16:52][sql] SHOW FULL COLUMNS FROM `ds_hezi` [ RunTime:0.002831s ]
[2024-04-26 22:16:52][sql] SELECT * FROM `ds_hezi` WHERE  `id` = 1328 LIMIT 1 [ RunTime:0.000303s ]
[2024-04-26 22:16:52][sql] SHOW FULL COLUMNS FROM `ds_tj` [ RunTime:0.001244s ]
[2024-04-26 22:16:52][sql] SELECT * FROM `ds_tj` WHERE  `ua` = '8ad116e9a2261bdbbfbe184255101c12' LIMIT 1 [ RunTime:0.000261s ]
[2024-04-26 22:16:52][sql] INSERT INTO `ds_tj` SET `uid` = 184 , `create_time` = 1714141012 , `ua` = '8ad116e9a2261bdbbfbe184255101c12' [ RunTime:0.013231s ]
[2024-04-26 22:16:52][sql] SHOW FULL COLUMNS FROM `ds_complain` [ RunTime:0.001791s ]
[2024-04-26 22:16:52][sql] SELECT * FROM `ds_complain` WHERE  `ip` = '42.237.176.154' [ RunTime:0.000268s ]
[2024-04-26 22:16:52][sql] SHOW FULL COLUMNS FROM `ds_system_config` [ RunTime:0.001282s ]
[2024-04-26 22:16:52][sql] SELECT `value` FROM `ds_system_config` WHERE  `group` = 'ff'  AND `name` = 'ff_pc' LIMIT 1 [ RunTime:0.000279s ]
[2024-04-26 22:16:52][sql] SHOW FULL COLUMNS FROM `ds_system_admin` [ RunTime:0.001701s ]
[2024-04-26 22:16:52][sql] SELECT * FROM `ds_system_admin` WHERE (  `id` = 184 ) AND `ds_system_admin`.`delete_time` IS NULL LIMIT 1 [ RunTime:0.000383s ]
[2024-04-26 22:16:52][sql] SELECT * FROM `ds_system_admin` WHERE (  `id` = 184 ) AND `ds_system_admin`.`delete_time` IS NULL LIMIT 1 [ RunTime:0.000329s ]
[2024-04-26 22:16:52][sql] SELECT * FROM `ds_hezi` WHERE  `id` = 1328 LIMIT 1 [ RunTime:0.000244s ]
[2024-04-26 22:16:52][sql] SHOW FULL COLUMNS FROM `ds_domain_rule` [ RunTime:0.001205s ]
[2024-04-26 22:16:52][sql] SELECT * FROM `ds_domain_rule` WHERE  `status` = 1  AND `uid` = 184  AND `type` = 2 LIMIT 1 [ RunTime:0.000243s ]
[2024-04-26 22:16:52][sql] SELECT * FROM `ds_domain_rule` WHERE  `status` = 1  AND `type` = 2  AND `uid` = 10086 LIMIT 1 [ RunTime:0.000228s ]
[2024-04-26 22:16:52][sql] SELECT `value` FROM `ds_system_config` WHERE  `group` = 'ff'  AND `name` = 'ff_fix' LIMIT 1 [ RunTime:0.000228s ]
[2024-04-26 22:16:52][sql] CONNECT:[ UseTime:0.005111s ] mysql:host=127.0.0.1;port=3306;dbname=xinuocs_test;charset=utf8
[2024-04-26 22:16:52][sql] SHOW FULL COLUMNS FROM `ds_hezi` [ RunTime:0.002042s ]
[2024-04-26 22:16:52][sql] SELECT * FROM `ds_hezi` WHERE  `id` = 1328 LIMIT 1 [ RunTime:0.000340s ]
[2024-04-26 22:16:52][sql] SHOW FULL COLUMNS FROM `ds_user_point` [ RunTime:0.001376s ]
[2024-04-26 22:16:52][sql] SELECT * FROM `ds_user_point` WHERE  `ua` = '2d5893fb6b4ca9f9e7eea796f4c51a3b' LIMIT 1 [ RunTime:0.045194s ]
[2024-04-26 22:16:52][sql] SHOW FULL COLUMNS FROM `ds_system_config` [ RunTime:0.010153s ]
[2024-04-26 22:16:52][sql] SELECT `value` FROM `ds_system_config` WHERE  `group` = 'short_video'  AND `name` = 'add_point' LIMIT 1 [ RunTime:0.000328s ]
[2024-04-26 22:16:52][sql] INSERT INTO `ds_user_point` SET `ua` = '2d5893fb6b4ca9f9e7eea796f4c51a3b' , `point` = 10 , `time` = '2024-04-26 22:16:52' [ RunTime:0.021899s ]
[2024-04-26 22:16:54][sql] CONNECT:[ UseTime:0.000377s ] mysql:host=127.0.0.1;port=3306;dbname=xinuocs_test;charset=utf8
[2024-04-26 22:16:54][sql] SHOW FULL COLUMNS FROM `ds_category` [ RunTime:0.001507s ]
[2024-04-26 22:16:54][sql] SELECT `id`,`image`,ctitle as title FROM `ds_category` WHERE `ds_category`.`delete_time` IS NULL LIMIT 910 [ RunTime:0.000275s ]
[2024-04-26 22:43:56][sql] CONNECT:[ UseTime:0.002852s ] mysql:host=127.0.0.1;port=3306;dbname=xinuocs_test;charset=utf8
[2024-04-26 22:43:56][sql] SHOW FULL COLUMNS FROM `ds_hezi` [ RunTime:0.002064s ]
[2024-04-26 22:43:56][sql] SELECT * FROM `ds_hezi` WHERE  `id` = 1328 LIMIT 1 [ RunTime:0.000357s ]
[2024-04-26 22:43:56][sql] SHOW FULL COLUMNS FROM `ds_tj` [ RunTime:0.001526s ]
[2024-04-26 22:43:56][sql] SELECT * FROM `ds_tj` WHERE  `ua` = 'd01ea6d004b25ac1aa46e672e467ee73' LIMIT 1 [ RunTime:0.000280s ]
[2024-04-26 22:43:56][sql] INSERT INTO `ds_tj` SET `uid` = 184 , `create_time` = 1714142636 , `ua` = 'd01ea6d004b25ac1aa46e672e467ee73' [ RunTime:0.017034s ]
[2024-04-26 22:43:56][sql] SHOW FULL COLUMNS FROM `ds_complain` [ RunTime:0.001515s ]
[2024-04-26 22:43:56][sql] SELECT * FROM `ds_complain` WHERE  `ip` = '219.134.171.133' [ RunTime:0.000287s ]
[2024-04-26 22:43:56][sql] SHOW FULL COLUMNS FROM `ds_system_config` [ RunTime:0.001928s ]
[2024-04-26 22:43:56][sql] SELECT `value` FROM `ds_system_config` WHERE  `group` = 'ff'  AND `name` = 'ff_pc' LIMIT 1 [ RunTime:0.000284s ]
[2024-04-26 22:43:56][sql] SHOW FULL COLUMNS FROM `ds_system_admin` [ RunTime:0.001800s ]
[2024-04-26 22:43:56][sql] SELECT * FROM `ds_system_admin` WHERE (  `id` = 184 ) AND `ds_system_admin`.`delete_time` IS NULL LIMIT 1 [ RunTime:0.000400s ]
[2024-04-26 22:43:56][sql] SELECT * FROM `ds_system_admin` WHERE (  `id` = 184 ) AND `ds_system_admin`.`delete_time` IS NULL LIMIT 1 [ RunTime:0.000317s ]
[2024-04-26 22:43:56][sql] SELECT * FROM `ds_hezi` WHERE  `id` = 1328 LIMIT 1 [ RunTime:0.000245s ]
[2024-04-26 22:43:56][sql] SHOW FULL COLUMNS FROM `ds_domain_rule` [ RunTime:0.001205s ]
[2024-04-26 22:43:56][sql] SELECT * FROM `ds_domain_rule` WHERE  `status` = 1  AND `uid` = 184  AND `type` = 2 LIMIT 1 [ RunTime:0.000237s ]
[2024-04-26 22:43:56][sql] SELECT * FROM `ds_domain_rule` WHERE  `status` = 1  AND `type` = 2  AND `uid` = 10086 LIMIT 1 [ RunTime:0.000226s ]
[2024-04-26 22:43:56][sql] SELECT `value` FROM `ds_system_config` WHERE  `group` = 'ff'  AND `name` = 'ff_fix' LIMIT 1 [ RunTime:0.000214s ]
[2024-04-26 22:43:56][sql] CONNECT:[ UseTime:0.004568s ] mysql:host=127.0.0.1;port=3306;dbname=xinuocs_test;charset=utf8
[2024-04-26 22:43:56][sql] SHOW FULL COLUMNS FROM `ds_hezi` [ RunTime:0.001289s ]
[2024-04-26 22:43:56][sql] SELECT * FROM `ds_hezi` WHERE  `id` = 1328 LIMIT 1 [ RunTime:0.000282s ]
[2024-04-26 22:43:56][sql] SHOW FULL COLUMNS FROM `ds_user_point` [ RunTime:0.000842s ]
[2024-04-26 22:43:56][sql] SELECT * FROM `ds_user_point` WHERE  `ua` = '94032d85a4045e85b1efcf5f97a3b578' LIMIT 1 [ RunTime:0.058109s ]
[2024-04-26 22:43:56][sql] SHOW FULL COLUMNS FROM `ds_system_config` [ RunTime:0.006229s ]
[2024-04-26 22:43:56][sql] SELECT `value` FROM `ds_system_config` WHERE  `group` = 'short_video'  AND `name` = 'add_point' LIMIT 1 [ RunTime:0.000308s ]
[2024-04-26 22:43:56][sql] INSERT INTO `ds_user_point` SET `ua` = '94032d85a4045e85b1efcf5f97a3b578' , `point` = 10 , `time` = '2024-04-26 22:43:56' [ RunTime:0.017299s ]
[2024-04-26 22:43:59][sql] CONNECT:[ UseTime:0.010217s ] mysql:host=127.0.0.1;port=3306;dbname=xinuocs_test;charset=utf8
[2024-04-26 22:43:59][sql] SHOW FULL COLUMNS FROM `ds_category` [ RunTime:0.001454s ]
[2024-04-26 22:43:59][sql] SELECT `id`,`image`,ctitle as title FROM `ds_category` WHERE `ds_category`.`delete_time` IS NULL LIMIT 910 [ RunTime:0.000271s ]
[2024-04-26 22:44:34][sql] CONNECT:[ UseTime:0.003637s ] mysql:host=127.0.0.1;port=3306;dbname=xinuocs_test;charset=utf8
[2024-04-26 22:44:34][sql] SHOW FULL COLUMNS FROM `ds_hezi` [ RunTime:0.005007s ]
[2024-04-26 22:44:34][sql] SELECT * FROM `ds_hezi` WHERE  `id` = 1328 LIMIT 1 [ RunTime:0.000357s ]
[2024-04-26 22:44:34][sql] SHOW FULL COLUMNS FROM `ds_tj` [ RunTime:0.001854s ]
[2024-04-26 22:44:34][sql] SELECT * FROM `ds_tj` WHERE  `ua` = '504566ff2a4c2d5e1bf316727f8d2cb9' LIMIT 1 [ RunTime:0.000298s ]
[2024-04-26 22:44:34][sql] SHOW FULL COLUMNS FROM `ds_complain` [ RunTime:0.001241s ]
[2024-04-26 22:44:34][sql] SELECT * FROM `ds_complain` WHERE  `ip` = '42.237.176.154' [ RunTime:0.000916s ]
[2024-04-26 22:44:34][sql] SHOW FULL COLUMNS FROM `ds_system_config` [ RunTime:0.001556s ]
[2024-04-26 22:44:34][sql] SELECT `value` FROM `ds_system_config` WHERE  `group` = 'ff'  AND `name` = 'ff_pc' LIMIT 1 [ RunTime:0.000256s ]
[2024-04-26 22:44:34][sql] SHOW FULL COLUMNS FROM `ds_system_admin` [ RunTime:0.006118s ]
[2024-04-26 22:44:34][sql] SELECT * FROM `ds_system_admin` WHERE (  `id` = 184 ) AND `ds_system_admin`.`delete_time` IS NULL LIMIT 1 [ RunTime:0.000407s ]
[2024-04-26 22:44:34][sql] SELECT * FROM `ds_system_admin` WHERE (  `id` = 184 ) AND `ds_system_admin`.`delete_time` IS NULL LIMIT 1 [ RunTime:0.000321s ]
[2024-04-26 22:44:34][sql] SELECT * FROM `ds_hezi` WHERE  `id` = 1328 LIMIT 1 [ RunTime:0.000888s ]
[2024-04-26 22:44:34][sql] SHOW FULL COLUMNS FROM `ds_domain_rule` [ RunTime:0.001267s ]
[2024-04-26 22:44:34][sql] SELECT * FROM `ds_domain_rule` WHERE  `status` = 1  AND `uid` = 184  AND `type` = 2 LIMIT 1 [ RunTime:0.000274s ]
[2024-04-26 22:44:34][sql] SELECT * FROM `ds_domain_rule` WHERE  `status` = 1  AND `type` = 2  AND `uid` = 10086 LIMIT 1 [ RunTime:0.000245s ]
[2024-04-26 22:44:34][sql] SELECT `value` FROM `ds_system_config` WHERE  `group` = 'ff'  AND `name` = 'ff_fix' LIMIT 1 [ RunTime:0.000241s ]
[2024-04-26 22:44:34][sql] CONNECT:[ UseTime:0.012268s ] mysql:host=127.0.0.1;port=3306;dbname=xinuocs_test;charset=utf8
[2024-04-26 22:44:34][sql] SHOW FULL COLUMNS FROM `ds_hezi` [ RunTime:0.002530s ]
[2024-04-26 22:44:34][sql] SELECT * FROM `ds_hezi` WHERE  `id` = 1328 LIMIT 1 [ RunTime:0.000842s ]
[2024-04-26 22:44:34][sql] SHOW FULL COLUMNS FROM `ds_user_point` [ RunTime:0.002077s ]
[2024-04-26 22:44:34][sql] SELECT * FROM `ds_user_point` WHERE  `ua` = '2d3de6a7dcf45718ff38e25968332359' LIMIT 1 [ RunTime:0.039819s ]
[2024-04-26 22:44:36][sql] CONNECT:[ UseTime:0.005393s ] mysql:host=127.0.0.1;port=3306;dbname=xinuocs_test;charset=utf8
[2024-04-26 22:44:36][sql] SHOW FULL COLUMNS FROM `ds_category` [ RunTime:0.005648s ]
[2024-04-26 22:44:36][sql] SELECT `id`,`image`,ctitle as title FROM `ds_category` WHERE `ds_category`.`delete_time` IS NULL LIMIT 910 [ RunTime:0.000462s ]
[2024-04-26 22:45:17][sql] CONNECT:[ UseTime:0.000402s ] mysql:host=127.0.0.1;port=3306;dbname=xinuocs_test;charset=utf8
[2024-04-26 22:45:17][sql] SHOW FULL COLUMNS FROM `ds_hezi` [ RunTime:0.002070s ]
[2024-04-26 22:45:17][sql] SELECT * FROM `ds_hezi` WHERE  `id` = 1328 LIMIT 1 [ RunTime:0.000343s ]
[2024-04-26 22:45:17][sql] SHOW FULL COLUMNS FROM `ds_tj` [ RunTime:0.001521s ]
[2024-04-26 22:45:17][sql] SELECT * FROM `ds_tj` WHERE  `ua` = 'd01ea6d004b25ac1aa46e672e467ee73' LIMIT 1 [ RunTime:0.000294s ]
[2024-04-26 22:45:17][sql] SHOW FULL COLUMNS FROM `ds_complain` [ RunTime:0.001488s ]
[2024-04-26 22:45:17][sql] SELECT * FROM `ds_complain` WHERE  `ip` = '219.134.171.133' [ RunTime:0.000256s ]
[2024-04-26 22:45:17][sql] SHOW FULL COLUMNS FROM `ds_system_config` [ RunTime:0.001511s ]
[2024-04-26 22:45:17][sql] SELECT `value` FROM `ds_system_config` WHERE  `group` = 'ff'  AND `name` = 'ff_pc' LIMIT 1 [ RunTime:0.000256s ]
[2024-04-26 22:45:17][sql] SHOW FULL COLUMNS FROM `ds_system_admin` [ RunTime:0.001295s ]
[2024-04-26 22:45:17][sql] SELECT * FROM `ds_system_admin` WHERE (  `id` = 184 ) AND `ds_system_admin`.`delete_time` IS NULL LIMIT 1 [ RunTime:0.000387s ]
[2024-04-26 22:45:17][sql] SELECT * FROM `ds_system_admin` WHERE (  `id` = 184 ) AND `ds_system_admin`.`delete_time` IS NULL LIMIT 1 [ RunTime:0.000312s ]
[2024-04-26 22:45:17][sql] SELECT * FROM `ds_hezi` WHERE  `id` = 1328 LIMIT 1 [ RunTime:0.000244s ]
[2024-04-26 22:45:17][sql] SHOW FULL COLUMNS FROM `ds_domain_rule` [ RunTime:0.001194s ]
[2024-04-26 22:45:17][sql] SELECT * FROM `ds_domain_rule` WHERE  `status` = 1  AND `uid` = 184  AND `type` = 2 LIMIT 1 [ RunTime:0.000248s ]
[2024-04-26 22:45:17][sql] SELECT * FROM `ds_domain_rule` WHERE  `status` = 1  AND `type` = 2  AND `uid` = 10086 LIMIT 1 [ RunTime:0.000231s ]
[2024-04-26 22:45:17][sql] SELECT `value` FROM `ds_system_config` WHERE  `group` = 'ff'  AND `name` = 'ff_fix' LIMIT 1 [ RunTime:0.000220s ]
[2024-04-26 22:45:17][sql] CONNECT:[ UseTime:0.007458s ] mysql:host=127.0.0.1;port=3306;dbname=xinuocs_test;charset=utf8
[2024-04-26 22:45:17][sql] SHOW FULL COLUMNS FROM `ds_hezi` [ RunTime:0.002287s ]
[2024-04-26 22:45:17][sql] SELECT * FROM `ds_hezi` WHERE  `id` = 1328 LIMIT 1 [ RunTime:0.000296s ]
[2024-04-26 22:45:17][sql] SHOW FULL COLUMNS FROM `ds_user_point` [ RunTime:0.001274s ]
[2024-04-26 22:45:17][sql] SELECT * FROM `ds_user_point` WHERE  `ua` = '94032d85a4045e85b1efcf5f97a3b578' LIMIT 1 [ RunTime:0.044553s ]
[2024-04-26 22:45:18][sql] CONNECT:[ UseTime:0.015681s ] mysql:host=127.0.0.1;port=3306;dbname=xinuocs_test;charset=utf8
[2024-04-26 22:45:18][sql] SHOW FULL COLUMNS FROM `ds_category` [ RunTime:0.002019s ]
[2024-04-26 22:45:18][sql] SELECT `id`,`image`,ctitle as title FROM `ds_category` WHERE `ds_category`.`delete_time` IS NULL LIMIT 910 [ RunTime:0.002271s ]
[2024-04-26 22:45:29][sql] CONNECT:[ UseTime:0.013235s ] mysql:host=127.0.0.1;port=3306;dbname=xinuocs_test;charset=utf8
[2024-04-26 22:45:29][sql] SHOW FULL COLUMNS FROM `ds_hezi` [ RunTime:0.001979s ]
[2024-04-26 22:45:29][sql] SELECT * FROM `ds_hezi` WHERE  `id` = 1328 LIMIT 1 [ RunTime:0.000306s ]
[2024-04-26 22:45:29][sql] SHOW FULL COLUMNS FROM `ds_tj` [ RunTime:0.001522s ]
[2024-04-26 22:45:29][sql] SELECT * FROM `ds_tj` WHERE  `ua` = 'd01ea6d004b25ac1aa46e672e467ee73' LIMIT 1 [ RunTime:0.000257s ]
[2024-04-26 22:45:29][sql] SHOW FULL COLUMNS FROM `ds_complain` [ RunTime:0.001269s ]
[2024-04-26 22:45:29][sql] SELECT * FROM `ds_complain` WHERE  `ip` = '219.134.171.133' [ RunTime:0.000255s ]
[2024-04-26 22:45:29][sql] SHOW FULL COLUMNS FROM `ds_system_config` [ RunTime:0.001216s ]
[2024-04-26 22:45:29][sql] SELECT `value` FROM `ds_system_config` WHERE  `group` = 'ff'  AND `name` = 'ff_pc' LIMIT 1 [ RunTime:0.000246s ]
[2024-04-26 22:45:29][sql] SHOW FULL COLUMNS FROM `ds_system_admin` [ RunTime:0.001338s ]
[2024-04-26 22:45:29][sql] SELECT * FROM `ds_system_admin` WHERE (  `id` = 184 ) AND `ds_system_admin`.`delete_time` IS NULL LIMIT 1 [ RunTime:0.000386s ]
[2024-04-26 22:45:29][sql] SELECT * FROM `ds_system_admin` WHERE (  `id` = 184 ) AND `ds_system_admin`.`delete_time` IS NULL LIMIT 1 [ RunTime:0.000333s ]
[2024-04-26 22:45:29][sql] SELECT * FROM `ds_hezi` WHERE  `id` = 1328 LIMIT 1 [ RunTime:0.000265s ]
[2024-04-26 22:45:29][sql] SHOW FULL COLUMNS FROM `ds_domain_rule` [ RunTime:0.001213s ]
[2024-04-26 22:45:29][sql] SELECT * FROM `ds_domain_rule` WHERE  `status` = 1  AND `uid` = 184  AND `type` = 2 LIMIT 1 [ RunTime:0.000265s ]
[2024-04-26 22:45:29][sql] SELECT * FROM `ds_domain_rule` WHERE  `status` = 1  AND `type` = 2  AND `uid` = 10086 LIMIT 1 [ RunTime:0.000244s ]
[2024-04-26 22:45:29][sql] SELECT `value` FROM `ds_system_config` WHERE  `group` = 'ff'  AND `name` = 'ff_fix' LIMIT 1 [ RunTime:0.004580s ]
[2024-04-26 22:45:30][sql] CONNECT:[ UseTime:0.002930s ] mysql:host=127.0.0.1;port=3306;dbname=xinuocs_test;charset=utf8
[2024-04-26 22:45:30][sql] SHOW FULL COLUMNS FROM `ds_hezi` [ RunTime:0.001474s ]
[2024-04-26 22:45:30][sql] SELECT * FROM `ds_hezi` WHERE  `id` = 1328 LIMIT 1 [ RunTime:0.000330s ]
[2024-04-26 22:45:30][sql] SHOW FULL COLUMNS FROM `ds_user_point` [ RunTime:0.001237s ]
[2024-04-26 22:45:30][sql] SELECT * FROM `ds_user_point` WHERE  `ua` = '94032d85a4045e85b1efcf5f97a3b578' LIMIT 1 [ RunTime:0.044541s ]
[2024-04-26 22:45:30][sql] CONNECT:[ UseTime:0.019948s ] mysql:host=127.0.0.1;port=3306;dbname=xinuocs_test;charset=utf8
[2024-04-26 22:45:30][sql] SHOW FULL COLUMNS FROM `ds_category` [ RunTime:0.019051s ]
[2024-04-26 22:45:30][sql] SELECT `id`,`image`,ctitle as title FROM `ds_category` WHERE `ds_category`.`delete_time` IS NULL LIMIT 910 [ RunTime:0.005458s ]
[2024-04-26 22:46:13][sql] CONNECT:[ UseTime:0.005562s ] mysql:host=127.0.0.1;port=3306;dbname=xinuocs_test;charset=utf8
[2024-04-26 22:46:13][sql] SHOW FULL COLUMNS FROM `ds_hezi` [ RunTime:0.001527s ]
[2024-04-26 22:46:13][sql] SELECT * FROM `ds_hezi` WHERE  `id` = 1328 LIMIT 1 [ RunTime:0.000308s ]
[2024-04-26 22:46:13][sql] SHOW FULL COLUMNS FROM `ds_tj` [ RunTime:0.002384s ]
[2024-04-26 22:46:13][sql] SELECT * FROM `ds_tj` WHERE  `ua` = 'd01ea6d004b25ac1aa46e672e467ee73' LIMIT 1 [ RunTime:0.000276s ]
[2024-04-26 22:46:13][sql] SHOW FULL COLUMNS FROM `ds_complain` [ RunTime:0.006497s ]
[2024-04-26 22:46:13][sql] SELECT * FROM `ds_complain` WHERE  `ip` = '219.134.171.133' [ RunTime:0.000294s ]
[2024-04-26 22:46:13][sql] SHOW FULL COLUMNS FROM `ds_system_config` [ RunTime:0.002142s ]
[2024-04-26 22:46:13][sql] SELECT `value` FROM `ds_system_config` WHERE  `group` = 'ff'  AND `name` = 'ff_pc' LIMIT 1 [ RunTime:0.000279s ]
[2024-04-26 22:46:13][sql] SHOW FULL COLUMNS FROM `ds_system_admin` [ RunTime:0.001677s ]
[2024-04-26 22:46:13][sql] SELECT * FROM `ds_system_admin` WHERE (  `id` = 184 ) AND `ds_system_admin`.`delete_time` IS NULL LIMIT 1 [ RunTime:0.001079s ]
[2024-04-26 22:46:13][sql] SELECT * FROM `ds_system_admin` WHERE (  `id` = 184 ) AND `ds_system_admin`.`delete_time` IS NULL LIMIT 1 [ RunTime:0.001379s ]
[2024-04-26 22:46:13][sql] SELECT * FROM `ds_hezi` WHERE  `id` = 1328 LIMIT 1 [ RunTime:0.000266s ]
[2024-04-26 22:46:13][sql] SHOW FULL COLUMNS FROM `ds_domain_rule` [ RunTime:0.001272s ]
[2024-04-26 22:46:13][sql] SELECT * FROM `ds_domain_rule` WHERE  `status` = 1  AND `uid` = 184  AND `type` = 2 LIMIT 1 [ RunTime:0.000249s ]
[2024-04-26 22:46:13][sql] SELECT * FROM `ds_domain_rule` WHERE  `status` = 1  AND `type` = 2  AND `uid` = 10086 LIMIT 1 [ RunTime:0.000235s ]
[2024-04-26 22:46:13][sql] SELECT `value` FROM `ds_system_config` WHERE  `group` = 'ff'  AND `name` = 'ff_fix' LIMIT 1 [ RunTime:0.000223s ]
[2024-04-26 22:46:14][sql] CONNECT:[ UseTime:0.011632s ] mysql:host=127.0.0.1;port=3306;dbname=xinuocs_test;charset=utf8
[2024-04-26 22:46:14][sql] SHOW FULL COLUMNS FROM `ds_hezi` [ RunTime:0.001599s ]
[2024-04-26 22:46:14][sql] SELECT * FROM `ds_hezi` WHERE  `id` = 1328 LIMIT 1 [ RunTime:0.000298s ]
[2024-04-26 22:46:14][sql] SHOW FULL COLUMNS FROM `ds_user_point` [ RunTime:0.001754s ]
[2024-04-26 22:46:14][sql] SELECT * FROM `ds_user_point` WHERE  `ua` = '94032d85a4045e85b1efcf5f97a3b578' LIMIT 1 [ RunTime:0.042463s ]
[2024-04-26 22:46:15][sql] CONNECT:[ UseTime:0.000331s ] mysql:host=127.0.0.1;port=3306;dbname=xinuocs_test;charset=utf8
[2024-04-26 22:46:15][sql] SHOW FULL COLUMNS FROM `ds_category` [ RunTime:0.003391s ]
[2024-04-26 22:46:15][sql] SELECT `id`,`image`,ctitle as title FROM `ds_category` WHERE `ds_category`.`delete_time` IS NULL LIMIT 910 [ RunTime:0.000278s ]
[2024-04-26 22:46:20][sql] CONNECT:[ UseTime:0.011509s ] mysql:host=127.0.0.1;port=3306;dbname=xinuocs_test;charset=utf8
[2024-04-26 22:46:20][sql] SHOW FULL COLUMNS FROM `ds_category` [ RunTime:0.002002s ]
[2024-04-26 22:46:20][sql] SELECT `id`,`image`,ctitle as title FROM `ds_category` WHERE `ds_category`.`delete_time` IS NULL LIMIT 910 [ RunTime:0.000393s ]
[2024-04-26 22:46:37][sql] CONNECT:[ UseTime:0.009007s ] mysql:host=127.0.0.1;port=3306;dbname=xinuocs_test;charset=utf8
[2024-04-26 22:46:37][sql] SHOW FULL COLUMNS FROM `ds_hezi` [ RunTime:0.006433s ]
[2024-04-26 22:46:37][sql] SELECT * FROM `ds_hezi` WHERE  `id` = 1328 LIMIT 1 [ RunTime:0.000330s ]
[2024-04-26 22:46:37][sql] SHOW FULL COLUMNS FROM `ds_tj` [ RunTime:0.001772s ]
[2024-04-26 22:46:37][sql] SELECT * FROM `ds_tj` WHERE  `ua` = 'd01ea6d004b25ac1aa46e672e467ee73' LIMIT 1 [ RunTime:0.000270s ]
[2024-04-26 22:46:37][sql] SHOW FULL COLUMNS FROM `ds_complain` [ RunTime:0.001544s ]
[2024-04-26 22:46:37][sql] SELECT * FROM `ds_complain` WHERE  `ip` = '219.134.171.133' [ RunTime:0.000250s ]
[2024-04-26 22:46:37][sql] SHOW FULL COLUMNS FROM `ds_system_config` [ RunTime:0.001216s ]
[2024-04-26 22:46:37][sql] SELECT `value` FROM `ds_system_config` WHERE  `group` = 'ff'  AND `name` = 'ff_pc' LIMIT 1 [ RunTime:0.000249s ]
[2024-04-26 22:46:37][sql] SHOW FULL COLUMNS FROM `ds_system_admin` [ RunTime:0.001343s ]
[2024-04-26 22:46:37][sql] SELECT * FROM `ds_system_admin` WHERE (  `id` = 184 ) AND `ds_system_admin`.`delete_time` IS NULL LIMIT 1 [ RunTime:0.000372s ]
[2024-04-26 22:46:37][sql] SELECT * FROM `ds_system_admin` WHERE (  `id` = 184 ) AND `ds_system_admin`.`delete_time` IS NULL LIMIT 1 [ RunTime:0.000305s ]
[2024-04-26 22:46:37][sql] SELECT * FROM `ds_hezi` WHERE  `id` = 1328 LIMIT 1 [ RunTime:0.000236s ]
[2024-04-26 22:46:37][sql] SHOW FULL COLUMNS FROM `ds_domain_rule` [ RunTime:0.001184s ]
[2024-04-26 22:46:37][sql] SELECT * FROM `ds_domain_rule` WHERE  `status` = 1  AND `uid` = 184  AND `type` = 2 LIMIT 1 [ RunTime:0.000237s ]
[2024-04-26 22:46:37][sql] SELECT * FROM `ds_domain_rule` WHERE  `status` = 1  AND `type` = 2  AND `uid` = 10086 LIMIT 1 [ RunTime:0.000226s ]
[2024-04-26 22:46:37][sql] SELECT `value` FROM `ds_system_config` WHERE  `group` = 'ff'  AND `name` = 'ff_fix' LIMIT 1 [ RunTime:0.000214s ]
[2024-04-26 22:46:37][sql] CONNECT:[ UseTime:0.000332s ] mysql:host=127.0.0.1;port=3306;dbname=xinuocs_test;charset=utf8
[2024-04-26 22:46:37][sql] SHOW FULL COLUMNS FROM `ds_hezi` [ RunTime:0.001766s ]
[2024-04-26 22:46:37][sql] SELECT * FROM `ds_hezi` WHERE  `id` = 1328 LIMIT 1 [ RunTime:0.000280s ]
[2024-04-26 22:46:37][sql] SHOW FULL COLUMNS FROM `ds_user_point` [ RunTime:0.001173s ]
[2024-04-26 22:46:37][sql] SELECT * FROM `ds_user_point` WHERE  `ua` = '94032d85a4045e85b1efcf5f97a3b578' LIMIT 1 [ RunTime:0.048867s ]
[2024-04-26 22:46:38][sql] CONNECT:[ UseTime:0.004865s ] mysql:host=127.0.0.1;port=3306;dbname=xinuocs_test;charset=utf8
[2024-04-26 22:46:38][sql] SHOW FULL COLUMNS FROM `ds_category` [ RunTime:0.018776s ]
[2024-04-26 22:46:38][sql] SELECT `id`,`image`,ctitle as title FROM `ds_category` WHERE `ds_category`.`delete_time` IS NULL LIMIT 910 [ RunTime:0.000308s ]
[2024-04-26 22:47:54][sql] CONNECT:[ UseTime:0.005783s ] mysql:host=127.0.0.1;port=3306;dbname=xinuocs_test;charset=utf8
[2024-04-26 22:47:54][sql] SHOW FULL COLUMNS FROM `ds_hezi` [ RunTime:0.006074s ]
[2024-04-26 22:47:54][sql] SELECT * FROM `ds_hezi` WHERE  `id` = 1328 LIMIT 1 [ RunTime:0.000334s ]
[2024-04-26 22:47:54][sql] SHOW FULL COLUMNS FROM `ds_tj` [ RunTime:0.005902s ]
[2024-04-26 22:47:54][sql] SELECT * FROM `ds_tj` WHERE  `ua` = 'a34e7c02659dc19b8f9f322b22cac93a' LIMIT 1 [ RunTime:0.000298s ]
[2024-04-26 22:47:54][sql] INSERT INTO `ds_tj` SET `uid` = 184 , `create_time` = 1714142874 , `ua` = 'a34e7c02659dc19b8f9f322b22cac93a' [ RunTime:0.013461s ]
[2024-04-26 22:47:54][sql] SHOW FULL COLUMNS FROM `ds_complain` [ RunTime:0.001801s ]
[2024-04-26 22:47:54][sql] SELECT * FROM `ds_complain` WHERE  `ip` = '219.134.171.133' [ RunTime:0.000287s ]
[2024-04-26 22:47:54][sql] SHOW FULL COLUMNS FROM `ds_system_config` [ RunTime:0.005915s ]
[2024-04-26 22:47:54][sql] SELECT `value` FROM `ds_system_config` WHERE  `group` = 'ff'  AND `name` = 'ff_pc' LIMIT 1 [ RunTime:0.000286s ]
[2024-04-26 22:47:54][sql] SHOW FULL COLUMNS FROM `ds_system_admin` [ RunTime:0.001371s ]
[2024-04-26 22:47:54][sql] SELECT * FROM `ds_system_admin` WHERE (  `id` = 184 ) AND `ds_system_admin`.`delete_time` IS NULL LIMIT 1 [ RunTime:0.000416s ]
[2024-04-26 22:47:54][sql] SELECT * FROM `ds_system_admin` WHERE (  `id` = 184 ) AND `ds_system_admin`.`delete_time` IS NULL LIMIT 1 [ RunTime:0.000315s ]
[2024-04-26 22:47:54][sql] SELECT * FROM `ds_hezi` WHERE  `id` = 1328 LIMIT 1 [ RunTime:0.000246s ]
[2024-04-26 22:47:54][sql] SHOW FULL COLUMNS FROM `ds_domain_rule` [ RunTime:0.001198s ]
[2024-04-26 22:47:54][sql] SELECT * FROM `ds_domain_rule` WHERE  `status` = 1  AND `uid` = 184  AND `type` = 2 LIMIT 1 [ RunTime:0.000295s ]
[2024-04-26 22:47:54][sql] SELECT * FROM `ds_domain_rule` WHERE  `status` = 1  AND `type` = 2  AND `uid` = 10086 LIMIT 1 [ RunTime:0.000236s ]
[2024-04-26 22:47:54][sql] SELECT `value` FROM `ds_system_config` WHERE  `group` = 'ff'  AND `name` = 'ff_fix' LIMIT 1 [ RunTime:0.000226s ]
[2024-04-26 22:47:55][sql] CONNECT:[ UseTime:0.004694s ] mysql:host=127.0.0.1;port=3306;dbname=xinuocs_test;charset=utf8
[2024-04-26 22:47:55][sql] SHOW FULL COLUMNS FROM `ds_hezi` [ RunTime:0.005963s ]
[2024-04-26 22:47:55][sql] SELECT * FROM `ds_hezi` WHERE  `id` = 1328 LIMIT 1 [ RunTime:0.000308s ]
[2024-04-26 22:47:55][sql] SHOW FULL COLUMNS FROM `ds_user_point` [ RunTime:0.001345s ]
[2024-04-26 22:47:55][sql] SELECT * FROM `ds_user_point` WHERE  `ua` = '7d47064bc4edbd946bd5b127a6668743' LIMIT 1 [ RunTime:0.052202s ]
[2024-04-26 22:47:55][sql] SHOW FULL COLUMNS FROM `ds_system_config` [ RunTime:0.007185s ]
[2024-04-26 22:47:55][sql] SELECT `value` FROM `ds_system_config` WHERE  `group` = 'short_video'  AND `name` = 'add_point' LIMIT 1 [ RunTime:0.000349s ]
[2024-04-26 22:47:55][sql] INSERT INTO `ds_user_point` SET `ua` = '7d47064bc4edbd946bd5b127a6668743' , `point` = 10 , `time` = '2024-04-26 22:47:55' [ RunTime:0.020316s ]
[2024-04-26 22:48:09][sql] CONNECT:[ UseTime:0.011815s ] mysql:host=127.0.0.1;port=3306;dbname=xinuocs_test;charset=utf8
[2024-04-26 22:48:09][sql] SHOW FULL COLUMNS FROM `ds_category` [ RunTime:0.001471s ]
[2024-04-26 22:48:09][sql] SELECT `id`,`image`,ctitle as title FROM `ds_category` WHERE `ds_category`.`delete_time` IS NULL LIMIT 910 [ RunTime:0.000297s ]
[2024-04-26 22:48:51][sql] CONNECT:[ UseTime:0.015822s ] mysql:host=127.0.0.1;port=3306;dbname=xinuocs_test;charset=utf8
[2024-04-26 22:48:51][sql] SHOW FULL COLUMNS FROM `ds_category` [ RunTime:0.002141s ]
[2024-04-26 22:48:51][sql] SELECT `id`,`image`,ctitle as title FROM `ds_category` WHERE `ds_category`.`delete_time` IS NULL LIMIT 910 [ RunTime:0.000306s ]
[2024-04-26 22:49:05][sql] CONNECT:[ UseTime:0.000874s ] mysql:host=127.0.0.1;port=3306;dbname=xinuocs_test;charset=utf8
[2024-04-26 22:49:05][sql] SHOW FULL COLUMNS FROM `ds_hezi` [ RunTime:0.002181s ]
[2024-04-26 22:49:05][sql] SELECT * FROM `ds_hezi` WHERE  `id` = 1328 LIMIT 1 [ RunTime:0.000311s ]
[2024-04-26 22:49:05][sql] SHOW FULL COLUMNS FROM `ds_tj` [ RunTime:0.001348s ]
[2024-04-26 22:49:05][sql] SELECT * FROM `ds_tj` WHERE  `ua` = 'a34e7c02659dc19b8f9f322b22cac93a' LIMIT 1 [ RunTime:0.000879s ]
[2024-04-26 22:49:05][sql] SHOW FULL COLUMNS FROM `ds_complain` [ RunTime:0.001221s ]
[2024-04-26 22:49:05][sql] SELECT * FROM `ds_complain` WHERE  `ip` = '219.134.171.133' [ RunTime:0.000259s ]
[2024-04-26 22:49:05][sql] SHOW FULL COLUMNS FROM `ds_system_config` [ RunTime:0.001859s ]
[2024-04-26 22:49:05][sql] SELECT `value` FROM `ds_system_config` WHERE  `group` = 'ff'  AND `name` = 'ff_pc' LIMIT 1 [ RunTime:0.000244s ]
[2024-04-26 22:49:05][sql] SHOW FULL COLUMNS FROM `ds_system_admin` [ RunTime:0.001922s ]
[2024-04-26 22:49:05][sql] SELECT * FROM `ds_system_admin` WHERE (  `id` = 184 ) AND `ds_system_admin`.`delete_time` IS NULL LIMIT 1 [ RunTime:0.000950s ]
[2024-04-26 22:49:05][sql] SELECT * FROM `ds_system_admin` WHERE (  `id` = 184 ) AND `ds_system_admin`.`delete_time` IS NULL LIMIT 1 [ RunTime:0.000332s ]
[2024-04-26 22:49:05][sql] SELECT * FROM `ds_hezi` WHERE  `id` = 1328 LIMIT 1 [ RunTime:0.000245s ]
[2024-04-26 22:49:05][sql] SHOW FULL COLUMNS FROM `ds_domain_rule` [ RunTime:0.007147s ]
[2024-04-26 22:49:05][sql] SELECT * FROM `ds_domain_rule` WHERE  `status` = 1  AND `uid` = 184  AND `type` = 2 LIMIT 1 [ RunTime:0.000290s ]
[2024-04-26 22:49:05][sql] SELECT * FROM `ds_domain_rule` WHERE  `status` = 1  AND `type` = 2  AND `uid` = 10086 LIMIT 1 [ RunTime:0.000239s ]
[2024-04-26 22:49:05][sql] SELECT `value` FROM `ds_system_config` WHERE  `group` = 'ff'  AND `name` = 'ff_fix' LIMIT 1 [ RunTime:0.000232s ]
[2024-04-26 22:49:06][sql] CONNECT:[ UseTime:0.005647s ] mysql:host=127.0.0.1;port=3306;dbname=xinuocs_test;charset=utf8
[2024-04-26 22:49:06][sql] SHOW FULL COLUMNS FROM `ds_hezi` [ RunTime:0.001993s ]
[2024-04-26 22:49:06][sql] SELECT * FROM `ds_hezi` WHERE  `id` = 1328 LIMIT 1 [ RunTime:0.000325s ]
[2024-04-26 22:49:06][sql] SHOW FULL COLUMNS FROM `ds_user_point` [ RunTime:0.001658s ]
[2024-04-26 22:49:06][sql] SELECT * FROM `ds_user_point` WHERE  `ua` = '7d47064bc4edbd946bd5b127a6668743' LIMIT 1 [ RunTime:0.039981s ]
[2024-04-26 22:49:07][sql] CONNECT:[ UseTime:0.001537s ] mysql:host=127.0.0.1;port=3306;dbname=xinuocs_test;charset=utf8
[2024-04-26 22:49:07][sql] SHOW FULL COLUMNS FROM `ds_category` [ RunTime:0.002764s ]
[2024-04-26 22:49:07][sql] SELECT `id`,`image`,ctitle as title FROM `ds_category` WHERE `ds_category`.`delete_time` IS NULL LIMIT 9 [ RunTime:0.000271s ]
[2024-04-26 23:00:09][sql] CONNECT:[ UseTime:0.000324s ] mysql:host=127.0.0.1;port=3306;dbname=xinuocs_test;charset=utf8
[2024-04-26 23:00:09][sql] SHOW FULL COLUMNS FROM `ds_hezi` [ RunTime:0.006231s ]
[2024-04-26 23:00:09][sql] SELECT * FROM `ds_hezi` WHERE  `id` = 1328 LIMIT 1 [ RunTime:0.000326s ]
[2024-04-26 23:00:09][sql] SHOW FULL COLUMNS FROM `ds_tj` [ RunTime:0.001266s ]
[2024-04-26 23:00:09][sql] SELECT * FROM `ds_tj` WHERE  `ua` = 'd3c9ec7e2ee252f5a6cb09ec55375551' LIMIT 1 [ RunTime:0.000248s ]
[2024-04-26 23:00:09][sql] INSERT INTO `ds_tj` SET `uid` = 184 , `create_time` = 1714143609 , `ua` = 'd3c9ec7e2ee252f5a6cb09ec55375551' [ RunTime:0.014943s ]
[2024-04-26 23:00:09][sql] SHOW FULL COLUMNS FROM `ds_complain` [ RunTime:0.001982s ]
[2024-04-26 23:00:09][sql] SELECT * FROM `ds_complain` WHERE  `ip` = '182.118.239.157' [ RunTime:0.000283s ]
[2024-04-26 23:00:09][sql] SHOW FULL COLUMNS FROM `ds_system_config` [ RunTime:0.001747s ]
[2024-04-26 23:00:09][sql] SELECT `value` FROM `ds_system_config` WHERE  `group` = 'ff'  AND `name` = 'ff_pc' LIMIT 1 [ RunTime:0.000264s ]
[2024-04-26 23:00:09][sql] SHOW FULL COLUMNS FROM `ds_system_admin` [ RunTime:0.001519s ]
[2024-04-26 23:00:09][sql] SELECT * FROM `ds_system_admin` WHERE (  `id` = 184 ) AND `ds_system_admin`.`delete_time` IS NULL LIMIT 1 [ RunTime:0.000383s ]
[2024-04-26 23:00:09][sql] SELECT * FROM `ds_system_admin` WHERE (  `id` = 184 ) AND `ds_system_admin`.`delete_time` IS NULL LIMIT 1 [ RunTime:0.000327s ]
[2024-04-26 23:00:09][sql] SELECT * FROM `ds_hezi` WHERE  `id` = 1328 LIMIT 1 [ RunTime:0.000253s ]
[2024-04-26 23:00:09][sql] SHOW FULL COLUMNS FROM `ds_domain_rule` [ RunTime:0.001197s ]
[2024-04-26 23:00:09][sql] SELECT * FROM `ds_domain_rule` WHERE  `status` = 1  AND `uid` = 184  AND `type` = 2 LIMIT 1 [ RunTime:0.000240s ]
[2024-04-26 23:00:09][sql] SELECT * FROM `ds_domain_rule` WHERE  `status` = 1  AND `type` = 2  AND `uid` = 10086 LIMIT 1 [ RunTime:0.000225s ]
[2024-04-26 23:00:09][sql] SELECT `value` FROM `ds_system_config` WHERE  `group` = 'ff'  AND `name` = 'ff_fix' LIMIT 1 [ RunTime:0.000230s ]
[2024-04-26 23:00:09][sql] CONNECT:[ UseTime:0.001032s ] mysql:host=127.0.0.1;port=3306;dbname=xinuocs_test;charset=utf8
[2024-04-26 23:00:09][sql] SHOW FULL COLUMNS FROM `ds_hezi` [ RunTime:0.003134s ]
[2024-04-26 23:00:09][sql] SELECT * FROM `ds_hezi` WHERE  `id` = 1328 LIMIT 1 [ RunTime:0.000332s ]
[2024-04-26 23:00:09][sql] SHOW FULL COLUMNS FROM `ds_user_point` [ RunTime:0.002231s ]
[2024-04-26 23:00:09][sql] SELECT * FROM `ds_user_point` WHERE  `ua` = '2d3de6a7dcf45718ff38e25968332359' LIMIT 1 [ RunTime:0.044046s ]
[2024-04-26 23:00:10][sql] CONNECT:[ UseTime:0.006178s ] mysql:host=127.0.0.1;port=3306;dbname=xinuocs_test;charset=utf8
[2024-04-26 23:00:10][sql] SHOW FULL COLUMNS FROM `ds_category` [ RunTime:0.001911s ]
[2024-04-26 23:00:10][sql] SELECT `id`,`image`,ctitle as title FROM `ds_category` WHERE `ds_category`.`delete_time` IS NULL LIMIT 9 [ RunTime:0.000273s ]
[2024-04-26 23:00:15][error] [0]Call to undefined method Endroid\QrCode\QrCode::getContentType()[/www/wwwroot/xinuocs.testlike.cn/app/index/controller/Index.php:1011]
[2024-04-26 23:00:15][sql] CONNECT:[ UseTime:0.019711s ] mysql:host=127.0.0.1;port=3306;dbname=xinuocs_test;charset=utf8
[2024-04-26 23:00:15][sql] SHOW FULL COLUMNS FROM `ds_category` [ RunTime:0.008226s ]
[2024-04-26 23:00:15][sql] SELECT `id`,`image`,ctitle as title FROM `ds_category` WHERE `ds_category`.`delete_time` IS NULL LIMIT 100 [ RunTime:0.000314s ]
[2024-04-26 23:00:18][error] [0]Call to undefined method Endroid\QrCode\QrCode::getContentType()[/www/wwwroot/xinuocs.testlike.cn/app/index/controller/Index.php:1011]
[2024-04-26 23:00:18][sql] CONNECT:[ UseTime:0.005226s ] mysql:host=127.0.0.1;port=3306;dbname=xinuocs_test;charset=utf8
[2024-04-26 23:00:18][sql] SHOW FULL COLUMNS FROM `ds_category` [ RunTime:0.005898s ]
[2024-04-26 23:00:18][sql] SELECT `id`,`image`,ctitle as title FROM `ds_category` WHERE `ds_category`.`delete_time` IS NULL LIMIT 100 [ RunTime:0.000318s ]
[2024-04-26 23:00:40][sql] CONNECT:[ UseTime:0.000366s ] mysql:host=127.0.0.1;port=3306;dbname=xinuocs_test;charset=utf8
[2024-04-26 23:00:40][sql] SHOW FULL COLUMNS FROM `ds_hezi` [ RunTime:0.001888s ]
[2024-04-26 23:00:40][sql] SELECT * FROM `ds_hezi` WHERE  `id` = 1328 LIMIT 1 [ RunTime:0.000302s ]
[2024-04-26 23:00:40][sql] SHOW FULL COLUMNS FROM `ds_tj` [ RunTime:0.001253s ]
[2024-04-26 23:00:40][sql] SELECT * FROM `ds_tj` WHERE  `ua` = 'd3c9ec7e2ee252f5a6cb09ec55375551' LIMIT 1 [ RunTime:0.000268s ]
[2024-04-26 23:00:40][sql] SHOW FULL COLUMNS FROM `ds_complain` [ RunTime:0.002295s ]
[2024-04-26 23:00:40][sql] SELECT * FROM `ds_complain` WHERE  `ip` = '182.118.239.157' [ RunTime:0.000298s ]
[2024-04-26 23:00:40][sql] SHOW FULL COLUMNS FROM `ds_system_config` [ RunTime:0.002690s ]
[2024-04-26 23:00:40][sql] SELECT `value` FROM `ds_system_config` WHERE  `group` = 'ff'  AND `name` = 'ff_pc' LIMIT 1 [ RunTime:0.000268s ]
[2024-04-26 23:00:40][sql] SHOW FULL COLUMNS FROM `ds_system_admin` [ RunTime:0.001439s ]
[2024-04-26 23:00:40][sql] SELECT * FROM `ds_system_admin` WHERE (  `id` = 184 ) AND `ds_system_admin`.`delete_time` IS NULL LIMIT 1 [ RunTime:0.000406s ]
[2024-04-26 23:00:40][sql] SELECT * FROM `ds_system_admin` WHERE (  `id` = 184 ) AND `ds_system_admin`.`delete_time` IS NULL LIMIT 1 [ RunTime:0.000333s ]
[2024-04-26 23:00:40][sql] SELECT * FROM `ds_hezi` WHERE  `id` = 1328 LIMIT 1 [ RunTime:0.011897s ]
[2024-04-26 23:00:40][sql] SHOW FULL COLUMNS FROM `ds_domain_rule` [ RunTime:0.001972s ]
[2024-04-26 23:00:40][sql] SELECT * FROM `ds_domain_rule` WHERE  `status` = 1  AND `uid` = 184  AND `type` = 2 LIMIT 1 [ RunTime:0.000312s ]
[2024-04-26 23:00:40][sql] SELECT * FROM `ds_domain_rule` WHERE  `status` = 1  AND `type` = 2  AND `uid` = 10086 LIMIT 1 [ RunTime:0.000261s ]
[2024-04-26 23:00:40][sql] SELECT `value` FROM `ds_system_config` WHERE  `group` = 'ff'  AND `name` = 'ff_fix' LIMIT 1 [ RunTime:0.000242s ]
[2024-04-26 23:00:40][sql] CONNECT:[ UseTime:0.001580s ] mysql:host=127.0.0.1;port=3306;dbname=xinuocs_test;charset=utf8
[2024-04-26 23:00:40][sql] SHOW FULL COLUMNS FROM `ds_hezi` [ RunTime:0.001489s ]
[2024-04-26 23:00:40][sql] SELECT * FROM `ds_hezi` WHERE  `id` = 1328 LIMIT 1 [ RunTime:0.000320s ]
[2024-04-26 23:00:40][sql] SHOW FULL COLUMNS FROM `ds_user_point` [ RunTime:0.001321s ]
[2024-04-26 23:00:40][sql] SELECT * FROM `ds_user_point` WHERE  `ua` = '2d3de6a7dcf45718ff38e25968332359' LIMIT 1 [ RunTime:0.049470s ]
[2024-04-26 23:00:41][sql] CONNECT:[ UseTime:0.009472s ] mysql:host=127.0.0.1;port=3306;dbname=xinuocs_test;charset=utf8
[2024-04-26 23:00:41][sql] SHOW FULL COLUMNS FROM `ds_category` [ RunTime:0.002089s ]
[2024-04-26 23:00:41][sql] SELECT `id`,`image`,ctitle as title FROM `ds_category` WHERE `ds_category`.`delete_time` IS NULL LIMIT 910 [ RunTime:0.000350s ]
[2024-04-26 23:01:16][sql] CONNECT:[ UseTime:0.004963s ] mysql:host=127.0.0.1;port=3306;dbname=xinuocs_test;charset=utf8
[2024-04-26 23:01:16][sql] SHOW FULL COLUMNS FROM `ds_hezi` [ RunTime:0.002109s ]
[2024-04-26 23:01:16][sql] SELECT * FROM `ds_hezi` WHERE  `id` = 1328 LIMIT 1 [ RunTime:0.000347s ]
[2024-04-26 23:01:16][sql] SHOW FULL COLUMNS FROM `ds_tj` [ RunTime:0.001599s ]
[2024-04-26 23:01:16][sql] SELECT * FROM `ds_tj` WHERE  `ua` = 'd3c9ec7e2ee252f5a6cb09ec55375551' LIMIT 1 [ RunTime:0.000267s ]
[2024-04-26 23:01:16][sql] SHOW FULL COLUMNS FROM `ds_complain` [ RunTime:0.001536s ]
[2024-04-26 23:01:16][sql] SELECT * FROM `ds_complain` WHERE  `ip` = '182.118.239.157' [ RunTime:0.000244s ]
[2024-04-26 23:01:16][sql] SHOW FULL COLUMNS FROM `ds_system_config` [ RunTime:0.001566s ]
[2024-04-26 23:01:16][sql] SELECT `value` FROM `ds_system_config` WHERE  `group` = 'ff'  AND `name` = 'ff_pc' LIMIT 1 [ RunTime:0.000269s ]
[2024-04-26 23:01:16][sql] SHOW FULL COLUMNS FROM `ds_system_admin` [ RunTime:0.001799s ]
[2024-04-26 23:01:16][sql] SELECT * FROM `ds_system_admin` WHERE (  `id` = 184 ) AND `ds_system_admin`.`delete_time` IS NULL LIMIT 1 [ RunTime:0.000450s ]
[2024-04-26 23:01:16][sql] SELECT * FROM `ds_system_admin` WHERE (  `id` = 184 ) AND `ds_system_admin`.`delete_time` IS NULL LIMIT 1 [ RunTime:0.000346s ]
[2024-04-26 23:01:16][sql] SELECT * FROM `ds_hezi` WHERE  `id` = 1328 LIMIT 1 [ RunTime:0.005874s ]
[2024-04-26 23:01:16][sql] SHOW FULL COLUMNS FROM `ds_domain_rule` [ RunTime:0.007003s ]
[2024-04-26 23:01:16][sql] SELECT * FROM `ds_domain_rule` WHERE  `status` = 1  AND `uid` = 184  AND `type` = 2 LIMIT 1 [ RunTime:0.000320s ]
[2024-04-26 23:01:16][sql] SELECT * FROM `ds_domain_rule` WHERE  `status` = 1  AND `type` = 2  AND `uid` = 10086 LIMIT 1 [ RunTime:0.000250s ]
[2024-04-26 23:01:16][sql] SELECT `value` FROM `ds_system_config` WHERE  `group` = 'ff'  AND `name` = 'ff_fix' LIMIT 1 [ RunTime:0.000269s ]
[2024-04-26 23:01:16][sql] CONNECT:[ UseTime:0.009495s ] mysql:host=127.0.0.1;port=3306;dbname=xinuocs_test;charset=utf8
[2024-04-26 23:01:16][sql] SHOW FULL COLUMNS FROM `ds_hezi` [ RunTime:0.001574s ]
[2024-04-26 23:01:16][sql] SELECT * FROM `ds_hezi` WHERE  `id` = 1328 LIMIT 1 [ RunTime:0.000318s ]
[2024-04-26 23:01:16][sql] SHOW FULL COLUMNS FROM `ds_user_point` [ RunTime:0.006768s ]
[2024-04-26 23:01:16][sql] SELECT * FROM `ds_user_point` WHERE  `ua` = '2d3de6a7dcf45718ff38e25968332359' LIMIT 1 [ RunTime:0.042548s ]
[2024-04-26 23:01:17][sql] CONNECT:[ UseTime:0.004947s ] mysql:host=127.0.0.1;port=3306;dbname=xinuocs_test;charset=utf8
[2024-04-26 23:01:17][sql] SHOW FULL COLUMNS FROM `ds_category` [ RunTime:0.002088s ]
[2024-04-26 23:01:17][sql] SELECT `id`,`image`,ctitle as title FROM `ds_category` WHERE `ds_category`.`delete_time` IS NULL LIMIT 910 [ RunTime:0.000305s ]
[2024-04-26 23:23:58][error] [0]Call to undefined method Endroid\QrCode\QrCode::getContentType()[/www/wwwroot/xinuocs.testlike.cn/app/index/controller/Index.php:1011]
[2024-04-26 23:28:27][sql] CONNECT:[ UseTime:0.000335s ] mysql:host=127.0.0.1;port=3306;dbname=xinuocs_test;charset=utf8
[2024-04-26 23:28:27][sql] SHOW FULL COLUMNS FROM `ds_hezi` [ RunTime:0.002112s ]
[2024-04-26 23:28:27][sql] SELECT * FROM `ds_hezi` WHERE  `id` = 1328 LIMIT 1 [ RunTime:0.000314s ]
[2024-04-26 23:28:27][sql] SHOW FULL COLUMNS FROM `ds_tj` [ RunTime:0.001173s ]
[2024-04-26 23:28:27][sql] SELECT * FROM `ds_tj` WHERE  `ua` = '46c55abe47b6ff39cca1493b1e9eb027' LIMIT 1 [ RunTime:0.000243s ]
[2024-04-26 23:28:27][sql] SHOW FULL COLUMNS FROM `ds_complain` [ RunTime:0.001809s ]
[2024-04-26 23:28:27][sql] SELECT * FROM `ds_complain` WHERE  `ip` = '180.101.244.15' [ RunTime:0.000255s ]
[2024-04-26 23:28:27][sql] SHOW FULL COLUMNS FROM `ds_system_config` [ RunTime:0.001264s ]
[2024-04-26 23:28:27][sql] SELECT `value` FROM `ds_system_config` WHERE  `group` = 'ff'  AND `name` = 'ff_pc' LIMIT 1 [ RunTime:0.000243s ]
[2024-04-26 23:28:27][sql] SHOW FULL COLUMNS FROM `ds_system_admin` [ RunTime:0.001361s ]
[2024-04-26 23:28:27][sql] SELECT * FROM `ds_system_admin` WHERE (  `id` = 184 ) AND `ds_system_admin`.`delete_time` IS NULL LIMIT 1 [ RunTime:0.000373s ]
[2024-04-26 23:28:27][sql] SELECT * FROM `ds_system_admin` WHERE (  `id` = 184 ) AND `ds_system_admin`.`delete_time` IS NULL LIMIT 1 [ RunTime:0.000346s ]
[2024-04-26 23:28:27][sql] SELECT * FROM `ds_hezi` WHERE  `id` = 1328 LIMIT 1 [ RunTime:0.000284s ]
[2024-04-26 23:28:27][sql] SHOW FULL COLUMNS FROM `ds_domain_rule` [ RunTime:0.001232s ]
[2024-04-26 23:28:27][sql] SELECT * FROM `ds_domain_rule` WHERE  `status` = 1  AND `uid` = 184  AND `type` = 2 LIMIT 1 [ RunTime:0.000248s ]
[2024-04-26 23:28:27][sql] SELECT * FROM `ds_domain_rule` WHERE  `status` = 1  AND `type` = 2  AND `uid` = 10086 LIMIT 1 [ RunTime:0.009117s ]
[2024-04-26 23:28:27][sql] SELECT `value` FROM `ds_system_config` WHERE  `group` = 'ff'  AND `name` = 'ff_fix' LIMIT 1 [ RunTime:0.000290s ]
[2024-04-26 23:28:28][sql] CONNECT:[ UseTime:0.006495s ] mysql:host=127.0.0.1;port=3306;dbname=xinuocs_test;charset=utf8
[2024-04-26 23:28:28][sql] SHOW FULL COLUMNS FROM `ds_hezi` [ RunTime:0.001902s ]
[2024-04-26 23:28:28][sql] SELECT * FROM `ds_hezi` WHERE  `id` = 1328 LIMIT 1 [ RunTime:0.000335s ]
[2024-04-26 23:28:28][sql] SHOW FULL COLUMNS FROM `ds_user_point` [ RunTime:0.001206s ]
[2024-04-26 23:28:28][sql] SELECT * FROM `ds_user_point` WHERE  `ua` = 'ef72fffdb18116eda1a5f63583869cfb' LIMIT 1 [ RunTime:0.044854s ]
[2024-04-26 23:28:28][sql] SHOW FULL COLUMNS FROM `ds_system_config` [ RunTime:0.003044s ]
[2024-04-26 23:28:28][sql] SELECT `value` FROM `ds_system_config` WHERE  `group` = 'short_video'  AND `name` = 'add_point' LIMIT 1 [ RunTime:0.000298s ]
[2024-04-26 23:28:28][sql] INSERT INTO `ds_user_point` SET `ua` = 'ef72fffdb18116eda1a5f63583869cfb' , `point` = 10 , `time` = '2024-04-26 23:28:28' [ RunTime:0.021795s ]
[2024-04-26 23:28:29][sql] CONNECT:[ UseTime:0.002057s ] mysql:host=127.0.0.1;port=3306;dbname=xinuocs_test;charset=utf8
[2024-04-26 23:28:29][sql] SHOW FULL COLUMNS FROM `ds_category` [ RunTime:0.002636s ]
[2024-04-26 23:28:29][sql] SELECT `id`,`image`,ctitle as title FROM `ds_category` WHERE `ds_category`.`delete_time` IS NULL LIMIT 910 [ RunTime:0.000256s ]
[2024-04-26 23:34:36][sql] CONNECT:[ UseTime:0.003476s ] mysql:host=127.0.0.1;port=3306;dbname=xinuocs_test;charset=utf8
[2024-04-26 23:34:36][sql] SHOW FULL COLUMNS FROM `ds_hezi` [ RunTime:0.002247s ]
[2024-04-26 23:34:36][sql] SELECT * FROM `ds_hezi` WHERE  `id` = 1328 LIMIT 1 [ RunTime:0.000331s ]
[2024-04-26 23:34:36][sql] SHOW FULL COLUMNS FROM `ds_tj` [ RunTime:0.001217s ]
[2024-04-26 23:34:36][sql] SELECT * FROM `ds_tj` WHERE  `ua` = 'd01ea6d004b25ac1aa46e672e467ee73' LIMIT 1 [ RunTime:0.000253s ]
[2024-04-26 23:34:36][sql] SHOW FULL COLUMNS FROM `ds_complain` [ RunTime:0.001212s ]
[2024-04-26 23:34:36][sql] SELECT * FROM `ds_complain` WHERE  `ip` = '219.134.171.133' [ RunTime:0.000246s ]
[2024-04-26 23:34:36][sql] SHOW FULL COLUMNS FROM `ds_system_config` [ RunTime:0.001559s ]
[2024-04-26 23:34:36][sql] SELECT `value` FROM `ds_system_config` WHERE  `group` = 'ff'  AND `name` = 'ff_pc' LIMIT 1 [ RunTime:0.000342s ]
[2024-04-26 23:34:36][sql] SHOW FULL COLUMNS FROM `ds_system_admin` [ RunTime:0.001669s ]
[2024-04-26 23:34:36][sql] SELECT * FROM `ds_system_admin` WHERE (  `id` = 184 ) AND `ds_system_admin`.`delete_time` IS NULL LIMIT 1 [ RunTime:0.000578s ]
[2024-04-26 23:34:36][sql] SELECT * FROM `ds_system_admin` WHERE (  `id` = 184 ) AND `ds_system_admin`.`delete_time` IS NULL LIMIT 1 [ RunTime:0.000368s ]
[2024-04-26 23:34:36][sql] SELECT * FROM `ds_hezi` WHERE  `id` = 1328 LIMIT 1 [ RunTime:0.000292s ]
[2024-04-26 23:34:36][sql] SHOW FULL COLUMNS FROM `ds_domain_rule` [ RunTime:0.001443s ]
[2024-04-26 23:34:36][sql] SELECT * FROM `ds_domain_rule` WHERE  `status` = 1  AND `uid` = 184  AND `type` = 2 LIMIT 1 [ RunTime:0.000250s ]
[2024-04-26 23:34:36][sql] SELECT * FROM `ds_domain_rule` WHERE  `status` = 1  AND `type` = 2  AND `uid` = 10086 LIMIT 1 [ RunTime:0.000251s ]
[2024-04-26 23:34:36][sql] SELECT `value` FROM `ds_system_config` WHERE  `group` = 'ff'  AND `name` = 'ff_fix' LIMIT 1 [ RunTime:0.000227s ]
[2024-04-26 23:34:37][sql] CONNECT:[ UseTime:0.006502s ] mysql:host=127.0.0.1;port=3306;dbname=xinuocs_test;charset=utf8
[2024-04-26 23:34:37][sql] SHOW FULL COLUMNS FROM `ds_hezi` [ RunTime:0.007281s ]
[2024-04-26 23:34:37][sql] SELECT * FROM `ds_hezi` WHERE  `id` = 1328 LIMIT 1 [ RunTime:0.000383s ]
[2024-04-26 23:34:37][sql] SHOW FULL COLUMNS FROM `ds_user_point` [ RunTime:0.001693s ]
[2024-04-26 23:34:37][sql] SELECT * FROM `ds_user_point` WHERE  `ua` = '94032d85a4045e85b1efcf5f97a3b578' LIMIT 1 [ RunTime:0.044781s ]
[2024-04-26 23:34:38][sql] CONNECT:[ UseTime:0.001880s ] mysql:host=127.0.0.1;port=3306;dbname=xinuocs_test;charset=utf8
[2024-04-26 23:34:38][sql] SHOW FULL COLUMNS FROM `ds_category` [ RunTime:0.002135s ]
[2024-04-26 23:34:38][sql] SELECT `id`,`image`,ctitle as title FROM `ds_category` WHERE `ds_category`.`delete_time` IS NULL LIMIT 910 [ RunTime:0.004793s ]
[2024-04-26 23:39:54][sql] CONNECT:[ UseTime:0.004811s ] mysql:host=127.0.0.1;port=3306;dbname=xinuocs_test;charset=utf8
[2024-04-26 23:39:54][sql] SHOW FULL COLUMNS FROM `ds_category` [ RunTime:0.002164s ]
[2024-04-26 23:39:54][sql] SELECT `id`,`image`,ctitle as title FROM `ds_category` WHERE `ds_category`.`delete_time` IS NULL LIMIT 910 [ RunTime:0.000306s ]
[2024-04-26 23:47:24][sql] CONNECT:[ UseTime:0.005358s ] mysql:host=127.0.0.1;port=3306;dbname=xinuocs_test;charset=utf8
[2024-04-26 23:47:24][sql] SHOW FULL COLUMNS FROM `ds_category` [ RunTime:0.001306s ]
[2024-04-26 23:47:24][sql] SELECT `id`,`image`,ctitle as title FROM `ds_category` WHERE `ds_category`.`delete_time` IS NULL LIMIT 910 [ RunTime:0.000267s ]
[2024-04-26 23:51:05][sql] CONNECT:[ UseTime:0.001115s ] mysql:host=127.0.0.1;port=3306;dbname=xinuocs_test;charset=utf8
[2024-04-26 23:51:05][sql] SHOW FULL COLUMNS FROM `ds_category` [ RunTime:0.001963s ]
[2024-04-26 23:51:05][sql] SELECT `id`,`image`,ctitle as title FROM `ds_category` WHERE `ds_category`.`delete_time` IS NULL LIMIT 910 [ RunTime:0.000330s ]
