[2022-08-12 00:08:40][sql] CONNECT:[ UseTime:0.002341s ] mysql:host=127.0.0.1;port=3306;dbname=websq;charset=utf8
[2022-08-12 00:08:40][sql] SHOW FULL COLUMNS FROM `ds_hezi` [ RunTime:0.003917s ]
[2022-08-12 00:08:40][sql] SELECT * FROM `ds_hezi` WHERE  `id` = 1313 LIMIT 1 [ RunTime:0.001252s ]
[2022-08-12 00:08:40][sql] SHOW FULL COLUMNS FROM `ds_tj` [ RunTime:0.001268s ]
[2022-08-12 00:08:40][sql] SELECT * FROM `ds_tj` WHERE  `ua` = '710c1fe1599f10603faa6ce098ccfdcc' LIMIT 1 [ RunTime:0.000708s ]
[2022-08-12 00:08:40][sql] SHOW FULL COLUMNS FROM `ds_complain` [ RunTime:0.001286s ]
[2022-08-12 00:08:40][sql] SELECT * FROM `ds_complain` WHERE  `ip` = '27.225.248.204' [ RunTime:0.000527s ]
[2022-08-12 00:08:40][sql] SHOW FULL COLUMNS FROM `ds_system_config` [ RunTime:0.001263s ]
[2022-08-12 00:08:40][sql] SELECT `value` FROM `ds_system_config` WHERE  `group` = 'ff'  AND `name` = 'ff_pc' LIMIT 1 [ RunTime:0.000598s ]
[2022-08-12 00:08:40][sql] SHOW FULL COLUMNS FROM `ds_system_admin` [ RunTime:0.001567s ]
[2022-08-12 00:08:40][sql] SELECT * FROM `ds_system_admin` WHERE (  `id` = 183 ) AND `ds_system_admin`.`delete_time` IS NULL LIMIT 1 [ RunTime:0.000756s ]
[2022-08-12 00:08:40][sql] SELECT * FROM `ds_system_admin` WHERE (  `id` = 183 ) AND `ds_system_admin`.`delete_time` IS NULL LIMIT 1 [ RunTime:0.000624s ]
[2022-08-12 00:08:40][sql] SELECT * FROM `ds_hezi` WHERE  `id` = 1313 LIMIT 1 [ RunTime:0.000469s ]
[2022-08-12 00:08:40][sql] SHOW FULL COLUMNS FROM `ds_domain_rule` [ RunTime:0.001220s ]
[2022-08-12 00:08:40][sql] SELECT * FROM `ds_domain_rule` WHERE  `status` = 1  AND `uid` = 183  AND `type` = 2 LIMIT 1 [ RunTime:0.000576s ]
[2022-08-12 00:08:40][sql] SELECT * FROM `ds_domain_rule` WHERE  `status` = 1  AND `type` = 2  AND `uid` = 10086 LIMIT 1 [ RunTime:0.000460s ]
[2022-08-12 00:08:40][sql] SELECT `value` FROM `ds_system_config` WHERE  `group` = 'ff'  AND `name` = 'ff_fix' LIMIT 1 [ RunTime:0.000507s ]
[2022-08-12 00:08:41][sql] CONNECT:[ UseTime:0.000776s ] mysql:host=127.0.0.1;port=3306;dbname=websq;charset=utf8
[2022-08-12 00:08:41][sql] SHOW FULL COLUMNS FROM `ds_hezi` [ RunTime:0.001606s ]
[2022-08-12 00:08:41][sql] SELECT * FROM `ds_hezi` WHERE  `id` = 1313 LIMIT 1 [ RunTime:0.000543s ]
[2022-08-12 00:08:41][sql] SHOW FULL COLUMNS FROM `ds_user_point` [ RunTime:0.001099s ]
[2022-08-12 00:08:41][sql] SELECT * FROM `ds_user_point` WHERE  `ua` = 'b09b90b17fdbc1f04b197bb24950bebf' LIMIT 1 [ RunTime:0.081302s ]
[2022-08-12 00:08:43][sql] CONNECT:[ UseTime:0.000676s ] mysql:host=127.0.0.1;port=3306;dbname=websq;charset=utf8
[2022-08-12 00:08:43][sql] SHOW FULL COLUMNS FROM `ds_system_config` [ RunTime:0.001691s ]
[2022-08-12 00:08:43][sql] SELECT * FROM `ds_system_config` WHERE  `name` = 'zbkg' LIMIT 1 [ RunTime:0.000762s ]
[2022-08-12 00:08:43][sql] SELECT * FROM `ds_system_config` WHERE  `name` = 'zb_t_img' LIMIT 1 [ RunTime:0.000538s ]
[2022-08-12 00:08:43][sql] SHOW FULL COLUMNS FROM `ds_payed_show` [ RunTime:0.001383s ]
[2022-08-12 00:08:43][sql] SELECT * FROM `ds_payed_show` WHERE  `ua` = 'b09b90b17fdbc1f04b197bb24950bebf'  AND `is_date` = 2  AND `expire` > 1660234123 LIMIT 1 [ RunTime:0.056520s ]
[2022-08-12 00:08:43][sql] SELECT `value` FROM `ds_system_config` WHERE  `group` = 'ff'  AND `name` = 'ff_pc' LIMIT 1 [ RunTime:0.000553s ]
[2022-08-12 00:08:43][sql] SELECT `value` FROM `ds_system_config` WHERE  `group` = 'short_video'  AND `name` = 'dsp_notify' LIMIT 1 [ RunTime:0.000405s ]
[2022-08-12 00:08:43][sql] SELECT `value` FROM `ds_system_config` WHERE  `group` = 'short_video'  AND `name` = 'shar_box_text' LIMIT 1 [ RunTime:0.000493s ]
[2022-08-12 00:08:43][sql] SELECT `value` FROM `ds_system_config` WHERE  `group` = 'short_video'  AND `name` = 'rvery_point' LIMIT 1 [ RunTime:0.000411s ]
[2022-08-12 00:08:43][sql] SELECT `value` FROM `ds_system_config` WHERE  `group` = 'short_video'  AND `name` = 'zbwl' LIMIT 1 [ RunTime:0.000423s ]
[2022-08-12 00:08:43][sql] SELECT `value` FROM `ds_system_config` WHERE  `group` = 'short_video'  AND `name` = 'dspsk' LIMIT 1 [ RunTime:0.000394s ]
[2022-08-12 00:08:43][sql] SHOW FULL COLUMNS FROM `ds_system_admin` [ RunTime:0.001938s ]
[2022-08-12 00:08:43][sql] SELECT * FROM `ds_system_admin` WHERE (  `id` = 183 ) AND `ds_system_admin`.`delete_time` IS NULL LIMIT 1 [ RunTime:0.000589s ]
[2022-08-12 00:08:43][sql] SELECT * FROM `ds_system_admin` WHERE (  `id` = 183 ) AND `ds_system_admin`.`delete_time` IS NULL LIMIT 1 [ RunTime:0.000540s ]
[2022-08-12 00:08:43][sql] SHOW FULL COLUMNS FROM `ds_domain_rule` [ RunTime:0.001124s ]
[2022-08-12 00:08:43][sql] SELECT * FROM `ds_domain_rule` WHERE  `status` = 1  AND `uid` = 183  AND `type` = 1 LIMIT 1 [ RunTime:0.000443s ]
[2022-08-12 00:08:43][sql] SELECT * FROM `ds_domain_rule` WHERE  `status` = 1  AND `type` = 1  AND `uid` = 10086 LIMIT 1 [ RunTime:0.000413s ]
[2022-08-12 00:08:43][sql] SELECT `value` FROM `ds_system_config` WHERE  `group` = 'ff'  AND `name` = 'ff_fix' LIMIT 1 [ RunTime:0.000356s ]
[2022-08-12 00:08:43][sql] CONNECT:[ UseTime:0.001662s ] mysql:host=127.0.0.1;port=3306;dbname=websq;charset=utf8
[2022-08-12 00:08:43][sql] SHOW FULL COLUMNS FROM `ds_category` [ RunTime:0.001514s ]
[2022-08-12 00:08:43][sql] SELECT `id`,`image`,ctitle as title FROM `ds_category` WHERE `ds_category`.`delete_time` IS NULL LIMIT 9 [ RunTime:0.000517s ]
[2022-08-12 00:08:43][sql] CONNECT:[ UseTime:0.000596s ] mysql:host=127.0.0.1;port=3306;dbname=websq;charset=utf8
[2022-08-12 00:08:43][sql] SHOW FULL COLUMNS FROM `ds_domain_rule` [ RunTime:0.001364s ]
[2022-08-12 00:08:43][sql] SELECT * FROM `ds_domain_rule` WHERE  `status` = 1  AND `uid` = 183  AND `type` = 1 LIMIT 1 [ RunTime:0.000543s ]
[2022-08-12 00:08:43][sql] SELECT * FROM `ds_domain_rule` WHERE  `status` = 1  AND `type` = 1  AND `uid` = 10086 LIMIT 1 [ RunTime:0.000401s ]
[2022-08-12 00:08:43][sql] SHOW FULL COLUMNS FROM `ds_system_config` [ RunTime:0.001102s ]
[2022-08-12 00:08:43][sql] SELECT `value` FROM `ds_system_config` WHERE  `group` = 'ff'  AND `name` = 'ff_fix' LIMIT 1 [ RunTime:0.000413s ]
[2022-08-12 00:08:43][sql] SHOW FULL COLUMNS FROM `ds_payed_show` [ RunTime:0.001235s ]
[2022-08-12 00:08:43][sql] SELECT * FROM `ds_payed_show` WHERE  `uid` = 183  AND `expire` > 1660234123  AND (  (  ( ua = 'b09b90b17fdbc1f04b197bb24950bebf')  ) ) [ RunTime:0.043745s ]
[2022-08-12 00:08:43][sql] SHOW FULL COLUMNS FROM `ds_stock` [ RunTime:0.001363s ]
[2022-08-12 00:08:43][sql] SELECT COUNT(*) AS think_count FROM `ds_stock` WHERE  `is_dsp` = 0 LIMIT 1 [ RunTime:0.008255s ]
[2022-08-12 00:08:43][sql] SELECT `id`,`cid`,`url`,`title`,`image`,`time` FROM `ds_stock` WHERE  `is_dsp` = 0 ORDER BY rand() LIMIT 0,10 [ RunTime:0.034957s ]
[2022-08-12 00:08:43][sql] SHOW FULL COLUMNS FROM `ds_system_admin` [ RunTime:0.001571s ]
[2022-08-12 00:08:43][sql] SELECT * FROM `ds_system_admin` WHERE (  `id` = 183 ) AND `ds_system_admin`.`delete_time` IS NULL LIMIT 1 [ RunTime:0.000616s ]
[2022-08-12 00:08:43][sql] SELECT * FROM `ds_system_admin` WHERE (  `id` = 183 ) AND `ds_system_admin`.`delete_time` IS NULL LIMIT 1 [ RunTime:0.000561s ]
[2022-08-12 00:08:43][sql] SELECT `value` FROM `ds_system_config` WHERE  `group` = 'short_video'  AND `name` = 'dspsk' LIMIT 1 [ RunTime:0.000440s ]
[2022-08-12 00:08:43][sql] SELECT `value` FROM `ds_system_config` WHERE  `group` = 'short_video'  AND `name` = 'ppvd_params' LIMIT 1 [ RunTime:0.000378s ]
[2022-08-12 00:08:49][sql] CONNECT:[ UseTime:0.000995s ] mysql:host=127.0.0.1;port=3306;dbname=websq;charset=utf8
[2022-08-12 00:08:49][sql] SHOW FULL COLUMNS FROM `ds_system_admin` [ RunTime:0.001921s ]
[2022-08-12 00:08:49][sql] SELECT * FROM `ds_system_admin` WHERE (  `id` = 183 ) AND `ds_system_admin`.`delete_time` IS NULL LIMIT 1 [ RunTime:0.000725s ]
[2022-08-12 00:08:49][sql] SELECT * FROM `ds_system_admin` WHERE (  `id` = 183 ) AND `ds_system_admin`.`delete_time` IS NULL LIMIT 1 [ RunTime:0.000532s ]
[2022-08-12 00:08:49][sql] SHOW FULL COLUMNS FROM `ds_stock` [ RunTime:0.001156s ]
[2022-08-12 00:08:49][sql] SELECT * FROM `ds_stock` WHERE  `id` = 21055 LIMIT 1 [ RunTime:0.000448s ]
[2022-08-12 00:08:49][sql] SHOW FULL COLUMNS FROM `ds_system_config` [ RunTime:0.001103s ]
[2022-08-12 00:08:49][sql] SELECT `value` FROM `ds_system_config` WHERE  `group` = 'pay'  AND `name` = 'pay_type' LIMIT 1 [ RunTime:0.000423s ]
[2022-08-12 00:08:49][sql] SHOW FULL COLUMNS FROM `ds_price` [ RunTime:0.001151s ]
[2022-08-12 00:08:49][sql] SELECT * FROM `ds_price` WHERE  `pay_model` = '1'  AND `uid` = 183 [ RunTime:0.000684s ]
[2022-08-12 00:08:49][sql] SELECT * FROM `ds_price` WHERE  `pay_model` = '2'  AND `uid` = 183 [ RunTime:0.000635s ]
[2022-08-12 00:08:49][sql] SELECT * FROM `ds_system_admin` WHERE (  `id` = 1 ) AND `ds_system_admin`.`delete_time` IS NULL LIMIT 1 [ RunTime:0.000615s ]
[2022-08-12 00:08:49][sql] SELECT * FROM `ds_system_admin` WHERE (  `id` = 1 ) AND `ds_system_admin`.`delete_time` IS NULL LIMIT 1 [ RunTime:0.000487s ]
[2022-08-12 00:08:49][sql] SHOW FULL COLUMNS FROM `ds_pay_setting` [ RunTime:0.001198s ]
[2022-08-12 00:08:49][sql] SELECT `pay_fudong` FROM `ds_pay_setting` WHERE  `pay_model` = '123456' LIMIT 1 [ RunTime:0.000632s ]
[2022-08-12 00:08:49][sql] SELECT `pay_fudong` FROM `ds_pay_setting` WHERE  `pay_model` = 'easydoc' LIMIT 1 [ RunTime:0.000421s ]
[2022-08-12 00:08:49][sql] SELECT `value` FROM `ds_system_config` WHERE  `group` = 'jg'  AND `name` = 'jg_topen' LIMIT 1 [ RunTime:0.000376s ]
[2022-08-12 00:08:49][sql] SELECT `value` FROM `ds_system_config` WHERE  `group` = 'jg'  AND `name` = 'jp_wopen' LIMIT 1 [ RunTime:0.000370s ]
[2022-08-12 00:08:49][sql] SELECT `value` FROM `ds_system_config` WHERE  `group` = 'jg'  AND `name` = 'jg_yopen' LIMIT 1 [ RunTime:0.000469s ]
[2022-08-12 00:08:49][sql] SELECT `value` FROM `ds_system_config` WHERE  `group` = 'jg'  AND `name` = 'jg_topen' LIMIT 1 [ RunTime:0.000328s ]
[2022-08-12 00:08:49][sql] SELECT `value` FROM `ds_system_config` WHERE  `group` = 'jg'  AND `name` = 'jp_wopen' LIMIT 1 [ RunTime:0.000305s ]
[2022-08-12 00:08:49][sql] SELECT `value` FROM `ds_system_config` WHERE  `group` = 'jg'  AND `name` = 'jg_yopen' LIMIT 1 [ RunTime:0.000322s ]
