[2022-08-14 23:32:25][sql] CONNECT:[ UseTime:0.003765s ] mysql:host=127.0.0.1;port=3306;dbname=websq;charset=utf8
[2022-08-14 23:32:25][sql] SHOW FULL COLUMNS FROM `ds_hezi` [ RunTime:0.002824s ]
[2022-08-14 23:32:25][sql] SELECT * FROM `ds_hezi` WHERE  `id` = 1314 LIMIT 1 [ RunTime:0.001197s ]
[2022-08-14 23:32:25][sql] SHOW FULL COLUMNS FROM `ds_tj` [ RunTime:0.001155s ]
[2022-08-14 23:32:25][sql] SELECT * FROM `ds_tj` WHERE  `ua` = 'fa5e083bdf3555bc08e722f6364ba63d' LIMIT 1 [ RunTime:0.000470s ]
[2022-08-14 23:32:25][sql] SHOW FULL COLUMNS FROM `ds_complain` [ RunTime:0.001266s ]
[2022-08-14 23:32:25][sql] SELECT * FROM `ds_complain` WHERE  `ip` = '27.102.106.68' [ RunTime:0.000439s ]
[2022-08-14 23:32:25][sql] SHOW FULL COLUMNS FROM `ds_system_config` [ RunTime:0.001431s ]
[2022-08-14 23:32:25][sql] SELECT `value` FROM `ds_system_config` WHERE  `group` = 'ff'  AND `name` = 'ff_pc' LIMIT 1 [ RunTime:0.000567s ]
[2022-08-14 23:32:25][sql] SHOW FULL COLUMNS FROM `ds_system_admin` [ RunTime:0.002315s ]
[2022-08-14 23:32:25][sql] SELECT * FROM `ds_system_admin` WHERE (  `id` = 182 ) AND `ds_system_admin`.`delete_time` IS NULL LIMIT 1 [ RunTime:0.000913s ]
[2022-08-14 23:32:25][sql] SELECT * FROM `ds_system_admin` WHERE (  `id` = 182 ) AND `ds_system_admin`.`delete_time` IS NULL LIMIT 1 [ RunTime:0.000616s ]
[2022-08-14 23:32:25][sql] SELECT * FROM `ds_hezi` WHERE  `id` = 1314 LIMIT 1 [ RunTime:0.000439s ]
[2022-08-14 23:32:25][sql] SHOW FULL COLUMNS FROM `ds_domain_rule` [ RunTime:0.001899s ]
[2022-08-14 23:32:25][sql] SELECT * FROM `ds_domain_rule` WHERE  `status` = 1  AND `uid` = 182  AND `type` = 2 LIMIT 1 [ RunTime:0.000637s ]
[2022-08-14 23:32:25][sql] SELECT `value` FROM `ds_system_config` WHERE  `group` = 'ff'  AND `name` = 'ff_fix' LIMIT 1 [ RunTime:0.000510s ]
[2022-08-14 23:32:25][sql] CONNECT:[ UseTime:0.001341s ] mysql:host=127.0.0.1;port=3306;dbname=websq;charset=utf8
[2022-08-14 23:32:25][sql] SHOW FULL COLUMNS FROM `ds_hezi` [ RunTime:0.002481s ]
[2022-08-14 23:32:25][sql] SELECT * FROM `ds_hezi` WHERE  `id` = 1314 LIMIT 1 [ RunTime:0.000879s ]
[2022-08-14 23:32:25][sql] SHOW FULL COLUMNS FROM `ds_user_point` [ RunTime:0.001319s ]
[2022-08-14 23:32:25][sql] SELECT * FROM `ds_user_point` WHERE  `ua` = 'ded348892e114f7693264c32b787b67e' LIMIT 1 [ RunTime:0.068764s ]
[2022-08-14 23:32:28][sql] CONNECT:[ UseTime:0.002891s ] mysql:host=127.0.0.1;port=3306;dbname=websq;charset=utf8
[2022-08-14 23:32:28][sql] SHOW FULL COLUMNS FROM `ds_category` [ RunTime:0.002565s ]
[2022-08-14 23:32:28][sql] SELECT `id`,`image`,ctitle as title FROM `ds_category` WHERE `ds_category`.`delete_time` IS NULL LIMIT 910 [ RunTime:0.000944s ]
[2022-08-14 23:32:28][sql] CONNECT:[ UseTime:0.000888s ] mysql:host=127.0.0.1;port=3306;dbname=websq;charset=utf8
[2022-08-14 23:32:28][sql] SHOW FULL COLUMNS FROM `ds_system_config` [ RunTime:0.002176s ]
[2022-08-14 23:32:28][sql] SELECT * FROM `ds_system_config` WHERE  `name` = 'zbkg' LIMIT 1 [ RunTime:0.000762s ]
[2022-08-14 23:32:28][sql] SELECT * FROM `ds_system_config` WHERE  `name` = 'zb_t_img' LIMIT 1 [ RunTime:0.000424s ]
[2022-08-14 23:32:28][sql] SHOW FULL COLUMNS FROM `ds_payed_show` [ RunTime:0.001298s ]
[2022-08-14 23:32:28][sql] SELECT * FROM `ds_payed_show` WHERE  `ua` = 'ded348892e114f7693264c32b787b67e'  AND `is_date` = 2  AND `expire` > 1660491148 LIMIT 1 [ RunTime:0.056449s ]
[2022-08-14 23:32:28][sql] SELECT `value` FROM `ds_system_config` WHERE  `group` = 'ff'  AND `name` = 'ff_pc' LIMIT 1 [ RunTime:0.000588s ]
[2022-08-14 23:32:28][sql] SELECT `value` FROM `ds_system_config` WHERE  `group` = 'short_video'  AND `name` = 'dsp_notify' LIMIT 1 [ RunTime:0.000381s ]
[2022-08-14 23:32:28][sql] SELECT `value` FROM `ds_system_config` WHERE  `group` = 'short_video'  AND `name` = 'shar_box_text' LIMIT 1 [ RunTime:0.000381s ]
[2022-08-14 23:32:28][sql] SELECT `value` FROM `ds_system_config` WHERE  `group` = 'short_video'  AND `name` = 'rvery_point' LIMIT 1 [ RunTime:0.000407s ]
[2022-08-14 23:32:28][sql] SELECT `value` FROM `ds_system_config` WHERE  `group` = 'short_video'  AND `name` = 'zbwl' LIMIT 1 [ RunTime:0.000366s ]
[2022-08-14 23:32:28][sql] SELECT `value` FROM `ds_system_config` WHERE  `group` = 'short_video'  AND `name` = 'dspsk' LIMIT 1 [ RunTime:0.000409s ]
[2022-08-14 23:32:28][sql] SHOW FULL COLUMNS FROM `ds_system_admin` [ RunTime:0.002018s ]
[2022-08-14 23:32:28][sql] SELECT * FROM `ds_system_admin` WHERE (  `id` = 182 ) AND `ds_system_admin`.`delete_time` IS NULL LIMIT 1 [ RunTime:0.000721s ]
[2022-08-14 23:32:28][sql] SELECT * FROM `ds_system_admin` WHERE (  `id` = 182 ) AND `ds_system_admin`.`delete_time` IS NULL LIMIT 1 [ RunTime:0.000491s ]
[2022-08-14 23:32:28][sql] SHOW FULL COLUMNS FROM `ds_domain_rule` [ RunTime:0.001148s ]
[2022-08-14 23:32:28][sql] SELECT * FROM `ds_domain_rule` WHERE  `status` = 1  AND `uid` = 182  AND `type` = 1 LIMIT 1 [ RunTime:0.000662s ]
[2022-08-14 23:32:28][sql] SELECT `value` FROM `ds_system_config` WHERE  `group` = 'ff'  AND `name` = 'ff_fix' LIMIT 1 [ RunTime:0.000420s ]
[2022-08-14 23:32:28][sql] CONNECT:[ UseTime:0.001131s ] mysql:host=127.0.0.1;port=3306;dbname=websq;charset=utf8
[2022-08-14 23:32:28][sql] SHOW FULL COLUMNS FROM `ds_domain_rule` [ RunTime:0.002310s ]
[2022-08-14 23:32:28][sql] SELECT * FROM `ds_domain_rule` WHERE  `status` = 1  AND `uid` = 182  AND `type` = 1 LIMIT 1 [ RunTime:0.001022s ]
[2022-08-14 23:32:28][sql] SHOW FULL COLUMNS FROM `ds_system_config` [ RunTime:0.001724s ]
[2022-08-14 23:32:28][sql] SELECT `value` FROM `ds_system_config` WHERE  `group` = 'ff'  AND `name` = 'ff_fix' LIMIT 1 [ RunTime:0.000684s ]
[2022-08-14 23:32:28][sql] SHOW FULL COLUMNS FROM `ds_payed_show` [ RunTime:0.002032s ]
[2022-08-14 23:32:28][sql] SELECT * FROM `ds_payed_show` WHERE  `uid` = 182  AND `expire` > 1660491148  AND (  (  ( ua = 'ded348892e114f7693264c32b787b67e')  ) ) [ RunTime:0.048623s ]
[2022-08-14 23:32:28][sql] SHOW FULL COLUMNS FROM `ds_stock` [ RunTime:0.003497s ]
[2022-08-14 23:32:28][sql] SELECT COUNT(*) AS think_count FROM `ds_stock` WHERE  `is_dsp` = 0 LIMIT 1 [ RunTime:0.008841s ]
[2022-08-14 23:32:28][sql] SELECT `id`,`cid`,`url`,`title`,`image`,`time` FROM `ds_stock` WHERE  `is_dsp` = 0 ORDER BY rand() LIMIT 0,10 [ RunTime:0.045733s ]
[2022-08-14 23:32:28][sql] SHOW FULL COLUMNS FROM `ds_system_admin` [ RunTime:0.002066s ]
[2022-08-14 23:32:28][sql] SELECT * FROM `ds_system_admin` WHERE (  `id` = 182 ) AND `ds_system_admin`.`delete_time` IS NULL LIMIT 1 [ RunTime:0.000864s ]
[2022-08-14 23:32:28][sql] SELECT * FROM `ds_system_admin` WHERE (  `id` = 182 ) AND `ds_system_admin`.`delete_time` IS NULL LIMIT 1 [ RunTime:0.000606s ]
[2022-08-14 23:32:28][sql] SELECT `value` FROM `ds_system_config` WHERE  `group` = 'short_video'  AND `name` = 'dspsk' LIMIT 1 [ RunTime:0.000595s ]
[2022-08-14 23:32:28][sql] SELECT `value` FROM `ds_system_config` WHERE  `group` = 'short_video'  AND `name` = 'ppvd_params' LIMIT 1 [ RunTime:0.000485s ]
[2022-08-14 23:32:34][sql] CONNECT:[ UseTime:0.001514s ] mysql:host=127.0.0.1;port=3306;dbname=websq;charset=utf8
[2022-08-14 23:32:34][sql] SHOW FULL COLUMNS FROM `ds_system_admin` [ RunTime:0.002593s ]
[2022-08-14 23:32:34][sql] SELECT * FROM `ds_system_admin` WHERE (  `id` = 182 ) AND `ds_system_admin`.`delete_time` IS NULL LIMIT 1 [ RunTime:0.001149s ]
[2022-08-14 23:32:34][sql] SELECT * FROM `ds_system_admin` WHERE (  `id` = 182 ) AND `ds_system_admin`.`delete_time` IS NULL LIMIT 1 [ RunTime:0.000590s ]
[2022-08-14 23:32:34][sql] SHOW FULL COLUMNS FROM `ds_stock` [ RunTime:0.002960s ]
[2022-08-14 23:32:34][sql] SELECT * FROM `ds_stock` WHERE  `id` = 17497 LIMIT 1 [ RunTime:0.000705s ]
[2022-08-14 23:32:34][sql] SHOW FULL COLUMNS FROM `ds_system_config` [ RunTime:0.001364s ]
[2022-08-14 23:32:34][sql] SELECT `value` FROM `ds_system_config` WHERE  `group` = 'pay'  AND `name` = 'pay_type' LIMIT 1 [ RunTime:0.000677s ]
[2022-08-14 23:32:34][sql] SHOW FULL COLUMNS FROM `ds_price` [ RunTime:0.001324s ]
[2022-08-14 23:32:34][sql] SELECT * FROM `ds_price` WHERE  `pay_model` = '1'  AND `uid` = 182 [ RunTime:0.000873s ]
[2022-08-14 23:32:34][sql] SELECT * FROM `ds_price` WHERE  `pay_model` = '2'  AND `uid` = 182 [ RunTime:0.000610s ]
[2022-08-14 23:32:34][sql] SELECT * FROM `ds_system_admin` WHERE (  `id` = 1 ) AND `ds_system_admin`.`delete_time` IS NULL LIMIT 1 [ RunTime:0.000682s ]
[2022-08-14 23:32:34][sql] SELECT * FROM `ds_system_admin` WHERE (  `id` = 1 ) AND `ds_system_admin`.`delete_time` IS NULL LIMIT 1 [ RunTime:0.000845s ]
[2022-08-14 23:32:34][sql] SHOW FULL COLUMNS FROM `ds_pay_setting` [ RunTime:0.001429s ]
[2022-08-14 23:32:34][sql] SELECT `pay_fudong` FROM `ds_pay_setting` WHERE  `pay_model` = '123456' LIMIT 1 [ RunTime:0.000570s ]
[2022-08-14 23:32:34][sql] SELECT `pay_fudong` FROM `ds_pay_setting` WHERE  `pay_model` = 'easydoc' LIMIT 1 [ RunTime:0.000456s ]
[2022-08-14 23:32:34][sql] SELECT `value` FROM `ds_system_config` WHERE  `group` = 'jg'  AND `name` = 'jg_topen' LIMIT 1 [ RunTime:0.000527s ]
[2022-08-14 23:32:34][sql] SELECT `value` FROM `ds_system_config` WHERE  `group` = 'jg'  AND `name` = 'jp_wopen' LIMIT 1 [ RunTime:0.000363s ]
[2022-08-14 23:32:34][sql] SELECT `value` FROM `ds_system_config` WHERE  `group` = 'jg'  AND `name` = 'jg_yopen' LIMIT 1 [ RunTime:0.000337s ]
[2022-08-14 23:32:34][sql] SELECT `value` FROM `ds_system_config` WHERE  `group` = 'jg'  AND `name` = 'jg_topen' LIMIT 1 [ RunTime:0.000353s ]
[2022-08-14 23:32:34][sql] SELECT `value` FROM `ds_system_config` WHERE  `group` = 'jg'  AND `name` = 'jp_wopen' LIMIT 1 [ RunTime:0.000296s ]
[2022-08-14 23:32:34][sql] SELECT `value` FROM `ds_system_config` WHERE  `group` = 'jg'  AND `name` = 'jg_yopen' LIMIT 1 [ RunTime:0.000304s ]
[2022-08-14 23:32:41][sql] CONNECT:[ UseTime:0.001134s ] mysql:host=127.0.0.1;port=3306;dbname=websq;charset=utf8
[2022-08-14 23:32:41][sql] SHOW FULL COLUMNS FROM `ds_domain_rule` [ RunTime:0.002008s ]
[2022-08-14 23:32:41][sql] SELECT * FROM `ds_domain_rule` WHERE  `status` = 1  AND `uid` = 182  AND `type` = 1 LIMIT 1 [ RunTime:0.000931s ]
[2022-08-14 23:32:41][sql] SHOW FULL COLUMNS FROM `ds_system_config` [ RunTime:0.001191s ]
[2022-08-14 23:32:41][sql] SELECT `value` FROM `ds_system_config` WHERE  `group` = 'ff'  AND `name` = 'ff_fix' LIMIT 1 [ RunTime:0.000534s ]
[2022-08-14 23:32:41][sql] SHOW FULL COLUMNS FROM `ds_payed_show` [ RunTime:0.001140s ]
[2022-08-14 23:32:41][sql] SELECT * FROM `ds_payed_show` WHERE  `uid` = 182  AND `expire` > 1660491161  AND (  (  ( ua = 'ded348892e114f7693264c32b787b67e')  ) ) [ RunTime:0.052376s ]
[2022-08-14 23:32:41][sql] SHOW FULL COLUMNS FROM `ds_stock` [ RunTime:0.001456s ]
[2022-08-14 23:32:41][sql] SELECT COUNT(*) AS think_count FROM `ds_stock` WHERE  `is_dsp` = 0 LIMIT 1 [ RunTime:0.007842s ]
[2022-08-14 23:32:41][sql] SELECT `id`,`cid`,`url`,`title`,`image`,`time` FROM `ds_stock` WHERE  `is_dsp` = 0 ORDER BY rand() LIMIT 10,10 [ RunTime:0.034571s ]
[2022-08-14 23:32:41][sql] SHOW FULL COLUMNS FROM `ds_system_admin` [ RunTime:0.001549s ]
[2022-08-14 23:32:41][sql] SELECT * FROM `ds_system_admin` WHERE (  `id` = 182 ) AND `ds_system_admin`.`delete_time` IS NULL LIMIT 1 [ RunTime:0.000772s ]
[2022-08-14 23:32:41][sql] SELECT * FROM `ds_system_admin` WHERE (  `id` = 182 ) AND `ds_system_admin`.`delete_time` IS NULL LIMIT 1 [ RunTime:0.000554s ]
[2022-08-14 23:32:41][sql] SELECT `value` FROM `ds_system_config` WHERE  `group` = 'short_video'  AND `name` = 'dspsk' LIMIT 1 [ RunTime:0.000456s ]
[2022-08-14 23:32:41][sql] SELECT `value` FROM `ds_system_config` WHERE  `group` = 'short_video'  AND `name` = 'ppvd_params' LIMIT 1 [ RunTime:0.000349s ]
[2022-08-14 23:32:50][sql] CONNECT:[ UseTime:0.003080s ] mysql:host=127.0.0.1;port=3306;dbname=websq;charset=utf8
[2022-08-14 23:32:50][sql] SHOW FULL COLUMNS FROM `ds_domain_rule` [ RunTime:0.004263s ]
[2022-08-14 23:32:50][sql] SELECT * FROM `ds_domain_rule` WHERE  `status` = 1  AND `uid` = 182  AND `type` = 1 LIMIT 1 [ RunTime:0.001392s ]
[2022-08-14 23:32:50][sql] SHOW FULL COLUMNS FROM `ds_system_config` [ RunTime:0.001945s ]
[2022-08-14 23:32:50][sql] SELECT `value` FROM `ds_system_config` WHERE  `group` = 'ff'  AND `name` = 'ff_fix' LIMIT 1 [ RunTime:0.000890s ]
[2022-08-14 23:32:50][sql] SHOW FULL COLUMNS FROM `ds_payed_show` [ RunTime:0.001614s ]
[2022-08-14 23:32:50][sql] SELECT * FROM `ds_payed_show` WHERE  `uid` = 182  AND `expire` > 1660491170  AND (  (  ( ua = 'ded348892e114f7693264c32b787b67e')  ) ) [ RunTime:0.054478s ]
[2022-08-14 23:32:50][sql] SHOW FULL COLUMNS FROM `ds_stock` [ RunTime:0.001524s ]
[2022-08-14 23:32:50][sql] SELECT COUNT(*) AS think_count FROM `ds_stock` WHERE  `is_dsp` = 0 LIMIT 1 [ RunTime:0.008195s ]
[2022-08-14 23:32:50][sql] SELECT `id`,`cid`,`url`,`title`,`image`,`time` FROM `ds_stock` WHERE  `is_dsp` = 0 ORDER BY rand() LIMIT 20,10 [ RunTime:0.038410s ]
[2022-08-14 23:32:50][sql] SHOW FULL COLUMNS FROM `ds_system_admin` [ RunTime:0.001982s ]
[2022-08-14 23:32:50][sql] SELECT * FROM `ds_system_admin` WHERE (  `id` = 182 ) AND `ds_system_admin`.`delete_time` IS NULL LIMIT 1 [ RunTime:0.000880s ]
[2022-08-14 23:32:50][sql] SELECT * FROM `ds_system_admin` WHERE (  `id` = 182 ) AND `ds_system_admin`.`delete_time` IS NULL LIMIT 1 [ RunTime:0.000647s ]
[2022-08-14 23:32:50][sql] SELECT `value` FROM `ds_system_config` WHERE  `group` = 'short_video'  AND `name` = 'dspsk' LIMIT 1 [ RunTime:0.000508s ]
[2022-08-14 23:32:50][sql] SELECT `value` FROM `ds_system_config` WHERE  `group` = 'short_video'  AND `name` = 'ppvd_params' LIMIT 1 [ RunTime:0.000408s ]
[2022-08-14 23:33:00][sql] CONNECT:[ UseTime:0.001156s ] mysql:host=127.0.0.1;port=3306;dbname=websq;charset=utf8
[2022-08-14 23:33:00][sql] SHOW FULL COLUMNS FROM `ds_system_admin` [ RunTime:0.002418s ]
[2022-08-14 23:33:00][sql] SELECT * FROM `ds_system_admin` WHERE (  `id` = 182 ) AND `ds_system_admin`.`delete_time` IS NULL LIMIT 1 [ RunTime:0.001177s ]
[2022-08-14 23:33:00][sql] SELECT * FROM `ds_system_admin` WHERE (  `id` = 182 ) AND `ds_system_admin`.`delete_time` IS NULL LIMIT 1 [ RunTime:0.000533s ]
[2022-08-14 23:33:00][sql] SHOW FULL COLUMNS FROM `ds_stock` [ RunTime:0.001290s ]
[2022-08-14 23:33:00][sql] SELECT * FROM `ds_stock` WHERE  `id` = 24631 LIMIT 1 [ RunTime:0.000457s ]
[2022-08-14 23:33:00][sql] SHOW FULL COLUMNS FROM `ds_system_config` [ RunTime:0.001114s ]
[2022-08-14 23:33:00][sql] SELECT `value` FROM `ds_system_config` WHERE  `group` = 'pay'  AND `name` = 'pay_type' LIMIT 1 [ RunTime:0.000542s ]
[2022-08-14 23:33:00][sql] SHOW FULL COLUMNS FROM `ds_price` [ RunTime:0.001117s ]
[2022-08-14 23:33:00][sql] SELECT * FROM `ds_price` WHERE  `pay_model` = '1'  AND `uid` = 182 [ RunTime:0.000696s ]
[2022-08-14 23:33:00][sql] SELECT * FROM `ds_price` WHERE  `pay_model` = '2'  AND `uid` = 182 [ RunTime:0.000553s ]
[2022-08-14 23:33:00][sql] SELECT * FROM `ds_system_admin` WHERE (  `id` = 1 ) AND `ds_system_admin`.`delete_time` IS NULL LIMIT 1 [ RunTime:0.000518s ]
[2022-08-14 23:33:00][sql] SELECT * FROM `ds_system_admin` WHERE (  `id` = 1 ) AND `ds_system_admin`.`delete_time` IS NULL LIMIT 1 [ RunTime:0.000524s ]
[2022-08-14 23:33:00][sql] SHOW FULL COLUMNS FROM `ds_pay_setting` [ RunTime:0.001234s ]
[2022-08-14 23:33:00][sql] SELECT `pay_fudong` FROM `ds_pay_setting` WHERE  `pay_model` = '123456' LIMIT 1 [ RunTime:0.000400s ]
[2022-08-14 23:33:00][sql] SELECT `pay_fudong` FROM `ds_pay_setting` WHERE  `pay_model` = 'easydoc' LIMIT 1 [ RunTime:0.000326s ]
[2022-08-14 23:33:00][sql] SELECT `value` FROM `ds_system_config` WHERE  `group` = 'jg'  AND `name` = 'jg_topen' LIMIT 1 [ RunTime:0.000404s ]
[2022-08-14 23:33:00][sql] SELECT `value` FROM `ds_system_config` WHERE  `group` = 'jg'  AND `name` = 'jp_wopen' LIMIT 1 [ RunTime:0.000347s ]
[2022-08-14 23:33:00][sql] SELECT `value` FROM `ds_system_config` WHERE  `group` = 'jg'  AND `name` = 'jg_yopen' LIMIT 1 [ RunTime:0.000377s ]
[2022-08-14 23:33:00][sql] SELECT `value` FROM `ds_system_config` WHERE  `group` = 'jg'  AND `name` = 'jg_topen' LIMIT 1 [ RunTime:0.000323s ]
[2022-08-14 23:33:00][sql] SELECT `value` FROM `ds_system_config` WHERE  `group` = 'jg'  AND `name` = 'jp_wopen' LIMIT 1 [ RunTime:0.000307s ]
[2022-08-14 23:33:00][sql] SELECT `value` FROM `ds_system_config` WHERE  `group` = 'jg'  AND `name` = 'jg_yopen' LIMIT 1 [ RunTime:0.000832s ]
[2022-08-14 23:38:07][sql] CONNECT:[ UseTime:0.000587s ] mysql:host=127.0.0.1;port=3306;dbname=websq;charset=utf8
[2022-08-14 23:38:07][sql] SHOW FULL COLUMNS FROM `ds_system_config` [ RunTime:0.001278s ]
[2022-08-14 23:38:07][sql] SELECT * FROM `ds_system_config` WHERE  `name` = 'zbkg' LIMIT 1 [ RunTime:0.000519s ]
[2022-08-14 23:38:07][sql] SELECT * FROM `ds_system_config` WHERE  `name` = 'zb_t_img' LIMIT 1 [ RunTime:0.000427s ]
[2022-08-14 23:38:07][sql] SHOW FULL COLUMNS FROM `ds_payed_show` [ RunTime:0.001048s ]
[2022-08-14 23:38:07][sql] SELECT * FROM `ds_payed_show` WHERE  `ua` = 'ded348892e114f7693264c32b787b67e'  AND `is_date` = 2  AND `expire` > 1660491487 LIMIT 1 [ RunTime:0.052837s ]
[2022-08-14 23:38:07][sql] SELECT `value` FROM `ds_system_config` WHERE  `group` = 'ff'  AND `name` = 'ff_pc' LIMIT 1 [ RunTime:0.000781s ]
[2022-08-14 23:38:07][sql] SELECT `value` FROM `ds_system_config` WHERE  `group` = 'short_video'  AND `name` = 'dsp_notify' LIMIT 1 [ RunTime:0.000375s ]
[2022-08-14 23:38:07][sql] SELECT `value` FROM `ds_system_config` WHERE  `group` = 'short_video'  AND `name` = 'shar_box_text' LIMIT 1 [ RunTime:0.000375s ]
[2022-08-14 23:38:07][sql] SELECT `value` FROM `ds_system_config` WHERE  `group` = 'short_video'  AND `name` = 'rvery_point' LIMIT 1 [ RunTime:0.000365s ]
[2022-08-14 23:38:07][sql] SELECT `value` FROM `ds_system_config` WHERE  `group` = 'short_video'  AND `name` = 'zbwl' LIMIT 1 [ RunTime:0.000376s ]
[2022-08-14 23:38:07][sql] SELECT `value` FROM `ds_system_config` WHERE  `group` = 'short_video'  AND `name` = 'dspsk' LIMIT 1 [ RunTime:0.000312s ]
[2022-08-14 23:38:07][sql] SHOW FULL COLUMNS FROM `ds_system_admin` [ RunTime:0.001657s ]
[2022-08-14 23:38:07][sql] SELECT * FROM `ds_system_admin` WHERE (  `id` = 182 ) AND `ds_system_admin`.`delete_time` IS NULL LIMIT 1 [ RunTime:0.000578s ]
[2022-08-14 23:38:07][sql] SELECT * FROM `ds_system_admin` WHERE (  `id` = 182 ) AND `ds_system_admin`.`delete_time` IS NULL LIMIT 1 [ RunTime:0.000495s ]
[2022-08-14 23:38:07][sql] SHOW FULL COLUMNS FROM `ds_domain_rule` [ RunTime:0.001122s ]
[2022-08-14 23:38:07][sql] SELECT * FROM `ds_domain_rule` WHERE  `status` = 1  AND `uid` = 182  AND `type` = 1 LIMIT 1 [ RunTime:0.000481s ]
[2022-08-14 23:38:07][sql] SELECT `value` FROM `ds_system_config` WHERE  `group` = 'ff'  AND `name` = 'ff_fix' LIMIT 1 [ RunTime:0.000399s ]
[2022-08-14 23:38:08][sql] CONNECT:[ UseTime:0.000694s ] mysql:host=127.0.0.1;port=3306;dbname=websq;charset=utf8
[2022-08-14 23:38:08][sql] SHOW FULL COLUMNS FROM `ds_pay_order` [ RunTime:0.001591s ]
[2022-08-14 23:38:08][sql] SELECT * FROM `ds_pay_order` WHERE  `transact` = '202208142337436544' LIMIT 1 [ RunTime:0.000632s ]
[2022-08-14 23:38:09][error] [0]Call to undefined method Endroid\QrCode\QrCode::getContentType()[/www/wwwroot/vdsds.live/app/index/controller/Index.php:1011]
[2022-08-14 23:38:09][sql] CONNECT:[ UseTime:0.000626s ] mysql:host=127.0.0.1;port=3306;dbname=websq;charset=utf8
[2022-08-14 23:38:09][sql] SHOW FULL COLUMNS FROM `ds_complain` [ RunTime:0.001451s ]
[2022-08-14 23:38:09][sql] SELECT * FROM `ds_complain` WHERE  `ip` = '38.55.195.23' LIMIT 1 [ RunTime:0.000489s ]
[2022-08-14 23:38:09][sql] SHOW FULL COLUMNS FROM `ds_stock` [ RunTime:0.001263s ]
[2022-08-14 23:38:09][sql] SELECT * FROM `ds_stock` WHERE  `id` = 24631 LIMIT 1 [ RunTime:0.000437s ]
[2022-08-14 23:38:09][sql] SHOW FULL COLUMNS FROM `ds_payed_show` [ RunTime:0.001101s ]
[2022-08-14 23:38:09][sql] SELECT * FROM `ds_payed_show` WHERE  `uid` = 182  AND `expire` > 1660491489  AND (  (  ( ua = 'ded348892e114f7693264c32b787b67e')  ) ) [ RunTime:0.045314s ]
[2022-08-14 23:38:09][sql] SELECT * FROM `ds_payed_show` WHERE  `vid` = 24631  AND `expire` > 1660491489  AND `uid` = 182  AND (  `ip` = '38.55.195.23'  OR `ua` = 'ded348892e114f7693264c32b787b67e' ) LIMIT 1 [ RunTime:0.045379s ]
[2022-08-14 23:38:09][sql] CONNECT:[ UseTime:0.001417s ] mysql:host=127.0.0.1;port=3306;dbname=websq;charset=utf8
[2022-08-14 23:38:09][sql] SHOW FULL COLUMNS FROM `ds_domain_rule` [ RunTime:0.008814s ]
[2022-08-14 23:38:09][sql] SELECT * FROM `ds_domain_rule` WHERE  `status` = 1  AND `uid` = 182  AND `type` = 1 LIMIT 1 [ RunTime:0.003298s ]
[2022-08-14 23:38:09][sql] SHOW FULL COLUMNS FROM `ds_system_config` [ RunTime:0.001152s ]
[2022-08-14 23:38:09][sql] SELECT `value` FROM `ds_system_config` WHERE  `group` = 'ff'  AND `name` = 'ff_fix' LIMIT 1 [ RunTime:0.000431s ]
[2022-08-14 23:38:09][sql] SHOW FULL COLUMNS FROM `ds_payed_show` [ RunTime:0.001342s ]
[2022-08-14 23:38:09][sql] SELECT * FROM `ds_payed_show` WHERE  `uid` = 182  AND `expire` > 1660491489  AND (  (  ( ua = 'ded348892e114f7693264c32b787b67e')  ) ) [ RunTime:0.045763s ]
[2022-08-14 23:38:09][sql] SHOW FULL COLUMNS FROM `ds_stock` [ RunTime:0.001376s ]
[2022-08-14 23:38:09][sql] SELECT COUNT(*) AS think_count FROM `ds_stock` WHERE  `is_dsp` = 0 LIMIT 1 [ RunTime:0.008306s ]
[2022-08-14 23:38:09][sql] SELECT `id`,`cid`,`url`,`title`,`image`,`time` FROM `ds_stock` WHERE  `is_dsp` = 0 ORDER BY rand() LIMIT 0,10 [ RunTime:0.029924s ]
[2022-08-14 23:38:09][sql] SHOW FULL COLUMNS FROM `ds_system_admin` [ RunTime:0.001562s ]
[2022-08-14 23:38:09][sql] SELECT * FROM `ds_system_admin` WHERE (  `id` = 182 ) AND `ds_system_admin`.`delete_time` IS NULL LIMIT 1 [ RunTime:0.000660s ]
[2022-08-14 23:38:09][sql] SELECT * FROM `ds_system_admin` WHERE (  `id` = 182 ) AND `ds_system_admin`.`delete_time` IS NULL LIMIT 1 [ RunTime:0.000447s ]
[2022-08-14 23:38:09][sql] SELECT `value` FROM `ds_system_config` WHERE  `group` = 'short_video'  AND `name` = 'dspsk' LIMIT 1 [ RunTime:0.000402s ]
[2022-08-14 23:38:09][sql] SELECT `value` FROM `ds_system_config` WHERE  `group` = 'short_video'  AND `name` = 'ppvd_params' LIMIT 1 [ RunTime:0.000348s ]
[2022-08-14 23:38:12][error] [0]Call to undefined method Endroid\QrCode\QrCode::getContentType()[/www/wwwroot/vdsds.live/app/index/controller/Index.php:1011]
[2022-08-14 23:38:12][sql] CONNECT:[ UseTime:0.000615s ] mysql:host=127.0.0.1;port=3306;dbname=websq;charset=utf8
[2022-08-14 23:38:12][sql] SHOW FULL COLUMNS FROM `ds_category` [ RunTime:0.001370s ]
[2022-08-14 23:38:12][sql] SELECT `id`,`image`,ctitle as title FROM `ds_category` WHERE `ds_category`.`delete_time` IS NULL LIMIT 100 [ RunTime:0.000490s ]
[2022-08-14 23:38:12][sql] CONNECT:[ UseTime:0.000602s ] mysql:host=127.0.0.1;port=3306;dbname=websq;charset=utf8
[2022-08-14 23:38:12][sql] SHOW FULL COLUMNS FROM `ds_domain_rule` [ RunTime:0.001390s ]
[2022-08-14 23:38:12][sql] SELECT * FROM `ds_domain_rule` WHERE  `status` = 1  AND `uid` = 182  AND `type` = 1 LIMIT 1 [ RunTime:0.000577s ]
[2022-08-14 23:38:12][sql] SHOW FULL COLUMNS FROM `ds_system_config` [ RunTime:0.001156s ]
[2022-08-14 23:38:12][sql] SELECT `value` FROM `ds_system_config` WHERE  `group` = 'ff'  AND `name` = 'ff_fix' LIMIT 1 [ RunTime:0.000462s ]
[2022-08-14 23:38:12][sql] SHOW FULL COLUMNS FROM `ds_payed_show` [ RunTime:0.001217s ]
[2022-08-14 23:38:12][sql] SELECT * FROM `ds_payed_show` WHERE  `uid` = 182  AND `expire` > 1660491492  AND (  (  ( ua = 'ded348892e114f7693264c32b787b67e')  ) ) [ RunTime:0.045090s ]
[2022-08-14 23:38:12][sql] SHOW FULL COLUMNS FROM `ds_stock` [ RunTime:0.001363s ]
[2022-08-14 23:38:12][sql] SELECT COUNT(*) AS think_count FROM `ds_stock` WHERE  `is_dsp` = 0 LIMIT 1 [ RunTime:0.004036s ]
[2022-08-14 23:38:12][sql] SELECT `id`,`cid`,`url`,`title`,`image`,`time` FROM `ds_stock` WHERE  `is_dsp` = 0 ORDER BY rand() LIMIT 0,10 [ RunTime:0.030391s ]
[2022-08-14 23:38:12][sql] SHOW FULL COLUMNS FROM `ds_system_admin` [ RunTime:0.001577s ]
[2022-08-14 23:38:12][sql] SELECT * FROM `ds_system_admin` WHERE (  `id` = 182 ) AND `ds_system_admin`.`delete_time` IS NULL LIMIT 1 [ RunTime:0.000573s ]
[2022-08-14 23:38:12][sql] SELECT * FROM `ds_system_admin` WHERE (  `id` = 182 ) AND `ds_system_admin`.`delete_time` IS NULL LIMIT 1 [ RunTime:0.000505s ]
[2022-08-14 23:38:12][sql] SELECT `value` FROM `ds_system_config` WHERE  `group` = 'short_video'  AND `name` = 'dspsk' LIMIT 1 [ RunTime:0.000382s ]
[2022-08-14 23:38:12][sql] SELECT `value` FROM `ds_system_config` WHERE  `group` = 'short_video'  AND `name` = 'ppvd_params' LIMIT 1 [ RunTime:0.000391s ]
[2022-08-14 23:38:17][sql] CONNECT:[ UseTime:0.000753s ] mysql:host=127.0.0.1;port=3306;dbname=websq;charset=utf8
[2022-08-14 23:38:17][sql] SHOW FULL COLUMNS FROM `ds_domain_rule` [ RunTime:0.001392s ]
[2022-08-14 23:38:17][sql] SELECT * FROM `ds_domain_rule` WHERE  `status` = 1  AND `uid` = 182  AND `type` = 1 LIMIT 1 [ RunTime:0.000671s ]
[2022-08-14 23:38:17][sql] SHOW FULL COLUMNS FROM `ds_system_config` [ RunTime:0.002071s ]
[2022-08-14 23:38:17][sql] SELECT `value` FROM `ds_system_config` WHERE  `group` = 'ff'  AND `name` = 'ff_fix' LIMIT 1 [ RunTime:0.000537s ]
[2022-08-14 23:38:17][sql] SHOW FULL COLUMNS FROM `ds_payed_show` [ RunTime:0.001174s ]
[2022-08-14 23:38:17][sql] SELECT * FROM `ds_payed_show` WHERE  `uid` = 182  AND `expire` > 1660491497  AND (  (  ( ua = 'ded348892e114f7693264c32b787b67e')  ) ) [ RunTime:0.050727s ]
[2022-08-14 23:38:17][sql] SHOW FULL COLUMNS FROM `ds_stock` [ RunTime:0.002045s ]
[2022-08-14 23:38:17][sql] SELECT COUNT(*) AS think_count FROM `ds_stock` WHERE  `is_dsp` = 0 LIMIT 1 [ RunTime:0.004700s ]
[2022-08-14 23:38:17][sql] SELECT `id`,`cid`,`url`,`title`,`image`,`time` FROM `ds_stock` WHERE  `is_dsp` = 0 ORDER BY rand() LIMIT 10,10 [ RunTime:0.030488s ]
[2022-08-14 23:38:17][sql] SHOW FULL COLUMNS FROM `ds_system_admin` [ RunTime:0.001635s ]
[2022-08-14 23:38:17][sql] SELECT * FROM `ds_system_admin` WHERE (  `id` = 182 ) AND `ds_system_admin`.`delete_time` IS NULL LIMIT 1 [ RunTime:0.000647s ]
[2022-08-14 23:38:17][sql] SELECT * FROM `ds_system_admin` WHERE (  `id` = 182 ) AND `ds_system_admin`.`delete_time` IS NULL LIMIT 1 [ RunTime:0.000481s ]
[2022-08-14 23:38:17][sql] SELECT `value` FROM `ds_system_config` WHERE  `group` = 'short_video'  AND `name` = 'dspsk' LIMIT 1 [ RunTime:0.000448s ]
[2022-08-14 23:38:17][sql] SELECT `value` FROM `ds_system_config` WHERE  `group` = 'short_video'  AND `name` = 'ppvd_params' LIMIT 1 [ RunTime:0.000444s ]
[2022-08-14 23:38:25][sql] CONNECT:[ UseTime:0.000781s ] mysql:host=127.0.0.1;port=3306;dbname=websq;charset=utf8
[2022-08-14 23:38:25][sql] SHOW FULL COLUMNS FROM `ds_domain_rule` [ RunTime:0.002389s ]
[2022-08-14 23:38:25][sql] SELECT * FROM `ds_domain_rule` WHERE  `status` = 1  AND `uid` = 182  AND `type` = 1 LIMIT 1 [ RunTime:0.000683s ]
[2022-08-14 23:38:25][sql] SHOW FULL COLUMNS FROM `ds_system_config` [ RunTime:0.001033s ]
[2022-08-14 23:38:25][sql] SELECT `value` FROM `ds_system_config` WHERE  `group` = 'ff'  AND `name` = 'ff_fix' LIMIT 1 [ RunTime:0.000416s ]
[2022-08-14 23:38:25][sql] SHOW FULL COLUMNS FROM `ds_payed_show` [ RunTime:0.001041s ]
[2022-08-14 23:38:25][sql] SELECT * FROM `ds_payed_show` WHERE  `uid` = 182  AND `expire` > 1660491505  AND (  (  ( ua = 'ded348892e114f7693264c32b787b67e')  ) ) [ RunTime:0.044411s ]
[2022-08-14 23:38:25][sql] SHOW FULL COLUMNS FROM `ds_stock` [ RunTime:0.001330s ]
[2022-08-14 23:38:25][sql] SELECT COUNT(*) AS think_count FROM `ds_stock` WHERE  `is_dsp` = 0 LIMIT 1 [ RunTime:0.004938s ]
[2022-08-14 23:38:25][sql] SELECT `id`,`cid`,`url`,`title`,`image`,`time` FROM `ds_stock` WHERE  `is_dsp` = 0 ORDER BY rand() LIMIT 20,10 [ RunTime:0.032959s ]
[2022-08-14 23:38:25][sql] SHOW FULL COLUMNS FROM `ds_system_admin` [ RunTime:0.001465s ]
[2022-08-14 23:38:25][sql] SELECT * FROM `ds_system_admin` WHERE (  `id` = 182 ) AND `ds_system_admin`.`delete_time` IS NULL LIMIT 1 [ RunTime:0.000641s ]
[2022-08-14 23:38:25][sql] SELECT * FROM `ds_system_admin` WHERE (  `id` = 182 ) AND `ds_system_admin`.`delete_time` IS NULL LIMIT 1 [ RunTime:0.000469s ]
[2022-08-14 23:38:25][sql] SELECT `value` FROM `ds_system_config` WHERE  `group` = 'short_video'  AND `name` = 'dspsk' LIMIT 1 [ RunTime:0.000441s ]
[2022-08-14 23:38:25][sql] SELECT `value` FROM `ds_system_config` WHERE  `group` = 'short_video'  AND `name` = 'ppvd_params' LIMIT 1 [ RunTime:0.000418s ]
[2022-08-14 23:38:35][sql] CONNECT:[ UseTime:0.001331s ] mysql:host=127.0.0.1;port=3306;dbname=websq;charset=utf8
[2022-08-14 23:38:35][sql] SHOW FULL COLUMNS FROM `ds_domain_rule` [ RunTime:0.001509s ]
[2022-08-14 23:38:35][sql] SELECT * FROM `ds_domain_rule` WHERE  `status` = 1  AND `uid` = 182  AND `type` = 1 LIMIT 1 [ RunTime:0.000504s ]
[2022-08-14 23:38:35][sql] SHOW FULL COLUMNS FROM `ds_system_config` [ RunTime:0.001009s ]
[2022-08-14 23:38:35][sql] SELECT `value` FROM `ds_system_config` WHERE  `group` = 'ff'  AND `name` = 'ff_fix' LIMIT 1 [ RunTime:0.000430s ]
[2022-08-14 23:38:35][sql] SHOW FULL COLUMNS FROM `ds_payed_show` [ RunTime:0.001155s ]
[2022-08-14 23:38:35][sql] SELECT * FROM `ds_payed_show` WHERE  `uid` = 182  AND `expire` > 1660491515  AND (  (  ( ua = 'ded348892e114f7693264c32b787b67e')  ) ) [ RunTime:0.047026s ]
[2022-08-14 23:38:35][sql] SHOW FULL COLUMNS FROM `ds_stock` [ RunTime:0.001391s ]
[2022-08-14 23:38:35][sql] SELECT COUNT(*) AS think_count FROM `ds_stock` WHERE  `is_dsp` = 0 LIMIT 1 [ RunTime:0.005368s ]
[2022-08-14 23:38:35][sql] SELECT `id`,`cid`,`url`,`title`,`image`,`time` FROM `ds_stock` WHERE  `is_dsp` = 0 ORDER BY rand() LIMIT 30,10 [ RunTime:0.030852s ]
[2022-08-14 23:38:35][sql] SHOW FULL COLUMNS FROM `ds_system_admin` [ RunTime:0.001428s ]
[2022-08-14 23:38:35][sql] SELECT * FROM `ds_system_admin` WHERE (  `id` = 182 ) AND `ds_system_admin`.`delete_time` IS NULL LIMIT 1 [ RunTime:0.000608s ]
[2022-08-14 23:38:35][sql] SELECT * FROM `ds_system_admin` WHERE (  `id` = 182 ) AND `ds_system_admin`.`delete_time` IS NULL LIMIT 1 [ RunTime:0.000474s ]
[2022-08-14 23:38:35][sql] SELECT `value` FROM `ds_system_config` WHERE  `group` = 'short_video'  AND `name` = 'dspsk' LIMIT 1 [ RunTime:0.000483s ]
[2022-08-14 23:38:35][sql] SELECT `value` FROM `ds_system_config` WHERE  `group` = 'short_video'  AND `name` = 'ppvd_params' LIMIT 1 [ RunTime:0.000412s ]
[2022-08-14 23:38:41][sql] CONNECT:[ UseTime:0.000638s ] mysql:host=127.0.0.1;port=3306;dbname=websq;charset=utf8
[2022-08-14 23:38:41][sql] SHOW FULL COLUMNS FROM `ds_category` [ RunTime:0.001347s ]
[2022-08-14 23:38:41][sql] SELECT `id`,`image`,ctitle as title FROM `ds_category` WHERE `ds_category`.`delete_time` IS NULL LIMIT 910 [ RunTime:0.000480s ]
[2022-08-14 23:38:41][sql] CONNECT:[ UseTime:0.000624s ] mysql:host=127.0.0.1;port=3306;dbname=websq;charset=utf8
[2022-08-14 23:38:41][sql] SHOW FULL COLUMNS FROM `ds_domain_rule` [ RunTime:0.001367s ]
[2022-08-14 23:38:41][sql] SELECT * FROM `ds_domain_rule` WHERE  `status` = 1  AND `uid` = 182  AND `type` = 1 LIMIT 1 [ RunTime:0.000536s ]
[2022-08-14 23:38:41][sql] SHOW FULL COLUMNS FROM `ds_system_config` [ RunTime:0.001129s ]
[2022-08-14 23:38:41][sql] SELECT `value` FROM `ds_system_config` WHERE  `group` = 'ff'  AND `name` = 'ff_fix' LIMIT 1 [ RunTime:0.000481s ]
[2022-08-14 23:38:41][sql] SHOW FULL COLUMNS FROM `ds_payed_show` [ RunTime:0.001171s ]
[2022-08-14 23:38:41][sql] SELECT * FROM `ds_payed_show` WHERE  `uid` = 182  AND `expire` > 1660491521  AND (  (  ( ua = 'ded348892e114f7693264c32b787b67e')  ) ) [ RunTime:0.045232s ]
[2022-08-14 23:38:41][sql] SHOW FULL COLUMNS FROM `ds_stock` [ RunTime:0.001367s ]
[2022-08-14 23:38:41][sql] SELECT COUNT(*) AS think_count FROM `ds_stock` WHERE  `is_dsp` = 0 LIMIT 1 [ RunTime:0.004529s ]
[2022-08-14 23:38:41][sql] SELECT `id`,`cid`,`url`,`title`,`image`,`time` FROM `ds_stock` WHERE  `is_dsp` = 0 ORDER BY rand() LIMIT 0,10 [ RunTime:0.032709s ]
[2022-08-14 23:38:41][sql] SHOW FULL COLUMNS FROM `ds_system_admin` [ RunTime:0.001503s ]
[2022-08-14 23:38:41][sql] SELECT * FROM `ds_system_admin` WHERE (  `id` = 182 ) AND `ds_system_admin`.`delete_time` IS NULL LIMIT 1 [ RunTime:0.000625s ]
[2022-08-14 23:38:41][sql] SELECT * FROM `ds_system_admin` WHERE (  `id` = 182 ) AND `ds_system_admin`.`delete_time` IS NULL LIMIT 1 [ RunTime:0.000506s ]
[2022-08-14 23:38:41][sql] SELECT `value` FROM `ds_system_config` WHERE  `group` = 'short_video'  AND `name` = 'dspsk' LIMIT 1 [ RunTime:0.000407s ]
[2022-08-14 23:38:41][sql] SELECT `value` FROM `ds_system_config` WHERE  `group` = 'short_video'  AND `name` = 'ppvd_params' LIMIT 1 [ RunTime:0.000420s ]
[2022-08-14 23:38:46][sql] CONNECT:[ UseTime:0.000729s ] mysql:host=127.0.0.1;port=3306;dbname=websq;charset=utf8
[2022-08-14 23:38:46][sql] SHOW FULL COLUMNS FROM `ds_domain_rule` [ RunTime:0.001306s ]
[2022-08-14 23:38:46][sql] SELECT * FROM `ds_domain_rule` WHERE  `status` = 1  AND `uid` = 182  AND `type` = 1 LIMIT 1 [ RunTime:0.000579s ]
[2022-08-14 23:38:46][sql] SHOW FULL COLUMNS FROM `ds_system_config` [ RunTime:0.001176s ]
[2022-08-14 23:38:46][sql] SELECT `value` FROM `ds_system_config` WHERE  `group` = 'ff'  AND `name` = 'ff_fix' LIMIT 1 [ RunTime:0.000458s ]
[2022-08-14 23:38:46][sql] SHOW FULL COLUMNS FROM `ds_payed_show` [ RunTime:0.001257s ]
[2022-08-14 23:38:46][sql] SELECT * FROM `ds_payed_show` WHERE  `uid` = 182  AND `expire` > 1660491526  AND (  (  ( ua = 'ded348892e114f7693264c32b787b67e')  ) ) [ RunTime:0.045416s ]
[2022-08-14 23:38:46][sql] SHOW FULL COLUMNS FROM `ds_category` [ RunTime:0.002090s ]
[2022-08-14 23:38:46][sql] SELECT * FROM `ds_category` WHERE (  `id` = 10 ) AND `ds_category`.`delete_time` IS NULL LIMIT 1 [ RunTime:0.000558s ]
[2022-08-14 23:38:46][sql] SHOW FULL COLUMNS FROM `ds_stock` [ RunTime:0.001167s ]
[2022-08-14 23:38:46][sql] SELECT COUNT(*) AS think_count FROM `ds_stock` WHERE  `title` LIKE '%传媒%'  AND `is_dsp` = 0 LIMIT 1 [ RunTime:0.009296s ]
[2022-08-14 23:38:46][sql] SELECT `id`,`cid`,`url`,`title`,`image`,`time` FROM `ds_stock` WHERE  `title` LIKE '%传媒%'  AND `is_dsp` = 0 ORDER BY rand() LIMIT 0,10 [ RunTime:0.016833s ]
[2022-08-14 23:38:46][sql] SHOW FULL COLUMNS FROM `ds_system_admin` [ RunTime:0.001455s ]
[2022-08-14 23:38:46][sql] SELECT * FROM `ds_system_admin` WHERE (  `id` = 182 ) AND `ds_system_admin`.`delete_time` IS NULL LIMIT 1 [ RunTime:0.000597s ]
[2022-08-14 23:38:46][sql] SELECT * FROM `ds_system_admin` WHERE (  `id` = 182 ) AND `ds_system_admin`.`delete_time` IS NULL LIMIT 1 [ RunTime:0.000624s ]
[2022-08-14 23:38:46][sql] SELECT `value` FROM `ds_system_config` WHERE  `group` = 'short_video'  AND `name` = 'dspsk' LIMIT 1 [ RunTime:0.000389s ]
[2022-08-14 23:38:46][sql] SELECT `value` FROM `ds_system_config` WHERE  `group` = 'short_video'  AND `name` = 'ppvd_params' LIMIT 1 [ RunTime:0.000342s ]
[2022-08-14 23:38:59][sql] CONNECT:[ UseTime:0.000992s ] mysql:host=127.0.0.1;port=3306;dbname=websq;charset=utf8
[2022-08-14 23:38:59][sql] SHOW FULL COLUMNS FROM `ds_domain_rule` [ RunTime:0.001869s ]
[2022-08-14 23:38:59][sql] SELECT * FROM `ds_domain_rule` WHERE  `status` = 1  AND `uid` = 182  AND `type` = 1 LIMIT 1 [ RunTime:0.000907s ]
[2022-08-14 23:38:59][sql] SHOW FULL COLUMNS FROM `ds_system_config` [ RunTime:0.001214s ]
[2022-08-14 23:38:59][sql] SELECT `value` FROM `ds_system_config` WHERE  `group` = 'ff'  AND `name` = 'ff_fix' LIMIT 1 [ RunTime:0.000562s ]
[2022-08-14 23:38:59][sql] SHOW FULL COLUMNS FROM `ds_payed_show` [ RunTime:0.001111s ]
[2022-08-14 23:38:59][sql] SELECT * FROM `ds_payed_show` WHERE  `uid` = 182  AND `expire` > 1660491539  AND (  (  ( ua = 'ded348892e114f7693264c32b787b67e')  ) ) [ RunTime:0.054591s ]
[2022-08-14 23:38:59][sql] SHOW FULL COLUMNS FROM `ds_category` [ RunTime:0.001288s ]
[2022-08-14 23:38:59][sql] SELECT * FROM `ds_category` WHERE (  `id` = 10 ) AND `ds_category`.`delete_time` IS NULL LIMIT 1 [ RunTime:0.000520s ]
[2022-08-14 23:38:59][sql] SHOW FULL COLUMNS FROM `ds_stock` [ RunTime:0.001106s ]
[2022-08-14 23:38:59][sql] SELECT COUNT(*) AS think_count FROM `ds_stock` WHERE  `title` LIKE '%传媒%'  AND `is_dsp` = 0 LIMIT 1 [ RunTime:0.013278s ]
[2022-08-14 23:38:59][sql] SELECT `id`,`cid`,`url`,`title`,`image`,`time` FROM `ds_stock` WHERE  `title` LIKE '%传媒%'  AND `is_dsp` = 0 ORDER BY rand() LIMIT 10,10 [ RunTime:0.018865s ]
[2022-08-14 23:38:59][sql] SHOW FULL COLUMNS FROM `ds_system_admin` [ RunTime:0.001533s ]
[2022-08-14 23:38:59][sql] SELECT * FROM `ds_system_admin` WHERE (  `id` = 182 ) AND `ds_system_admin`.`delete_time` IS NULL LIMIT 1 [ RunTime:0.000741s ]
[2022-08-14 23:38:59][sql] SELECT * FROM `ds_system_admin` WHERE (  `id` = 182 ) AND `ds_system_admin`.`delete_time` IS NULL LIMIT 1 [ RunTime:0.000548s ]
[2022-08-14 23:38:59][sql] SELECT `value` FROM `ds_system_config` WHERE  `group` = 'short_video'  AND `name` = 'dspsk' LIMIT 1 [ RunTime:0.000474s ]
[2022-08-14 23:38:59][sql] SELECT `value` FROM `ds_system_config` WHERE  `group` = 'short_video'  AND `name` = 'ppvd_params' LIMIT 1 [ RunTime:0.000371s ]
[2022-08-14 23:39:09][sql] CONNECT:[ UseTime:0.000677s ] mysql:host=127.0.0.1;port=3306;dbname=websq;charset=utf8
[2022-08-14 23:39:09][sql] SHOW FULL COLUMNS FROM `ds_domain_rule` [ RunTime:0.001429s ]
[2022-08-14 23:39:09][sql] SELECT * FROM `ds_domain_rule` WHERE  `status` = 1  AND `uid` = 182  AND `type` = 1 LIMIT 1 [ RunTime:0.000539s ]
[2022-08-14 23:39:09][sql] SHOW FULL COLUMNS FROM `ds_system_config` [ RunTime:0.001096s ]
[2022-08-14 23:39:09][sql] SELECT `value` FROM `ds_system_config` WHERE  `group` = 'ff'  AND `name` = 'ff_fix' LIMIT 1 [ RunTime:0.000450s ]
[2022-08-14 23:39:09][sql] SHOW FULL COLUMNS FROM `ds_payed_show` [ RunTime:0.001231s ]
[2022-08-14 23:39:09][sql] SELECT * FROM `ds_payed_show` WHERE  `uid` = 182  AND `expire` > 1660491548  AND (  (  ( ua = 'ded348892e114f7693264c32b787b67e')  ) ) [ RunTime:0.047307s ]
[2022-08-14 23:39:09][sql] SHOW FULL COLUMNS FROM `ds_category` [ RunTime:0.001477s ]
[2022-08-14 23:39:09][sql] SELECT * FROM `ds_category` WHERE (  `id` = 10 ) AND `ds_category`.`delete_time` IS NULL LIMIT 1 [ RunTime:0.000484s ]
[2022-08-14 23:39:09][sql] SHOW FULL COLUMNS FROM `ds_stock` [ RunTime:0.001033s ]
[2022-08-14 23:39:09][sql] SELECT COUNT(*) AS think_count FROM `ds_stock` WHERE  `title` LIKE '%传媒%'  AND `is_dsp` = 0 LIMIT 1 [ RunTime:0.008638s ]
[2022-08-14 23:39:09][sql] SELECT `id`,`cid`,`url`,`title`,`image`,`time` FROM `ds_stock` WHERE  `title` LIKE '%传媒%'  AND `is_dsp` = 0 ORDER BY rand() LIMIT 20,10 [ RunTime:0.016666s ]
[2022-08-14 23:39:09][sql] SHOW FULL COLUMNS FROM `ds_system_admin` [ RunTime:0.001718s ]
[2022-08-14 23:39:09][sql] SELECT * FROM `ds_system_admin` WHERE (  `id` = 182 ) AND `ds_system_admin`.`delete_time` IS NULL LIMIT 1 [ RunTime:0.000619s ]
[2022-08-14 23:39:09][sql] SELECT * FROM `ds_system_admin` WHERE (  `id` = 182 ) AND `ds_system_admin`.`delete_time` IS NULL LIMIT 1 [ RunTime:0.000486s ]
[2022-08-14 23:39:09][sql] SELECT `value` FROM `ds_system_config` WHERE  `group` = 'short_video'  AND `name` = 'dspsk' LIMIT 1 [ RunTime:0.000545s ]
[2022-08-14 23:39:09][sql] SELECT `value` FROM `ds_system_config` WHERE  `group` = 'short_video'  AND `name` = 'ppvd_params' LIMIT 1 [ RunTime:0.000397s ]
[2022-08-14 23:39:28][sql] CONNECT:[ UseTime:0.000790s ] mysql:host=127.0.0.1;port=3306;dbname=websq;charset=utf8
[2022-08-14 23:39:28][sql] SHOW FULL COLUMNS FROM `ds_domain_rule` [ RunTime:0.001585s ]
[2022-08-14 23:39:28][sql] SELECT * FROM `ds_domain_rule` WHERE  `status` = 1  AND `uid` = 182  AND `type` = 1 LIMIT 1 [ RunTime:0.000780s ]
[2022-08-14 23:39:28][sql] SHOW FULL COLUMNS FROM `ds_system_config` [ RunTime:0.001223s ]
[2022-08-14 23:39:28][sql] SELECT `value` FROM `ds_system_config` WHERE  `group` = 'ff'  AND `name` = 'ff_fix' LIMIT 1 [ RunTime:0.000544s ]
[2022-08-14 23:39:28][sql] SHOW FULL COLUMNS FROM `ds_payed_show` [ RunTime:0.001182s ]
[2022-08-14 23:39:28][sql] SELECT * FROM `ds_payed_show` WHERE  `uid` = 182  AND `expire` > 1660491568  AND (  (  ( ua = 'ded348892e114f7693264c32b787b67e')  ) ) [ RunTime:0.050668s ]
[2022-08-14 23:39:28][sql] SHOW FULL COLUMNS FROM `ds_category` [ RunTime:0.001393s ]
[2022-08-14 23:39:28][sql] SELECT * FROM `ds_category` WHERE (  `id` = 10 ) AND `ds_category`.`delete_time` IS NULL LIMIT 1 [ RunTime:0.000474s ]
[2022-08-14 23:39:28][sql] SHOW FULL COLUMNS FROM `ds_stock` [ RunTime:0.001098s ]
[2022-08-14 23:39:28][sql] SELECT COUNT(*) AS think_count FROM `ds_stock` WHERE  `title` LIKE '%传媒%'  AND `is_dsp` = 0 LIMIT 1 [ RunTime:0.009857s ]
[2022-08-14 23:39:28][sql] SELECT `id`,`cid`,`url`,`title`,`image`,`time` FROM `ds_stock` WHERE  `title` LIKE '%传媒%'  AND `is_dsp` = 0 ORDER BY rand() LIMIT 30,10 [ RunTime:0.017761s ]
[2022-08-14 23:39:28][sql] SHOW FULL COLUMNS FROM `ds_system_admin` [ RunTime:0.001506s ]
[2022-08-14 23:39:28][sql] SELECT * FROM `ds_system_admin` WHERE (  `id` = 182 ) AND `ds_system_admin`.`delete_time` IS NULL LIMIT 1 [ RunTime:0.000675s ]
[2022-08-14 23:39:28][sql] SELECT * FROM `ds_system_admin` WHERE (  `id` = 182 ) AND `ds_system_admin`.`delete_time` IS NULL LIMIT 1 [ RunTime:0.000519s ]
[2022-08-14 23:39:28][sql] SELECT `value` FROM `ds_system_config` WHERE  `group` = 'short_video'  AND `name` = 'dspsk' LIMIT 1 [ RunTime:0.000384s ]
[2022-08-14 23:39:28][sql] SELECT `value` FROM `ds_system_config` WHERE  `group` = 'short_video'  AND `name` = 'ppvd_params' LIMIT 1 [ RunTime:0.000311s ]
[2022-08-14 23:39:41][sql] CONNECT:[ UseTime:0.000668s ] mysql:host=127.0.0.1;port=3306;dbname=websq;charset=utf8
[2022-08-14 23:39:41][sql] SHOW FULL COLUMNS FROM `ds_domain_rule` [ RunTime:0.001367s ]
[2022-08-14 23:39:41][sql] SELECT * FROM `ds_domain_rule` WHERE  `status` = 1  AND `uid` = 182  AND `type` = 1 LIMIT 1 [ RunTime:0.000545s ]
[2022-08-14 23:39:41][sql] SHOW FULL COLUMNS FROM `ds_system_config` [ RunTime:0.001176s ]
[2022-08-14 23:39:41][sql] SELECT `value` FROM `ds_system_config` WHERE  `group` = 'ff'  AND `name` = 'ff_fix' LIMIT 1 [ RunTime:0.000496s ]
[2022-08-14 23:39:41][sql] SHOW FULL COLUMNS FROM `ds_payed_show` [ RunTime:0.001123s ]
[2022-08-14 23:39:41][sql] SELECT * FROM `ds_payed_show` WHERE  `uid` = 182  AND `expire` > 1660491581  AND (  (  ( ua = 'ded348892e114f7693264c32b787b67e')  ) ) [ RunTime:0.047380s ]
[2022-08-14 23:39:41][sql] SHOW FULL COLUMNS FROM `ds_category` [ RunTime:0.001377s ]
[2022-08-14 23:39:41][sql] SELECT * FROM `ds_category` WHERE (  `id` = 10 ) AND `ds_category`.`delete_time` IS NULL LIMIT 1 [ RunTime:0.000415s ]
[2022-08-14 23:39:41][sql] SHOW FULL COLUMNS FROM `ds_stock` [ RunTime:0.001031s ]
[2022-08-14 23:39:41][sql] SELECT COUNT(*) AS think_count FROM `ds_stock` WHERE  `title` LIKE '%传媒%'  AND `is_dsp` = 0 LIMIT 1 [ RunTime:0.008467s ]
[2022-08-14 23:39:41][sql] SELECT `id`,`cid`,`url`,`title`,`image`,`time` FROM `ds_stock` WHERE  `title` LIKE '%传媒%'  AND `is_dsp` = 0 ORDER BY rand() LIMIT 40,10 [ RunTime:0.017075s ]
[2022-08-14 23:39:41][sql] SHOW FULL COLUMNS FROM `ds_system_admin` [ RunTime:0.001436s ]
[2022-08-14 23:39:41][sql] SELECT * FROM `ds_system_admin` WHERE (  `id` = 182 ) AND `ds_system_admin`.`delete_time` IS NULL LIMIT 1 [ RunTime:0.000521s ]
[2022-08-14 23:39:41][sql] SELECT * FROM `ds_system_admin` WHERE (  `id` = 182 ) AND `ds_system_admin`.`delete_time` IS NULL LIMIT 1 [ RunTime:0.000542s ]
[2022-08-14 23:39:41][sql] SELECT `value` FROM `ds_system_config` WHERE  `group` = 'short_video'  AND `name` = 'dspsk' LIMIT 1 [ RunTime:0.000354s ]
[2022-08-14 23:39:41][sql] SELECT `value` FROM `ds_system_config` WHERE  `group` = 'short_video'  AND `name` = 'ppvd_params' LIMIT 1 [ RunTime:0.000406s ]
[2022-08-14 23:39:48][error] [0]Call to undefined method Endroid\QrCode\QrCode::getContentType()[/www/wwwroot/vdsds.live/app/index/controller/Index.php:1011]
[2022-08-14 23:39:48][sql] CONNECT:[ UseTime:0.001298s ] mysql:host=127.0.0.1;port=3306;dbname=websq;charset=utf8
[2022-08-14 23:39:48][sql] SHOW FULL COLUMNS FROM `ds_complain` [ RunTime:0.002572s ]
[2022-08-14 23:39:48][sql] SELECT * FROM `ds_complain` WHERE  `ip` = '38.55.195.23' LIMIT 1 [ RunTime:0.000849s ]
[2022-08-14 23:39:48][sql] SHOW FULL COLUMNS FROM `ds_stock` [ RunTime:0.002074s ]
[2022-08-14 23:39:48][sql] SELECT * FROM `ds_stock` WHERE  `id` = 26401 LIMIT 1 [ RunTime:0.000676s ]
[2022-08-14 23:39:48][sql] SHOW FULL COLUMNS FROM `ds_payed_show` [ RunTime:0.002439s ]
[2022-08-14 23:39:48][sql] SELECT * FROM `ds_payed_show` WHERE  `uid` = 182  AND `expire` > 1660491588  AND (  (  ( ua = 'ded348892e114f7693264c32b787b67e')  ) ) [ RunTime:0.083025s ]
[2022-08-14 23:39:48][sql] CONNECT:[ UseTime:0.001527s ] mysql:host=127.0.0.1;port=3306;dbname=websq;charset=utf8
[2022-08-14 23:39:48][sql] SHOW FULL COLUMNS FROM `ds_domain_rule` [ RunTime:0.003459s ]
[2022-08-14 23:39:48][sql] SELECT * FROM `ds_domain_rule` WHERE  `status` = 1  AND `uid` = 182  AND `type` = 1 LIMIT 1 [ RunTime:0.001347s ]
[2022-08-14 23:39:48][sql] SHOW FULL COLUMNS FROM `ds_system_config` [ RunTime:0.002318s ]
[2022-08-14 23:39:48][sql] SELECT `value` FROM `ds_system_config` WHERE  `group` = 'ff'  AND `name` = 'ff_fix' LIMIT 1 [ RunTime:0.000814s ]
[2022-08-14 23:39:48][sql] SHOW FULL COLUMNS FROM `ds_payed_show` [ RunTime:0.002264s ]
[2022-08-14 23:39:48][sql] SELECT * FROM `ds_payed_show` WHERE  `uid` = 182  AND `expire` > 1660491588  AND (  (  ( ua = 'ded348892e114f7693264c32b787b67e')  ) ) [ RunTime:0.082266s ]
[2022-08-14 23:39:48][sql] SHOW FULL COLUMNS FROM `ds_stock` [ RunTime:0.003241s ]
[2022-08-14 23:39:48][sql] SELECT COUNT(*) AS think_count FROM `ds_stock` WHERE  `is_dsp` = 0 LIMIT 1 [ RunTime:0.010995s ]
[2022-08-14 23:39:48][sql] SELECT `id`,`cid`,`url`,`title`,`image`,`time` FROM `ds_stock` WHERE  `is_dsp` = 0 ORDER BY rand() LIMIT 0,10 [ RunTime:0.051523s ]
[2022-08-14 23:39:48][sql] SHOW FULL COLUMNS FROM `ds_system_admin` [ RunTime:0.002720s ]
[2022-08-14 23:39:48][sql] SELECT * FROM `ds_system_admin` WHERE (  `id` = 182 ) AND `ds_system_admin`.`delete_time` IS NULL LIMIT 1 [ RunTime:0.002100s ]
[2022-08-14 23:39:48][sql] SELECT * FROM `ds_system_admin` WHERE (  `id` = 182 ) AND `ds_system_admin`.`delete_time` IS NULL LIMIT 1 [ RunTime:0.003134s ]
[2022-08-14 23:39:48][sql] SELECT `value` FROM `ds_system_config` WHERE  `group` = 'short_video'  AND `name` = 'dspsk' LIMIT 1 [ RunTime:0.005133s ]
[2022-08-14 23:39:48][sql] SELECT `value` FROM `ds_system_config` WHERE  `group` = 'short_video'  AND `name` = 'ppvd_params' LIMIT 1 [ RunTime:0.000695s ]
[2022-08-14 23:43:57][sql] CONNECT:[ UseTime:0.001077s ] mysql:host=127.0.0.1;port=3306;dbname=websq;charset=utf8
[2022-08-14 23:43:57][sql] SHOW FULL COLUMNS FROM `ds_domain_rule` [ RunTime:0.002066s ]
[2022-08-14 23:43:57][sql] SELECT * FROM `ds_domain_rule` WHERE  `status` = 1  AND `uid` = 182  AND `type` = 1 LIMIT 1 [ RunTime:0.000944s ]
[2022-08-14 23:43:57][sql] SHOW FULL COLUMNS FROM `ds_system_config` [ RunTime:0.001230s ]
[2022-08-14 23:43:57][sql] SELECT `value` FROM `ds_system_config` WHERE  `group` = 'ff'  AND `name` = 'ff_fix' LIMIT 1 [ RunTime:0.000523s ]
[2022-08-14 23:43:57][sql] SHOW FULL COLUMNS FROM `ds_payed_show` [ RunTime:0.001226s ]
[2022-08-14 23:43:57][sql] SELECT * FROM `ds_payed_show` WHERE  `uid` = 182  AND `expire` > 1660491837  AND (  (  ( ua = 'ded348892e114f7693264c32b787b67e')  ) ) [ RunTime:0.056771s ]
[2022-08-14 23:43:57][sql] SHOW FULL COLUMNS FROM `ds_stock` [ RunTime:0.001431s ]
[2022-08-14 23:43:57][sql] SELECT COUNT(*) AS think_count FROM `ds_stock` WHERE  `is_dsp` = 0 LIMIT 1 [ RunTime:0.008900s ]
[2022-08-14 23:43:57][sql] SELECT `id`,`cid`,`url`,`title`,`image`,`time` FROM `ds_stock` WHERE  `is_dsp` = 0 ORDER BY rand() LIMIT 10,10 [ RunTime:0.037115s ]
[2022-08-14 23:43:57][sql] SHOW FULL COLUMNS FROM `ds_system_admin` [ RunTime:0.001702s ]
[2022-08-14 23:43:57][sql] SELECT * FROM `ds_system_admin` WHERE (  `id` = 182 ) AND `ds_system_admin`.`delete_time` IS NULL LIMIT 1 [ RunTime:0.000668s ]
[2022-08-14 23:43:57][sql] SELECT * FROM `ds_system_admin` WHERE (  `id` = 182 ) AND `ds_system_admin`.`delete_time` IS NULL LIMIT 1 [ RunTime:0.000470s ]
[2022-08-14 23:43:57][sql] SELECT `value` FROM `ds_system_config` WHERE  `group` = 'short_video'  AND `name` = 'dspsk' LIMIT 1 [ RunTime:0.000513s ]
[2022-08-14 23:43:57][sql] SELECT `value` FROM `ds_system_config` WHERE  `group` = 'short_video'  AND `name` = 'ppvd_params' LIMIT 1 [ RunTime:0.000503s ]
[2022-08-14 23:44:03][sql] CONNECT:[ UseTime:0.000710s ] mysql:host=127.0.0.1;port=3306;dbname=websq;charset=utf8
[2022-08-14 23:44:03][sql] SHOW FULL COLUMNS FROM `ds_domain_rule` [ RunTime:0.001391s ]
[2022-08-14 23:44:03][sql] SELECT * FROM `ds_domain_rule` WHERE  `status` = 1  AND `uid` = 182  AND `type` = 1 LIMIT 1 [ RunTime:0.000487s ]
[2022-08-14 23:44:03][sql] SHOW FULL COLUMNS FROM `ds_system_config` [ RunTime:0.000992s ]
[2022-08-14 23:44:03][sql] SELECT `value` FROM `ds_system_config` WHERE  `group` = 'ff'  AND `name` = 'ff_fix' LIMIT 1 [ RunTime:0.000407s ]
[2022-08-14 23:44:03][sql] SHOW FULL COLUMNS FROM `ds_payed_show` [ RunTime:0.001163s ]
[2022-08-14 23:44:03][sql] SELECT * FROM `ds_payed_show` WHERE  `uid` = 182  AND `expire` > 1660491843  AND (  (  ( ua = 'ded348892e114f7693264c32b787b67e')  ) ) [ RunTime:0.043970s ]
[2022-08-14 23:44:03][sql] SHOW FULL COLUMNS FROM `ds_stock` [ RunTime:0.001341s ]
[2022-08-14 23:44:03][sql] SELECT COUNT(*) AS think_count FROM `ds_stock` WHERE  `is_dsp` = 0 LIMIT 1 [ RunTime:0.004334s ]
[2022-08-14 23:44:03][sql] SELECT `id`,`cid`,`url`,`title`,`image`,`time` FROM `ds_stock` WHERE  `is_dsp` = 0 ORDER BY rand() LIMIT 20,10 [ RunTime:0.034194s ]
[2022-08-14 23:44:03][sql] SHOW FULL COLUMNS FROM `ds_system_admin` [ RunTime:0.001640s ]
[2022-08-14 23:44:03][sql] SELECT * FROM `ds_system_admin` WHERE (  `id` = 182 ) AND `ds_system_admin`.`delete_time` IS NULL LIMIT 1 [ RunTime:0.000660s ]
[2022-08-14 23:44:03][sql] SELECT * FROM `ds_system_admin` WHERE (  `id` = 182 ) AND `ds_system_admin`.`delete_time` IS NULL LIMIT 1 [ RunTime:0.000583s ]
[2022-08-14 23:44:03][sql] SELECT `value` FROM `ds_system_config` WHERE  `group` = 'short_video'  AND `name` = 'dspsk' LIMIT 1 [ RunTime:0.000411s ]
[2022-08-14 23:44:03][sql] SELECT `value` FROM `ds_system_config` WHERE  `group` = 'short_video'  AND `name` = 'ppvd_params' LIMIT 1 [ RunTime:0.000339s ]
[2022-08-14 23:44:10][sql] CONNECT:[ UseTime:0.000742s ] mysql:host=127.0.0.1;port=3306;dbname=websq;charset=utf8
[2022-08-14 23:44:10][sql] SHOW FULL COLUMNS FROM `ds_domain_rule` [ RunTime:0.001548s ]
[2022-08-14 23:44:10][sql] SELECT * FROM `ds_domain_rule` WHERE  `status` = 1  AND `uid` = 182  AND `type` = 1 LIMIT 1 [ RunTime:0.000772s ]
[2022-08-14 23:44:10][sql] SHOW FULL COLUMNS FROM `ds_system_config` [ RunTime:0.001058s ]
[2022-08-14 23:44:10][sql] SELECT `value` FROM `ds_system_config` WHERE  `group` = 'ff'  AND `name` = 'ff_fix' LIMIT 1 [ RunTime:0.000422s ]
[2022-08-14 23:44:10][sql] SHOW FULL COLUMNS FROM `ds_payed_show` [ RunTime:0.001040s ]
[2022-08-14 23:44:10][sql] SELECT * FROM `ds_payed_show` WHERE  `uid` = 182  AND `expire` > 1660491850  AND (  (  ( ua = 'ded348892e114f7693264c32b787b67e')  ) ) [ RunTime:0.047863s ]
[2022-08-14 23:44:10][sql] SHOW FULL COLUMNS FROM `ds_stock` [ RunTime:0.001212s ]
[2022-08-14 23:44:10][sql] SELECT COUNT(*) AS think_count FROM `ds_stock` WHERE  `is_dsp` = 0 LIMIT 1 [ RunTime:0.004719s ]
[2022-08-14 23:44:10][sql] SELECT `id`,`cid`,`url`,`title`,`image`,`time` FROM `ds_stock` WHERE  `is_dsp` = 0 ORDER BY rand() LIMIT 30,10 [ RunTime:0.031106s ]
[2022-08-14 23:44:10][sql] SHOW FULL COLUMNS FROM `ds_system_admin` [ RunTime:0.001734s ]
[2022-08-14 23:44:10][sql] SELECT * FROM `ds_system_admin` WHERE (  `id` = 182 ) AND `ds_system_admin`.`delete_time` IS NULL LIMIT 1 [ RunTime:0.000845s ]
[2022-08-14 23:44:10][sql] SELECT * FROM `ds_system_admin` WHERE (  `id` = 182 ) AND `ds_system_admin`.`delete_time` IS NULL LIMIT 1 [ RunTime:0.000542s ]
[2022-08-14 23:44:10][sql] SELECT `value` FROM `ds_system_config` WHERE  `group` = 'short_video'  AND `name` = 'dspsk' LIMIT 1 [ RunTime:0.000492s ]
[2022-08-14 23:44:10][sql] SELECT `value` FROM `ds_system_config` WHERE  `group` = 'short_video'  AND `name` = 'ppvd_params' LIMIT 1 [ RunTime:0.000368s ]
[2022-08-14 23:44:18][sql] CONNECT:[ UseTime:0.000788s ] mysql:host=127.0.0.1;port=3306;dbname=websq;charset=utf8
[2022-08-14 23:44:18][sql] SHOW FULL COLUMNS FROM `ds_domain_rule` [ RunTime:0.001404s ]
[2022-08-14 23:44:18][sql] SELECT * FROM `ds_domain_rule` WHERE  `status` = 1  AND `uid` = 182  AND `type` = 1 LIMIT 1 [ RunTime:0.000570s ]
[2022-08-14 23:44:18][sql] SHOW FULL COLUMNS FROM `ds_system_config` [ RunTime:0.001154s ]
[2022-08-14 23:44:18][sql] SELECT `value` FROM `ds_system_config` WHERE  `group` = 'ff'  AND `name` = 'ff_fix' LIMIT 1 [ RunTime:0.000595s ]
[2022-08-14 23:44:18][sql] SHOW FULL COLUMNS FROM `ds_payed_show` [ RunTime:0.001198s ]
[2022-08-14 23:44:18][sql] SELECT * FROM `ds_payed_show` WHERE  `uid` = 182  AND `expire` > 1660491858  AND (  (  ( ua = 'ded348892e114f7693264c32b787b67e')  ) ) [ RunTime:0.051027s ]
[2022-08-14 23:44:18][sql] SHOW FULL COLUMNS FROM `ds_stock` [ RunTime:0.001473s ]
[2022-08-14 23:44:18][sql] SELECT COUNT(*) AS think_count FROM `ds_stock` WHERE  `is_dsp` = 0 LIMIT 1 [ RunTime:0.005169s ]
[2022-08-14 23:44:18][sql] SELECT `id`,`cid`,`url`,`title`,`image`,`time` FROM `ds_stock` WHERE  `is_dsp` = 0 ORDER BY rand() LIMIT 40,10 [ RunTime:0.029826s ]
[2022-08-14 23:44:18][sql] SHOW FULL COLUMNS FROM `ds_system_admin` [ RunTime:0.001504s ]
[2022-08-14 23:44:18][sql] SELECT * FROM `ds_system_admin` WHERE (  `id` = 182 ) AND `ds_system_admin`.`delete_time` IS NULL LIMIT 1 [ RunTime:0.000700s ]
[2022-08-14 23:44:18][sql] SELECT * FROM `ds_system_admin` WHERE (  `id` = 182 ) AND `ds_system_admin`.`delete_time` IS NULL LIMIT 1 [ RunTime:0.000564s ]
[2022-08-14 23:44:18][sql] SELECT `value` FROM `ds_system_config` WHERE  `group` = 'short_video'  AND `name` = 'dspsk' LIMIT 1 [ RunTime:0.000417s ]
[2022-08-14 23:44:18][sql] SELECT `value` FROM `ds_system_config` WHERE  `group` = 'short_video'  AND `name` = 'ppvd_params' LIMIT 1 [ RunTime:0.000347s ]
[2022-08-14 23:44:23][sql] CONNECT:[ UseTime:0.000690s ] mysql:host=127.0.0.1;port=3306;dbname=websq;charset=utf8
[2022-08-14 23:44:23][sql] SHOW FULL COLUMNS FROM `ds_domain_rule` [ RunTime:0.001359s ]
[2022-08-14 23:44:23][sql] SELECT * FROM `ds_domain_rule` WHERE  `status` = 1  AND `uid` = 182  AND `type` = 1 LIMIT 1 [ RunTime:0.000594s ]
[2022-08-14 23:44:23][sql] SHOW FULL COLUMNS FROM `ds_system_config` [ RunTime:0.001202s ]
[2022-08-14 23:44:23][sql] SELECT `value` FROM `ds_system_config` WHERE  `group` = 'ff'  AND `name` = 'ff_fix' LIMIT 1 [ RunTime:0.000424s ]
[2022-08-14 23:44:23][sql] SHOW FULL COLUMNS FROM `ds_payed_show` [ RunTime:0.001041s ]
[2022-08-14 23:44:23][sql] SELECT * FROM `ds_payed_show` WHERE  `uid` = 182  AND `expire` > 1660491863  AND (  (  ( ua = 'ded348892e114f7693264c32b787b67e')  ) ) [ RunTime:0.052086s ]
[2022-08-14 23:44:23][sql] SHOW FULL COLUMNS FROM `ds_stock` [ RunTime:0.001679s ]
[2022-08-14 23:44:23][sql] SELECT COUNT(*) AS think_count FROM `ds_stock` WHERE  `is_dsp` = 0 LIMIT 1 [ RunTime:0.004617s ]
[2022-08-14 23:44:23][sql] SELECT `id`,`cid`,`url`,`title`,`image`,`time` FROM `ds_stock` WHERE  `is_dsp` = 0 ORDER BY rand() LIMIT 50,10 [ RunTime:0.029292s ]
[2022-08-14 23:44:23][sql] SHOW FULL COLUMNS FROM `ds_system_admin` [ RunTime:0.001567s ]
[2022-08-14 23:44:23][sql] SELECT * FROM `ds_system_admin` WHERE (  `id` = 182 ) AND `ds_system_admin`.`delete_time` IS NULL LIMIT 1 [ RunTime:0.000607s ]
[2022-08-14 23:44:23][sql] SELECT * FROM `ds_system_admin` WHERE (  `id` = 182 ) AND `ds_system_admin`.`delete_time` IS NULL LIMIT 1 [ RunTime:0.000565s ]
[2022-08-14 23:44:23][sql] SELECT `value` FROM `ds_system_config` WHERE  `group` = 'short_video'  AND `name` = 'dspsk' LIMIT 1 [ RunTime:0.000535s ]
[2022-08-14 23:44:23][sql] SELECT `value` FROM `ds_system_config` WHERE  `group` = 'short_video'  AND `name` = 'ppvd_params' LIMIT 1 [ RunTime:0.000409s ]
[2022-08-14 23:44:32][sql] CONNECT:[ UseTime:0.001339s ] mysql:host=127.0.0.1;port=3306;dbname=websq;charset=utf8
[2022-08-14 23:44:32][sql] SHOW FULL COLUMNS FROM `ds_domain_rule` [ RunTime:0.002417s ]
[2022-08-14 23:44:32][sql] SELECT * FROM `ds_domain_rule` WHERE  `status` = 1  AND `uid` = 182  AND `type` = 1 LIMIT 1 [ RunTime:0.000984s ]
[2022-08-14 23:44:32][sql] SHOW FULL COLUMNS FROM `ds_system_config` [ RunTime:0.001201s ]
[2022-08-14 23:44:32][sql] SELECT `value` FROM `ds_system_config` WHERE  `group` = 'ff'  AND `name` = 'ff_fix' LIMIT 1 [ RunTime:0.000597s ]
[2022-08-14 23:44:32][sql] SHOW FULL COLUMNS FROM `ds_payed_show` [ RunTime:0.001126s ]
[2022-08-14 23:44:32][sql] SELECT * FROM `ds_payed_show` WHERE  `uid` = 182  AND `expire` > 1660491872  AND (  (  ( ua = 'ded348892e114f7693264c32b787b67e')  ) ) [ RunTime:0.058622s ]
[2022-08-14 23:44:32][sql] SHOW FULL COLUMNS FROM `ds_stock` [ RunTime:0.001351s ]
[2022-08-14 23:44:32][sql] SELECT COUNT(*) AS think_count FROM `ds_stock` WHERE  `is_dsp` = 0 LIMIT 1 [ RunTime:0.007948s ]
[2022-08-14 23:44:32][sql] SELECT `id`,`cid`,`url`,`title`,`image`,`time` FROM `ds_stock` WHERE  `is_dsp` = 0 ORDER BY rand() LIMIT 60,10 [ RunTime:0.036074s ]
[2022-08-14 23:44:32][sql] SHOW FULL COLUMNS FROM `ds_system_admin` [ RunTime:0.001744s ]
[2022-08-14 23:44:32][sql] SELECT * FROM `ds_system_admin` WHERE (  `id` = 182 ) AND `ds_system_admin`.`delete_time` IS NULL LIMIT 1 [ RunTime:0.000724s ]
[2022-08-14 23:44:32][sql] SELECT * FROM `ds_system_admin` WHERE (  `id` = 182 ) AND `ds_system_admin`.`delete_time` IS NULL LIMIT 1 [ RunTime:0.000642s ]
[2022-08-14 23:44:32][sql] SELECT `value` FROM `ds_system_config` WHERE  `group` = 'short_video'  AND `name` = 'dspsk' LIMIT 1 [ RunTime:0.000481s ]
[2022-08-14 23:44:32][sql] SELECT `value` FROM `ds_system_config` WHERE  `group` = 'short_video'  AND `name` = 'ppvd_params' LIMIT 1 [ RunTime:0.000378s ]
[2022-08-14 23:44:38][sql] CONNECT:[ UseTime:0.001194s ] mysql:host=127.0.0.1;port=3306;dbname=websq;charset=utf8
[2022-08-14 23:44:38][sql] SHOW FULL COLUMNS FROM `ds_domain_rule` [ RunTime:0.002208s ]
[2022-08-14 23:44:38][sql] SELECT * FROM `ds_domain_rule` WHERE  `status` = 1  AND `uid` = 182  AND `type` = 1 LIMIT 1 [ RunTime:0.000948s ]
[2022-08-14 23:44:38][sql] SHOW FULL COLUMNS FROM `ds_system_config` [ RunTime:0.001210s ]
[2022-08-14 23:44:38][sql] SELECT `value` FROM `ds_system_config` WHERE  `group` = 'ff'  AND `name` = 'ff_fix' LIMIT 1 [ RunTime:0.000579s ]
[2022-08-14 23:44:38][sql] SHOW FULL COLUMNS FROM `ds_payed_show` [ RunTime:0.001178s ]
[2022-08-14 23:44:38][sql] SELECT * FROM `ds_payed_show` WHERE  `uid` = 182  AND `expire` > 1660491878  AND (  (  ( ua = 'ded348892e114f7693264c32b787b67e')  ) ) [ RunTime:0.053316s ]
[2022-08-14 23:44:38][sql] SHOW FULL COLUMNS FROM `ds_stock` [ RunTime:0.001345s ]
[2022-08-14 23:44:38][sql] SELECT COUNT(*) AS think_count FROM `ds_stock` WHERE  `is_dsp` = 0 LIMIT 1 [ RunTime:0.007963s ]
[2022-08-14 23:44:38][sql] SELECT `id`,`cid`,`url`,`title`,`image`,`time` FROM `ds_stock` WHERE  `is_dsp` = 0 ORDER BY rand() LIMIT 70,10 [ RunTime:0.034637s ]
[2022-08-14 23:44:38][sql] SHOW FULL COLUMNS FROM `ds_system_admin` [ RunTime:0.001698s ]
[2022-08-14 23:44:38][sql] SELECT * FROM `ds_system_admin` WHERE (  `id` = 182 ) AND `ds_system_admin`.`delete_time` IS NULL LIMIT 1 [ RunTime:0.000709s ]
[2022-08-14 23:44:38][sql] SELECT * FROM `ds_system_admin` WHERE (  `id` = 182 ) AND `ds_system_admin`.`delete_time` IS NULL LIMIT 1 [ RunTime:0.000561s ]
[2022-08-14 23:44:38][sql] SELECT `value` FROM `ds_system_config` WHERE  `group` = 'short_video'  AND `name` = 'dspsk' LIMIT 1 [ RunTime:0.000615s ]
[2022-08-14 23:44:38][sql] SELECT `value` FROM `ds_system_config` WHERE  `group` = 'short_video'  AND `name` = 'ppvd_params' LIMIT 1 [ RunTime:0.000708s ]
[2022-08-14 23:44:46][sql] CONNECT:[ UseTime:0.001993s ] mysql:host=127.0.0.1;port=3306;dbname=websq;charset=utf8
[2022-08-14 23:44:46][sql] SHOW FULL COLUMNS FROM `ds_domain_rule` [ RunTime:0.003353s ]
[2022-08-14 23:44:46][sql] SELECT * FROM `ds_domain_rule` WHERE  `status` = 1  AND `uid` = 182  AND `type` = 1 LIMIT 1 [ RunTime:0.001073s ]
[2022-08-14 23:44:46][sql] SHOW FULL COLUMNS FROM `ds_system_config` [ RunTime:0.001248s ]
[2022-08-14 23:44:46][sql] SELECT `value` FROM `ds_system_config` WHERE  `group` = 'ff'  AND `name` = 'ff_fix' LIMIT 1 [ RunTime:0.000633s ]
[2022-08-14 23:44:46][sql] SHOW FULL COLUMNS FROM `ds_payed_show` [ RunTime:0.001222s ]
[2022-08-14 23:44:46][sql] SELECT * FROM `ds_payed_show` WHERE  `uid` = 182  AND `expire` > 1660491886  AND (  (  ( ua = 'ded348892e114f7693264c32b787b67e')  ) ) [ RunTime:0.085152s ]
[2022-08-14 23:44:46][sql] SHOW FULL COLUMNS FROM `ds_stock` [ RunTime:0.001819s ]
[2022-08-14 23:44:46][sql] SELECT COUNT(*) AS think_count FROM `ds_stock` WHERE  `is_dsp` = 0 LIMIT 1 [ RunTime:0.007816s ]
[2022-08-14 23:44:46][sql] SELECT `id`,`cid`,`url`,`title`,`image`,`time` FROM `ds_stock` WHERE  `is_dsp` = 0 ORDER BY rand() LIMIT 80,10 [ RunTime:0.035390s ]
[2022-08-14 23:44:46][sql] SHOW FULL COLUMNS FROM `ds_system_admin` [ RunTime:0.001601s ]
[2022-08-14 23:44:46][sql] SELECT * FROM `ds_system_admin` WHERE (  `id` = 182 ) AND `ds_system_admin`.`delete_time` IS NULL LIMIT 1 [ RunTime:0.000709s ]
[2022-08-14 23:44:46][sql] SELECT * FROM `ds_system_admin` WHERE (  `id` = 182 ) AND `ds_system_admin`.`delete_time` IS NULL LIMIT 1 [ RunTime:0.000471s ]
[2022-08-14 23:44:46][sql] SELECT `value` FROM `ds_system_config` WHERE  `group` = 'short_video'  AND `name` = 'dspsk' LIMIT 1 [ RunTime:0.000422s ]
[2022-08-14 23:44:46][sql] SELECT `value` FROM `ds_system_config` WHERE  `group` = 'short_video'  AND `name` = 'ppvd_params' LIMIT 1 [ RunTime:0.000392s ]
[2022-08-14 23:45:24][sql] CONNECT:[ UseTime:0.000762s ] mysql:host=127.0.0.1;port=3306;dbname=websq;charset=utf8
[2022-08-14 23:45:24][sql] SHOW FULL COLUMNS FROM `ds_complain` [ RunTime:0.001968s ]
[2022-08-14 23:45:24][sql] SELECT * FROM `ds_complain` WHERE  `ip` = '38.55.195.23' LIMIT 1 [ RunTime:0.000725s ]
[2022-08-14 23:45:24][sql] SHOW FULL COLUMNS FROM `ds_stock` [ RunTime:0.001192s ]
[2022-08-14 23:45:24][sql] SELECT * FROM `ds_stock` WHERE  `id` = 21408 LIMIT 1 [ RunTime:0.000526s ]
[2022-08-14 23:45:24][sql] SHOW FULL COLUMNS FROM `ds_payed_show` [ RunTime:0.001184s ]
[2022-08-14 23:45:24][sql] SELECT * FROM `ds_payed_show` WHERE  `uid` = 182  AND `expire` > 1660491924  AND (  (  ( ua = 'ded348892e114f7693264c32b787b67e')  ) ) [ RunTime:0.055542s ]
[2022-08-14 23:45:24][sql] CONNECT:[ UseTime:0.000929s ] mysql:host=127.0.0.1;port=3306;dbname=websq;charset=utf8
[2022-08-14 23:45:24][sql] SHOW FULL COLUMNS FROM `ds_domain_rule` [ RunTime:0.001733s ]
[2022-08-14 23:45:24][sql] SELECT * FROM `ds_domain_rule` WHERE  `status` = 1  AND `uid` = 182  AND `type` = 1 LIMIT 1 [ RunTime:0.000789s ]
[2022-08-14 23:45:24][sql] SHOW FULL COLUMNS FROM `ds_system_config` [ RunTime:0.001273s ]
[2022-08-14 23:45:24][sql] SELECT `value` FROM `ds_system_config` WHERE  `group` = 'ff'  AND `name` = 'ff_fix' LIMIT 1 [ RunTime:0.000480s ]
[2022-08-14 23:45:24][sql] SHOW FULL COLUMNS FROM `ds_payed_show` [ RunTime:0.001134s ]
[2022-08-14 23:45:24][sql] SELECT * FROM `ds_payed_show` WHERE  `uid` = 182  AND `expire` > 1660491924  AND (  (  ( ua = 'ded348892e114f7693264c32b787b67e')  ) ) [ RunTime:0.055518s ]
[2022-08-14 23:45:24][sql] SHOW FULL COLUMNS FROM `ds_stock` [ RunTime:0.001524s ]
[2022-08-14 23:45:24][sql] SELECT COUNT(*) AS think_count FROM `ds_stock` WHERE  `is_dsp` = 0 LIMIT 1 [ RunTime:0.008294s ]
[2022-08-14 23:45:24][sql] SELECT `id`,`cid`,`url`,`title`,`image`,`time` FROM `ds_stock` WHERE  `is_dsp` = 0 ORDER BY rand() LIMIT 0,10 [ RunTime:0.036446s ]
[2022-08-14 23:45:24][sql] SHOW FULL COLUMNS FROM `ds_system_admin` [ RunTime:0.001753s ]
[2022-08-14 23:45:24][sql] SELECT * FROM `ds_system_admin` WHERE (  `id` = 182 ) AND `ds_system_admin`.`delete_time` IS NULL LIMIT 1 [ RunTime:0.000674s ]
[2022-08-14 23:45:24][sql] SELECT * FROM `ds_system_admin` WHERE (  `id` = 182 ) AND `ds_system_admin`.`delete_time` IS NULL LIMIT 1 [ RunTime:0.000512s ]
[2022-08-14 23:45:24][sql] SELECT `value` FROM `ds_system_config` WHERE  `group` = 'short_video'  AND `name` = 'dspsk' LIMIT 1 [ RunTime:0.000434s ]
[2022-08-14 23:45:24][sql] SELECT `value` FROM `ds_system_config` WHERE  `group` = 'short_video'  AND `name` = 'ppvd_params' LIMIT 1 [ RunTime:0.000358s ]
[2022-08-14 23:45:25][error] [0]Call to undefined method Endroid\QrCode\QrCode::getContentType()[/www/wwwroot/vdsds.live/app/index/controller/Index.php:1011]
