[2022-09-19 01:45:58][sql] CONNECT:[ UseTime:0.001120s ] mysql:host=127.0.0.1;port=3306;dbname=webs;charset=utf8
[2022-09-19 01:45:58][sql] SHOW FULL COLUMNS FROM `ds_hezi` [ RunTime:0.002265s ]
[2022-09-19 01:45:58][sql] SELECT * FROM `ds_hezi` WHERE  `id` = 1315 LIMIT 1 [ RunTime:0.000935s ]
[2022-09-19 01:45:58][sql] SHOW FULL COLUMNS FROM `ds_tj` [ RunTime:0.000918s ]
[2022-09-19 01:45:58][sql] SELECT * FROM `ds_tj` WHERE  `ua` = 'de48ce7585e8a0235a32734166ab415b' LIMIT 1 [ RunTime:0.000435s ]
[2022-09-19 01:45:58][sql] SHOW FULL COLUMNS FROM `ds_complain` [ RunTime:0.000904s ]
[2022-09-19 01:45:58][sql] SELECT * FROM `ds_complain` WHERE  `ip` = '124.152.241.16' [ RunTime:0.000311s ]
[2022-09-19 01:45:58][sql] SHOW FULL COLUMNS FROM `ds_system_config` [ RunTime:0.000785s ]
[2022-09-19 01:45:58][sql] SELECT `value` FROM `ds_system_config` WHERE  `group` = 'ff'  AND `name` = 'ff_pc' LIMIT 1 [ RunTime:0.000380s ]
[2022-09-19 01:45:58][sql] SHOW FULL COLUMNS FROM `ds_system_admin` [ RunTime:0.000860s ]
[2022-09-19 01:45:58][sql] SELECT * FROM `ds_system_admin` WHERE (  `id` = 182 ) AND `ds_system_admin`.`delete_time` IS NULL LIMIT 1 [ RunTime:0.000451s ]
[2022-09-19 01:45:58][sql] SELECT * FROM `ds_system_admin` WHERE (  `id` = 182 ) AND `ds_system_admin`.`delete_time` IS NULL LIMIT 1 [ RunTime:0.000309s ]
[2022-09-19 01:45:58][sql] SELECT * FROM `ds_hezi` WHERE  `id` = 1315 LIMIT 1 [ RunTime:0.000267s ]
[2022-09-19 01:45:58][sql] SHOW FULL COLUMNS FROM `ds_domain_rule` [ RunTime:0.000725s ]
[2022-09-19 01:45:58][sql] SELECT * FROM `ds_domain_rule` WHERE  `status` = 1  AND `uid` = 182  AND `type` = 2 LIMIT 1 [ RunTime:0.000312s ]
[2022-09-19 01:45:58][sql] SELECT * FROM `ds_domain_rule` WHERE  `status` = 1  AND `type` = 2  AND `uid` = 10086 LIMIT 1 [ RunTime:0.000341s ]
[2022-09-19 01:45:58][sql] SELECT `value` FROM `ds_system_config` WHERE  `group` = 'ff'  AND `name` = 'ff_fix' LIMIT 1 [ RunTime:0.000297s ]
[2022-09-19 01:45:59][sql] CONNECT:[ UseTime:0.000622s ] mysql:host=127.0.0.1;port=3306;dbname=webs;charset=utf8
[2022-09-19 01:45:59][sql] SHOW FULL COLUMNS FROM `ds_hezi` [ RunTime:0.001269s ]
[2022-09-19 01:45:59][sql] SELECT * FROM `ds_hezi` WHERE  `id` = 1315 LIMIT 1 [ RunTime:0.000756s ]
[2022-09-19 01:45:59][sql] SHOW FULL COLUMNS FROM `ds_user_point` [ RunTime:0.001014s ]
[2022-09-19 01:45:59][sql] SELECT * FROM `ds_user_point` WHERE  `ua` = '7a671ab71751eab33f136f245e8d5983' LIMIT 1 [ RunTime:0.052559s ]
[2022-09-19 01:45:59][sql] CONNECT:[ UseTime:0.000429s ] mysql:host=127.0.0.1;port=3306;dbname=webs;charset=utf8
[2022-09-19 01:45:59][sql] SHOW FULL COLUMNS FROM `ds_system_config` [ RunTime:0.000953s ]
[2022-09-19 01:45:59][sql] SELECT * FROM `ds_system_config` WHERE  `name` = 'zbkg' LIMIT 1 [ RunTime:0.000325s ]
[2022-09-19 01:45:59][sql] SELECT * FROM `ds_system_config` WHERE  `name` = 'zb_t_img' LIMIT 1 [ RunTime:0.000240s ]
[2022-09-19 01:45:59][sql] SHOW FULL COLUMNS FROM `ds_payed_show` [ RunTime:0.000786s ]
[2022-09-19 01:45:59][sql] SELECT * FROM `ds_payed_show` WHERE  `ua` = '7a671ab71751eab33f136f245e8d5983'  AND `is_date` = 2  AND `expire` > 1663523159 LIMIT 1 [ RunTime:0.038813s ]
[2022-09-19 01:45:59][sql] SELECT `value` FROM `ds_system_config` WHERE  `group` = 'ff'  AND `name` = 'ff_pc' LIMIT 1 [ RunTime:0.000354s ]
[2022-09-19 01:45:59][sql] SELECT `value` FROM `ds_system_config` WHERE  `group` = 'short_video'  AND `name` = 'dsp_notify' LIMIT 1 [ RunTime:0.000228s ]
[2022-09-19 01:45:59][sql] SELECT `value` FROM `ds_system_config` WHERE  `group` = 'short_video'  AND `name` = 'shar_box_text' LIMIT 1 [ RunTime:0.000237s ]
[2022-09-19 01:45:59][sql] SELECT `value` FROM `ds_system_config` WHERE  `group` = 'short_video'  AND `name` = 'rvery_point' LIMIT 1 [ RunTime:0.000219s ]
[2022-09-19 01:45:59][sql] SELECT `value` FROM `ds_system_config` WHERE  `group` = 'short_video'  AND `name` = 'zbwl' LIMIT 1 [ RunTime:0.000248s ]
[2022-09-19 01:45:59][sql] SELECT `value` FROM `ds_system_config` WHERE  `group` = 'short_video'  AND `name` = 'dspsk' LIMIT 1 [ RunTime:0.000217s ]
[2022-09-19 01:45:59][sql] SHOW FULL COLUMNS FROM `ds_system_admin` [ RunTime:0.000982s ]
[2022-09-19 01:45:59][sql] SELECT * FROM `ds_system_admin` WHERE (  `id` = 182 ) AND `ds_system_admin`.`delete_time` IS NULL LIMIT 1 [ RunTime:0.000346s ]
[2022-09-19 01:45:59][sql] SELECT * FROM `ds_system_admin` WHERE (  `id` = 182 ) AND `ds_system_admin`.`delete_time` IS NULL LIMIT 1 [ RunTime:0.000317s ]
[2022-09-19 01:45:59][sql] SHOW FULL COLUMNS FROM `ds_domain_rule` [ RunTime:0.000703s ]
[2022-09-19 01:45:59][sql] SELECT * FROM `ds_domain_rule` WHERE  `status` = 1  AND `uid` = 182  AND `type` = 1 LIMIT 1 [ RunTime:0.000258s ]
[2022-09-19 01:45:59][sql] SELECT * FROM `ds_domain_rule` WHERE  `status` = 1  AND `type` = 1  AND `uid` = 10086 LIMIT 1 [ RunTime:0.000225s ]
[2022-09-19 01:45:59][sql] SELECT `value` FROM `ds_system_config` WHERE  `group` = 'ff'  AND `name` = 'ff_fix' LIMIT 1 [ RunTime:0.000233s ]
[2022-09-19 01:45:59][sql] CONNECT:[ UseTime:0.000460s ] mysql:host=127.0.0.1;port=3306;dbname=webs;charset=utf8
[2022-09-19 01:45:59][sql] SHOW FULL COLUMNS FROM `ds_category` [ RunTime:0.001072s ]
[2022-09-19 01:45:59][sql] SELECT `id`,`image`,ctitle as title FROM `ds_category` WHERE `ds_category`.`delete_time` IS NULL LIMIT 910 [ RunTime:0.000346s ]
[2022-09-19 01:45:59][sql] CONNECT:[ UseTime:0.000370s ] mysql:host=127.0.0.1;port=3306;dbname=webs;charset=utf8
[2022-09-19 01:45:59][sql] SHOW FULL COLUMNS FROM `ds_domain_rule` [ RunTime:0.000966s ]
[2022-09-19 01:45:59][sql] SELECT * FROM `ds_domain_rule` WHERE  `status` = 1  AND `uid` = 182  AND `type` = 1 LIMIT 1 [ RunTime:0.000319s ]
[2022-09-19 01:45:59][sql] SELECT * FROM `ds_domain_rule` WHERE  `status` = 1  AND `type` = 1  AND `uid` = 10086 LIMIT 1 [ RunTime:0.000239s ]
[2022-09-19 01:45:59][sql] SHOW FULL COLUMNS FROM `ds_system_config` [ RunTime:0.000775s ]
[2022-09-19 01:45:59][sql] SELECT `value` FROM `ds_system_config` WHERE  `group` = 'ff'  AND `name` = 'ff_fix' LIMIT 1 [ RunTime:0.000352s ]
[2022-09-19 01:45:59][sql] SHOW FULL COLUMNS FROM `ds_payed_show` [ RunTime:0.000795s ]
[2022-09-19 01:45:59][sql] SELECT * FROM `ds_payed_show` WHERE  `uid` = 182  AND `expire` > 1663523159  AND (  (  ( ua = '7a671ab71751eab33f136f245e8d5983')  ) ) [ RunTime:0.033485s ]
[2022-09-19 01:45:59][sql] SHOW FULL COLUMNS FROM `ds_stock` [ RunTime:0.001005s ]
[2022-09-19 01:45:59][sql] SELECT COUNT(*) AS think_count FROM `ds_stock` WHERE  `is_dsp` = 0 LIMIT 1 [ RunTime:0.002842s ]
[2022-09-19 01:45:59][sql] SELECT `id`,`cid`,`url`,`title`,`image`,`time` FROM `ds_stock` WHERE  `is_dsp` = 0 ORDER BY rand() LIMIT 0,10 [ RunTime:0.010426s ]
[2022-09-19 01:45:59][sql] SHOW FULL COLUMNS FROM `ds_system_admin` [ RunTime:0.000942s ]
[2022-09-19 01:45:59][sql] SELECT * FROM `ds_system_admin` WHERE (  `id` = 182 ) AND `ds_system_admin`.`delete_time` IS NULL LIMIT 1 [ RunTime:0.000491s ]
[2022-09-19 01:45:59][sql] SELECT * FROM `ds_system_admin` WHERE (  `id` = 182 ) AND `ds_system_admin`.`delete_time` IS NULL LIMIT 1 [ RunTime:0.000329s ]
[2022-09-19 01:45:59][sql] SELECT `value` FROM `ds_system_config` WHERE  `group` = 'short_video'  AND `name` = 'dspsk' LIMIT 1 [ RunTime:0.000336s ]
[2022-09-19 01:45:59][sql] SELECT `value` FROM `ds_system_config` WHERE  `group` = 'short_video'  AND `name` = 'ppvd_params' LIMIT 1 [ RunTime:0.000212s ]
[2022-09-19 01:46:16][sql] CONNECT:[ UseTime:0.000605s ] mysql:host=127.0.0.1;port=3306;dbname=webs;charset=utf8
[2022-09-19 01:46:16][sql] SHOW FULL COLUMNS FROM `ds_domain_rule` [ RunTime:0.001171s ]
[2022-09-19 01:46:16][sql] SELECT * FROM `ds_domain_rule` WHERE  `status` = 1  AND `uid` = 182  AND `type` = 1 LIMIT 1 [ RunTime:0.000413s ]
[2022-09-19 01:46:16][sql] SELECT * FROM `ds_domain_rule` WHERE  `status` = 1  AND `type` = 1  AND `uid` = 10086 LIMIT 1 [ RunTime:0.000261s ]
[2022-09-19 01:46:16][sql] SHOW FULL COLUMNS FROM `ds_system_config` [ RunTime:0.000791s ]
[2022-09-19 01:46:16][sql] SELECT `value` FROM `ds_system_config` WHERE  `group` = 'ff'  AND `name` = 'ff_fix' LIMIT 1 [ RunTime:0.000247s ]
[2022-09-19 01:46:16][sql] SHOW FULL COLUMNS FROM `ds_payed_show` [ RunTime:0.000721s ]
[2022-09-19 01:46:16][sql] SELECT * FROM `ds_payed_show` WHERE  `uid` = 182  AND `expire` > 1663523175  AND (  (  ( ua = '7a671ab71751eab33f136f245e8d5983')  ) ) [ RunTime:0.033452s ]
[2022-09-19 01:46:16][sql] SHOW FULL COLUMNS FROM `ds_stock` [ RunTime:0.000912s ]
[2022-09-19 01:46:16][sql] SELECT COUNT(*) AS think_count FROM `ds_stock` WHERE  `title` LIKE '%仙仙%'  AND `is_dsp` = 0 LIMIT 1 [ RunTime:0.003367s ]
[2022-09-19 01:46:16][sql] SELECT `id`,`cid`,`url`,`title`,`image`,`time` FROM `ds_stock` WHERE  `title` LIKE '%仙仙%'  AND `is_dsp` = 0 ORDER BY rand() LIMIT 0,10 [ RunTime:0.004872s ]
[2022-09-19 01:46:16][sql] SHOW FULL COLUMNS FROM `ds_system_admin` [ RunTime:0.000850s ]
[2022-09-19 01:46:16][sql] SELECT * FROM `ds_system_admin` WHERE (  `id` = 182 ) AND `ds_system_admin`.`delete_time` IS NULL LIMIT 1 [ RunTime:0.000374s ]
[2022-09-19 01:46:16][sql] SELECT * FROM `ds_system_admin` WHERE (  `id` = 182 ) AND `ds_system_admin`.`delete_time` IS NULL LIMIT 1 [ RunTime:0.000304s ]
[2022-09-19 01:46:16][sql] SELECT `value` FROM `ds_system_config` WHERE  `group` = 'short_video'  AND `name` = 'dspsk' LIMIT 1 [ RunTime:0.000229s ]
[2022-09-19 01:46:16][sql] SELECT `value` FROM `ds_system_config` WHERE  `group` = 'short_video'  AND `name` = 'ppvd_params' LIMIT 1 [ RunTime:0.000205s ]
[2022-09-19 01:46:18][sql] CONNECT:[ UseTime:0.000548s ] mysql:host=127.0.0.1;port=3306;dbname=webs;charset=utf8
[2022-09-19 01:46:18][sql] SHOW FULL COLUMNS FROM `ds_system_admin` [ RunTime:0.001314s ]
[2022-09-19 01:46:18][sql] SELECT * FROM `ds_system_admin` WHERE (  `id` = 182 ) AND `ds_system_admin`.`delete_time` IS NULL LIMIT 1 [ RunTime:0.000542s ]
[2022-09-19 01:46:18][sql] SELECT * FROM `ds_system_admin` WHERE (  `id` = 182 ) AND `ds_system_admin`.`delete_time` IS NULL LIMIT 1 [ RunTime:0.000389s ]
[2022-09-19 01:46:18][sql] SHOW FULL COLUMNS FROM `ds_stock` [ RunTime:0.000810s ]
[2022-09-19 01:46:18][sql] SELECT * FROM `ds_stock` WHERE  `id` = 39867 LIMIT 1 [ RunTime:0.000349s ]
[2022-09-19 01:46:18][sql] SHOW FULL COLUMNS FROM `ds_system_config` [ RunTime:0.000778s ]
[2022-09-19 01:46:18][sql] SELECT `value` FROM `ds_system_config` WHERE  `group` = 'pay'  AND `name` = 'pay_type' LIMIT 1 [ RunTime:0.000318s ]
[2022-09-19 01:46:18][sql] SHOW FULL COLUMNS FROM `ds_price` [ RunTime:0.000761s ]
[2022-09-19 01:46:18][sql] SELECT * FROM `ds_price` WHERE  `pay_model` = '1'  AND `uid` = 182 [ RunTime:0.000556s ]
[2022-09-19 01:46:18][sql] SELECT * FROM `ds_price` WHERE  `pay_model` = '2'  AND `uid` = 182 [ RunTime:0.000528s ]
[2022-09-19 01:46:18][sql] SELECT * FROM `ds_system_admin` WHERE (  `id` = 1 ) AND `ds_system_admin`.`delete_time` IS NULL LIMIT 1 [ RunTime:0.000396s ]
[2022-09-19 01:46:18][sql] SELECT * FROM `ds_system_admin` WHERE (  `id` = 1 ) AND `ds_system_admin`.`delete_time` IS NULL LIMIT 1 [ RunTime:0.000368s ]
[2022-09-19 01:46:18][sql] SHOW FULL COLUMNS FROM `ds_pay_setting` [ RunTime:0.000808s ]
[2022-09-19 01:46:18][sql] SELECT `pay_fudong` FROM `ds_pay_setting` WHERE  `pay_model` = 'yyzw_wx' LIMIT 1 [ RunTime:0.000300s ]
[2022-09-19 01:46:18][sql] SELECT `pay_fudong` FROM `ds_pay_setting` WHERE  `pay_model` = 'yyzw_wx' LIMIT 1 [ RunTime:0.000436s ]
[2022-09-19 01:46:18][sql] SELECT `value` FROM `ds_system_config` WHERE  `group` = 'jg'  AND `name` = 'jg_topen' LIMIT 1 [ RunTime:0.000346s ]
[2022-09-19 01:46:18][sql] SELECT `value` FROM `ds_system_config` WHERE  `group` = 'jg'  AND `name` = 'jp_wopen' LIMIT 1 [ RunTime:0.000285s ]
[2022-09-19 01:46:18][sql] SELECT `value` FROM `ds_system_config` WHERE  `group` = 'jg'  AND `name` = 'jg_yopen' LIMIT 1 [ RunTime:0.000224s ]
[2022-09-19 01:46:18][sql] SELECT `value` FROM `ds_system_config` WHERE  `group` = 'jg'  AND `name` = 'jg_topen' LIMIT 1 [ RunTime:0.000216s ]
[2022-09-19 01:46:18][sql] SELECT `value` FROM `ds_system_config` WHERE  `group` = 'jg'  AND `name` = 'jp_wopen' LIMIT 1 [ RunTime:0.000251s ]
[2022-09-19 01:46:18][sql] SELECT `value` FROM `ds_system_config` WHERE  `group` = 'jg'  AND `name` = 'jg_yopen' LIMIT 1 [ RunTime:0.000214s ]
[2022-09-19 01:49:04][sql] CONNECT:[ UseTime:0.000445s ] mysql:host=127.0.0.1;port=3306;dbname=webs;charset=utf8
[2022-09-19 01:49:04][sql] SHOW FULL COLUMNS FROM `ds_hezi` [ RunTime:0.000949s ]
[2022-09-19 01:49:04][sql] SELECT * FROM `ds_hezi` WHERE  `id` = 1315 LIMIT 1 [ RunTime:0.000408s ]
[2022-09-19 01:49:04][sql] SHOW FULL COLUMNS FROM `ds_tj` [ RunTime:0.000707s ]
[2022-09-19 01:49:04][sql] SELECT * FROM `ds_tj` WHERE  `ua` = 'de48ce7585e8a0235a32734166ab415b' LIMIT 1 [ RunTime:0.000263s ]
[2022-09-19 01:49:04][sql] SHOW FULL COLUMNS FROM `ds_complain` [ RunTime:0.000666s ]
[2022-09-19 01:49:04][sql] SELECT * FROM `ds_complain` WHERE  `ip` = '124.152.241.16' [ RunTime:0.000336s ]
[2022-09-19 01:49:04][sql] SHOW FULL COLUMNS FROM `ds_system_config` [ RunTime:0.000698s ]
[2022-09-19 01:49:04][sql] SELECT `value` FROM `ds_system_config` WHERE  `group` = 'ff'  AND `name` = 'ff_pc' LIMIT 1 [ RunTime:0.000362s ]
[2022-09-19 01:49:04][sql] SHOW FULL COLUMNS FROM `ds_system_admin` [ RunTime:0.000788s ]
[2022-09-19 01:49:04][sql] SELECT * FROM `ds_system_admin` WHERE (  `id` = 182 ) AND `ds_system_admin`.`delete_time` IS NULL LIMIT 1 [ RunTime:0.000505s ]
[2022-09-19 01:49:04][sql] SELECT * FROM `ds_system_admin` WHERE (  `id` = 182 ) AND `ds_system_admin`.`delete_time` IS NULL LIMIT 1 [ RunTime:0.000375s ]
[2022-09-19 01:49:04][sql] SELECT * FROM `ds_hezi` WHERE  `id` = 1315 LIMIT 1 [ RunTime:0.000324s ]
[2022-09-19 01:49:04][sql] SHOW FULL COLUMNS FROM `ds_domain_rule` [ RunTime:0.000869s ]
[2022-09-19 01:49:04][sql] SELECT * FROM `ds_domain_rule` WHERE  `status` = 1  AND `uid` = 182  AND `type` = 2 LIMIT 1 [ RunTime:0.000343s ]
[2022-09-19 01:49:04][sql] SELECT * FROM `ds_domain_rule` WHERE  `status` = 1  AND `type` = 2  AND `uid` = 10086 LIMIT 1 [ RunTime:0.000293s ]
[2022-09-19 01:49:04][sql] SELECT `value` FROM `ds_system_config` WHERE  `group` = 'ff'  AND `name` = 'ff_fix' LIMIT 1 [ RunTime:0.000320s ]
[2022-09-19 01:49:04][sql] CONNECT:[ UseTime:0.000521s ] mysql:host=127.0.0.1;port=3306;dbname=webs;charset=utf8
[2022-09-19 01:49:04][sql] SHOW FULL COLUMNS FROM `ds_hezi` [ RunTime:0.000975s ]
[2022-09-19 01:49:04][sql] SELECT * FROM `ds_hezi` WHERE  `id` = 1315 LIMIT 1 [ RunTime:0.000324s ]
[2022-09-19 01:49:04][sql] SHOW FULL COLUMNS FROM `ds_user_point` [ RunTime:0.000666s ]
[2022-09-19 01:49:04][sql] SELECT * FROM `ds_user_point` WHERE  `ua` = '7a671ab71751eab33f136f245e8d5983' LIMIT 1 [ RunTime:0.037329s ]
[2022-09-19 01:49:04][sql] CONNECT:[ UseTime:0.000616s ] mysql:host=127.0.0.1;port=3306;dbname=webs;charset=utf8
[2022-09-19 01:49:04][sql] SHOW FULL COLUMNS FROM `ds_system_config` [ RunTime:0.000910s ]
[2022-09-19 01:49:04][sql] SELECT * FROM `ds_system_config` WHERE  `name` = 'zbkg' LIMIT 1 [ RunTime:0.000495s ]
[2022-09-19 01:49:04][sql] SELECT * FROM `ds_system_config` WHERE  `name` = 'zb_t_img' LIMIT 1 [ RunTime:0.000268s ]
[2022-09-19 01:49:04][sql] SHOW FULL COLUMNS FROM `ds_payed_show` [ RunTime:0.000710s ]
[2022-09-19 01:49:04][sql] SELECT * FROM `ds_payed_show` WHERE  `ua` = '7a671ab71751eab33f136f245e8d5983'  AND `is_date` = 2  AND `expire` > 1663523344 LIMIT 1 [ RunTime:0.040325s ]
[2022-09-19 01:49:04][sql] SELECT `value` FROM `ds_system_config` WHERE  `group` = 'ff'  AND `name` = 'ff_pc' LIMIT 1 [ RunTime:0.006888s ]
[2022-09-19 01:49:04][sql] SELECT `value` FROM `ds_system_config` WHERE  `group` = 'short_video'  AND `name` = 'dsp_notify' LIMIT 1 [ RunTime:0.000217s ]
[2022-09-19 01:49:04][sql] SELECT `value` FROM `ds_system_config` WHERE  `group` = 'short_video'  AND `name` = 'shar_box_text' LIMIT 1 [ RunTime:0.000216s ]
[2022-09-19 01:49:04][sql] SELECT `value` FROM `ds_system_config` WHERE  `group` = 'short_video'  AND `name` = 'rvery_point' LIMIT 1 [ RunTime:0.000204s ]
[2022-09-19 01:49:04][sql] SELECT `value` FROM `ds_system_config` WHERE  `group` = 'short_video'  AND `name` = 'zbwl' LIMIT 1 [ RunTime:0.000215s ]
[2022-09-19 01:49:04][sql] SELECT `value` FROM `ds_system_config` WHERE  `group` = 'short_video'  AND `name` = 'dspsk' LIMIT 1 [ RunTime:0.000213s ]
[2022-09-19 01:49:04][sql] SHOW FULL COLUMNS FROM `ds_system_admin` [ RunTime:0.000935s ]
[2022-09-19 01:49:04][sql] SELECT * FROM `ds_system_admin` WHERE (  `id` = 182 ) AND `ds_system_admin`.`delete_time` IS NULL LIMIT 1 [ RunTime:0.000337s ]
[2022-09-19 01:49:04][sql] SELECT * FROM `ds_system_admin` WHERE (  `id` = 182 ) AND `ds_system_admin`.`delete_time` IS NULL LIMIT 1 [ RunTime:0.000315s ]
[2022-09-19 01:49:04][sql] SHOW FULL COLUMNS FROM `ds_domain_rule` [ RunTime:0.007743s ]
[2022-09-19 01:49:04][sql] SELECT * FROM `ds_domain_rule` WHERE  `status` = 1  AND `uid` = 182  AND `type` = 1 LIMIT 1 [ RunTime:0.000308s ]
[2022-09-19 01:49:04][sql] SELECT * FROM `ds_domain_rule` WHERE  `status` = 1  AND `type` = 1  AND `uid` = 10086 LIMIT 1 [ RunTime:0.000228s ]
[2022-09-19 01:49:04][sql] SELECT `value` FROM `ds_system_config` WHERE  `group` = 'ff'  AND `name` = 'ff_fix' LIMIT 1 [ RunTime:0.000236s ]
[2022-09-19 01:49:04][sql] CONNECT:[ UseTime:0.000416s ] mysql:host=127.0.0.1;port=3306;dbname=webs;charset=utf8
[2022-09-19 01:49:04][sql] SHOW FULL COLUMNS FROM `ds_category` [ RunTime:0.000871s ]
[2022-09-19 01:49:04][sql] SELECT `id`,`image`,ctitle as title FROM `ds_category` WHERE `ds_category`.`delete_time` IS NULL LIMIT 910 [ RunTime:0.000253s ]
[2022-09-19 01:49:04][sql] CONNECT:[ UseTime:0.000537s ] mysql:host=127.0.0.1;port=3306;dbname=webs;charset=utf8
[2022-09-19 01:49:04][sql] SHOW FULL COLUMNS FROM `ds_domain_rule` [ RunTime:0.001053s ]
[2022-09-19 01:49:04][sql] SELECT * FROM `ds_domain_rule` WHERE  `status` = 1  AND `uid` = 182  AND `type` = 1 LIMIT 1 [ RunTime:0.000386s ]
[2022-09-19 01:49:04][sql] SELECT * FROM `ds_domain_rule` WHERE  `status` = 1  AND `type` = 1  AND `uid` = 10086 LIMIT 1 [ RunTime:0.000264s ]
[2022-09-19 01:49:04][sql] SHOW FULL COLUMNS FROM `ds_system_config` [ RunTime:0.000680s ]
[2022-09-19 01:49:04][sql] SELECT `value` FROM `ds_system_config` WHERE  `group` = 'ff'  AND `name` = 'ff_fix' LIMIT 1 [ RunTime:0.000396s ]
[2022-09-19 01:49:04][sql] SHOW FULL COLUMNS FROM `ds_payed_show` [ RunTime:0.000741s ]
[2022-09-19 01:49:04][sql] SELECT * FROM `ds_payed_show` WHERE  `uid` = 182  AND `expire` > 1663523344  AND (  (  ( ua = '7a671ab71751eab33f136f245e8d5983')  ) ) [ RunTime:0.036140s ]
[2022-09-19 01:49:04][sql] SHOW FULL COLUMNS FROM `ds_stock` [ RunTime:0.001051s ]
[2022-09-19 01:49:04][sql] SELECT COUNT(*) AS think_count FROM `ds_stock` WHERE  `is_dsp` = 0 LIMIT 1 [ RunTime:0.001843s ]
[2022-09-19 01:49:04][sql] SELECT `id`,`cid`,`url`,`title`,`image`,`time` FROM `ds_stock` WHERE  `is_dsp` = 0 ORDER BY rand() LIMIT 0,10 [ RunTime:0.012381s ]
[2022-09-19 01:49:04][sql] SHOW FULL COLUMNS FROM `ds_system_admin` [ RunTime:0.001075s ]
[2022-09-19 01:49:04][sql] SELECT * FROM `ds_system_admin` WHERE (  `id` = 182 ) AND `ds_system_admin`.`delete_time` IS NULL LIMIT 1 [ RunTime:0.000471s ]
[2022-09-19 01:49:04][sql] SELECT * FROM `ds_system_admin` WHERE (  `id` = 182 ) AND `ds_system_admin`.`delete_time` IS NULL LIMIT 1 [ RunTime:0.000459s ]
[2022-09-19 01:49:04][sql] SELECT `value` FROM `ds_system_config` WHERE  `group` = 'short_video'  AND `name` = 'dspsk' LIMIT 1 [ RunTime:0.000293s ]
[2022-09-19 01:49:04][sql] SELECT `value` FROM `ds_system_config` WHERE  `group` = 'short_video'  AND `name` = 'ppvd_params' LIMIT 1 [ RunTime:0.000201s ]
[2022-09-19 01:49:10][sql] CONNECT:[ UseTime:0.000672s ] mysql:host=127.0.0.1;port=3306;dbname=webs;charset=utf8
[2022-09-19 01:49:10][sql] SHOW FULL COLUMNS FROM `ds_domain_rule` [ RunTime:0.001064s ]
[2022-09-19 01:49:10][sql] SELECT * FROM `ds_domain_rule` WHERE  `status` = 1  AND `uid` = 182  AND `type` = 1 LIMIT 1 [ RunTime:0.000366s ]
[2022-09-19 01:49:10][sql] SELECT * FROM `ds_domain_rule` WHERE  `status` = 1  AND `type` = 1  AND `uid` = 10086 LIMIT 1 [ RunTime:0.000368s ]
[2022-09-19 01:49:10][sql] SHOW FULL COLUMNS FROM `ds_system_config` [ RunTime:0.000950s ]
[2022-09-19 01:49:10][sql] SELECT `value` FROM `ds_system_config` WHERE  `group` = 'ff'  AND `name` = 'ff_fix' LIMIT 1 [ RunTime:0.000303s ]
[2022-09-19 01:49:10][sql] SHOW FULL COLUMNS FROM `ds_payed_show` [ RunTime:0.000840s ]
[2022-09-19 01:49:10][sql] SELECT * FROM `ds_payed_show` WHERE  `uid` = 182  AND `expire` > 1663523350  AND (  (  ( ua = '7a671ab71751eab33f136f245e8d5983')  ) ) [ RunTime:0.038848s ]
[2022-09-19 01:49:10][sql] SHOW FULL COLUMNS FROM `ds_stock` [ RunTime:0.001057s ]
[2022-09-19 01:49:10][sql] SELECT COUNT(*) AS think_count FROM `ds_stock` WHERE  `title` LIKE '%仙仙%'  AND `is_dsp` = 0 LIMIT 1 [ RunTime:0.003784s ]
[2022-09-19 01:49:10][sql] SELECT `id`,`cid`,`url`,`title`,`image`,`time` FROM `ds_stock` WHERE  `title` LIKE '%仙仙%'  AND `is_dsp` = 0 ORDER BY rand() LIMIT 0,10 [ RunTime:0.005593s ]
[2022-09-19 01:49:10][sql] SHOW FULL COLUMNS FROM `ds_system_admin` [ RunTime:0.000890s ]
[2022-09-19 01:49:10][sql] SELECT * FROM `ds_system_admin` WHERE (  `id` = 182 ) AND `ds_system_admin`.`delete_time` IS NULL LIMIT 1 [ RunTime:0.000561s ]
[2022-09-19 01:49:10][sql] SELECT * FROM `ds_system_admin` WHERE (  `id` = 182 ) AND `ds_system_admin`.`delete_time` IS NULL LIMIT 1 [ RunTime:0.000420s ]
[2022-09-19 01:49:10][sql] SELECT `value` FROM `ds_system_config` WHERE  `group` = 'short_video'  AND `name` = 'dspsk' LIMIT 1 [ RunTime:0.000291s ]
[2022-09-19 01:49:10][sql] SELECT `value` FROM `ds_system_config` WHERE  `group` = 'short_video'  AND `name` = 'ppvd_params' LIMIT 1 [ RunTime:0.000217s ]
[2022-09-19 01:49:11][sql] CONNECT:[ UseTime:0.000509s ] mysql:host=127.0.0.1;port=3306;dbname=webs;charset=utf8
[2022-09-19 01:49:11][sql] SHOW FULL COLUMNS FROM `ds_system_admin` [ RunTime:0.001067s ]
[2022-09-19 01:49:11][sql] SELECT * FROM `ds_system_admin` WHERE (  `id` = 182 ) AND `ds_system_admin`.`delete_time` IS NULL LIMIT 1 [ RunTime:0.000446s ]
[2022-09-19 01:49:11][sql] SELECT * FROM `ds_system_admin` WHERE (  `id` = 182 ) AND `ds_system_admin`.`delete_time` IS NULL LIMIT 1 [ RunTime:0.000421s ]
[2022-09-19 01:49:11][sql] SHOW FULL COLUMNS FROM `ds_stock` [ RunTime:0.000731s ]
[2022-09-19 01:49:11][sql] SELECT * FROM `ds_stock` WHERE  `id` = 36079 LIMIT 1 [ RunTime:0.000332s ]
[2022-09-19 01:49:11][sql] SHOW FULL COLUMNS FROM `ds_system_config` [ RunTime:0.000822s ]
[2022-09-19 01:49:11][sql] SELECT `value` FROM `ds_system_config` WHERE  `group` = 'pay'  AND `name` = 'pay_type' LIMIT 1 [ RunTime:0.000269s ]
[2022-09-19 01:49:11][sql] SHOW FULL COLUMNS FROM `ds_price` [ RunTime:0.000676s ]
[2022-09-19 01:49:11][sql] SELECT * FROM `ds_price` WHERE  `pay_model` = '1'  AND `uid` = 182 [ RunTime:0.000406s ]
[2022-09-19 01:49:11][sql] SELECT * FROM `ds_price` WHERE  `pay_model` = '2'  AND `uid` = 182 [ RunTime:0.000347s ]
[2022-09-19 01:49:11][sql] SELECT * FROM `ds_system_admin` WHERE (  `id` = 1 ) AND `ds_system_admin`.`delete_time` IS NULL LIMIT 1 [ RunTime:0.000370s ]
[2022-09-19 01:49:11][sql] SELECT * FROM `ds_system_admin` WHERE (  `id` = 1 ) AND `ds_system_admin`.`delete_time` IS NULL LIMIT 1 [ RunTime:0.000321s ]
[2022-09-19 01:49:11][sql] SHOW FULL COLUMNS FROM `ds_pay_setting` [ RunTime:0.000824s ]
[2022-09-19 01:49:11][sql] SELECT `pay_fudong` FROM `ds_pay_setting` WHERE  `pay_model` = 'yyzw_wx' LIMIT 1 [ RunTime:0.000241s ]
[2022-09-19 01:49:11][sql] SELECT `pay_fudong` FROM `ds_pay_setting` WHERE  `pay_model` = 'yyzw_wx' LIMIT 1 [ RunTime:0.000201s ]
[2022-09-19 01:49:11][sql] SELECT `value` FROM `ds_system_config` WHERE  `group` = 'jg'  AND `name` = 'jg_topen' LIMIT 1 [ RunTime:0.000253s ]
[2022-09-19 01:49:11][sql] SELECT `value` FROM `ds_system_config` WHERE  `group` = 'jg'  AND `name` = 'jp_wopen' LIMIT 1 [ RunTime:0.000213s ]
[2022-09-19 01:49:11][sql] SELECT `value` FROM `ds_system_config` WHERE  `group` = 'jg'  AND `name` = 'jg_yopen' LIMIT 1 [ RunTime:0.000227s ]
[2022-09-19 01:49:11][sql] SELECT `value` FROM `ds_system_config` WHERE  `group` = 'jg'  AND `name` = 'jg_topen' LIMIT 1 [ RunTime:0.000251s ]
[2022-09-19 01:49:11][sql] SELECT `value` FROM `ds_system_config` WHERE  `group` = 'jg'  AND `name` = 'jp_wopen' LIMIT 1 [ RunTime:0.000195s ]
[2022-09-19 01:49:11][sql] SELECT `value` FROM `ds_system_config` WHERE  `group` = 'jg'  AND `name` = 'jg_yopen' LIMIT 1 [ RunTime:0.000225s ]
[2022-09-19 01:49:14][sql] CONNECT:[ UseTime:0.000650s ] mysql:host=127.0.0.1;port=3306;dbname=webs;charset=utf8
[2022-09-19 01:49:14][sql] SHOW FULL COLUMNS FROM `ds_system_admin` [ RunTime:0.001539s ]
[2022-09-19 01:49:14][sql] SELECT * FROM `ds_system_admin` WHERE (  `id` = 182 ) AND `ds_system_admin`.`delete_time` IS NULL LIMIT 1 [ RunTime:0.000469s ]
[2022-09-19 01:49:14][sql] SELECT * FROM `ds_system_admin` WHERE (  `id` = 182 ) AND `ds_system_admin`.`delete_time` IS NULL LIMIT 1 [ RunTime:0.000361s ]
[2022-09-19 01:49:14][sql] SHOW FULL COLUMNS FROM `ds_pay_setting` [ RunTime:0.000820s ]
[2022-09-19 01:49:14][sql] SELECT * FROM `ds_pay_setting` WHERE  `pay_model` = 'yyzw_wx' LIMIT 1 [ RunTime:0.000330s ]
[2022-09-19 01:49:14][sql] SHOW FULL COLUMNS FROM `ds_stock` [ RunTime:0.000846s ]
[2022-09-19 01:49:14][sql] SELECT * FROM `ds_stock` WHERE  `id` = 36079 LIMIT 1 [ RunTime:0.000367s ]
[2022-09-19 01:49:14][sql] SHOW FULL COLUMNS FROM `ds_pay_order` [ RunTime:0.000965s ]
[2022-09-19 01:49:14][sql] INSERT INTO `ds_pay_order` SET `vid` = 36079 , `uid` = 182 , `ip` = '124.152.241.16' , `transact` = '202209190149149301' , `price` = 1 , `status` = '2' , `vtitle` = '【网红女神】抖音网红仙仙小草莓大尺度视频流出10272' , `pid` = 0 , `ua` = '7a671ab71751eab33f136f245e8d5983' , `pid_top` = 1 , `is_kouliang` = '1' , `is_date` = '1' , `is_month` = '1' , `is_week` = 1 , `is_dsp` = '36079' , `pay_channel` = 'yyzw_wx' , `des` = '支付' , `createtime` = 1663523354 [ RunTime:0.000614s ]
[2022-09-19 01:49:14][error] [8]Trying to access array offset on value of type null[/www/wwwroot/110.42.64.249/app/index/controller/Trading.php:1718]
[2022-09-19 01:49:49][sql] CONNECT:[ UseTime:0.000501s ] mysql:host=127.0.0.1;port=3306;dbname=webs;charset=utf8
[2022-09-19 01:49:49][sql] SHOW FULL COLUMNS FROM `ds_hezi` [ RunTime:0.001044s ]
[2022-09-19 01:49:49][sql] SELECT * FROM `ds_hezi` WHERE  `id` = 1315 LIMIT 1 [ RunTime:0.000373s ]
[2022-09-19 01:49:49][sql] SHOW FULL COLUMNS FROM `ds_tj` [ RunTime:0.000712s ]
[2022-09-19 01:49:49][sql] SELECT * FROM `ds_tj` WHERE  `ua` = 'de48ce7585e8a0235a32734166ab415b' LIMIT 1 [ RunTime:0.000408s ]
[2022-09-19 01:49:49][sql] SHOW FULL COLUMNS FROM `ds_complain` [ RunTime:0.000834s ]
[2022-09-19 01:49:49][sql] SELECT * FROM `ds_complain` WHERE  `ip` = '124.152.241.16' [ RunTime:0.000321s ]
[2022-09-19 01:49:49][sql] SHOW FULL COLUMNS FROM `ds_system_config` [ RunTime:0.000931s ]
[2022-09-19 01:49:49][sql] SELECT `value` FROM `ds_system_config` WHERE  `group` = 'ff'  AND `name` = 'ff_pc' LIMIT 1 [ RunTime:0.000329s ]
[2022-09-19 01:49:49][sql] SHOW FULL COLUMNS FROM `ds_system_admin` [ RunTime:0.000967s ]
[2022-09-19 01:49:49][sql] SELECT * FROM `ds_system_admin` WHERE (  `id` = 182 ) AND `ds_system_admin`.`delete_time` IS NULL LIMIT 1 [ RunTime:0.000504s ]
[2022-09-19 01:49:49][sql] SELECT * FROM `ds_system_admin` WHERE (  `id` = 182 ) AND `ds_system_admin`.`delete_time` IS NULL LIMIT 1 [ RunTime:0.000390s ]
[2022-09-19 01:49:49][sql] SELECT * FROM `ds_hezi` WHERE  `id` = 1315 LIMIT 1 [ RunTime:0.000311s ]
[2022-09-19 01:49:49][sql] SHOW FULL COLUMNS FROM `ds_domain_rule` [ RunTime:0.000877s ]
[2022-09-19 01:49:49][sql] SELECT * FROM `ds_domain_rule` WHERE  `status` = 1  AND `uid` = 182  AND `type` = 2 LIMIT 1 [ RunTime:0.000299s ]
[2022-09-19 01:49:49][sql] SELECT * FROM `ds_domain_rule` WHERE  `status` = 1  AND `type` = 2  AND `uid` = 10086 LIMIT 1 [ RunTime:0.000326s ]
[2022-09-19 01:49:49][sql] SELECT `value` FROM `ds_system_config` WHERE  `group` = 'ff'  AND `name` = 'ff_fix' LIMIT 1 [ RunTime:0.000285s ]
[2022-09-19 01:49:49][sql] CONNECT:[ UseTime:0.000576s ] mysql:host=127.0.0.1;port=3306;dbname=webs;charset=utf8
[2022-09-19 01:49:49][sql] SHOW FULL COLUMNS FROM `ds_hezi` [ RunTime:0.000974s ]
[2022-09-19 01:49:49][sql] SELECT * FROM `ds_hezi` WHERE  `id` = 1315 LIMIT 1 [ RunTime:0.000389s ]
[2022-09-19 01:49:49][sql] SHOW FULL COLUMNS FROM `ds_user_point` [ RunTime:0.000737s ]
[2022-09-19 01:49:49][sql] SELECT * FROM `ds_user_point` WHERE  `ua` = '7a671ab71751eab33f136f245e8d5983' LIMIT 1 [ RunTime:0.036987s ]
[2022-09-19 01:49:50][sql] CONNECT:[ UseTime:0.000448s ] mysql:host=127.0.0.1;port=3306;dbname=webs;charset=utf8
[2022-09-19 01:49:50][sql] SHOW FULL COLUMNS FROM `ds_system_config` [ RunTime:0.000988s ]
[2022-09-19 01:49:50][sql] SELECT * FROM `ds_system_config` WHERE  `name` = 'zbkg' LIMIT 1 [ RunTime:0.000398s ]
[2022-09-19 01:49:50][sql] SELECT * FROM `ds_system_config` WHERE  `name` = 'zb_t_img' LIMIT 1 [ RunTime:0.000255s ]
[2022-09-19 01:49:50][sql] SHOW FULL COLUMNS FROM `ds_payed_show` [ RunTime:0.000738s ]
[2022-09-19 01:49:50][sql] SELECT * FROM `ds_payed_show` WHERE  `ua` = '7a671ab71751eab33f136f245e8d5983'  AND `is_date` = 2  AND `expire` > 1663523390 LIMIT 1 [ RunTime:0.034905s ]
[2022-09-19 01:49:50][sql] SELECT `value` FROM `ds_system_config` WHERE  `group` = 'ff'  AND `name` = 'ff_pc' LIMIT 1 [ RunTime:0.000376s ]
[2022-09-19 01:49:50][sql] SELECT `value` FROM `ds_system_config` WHERE  `group` = 'short_video'  AND `name` = 'dsp_notify' LIMIT 1 [ RunTime:0.000233s ]
[2022-09-19 01:49:50][sql] SELECT `value` FROM `ds_system_config` WHERE  `group` = 'short_video'  AND `name` = 'shar_box_text' LIMIT 1 [ RunTime:0.000225s ]
[2022-09-19 01:49:50][sql] SELECT `value` FROM `ds_system_config` WHERE  `group` = 'short_video'  AND `name` = 'rvery_point' LIMIT 1 [ RunTime:0.000200s ]
[2022-09-19 01:49:50][sql] SELECT `value` FROM `ds_system_config` WHERE  `group` = 'short_video'  AND `name` = 'zbwl' LIMIT 1 [ RunTime:0.000264s ]
[2022-09-19 01:49:50][sql] SELECT `value` FROM `ds_system_config` WHERE  `group` = 'short_video'  AND `name` = 'dspsk' LIMIT 1 [ RunTime:0.000211s ]
[2022-09-19 01:49:50][sql] SHOW FULL COLUMNS FROM `ds_system_admin` [ RunTime:0.001205s ]
[2022-09-19 01:49:50][sql] SELECT * FROM `ds_system_admin` WHERE (  `id` = 182 ) AND `ds_system_admin`.`delete_time` IS NULL LIMIT 1 [ RunTime:0.000383s ]
[2022-09-19 01:49:50][sql] SELECT * FROM `ds_system_admin` WHERE (  `id` = 182 ) AND `ds_system_admin`.`delete_time` IS NULL LIMIT 1 [ RunTime:0.000331s ]
[2022-09-19 01:49:50][sql] SHOW FULL COLUMNS FROM `ds_domain_rule` [ RunTime:0.000738s ]
[2022-09-19 01:49:50][sql] SELECT * FROM `ds_domain_rule` WHERE  `status` = 1  AND `uid` = 182  AND `type` = 1 LIMIT 1 [ RunTime:0.000289s ]
[2022-09-19 01:49:50][sql] SELECT * FROM `ds_domain_rule` WHERE  `status` = 1  AND `type` = 1  AND `uid` = 10086 LIMIT 1 [ RunTime:0.000235s ]
[2022-09-19 01:49:50][sql] SELECT `value` FROM `ds_system_config` WHERE  `group` = 'ff'  AND `name` = 'ff_fix' LIMIT 1 [ RunTime:0.000214s ]
[2022-09-19 01:49:50][sql] CONNECT:[ UseTime:0.000504s ] mysql:host=127.0.0.1;port=3306;dbname=webs;charset=utf8
[2022-09-19 01:49:50][sql] SHOW FULL COLUMNS FROM `ds_category` [ RunTime:0.001112s ]
[2022-09-19 01:49:50][sql] SELECT `id`,`image`,ctitle as title FROM `ds_category` WHERE `ds_category`.`delete_time` IS NULL LIMIT 910 [ RunTime:0.000368s ]
[2022-09-19 01:49:50][sql] CONNECT:[ UseTime:0.000533s ] mysql:host=127.0.0.1;port=3306;dbname=webs;charset=utf8
[2022-09-19 01:49:50][sql] SHOW FULL COLUMNS FROM `ds_domain_rule` [ RunTime:0.001246s ]
[2022-09-19 01:49:50][sql] SELECT * FROM `ds_domain_rule` WHERE  `status` = 1  AND `uid` = 182  AND `type` = 1 LIMIT 1 [ RunTime:0.000501s ]
[2022-09-19 01:49:50][sql] SELECT * FROM `ds_domain_rule` WHERE  `status` = 1  AND `type` = 1  AND `uid` = 10086 LIMIT 1 [ RunTime:0.000407s ]
[2022-09-19 01:49:50][sql] SHOW FULL COLUMNS FROM `ds_system_config` [ RunTime:0.001057s ]
[2022-09-19 01:49:50][sql] SELECT `value` FROM `ds_system_config` WHERE  `group` = 'ff'  AND `name` = 'ff_fix' LIMIT 1 [ RunTime:0.000445s ]
[2022-09-19 01:49:50][sql] SHOW FULL COLUMNS FROM `ds_payed_show` [ RunTime:0.000929s ]
[2022-09-19 01:49:50][sql] SELECT * FROM `ds_payed_show` WHERE  `uid` = 182  AND `expire` > 1663523390  AND (  (  ( ua = '7a671ab71751eab33f136f245e8d5983')  ) ) [ RunTime:0.045697s ]
[2022-09-19 01:49:50][sql] SHOW FULL COLUMNS FROM `ds_stock` [ RunTime:0.001199s ]
[2022-09-19 01:49:50][sql] SELECT COUNT(*) AS think_count FROM `ds_stock` WHERE  `is_dsp` = 0 LIMIT 1 [ RunTime:0.002524s ]
[2022-09-19 01:49:50][sql] SELECT `id`,`cid`,`url`,`title`,`image`,`time` FROM `ds_stock` WHERE  `is_dsp` = 0 ORDER BY rand() LIMIT 0,10 [ RunTime:0.015174s ]
[2022-09-19 01:49:50][sql] SHOW FULL COLUMNS FROM `ds_system_admin` [ RunTime:0.000992s ]
[2022-09-19 01:49:50][sql] SELECT * FROM `ds_system_admin` WHERE (  `id` = 182 ) AND `ds_system_admin`.`delete_time` IS NULL LIMIT 1 [ RunTime:0.000587s ]
[2022-09-19 01:49:50][sql] SELECT * FROM `ds_system_admin` WHERE (  `id` = 182 ) AND `ds_system_admin`.`delete_time` IS NULL LIMIT 1 [ RunTime:0.000468s ]
[2022-09-19 01:49:50][sql] SELECT `value` FROM `ds_system_config` WHERE  `group` = 'short_video'  AND `name` = 'dspsk' LIMIT 1 [ RunTime:0.000356s ]
[2022-09-19 01:49:50][sql] SELECT `value` FROM `ds_system_config` WHERE  `group` = 'short_video'  AND `name` = 'ppvd_params' LIMIT 1 [ RunTime:0.000404s ]
[2022-09-19 01:49:51][sql] CONNECT:[ UseTime:0.000545s ] mysql:host=127.0.0.1;port=3306;dbname=webs;charset=utf8
[2022-09-19 01:49:51][sql] SHOW FULL COLUMNS FROM `ds_system_admin` [ RunTime:0.001348s ]
[2022-09-19 01:49:51][sql] SELECT * FROM `ds_system_admin` WHERE (  `id` = 182 ) AND `ds_system_admin`.`delete_time` IS NULL LIMIT 1 [ RunTime:0.000457s ]
[2022-09-19 01:49:51][sql] SELECT * FROM `ds_system_admin` WHERE (  `id` = 182 ) AND `ds_system_admin`.`delete_time` IS NULL LIMIT 1 [ RunTime:0.000428s ]
[2022-09-19 01:49:51][sql] SHOW FULL COLUMNS FROM `ds_stock` [ RunTime:0.000744s ]
[2022-09-19 01:49:51][sql] SELECT * FROM `ds_stock` WHERE  `id` = 35578 LIMIT 1 [ RunTime:0.000314s ]
[2022-09-19 01:49:51][sql] SHOW FULL COLUMNS FROM `ds_system_config` [ RunTime:0.000691s ]
[2022-09-19 01:49:51][sql] SELECT `value` FROM `ds_system_config` WHERE  `group` = 'pay'  AND `name` = 'pay_type' LIMIT 1 [ RunTime:0.000308s ]
[2022-09-19 01:49:51][sql] SHOW FULL COLUMNS FROM `ds_price` [ RunTime:0.000706s ]
[2022-09-19 01:49:51][sql] SELECT * FROM `ds_price` WHERE  `pay_model` = '1'  AND `uid` = 182 [ RunTime:0.000454s ]
[2022-09-19 01:49:51][sql] SELECT * FROM `ds_price` WHERE  `pay_model` = '2'  AND `uid` = 182 [ RunTime:0.000394s ]
[2022-09-19 01:49:51][sql] SELECT * FROM `ds_system_admin` WHERE (  `id` = 1 ) AND `ds_system_admin`.`delete_time` IS NULL LIMIT 1 [ RunTime:0.000384s ]
[2022-09-19 01:49:51][sql] SELECT * FROM `ds_system_admin` WHERE (  `id` = 1 ) AND `ds_system_admin`.`delete_time` IS NULL LIMIT 1 [ RunTime:0.000338s ]
[2022-09-19 01:49:51][sql] SHOW FULL COLUMNS FROM `ds_pay_setting` [ RunTime:0.000713s ]
[2022-09-19 01:49:51][sql] SELECT `pay_fudong` FROM `ds_pay_setting` WHERE  `pay_model` = 'easydoc' LIMIT 1 [ RunTime:0.000228s ]
[2022-09-19 01:49:51][sql] SELECT `pay_fudong` FROM `ds_pay_setting` WHERE  `pay_model` = 'yyzw_wx' LIMIT 1 [ RunTime:0.000255s ]
[2022-09-19 01:49:51][sql] SELECT `value` FROM `ds_system_config` WHERE  `group` = 'jg'  AND `name` = 'jg_topen' LIMIT 1 [ RunTime:0.000292s ]
[2022-09-19 01:49:51][sql] SELECT `value` FROM `ds_system_config` WHERE  `group` = 'jg'  AND `name` = 'jp_wopen' LIMIT 1 [ RunTime:0.000322s ]
[2022-09-19 01:49:51][sql] SELECT `value` FROM `ds_system_config` WHERE  `group` = 'jg'  AND `name` = 'jg_yopen' LIMIT 1 [ RunTime:0.000299s ]
[2022-09-19 01:49:51][sql] SELECT `value` FROM `ds_system_config` WHERE  `group` = 'jg'  AND `name` = 'jg_topen' LIMIT 1 [ RunTime:0.000258s ]
[2022-09-19 01:49:51][sql] SELECT `value` FROM `ds_system_config` WHERE  `group` = 'jg'  AND `name` = 'jp_wopen' LIMIT 1 [ RunTime:0.000205s ]
[2022-09-19 01:49:51][sql] SELECT `value` FROM `ds_system_config` WHERE  `group` = 'jg'  AND `name` = 'jg_yopen' LIMIT 1 [ RunTime:0.000212s ]
[2022-09-19 01:49:54][sql] CONNECT:[ UseTime:0.000590s ] mysql:host=127.0.0.1;port=3306;dbname=webs;charset=utf8
[2022-09-19 01:49:54][sql] SHOW FULL COLUMNS FROM `ds_system_admin` [ RunTime:0.001137s ]
[2022-09-19 01:49:54][sql] SELECT * FROM `ds_system_admin` WHERE (  `id` = 182 ) AND `ds_system_admin`.`delete_time` IS NULL LIMIT 1 [ RunTime:0.000560s ]
[2022-09-19 01:49:54][sql] SELECT * FROM `ds_system_admin` WHERE (  `id` = 182 ) AND `ds_system_admin`.`delete_time` IS NULL LIMIT 1 [ RunTime:0.000375s ]
[2022-09-19 01:49:54][sql] SHOW FULL COLUMNS FROM `ds_pay_setting` [ RunTime:0.000873s ]
[2022-09-19 01:49:54][sql] SELECT * FROM `ds_pay_setting` WHERE  `pay_model` = 'yyzw_wx' LIMIT 1 [ RunTime:0.000412s ]
[2022-09-19 01:49:54][sql] SHOW FULL COLUMNS FROM `ds_stock` [ RunTime:0.000775s ]
[2022-09-19 01:49:54][sql] SELECT * FROM `ds_stock` WHERE  `id` = 35578 LIMIT 1 [ RunTime:0.000305s ]
[2022-09-19 01:49:54][sql] SHOW FULL COLUMNS FROM `ds_pay_order` [ RunTime:0.000801s ]
[2022-09-19 01:49:54][sql] INSERT INTO `ds_pay_order` SET `vid` = 35578 , `uid` = 182 , `ip` = '124.152.241.16' , `transact` = '202209190149547772' , `price` = 1 , `status` = '2' , `vtitle` = '15697' , `pid` = 0 , `ua` = '7a671ab71751eab33f136f245e8d5983' , `pid_top` = 1 , `is_kouliang` = '1' , `is_date` = '1' , `is_month` = '1' , `is_week` = 1 , `is_dsp` = '35578' , `pay_channel` = 'yyzw_wx' , `des` = '支付' , `createtime` = 1663523394 [ RunTime:0.000513s ]
[2022-09-19 01:49:54][error] [8]Trying to access array offset on value of type null[/www/wwwroot/110.42.64.249/app/index/controller/Trading.php:1718]
[2022-09-19 01:50:41][sql] CONNECT:[ UseTime:0.000839s ] mysql:host=127.0.0.1;port=3306;dbname=webs;charset=utf8
[2022-09-19 01:50:41][sql] SHOW FULL COLUMNS FROM `ds_hezi` [ RunTime:0.001509s ]
[2022-09-19 01:50:41][sql] SELECT * FROM `ds_hezi` WHERE  `id` = 1315 LIMIT 1 [ RunTime:0.000420s ]
[2022-09-19 01:50:41][sql] SHOW FULL COLUMNS FROM `ds_tj` [ RunTime:0.000669s ]
[2022-09-19 01:50:41][sql] SELECT * FROM `ds_tj` WHERE  `ua` = 'de48ce7585e8a0235a32734166ab415b' LIMIT 1 [ RunTime:0.000261s ]
[2022-09-19 01:50:41][sql] SHOW FULL COLUMNS FROM `ds_complain` [ RunTime:0.000653s ]
[2022-09-19 01:50:41][sql] SELECT * FROM `ds_complain` WHERE  `ip` = '124.152.241.16' [ RunTime:0.000253s ]
[2022-09-19 01:50:41][sql] SHOW FULL COLUMNS FROM `ds_system_config` [ RunTime:0.000665s ]
[2022-09-19 01:50:41][sql] SELECT `value` FROM `ds_system_config` WHERE  `group` = 'ff'  AND `name` = 'ff_pc' LIMIT 1 [ RunTime:0.000276s ]
[2022-09-19 01:50:41][sql] SHOW FULL COLUMNS FROM `ds_system_admin` [ RunTime:0.000811s ]
[2022-09-19 01:50:41][sql] SELECT * FROM `ds_system_admin` WHERE (  `id` = 182 ) AND `ds_system_admin`.`delete_time` IS NULL LIMIT 1 [ RunTime:0.000469s ]
[2022-09-19 01:50:41][sql] SELECT * FROM `ds_system_admin` WHERE (  `id` = 182 ) AND `ds_system_admin`.`delete_time` IS NULL LIMIT 1 [ RunTime:0.000335s ]
[2022-09-19 01:50:41][sql] SELECT * FROM `ds_hezi` WHERE  `id` = 1315 LIMIT 1 [ RunTime:0.000296s ]
[2022-09-19 01:50:41][sql] SHOW FULL COLUMNS FROM `ds_domain_rule` [ RunTime:0.000723s ]
[2022-09-19 01:50:41][sql] SELECT * FROM `ds_domain_rule` WHERE  `status` = 1  AND `uid` = 182  AND `type` = 2 LIMIT 1 [ RunTime:0.000420s ]
[2022-09-19 01:50:41][sql] SELECT * FROM `ds_domain_rule` WHERE  `status` = 1  AND `type` = 2  AND `uid` = 10086 LIMIT 1 [ RunTime:0.000470s ]
[2022-09-19 01:50:41][sql] SELECT `value` FROM `ds_system_config` WHERE  `group` = 'ff'  AND `name` = 'ff_fix' LIMIT 1 [ RunTime:0.000287s ]
[2022-09-19 01:50:41][sql] CONNECT:[ UseTime:0.000499s ] mysql:host=127.0.0.1;port=3306;dbname=webs;charset=utf8
[2022-09-19 01:50:41][sql] SHOW FULL COLUMNS FROM `ds_hezi` [ RunTime:0.001033s ]
[2022-09-19 01:50:41][sql] SELECT * FROM `ds_hezi` WHERE  `id` = 1315 LIMIT 1 [ RunTime:0.000408s ]
[2022-09-19 01:50:41][sql] SHOW FULL COLUMNS FROM `ds_user_point` [ RunTime:0.000754s ]
[2022-09-19 01:50:41][sql] SELECT * FROM `ds_user_point` WHERE  `ua` = '7a671ab71751eab33f136f245e8d5983' LIMIT 1 [ RunTime:0.042047s ]
[2022-09-19 01:50:42][sql] CONNECT:[ UseTime:0.000515s ] mysql:host=127.0.0.1;port=3306;dbname=webs;charset=utf8
[2022-09-19 01:50:42][sql] SHOW FULL COLUMNS FROM `ds_system_config` [ RunTime:0.000906s ]
[2022-09-19 01:50:42][sql] SELECT * FROM `ds_system_config` WHERE  `name` = 'zbkg' LIMIT 1 [ RunTime:0.000334s ]
[2022-09-19 01:50:42][sql] SELECT * FROM `ds_system_config` WHERE  `name` = 'zb_t_img' LIMIT 1 [ RunTime:0.000298s ]
[2022-09-19 01:50:42][sql] SHOW FULL COLUMNS FROM `ds_payed_show` [ RunTime:0.000697s ]
[2022-09-19 01:50:42][sql] SELECT * FROM `ds_payed_show` WHERE  `ua` = '7a671ab71751eab33f136f245e8d5983'  AND `is_date` = 2  AND `expire` > 1663523442 LIMIT 1 [ RunTime:0.039313s ]
[2022-09-19 01:50:42][sql] SELECT `value` FROM `ds_system_config` WHERE  `group` = 'ff'  AND `name` = 'ff_pc' LIMIT 1 [ RunTime:0.000336s ]
[2022-09-19 01:50:42][sql] SELECT `value` FROM `ds_system_config` WHERE  `group` = 'short_video'  AND `name` = 'dsp_notify' LIMIT 1 [ RunTime:0.000249s ]
[2022-09-19 01:50:42][sql] SELECT `value` FROM `ds_system_config` WHERE  `group` = 'short_video'  AND `name` = 'shar_box_text' LIMIT 1 [ RunTime:0.000228s ]
[2022-09-19 01:50:42][sql] SELECT `value` FROM `ds_system_config` WHERE  `group` = 'short_video'  AND `name` = 'rvery_point' LIMIT 1 [ RunTime:0.000213s ]
[2022-09-19 01:50:42][sql] SELECT `value` FROM `ds_system_config` WHERE  `group` = 'short_video'  AND `name` = 'zbwl' LIMIT 1 [ RunTime:0.000208s ]
[2022-09-19 01:50:42][sql] SELECT `value` FROM `ds_system_config` WHERE  `group` = 'short_video'  AND `name` = 'dspsk' LIMIT 1 [ RunTime:0.000210s ]
[2022-09-19 01:50:42][sql] SHOW FULL COLUMNS FROM `ds_system_admin` [ RunTime:0.001045s ]
[2022-09-19 01:50:42][sql] SELECT * FROM `ds_system_admin` WHERE (  `id` = 182 ) AND `ds_system_admin`.`delete_time` IS NULL LIMIT 1 [ RunTime:0.000418s ]
[2022-09-19 01:50:42][sql] SELECT * FROM `ds_system_admin` WHERE (  `id` = 182 ) AND `ds_system_admin`.`delete_time` IS NULL LIMIT 1 [ RunTime:0.000330s ]
[2022-09-19 01:50:42][sql] SHOW FULL COLUMNS FROM `ds_domain_rule` [ RunTime:0.000839s ]
[2022-09-19 01:50:42][sql] SELECT * FROM `ds_domain_rule` WHERE  `status` = 1  AND `uid` = 182  AND `type` = 1 LIMIT 1 [ RunTime:0.000261s ]
[2022-09-19 01:50:42][sql] SELECT * FROM `ds_domain_rule` WHERE  `status` = 1  AND `type` = 1  AND `uid` = 10086 LIMIT 1 [ RunTime:0.000236s ]
[2022-09-19 01:50:42][sql] SELECT `value` FROM `ds_system_config` WHERE  `group` = 'ff'  AND `name` = 'ff_fix' LIMIT 1 [ RunTime:0.000210s ]
[2022-09-19 01:50:42][sql] CONNECT:[ UseTime:0.000440s ] mysql:host=127.0.0.1;port=3306;dbname=webs;charset=utf8
[2022-09-19 01:50:42][sql] SHOW FULL COLUMNS FROM `ds_category` [ RunTime:0.000886s ]
[2022-09-19 01:50:42][sql] SELECT `id`,`image`,ctitle as title FROM `ds_category` WHERE `ds_category`.`delete_time` IS NULL LIMIT 910 [ RunTime:0.000273s ]
[2022-09-19 01:50:42][sql] CONNECT:[ UseTime:0.000574s ] mysql:host=127.0.0.1;port=3306;dbname=webs;charset=utf8
[2022-09-19 01:50:42][sql] SHOW FULL COLUMNS FROM `ds_domain_rule` [ RunTime:0.000939s ]
[2022-09-19 01:50:42][sql] SELECT * FROM `ds_domain_rule` WHERE  `status` = 1  AND `uid` = 182  AND `type` = 1 LIMIT 1 [ RunTime:0.000574s ]
[2022-09-19 01:50:42][sql] SELECT * FROM `ds_domain_rule` WHERE  `status` = 1  AND `type` = 1  AND `uid` = 10086 LIMIT 1 [ RunTime:0.000305s ]
[2022-09-19 01:50:42][sql] SHOW FULL COLUMNS FROM `ds_system_config` [ RunTime:0.000755s ]
[2022-09-19 01:50:42][sql] SELECT `value` FROM `ds_system_config` WHERE  `group` = 'ff'  AND `name` = 'ff_fix' LIMIT 1 [ RunTime:0.000351s ]
[2022-09-19 01:50:42][sql] SHOW FULL COLUMNS FROM `ds_payed_show` [ RunTime:0.000799s ]
[2022-09-19 01:50:42][sql] SELECT * FROM `ds_payed_show` WHERE  `uid` = 182  AND `expire` > 1663523442  AND (  (  ( ua = '7a671ab71751eab33f136f245e8d5983')  ) ) [ RunTime:0.037277s ]
[2022-09-19 01:50:42][sql] SHOW FULL COLUMNS FROM `ds_stock` [ RunTime:0.000987s ]
[2022-09-19 01:50:42][sql] SELECT COUNT(*) AS think_count FROM `ds_stock` WHERE  `is_dsp` = 0 LIMIT 1 [ RunTime:0.001865s ]
[2022-09-19 01:50:42][sql] SELECT `id`,`cid`,`url`,`title`,`image`,`time` FROM `ds_stock` WHERE  `is_dsp` = 0 ORDER BY rand() LIMIT 0,10 [ RunTime:0.010252s ]
[2022-09-19 01:50:42][sql] SHOW FULL COLUMNS FROM `ds_system_admin` [ RunTime:0.000873s ]
[2022-09-19 01:50:42][sql] SELECT * FROM `ds_system_admin` WHERE (  `id` = 182 ) AND `ds_system_admin`.`delete_time` IS NULL LIMIT 1 [ RunTime:0.000520s ]
[2022-09-19 01:50:42][sql] SELECT * FROM `ds_system_admin` WHERE (  `id` = 182 ) AND `ds_system_admin`.`delete_time` IS NULL LIMIT 1 [ RunTime:0.000491s ]
[2022-09-19 01:50:42][sql] SELECT `value` FROM `ds_system_config` WHERE  `group` = 'short_video'  AND `name` = 'dspsk' LIMIT 1 [ RunTime:0.000232s ]
[2022-09-19 01:50:42][sql] SELECT `value` FROM `ds_system_config` WHERE  `group` = 'short_video'  AND `name` = 'ppvd_params' LIMIT 1 [ RunTime:0.000233s ]
[2022-09-19 01:50:43][sql] CONNECT:[ UseTime:0.000621s ] mysql:host=127.0.0.1;port=3306;dbname=webs;charset=utf8
[2022-09-19 01:50:43][sql] SHOW FULL COLUMNS FROM `ds_system_admin` [ RunTime:0.001331s ]
[2022-09-19 01:50:43][sql] SELECT * FROM `ds_system_admin` WHERE (  `id` = 182 ) AND `ds_system_admin`.`delete_time` IS NULL LIMIT 1 [ RunTime:0.000577s ]
[2022-09-19 01:50:43][sql] SELECT * FROM `ds_system_admin` WHERE (  `id` = 182 ) AND `ds_system_admin`.`delete_time` IS NULL LIMIT 1 [ RunTime:0.000472s ]
[2022-09-19 01:50:43][sql] SHOW FULL COLUMNS FROM `ds_stock` [ RunTime:0.000878s ]
[2022-09-19 01:50:43][sql] SELECT * FROM `ds_stock` WHERE  `id` = 38298 LIMIT 1 [ RunTime:0.000300s ]
[2022-09-19 01:50:43][sql] SHOW FULL COLUMNS FROM `ds_system_config` [ RunTime:0.000665s ]
[2022-09-19 01:50:43][sql] SELECT `value` FROM `ds_system_config` WHERE  `group` = 'pay'  AND `name` = 'pay_type' LIMIT 1 [ RunTime:0.000253s ]
[2022-09-19 01:50:43][sql] SHOW FULL COLUMNS FROM `ds_price` [ RunTime:0.000673s ]
[2022-09-19 01:50:43][sql] SELECT * FROM `ds_price` WHERE  `pay_model` = '1'  AND `uid` = 182 [ RunTime:0.000346s ]
[2022-09-19 01:50:43][sql] SELECT * FROM `ds_price` WHERE  `pay_model` = '2'  AND `uid` = 182 [ RunTime:0.000412s ]
[2022-09-19 01:50:43][sql] SELECT * FROM `ds_system_admin` WHERE (  `id` = 1 ) AND `ds_system_admin`.`delete_time` IS NULL LIMIT 1 [ RunTime:0.000323s ]
[2022-09-19 01:50:43][sql] SELECT * FROM `ds_system_admin` WHERE (  `id` = 1 ) AND `ds_system_admin`.`delete_time` IS NULL LIMIT 1 [ RunTime:0.000347s ]
[2022-09-19 01:50:43][sql] SHOW FULL COLUMNS FROM `ds_pay_setting` [ RunTime:0.000746s ]
[2022-09-19 01:50:43][sql] SELECT `pay_fudong` FROM `ds_pay_setting` WHERE  `pay_model` = 'easydoc' LIMIT 1 [ RunTime:0.000311s ]
[2022-09-19 01:50:43][sql] SELECT `pay_fudong` FROM `ds_pay_setting` WHERE  `pay_model` = 'easydoc' LIMIT 1 [ RunTime:0.000298s ]
[2022-09-19 01:50:43][sql] SELECT `value` FROM `ds_system_config` WHERE  `group` = 'jg'  AND `name` = 'jg_topen' LIMIT 1 [ RunTime:0.000290s ]
[2022-09-19 01:50:43][sql] SELECT `value` FROM `ds_system_config` WHERE  `group` = 'jg'  AND `name` = 'jp_wopen' LIMIT 1 [ RunTime:0.000252s ]
[2022-09-19 01:50:43][sql] SELECT `value` FROM `ds_system_config` WHERE  `group` = 'jg'  AND `name` = 'jg_yopen' LIMIT 1 [ RunTime:0.000261s ]
[2022-09-19 01:50:43][sql] SELECT `value` FROM `ds_system_config` WHERE  `group` = 'jg'  AND `name` = 'jg_topen' LIMIT 1 [ RunTime:0.000334s ]
[2022-09-19 01:50:43][sql] SELECT `value` FROM `ds_system_config` WHERE  `group` = 'jg'  AND `name` = 'jp_wopen' LIMIT 1 [ RunTime:0.000287s ]
[2022-09-19 01:50:43][sql] SELECT `value` FROM `ds_system_config` WHERE  `group` = 'jg'  AND `name` = 'jg_yopen' LIMIT 1 [ RunTime:0.000294s ]
[2022-09-19 01:51:00][sql] CONNECT:[ UseTime:0.000574s ] mysql:host=127.0.0.1;port=3306;dbname=webs;charset=utf8
[2022-09-19 01:51:00][sql] SHOW FULL COLUMNS FROM `ds_system_config` [ RunTime:0.001053s ]
[2022-09-19 01:51:00][sql] SELECT * FROM `ds_system_config` WHERE  `name` = 'zbkg' LIMIT 1 [ RunTime:0.000342s ]
[2022-09-19 01:51:00][sql] SELECT * FROM `ds_system_config` WHERE  `name` = 'zb_t_img' LIMIT 1 [ RunTime:0.000253s ]
[2022-09-19 01:51:00][sql] SHOW FULL COLUMNS FROM `ds_payed_show` [ RunTime:0.000689s ]
[2022-09-19 01:51:00][sql] SELECT * FROM `ds_payed_show` WHERE  `ua` = '7a671ab71751eab33f136f245e8d5983'  AND `is_date` = 2  AND `expire` > 1663523460 LIMIT 1 [ RunTime:0.036440s ]
[2022-09-19 01:51:00][sql] SELECT `value` FROM `ds_system_config` WHERE  `group` = 'ff'  AND `name` = 'ff_pc' LIMIT 1 [ RunTime:0.000409s ]
[2022-09-19 01:51:00][sql] SELECT `value` FROM `ds_system_config` WHERE  `group` = 'short_video'  AND `name` = 'dsp_notify' LIMIT 1 [ RunTime:0.000230s ]
[2022-09-19 01:51:00][sql] SELECT `value` FROM `ds_system_config` WHERE  `group` = 'short_video'  AND `name` = 'shar_box_text' LIMIT 1 [ RunTime:0.000271s ]
[2022-09-19 01:51:00][sql] SELECT `value` FROM `ds_system_config` WHERE  `group` = 'short_video'  AND `name` = 'rvery_point' LIMIT 1 [ RunTime:0.000227s ]
[2022-09-19 01:51:00][sql] SELECT `value` FROM `ds_system_config` WHERE  `group` = 'short_video'  AND `name` = 'zbwl' LIMIT 1 [ RunTime:0.000226s ]
[2022-09-19 01:51:00][sql] SELECT `value` FROM `ds_system_config` WHERE  `group` = 'short_video'  AND `name` = 'dspsk' LIMIT 1 [ RunTime:0.000207s ]
[2022-09-19 01:51:00][sql] SHOW FULL COLUMNS FROM `ds_system_admin` [ RunTime:0.001017s ]
[2022-09-19 01:51:00][sql] SELECT * FROM `ds_system_admin` WHERE (  `id` = 182 ) AND `ds_system_admin`.`delete_time` IS NULL LIMIT 1 [ RunTime:0.000388s ]
[2022-09-19 01:51:00][sql] SELECT * FROM `ds_system_admin` WHERE (  `id` = 182 ) AND `ds_system_admin`.`delete_time` IS NULL LIMIT 1 [ RunTime:0.000314s ]
[2022-09-19 01:51:00][sql] SHOW FULL COLUMNS FROM `ds_domain_rule` [ RunTime:0.000747s ]
[2022-09-19 01:51:00][sql] SELECT * FROM `ds_domain_rule` WHERE  `status` = 1  AND `uid` = 182  AND `type` = 1 LIMIT 1 [ RunTime:0.000296s ]
[2022-09-19 01:51:00][sql] SELECT * FROM `ds_domain_rule` WHERE  `status` = 1  AND `type` = 1  AND `uid` = 10086 LIMIT 1 [ RunTime:0.000349s ]
[2022-09-19 01:51:00][sql] SELECT `value` FROM `ds_system_config` WHERE  `group` = 'ff'  AND `name` = 'ff_fix' LIMIT 1 [ RunTime:0.000328s ]
[2022-09-19 01:51:01][sql] CONNECT:[ UseTime:0.000520s ] mysql:host=127.0.0.1;port=3306;dbname=webs;charset=utf8
[2022-09-19 01:51:01][sql] SHOW FULL COLUMNS FROM `ds_pay_order` [ RunTime:0.001059s ]
[2022-09-19 01:51:01][sql] SELECT * FROM `ds_pay_order` WHERE  `transact` = '202209190150466290' LIMIT 1 [ RunTime:0.000456s ]
[2022-09-19 01:51:01][error] [0]Call to undefined method Endroid\QrCode\QrCode::getContentType()[/www/wwwroot/110.42.64.249/app/index/controller/Index.php:1011]
[2022-09-19 01:51:01][sql] CONNECT:[ UseTime:0.000414s ] mysql:host=127.0.0.1;port=3306;dbname=webs;charset=utf8
[2022-09-19 01:51:01][sql] SHOW FULL COLUMNS FROM `ds_domain_rule` [ RunTime:0.000893s ]
[2022-09-19 01:51:01][sql] SELECT * FROM `ds_domain_rule` WHERE  `status` = 1  AND `uid` = 182  AND `type` = 1 LIMIT 1 [ RunTime:0.000286s ]
[2022-09-19 01:51:01][sql] SELECT * FROM `ds_domain_rule` WHERE  `status` = 1  AND `type` = 1  AND `uid` = 10086 LIMIT 1 [ RunTime:0.000261s ]
[2022-09-19 01:51:01][sql] SHOW FULL COLUMNS FROM `ds_system_config` [ RunTime:0.000670s ]
[2022-09-19 01:51:01][sql] SELECT `value` FROM `ds_system_config` WHERE  `group` = 'ff'  AND `name` = 'ff_fix' LIMIT 1 [ RunTime:0.000227s ]
[2022-09-19 01:51:01][sql] SHOW FULL COLUMNS FROM `ds_payed_show` [ RunTime:0.000717s ]
[2022-09-19 01:51:01][sql] SELECT * FROM `ds_payed_show` WHERE  `uid` = 182  AND `expire` > 1663523461  AND (  (  ( ua = '7a671ab71751eab33f136f245e8d5983')  ) ) [ RunTime:0.034752s ]
[2022-09-19 01:51:01][sql] SHOW FULL COLUMNS FROM `ds_stock` [ RunTime:0.000915s ]
[2022-09-19 01:51:01][sql] SELECT COUNT(*) AS think_count FROM `ds_stock` WHERE  `is_dsp` = 0 LIMIT 1 [ RunTime:0.001659s ]
[2022-09-19 01:51:01][sql] SELECT `id`,`cid`,`url`,`title`,`image`,`time` FROM `ds_stock` WHERE  `is_dsp` = 0 ORDER BY rand() LIMIT 0,10 [ RunTime:0.009606s ]
[2022-09-19 01:51:01][sql] SHOW FULL COLUMNS FROM `ds_system_admin` [ RunTime:0.000927s ]
[2022-09-19 01:51:01][sql] SELECT * FROM `ds_system_admin` WHERE (  `id` = 182 ) AND `ds_system_admin`.`delete_time` IS NULL LIMIT 1 [ RunTime:0.000384s ]
[2022-09-19 01:51:01][sql] SELECT * FROM `ds_system_admin` WHERE (  `id` = 182 ) AND `ds_system_admin`.`delete_time` IS NULL LIMIT 1 [ RunTime:0.000312s ]
[2022-09-19 01:51:01][sql] SELECT `value` FROM `ds_system_config` WHERE  `group` = 'short_video'  AND `name` = 'dspsk' LIMIT 1 [ RunTime:0.000231s ]
[2022-09-19 01:51:01][sql] SELECT `value` FROM `ds_system_config` WHERE  `group` = 'short_video'  AND `name` = 'ppvd_params' LIMIT 1 [ RunTime:0.000220s ]
[2022-09-19 01:51:01][sql] CONNECT:[ UseTime:0.000506s ] mysql:host=127.0.0.1;port=3306;dbname=webs;charset=utf8
[2022-09-19 01:51:01][sql] SHOW FULL COLUMNS FROM `ds_complain` [ RunTime:0.001121s ]
[2022-09-19 01:51:01][sql] SELECT * FROM `ds_complain` WHERE  `ip` = '124.152.241.16' LIMIT 1 [ RunTime:0.000346s ]
[2022-09-19 01:51:01][sql] SHOW FULL COLUMNS FROM `ds_stock` [ RunTime:0.000786s ]
[2022-09-19 01:51:01][sql] SELECT * FROM `ds_stock` WHERE  `id` = 38298 LIMIT 1 [ RunTime:0.000287s ]
[2022-09-19 01:51:01][sql] SHOW FULL COLUMNS FROM `ds_payed_show` [ RunTime:0.000781s ]
[2022-09-19 01:51:01][sql] SELECT * FROM `ds_payed_show` WHERE  `uid` = 182  AND `expire` > 1663523461  AND (  (  ( ua = '7a671ab71751eab33f136f245e8d5983')  ) ) [ RunTime:0.036617s ]
[2022-09-19 01:51:01][sql] SELECT * FROM `ds_payed_show` WHERE  `vid` = 38298  AND `expire` > 1663523461  AND `uid` = 182  AND (  `ip` = '124.152.241.16'  OR `ua` = '7a671ab71751eab33f136f245e8d5983' ) LIMIT 1 [ RunTime:0.036031s ]
[2022-09-19 01:52:16][error] [0]Call to undefined method Endroid\QrCode\QrCode::getContentType()[/www/wwwroot/110.42.64.249/app/index/controller/Index.php:1011]
[2022-09-19 01:52:16][sql] CONNECT:[ UseTime:0.000501s ] mysql:host=127.0.0.1;port=3306;dbname=webs;charset=utf8
[2022-09-19 01:52:16][sql] SHOW FULL COLUMNS FROM `ds_category` [ RunTime:0.001108s ]
[2022-09-19 01:52:16][sql] SELECT `id`,`image`,ctitle as title FROM `ds_category` WHERE `ds_category`.`delete_time` IS NULL LIMIT 100 [ RunTime:0.000269s ]
[2022-09-19 01:52:16][sql] CONNECT:[ UseTime:0.000512s ] mysql:host=127.0.0.1;port=3306;dbname=webs;charset=utf8
[2022-09-19 01:52:16][sql] SHOW FULL COLUMNS FROM `ds_domain_rule` [ RunTime:0.001037s ]
[2022-09-19 01:52:16][sql] SELECT * FROM `ds_domain_rule` WHERE  `status` = 1  AND `uid` = 182  AND `type` = 1 LIMIT 1 [ RunTime:0.000374s ]
[2022-09-19 01:52:16][sql] SELECT * FROM `ds_domain_rule` WHERE  `status` = 1  AND `type` = 1  AND `uid` = 10086 LIMIT 1 [ RunTime:0.000272s ]
[2022-09-19 01:52:16][sql] SHOW FULL COLUMNS FROM `ds_system_config` [ RunTime:0.000808s ]
[2022-09-19 01:52:16][sql] SELECT `value` FROM `ds_system_config` WHERE  `group` = 'ff'  AND `name` = 'ff_fix' LIMIT 1 [ RunTime:0.000353s ]
[2022-09-19 01:52:16][sql] SHOW FULL COLUMNS FROM `ds_payed_show` [ RunTime:0.000733s ]
[2022-09-19 01:52:16][sql] SELECT * FROM `ds_payed_show` WHERE  `uid` = 182  AND `expire` > 1663523536  AND (  (  ( ua = '7a671ab71751eab33f136f245e8d5983')  ) ) [ RunTime:0.036315s ]
[2022-09-19 01:52:16][sql] SHOW FULL COLUMNS FROM `ds_stock` [ RunTime:0.001088s ]
[2022-09-19 01:52:16][sql] SELECT COUNT(*) AS think_count FROM `ds_stock` WHERE  `id` = 38298  AND `is_dsp` = 0 LIMIT 1 [ RunTime:0.000384s ]
[2022-09-19 01:52:16][sql] SELECT `id`,`cid`,`url`,`title`,`image`,`time` FROM `ds_stock` WHERE  `id` = 38298  AND `is_dsp` = 0 ORDER BY rand() LIMIT 0,10 [ RunTime:0.000313s ]
[2022-09-19 01:52:16][sql] SHOW FULL COLUMNS FROM `ds_system_admin` [ RunTime:0.001004s ]
[2022-09-19 01:52:16][sql] SELECT * FROM `ds_system_admin` WHERE (  `id` = 182 ) AND `ds_system_admin`.`delete_time` IS NULL LIMIT 1 [ RunTime:0.000513s ]
[2022-09-19 01:52:16][sql] SELECT * FROM `ds_system_admin` WHERE (  `id` = 182 ) AND `ds_system_admin`.`delete_time` IS NULL LIMIT 1 [ RunTime:0.000416s ]
[2022-09-19 01:52:16][sql] SELECT `value` FROM `ds_system_config` WHERE  `group` = 'short_video'  AND `name` = 'dspsk' LIMIT 1 [ RunTime:0.000309s ]
[2022-09-19 01:52:16][sql] SELECT `value` FROM `ds_system_config` WHERE  `group` = 'short_video'  AND `name` = 'ppvd_params' LIMIT 1 [ RunTime:0.000230s ]
[2022-09-19 01:52:17][sql] CONNECT:[ UseTime:0.000406s ] mysql:host=127.0.0.1;port=3306;dbname=webs;charset=utf8
[2022-09-19 01:52:17][sql] SHOW FULL COLUMNS FROM `ds_category` [ RunTime:0.000927s ]
[2022-09-19 01:52:17][sql] SELECT `id`,`image`,ctitle as title FROM `ds_category` WHERE `ds_category`.`delete_time` IS NULL LIMIT 910 [ RunTime:0.000251s ]
[2022-09-19 01:52:18][sql] CONNECT:[ UseTime:0.000519s ] mysql:host=127.0.0.1;port=3306;dbname=webs;charset=utf8
[2022-09-19 01:52:18][sql] SHOW FULL COLUMNS FROM `ds_domain_rule` [ RunTime:0.000903s ]
[2022-09-19 01:52:18][sql] SELECT * FROM `ds_domain_rule` WHERE  `status` = 1  AND `uid` = 182  AND `type` = 1 LIMIT 1 [ RunTime:0.000319s ]
[2022-09-19 01:52:18][sql] SELECT * FROM `ds_domain_rule` WHERE  `status` = 1  AND `type` = 1  AND `uid` = 10086 LIMIT 1 [ RunTime:0.000238s ]
[2022-09-19 01:52:18][sql] SHOW FULL COLUMNS FROM `ds_system_config` [ RunTime:0.000693s ]
[2022-09-19 01:52:18][sql] SELECT `value` FROM `ds_system_config` WHERE  `group` = 'ff'  AND `name` = 'ff_fix' LIMIT 1 [ RunTime:0.000365s ]
[2022-09-19 01:52:18][sql] SHOW FULL COLUMNS FROM `ds_payed_show` [ RunTime:0.000804s ]
[2022-09-19 01:52:18][sql] SELECT * FROM `ds_payed_show` WHERE  `uid` = 182  AND `expire` > 1663523537  AND (  (  ( ua = '7a671ab71751eab33f136f245e8d5983')  ) ) [ RunTime:0.035343s ]
[2022-09-19 01:52:18][sql] SHOW FULL COLUMNS FROM `ds_stock` [ RunTime:0.001202s ]
[2022-09-19 01:52:18][sql] SELECT COUNT(*) AS think_count FROM `ds_stock` WHERE  `is_dsp` = 0 LIMIT 1 [ RunTime:0.003507s ]
[2022-09-19 01:52:18][sql] SELECT `id`,`cid`,`url`,`title`,`image`,`time` FROM `ds_stock` WHERE  `is_dsp` = 0 ORDER BY rand() LIMIT 0,10 [ RunTime:0.010200s ]
[2022-09-19 01:52:18][sql] SHOW FULL COLUMNS FROM `ds_system_admin` [ RunTime:0.000992s ]
[2022-09-19 01:52:18][sql] SELECT * FROM `ds_system_admin` WHERE (  `id` = 182 ) AND `ds_system_admin`.`delete_time` IS NULL LIMIT 1 [ RunTime:0.000462s ]
[2022-09-19 01:52:18][sql] SELECT * FROM `ds_system_admin` WHERE (  `id` = 182 ) AND `ds_system_admin`.`delete_time` IS NULL LIMIT 1 [ RunTime:0.000403s ]
[2022-09-19 01:52:18][sql] SELECT `value` FROM `ds_system_config` WHERE  `group` = 'short_video'  AND `name` = 'dspsk' LIMIT 1 [ RunTime:0.000297s ]
[2022-09-19 01:52:18][sql] SELECT `value` FROM `ds_system_config` WHERE  `group` = 'short_video'  AND `name` = 'ppvd_params' LIMIT 1 [ RunTime:0.000306s ]
[2022-09-19 01:52:22][sql] CONNECT:[ UseTime:0.000513s ] mysql:host=127.0.0.1;port=3306;dbname=webs;charset=utf8
[2022-09-19 01:52:22][sql] SHOW FULL COLUMNS FROM `ds_domain_rule` [ RunTime:0.001006s ]
[2022-09-19 01:52:22][sql] SELECT * FROM `ds_domain_rule` WHERE  `status` = 1  AND `uid` = 182  AND `type` = 1 LIMIT 1 [ RunTime:0.000427s ]
[2022-09-19 01:52:22][sql] SELECT * FROM `ds_domain_rule` WHERE  `status` = 1  AND `type` = 1  AND `uid` = 10086 LIMIT 1 [ RunTime:0.000267s ]
[2022-09-19 01:52:22][sql] SHOW FULL COLUMNS FROM `ds_system_config` [ RunTime:0.000750s ]
[2022-09-19 01:52:22][sql] SELECT `value` FROM `ds_system_config` WHERE  `group` = 'ff'  AND `name` = 'ff_fix' LIMIT 1 [ RunTime:0.000290s ]
[2022-09-19 01:52:22][sql] SHOW FULL COLUMNS FROM `ds_payed_show` [ RunTime:0.000818s ]
[2022-09-19 01:52:22][sql] SELECT * FROM `ds_payed_show` WHERE  `uid` = 182  AND `expire` > 1663523542  AND (  (  ( ua = '7a671ab71751eab33f136f245e8d5983')  ) ) [ RunTime:0.035675s ]
[2022-09-19 01:52:22][sql] SHOW FULL COLUMNS FROM `ds_stock` [ RunTime:0.000876s ]
[2022-09-19 01:52:22][sql] SELECT COUNT(*) AS think_count FROM `ds_stock` WHERE  `title` LIKE '%仙%'  AND `is_dsp` = 0 LIMIT 1 [ RunTime:0.003717s ]
[2022-09-19 01:52:22][sql] SELECT `id`,`cid`,`url`,`title`,`image`,`time` FROM `ds_stock` WHERE  `title` LIKE '%仙%'  AND `is_dsp` = 0 ORDER BY rand() LIMIT 0,10 [ RunTime:0.005893s ]
[2022-09-19 01:52:22][sql] SHOW FULL COLUMNS FROM `ds_system_admin` [ RunTime:0.001001s ]
[2022-09-19 01:52:22][sql] SELECT * FROM `ds_system_admin` WHERE (  `id` = 182 ) AND `ds_system_admin`.`delete_time` IS NULL LIMIT 1 [ RunTime:0.000674s ]
[2022-09-19 01:52:22][sql] SELECT * FROM `ds_system_admin` WHERE (  `id` = 182 ) AND `ds_system_admin`.`delete_time` IS NULL LIMIT 1 [ RunTime:0.000409s ]
[2022-09-19 01:52:22][sql] SELECT `value` FROM `ds_system_config` WHERE  `group` = 'short_video'  AND `name` = 'dspsk' LIMIT 1 [ RunTime:0.000275s ]
[2022-09-19 01:52:22][sql] SELECT `value` FROM `ds_system_config` WHERE  `group` = 'short_video'  AND `name` = 'ppvd_params' LIMIT 1 [ RunTime:0.000187s ]
[2022-09-19 01:52:26][sql] CONNECT:[ UseTime:0.000483s ] mysql:host=127.0.0.1;port=3306;dbname=webs;charset=utf8
[2022-09-19 01:52:26][sql] SHOW FULL COLUMNS FROM `ds_domain_rule` [ RunTime:0.001233s ]
[2022-09-19 01:52:26][sql] SELECT * FROM `ds_domain_rule` WHERE  `status` = 1  AND `uid` = 182  AND `type` = 1 LIMIT 1 [ RunTime:0.000459s ]
[2022-09-19 01:52:26][sql] SELECT * FROM `ds_domain_rule` WHERE  `status` = 1  AND `type` = 1  AND `uid` = 10086 LIMIT 1 [ RunTime:0.000344s ]
[2022-09-19 01:52:26][sql] SHOW FULL COLUMNS FROM `ds_system_config` [ RunTime:0.000874s ]
[2022-09-19 01:52:26][sql] SELECT `value` FROM `ds_system_config` WHERE  `group` = 'ff'  AND `name` = 'ff_fix' LIMIT 1 [ RunTime:0.000307s ]
[2022-09-19 01:52:26][sql] SHOW FULL COLUMNS FROM `ds_payed_show` [ RunTime:0.000807s ]
[2022-09-19 01:52:26][sql] SELECT * FROM `ds_payed_show` WHERE  `uid` = 182  AND `expire` > 1663523546  AND (  (  ( ua = '7a671ab71751eab33f136f245e8d5983')  ) ) [ RunTime:0.039216s ]
[2022-09-19 01:52:26][sql] SHOW FULL COLUMNS FROM `ds_stock` [ RunTime:0.001316s ]
[2022-09-19 01:52:26][sql] SELECT COUNT(*) AS think_count FROM `ds_stock` WHERE  `title` LIKE '%仙%'  AND `is_dsp` = 0 LIMIT 1 [ RunTime:0.005239s ]
[2022-09-19 01:52:26][sql] SELECT `id`,`cid`,`url`,`title`,`image`,`time` FROM `ds_stock` WHERE  `title` LIKE '%仙%'  AND `is_dsp` = 0 ORDER BY rand() LIMIT 10,10 [ RunTime:0.009358s ]
[2022-09-19 01:52:26][sql] SHOW FULL COLUMNS FROM `ds_system_admin` [ RunTime:0.001046s ]
[2022-09-19 01:52:26][sql] SELECT * FROM `ds_system_admin` WHERE (  `id` = 182 ) AND `ds_system_admin`.`delete_time` IS NULL LIMIT 1 [ RunTime:0.000466s ]
[2022-09-19 01:52:26][sql] SELECT * FROM `ds_system_admin` WHERE (  `id` = 182 ) AND `ds_system_admin`.`delete_time` IS NULL LIMIT 1 [ RunTime:0.000385s ]
[2022-09-19 01:52:26][sql] SELECT `value` FROM `ds_system_config` WHERE  `group` = 'short_video'  AND `name` = 'dspsk' LIMIT 1 [ RunTime:0.000263s ]
[2022-09-19 01:52:26][sql] SELECT `value` FROM `ds_system_config` WHERE  `group` = 'short_video'  AND `name` = 'ppvd_params' LIMIT 1 [ RunTime:0.000293s ]
[2022-09-19 01:52:28][sql] CONNECT:[ UseTime:0.000689s ] mysql:host=127.0.0.1;port=3306;dbname=webs;charset=utf8
[2022-09-19 01:52:28][sql] SHOW FULL COLUMNS FROM `ds_system_admin` [ RunTime:0.001377s ]
[2022-09-19 01:52:28][sql] SELECT * FROM `ds_system_admin` WHERE (  `id` = 182 ) AND `ds_system_admin`.`delete_time` IS NULL LIMIT 1 [ RunTime:0.000517s ]
[2022-09-19 01:52:28][sql] SELECT * FROM `ds_system_admin` WHERE (  `id` = 182 ) AND `ds_system_admin`.`delete_time` IS NULL LIMIT 1 [ RunTime:0.000382s ]
[2022-09-19 01:52:28][sql] SHOW FULL COLUMNS FROM `ds_stock` [ RunTime:0.000803s ]
[2022-09-19 01:52:28][sql] SELECT * FROM `ds_stock` WHERE  `id` = 39867 LIMIT 1 [ RunTime:0.000336s ]
[2022-09-19 01:52:28][sql] SHOW FULL COLUMNS FROM `ds_system_config` [ RunTime:0.000829s ]
[2022-09-19 01:52:28][sql] SELECT `value` FROM `ds_system_config` WHERE  `group` = 'pay'  AND `name` = 'pay_type' LIMIT 1 [ RunTime:0.000294s ]
[2022-09-19 01:52:28][sql] SHOW FULL COLUMNS FROM `ds_price` [ RunTime:0.000856s ]
[2022-09-19 01:52:28][sql] SELECT * FROM `ds_price` WHERE  `pay_model` = '1'  AND `uid` = 182 [ RunTime:0.000440s ]
[2022-09-19 01:52:28][sql] SELECT * FROM `ds_price` WHERE  `pay_model` = '2'  AND `uid` = 182 [ RunTime:0.000667s ]
[2022-09-19 01:52:28][sql] SELECT * FROM `ds_system_admin` WHERE (  `id` = 1 ) AND `ds_system_admin`.`delete_time` IS NULL LIMIT 1 [ RunTime:0.000529s ]
[2022-09-19 01:52:28][sql] SELECT * FROM `ds_system_admin` WHERE (  `id` = 1 ) AND `ds_system_admin`.`delete_time` IS NULL LIMIT 1 [ RunTime:0.000434s ]
[2022-09-19 01:52:28][sql] SHOW FULL COLUMNS FROM `ds_pay_setting` [ RunTime:0.000983s ]
[2022-09-19 01:52:28][sql] SELECT `pay_fudong` FROM `ds_pay_setting` WHERE  `pay_model` = 'easydoc' LIMIT 1 [ RunTime:0.000316s ]
[2022-09-19 01:52:28][sql] SELECT `pay_fudong` FROM `ds_pay_setting` WHERE  `pay_model` = 'easydoc' LIMIT 1 [ RunTime:0.000254s ]
[2022-09-19 01:52:28][sql] SELECT `value` FROM `ds_system_config` WHERE  `group` = 'jg'  AND `name` = 'jg_topen' LIMIT 1 [ RunTime:0.000270s ]
[2022-09-19 01:52:28][sql] SELECT `value` FROM `ds_system_config` WHERE  `group` = 'jg'  AND `name` = 'jp_wopen' LIMIT 1 [ RunTime:0.000231s ]
[2022-09-19 01:52:28][sql] SELECT `value` FROM `ds_system_config` WHERE  `group` = 'jg'  AND `name` = 'jg_yopen' LIMIT 1 [ RunTime:0.000219s ]
[2022-09-19 01:52:28][sql] SELECT `value` FROM `ds_system_config` WHERE  `group` = 'jg'  AND `name` = 'jg_topen' LIMIT 1 [ RunTime:0.000402s ]
[2022-09-19 01:52:28][sql] SELECT `value` FROM `ds_system_config` WHERE  `group` = 'jg'  AND `name` = 'jp_wopen' LIMIT 1 [ RunTime:0.000351s ]
[2022-09-19 01:52:28][sql] SELECT `value` FROM `ds_system_config` WHERE  `group` = 'jg'  AND `name` = 'jg_yopen' LIMIT 1 [ RunTime:0.000247s ]
[2022-09-19 01:52:37][sql] CONNECT:[ UseTime:0.000459s ] mysql:host=127.0.0.1;port=3306;dbname=webs;charset=utf8
[2022-09-19 01:52:37][sql] SHOW FULL COLUMNS FROM `ds_system_config` [ RunTime:0.000900s ]
[2022-09-19 01:52:37][sql] SELECT * FROM `ds_system_config` WHERE  `name` = 'zbkg' LIMIT 1 [ RunTime:0.000440s ]
[2022-09-19 01:52:37][sql] SELECT * FROM `ds_system_config` WHERE  `name` = 'zb_t_img' LIMIT 1 [ RunTime:0.000252s ]
[2022-09-19 01:52:37][sql] SHOW FULL COLUMNS FROM `ds_payed_show` [ RunTime:0.000793s ]
[2022-09-19 01:52:37][sql] SELECT * FROM `ds_payed_show` WHERE  `ua` = '7a671ab71751eab33f136f245e8d5983'  AND `is_date` = 2  AND `expire` > 1663523557 LIMIT 1 [ RunTime:0.037312s ]
[2022-09-19 01:52:37][sql] SELECT `value` FROM `ds_system_config` WHERE  `group` = 'ff'  AND `name` = 'ff_pc' LIMIT 1 [ RunTime:0.000369s ]
[2022-09-19 01:52:37][sql] SELECT `value` FROM `ds_system_config` WHERE  `group` = 'short_video'  AND `name` = 'dsp_notify' LIMIT 1 [ RunTime:0.000213s ]
[2022-09-19 01:52:37][sql] SELECT `value` FROM `ds_system_config` WHERE  `group` = 'short_video'  AND `name` = 'shar_box_text' LIMIT 1 [ RunTime:0.000217s ]
[2022-09-19 01:52:37][sql] SELECT `value` FROM `ds_system_config` WHERE  `group` = 'short_video'  AND `name` = 'rvery_point' LIMIT 1 [ RunTime:0.000180s ]
[2022-09-19 01:52:37][sql] SELECT `value` FROM `ds_system_config` WHERE  `group` = 'short_video'  AND `name` = 'zbwl' LIMIT 1 [ RunTime:0.000183s ]
[2022-09-19 01:52:37][sql] SELECT `value` FROM `ds_system_config` WHERE  `group` = 'short_video'  AND `name` = 'dspsk' LIMIT 1 [ RunTime:0.000216s ]
[2022-09-19 01:52:37][sql] SHOW FULL COLUMNS FROM `ds_system_admin` [ RunTime:0.000984s ]
[2022-09-19 01:52:37][sql] SELECT * FROM `ds_system_admin` WHERE (  `id` = 182 ) AND `ds_system_admin`.`delete_time` IS NULL LIMIT 1 [ RunTime:0.000387s ]
[2022-09-19 01:52:37][sql] SELECT * FROM `ds_system_admin` WHERE (  `id` = 182 ) AND `ds_system_admin`.`delete_time` IS NULL LIMIT 1 [ RunTime:0.000310s ]
[2022-09-19 01:52:37][sql] SHOW FULL COLUMNS FROM `ds_domain_rule` [ RunTime:0.000725s ]
[2022-09-19 01:52:37][sql] SELECT * FROM `ds_domain_rule` WHERE  `status` = 1  AND `uid` = 182  AND `type` = 1 LIMIT 1 [ RunTime:0.000324s ]
[2022-09-19 01:52:37][sql] SELECT * FROM `ds_domain_rule` WHERE  `status` = 1  AND `type` = 1  AND `uid` = 10086 LIMIT 1 [ RunTime:0.000326s ]
[2022-09-19 01:52:37][sql] SELECT `value` FROM `ds_system_config` WHERE  `group` = 'ff'  AND `name` = 'ff_fix' LIMIT 1 [ RunTime:0.000264s ]
[2022-09-19 01:52:38][sql] CONNECT:[ UseTime:0.000505s ] mysql:host=127.0.0.1;port=3306;dbname=webs;charset=utf8
[2022-09-19 01:52:38][sql] SHOW FULL COLUMNS FROM `ds_pay_order` [ RunTime:0.001032s ]
[2022-09-19 01:52:38][sql] SELECT * FROM `ds_pay_order` WHERE  `transact` = '202209190152313152' LIMIT 1 [ RunTime:0.000395s ]
[2022-09-19 01:52:38][error] [0]Call to undefined method Endroid\QrCode\QrCode::getContentType()[/www/wwwroot/110.42.64.249/app/index/controller/Index.php:1011]
[2022-09-19 01:52:39][sql] CONNECT:[ UseTime:0.000439s ] mysql:host=127.0.0.1;port=3306;dbname=webs;charset=utf8
[2022-09-19 01:52:39][sql] SHOW FULL COLUMNS FROM `ds_complain` [ RunTime:0.000903s ]
[2022-09-19 01:52:39][sql] SELECT * FROM `ds_complain` WHERE  `ip` = '124.152.241.16' LIMIT 1 [ RunTime:0.000291s ]
[2022-09-19 01:52:39][sql] SHOW FULL COLUMNS FROM `ds_stock` [ RunTime:0.000728s ]
[2022-09-19 01:52:39][sql] SELECT * FROM `ds_stock` WHERE  `id` = 39867 LIMIT 1 [ RunTime:0.000240s ]
[2022-09-19 01:52:39][sql] SHOW FULL COLUMNS FROM `ds_payed_show` [ RunTime:0.000677s ]
[2022-09-19 01:52:39][sql] SELECT * FROM `ds_payed_show` WHERE  `uid` = 182  AND `expire` > 1663523558  AND (  (  ( ua = '7a671ab71751eab33f136f245e8d5983')  ) ) [ RunTime:0.033963s ]
[2022-09-19 01:52:39][sql] SELECT * FROM `ds_payed_show` WHERE  `vid` = 39867  AND `expire` > 1663523559  AND `uid` = 182  AND (  `ip` = '124.152.241.16'  OR `ua` = '7a671ab71751eab33f136f245e8d5983' ) LIMIT 1 [ RunTime:0.033494s ]
[2022-09-19 01:52:39][sql] CONNECT:[ UseTime:0.000385s ] mysql:host=127.0.0.1;port=3306;dbname=webs;charset=utf8
[2022-09-19 01:52:39][sql] SHOW FULL COLUMNS FROM `ds_domain_rule` [ RunTime:0.000906s ]
[2022-09-19 01:52:39][sql] SELECT * FROM `ds_domain_rule` WHERE  `status` = 1  AND `uid` = 182  AND `type` = 1 LIMIT 1 [ RunTime:0.000306s ]
[2022-09-19 01:52:39][sql] SELECT * FROM `ds_domain_rule` WHERE  `status` = 1  AND `type` = 1  AND `uid` = 10086 LIMIT 1 [ RunTime:0.000234s ]
[2022-09-19 01:52:39][sql] SHOW FULL COLUMNS FROM `ds_system_config` [ RunTime:0.000660s ]
[2022-09-19 01:52:39][sql] SELECT `value` FROM `ds_system_config` WHERE  `group` = 'ff'  AND `name` = 'ff_fix' LIMIT 1 [ RunTime:0.000249s ]
[2022-09-19 01:52:39][sql] SHOW FULL COLUMNS FROM `ds_payed_show` [ RunTime:0.000738s ]
[2022-09-19 01:52:39][sql] SELECT * FROM `ds_payed_show` WHERE  `uid` = 182  AND `expire` > 1663523559  AND (  (  ( ua = '7a671ab71751eab33f136f245e8d5983')  ) ) [ RunTime:0.033475s ]
[2022-09-19 01:52:39][sql] SHOW FULL COLUMNS FROM `ds_stock` [ RunTime:0.000960s ]
[2022-09-19 01:52:39][sql] SELECT COUNT(*) AS think_count FROM `ds_stock` WHERE  `is_dsp` = 0 LIMIT 1 [ RunTime:0.001669s ]
[2022-09-19 01:52:39][sql] SELECT `id`,`cid`,`url`,`title`,`image`,`time` FROM `ds_stock` WHERE  `is_dsp` = 0 ORDER BY rand() LIMIT 0,10 [ RunTime:0.008830s ]
[2022-09-19 01:52:39][sql] SHOW FULL COLUMNS FROM `ds_system_admin` [ RunTime:0.000895s ]
[2022-09-19 01:52:39][sql] SELECT * FROM `ds_system_admin` WHERE (  `id` = 182 ) AND `ds_system_admin`.`delete_time` IS NULL LIMIT 1 [ RunTime:0.000441s ]
[2022-09-19 01:52:39][sql] SELECT * FROM `ds_system_admin` WHERE (  `id` = 182 ) AND `ds_system_admin`.`delete_time` IS NULL LIMIT 1 [ RunTime:0.000346s ]
[2022-09-19 01:52:39][sql] SELECT `value` FROM `ds_system_config` WHERE  `group` = 'short_video'  AND `name` = 'dspsk' LIMIT 1 [ RunTime:0.000239s ]
[2022-09-19 01:52:39][sql] SELECT `value` FROM `ds_system_config` WHERE  `group` = 'short_video'  AND `name` = 'ppvd_params' LIMIT 1 [ RunTime:0.000212s ]
[2022-09-19 01:55:20][sql] CONNECT:[ UseTime:0.001008s ] mysql:host=127.0.0.1;port=3306;dbname=webs;charset=utf8
[2022-09-19 01:55:20][sql] SHOW FULL COLUMNS FROM `ds_category` [ RunTime:0.001805s ]
[2022-09-19 01:55:20][sql] SELECT `id`,`image`,ctitle as title FROM `ds_category` WHERE `ds_category`.`delete_time` IS NULL LIMIT 910 [ RunTime:0.000511s ]
[2022-09-19 01:55:20][sql] CONNECT:[ UseTime:0.000587s ] mysql:host=127.0.0.1;port=3306;dbname=webs;charset=utf8
[2022-09-19 01:55:20][sql] SHOW FULL COLUMNS FROM `ds_domain_rule` [ RunTime:0.001041s ]
[2022-09-19 01:55:20][sql] SELECT * FROM `ds_domain_rule` WHERE  `status` = 1  AND `uid` = 182  AND `type` = 1 LIMIT 1 [ RunTime:0.000540s ]
[2022-09-19 01:55:20][sql] SELECT * FROM `ds_domain_rule` WHERE  `status` = 1  AND `type` = 1  AND `uid` = 10086 LIMIT 1 [ RunTime:0.000333s ]
[2022-09-19 01:55:20][sql] SHOW FULL COLUMNS FROM `ds_system_config` [ RunTime:0.000809s ]
[2022-09-19 01:55:20][sql] SELECT `value` FROM `ds_system_config` WHERE  `group` = 'ff'  AND `name` = 'ff_fix' LIMIT 1 [ RunTime:0.000411s ]
[2022-09-19 01:55:20][sql] SHOW FULL COLUMNS FROM `ds_payed_show` [ RunTime:0.000794s ]
[2022-09-19 01:55:20][sql] SELECT * FROM `ds_payed_show` WHERE  `uid` = 182  AND `expire` > 1663523720  AND (  (  ( ua = '7a671ab71751eab33f136f245e8d5983')  ) ) [ RunTime:0.033828s ]
[2022-09-19 01:55:20][sql] SHOW FULL COLUMNS FROM `ds_stock` [ RunTime:0.000997s ]
[2022-09-19 01:55:20][sql] SELECT COUNT(*) AS think_count FROM `ds_stock` WHERE  `is_dsp` = 0 LIMIT 1 [ RunTime:0.001830s ]
[2022-09-19 01:55:20][sql] SELECT `id`,`cid`,`url`,`title`,`image`,`time` FROM `ds_stock` WHERE  `is_dsp` = 0 ORDER BY rand() LIMIT 0,10 [ RunTime:0.009638s ]
[2022-09-19 01:55:20][sql] SHOW FULL COLUMNS FROM `ds_system_admin` [ RunTime:0.000935s ]
[2022-09-19 01:55:20][sql] SELECT * FROM `ds_system_admin` WHERE (  `id` = 182 ) AND `ds_system_admin`.`delete_time` IS NULL LIMIT 1 [ RunTime:0.000514s ]
[2022-09-19 01:55:20][sql] SELECT * FROM `ds_system_admin` WHERE (  `id` = 182 ) AND `ds_system_admin`.`delete_time` IS NULL LIMIT 1 [ RunTime:0.000409s ]
[2022-09-19 01:55:20][sql] SELECT `value` FROM `ds_system_config` WHERE  `group` = 'short_video'  AND `name` = 'dspsk' LIMIT 1 [ RunTime:0.000327s ]
[2022-09-19 01:55:20][sql] SELECT `value` FROM `ds_system_config` WHERE  `group` = 'short_video'  AND `name` = 'ppvd_params' LIMIT 1 [ RunTime:0.000306s ]
[2022-09-19 01:55:25][sql] CONNECT:[ UseTime:0.000606s ] mysql:host=127.0.0.1;port=3306;dbname=webs;charset=utf8
[2022-09-19 01:55:25][sql] SHOW FULL COLUMNS FROM `ds_domain_rule` [ RunTime:0.001041s ]
[2022-09-19 01:55:25][sql] SELECT * FROM `ds_domain_rule` WHERE  `status` = 1  AND `uid` = 182  AND `type` = 1 LIMIT 1 [ RunTime:0.000363s ]
[2022-09-19 01:55:25][sql] SELECT * FROM `ds_domain_rule` WHERE  `status` = 1  AND `type` = 1  AND `uid` = 10086 LIMIT 1 [ RunTime:0.000385s ]
[2022-09-19 01:55:25][sql] SHOW FULL COLUMNS FROM `ds_system_config` [ RunTime:0.000716s ]
[2022-09-19 01:55:25][sql] SELECT `value` FROM `ds_system_config` WHERE  `group` = 'ff'  AND `name` = 'ff_fix' LIMIT 1 [ RunTime:0.000338s ]
[2022-09-19 01:55:25][sql] SHOW FULL COLUMNS FROM `ds_payed_show` [ RunTime:0.000691s ]
[2022-09-19 01:55:25][sql] SELECT * FROM `ds_payed_show` WHERE  `uid` = 182  AND `expire` > 1663523725  AND (  (  ( ua = '7a671ab71751eab33f136f245e8d5983')  ) ) [ RunTime:0.036021s ]
[2022-09-19 01:55:25][sql] SHOW FULL COLUMNS FROM `ds_stock` [ RunTime:0.001050s ]
[2022-09-19 01:55:25][sql] SELECT COUNT(*) AS think_count FROM `ds_stock` WHERE  `is_dsp` = 0 LIMIT 1 [ RunTime:0.001854s ]
[2022-09-19 01:55:25][sql] SELECT `id`,`cid`,`url`,`title`,`image`,`time` FROM `ds_stock` WHERE  `is_dsp` = 0 ORDER BY rand() LIMIT 10,10 [ RunTime:0.009590s ]
[2022-09-19 01:55:25][sql] SHOW FULL COLUMNS FROM `ds_system_admin` [ RunTime:0.001089s ]
[2022-09-19 01:55:25][sql] SELECT * FROM `ds_system_admin` WHERE (  `id` = 182 ) AND `ds_system_admin`.`delete_time` IS NULL LIMIT 1 [ RunTime:0.000512s ]
[2022-09-19 01:55:25][sql] SELECT * FROM `ds_system_admin` WHERE (  `id` = 182 ) AND `ds_system_admin`.`delete_time` IS NULL LIMIT 1 [ RunTime:0.000384s ]
[2022-09-19 01:55:25][sql] SELECT `value` FROM `ds_system_config` WHERE  `group` = 'short_video'  AND `name` = 'dspsk' LIMIT 1 [ RunTime:0.000325s ]
[2022-09-19 01:55:25][sql] SELECT `value` FROM `ds_system_config` WHERE  `group` = 'short_video'  AND `name` = 'ppvd_params' LIMIT 1 [ RunTime:0.000212s ]
[2022-09-19 01:55:27][sql] CONNECT:[ UseTime:0.000536s ] mysql:host=127.0.0.1;port=3306;dbname=webs;charset=utf8
[2022-09-19 01:55:27][sql] SHOW FULL COLUMNS FROM `ds_domain_rule` [ RunTime:0.001126s ]
[2022-09-19 01:55:27][sql] SELECT * FROM `ds_domain_rule` WHERE  `status` = 1  AND `uid` = 182  AND `type` = 1 LIMIT 1 [ RunTime:0.000438s ]
[2022-09-19 01:55:27][sql] SELECT * FROM `ds_domain_rule` WHERE  `status` = 1  AND `type` = 1  AND `uid` = 10086 LIMIT 1 [ RunTime:0.000297s ]
[2022-09-19 01:55:27][sql] SHOW FULL COLUMNS FROM `ds_system_config` [ RunTime:0.000870s ]
[2022-09-19 01:55:27][sql] SELECT `value` FROM `ds_system_config` WHERE  `group` = 'ff'  AND `name` = 'ff_fix' LIMIT 1 [ RunTime:0.000345s ]
[2022-09-19 01:55:27][sql] SHOW FULL COLUMNS FROM `ds_payed_show` [ RunTime:0.000764s ]
[2022-09-19 01:55:27][sql] SELECT * FROM `ds_payed_show` WHERE  `uid` = 182  AND `expire` > 1663523727  AND (  (  ( ua = '7a671ab71751eab33f136f245e8d5983')  ) ) [ RunTime:0.036058s ]
[2022-09-19 01:55:27][sql] SHOW FULL COLUMNS FROM `ds_stock` [ RunTime:0.001086s ]
[2022-09-19 01:55:27][sql] SELECT COUNT(*) AS think_count FROM `ds_stock` WHERE  `is_dsp` = 0 LIMIT 1 [ RunTime:0.001955s ]
[2022-09-19 01:55:27][sql] SELECT `id`,`cid`,`url`,`title`,`image`,`time` FROM `ds_stock` WHERE  `is_dsp` = 0 ORDER BY rand() LIMIT 20,10 [ RunTime:0.010469s ]
[2022-09-19 01:55:27][sql] SHOW FULL COLUMNS FROM `ds_system_admin` [ RunTime:0.001023s ]
[2022-09-19 01:55:27][sql] SELECT * FROM `ds_system_admin` WHERE (  `id` = 182 ) AND `ds_system_admin`.`delete_time` IS NULL LIMIT 1 [ RunTime:0.000505s ]
[2022-09-19 01:55:27][sql] SELECT * FROM `ds_system_admin` WHERE (  `id` = 182 ) AND `ds_system_admin`.`delete_time` IS NULL LIMIT 1 [ RunTime:0.000415s ]
[2022-09-19 01:55:27][sql] SELECT `value` FROM `ds_system_config` WHERE  `group` = 'short_video'  AND `name` = 'dspsk' LIMIT 1 [ RunTime:0.000427s ]
[2022-09-19 01:55:27][sql] SELECT `value` FROM `ds_system_config` WHERE  `group` = 'short_video'  AND `name` = 'ppvd_params' LIMIT 1 [ RunTime:0.000234s ]
[2022-09-19 01:55:30][sql] CONNECT:[ UseTime:0.000528s ] mysql:host=127.0.0.1;port=3306;dbname=webs;charset=utf8
[2022-09-19 01:55:30][sql] SHOW FULL COLUMNS FROM `ds_domain_rule` [ RunTime:0.000973s ]
[2022-09-19 01:55:30][sql] SELECT * FROM `ds_domain_rule` WHERE  `status` = 1  AND `uid` = 182  AND `type` = 1 LIMIT 1 [ RunTime:0.000399s ]
[2022-09-19 01:55:30][sql] SELECT * FROM `ds_domain_rule` WHERE  `status` = 1  AND `type` = 1  AND `uid` = 10086 LIMIT 1 [ RunTime:0.000257s ]
[2022-09-19 01:55:30][sql] SHOW FULL COLUMNS FROM `ds_system_config` [ RunTime:0.000788s ]
[2022-09-19 01:55:30][sql] SELECT `value` FROM `ds_system_config` WHERE  `group` = 'ff'  AND `name` = 'ff_fix' LIMIT 1 [ RunTime:0.000270s ]
[2022-09-19 01:55:30][sql] SHOW FULL COLUMNS FROM `ds_payed_show` [ RunTime:0.000663s ]
[2022-09-19 01:55:30][sql] SELECT * FROM `ds_payed_show` WHERE  `uid` = 182  AND `expire` > 1663523730  AND (  (  ( ua = '7a671ab71751eab33f136f245e8d5983')  ) ) [ RunTime:0.034926s ]
[2022-09-19 01:55:30][sql] SHOW FULL COLUMNS FROM `ds_stock` [ RunTime:0.001114s ]
[2022-09-19 01:55:30][sql] SELECT COUNT(*) AS think_count FROM `ds_stock` WHERE  `is_dsp` = 0 LIMIT 1 [ RunTime:0.001866s ]
[2022-09-19 01:55:30][sql] SELECT `id`,`cid`,`url`,`title`,`image`,`time` FROM `ds_stock` WHERE  `is_dsp` = 0 ORDER BY rand() LIMIT 30,10 [ RunTime:0.008891s ]
[2022-09-19 01:55:30][sql] SHOW FULL COLUMNS FROM `ds_system_admin` [ RunTime:0.000861s ]
[2022-09-19 01:55:30][sql] SELECT * FROM `ds_system_admin` WHERE (  `id` = 182 ) AND `ds_system_admin`.`delete_time` IS NULL LIMIT 1 [ RunTime:0.000439s ]
[2022-09-19 01:55:30][sql] SELECT * FROM `ds_system_admin` WHERE (  `id` = 182 ) AND `ds_system_admin`.`delete_time` IS NULL LIMIT 1 [ RunTime:0.000384s ]
[2022-09-19 01:55:30][sql] SELECT `value` FROM `ds_system_config` WHERE  `group` = 'short_video'  AND `name` = 'dspsk' LIMIT 1 [ RunTime:0.000297s ]
[2022-09-19 01:55:30][sql] SELECT `value` FROM `ds_system_config` WHERE  `group` = 'short_video'  AND `name` = 'ppvd_params' LIMIT 1 [ RunTime:0.000208s ]
[2022-09-19 01:55:33][sql] CONNECT:[ UseTime:0.000764s ] mysql:host=127.0.0.1;port=3306;dbname=webs;charset=utf8
[2022-09-19 01:55:33][sql] SHOW FULL COLUMNS FROM `ds_domain_rule` [ RunTime:0.001052s ]
[2022-09-19 01:55:33][sql] SELECT * FROM `ds_domain_rule` WHERE  `status` = 1  AND `uid` = 182  AND `type` = 1 LIMIT 1 [ RunTime:0.000399s ]
[2022-09-19 01:55:33][sql] SELECT * FROM `ds_domain_rule` WHERE  `status` = 1  AND `type` = 1  AND `uid` = 10086 LIMIT 1 [ RunTime:0.000326s ]
[2022-09-19 01:55:33][sql] SHOW FULL COLUMNS FROM `ds_system_config` [ RunTime:0.000861s ]
[2022-09-19 01:55:33][sql] SELECT `value` FROM `ds_system_config` WHERE  `group` = 'ff'  AND `name` = 'ff_fix' LIMIT 1 [ RunTime:0.000396s ]
[2022-09-19 01:55:33][sql] SHOW FULL COLUMNS FROM `ds_payed_show` [ RunTime:0.000949s ]
[2022-09-19 01:55:33][sql] SELECT * FROM `ds_payed_show` WHERE  `uid` = 182  AND `expire` > 1663523733  AND (  (  ( ua = '7a671ab71751eab33f136f245e8d5983')  ) ) [ RunTime:0.036924s ]
[2022-09-19 01:55:33][sql] SHOW FULL COLUMNS FROM `ds_stock` [ RunTime:0.001094s ]
[2022-09-19 01:55:33][sql] SELECT COUNT(*) AS think_count FROM `ds_stock` WHERE  `is_dsp` = 0 LIMIT 1 [ RunTime:0.002767s ]
[2022-09-19 01:55:33][sql] SELECT `id`,`cid`,`url`,`title`,`image`,`time` FROM `ds_stock` WHERE  `is_dsp` = 0 ORDER BY rand() LIMIT 40,10 [ RunTime:0.009840s ]
[2022-09-19 01:55:33][sql] SHOW FULL COLUMNS FROM `ds_system_admin` [ RunTime:0.000925s ]
[2022-09-19 01:55:33][sql] SELECT * FROM `ds_system_admin` WHERE (  `id` = 182 ) AND `ds_system_admin`.`delete_time` IS NULL LIMIT 1 [ RunTime:0.000531s ]
[2022-09-19 01:55:33][sql] SELECT * FROM `ds_system_admin` WHERE (  `id` = 182 ) AND `ds_system_admin`.`delete_time` IS NULL LIMIT 1 [ RunTime:0.000353s ]
[2022-09-19 01:55:33][sql] SELECT `value` FROM `ds_system_config` WHERE  `group` = 'short_video'  AND `name` = 'dspsk' LIMIT 1 [ RunTime:0.000263s ]
[2022-09-19 01:55:33][sql] SELECT `value` FROM `ds_system_config` WHERE  `group` = 'short_video'  AND `name` = 'ppvd_params' LIMIT 1 [ RunTime:0.000252s ]
[2022-09-19 01:55:39][sql] CONNECT:[ UseTime:0.000520s ] mysql:host=127.0.0.1;port=3306;dbname=webs;charset=utf8
[2022-09-19 01:55:39][sql] SHOW FULL COLUMNS FROM `ds_domain_rule` [ RunTime:0.000958s ]
[2022-09-19 01:55:39][sql] SELECT * FROM `ds_domain_rule` WHERE  `status` = 1  AND `uid` = 182  AND `type` = 1 LIMIT 1 [ RunTime:0.000474s ]
[2022-09-19 01:55:39][sql] SELECT * FROM `ds_domain_rule` WHERE  `status` = 1  AND `type` = 1  AND `uid` = 10086 LIMIT 1 [ RunTime:0.000398s ]
[2022-09-19 01:55:39][sql] SHOW FULL COLUMNS FROM `ds_system_config` [ RunTime:0.000811s ]
[2022-09-19 01:55:39][sql] SELECT `value` FROM `ds_system_config` WHERE  `group` = 'ff'  AND `name` = 'ff_fix' LIMIT 1 [ RunTime:0.000470s ]
[2022-09-19 01:55:39][sql] SHOW FULL COLUMNS FROM `ds_payed_show` [ RunTime:0.000801s ]
[2022-09-19 01:55:39][sql] SELECT * FROM `ds_payed_show` WHERE  `uid` = 182  AND `expire` > 1663523739  AND (  (  ( ua = '7a671ab71751eab33f136f245e8d5983')  ) ) [ RunTime:0.037131s ]
[2022-09-19 01:55:39][sql] SHOW FULL COLUMNS FROM `ds_stock` [ RunTime:0.001058s ]
[2022-09-19 01:55:39][sql] SELECT COUNT(*) AS think_count FROM `ds_stock` WHERE  `is_dsp` = 0 LIMIT 1 [ RunTime:0.002293s ]
[2022-09-19 01:55:39][sql] SELECT `id`,`cid`,`url`,`title`,`image`,`time` FROM `ds_stock` WHERE  `is_dsp` = 0 ORDER BY rand() LIMIT 50,10 [ RunTime:0.012551s ]
[2022-09-19 01:55:39][sql] SHOW FULL COLUMNS FROM `ds_system_admin` [ RunTime:0.001064s ]
[2022-09-19 01:55:39][sql] SELECT * FROM `ds_system_admin` WHERE (  `id` = 182 ) AND `ds_system_admin`.`delete_time` IS NULL LIMIT 1 [ RunTime:0.000525s ]
[2022-09-19 01:55:39][sql] SELECT * FROM `ds_system_admin` WHERE (  `id` = 182 ) AND `ds_system_admin`.`delete_time` IS NULL LIMIT 1 [ RunTime:0.000363s ]
[2022-09-19 01:55:39][sql] SELECT `value` FROM `ds_system_config` WHERE  `group` = 'short_video'  AND `name` = 'dspsk' LIMIT 1 [ RunTime:0.000287s ]
[2022-09-19 01:55:39][sql] SELECT `value` FROM `ds_system_config` WHERE  `group` = 'short_video'  AND `name` = 'ppvd_params' LIMIT 1 [ RunTime:0.000201s ]
[2022-09-19 01:55:42][sql] CONNECT:[ UseTime:0.000722s ] mysql:host=127.0.0.1;port=3306;dbname=webs;charset=utf8
[2022-09-19 01:55:42][sql] SHOW FULL COLUMNS FROM `ds_domain_rule` [ RunTime:0.001082s ]
[2022-09-19 01:55:42][sql] SELECT * FROM `ds_domain_rule` WHERE  `status` = 1  AND `uid` = 182  AND `type` = 1 LIMIT 1 [ RunTime:0.000399s ]
[2022-09-19 01:55:42][sql] SELECT * FROM `ds_domain_rule` WHERE  `status` = 1  AND `type` = 1  AND `uid` = 10086 LIMIT 1 [ RunTime:0.000421s ]
[2022-09-19 01:55:42][sql] SHOW FULL COLUMNS FROM `ds_system_config` [ RunTime:0.000886s ]
[2022-09-19 01:55:42][sql] SELECT `value` FROM `ds_system_config` WHERE  `group` = 'ff'  AND `name` = 'ff_fix' LIMIT 1 [ RunTime:0.000342s ]
[2022-09-19 01:55:42][sql] SHOW FULL COLUMNS FROM `ds_payed_show` [ RunTime:0.000803s ]
[2022-09-19 01:55:42][sql] SELECT * FROM `ds_payed_show` WHERE  `uid` = 182  AND `expire` > 1663523742  AND (  (  ( ua = '7a671ab71751eab33f136f245e8d5983')  ) ) [ RunTime:0.035115s ]
[2022-09-19 01:55:42][sql] SHOW FULL COLUMNS FROM `ds_stock` [ RunTime:0.001174s ]
[2022-09-19 01:55:42][sql] SELECT COUNT(*) AS think_count FROM `ds_stock` WHERE  `is_dsp` = 0 LIMIT 1 [ RunTime:0.002041s ]
[2022-09-19 01:55:42][sql] SELECT `id`,`cid`,`url`,`title`,`image`,`time` FROM `ds_stock` WHERE  `is_dsp` = 0 ORDER BY rand() LIMIT 60,10 [ RunTime:0.011662s ]
[2022-09-19 01:55:42][sql] SHOW FULL COLUMNS FROM `ds_system_admin` [ RunTime:0.001080s ]
[2022-09-19 01:55:42][sql] SELECT * FROM `ds_system_admin` WHERE (  `id` = 182 ) AND `ds_system_admin`.`delete_time` IS NULL LIMIT 1 [ RunTime:0.000453s ]
[2022-09-19 01:55:42][sql] SELECT * FROM `ds_system_admin` WHERE (  `id` = 182 ) AND `ds_system_admin`.`delete_time` IS NULL LIMIT 1 [ RunTime:0.000378s ]
[2022-09-19 01:55:42][sql] SELECT `value` FROM `ds_system_config` WHERE  `group` = 'short_video'  AND `name` = 'dspsk' LIMIT 1 [ RunTime:0.000261s ]
[2022-09-19 01:55:42][sql] SELECT `value` FROM `ds_system_config` WHERE  `group` = 'short_video'  AND `name` = 'ppvd_params' LIMIT 1 [ RunTime:0.000261s ]
