[2022-09-08 00:11:37][sql] CONNECT:[ UseTime:0.001302s ] mysql:host=127.0.0.1;port=3306;dbname=webs;charset=utf8
[2022-09-08 00:11:37][sql] SHOW FULL COLUMNS FROM `ds_hezi` [ RunTime:0.002527s ]
[2022-09-08 00:11:37][sql] SELECT * FROM `ds_hezi` WHERE  `id` = 1315 LIMIT 1 [ RunTime:0.000870s ]
[2022-09-08 00:11:37][sql] SHOW FULL COLUMNS FROM `ds_tj` [ RunTime:0.001179s ]
[2022-09-08 00:11:37][sql] SELECT * FROM `ds_tj` WHERE  `ua` = 'e31f12353a4aba4fe652bfadec45d68e' LIMIT 1 [ RunTime:0.000465s ]
[2022-09-08 00:11:37][sql] INSERT INTO `ds_tj` SET `uid` = 182 , `create_time` = 1662567097 , `ua` = 'e31f12353a4aba4fe652bfadec45d68e' [ RunTime:0.002542s ]
[2022-09-08 00:11:37][sql] SHOW FULL COLUMNS FROM `ds_complain` [ RunTime:0.000851s ]
[2022-09-08 00:11:37][sql] SELECT * FROM `ds_complain` WHERE  `ip` = '124.152.241.21' [ RunTime:0.000426s ]
[2022-09-08 00:11:37][sql] SHOW FULL COLUMNS FROM `ds_system_config` [ RunTime:0.000750s ]
[2022-09-08 00:11:37][sql] SELECT `value` FROM `ds_system_config` WHERE  `group` = 'ff'  AND `name` = 'ff_pc' LIMIT 1 [ RunTime:0.000418s ]
[2022-09-08 00:11:37][sql] SHOW FULL COLUMNS FROM `ds_system_admin` [ RunTime:0.000869s ]
[2022-09-08 00:11:37][sql] SELECT * FROM `ds_system_admin` WHERE (  `id` = 182 ) AND `ds_system_admin`.`delete_time` IS NULL LIMIT 1 [ RunTime:0.000506s ]
[2022-09-08 00:11:37][sql] SELECT * FROM `ds_system_admin` WHERE (  `id` = 182 ) AND `ds_system_admin`.`delete_time` IS NULL LIMIT 1 [ RunTime:0.000389s ]
[2022-09-08 00:11:37][sql] SELECT * FROM `ds_hezi` WHERE  `id` = 1315 LIMIT 1 [ RunTime:0.000323s ]
[2022-09-08 00:11:37][sql] SHOW FULL COLUMNS FROM `ds_domain_rule` [ RunTime:0.000810s ]
[2022-09-08 00:11:37][sql] SELECT * FROM `ds_domain_rule` WHERE  `status` = 1  AND `uid` = 182  AND `type` = 2 LIMIT 1 [ RunTime:0.000394s ]
[2022-09-08 00:11:37][sql] SELECT * FROM `ds_domain_rule` WHERE  `status` = 1  AND `type` = 2  AND `uid` = 10086 LIMIT 1 [ RunTime:0.000362s ]
[2022-09-08 00:11:37][sql] SELECT `value` FROM `ds_system_config` WHERE  `group` = 'ff'  AND `name` = 'ff_fix' LIMIT 1 [ RunTime:0.000326s ]
[2022-09-08 00:11:38][sql] CONNECT:[ UseTime:0.000694s ] mysql:host=127.0.0.1;port=3306;dbname=webs;charset=utf8
[2022-09-08 00:11:38][sql] SHOW FULL COLUMNS FROM `ds_hezi` [ RunTime:0.001163s ]
[2022-09-08 00:11:38][sql] SELECT * FROM `ds_hezi` WHERE  `id` = 1315 LIMIT 1 [ RunTime:0.000362s ]
[2022-09-08 00:11:38][sql] SHOW FULL COLUMNS FROM `ds_user_point` [ RunTime:0.000756s ]
[2022-09-08 00:11:38][sql] SELECT * FROM `ds_user_point` WHERE  `ua` = 'dfacb08dcb3b7ee3bbadf50df2646b5a' LIMIT 1 [ RunTime:0.042207s ]
[2022-09-08 00:11:38][sql] CONNECT:[ UseTime:0.000587s ] mysql:host=127.0.0.1;port=3306;dbname=webs;charset=utf8
[2022-09-08 00:11:38][sql] SHOW FULL COLUMNS FROM `ds_system_config` [ RunTime:0.001112s ]
[2022-09-08 00:11:38][sql] SELECT * FROM `ds_system_config` WHERE  `name` = 'zbkg' LIMIT 1 [ RunTime:0.000332s ]
[2022-09-08 00:11:38][sql] SELECT * FROM `ds_system_config` WHERE  `name` = 'zb_t_img' LIMIT 1 [ RunTime:0.000259s ]
[2022-09-08 00:11:38][sql] SHOW FULL COLUMNS FROM `ds_payed_show` [ RunTime:0.000711s ]
[2022-09-08 00:11:38][sql] SELECT * FROM `ds_payed_show` WHERE  `ua` = 'dfacb08dcb3b7ee3bbadf50df2646b5a'  AND `is_date` = 2  AND `expire` > 1662567098 LIMIT 1 [ RunTime:0.039871s ]
[2022-09-08 00:11:38][sql] SELECT `value` FROM `ds_system_config` WHERE  `group` = 'ff'  AND `name` = 'ff_pc' LIMIT 1 [ RunTime:0.000369s ]
[2022-09-08 00:11:38][sql] SELECT `value` FROM `ds_system_config` WHERE  `group` = 'short_video'  AND `name` = 'dsp_notify' LIMIT 1 [ RunTime:0.000246s ]
[2022-09-08 00:11:38][sql] SELECT `value` FROM `ds_system_config` WHERE  `group` = 'short_video'  AND `name` = 'shar_box_text' LIMIT 1 [ RunTime:0.000236s ]
[2022-09-08 00:11:38][sql] SELECT `value` FROM `ds_system_config` WHERE  `group` = 'short_video'  AND `name` = 'rvery_point' LIMIT 1 [ RunTime:0.000221s ]
[2022-09-08 00:11:38][sql] SELECT `value` FROM `ds_system_config` WHERE  `group` = 'short_video'  AND `name` = 'zbwl' LIMIT 1 [ RunTime:0.000228s ]
[2022-09-08 00:11:38][sql] SELECT `value` FROM `ds_system_config` WHERE  `group` = 'short_video'  AND `name` = 'dspsk' LIMIT 1 [ RunTime:0.000248s ]
[2022-09-08 00:11:38][sql] SHOW FULL COLUMNS FROM `ds_system_admin` [ RunTime:0.001020s ]
[2022-09-08 00:11:38][sql] SELECT * FROM `ds_system_admin` WHERE (  `id` = 182 ) AND `ds_system_admin`.`delete_time` IS NULL LIMIT 1 [ RunTime:0.000387s ]
[2022-09-08 00:11:38][sql] SELECT * FROM `ds_system_admin` WHERE (  `id` = 182 ) AND `ds_system_admin`.`delete_time` IS NULL LIMIT 1 [ RunTime:0.000322s ]
[2022-09-08 00:11:38][sql] SHOW FULL COLUMNS FROM `ds_domain_rule` [ RunTime:0.000722s ]
[2022-09-08 00:11:38][sql] SELECT * FROM `ds_domain_rule` WHERE  `status` = 1  AND `uid` = 182  AND `type` = 1 LIMIT 1 [ RunTime:0.000296s ]
[2022-09-08 00:11:38][sql] SELECT * FROM `ds_domain_rule` WHERE  `status` = 1  AND `type` = 1  AND `uid` = 10086 LIMIT 1 [ RunTime:0.000237s ]
[2022-09-08 00:11:38][sql] SELECT `value` FROM `ds_system_config` WHERE  `group` = 'ff'  AND `name` = 'ff_fix' LIMIT 1 [ RunTime:0.000292s ]
[2022-09-08 00:11:38][sql] CONNECT:[ UseTime:0.000479s ] mysql:host=127.0.0.1;port=3306;dbname=webs;charset=utf8
[2022-09-08 00:11:38][sql] SHOW FULL COLUMNS FROM `ds_category` [ RunTime:0.000997s ]
[2022-09-08 00:11:38][sql] SELECT `id`,`image`,ctitle as title FROM `ds_category` WHERE `ds_category`.`delete_time` IS NULL LIMIT 910 [ RunTime:0.000321s ]
[2022-09-08 00:11:39][sql] CONNECT:[ UseTime:0.000473s ] mysql:host=127.0.0.1;port=3306;dbname=webs;charset=utf8
[2022-09-08 00:11:39][sql] SHOW FULL COLUMNS FROM `ds_domain_rule` [ RunTime:0.001119s ]
[2022-09-08 00:11:39][sql] SELECT * FROM `ds_domain_rule` WHERE  `status` = 1  AND `uid` = 182  AND `type` = 1 LIMIT 1 [ RunTime:0.000473s ]
[2022-09-08 00:11:39][sql] SELECT * FROM `ds_domain_rule` WHERE  `status` = 1  AND `type` = 1  AND `uid` = 10086 LIMIT 1 [ RunTime:0.000362s ]
[2022-09-08 00:11:39][sql] SHOW FULL COLUMNS FROM `ds_system_config` [ RunTime:0.000758s ]
[2022-09-08 00:11:39][sql] SELECT `value` FROM `ds_system_config` WHERE  `group` = 'ff'  AND `name` = 'ff_fix' LIMIT 1 [ RunTime:0.000318s ]
[2022-09-08 00:11:39][sql] SHOW FULL COLUMNS FROM `ds_payed_show` [ RunTime:0.000673s ]
[2022-09-08 00:11:39][sql] SELECT * FROM `ds_payed_show` WHERE  `uid` = 182  AND `expire` > 1662567098  AND (  (  ( ua = 'dfacb08dcb3b7ee3bbadf50df2646b5a')  ) ) [ RunTime:0.033945s ]
[2022-09-08 00:11:39][sql] SHOW FULL COLUMNS FROM `ds_stock` [ RunTime:0.001264s ]
[2022-09-08 00:11:39][sql] SELECT COUNT(*) AS think_count FROM `ds_stock` WHERE  `is_dsp` = 0 LIMIT 1 [ RunTime:0.002854s ]
[2022-09-08 00:11:39][sql] SELECT `id`,`cid`,`url`,`title`,`image`,`time` FROM `ds_stock` WHERE  `is_dsp` = 0 ORDER BY rand() LIMIT 0,10 [ RunTime:0.009914s ]
[2022-09-08 00:11:39][sql] SHOW FULL COLUMNS FROM `ds_system_admin` [ RunTime:0.001011s ]
[2022-09-08 00:11:39][sql] SELECT * FROM `ds_system_admin` WHERE (  `id` = 182 ) AND `ds_system_admin`.`delete_time` IS NULL LIMIT 1 [ RunTime:0.000487s ]
[2022-09-08 00:11:39][sql] SELECT * FROM `ds_system_admin` WHERE (  `id` = 182 ) AND `ds_system_admin`.`delete_time` IS NULL LIMIT 1 [ RunTime:0.000381s ]
[2022-09-08 00:11:39][sql] SELECT `value` FROM `ds_system_config` WHERE  `group` = 'short_video'  AND `name` = 'dspsk' LIMIT 1 [ RunTime:0.000313s ]
[2022-09-08 00:11:39][sql] SELECT `value` FROM `ds_system_config` WHERE  `group` = 'short_video'  AND `name` = 'ppvd_params' LIMIT 1 [ RunTime:0.000316s ]
[2022-09-08 00:11:40][sql] CONNECT:[ UseTime:0.000609s ] mysql:host=127.0.0.1;port=3306;dbname=webs;charset=utf8
[2022-09-08 00:11:40][sql] SHOW FULL COLUMNS FROM `ds_system_admin` [ RunTime:0.001120s ]
[2022-09-08 00:11:40][sql] SELECT * FROM `ds_system_admin` WHERE (  `id` = 182 ) AND `ds_system_admin`.`delete_time` IS NULL LIMIT 1 [ RunTime:0.000494s ]
[2022-09-08 00:11:40][sql] SELECT * FROM `ds_system_admin` WHERE (  `id` = 182 ) AND `ds_system_admin`.`delete_time` IS NULL LIMIT 1 [ RunTime:0.000341s ]
[2022-09-08 00:11:40][sql] SHOW FULL COLUMNS FROM `ds_stock` [ RunTime:0.000988s ]
[2022-09-08 00:11:40][sql] SELECT * FROM `ds_stock` WHERE  `id` = 36337 LIMIT 1 [ RunTime:0.000321s ]
[2022-09-08 00:11:40][sql] SHOW FULL COLUMNS FROM `ds_system_config` [ RunTime:0.000792s ]
[2022-09-08 00:11:40][sql] SELECT `value` FROM `ds_system_config` WHERE  `group` = 'pay'  AND `name` = 'pay_type' LIMIT 1 [ RunTime:0.000304s ]
[2022-09-08 00:11:40][sql] SHOW FULL COLUMNS FROM `ds_price` [ RunTime:0.000741s ]
[2022-09-08 00:11:40][sql] SELECT * FROM `ds_price` WHERE  `pay_model` = '1'  AND `uid` = 182 [ RunTime:0.000443s ]
[2022-09-08 00:11:40][sql] SELECT * FROM `ds_price` WHERE  `pay_model` = '2'  AND `uid` = 182 [ RunTime:0.000426s ]
[2022-09-08 00:11:40][sql] SELECT * FROM `ds_system_admin` WHERE (  `id` = 1 ) AND `ds_system_admin`.`delete_time` IS NULL LIMIT 1 [ RunTime:0.000408s ]
[2022-09-08 00:11:40][sql] SELECT * FROM `ds_system_admin` WHERE (  `id` = 1 ) AND `ds_system_admin`.`delete_time` IS NULL LIMIT 1 [ RunTime:0.000333s ]
[2022-09-08 00:11:40][sql] SHOW FULL COLUMNS FROM `ds_pay_setting` [ RunTime:0.000820s ]
[2022-09-08 00:11:40][sql] SELECT `pay_fudong` FROM `ds_pay_setting` WHERE  `pay_model` = 'chuanqi' LIMIT 1 [ RunTime:0.000317s ]
[2022-09-08 00:11:40][sql] SELECT `pay_fudong` FROM `ds_pay_setting` WHERE  `pay_model` = 'chuanqi' LIMIT 1 [ RunTime:0.000243s ]
[2022-09-08 00:11:40][sql] SELECT `value` FROM `ds_system_config` WHERE  `group` = 'jg'  AND `name` = 'jg_topen' LIMIT 1 [ RunTime:0.000314s ]
[2022-09-08 00:11:40][sql] SELECT `value` FROM `ds_system_config` WHERE  `group` = 'jg'  AND `name` = 'jp_wopen' LIMIT 1 [ RunTime:0.000261s ]
[2022-09-08 00:11:40][sql] SELECT `value` FROM `ds_system_config` WHERE  `group` = 'jg'  AND `name` = 'jg_yopen' LIMIT 1 [ RunTime:0.000225s ]
[2022-09-08 00:11:40][sql] SELECT `value` FROM `ds_system_config` WHERE  `group` = 'jg'  AND `name` = 'jg_topen' LIMIT 1 [ RunTime:0.000293s ]
[2022-09-08 00:11:40][sql] SELECT `value` FROM `ds_system_config` WHERE  `group` = 'jg'  AND `name` = 'jp_wopen' LIMIT 1 [ RunTime:0.000179s ]
[2022-09-08 00:11:40][sql] SELECT `value` FROM `ds_system_config` WHERE  `group` = 'jg'  AND `name` = 'jg_yopen' LIMIT 1 [ RunTime:0.000198s ]
[2022-09-08 00:12:54][sql] CONNECT:[ UseTime:0.000629s ] mysql:host=127.0.0.1;port=3306;dbname=webs;charset=utf8
[2022-09-08 00:12:54][sql] SHOW FULL COLUMNS FROM `ds_hezi` [ RunTime:0.001059s ]
[2022-09-08 00:12:54][sql] SELECT * FROM `ds_hezi` WHERE  `id` = 1315 LIMIT 1 [ RunTime:0.000377s ]
[2022-09-08 00:12:54][sql] SHOW FULL COLUMNS FROM `ds_tj` [ RunTime:0.000710s ]
[2022-09-08 00:12:54][sql] SELECT * FROM `ds_tj` WHERE  `ua` = 'e31f12353a4aba4fe652bfadec45d68e' LIMIT 1 [ RunTime:0.000290s ]
[2022-09-08 00:12:54][sql] SHOW FULL COLUMNS FROM `ds_complain` [ RunTime:0.000691s ]
[2022-09-08 00:12:54][sql] SELECT * FROM `ds_complain` WHERE  `ip` = '124.152.241.21' [ RunTime:0.000286s ]
[2022-09-08 00:12:54][sql] SHOW FULL COLUMNS FROM `ds_system_config` [ RunTime:0.000712s ]
[2022-09-08 00:12:54][sql] SELECT `value` FROM `ds_system_config` WHERE  `group` = 'ff'  AND `name` = 'ff_pc' LIMIT 1 [ RunTime:0.000384s ]
[2022-09-08 00:12:54][sql] SHOW FULL COLUMNS FROM `ds_system_admin` [ RunTime:0.000832s ]
[2022-09-08 00:12:54][sql] SELECT * FROM `ds_system_admin` WHERE (  `id` = 182 ) AND `ds_system_admin`.`delete_time` IS NULL LIMIT 1 [ RunTime:0.000485s ]
[2022-09-08 00:12:54][sql] SELECT * FROM `ds_system_admin` WHERE (  `id` = 182 ) AND `ds_system_admin`.`delete_time` IS NULL LIMIT 1 [ RunTime:0.000387s ]
[2022-09-08 00:12:54][sql] SELECT * FROM `ds_hezi` WHERE  `id` = 1315 LIMIT 1 [ RunTime:0.000290s ]
[2022-09-08 00:12:54][sql] SHOW FULL COLUMNS FROM `ds_domain_rule` [ RunTime:0.000845s ]
[2022-09-08 00:12:54][sql] SELECT * FROM `ds_domain_rule` WHERE  `status` = 1  AND `uid` = 182  AND `type` = 2 LIMIT 1 [ RunTime:0.000364s ]
[2022-09-08 00:12:54][sql] SELECT * FROM `ds_domain_rule` WHERE  `status` = 1  AND `type` = 2  AND `uid` = 10086 LIMIT 1 [ RunTime:0.000386s ]
[2022-09-08 00:12:54][sql] SELECT `value` FROM `ds_system_config` WHERE  `group` = 'ff'  AND `name` = 'ff_fix' LIMIT 1 [ RunTime:0.000251s ]
[2022-09-08 00:12:54][sql] CONNECT:[ UseTime:0.000507s ] mysql:host=127.0.0.1;port=3306;dbname=webs;charset=utf8
[2022-09-08 00:12:54][sql] SHOW FULL COLUMNS FROM `ds_hezi` [ RunTime:0.000959s ]
[2022-09-08 00:12:54][sql] SELECT * FROM `ds_hezi` WHERE  `id` = 1315 LIMIT 1 [ RunTime:0.000417s ]
[2022-09-08 00:12:54][sql] SHOW FULL COLUMNS FROM `ds_user_point` [ RunTime:0.000762s ]
[2022-09-08 00:12:54][sql] SELECT * FROM `ds_user_point` WHERE  `ua` = 'dfacb08dcb3b7ee3bbadf50df2646b5a' LIMIT 1 [ RunTime:0.045340s ]
[2022-09-08 00:12:55][sql] CONNECT:[ UseTime:0.000574s ] mysql:host=127.0.0.1;port=3306;dbname=webs;charset=utf8
[2022-09-08 00:12:55][sql] SHOW FULL COLUMNS FROM `ds_system_config` [ RunTime:0.001115s ]
[2022-09-08 00:12:55][sql] SELECT * FROM `ds_system_config` WHERE  `name` = 'zbkg' LIMIT 1 [ RunTime:0.000519s ]
[2022-09-08 00:12:55][sql] SELECT * FROM `ds_system_config` WHERE  `name` = 'zb_t_img' LIMIT 1 [ RunTime:0.000361s ]
[2022-09-08 00:12:55][sql] SHOW FULL COLUMNS FROM `ds_payed_show` [ RunTime:0.001008s ]
[2022-09-08 00:12:55][sql] SELECT * FROM `ds_payed_show` WHERE  `ua` = 'dfacb08dcb3b7ee3bbadf50df2646b5a'  AND `is_date` = 2  AND `expire` > 1662567175 LIMIT 1 [ RunTime:0.069747s ]
[2022-09-08 00:12:55][sql] SELECT `value` FROM `ds_system_config` WHERE  `group` = 'ff'  AND `name` = 'ff_pc' LIMIT 1 [ RunTime:0.000398s ]
[2022-09-08 00:12:55][sql] SELECT `value` FROM `ds_system_config` WHERE  `group` = 'short_video'  AND `name` = 'dsp_notify' LIMIT 1 [ RunTime:0.000271s ]
[2022-09-08 00:12:55][sql] SELECT `value` FROM `ds_system_config` WHERE  `group` = 'short_video'  AND `name` = 'shar_box_text' LIMIT 1 [ RunTime:0.000223s ]
[2022-09-08 00:12:55][sql] SELECT `value` FROM `ds_system_config` WHERE  `group` = 'short_video'  AND `name` = 'rvery_point' LIMIT 1 [ RunTime:0.000235s ]
[2022-09-08 00:12:55][sql] SELECT `value` FROM `ds_system_config` WHERE  `group` = 'short_video'  AND `name` = 'zbwl' LIMIT 1 [ RunTime:0.000204s ]
[2022-09-08 00:12:55][sql] SELECT `value` FROM `ds_system_config` WHERE  `group` = 'short_video'  AND `name` = 'dspsk' LIMIT 1 [ RunTime:0.000214s ]
[2022-09-08 00:12:55][sql] SHOW FULL COLUMNS FROM `ds_system_admin` [ RunTime:0.001054s ]
[2022-09-08 00:12:55][sql] SELECT * FROM `ds_system_admin` WHERE (  `id` = 182 ) AND `ds_system_admin`.`delete_time` IS NULL LIMIT 1 [ RunTime:0.000402s ]
[2022-09-08 00:12:55][sql] SELECT * FROM `ds_system_admin` WHERE (  `id` = 182 ) AND `ds_system_admin`.`delete_time` IS NULL LIMIT 1 [ RunTime:0.000312s ]
[2022-09-08 00:12:55][sql] SHOW FULL COLUMNS FROM `ds_domain_rule` [ RunTime:0.000760s ]
[2022-09-08 00:12:55][sql] SELECT * FROM `ds_domain_rule` WHERE  `status` = 1  AND `uid` = 182  AND `type` = 1 LIMIT 1 [ RunTime:0.000304s ]
[2022-09-08 00:12:55][sql] SELECT * FROM `ds_domain_rule` WHERE  `status` = 1  AND `type` = 1  AND `uid` = 10086 LIMIT 1 [ RunTime:0.000248s ]
[2022-09-08 00:12:55][sql] SELECT `value` FROM `ds_system_config` WHERE  `group` = 'ff'  AND `name` = 'ff_fix' LIMIT 1 [ RunTime:0.000218s ]
[2022-09-08 00:12:55][sql] CONNECT:[ UseTime:0.000384s ] mysql:host=127.0.0.1;port=3306;dbname=webs;charset=utf8
[2022-09-08 00:12:55][sql] SHOW FULL COLUMNS FROM `ds_category` [ RunTime:0.001006s ]
[2022-09-08 00:12:55][sql] SELECT `id`,`image`,ctitle as title FROM `ds_category` WHERE `ds_category`.`delete_time` IS NULL LIMIT 910 [ RunTime:0.000267s ]
[2022-09-08 00:12:55][sql] CONNECT:[ UseTime:0.001853s ] mysql:host=127.0.0.1;port=3306;dbname=webs;charset=utf8
[2022-09-08 00:12:55][sql] SHOW FULL COLUMNS FROM `ds_domain_rule` [ RunTime:0.001097s ]
[2022-09-08 00:12:55][sql] SELECT * FROM `ds_domain_rule` WHERE  `status` = 1  AND `uid` = 182  AND `type` = 1 LIMIT 1 [ RunTime:0.000474s ]
[2022-09-08 00:12:55][sql] SELECT * FROM `ds_domain_rule` WHERE  `status` = 1  AND `type` = 1  AND `uid` = 10086 LIMIT 1 [ RunTime:0.000294s ]
[2022-09-08 00:12:55][sql] SHOW FULL COLUMNS FROM `ds_system_config` [ RunTime:0.000756s ]
[2022-09-08 00:12:55][sql] SELECT `value` FROM `ds_system_config` WHERE  `group` = 'ff'  AND `name` = 'ff_fix' LIMIT 1 [ RunTime:0.000298s ]
[2022-09-08 00:12:55][sql] SHOW FULL COLUMNS FROM `ds_payed_show` [ RunTime:0.000774s ]
[2022-09-08 00:12:55][sql] SELECT * FROM `ds_payed_show` WHERE  `uid` = 182  AND `expire` > 1662567175  AND (  (  ( ua = 'dfacb08dcb3b7ee3bbadf50df2646b5a')  ) ) [ RunTime:0.035297s ]
[2022-09-08 00:12:55][sql] SHOW FULL COLUMNS FROM `ds_stock` [ RunTime:0.001003s ]
[2022-09-08 00:12:55][sql] SELECT COUNT(*) AS think_count FROM `ds_stock` WHERE  `is_dsp` = 0 LIMIT 1 [ RunTime:0.001859s ]
[2022-09-08 00:12:55][sql] SELECT `id`,`cid`,`url`,`title`,`image`,`time` FROM `ds_stock` WHERE  `is_dsp` = 0 ORDER BY rand() LIMIT 0,10 [ RunTime:0.009783s ]
[2022-09-08 00:12:55][sql] SHOW FULL COLUMNS FROM `ds_system_admin` [ RunTime:0.001074s ]
[2022-09-08 00:12:55][sql] SELECT * FROM `ds_system_admin` WHERE (  `id` = 182 ) AND `ds_system_admin`.`delete_time` IS NULL LIMIT 1 [ RunTime:0.000566s ]
[2022-09-08 00:12:55][sql] SELECT * FROM `ds_system_admin` WHERE (  `id` = 182 ) AND `ds_system_admin`.`delete_time` IS NULL LIMIT 1 [ RunTime:0.000506s ]
[2022-09-08 00:12:55][sql] SELECT `value` FROM `ds_system_config` WHERE  `group` = 'short_video'  AND `name` = 'dspsk' LIMIT 1 [ RunTime:0.000316s ]
[2022-09-08 00:12:55][sql] SELECT `value` FROM `ds_system_config` WHERE  `group` = 'short_video'  AND `name` = 'ppvd_params' LIMIT 1 [ RunTime:0.000274s ]
[2022-09-08 00:12:57][sql] CONNECT:[ UseTime:0.000498s ] mysql:host=127.0.0.1;port=3306;dbname=webs;charset=utf8
[2022-09-08 00:12:57][sql] SHOW FULL COLUMNS FROM `ds_system_admin` [ RunTime:0.001223s ]
[2022-09-08 00:12:57][sql] SELECT * FROM `ds_system_admin` WHERE (  `id` = 182 ) AND `ds_system_admin`.`delete_time` IS NULL LIMIT 1 [ RunTime:0.000686s ]
[2022-09-08 00:12:57][sql] SELECT * FROM `ds_system_admin` WHERE (  `id` = 182 ) AND `ds_system_admin`.`delete_time` IS NULL LIMIT 1 [ RunTime:0.000444s ]
[2022-09-08 00:12:57][sql] SHOW FULL COLUMNS FROM `ds_stock` [ RunTime:0.000950s ]
[2022-09-08 00:12:57][sql] SELECT * FROM `ds_stock` WHERE  `id` = 36217 LIMIT 1 [ RunTime:0.000343s ]
[2022-09-08 00:12:57][sql] SHOW FULL COLUMNS FROM `ds_system_config` [ RunTime:0.000979s ]
[2022-09-08 00:12:57][sql] SELECT `value` FROM `ds_system_config` WHERE  `group` = 'pay'  AND `name` = 'pay_type' LIMIT 1 [ RunTime:0.000335s ]
[2022-09-08 00:12:57][sql] SHOW FULL COLUMNS FROM `ds_price` [ RunTime:0.000817s ]
[2022-09-08 00:12:57][sql] SELECT * FROM `ds_price` WHERE  `pay_model` = '1'  AND `uid` = 182 [ RunTime:0.000443s ]
[2022-09-08 00:12:57][sql] SELECT * FROM `ds_price` WHERE  `pay_model` = '2'  AND `uid` = 182 [ RunTime:0.000522s ]
[2022-09-08 00:12:57][sql] SELECT * FROM `ds_system_admin` WHERE (  `id` = 1 ) AND `ds_system_admin`.`delete_time` IS NULL LIMIT 1 [ RunTime:0.000413s ]
[2022-09-08 00:12:57][sql] SELECT * FROM `ds_system_admin` WHERE (  `id` = 1 ) AND `ds_system_admin`.`delete_time` IS NULL LIMIT 1 [ RunTime:0.000343s ]
[2022-09-08 00:12:57][sql] SHOW FULL COLUMNS FROM `ds_pay_setting` [ RunTime:0.000876s ]
[2022-09-08 00:12:57][sql] SELECT `pay_fudong` FROM `ds_pay_setting` WHERE  `pay_model` = 'chuanqi' LIMIT 1 [ RunTime:0.000384s ]
[2022-09-08 00:12:57][sql] SELECT `pay_fudong` FROM `ds_pay_setting` WHERE  `pay_model` = 'jiuyizf_wx' LIMIT 1 [ RunTime:0.000347s ]
[2022-09-08 00:12:57][sql] SELECT `value` FROM `ds_system_config` WHERE  `group` = 'jg'  AND `name` = 'jg_topen' LIMIT 1 [ RunTime:0.000310s ]
[2022-09-08 00:12:57][sql] SELECT `value` FROM `ds_system_config` WHERE  `group` = 'jg'  AND `name` = 'jp_wopen' LIMIT 1 [ RunTime:0.000306s ]
[2022-09-08 00:12:57][sql] SELECT `value` FROM `ds_system_config` WHERE  `group` = 'jg'  AND `name` = 'jg_yopen' LIMIT 1 [ RunTime:0.000312s ]
[2022-09-08 00:12:57][sql] SELECT `value` FROM `ds_system_config` WHERE  `group` = 'jg'  AND `name` = 'jg_topen' LIMIT 1 [ RunTime:0.000265s ]
[2022-09-08 00:12:57][sql] SELECT `value` FROM `ds_system_config` WHERE  `group` = 'jg'  AND `name` = 'jp_wopen' LIMIT 1 [ RunTime:0.000253s ]
[2022-09-08 00:12:57][sql] SELECT `value` FROM `ds_system_config` WHERE  `group` = 'jg'  AND `name` = 'jg_yopen' LIMIT 1 [ RunTime:0.000208s ]
[2022-09-08 00:13:57][sql] CONNECT:[ UseTime:0.000500s ] mysql:host=127.0.0.1;port=3306;dbname=webs;charset=utf8
[2022-09-08 00:13:57][sql] SHOW FULL COLUMNS FROM `ds_hezi` [ RunTime:0.001180s ]
[2022-09-08 00:13:57][sql] SELECT * FROM `ds_hezi` WHERE  `id` = 1315 LIMIT 1 [ RunTime:0.000443s ]
[2022-09-08 00:13:57][sql] SHOW FULL COLUMNS FROM `ds_tj` [ RunTime:0.001717s ]
[2022-09-08 00:13:57][sql] SELECT * FROM `ds_tj` WHERE  `ua` = 'e31f12353a4aba4fe652bfadec45d68e' LIMIT 1 [ RunTime:0.000305s ]
[2022-09-08 00:13:57][sql] SHOW FULL COLUMNS FROM `ds_complain` [ RunTime:0.000719s ]
[2022-09-08 00:13:57][sql] SELECT * FROM `ds_complain` WHERE  `ip` = '124.152.241.21' [ RunTime:0.000292s ]
[2022-09-08 00:13:57][sql] SHOW FULL COLUMNS FROM `ds_system_config` [ RunTime:0.000895s ]
[2022-09-08 00:13:57][sql] SELECT `value` FROM `ds_system_config` WHERE  `group` = 'ff'  AND `name` = 'ff_pc' LIMIT 1 [ RunTime:0.000384s ]
[2022-09-08 00:13:57][sql] SHOW FULL COLUMNS FROM `ds_system_admin` [ RunTime:0.000913s ]
[2022-09-08 00:13:57][sql] SELECT * FROM `ds_system_admin` WHERE (  `id` = 182 ) AND `ds_system_admin`.`delete_time` IS NULL LIMIT 1 [ RunTime:0.000450s ]
[2022-09-08 00:13:57][sql] SELECT * FROM `ds_system_admin` WHERE (  `id` = 182 ) AND `ds_system_admin`.`delete_time` IS NULL LIMIT 1 [ RunTime:0.000456s ]
[2022-09-08 00:13:57][sql] SELECT * FROM `ds_hezi` WHERE  `id` = 1315 LIMIT 1 [ RunTime:0.000397s ]
[2022-09-08 00:13:57][sql] SHOW FULL COLUMNS FROM `ds_domain_rule` [ RunTime:0.000893s ]
[2022-09-08 00:13:57][sql] SELECT * FROM `ds_domain_rule` WHERE  `status` = 1  AND `uid` = 182  AND `type` = 2 LIMIT 1 [ RunTime:0.000374s ]
[2022-09-08 00:13:57][sql] SELECT * FROM `ds_domain_rule` WHERE  `status` = 1  AND `type` = 2  AND `uid` = 10086 LIMIT 1 [ RunTime:0.000326s ]
[2022-09-08 00:13:57][sql] SELECT `value` FROM `ds_system_config` WHERE  `group` = 'ff'  AND `name` = 'ff_fix' LIMIT 1 [ RunTime:0.000246s ]
[2022-09-08 00:13:58][sql] CONNECT:[ UseTime:0.000515s ] mysql:host=127.0.0.1;port=3306;dbname=webs;charset=utf8
[2022-09-08 00:13:58][sql] SHOW FULL COLUMNS FROM `ds_hezi` [ RunTime:0.000933s ]
[2022-09-08 00:13:58][sql] SELECT * FROM `ds_hezi` WHERE  `id` = 1315 LIMIT 1 [ RunTime:0.000357s ]
[2022-09-08 00:13:58][sql] SHOW FULL COLUMNS FROM `ds_user_point` [ RunTime:0.000717s ]
[2022-09-08 00:13:58][sql] SELECT * FROM `ds_user_point` WHERE  `ua` = 'dfacb08dcb3b7ee3bbadf50df2646b5a' LIMIT 1 [ RunTime:0.038502s ]
[2022-09-08 00:13:58][sql] CONNECT:[ UseTime:0.000470s ] mysql:host=127.0.0.1;port=3306;dbname=webs;charset=utf8
[2022-09-08 00:13:58][sql] SHOW FULL COLUMNS FROM `ds_system_config` [ RunTime:0.001010s ]
[2022-09-08 00:13:58][sql] SELECT * FROM `ds_system_config` WHERE  `name` = 'zbkg' LIMIT 1 [ RunTime:0.000374s ]
[2022-09-08 00:13:58][sql] SELECT * FROM `ds_system_config` WHERE  `name` = 'zb_t_img' LIMIT 1 [ RunTime:0.000264s ]
[2022-09-08 00:13:58][sql] SHOW FULL COLUMNS FROM `ds_payed_show` [ RunTime:0.000710s ]
[2022-09-08 00:13:58][sql] SELECT * FROM `ds_payed_show` WHERE  `ua` = 'dfacb08dcb3b7ee3bbadf50df2646b5a'  AND `is_date` = 2  AND `expire` > 1662567238 LIMIT 1 [ RunTime:0.036421s ]
[2022-09-08 00:13:58][sql] SELECT `value` FROM `ds_system_config` WHERE  `group` = 'ff'  AND `name` = 'ff_pc' LIMIT 1 [ RunTime:0.000464s ]
[2022-09-08 00:13:58][sql] SELECT `value` FROM `ds_system_config` WHERE  `group` = 'short_video'  AND `name` = 'dsp_notify' LIMIT 1 [ RunTime:0.000312s ]
[2022-09-08 00:13:58][sql] SELECT `value` FROM `ds_system_config` WHERE  `group` = 'short_video'  AND `name` = 'shar_box_text' LIMIT 1 [ RunTime:0.000265s ]
[2022-09-08 00:13:58][sql] SELECT `value` FROM `ds_system_config` WHERE  `group` = 'short_video'  AND `name` = 'rvery_point' LIMIT 1 [ RunTime:0.000264s ]
[2022-09-08 00:13:58][sql] SELECT `value` FROM `ds_system_config` WHERE  `group` = 'short_video'  AND `name` = 'zbwl' LIMIT 1 [ RunTime:0.000270s ]
[2022-09-08 00:13:58][sql] SELECT `value` FROM `ds_system_config` WHERE  `group` = 'short_video'  AND `name` = 'dspsk' LIMIT 1 [ RunTime:0.000220s ]
[2022-09-08 00:13:58][sql] SHOW FULL COLUMNS FROM `ds_system_admin` [ RunTime:0.000993s ]
[2022-09-08 00:13:58][sql] SELECT * FROM `ds_system_admin` WHERE (  `id` = 182 ) AND `ds_system_admin`.`delete_time` IS NULL LIMIT 1 [ RunTime:0.000421s ]
[2022-09-08 00:13:58][sql] SELECT * FROM `ds_system_admin` WHERE (  `id` = 182 ) AND `ds_system_admin`.`delete_time` IS NULL LIMIT 1 [ RunTime:0.000348s ]
[2022-09-08 00:13:58][sql] SHOW FULL COLUMNS FROM `ds_domain_rule` [ RunTime:0.000883s ]
[2022-09-08 00:13:58][sql] SELECT * FROM `ds_domain_rule` WHERE  `status` = 1  AND `uid` = 182  AND `type` = 1 LIMIT 1 [ RunTime:0.000349s ]
[2022-09-08 00:13:58][sql] SELECT * FROM `ds_domain_rule` WHERE  `status` = 1  AND `type` = 1  AND `uid` = 10086 LIMIT 1 [ RunTime:0.000271s ]
[2022-09-08 00:13:58][sql] SELECT `value` FROM `ds_system_config` WHERE  `group` = 'ff'  AND `name` = 'ff_fix' LIMIT 1 [ RunTime:0.000264s ]
[2022-09-08 00:13:58][sql] CONNECT:[ UseTime:0.000399s ] mysql:host=127.0.0.1;port=3306;dbname=webs;charset=utf8
[2022-09-08 00:13:58][sql] SHOW FULL COLUMNS FROM `ds_category` [ RunTime:0.000974s ]
[2022-09-08 00:13:58][sql] SELECT `id`,`image`,ctitle as title FROM `ds_category` WHERE `ds_category`.`delete_time` IS NULL LIMIT 910 [ RunTime:0.000274s ]
[2022-09-08 00:13:58][sql] CONNECT:[ UseTime:0.000371s ] mysql:host=127.0.0.1;port=3306;dbname=webs;charset=utf8
[2022-09-08 00:13:58][sql] SHOW FULL COLUMNS FROM `ds_domain_rule` [ RunTime:0.000867s ]
[2022-09-08 00:13:58][sql] SELECT * FROM `ds_domain_rule` WHERE  `status` = 1  AND `uid` = 182  AND `type` = 1 LIMIT 1 [ RunTime:0.000324s ]
[2022-09-08 00:13:58][sql] SELECT * FROM `ds_domain_rule` WHERE  `status` = 1  AND `type` = 1  AND `uid` = 10086 LIMIT 1 [ RunTime:0.000325s ]
[2022-09-08 00:13:58][sql] SHOW FULL COLUMNS FROM `ds_system_config` [ RunTime:0.000798s ]
[2022-09-08 00:13:58][sql] SELECT `value` FROM `ds_system_config` WHERE  `group` = 'ff'  AND `name` = 'ff_fix' LIMIT 1 [ RunTime:0.000293s ]
[2022-09-08 00:13:58][sql] SHOW FULL COLUMNS FROM `ds_payed_show` [ RunTime:0.000716s ]
[2022-09-08 00:13:58][sql] SELECT * FROM `ds_payed_show` WHERE  `uid` = 182  AND `expire` > 1662567238  AND (  (  ( ua = 'dfacb08dcb3b7ee3bbadf50df2646b5a')  ) ) [ RunTime:0.034898s ]
[2022-09-08 00:13:58][sql] SHOW FULL COLUMNS FROM `ds_stock` [ RunTime:0.000998s ]
[2022-09-08 00:13:58][sql] SELECT COUNT(*) AS think_count FROM `ds_stock` WHERE  `is_dsp` = 0 LIMIT 1 [ RunTime:0.001763s ]
[2022-09-08 00:13:58][sql] SELECT `id`,`cid`,`url`,`title`,`image`,`time` FROM `ds_stock` WHERE  `is_dsp` = 0 ORDER BY rand() LIMIT 0,10 [ RunTime:0.010202s ]
[2022-09-08 00:13:58][sql] SHOW FULL COLUMNS FROM `ds_system_admin` [ RunTime:0.001008s ]
[2022-09-08 00:13:58][sql] SELECT * FROM `ds_system_admin` WHERE (  `id` = 182 ) AND `ds_system_admin`.`delete_time` IS NULL LIMIT 1 [ RunTime:0.000473s ]
[2022-09-08 00:13:58][sql] SELECT * FROM `ds_system_admin` WHERE (  `id` = 182 ) AND `ds_system_admin`.`delete_time` IS NULL LIMIT 1 [ RunTime:0.000386s ]
[2022-09-08 00:13:58][sql] SELECT `value` FROM `ds_system_config` WHERE  `group` = 'short_video'  AND `name` = 'dspsk' LIMIT 1 [ RunTime:0.000298s ]
[2022-09-08 00:13:58][sql] SELECT `value` FROM `ds_system_config` WHERE  `group` = 'short_video'  AND `name` = 'ppvd_params' LIMIT 1 [ RunTime:0.000229s ]
[2022-09-08 00:14:00][sql] CONNECT:[ UseTime:0.000548s ] mysql:host=127.0.0.1;port=3306;dbname=webs;charset=utf8
[2022-09-08 00:14:00][sql] SHOW FULL COLUMNS FROM `ds_system_admin` [ RunTime:0.001117s ]
[2022-09-08 00:14:00][sql] SELECT * FROM `ds_system_admin` WHERE (  `id` = 182 ) AND `ds_system_admin`.`delete_time` IS NULL LIMIT 1 [ RunTime:0.000469s ]
[2022-09-08 00:14:00][sql] SELECT * FROM `ds_system_admin` WHERE (  `id` = 182 ) AND `ds_system_admin`.`delete_time` IS NULL LIMIT 1 [ RunTime:0.000347s ]
[2022-09-08 00:14:00][sql] SHOW FULL COLUMNS FROM `ds_stock` [ RunTime:0.000731s ]
[2022-09-08 00:14:00][sql] SELECT * FROM `ds_stock` WHERE  `id` = 38752 LIMIT 1 [ RunTime:0.000283s ]
[2022-09-08 00:14:00][sql] SHOW FULL COLUMNS FROM `ds_system_config` [ RunTime:0.000701s ]
[2022-09-08 00:14:00][sql] SELECT `value` FROM `ds_system_config` WHERE  `group` = 'pay'  AND `name` = 'pay_type' LIMIT 1 [ RunTime:0.000329s ]
[2022-09-08 00:14:00][sql] SHOW FULL COLUMNS FROM `ds_price` [ RunTime:0.000851s ]
[2022-09-08 00:14:00][sql] SELECT * FROM `ds_price` WHERE  `pay_model` = '1'  AND `uid` = 182 [ RunTime:0.000426s ]
[2022-09-08 00:14:00][sql] SELECT * FROM `ds_price` WHERE  `pay_model` = '2'  AND `uid` = 182 [ RunTime:0.000459s ]
[2022-09-08 00:14:00][sql] SELECT * FROM `ds_system_admin` WHERE (  `id` = 1 ) AND `ds_system_admin`.`delete_time` IS NULL LIMIT 1 [ RunTime:0.000375s ]
[2022-09-08 00:14:00][sql] SELECT * FROM `ds_system_admin` WHERE (  `id` = 1 ) AND `ds_system_admin`.`delete_time` IS NULL LIMIT 1 [ RunTime:0.000335s ]
[2022-09-08 00:14:00][sql] SHOW FULL COLUMNS FROM `ds_pay_setting` [ RunTime:0.000839s ]
[2022-09-08 00:14:00][sql] SELECT `pay_fudong` FROM `ds_pay_setting` WHERE  `pay_model` = 'chuanqi' LIMIT 1 [ RunTime:0.000319s ]
[2022-09-08 00:14:00][sql] SELECT `pay_fudong` FROM `ds_pay_setting` WHERE  `pay_model` = 'jiuyizf_wx' LIMIT 1 [ RunTime:0.000218s ]
[2022-09-08 00:14:00][sql] SELECT `value` FROM `ds_system_config` WHERE  `group` = 'jg'  AND `name` = 'jg_topen' LIMIT 1 [ RunTime:0.000279s ]
[2022-09-08 00:14:00][sql] SELECT `value` FROM `ds_system_config` WHERE  `group` = 'jg'  AND `name` = 'jp_wopen' LIMIT 1 [ RunTime:0.000258s ]
[2022-09-08 00:14:00][sql] SELECT `value` FROM `ds_system_config` WHERE  `group` = 'jg'  AND `name` = 'jg_yopen' LIMIT 1 [ RunTime:0.000198s ]
[2022-09-08 00:14:00][sql] SELECT `value` FROM `ds_system_config` WHERE  `group` = 'jg'  AND `name` = 'jg_topen' LIMIT 1 [ RunTime:0.000241s ]
[2022-09-08 00:14:00][sql] SELECT `value` FROM `ds_system_config` WHERE  `group` = 'jg'  AND `name` = 'jp_wopen' LIMIT 1 [ RunTime:0.000340s ]
[2022-09-08 00:14:00][sql] SELECT `value` FROM `ds_system_config` WHERE  `group` = 'jg'  AND `name` = 'jg_yopen' LIMIT 1 [ RunTime:0.000241s ]
[2022-09-08 00:14:25][sql] CONNECT:[ UseTime:0.000521s ] mysql:host=127.0.0.1;port=3306;dbname=webs;charset=utf8
[2022-09-08 00:14:25][sql] SHOW FULL COLUMNS FROM `ds_hezi` [ RunTime:0.001104s ]
[2022-09-08 00:14:25][sql] SELECT * FROM `ds_hezi` WHERE  `id` = 1315 LIMIT 1 [ RunTime:0.000358s ]
[2022-09-08 00:14:25][sql] SHOW FULL COLUMNS FROM `ds_tj` [ RunTime:0.000907s ]
[2022-09-08 00:14:25][sql] SELECT * FROM `ds_tj` WHERE  `ua` = 'e31f12353a4aba4fe652bfadec45d68e' LIMIT 1 [ RunTime:0.000429s ]
[2022-09-08 00:14:25][sql] SHOW FULL COLUMNS FROM `ds_complain` [ RunTime:0.000780s ]
[2022-09-08 00:14:25][sql] SELECT * FROM `ds_complain` WHERE  `ip` = '124.152.241.21' [ RunTime:0.000459s ]
[2022-09-08 00:14:25][sql] SHOW FULL COLUMNS FROM `ds_system_config` [ RunTime:0.000822s ]
[2022-09-08 00:14:25][sql] SELECT `value` FROM `ds_system_config` WHERE  `group` = 'ff'  AND `name` = 'ff_pc' LIMIT 1 [ RunTime:0.000380s ]
[2022-09-08 00:14:25][sql] SHOW FULL COLUMNS FROM `ds_system_admin` [ RunTime:0.000867s ]
[2022-09-08 00:14:25][sql] SELECT * FROM `ds_system_admin` WHERE (  `id` = 182 ) AND `ds_system_admin`.`delete_time` IS NULL LIMIT 1 [ RunTime:0.000404s ]
[2022-09-08 00:14:25][sql] SELECT * FROM `ds_system_admin` WHERE (  `id` = 182 ) AND `ds_system_admin`.`delete_time` IS NULL LIMIT 1 [ RunTime:0.000327s ]
[2022-09-08 00:14:25][sql] SELECT * FROM `ds_hezi` WHERE  `id` = 1315 LIMIT 1 [ RunTime:0.000316s ]
[2022-09-08 00:14:25][sql] SHOW FULL COLUMNS FROM `ds_domain_rule` [ RunTime:0.000852s ]
[2022-09-08 00:14:25][sql] SELECT * FROM `ds_domain_rule` WHERE  `status` = 1  AND `uid` = 182  AND `type` = 2 LIMIT 1 [ RunTime:0.000377s ]
[2022-09-08 00:14:25][sql] SELECT * FROM `ds_domain_rule` WHERE  `status` = 1  AND `type` = 2  AND `uid` = 10086 LIMIT 1 [ RunTime:0.000268s ]
[2022-09-08 00:14:25][sql] SELECT `value` FROM `ds_system_config` WHERE  `group` = 'ff'  AND `name` = 'ff_fix' LIMIT 1 [ RunTime:0.000227s ]
[2022-09-08 00:14:25][sql] CONNECT:[ UseTime:0.000549s ] mysql:host=127.0.0.1;port=3306;dbname=webs;charset=utf8
[2022-09-08 00:14:25][sql] SHOW FULL COLUMNS FROM `ds_hezi` [ RunTime:0.000995s ]
[2022-09-08 00:14:25][sql] SELECT * FROM `ds_hezi` WHERE  `id` = 1315 LIMIT 1 [ RunTime:0.000430s ]
[2022-09-08 00:14:25][sql] SHOW FULL COLUMNS FROM `ds_user_point` [ RunTime:0.000804s ]
[2022-09-08 00:14:25][sql] SELECT * FROM `ds_user_point` WHERE  `ua` = 'dfacb08dcb3b7ee3bbadf50df2646b5a' LIMIT 1 [ RunTime:0.041680s ]
[2022-09-08 00:14:26][sql] CONNECT:[ UseTime:0.000512s ] mysql:host=127.0.0.1;port=3306;dbname=webs;charset=utf8
[2022-09-08 00:14:26][sql] SHOW FULL COLUMNS FROM `ds_category` [ RunTime:0.001018s ]
[2022-09-08 00:14:26][sql] SELECT `id`,`image`,ctitle as title FROM `ds_category` WHERE `ds_category`.`delete_time` IS NULL LIMIT 910 [ RunTime:0.000271s ]
[2022-09-08 00:14:26][sql] CONNECT:[ UseTime:0.000376s ] mysql:host=127.0.0.1;port=3306;dbname=webs;charset=utf8
[2022-09-08 00:14:26][sql] SHOW FULL COLUMNS FROM `ds_system_config` [ RunTime:0.000951s ]
[2022-09-08 00:14:26][sql] SELECT * FROM `ds_system_config` WHERE  `name` = 'zbkg' LIMIT 1 [ RunTime:0.000293s ]
[2022-09-08 00:14:26][sql] SELECT * FROM `ds_system_config` WHERE  `name` = 'zb_t_img' LIMIT 1 [ RunTime:0.000245s ]
[2022-09-08 00:14:26][sql] SHOW FULL COLUMNS FROM `ds_payed_show` [ RunTime:0.000716s ]
[2022-09-08 00:14:26][sql] SELECT * FROM `ds_payed_show` WHERE  `ua` = 'dfacb08dcb3b7ee3bbadf50df2646b5a'  AND `is_date` = 2  AND `expire` > 1662567266 LIMIT 1 [ RunTime:0.072172s ]
[2022-09-08 00:14:26][sql] SELECT `value` FROM `ds_system_config` WHERE  `group` = 'ff'  AND `name` = 'ff_pc' LIMIT 1 [ RunTime:0.000312s ]
[2022-09-08 00:14:26][sql] SELECT `value` FROM `ds_system_config` WHERE  `group` = 'short_video'  AND `name` = 'dsp_notify' LIMIT 1 [ RunTime:0.000220s ]
[2022-09-08 00:14:26][sql] SELECT `value` FROM `ds_system_config` WHERE  `group` = 'short_video'  AND `name` = 'shar_box_text' LIMIT 1 [ RunTime:0.000224s ]
[2022-09-08 00:14:26][sql] SELECT `value` FROM `ds_system_config` WHERE  `group` = 'short_video'  AND `name` = 'rvery_point' LIMIT 1 [ RunTime:0.000211s ]
[2022-09-08 00:14:26][sql] SELECT `value` FROM `ds_system_config` WHERE  `group` = 'short_video'  AND `name` = 'zbwl' LIMIT 1 [ RunTime:0.000207s ]
[2022-09-08 00:14:26][sql] SELECT `value` FROM `ds_system_config` WHERE  `group` = 'short_video'  AND `name` = 'dspsk' LIMIT 1 [ RunTime:0.000207s ]
[2022-09-08 00:14:26][sql] SHOW FULL COLUMNS FROM `ds_system_admin` [ RunTime:0.000954s ]
[2022-09-08 00:14:26][sql] SELECT * FROM `ds_system_admin` WHERE (  `id` = 182 ) AND `ds_system_admin`.`delete_time` IS NULL LIMIT 1 [ RunTime:0.000346s ]
[2022-09-08 00:14:26][sql] SELECT * FROM `ds_system_admin` WHERE (  `id` = 182 ) AND `ds_system_admin`.`delete_time` IS NULL LIMIT 1 [ RunTime:0.000313s ]
[2022-09-08 00:14:26][sql] SHOW FULL COLUMNS FROM `ds_domain_rule` [ RunTime:0.000753s ]
[2022-09-08 00:14:26][sql] SELECT * FROM `ds_domain_rule` WHERE  `status` = 1  AND `uid` = 182  AND `type` = 1 LIMIT 1 [ RunTime:0.000277s ]
[2022-09-08 00:14:26][sql] SELECT * FROM `ds_domain_rule` WHERE  `status` = 1  AND `type` = 1  AND `uid` = 10086 LIMIT 1 [ RunTime:0.000236s ]
[2022-09-08 00:14:26][sql] SELECT `value` FROM `ds_system_config` WHERE  `group` = 'ff'  AND `name` = 'ff_fix' LIMIT 1 [ RunTime:0.000233s ]
[2022-09-08 00:14:26][sql] CONNECT:[ UseTime:0.000474s ] mysql:host=127.0.0.1;port=3306;dbname=webs;charset=utf8
[2022-09-08 00:14:26][sql] SHOW FULL COLUMNS FROM `ds_domain_rule` [ RunTime:0.000906s ]
[2022-09-08 00:14:26][sql] SELECT * FROM `ds_domain_rule` WHERE  `status` = 1  AND `uid` = 182  AND `type` = 1 LIMIT 1 [ RunTime:0.000464s ]
[2022-09-08 00:14:26][sql] SELECT * FROM `ds_domain_rule` WHERE  `status` = 1  AND `type` = 1  AND `uid` = 10086 LIMIT 1 [ RunTime:0.000340s ]
[2022-09-08 00:14:26][sql] SHOW FULL COLUMNS FROM `ds_system_config` [ RunTime:0.000945s ]
[2022-09-08 00:14:26][sql] SELECT `value` FROM `ds_system_config` WHERE  `group` = 'ff'  AND `name` = 'ff_fix' LIMIT 1 [ RunTime:0.000346s ]
[2022-09-08 00:14:26][sql] SHOW FULL COLUMNS FROM `ds_payed_show` [ RunTime:0.000755s ]
[2022-09-08 00:14:26][sql] SELECT * FROM `ds_payed_show` WHERE  `uid` = 182  AND `expire` > 1662567266  AND (  (  ( ua = 'dfacb08dcb3b7ee3bbadf50df2646b5a')  ) ) [ RunTime:0.033605s ]
[2022-09-08 00:14:26][sql] SHOW FULL COLUMNS FROM `ds_stock` [ RunTime:0.001046s ]
[2022-09-08 00:14:26][sql] SELECT COUNT(*) AS think_count FROM `ds_stock` WHERE  `is_dsp` = 0 LIMIT 1 [ RunTime:0.001807s ]
[2022-09-08 00:14:26][sql] SELECT `id`,`cid`,`url`,`title`,`image`,`time` FROM `ds_stock` WHERE  `is_dsp` = 0 ORDER BY rand() LIMIT 0,10 [ RunTime:0.008822s ]
[2022-09-08 00:14:26][sql] SHOW FULL COLUMNS FROM `ds_system_admin` [ RunTime:0.001011s ]
[2022-09-08 00:14:26][sql] SELECT * FROM `ds_system_admin` WHERE (  `id` = 182 ) AND `ds_system_admin`.`delete_time` IS NULL LIMIT 1 [ RunTime:0.000522s ]
[2022-09-08 00:14:26][sql] SELECT * FROM `ds_system_admin` WHERE (  `id` = 182 ) AND `ds_system_admin`.`delete_time` IS NULL LIMIT 1 [ RunTime:0.000427s ]
[2022-09-08 00:14:26][sql] SELECT `value` FROM `ds_system_config` WHERE  `group` = 'short_video'  AND `name` = 'dspsk' LIMIT 1 [ RunTime:0.000355s ]
[2022-09-08 00:14:26][sql] SELECT `value` FROM `ds_system_config` WHERE  `group` = 'short_video'  AND `name` = 'ppvd_params' LIMIT 1 [ RunTime:0.000285s ]
[2022-09-08 00:14:28][sql] CONNECT:[ UseTime:0.000476s ] mysql:host=127.0.0.1;port=3306;dbname=webs;charset=utf8
[2022-09-08 00:14:28][sql] SHOW FULL COLUMNS FROM `ds_system_admin` [ RunTime:0.001228s ]
[2022-09-08 00:14:28][sql] SELECT * FROM `ds_system_admin` WHERE (  `id` = 182 ) AND `ds_system_admin`.`delete_time` IS NULL LIMIT 1 [ RunTime:0.000498s ]
[2022-09-08 00:14:28][sql] SELECT * FROM `ds_system_admin` WHERE (  `id` = 182 ) AND `ds_system_admin`.`delete_time` IS NULL LIMIT 1 [ RunTime:0.000418s ]
[2022-09-08 00:14:28][sql] SHOW FULL COLUMNS FROM `ds_stock` [ RunTime:0.000813s ]
[2022-09-08 00:14:28][sql] SELECT * FROM `ds_stock` WHERE  `id` = 36818 LIMIT 1 [ RunTime:0.000545s ]
[2022-09-08 00:14:28][sql] SHOW FULL COLUMNS FROM `ds_system_config` [ RunTime:0.000740s ]
[2022-09-08 00:14:28][sql] SELECT `value` FROM `ds_system_config` WHERE  `group` = 'pay'  AND `name` = 'pay_type' LIMIT 1 [ RunTime:0.000348s ]
[2022-09-08 00:14:28][sql] SHOW FULL COLUMNS FROM `ds_price` [ RunTime:0.000695s ]
[2022-09-08 00:14:28][sql] SELECT * FROM `ds_price` WHERE  `pay_model` = '1'  AND `uid` = 182 [ RunTime:0.000357s ]
[2022-09-08 00:14:28][sql] SELECT * FROM `ds_price` WHERE  `pay_model` = '2'  AND `uid` = 182 [ RunTime:0.000412s ]
[2022-09-08 00:14:28][sql] SELECT * FROM `ds_system_admin` WHERE (  `id` = 1 ) AND `ds_system_admin`.`delete_time` IS NULL LIMIT 1 [ RunTime:0.000315s ]
[2022-09-08 00:14:28][sql] SELECT * FROM `ds_system_admin` WHERE (  `id` = 1 ) AND `ds_system_admin`.`delete_time` IS NULL LIMIT 1 [ RunTime:0.000353s ]
[2022-09-08 00:14:28][sql] SHOW FULL COLUMNS FROM `ds_pay_setting` [ RunTime:0.000812s ]
[2022-09-08 00:14:28][sql] SELECT `pay_fudong` FROM `ds_pay_setting` WHERE  `pay_model` = 'chuanqi' LIMIT 1 [ RunTime:0.000282s ]
[2022-09-08 00:14:28][sql] SELECT `pay_fudong` FROM `ds_pay_setting` WHERE  `pay_model` = 'jiuyizf_wx' LIMIT 1 [ RunTime:0.000271s ]
[2022-09-08 00:14:28][sql] SELECT `value` FROM `ds_system_config` WHERE  `group` = 'jg'  AND `name` = 'jg_topen' LIMIT 1 [ RunTime:0.000281s ]
[2022-09-08 00:14:28][sql] SELECT `value` FROM `ds_system_config` WHERE  `group` = 'jg'  AND `name` = 'jp_wopen' LIMIT 1 [ RunTime:0.000218s ]
[2022-09-08 00:14:28][sql] SELECT `value` FROM `ds_system_config` WHERE  `group` = 'jg'  AND `name` = 'jg_yopen' LIMIT 1 [ RunTime:0.000302s ]
[2022-09-08 00:14:28][sql] SELECT `value` FROM `ds_system_config` WHERE  `group` = 'jg'  AND `name` = 'jg_topen' LIMIT 1 [ RunTime:0.000233s ]
[2022-09-08 00:14:28][sql] SELECT `value` FROM `ds_system_config` WHERE  `group` = 'jg'  AND `name` = 'jp_wopen' LIMIT 1 [ RunTime:0.000211s ]
[2022-09-08 00:14:28][sql] SELECT `value` FROM `ds_system_config` WHERE  `group` = 'jg'  AND `name` = 'jg_yopen' LIMIT 1 [ RunTime:0.000207s ]
[2022-09-08 00:15:21][sql] CONNECT:[ UseTime:0.000756s ] mysql:host=127.0.0.1;port=3306;dbname=webs;charset=utf8
[2022-09-08 00:15:21][sql] SHOW FULL COLUMNS FROM `ds_hezi` [ RunTime:0.001618s ]
[2022-09-08 00:15:21][sql] SELECT * FROM `ds_hezi` WHERE  `id` = 1315 LIMIT 1 [ RunTime:0.000488s ]
[2022-09-08 00:15:21][sql] SHOW FULL COLUMNS FROM `ds_tj` [ RunTime:0.001067s ]
[2022-09-08 00:15:21][sql] SELECT * FROM `ds_tj` WHERE  `ua` = 'e31f12353a4aba4fe652bfadec45d68e' LIMIT 1 [ RunTime:0.000407s ]
[2022-09-08 00:15:21][sql] SHOW FULL COLUMNS FROM `ds_complain` [ RunTime:0.000897s ]
[2022-09-08 00:15:21][sql] SELECT * FROM `ds_complain` WHERE  `ip` = '124.152.241.21' [ RunTime:0.000362s ]
[2022-09-08 00:15:21][sql] SHOW FULL COLUMNS FROM `ds_system_config` [ RunTime:0.000871s ]
[2022-09-08 00:15:21][sql] SELECT `value` FROM `ds_system_config` WHERE  `group` = 'ff'  AND `name` = 'ff_pc' LIMIT 1 [ RunTime:0.000401s ]
[2022-09-08 00:15:21][sql] SHOW FULL COLUMNS FROM `ds_system_admin` [ RunTime:0.000887s ]
[2022-09-08 00:15:21][sql] SELECT * FROM `ds_system_admin` WHERE (  `id` = 182 ) AND `ds_system_admin`.`delete_time` IS NULL LIMIT 1 [ RunTime:0.000507s ]
[2022-09-08 00:15:21][sql] SELECT * FROM `ds_system_admin` WHERE (  `id` = 182 ) AND `ds_system_admin`.`delete_time` IS NULL LIMIT 1 [ RunTime:0.000319s ]
[2022-09-08 00:15:21][sql] SELECT * FROM `ds_hezi` WHERE  `id` = 1315 LIMIT 1 [ RunTime:0.000269s ]
[2022-09-08 00:15:21][sql] SHOW FULL COLUMNS FROM `ds_domain_rule` [ RunTime:0.000905s ]
[2022-09-08 00:15:21][sql] SELECT * FROM `ds_domain_rule` WHERE  `status` = 1  AND `uid` = 182  AND `type` = 2 LIMIT 1 [ RunTime:0.000346s ]
[2022-09-08 00:15:21][sql] SELECT * FROM `ds_domain_rule` WHERE  `status` = 1  AND `type` = 2  AND `uid` = 10086 LIMIT 1 [ RunTime:0.000233s ]
[2022-09-08 00:15:21][sql] SELECT `value` FROM `ds_system_config` WHERE  `group` = 'ff'  AND `name` = 'ff_fix' LIMIT 1 [ RunTime:0.000233s ]
[2022-09-08 00:15:21][sql] CONNECT:[ UseTime:0.000553s ] mysql:host=127.0.0.1;port=3306;dbname=webs;charset=utf8
[2022-09-08 00:15:21][sql] SHOW FULL COLUMNS FROM `ds_hezi` [ RunTime:0.001021s ]
[2022-09-08 00:15:21][sql] SELECT * FROM `ds_hezi` WHERE  `id` = 1315 LIMIT 1 [ RunTime:0.000330s ]
[2022-09-08 00:15:21][sql] SHOW FULL COLUMNS FROM `ds_user_point` [ RunTime:0.000834s ]
[2022-09-08 00:15:21][sql] SELECT * FROM `ds_user_point` WHERE  `ua` = 'dfacb08dcb3b7ee3bbadf50df2646b5a' LIMIT 1 [ RunTime:0.038045s ]
[2022-09-08 00:15:22][sql] CONNECT:[ UseTime:0.000523s ] mysql:host=127.0.0.1;port=3306;dbname=webs;charset=utf8
[2022-09-08 00:15:22][sql] SHOW FULL COLUMNS FROM `ds_system_config` [ RunTime:0.000946s ]
[2022-09-08 00:15:22][sql] SELECT * FROM `ds_system_config` WHERE  `name` = 'zbkg' LIMIT 1 [ RunTime:0.000332s ]
[2022-09-08 00:15:22][sql] SELECT * FROM `ds_system_config` WHERE  `name` = 'zb_t_img' LIMIT 1 [ RunTime:0.000363s ]
[2022-09-08 00:15:22][sql] SHOW FULL COLUMNS FROM `ds_payed_show` [ RunTime:0.000747s ]
[2022-09-08 00:15:22][sql] SELECT * FROM `ds_payed_show` WHERE  `ua` = 'dfacb08dcb3b7ee3bbadf50df2646b5a'  AND `is_date` = 2  AND `expire` > 1662567322 LIMIT 1 [ RunTime:0.035849s ]
[2022-09-08 00:15:22][sql] SELECT `value` FROM `ds_system_config` WHERE  `group` = 'ff'  AND `name` = 'ff_pc' LIMIT 1 [ RunTime:0.000422s ]
[2022-09-08 00:15:22][sql] SELECT `value` FROM `ds_system_config` WHERE  `group` = 'short_video'  AND `name` = 'dsp_notify' LIMIT 1 [ RunTime:0.000338s ]
[2022-09-08 00:15:22][sql] SELECT `value` FROM `ds_system_config` WHERE  `group` = 'short_video'  AND `name` = 'shar_box_text' LIMIT 1 [ RunTime:0.000306s ]
[2022-09-08 00:15:22][sql] SELECT `value` FROM `ds_system_config` WHERE  `group` = 'short_video'  AND `name` = 'rvery_point' LIMIT 1 [ RunTime:0.000230s ]
[2022-09-08 00:15:22][sql] SELECT `value` FROM `ds_system_config` WHERE  `group` = 'short_video'  AND `name` = 'zbwl' LIMIT 1 [ RunTime:0.000207s ]
[2022-09-08 00:15:22][sql] SELECT `value` FROM `ds_system_config` WHERE  `group` = 'short_video'  AND `name` = 'dspsk' LIMIT 1 [ RunTime:0.000198s ]
[2022-09-08 00:15:22][sql] SHOW FULL COLUMNS FROM `ds_system_admin` [ RunTime:0.001075s ]
[2022-09-08 00:15:22][sql] SELECT * FROM `ds_system_admin` WHERE (  `id` = 182 ) AND `ds_system_admin`.`delete_time` IS NULL LIMIT 1 [ RunTime:0.000403s ]
[2022-09-08 00:15:22][sql] SELECT * FROM `ds_system_admin` WHERE (  `id` = 182 ) AND `ds_system_admin`.`delete_time` IS NULL LIMIT 1 [ RunTime:0.000382s ]
[2022-09-08 00:15:22][sql] SHOW FULL COLUMNS FROM `ds_domain_rule` [ RunTime:0.000996s ]
[2022-09-08 00:15:22][sql] SELECT * FROM `ds_domain_rule` WHERE  `status` = 1  AND `uid` = 182  AND `type` = 1 LIMIT 1 [ RunTime:0.000301s ]
[2022-09-08 00:15:22][sql] SELECT * FROM `ds_domain_rule` WHERE  `status` = 1  AND `type` = 1  AND `uid` = 10086 LIMIT 1 [ RunTime:0.000333s ]
[2022-09-08 00:15:22][sql] SELECT `value` FROM `ds_system_config` WHERE  `group` = 'ff'  AND `name` = 'ff_fix' LIMIT 1 [ RunTime:0.000224s ]
[2022-09-08 00:15:22][sql] CONNECT:[ UseTime:0.000616s ] mysql:host=127.0.0.1;port=3306;dbname=webs;charset=utf8
[2022-09-08 00:15:22][sql] SHOW FULL COLUMNS FROM `ds_category` [ RunTime:0.001064s ]
[2022-09-08 00:15:22][sql] SELECT `id`,`image`,ctitle as title FROM `ds_category` WHERE `ds_category`.`delete_time` IS NULL LIMIT 910 [ RunTime:0.000369s ]
[2022-09-08 00:15:22][sql] CONNECT:[ UseTime:0.000340s ] mysql:host=127.0.0.1;port=3306;dbname=webs;charset=utf8
[2022-09-08 00:15:22][sql] SHOW FULL COLUMNS FROM `ds_domain_rule` [ RunTime:0.000790s ]
[2022-09-08 00:15:22][sql] SELECT * FROM `ds_domain_rule` WHERE  `status` = 1  AND `uid` = 182  AND `type` = 1 LIMIT 1 [ RunTime:0.000330s ]
[2022-09-08 00:15:22][sql] SELECT * FROM `ds_domain_rule` WHERE  `status` = 1  AND `type` = 1  AND `uid` = 10086 LIMIT 1 [ RunTime:0.000255s ]
[2022-09-08 00:15:22][sql] SHOW FULL COLUMNS FROM `ds_system_config` [ RunTime:0.000765s ]
[2022-09-08 00:15:22][sql] SELECT `value` FROM `ds_system_config` WHERE  `group` = 'ff'  AND `name` = 'ff_fix' LIMIT 1 [ RunTime:0.000263s ]
[2022-09-08 00:15:22][sql] SHOW FULL COLUMNS FROM `ds_payed_show` [ RunTime:0.000715s ]
[2022-09-08 00:15:22][sql] SELECT * FROM `ds_payed_show` WHERE  `uid` = 182  AND `expire` > 1662567322  AND (  (  ( ua = 'dfacb08dcb3b7ee3bbadf50df2646b5a')  ) ) [ RunTime:0.034352s ]
[2022-09-08 00:15:22][sql] SHOW FULL COLUMNS FROM `ds_stock` [ RunTime:0.001122s ]
[2022-09-08 00:15:22][sql] SELECT COUNT(*) AS think_count FROM `ds_stock` WHERE  `is_dsp` = 0 LIMIT 1 [ RunTime:0.002146s ]
[2022-09-08 00:15:22][sql] SELECT `id`,`cid`,`url`,`title`,`image`,`time` FROM `ds_stock` WHERE  `is_dsp` = 0 ORDER BY rand() LIMIT 0,10 [ RunTime:0.009393s ]
[2022-09-08 00:15:22][sql] SHOW FULL COLUMNS FROM `ds_system_admin` [ RunTime:0.001044s ]
[2022-09-08 00:15:22][sql] SELECT * FROM `ds_system_admin` WHERE (  `id` = 182 ) AND `ds_system_admin`.`delete_time` IS NULL LIMIT 1 [ RunTime:0.000471s ]
[2022-09-08 00:15:22][sql] SELECT * FROM `ds_system_admin` WHERE (  `id` = 182 ) AND `ds_system_admin`.`delete_time` IS NULL LIMIT 1 [ RunTime:0.000371s ]
[2022-09-08 00:15:22][sql] SELECT `value` FROM `ds_system_config` WHERE  `group` = 'short_video'  AND `name` = 'dspsk' LIMIT 1 [ RunTime:0.000276s ]
[2022-09-08 00:15:22][sql] SELECT `value` FROM `ds_system_config` WHERE  `group` = 'short_video'  AND `name` = 'ppvd_params' LIMIT 1 [ RunTime:0.000275s ]
[2022-09-08 00:15:23][sql] CONNECT:[ UseTime:0.001082s ] mysql:host=127.0.0.1;port=3306;dbname=webs;charset=utf8
[2022-09-08 00:15:23][sql] SHOW FULL COLUMNS FROM `ds_domain_rule` [ RunTime:0.001596s ]
[2022-09-08 00:15:23][sql] SELECT * FROM `ds_domain_rule` WHERE  `status` = 1  AND `uid` = 182  AND `type` = 1 LIMIT 1 [ RunTime:0.000789s ]
[2022-09-08 00:15:23][sql] SELECT * FROM `ds_domain_rule` WHERE  `status` = 1  AND `type` = 1  AND `uid` = 10086 LIMIT 1 [ RunTime:0.000388s ]
[2022-09-08 00:15:23][sql] SHOW FULL COLUMNS FROM `ds_system_config` [ RunTime:0.000795s ]
[2022-09-08 00:15:23][sql] SELECT `value` FROM `ds_system_config` WHERE  `group` = 'ff'  AND `name` = 'ff_fix' LIMIT 1 [ RunTime:0.000384s ]
[2022-09-08 00:15:23][sql] SHOW FULL COLUMNS FROM `ds_payed_show` [ RunTime:0.000857s ]
[2022-09-08 00:15:23][sql] SELECT * FROM `ds_payed_show` WHERE  `uid` = 182  AND `expire` > 1662567323  AND (  (  ( ua = 'dfacb08dcb3b7ee3bbadf50df2646b5a')  ) ) [ RunTime:0.034640s ]
[2022-09-08 00:15:23][sql] SHOW FULL COLUMNS FROM `ds_stock` [ RunTime:0.001377s ]
[2022-09-08 00:15:23][sql] SELECT COUNT(*) AS think_count FROM `ds_stock` WHERE  `id` = 36818  AND `is_dsp` = 0 LIMIT 1 [ RunTime:0.000493s ]
[2022-09-08 00:15:23][sql] SELECT `id`,`cid`,`url`,`title`,`image`,`time` FROM `ds_stock` WHERE  `id` = 36818  AND `is_dsp` = 0 ORDER BY rand() LIMIT 0,10 [ RunTime:0.000326s ]
[2022-09-08 00:15:23][sql] SHOW FULL COLUMNS FROM `ds_system_admin` [ RunTime:0.000833s ]
[2022-09-08 00:15:23][sql] SELECT * FROM `ds_system_admin` WHERE (  `id` = 182 ) AND `ds_system_admin`.`delete_time` IS NULL LIMIT 1 [ RunTime:0.000520s ]
[2022-09-08 00:15:23][sql] SELECT * FROM `ds_system_admin` WHERE (  `id` = 182 ) AND `ds_system_admin`.`delete_time` IS NULL LIMIT 1 [ RunTime:0.000415s ]
[2022-09-08 00:15:23][sql] SELECT `value` FROM `ds_system_config` WHERE  `group` = 'short_video'  AND `name` = 'dspsk' LIMIT 1 [ RunTime:0.000374s ]
[2022-09-08 00:15:23][sql] SELECT `value` FROM `ds_system_config` WHERE  `group` = 'short_video'  AND `name` = 'ppvd_params' LIMIT 1 [ RunTime:0.000286s ]
[2022-09-08 00:15:37][sql] CONNECT:[ UseTime:0.000498s ] mysql:host=127.0.0.1;port=3306;dbname=webs;charset=utf8
[2022-09-08 00:15:37][sql] SHOW FULL COLUMNS FROM `ds_domain_rule` [ RunTime:0.000968s ]
[2022-09-08 00:15:37][sql] SELECT * FROM `ds_domain_rule` WHERE  `status` = 1  AND `uid` = 182  AND `type` = 1 LIMIT 1 [ RunTime:0.000521s ]
[2022-09-08 00:15:37][sql] SELECT * FROM `ds_domain_rule` WHERE  `status` = 1  AND `type` = 1  AND `uid` = 10086 LIMIT 1 [ RunTime:0.000297s ]
[2022-09-08 00:15:37][sql] SHOW FULL COLUMNS FROM `ds_system_config` [ RunTime:0.000826s ]
[2022-09-08 00:15:37][sql] SELECT `value` FROM `ds_system_config` WHERE  `group` = 'ff'  AND `name` = 'ff_fix' LIMIT 1 [ RunTime:0.000380s ]
[2022-09-08 00:15:37][sql] SHOW FULL COLUMNS FROM `ds_payed_show` [ RunTime:0.000755s ]
[2022-09-08 00:15:37][sql] SELECT * FROM `ds_payed_show` WHERE  `uid` = 182  AND `expire` > 1662567337  AND (  (  ( ua = 'dfacb08dcb3b7ee3bbadf50df2646b5a')  ) ) [ RunTime:0.034388s ]
[2022-09-08 00:15:37][sql] SHOW FULL COLUMNS FROM `ds_stock` [ RunTime:0.001070s ]
[2022-09-08 00:15:37][sql] SELECT COUNT(*) AS think_count FROM `ds_stock` WHERE  `is_dsp` = 0 LIMIT 1 [ RunTime:0.001972s ]
[2022-09-08 00:15:37][sql] SELECT `id`,`cid`,`url`,`title`,`image`,`time` FROM `ds_stock` WHERE  `is_dsp` = 0 ORDER BY rand() LIMIT 0,10 [ RunTime:0.010946s ]
[2022-09-08 00:15:37][sql] SHOW FULL COLUMNS FROM `ds_system_admin` [ RunTime:0.001084s ]
[2022-09-08 00:15:37][sql] SELECT * FROM `ds_system_admin` WHERE (  `id` = 182 ) AND `ds_system_admin`.`delete_time` IS NULL LIMIT 1 [ RunTime:0.000504s ]
[2022-09-08 00:15:37][sql] SELECT * FROM `ds_system_admin` WHERE (  `id` = 182 ) AND `ds_system_admin`.`delete_time` IS NULL LIMIT 1 [ RunTime:0.000416s ]
[2022-09-08 00:15:37][sql] SELECT `value` FROM `ds_system_config` WHERE  `group` = 'short_video'  AND `name` = 'dspsk' LIMIT 1 [ RunTime:0.000326s ]
[2022-09-08 00:15:37][sql] SELECT `value` FROM `ds_system_config` WHERE  `group` = 'short_video'  AND `name` = 'ppvd_params' LIMIT 1 [ RunTime:0.000359s ]
[2022-09-08 00:15:38][sql] CONNECT:[ UseTime:0.000650s ] mysql:host=127.0.0.1;port=3306;dbname=webs;charset=utf8
[2022-09-08 00:15:38][sql] SHOW FULL COLUMNS FROM `ds_system_admin` [ RunTime:0.001399s ]
[2022-09-08 00:15:38][sql] SELECT * FROM `ds_system_admin` WHERE (  `id` = 182 ) AND `ds_system_admin`.`delete_time` IS NULL LIMIT 1 [ RunTime:0.000607s ]
[2022-09-08 00:15:38][sql] SELECT * FROM `ds_system_admin` WHERE (  `id` = 182 ) AND `ds_system_admin`.`delete_time` IS NULL LIMIT 1 [ RunTime:0.000381s ]
[2022-09-08 00:15:38][sql] SHOW FULL COLUMNS FROM `ds_stock` [ RunTime:0.000905s ]
[2022-09-08 00:15:38][sql] SELECT * FROM `ds_stock` WHERE  `id` = 39203 LIMIT 1 [ RunTime:0.000297s ]
[2022-09-08 00:15:38][sql] SHOW FULL COLUMNS FROM `ds_system_config` [ RunTime:0.000713s ]
[2022-09-08 00:15:38][sql] SELECT `value` FROM `ds_system_config` WHERE  `group` = 'pay'  AND `name` = 'pay_type' LIMIT 1 [ RunTime:0.000290s ]
[2022-09-08 00:15:38][sql] SHOW FULL COLUMNS FROM `ds_price` [ RunTime:0.000751s ]
[2022-09-08 00:15:38][sql] SELECT * FROM `ds_price` WHERE  `pay_model` = '1'  AND `uid` = 182 [ RunTime:0.000563s ]
[2022-09-08 00:15:38][sql] SELECT * FROM `ds_price` WHERE  `pay_model` = '2'  AND `uid` = 182 [ RunTime:0.000565s ]
[2022-09-08 00:15:38][sql] SELECT * FROM `ds_system_admin` WHERE (  `id` = 1 ) AND `ds_system_admin`.`delete_time` IS NULL LIMIT 1 [ RunTime:0.000436s ]
[2022-09-08 00:15:38][sql] SELECT * FROM `ds_system_admin` WHERE (  `id` = 1 ) AND `ds_system_admin`.`delete_time` IS NULL LIMIT 1 [ RunTime:0.000381s ]
[2022-09-08 00:15:38][sql] SHOW FULL COLUMNS FROM `ds_pay_setting` [ RunTime:0.000929s ]
[2022-09-08 00:15:38][sql] SELECT `pay_fudong` FROM `ds_pay_setting` WHERE  `pay_model` = 'chuanqi' LIMIT 1 [ RunTime:0.000323s ]
[2022-09-08 00:15:38][sql] SELECT `pay_fudong` FROM `ds_pay_setting` WHERE  `pay_model` = 'jiuyizf_wx' LIMIT 1 [ RunTime:0.000274s ]
[2022-09-08 00:15:38][sql] SELECT `value` FROM `ds_system_config` WHERE  `group` = 'jg'  AND `name` = 'jg_topen' LIMIT 1 [ RunTime:0.000337s ]
[2022-09-08 00:15:38][sql] SELECT `value` FROM `ds_system_config` WHERE  `group` = 'jg'  AND `name` = 'jp_wopen' LIMIT 1 [ RunTime:0.000293s ]
[2022-09-08 00:15:38][sql] SELECT `value` FROM `ds_system_config` WHERE  `group` = 'jg'  AND `name` = 'jg_yopen' LIMIT 1 [ RunTime:0.000306s ]
[2022-09-08 00:15:38][sql] SELECT `value` FROM `ds_system_config` WHERE  `group` = 'jg'  AND `name` = 'jg_topen' LIMIT 1 [ RunTime:0.000272s ]
[2022-09-08 00:15:38][sql] SELECT `value` FROM `ds_system_config` WHERE  `group` = 'jg'  AND `name` = 'jp_wopen' LIMIT 1 [ RunTime:0.000300s ]
[2022-09-08 00:15:38][sql] SELECT `value` FROM `ds_system_config` WHERE  `group` = 'jg'  AND `name` = 'jg_yopen' LIMIT 1 [ RunTime:0.000268s ]
[2022-09-08 00:18:13][sql] CONNECT:[ UseTime:0.000950s ] mysql:host=127.0.0.1;port=3306;dbname=webs;charset=utf8
[2022-09-08 00:18:13][sql] SHOW FULL COLUMNS FROM `ds_system_config` [ RunTime:0.001946s ]
[2022-09-08 00:18:13][sql] SELECT * FROM `ds_system_config` WHERE  `name` = 'zbkg' LIMIT 1 [ RunTime:0.000513s ]
[2022-09-08 00:18:13][sql] SELECT * FROM `ds_system_config` WHERE  `name` = 'zb_t_img' LIMIT 1 [ RunTime:0.000356s ]
[2022-09-08 00:18:13][sql] SHOW FULL COLUMNS FROM `ds_payed_show` [ RunTime:0.001032s ]
[2022-09-08 00:18:13][sql] SELECT * FROM `ds_payed_show` WHERE  `ua` = 'dfacb08dcb3b7ee3bbadf50df2646b5a'  AND `is_date` = 2  AND `expire` > 1662567493 LIMIT 1 [ RunTime:0.054826s ]
[2022-09-08 00:18:13][sql] SELECT `value` FROM `ds_system_config` WHERE  `group` = 'ff'  AND `name` = 'ff_pc' LIMIT 1 [ RunTime:0.000689s ]
[2022-09-08 00:18:13][sql] SELECT `value` FROM `ds_system_config` WHERE  `group` = 'short_video'  AND `name` = 'dsp_notify' LIMIT 1 [ RunTime:0.000393s ]
[2022-09-08 00:18:13][sql] SELECT `value` FROM `ds_system_config` WHERE  `group` = 'short_video'  AND `name` = 'shar_box_text' LIMIT 1 [ RunTime:0.000339s ]
[2022-09-08 00:18:13][sql] SELECT `value` FROM `ds_system_config` WHERE  `group` = 'short_video'  AND `name` = 'rvery_point' LIMIT 1 [ RunTime:0.000411s ]
[2022-09-08 00:18:13][sql] SELECT `value` FROM `ds_system_config` WHERE  `group` = 'short_video'  AND `name` = 'zbwl' LIMIT 1 [ RunTime:0.000303s ]
[2022-09-08 00:18:13][sql] SELECT `value` FROM `ds_system_config` WHERE  `group` = 'short_video'  AND `name` = 'dspsk' LIMIT 1 [ RunTime:0.000336s ]
[2022-09-08 00:18:13][sql] SHOW FULL COLUMNS FROM `ds_system_admin` [ RunTime:0.001724s ]
[2022-09-08 00:18:13][sql] SELECT * FROM `ds_system_admin` WHERE (  `id` = 182 ) AND `ds_system_admin`.`delete_time` IS NULL LIMIT 1 [ RunTime:0.000768s ]
[2022-09-08 00:18:13][sql] SELECT * FROM `ds_system_admin` WHERE (  `id` = 182 ) AND `ds_system_admin`.`delete_time` IS NULL LIMIT 1 [ RunTime:0.000602s ]
[2022-09-08 00:18:13][sql] SHOW FULL COLUMNS FROM `ds_domain_rule` [ RunTime:0.001335s ]
[2022-09-08 00:18:13][sql] SELECT * FROM `ds_domain_rule` WHERE  `status` = 1  AND `uid` = 182  AND `type` = 1 LIMIT 1 [ RunTime:0.000568s ]
[2022-09-08 00:18:13][sql] SELECT * FROM `ds_domain_rule` WHERE  `status` = 1  AND `type` = 1  AND `uid` = 10086 LIMIT 1 [ RunTime:0.000378s ]
[2022-09-08 00:18:13][sql] SELECT `value` FROM `ds_system_config` WHERE  `group` = 'ff'  AND `name` = 'ff_fix' LIMIT 1 [ RunTime:0.000424s ]
[2022-09-08 00:18:15][sql] CONNECT:[ UseTime:0.000544s ] mysql:host=127.0.0.1;port=3306;dbname=webs;charset=utf8
[2022-09-08 00:18:15][sql] SHOW FULL COLUMNS FROM `ds_pay_order` [ RunTime:0.001118s ]
[2022-09-08 00:18:15][sql] SELECT * FROM `ds_pay_order` WHERE  `transact` = '202209080015412620' LIMIT 1 [ RunTime:0.000497s ]
[2022-09-08 00:18:15][error] [0]Call to undefined method Endroid\QrCode\QrCode::getContentType()[/www/wwwroot/110.42.64.249/app/index/controller/Index.php:1011]
[2022-09-08 00:18:15][sql] CONNECT:[ UseTime:0.000420s ] mysql:host=127.0.0.1;port=3306;dbname=webs;charset=utf8
[2022-09-08 00:18:15][sql] SHOW FULL COLUMNS FROM `ds_domain_rule` [ RunTime:0.000817s ]
[2022-09-08 00:18:15][sql] SELECT * FROM `ds_domain_rule` WHERE  `status` = 1  AND `uid` = 182  AND `type` = 1 LIMIT 1 [ RunTime:0.000307s ]
[2022-09-08 00:18:15][sql] SELECT * FROM `ds_domain_rule` WHERE  `status` = 1  AND `type` = 1  AND `uid` = 10086 LIMIT 1 [ RunTime:0.000262s ]
[2022-09-08 00:18:15][sql] SHOW FULL COLUMNS FROM `ds_system_config` [ RunTime:0.000701s ]
[2022-09-08 00:18:15][sql] SELECT `value` FROM `ds_system_config` WHERE  `group` = 'ff'  AND `name` = 'ff_fix' LIMIT 1 [ RunTime:0.000241s ]
[2022-09-08 00:18:15][sql] SHOW FULL COLUMNS FROM `ds_payed_show` [ RunTime:0.000742s ]
[2022-09-08 00:18:15][sql] SELECT * FROM `ds_payed_show` WHERE  `uid` = 182  AND `expire` > 1662567495  AND (  (  ( ua = 'dfacb08dcb3b7ee3bbadf50df2646b5a')  ) ) [ RunTime:0.035540s ]
[2022-09-08 00:18:15][sql] SHOW FULL COLUMNS FROM `ds_stock` [ RunTime:0.000941s ]
[2022-09-08 00:18:15][sql] SELECT COUNT(*) AS think_count FROM `ds_stock` WHERE  `is_dsp` = 0 LIMIT 1 [ RunTime:0.002756s ]
[2022-09-08 00:18:15][sql] SELECT `id`,`cid`,`url`,`title`,`image`,`time` FROM `ds_stock` WHERE  `is_dsp` = 0 ORDER BY rand() LIMIT 0,10 [ RunTime:0.015977s ]
[2022-09-08 00:18:15][sql] SHOW FULL COLUMNS FROM `ds_system_admin` [ RunTime:0.001006s ]
[2022-09-08 00:18:15][sql] SELECT * FROM `ds_system_admin` WHERE (  `id` = 182 ) AND `ds_system_admin`.`delete_time` IS NULL LIMIT 1 [ RunTime:0.000407s ]
[2022-09-08 00:18:15][sql] SELECT * FROM `ds_system_admin` WHERE (  `id` = 182 ) AND `ds_system_admin`.`delete_time` IS NULL LIMIT 1 [ RunTime:0.000327s ]
[2022-09-08 00:18:15][sql] SELECT `value` FROM `ds_system_config` WHERE  `group` = 'short_video'  AND `name` = 'dspsk' LIMIT 1 [ RunTime:0.000226s ]
[2022-09-08 00:18:15][sql] SELECT `value` FROM `ds_system_config` WHERE  `group` = 'short_video'  AND `name` = 'ppvd_params' LIMIT 1 [ RunTime:0.000234s ]
[2022-09-08 00:18:15][sql] CONNECT:[ UseTime:0.000460s ] mysql:host=127.0.0.1;port=3306;dbname=webs;charset=utf8
[2022-09-08 00:18:15][sql] SHOW FULL COLUMNS FROM `ds_complain` [ RunTime:0.000931s ]
[2022-09-08 00:18:15][sql] SELECT * FROM `ds_complain` WHERE  `ip` = '124.152.241.21' LIMIT 1 [ RunTime:0.000328s ]
[2022-09-08 00:18:15][sql] SHOW FULL COLUMNS FROM `ds_stock` [ RunTime:0.000694s ]
[2022-09-08 00:18:15][sql] SELECT * FROM `ds_stock` WHERE  `id` = 39203 LIMIT 1 [ RunTime:0.000272s ]
[2022-09-08 00:18:15][sql] SHOW FULL COLUMNS FROM `ds_payed_show` [ RunTime:0.000765s ]
[2022-09-08 00:18:15][sql] SELECT * FROM `ds_payed_show` WHERE  `uid` = 182  AND `expire` > 1662567495  AND (  (  ( ua = 'dfacb08dcb3b7ee3bbadf50df2646b5a')  ) ) [ RunTime:0.033386s ]
[2022-09-08 00:18:15][sql] SELECT * FROM `ds_payed_show` WHERE  `vid` = 39203  AND `expire` > 1662567495  AND `uid` = 182  AND (  `ip` = '124.152.241.21'  OR `ua` = 'dfacb08dcb3b7ee3bbadf50df2646b5a' ) LIMIT 1 [ RunTime:0.035567s ]
[2022-09-08 01:13:59][sql] CONNECT:[ UseTime:0.000803s ] mysql:host=127.0.0.1;port=3306;dbname=webs;charset=utf8
[2022-09-08 01:13:59][sql] SHOW FULL COLUMNS FROM `ds_hezi` [ RunTime:0.001364s ]
[2022-09-08 01:13:59][sql] SELECT * FROM `ds_hezi` WHERE  `id` = 1315 LIMIT 1 [ RunTime:0.000460s ]
[2022-09-08 01:13:59][sql] SHOW FULL COLUMNS FROM `ds_tj` [ RunTime:0.000752s ]
[2022-09-08 01:13:59][sql] SELECT * FROM `ds_tj` WHERE  `ua` = 'ed6c082c8e14e34de35f4738c7f101ed' LIMIT 1 [ RunTime:0.000395s ]
[2022-09-08 01:13:59][sql] INSERT INTO `ds_tj` SET `uid` = 182 , `create_time` = 1662570839 , `ua` = 'ed6c082c8e14e34de35f4738c7f101ed' [ RunTime:0.001611s ]
[2022-09-08 01:13:59][sql] SHOW FULL COLUMNS FROM `ds_complain` [ RunTime:0.001164s ]
[2022-09-08 01:13:59][sql] SELECT * FROM `ds_complain` WHERE  `ip` = '124.152.241.21' [ RunTime:0.000451s ]
[2022-09-08 01:13:59][sql] SHOW FULL COLUMNS FROM `ds_system_config` [ RunTime:0.000821s ]
[2022-09-08 01:13:59][sql] SELECT `value` FROM `ds_system_config` WHERE  `group` = 'ff'  AND `name` = 'ff_pc' LIMIT 1 [ RunTime:0.000419s ]
[2022-09-08 01:13:59][sql] SHOW FULL COLUMNS FROM `ds_system_admin` [ RunTime:0.000835s ]
[2022-09-08 01:13:59][sql] SELECT * FROM `ds_system_admin` WHERE (  `id` = 182 ) AND `ds_system_admin`.`delete_time` IS NULL LIMIT 1 [ RunTime:0.000501s ]
[2022-09-08 01:13:59][sql] SELECT * FROM `ds_system_admin` WHERE (  `id` = 182 ) AND `ds_system_admin`.`delete_time` IS NULL LIMIT 1 [ RunTime:0.000416s ]
[2022-09-08 01:13:59][sql] SELECT * FROM `ds_hezi` WHERE  `id` = 1315 LIMIT 1 [ RunTime:0.000303s ]
[2022-09-08 01:13:59][sql] SHOW FULL COLUMNS FROM `ds_domain_rule` [ RunTime:0.000957s ]
[2022-09-08 01:13:59][sql] SELECT * FROM `ds_domain_rule` WHERE  `status` = 1  AND `uid` = 182  AND `type` = 2 LIMIT 1 [ RunTime:0.000477s ]
[2022-09-08 01:13:59][sql] SELECT * FROM `ds_domain_rule` WHERE  `status` = 1  AND `type` = 2  AND `uid` = 10086 LIMIT 1 [ RunTime:0.000332s ]
[2022-09-08 01:13:59][sql] SELECT `value` FROM `ds_system_config` WHERE  `group` = 'ff'  AND `name` = 'ff_fix' LIMIT 1 [ RunTime:0.000358s ]
[2022-09-08 01:13:59][sql] CONNECT:[ UseTime:0.000599s ] mysql:host=127.0.0.1;port=3306;dbname=webs;charset=utf8
[2022-09-08 01:13:59][sql] SHOW FULL COLUMNS FROM `ds_hezi` [ RunTime:0.001271s ]
[2022-09-08 01:13:59][sql] SELECT * FROM `ds_hezi` WHERE  `id` = 1315 LIMIT 1 [ RunTime:0.000454s ]
[2022-09-08 01:13:59][sql] SHOW FULL COLUMNS FROM `ds_user_point` [ RunTime:0.000772s ]
[2022-09-08 01:13:59][sql] SELECT * FROM `ds_user_point` WHERE  `ua` = '430bc3701308aebf4c6a840638fe82da' LIMIT 1 [ RunTime:0.043004s ]
[2022-09-08 01:13:59][sql] SHOW FULL COLUMNS FROM `ds_system_config` [ RunTime:0.000993s ]
[2022-09-08 01:13:59][sql] SELECT `value` FROM `ds_system_config` WHERE  `group` = 'short_video'  AND `name` = 'add_point' LIMIT 1 [ RunTime:0.000448s ]
[2022-09-08 01:13:59][sql] INSERT INTO `ds_user_point` SET `ua` = '430bc3701308aebf4c6a840638fe82da' , `point` = 10 , `time` = '2022-09-08 01:13:59' [ RunTime:0.001278s ]
[2022-09-08 01:14:00][sql] CONNECT:[ UseTime:0.000687s ] mysql:host=127.0.0.1;port=3306;dbname=webs;charset=utf8
[2022-09-08 01:14:00][sql] SHOW FULL COLUMNS FROM `ds_category` [ RunTime:0.001099s ]
[2022-09-08 01:14:00][sql] SELECT `id`,`image`,ctitle as title FROM `ds_category` WHERE `ds_category`.`delete_time` IS NULL LIMIT 910 [ RunTime:0.000318s ]
[2022-09-08 01:14:00][sql] CONNECT:[ UseTime:0.000466s ] mysql:host=127.0.0.1;port=3306;dbname=webs;charset=utf8
[2022-09-08 01:14:00][sql] SHOW FULL COLUMNS FROM `ds_system_config` [ RunTime:0.001037s ]
[2022-09-08 01:14:00][sql] SELECT * FROM `ds_system_config` WHERE  `name` = 'zbkg' LIMIT 1 [ RunTime:0.000335s ]
[2022-09-08 01:14:00][sql] SELECT * FROM `ds_system_config` WHERE  `name` = 'zb_t_img' LIMIT 1 [ RunTime:0.000258s ]
[2022-09-08 01:14:00][sql] SHOW FULL COLUMNS FROM `ds_payed_show` [ RunTime:0.000771s ]
[2022-09-08 01:14:00][sql] SELECT * FROM `ds_payed_show` WHERE  `ua` = '430bc3701308aebf4c6a840638fe82da'  AND `is_date` = 2  AND `expire` > 1662570840 LIMIT 1 [ RunTime:0.065215s ]
[2022-09-08 01:14:00][sql] SELECT `value` FROM `ds_system_config` WHERE  `group` = 'ff'  AND `name` = 'ff_pc' LIMIT 1 [ RunTime:0.000352s ]
[2022-09-08 01:14:00][sql] SELECT `value` FROM `ds_system_config` WHERE  `group` = 'short_video'  AND `name` = 'dsp_notify' LIMIT 1 [ RunTime:0.000259s ]
[2022-09-08 01:14:00][sql] SELECT `value` FROM `ds_system_config` WHERE  `group` = 'short_video'  AND `name` = 'shar_box_text' LIMIT 1 [ RunTime:0.000221s ]
[2022-09-08 01:14:00][sql] SELECT `value` FROM `ds_system_config` WHERE  `group` = 'short_video'  AND `name` = 'rvery_point' LIMIT 1 [ RunTime:0.000240s ]
[2022-09-08 01:14:00][sql] SELECT `value` FROM `ds_system_config` WHERE  `group` = 'short_video'  AND `name` = 'zbwl' LIMIT 1 [ RunTime:0.000233s ]
[2022-09-08 01:14:00][sql] SELECT `value` FROM `ds_system_config` WHERE  `group` = 'short_video'  AND `name` = 'dspsk' LIMIT 1 [ RunTime:0.000221s ]
[2022-09-08 01:14:00][sql] SHOW FULL COLUMNS FROM `ds_system_admin` [ RunTime:0.001008s ]
[2022-09-08 01:14:00][sql] SELECT * FROM `ds_system_admin` WHERE (  `id` = 182 ) AND `ds_system_admin`.`delete_time` IS NULL LIMIT 1 [ RunTime:0.000370s ]
[2022-09-08 01:14:00][sql] SELECT * FROM `ds_system_admin` WHERE (  `id` = 182 ) AND `ds_system_admin`.`delete_time` IS NULL LIMIT 1 [ RunTime:0.000297s ]
[2022-09-08 01:14:00][sql] SHOW FULL COLUMNS FROM `ds_domain_rule` [ RunTime:0.000788s ]
[2022-09-08 01:14:00][sql] SELECT * FROM `ds_domain_rule` WHERE  `status` = 1  AND `uid` = 182  AND `type` = 1 LIMIT 1 [ RunTime:0.000286s ]
[2022-09-08 01:14:00][sql] SELECT * FROM `ds_domain_rule` WHERE  `status` = 1  AND `type` = 1  AND `uid` = 10086 LIMIT 1 [ RunTime:0.000247s ]
[2022-09-08 01:14:00][sql] SELECT `value` FROM `ds_system_config` WHERE  `group` = 'ff'  AND `name` = 'ff_fix' LIMIT 1 [ RunTime:0.000222s ]
[2022-09-08 01:14:00][sql] CONNECT:[ UseTime:0.000495s ] mysql:host=127.0.0.1;port=3306;dbname=webs;charset=utf8
[2022-09-08 01:14:00][sql] SHOW FULL COLUMNS FROM `ds_domain_rule` [ RunTime:0.001003s ]
[2022-09-08 01:14:00][sql] SELECT * FROM `ds_domain_rule` WHERE  `status` = 1  AND `uid` = 182  AND `type` = 1 LIMIT 1 [ RunTime:0.000411s ]
[2022-09-08 01:14:00][sql] SELECT * FROM `ds_domain_rule` WHERE  `status` = 1  AND `type` = 1  AND `uid` = 10086 LIMIT 1 [ RunTime:0.000312s ]
[2022-09-08 01:14:00][sql] SHOW FULL COLUMNS FROM `ds_system_config` [ RunTime:0.000778s ]
[2022-09-08 01:14:00][sql] SELECT `value` FROM `ds_system_config` WHERE  `group` = 'ff'  AND `name` = 'ff_fix' LIMIT 1 [ RunTime:0.000316s ]
[2022-09-08 01:14:00][sql] SHOW FULL COLUMNS FROM `ds_payed_show` [ RunTime:0.000759s ]
[2022-09-08 01:14:00][sql] SELECT * FROM `ds_payed_show` WHERE  `uid` = 182  AND `expire` > 1662570840  AND (  (  ( ua = '430bc3701308aebf4c6a840638fe82da')  ) ) [ RunTime:0.034557s ]
[2022-09-08 01:14:00][sql] SHOW FULL COLUMNS FROM `ds_stock` [ RunTime:0.001094s ]
[2022-09-08 01:14:00][sql] SELECT COUNT(*) AS think_count FROM `ds_stock` WHERE  `is_dsp` = 0 LIMIT 1 [ RunTime:0.003017s ]
[2022-09-08 01:14:00][sql] SELECT `id`,`cid`,`url`,`title`,`image`,`time` FROM `ds_stock` WHERE  `is_dsp` = 0 ORDER BY rand() LIMIT 0,10 [ RunTime:0.011067s ]
[2022-09-08 01:14:00][sql] SHOW FULL COLUMNS FROM `ds_system_admin` [ RunTime:0.001121s ]
[2022-09-08 01:14:00][sql] SELECT * FROM `ds_system_admin` WHERE (  `id` = 182 ) AND `ds_system_admin`.`delete_time` IS NULL LIMIT 1 [ RunTime:0.000549s ]
[2022-09-08 01:14:00][sql] SELECT * FROM `ds_system_admin` WHERE (  `id` = 182 ) AND `ds_system_admin`.`delete_time` IS NULL LIMIT 1 [ RunTime:0.000371s ]
[2022-09-08 01:14:00][sql] SELECT `value` FROM `ds_system_config` WHERE  `group` = 'short_video'  AND `name` = 'dspsk' LIMIT 1 [ RunTime:0.000274s ]
[2022-09-08 01:14:00][sql] SELECT `value` FROM `ds_system_config` WHERE  `group` = 'short_video'  AND `name` = 'ppvd_params' LIMIT 1 [ RunTime:0.000293s ]
[2022-09-08 01:14:01][sql] CONNECT:[ UseTime:0.000686s ] mysql:host=127.0.0.1;port=3306;dbname=webs;charset=utf8
[2022-09-08 01:14:01][sql] SHOW FULL COLUMNS FROM `ds_domain_rule` [ RunTime:0.001046s ]
[2022-09-08 01:14:01][sql] SELECT * FROM `ds_domain_rule` WHERE  `status` = 1  AND `uid` = 182  AND `type` = 1 LIMIT 1 [ RunTime:0.000494s ]
[2022-09-08 01:14:01][sql] SELECT * FROM `ds_domain_rule` WHERE  `status` = 1  AND `type` = 1  AND `uid` = 10086 LIMIT 1 [ RunTime:0.000366s ]
[2022-09-08 01:14:01][sql] SHOW FULL COLUMNS FROM `ds_system_config` [ RunTime:0.000955s ]
[2022-09-08 01:14:01][sql] SELECT `value` FROM `ds_system_config` WHERE  `group` = 'ff'  AND `name` = 'ff_fix' LIMIT 1 [ RunTime:0.000286s ]
[2022-09-08 01:14:01][sql] SHOW FULL COLUMNS FROM `ds_payed_show` [ RunTime:0.000746s ]
[2022-09-08 01:14:01][sql] SELECT * FROM `ds_payed_show` WHERE  `uid` = 182  AND `expire` > 1662570841  AND (  (  ( ua = '430bc3701308aebf4c6a840638fe82da')  ) ) [ RunTime:0.034493s ]
[2022-09-08 01:14:01][sql] SHOW FULL COLUMNS FROM `ds_stock` [ RunTime:0.001207s ]
[2022-09-08 01:14:01][sql] SELECT COUNT(*) AS think_count FROM `ds_stock` WHERE  0 = 1  AND `is_dsp` = 0 LIMIT 1 [ RunTime:0.000426s ]
[2022-09-08 01:14:01][sql] SHOW FULL COLUMNS FROM `ds_system_admin` [ RunTime:0.000952s ]
[2022-09-08 01:14:01][sql] SELECT * FROM `ds_system_admin` WHERE (  `id` = 182 ) AND `ds_system_admin`.`delete_time` IS NULL LIMIT 1 [ RunTime:0.000621s ]
[2022-09-08 01:14:01][sql] SELECT * FROM `ds_system_admin` WHERE (  `id` = 182 ) AND `ds_system_admin`.`delete_time` IS NULL LIMIT 1 [ RunTime:0.000412s ]
[2022-09-08 01:14:01][sql] SELECT `value` FROM `ds_system_config` WHERE  `group` = 'short_video'  AND `name` = 'dspsk' LIMIT 1 [ RunTime:0.000342s ]
[2022-09-08 01:14:01][sql] SELECT `value` FROM `ds_system_config` WHERE  `group` = 'short_video'  AND `name` = 'ppvd_params' LIMIT 1 [ RunTime:0.000221s ]
[2022-09-08 01:14:04][sql] CONNECT:[ UseTime:0.000685s ] mysql:host=127.0.0.1;port=3306;dbname=webs;charset=utf8
[2022-09-08 01:14:04][sql] SHOW FULL COLUMNS FROM `ds_system_config` [ RunTime:0.001456s ]
[2022-09-08 01:14:04][sql] SELECT * FROM `ds_system_config` WHERE  `name` = 'zbkg' LIMIT 1 [ RunTime:0.000437s ]
[2022-09-08 01:14:04][sql] SELECT * FROM `ds_system_config` WHERE  `name` = 'zb_t_img' LIMIT 1 [ RunTime:0.000283s ]
[2022-09-08 01:14:04][sql] SHOW FULL COLUMNS FROM `ds_payed_show` [ RunTime:0.000771s ]
[2022-09-08 01:14:04][sql] SELECT * FROM `ds_payed_show` WHERE  `ua` = '430bc3701308aebf4c6a840638fe82da'  AND `is_date` = 2  AND `expire` > 1662570844 LIMIT 1 [ RunTime:0.035130s ]
[2022-09-08 01:14:04][sql] SELECT `value` FROM `ds_system_config` WHERE  `group` = 'ff'  AND `name` = 'ff_pc' LIMIT 1 [ RunTime:0.000356s ]
[2022-09-08 01:14:04][sql] SELECT `value` FROM `ds_system_config` WHERE  `group` = 'short_video'  AND `name` = 'dsp_notify' LIMIT 1 [ RunTime:0.000216s ]
[2022-09-08 01:14:04][sql] SELECT `value` FROM `ds_system_config` WHERE  `group` = 'short_video'  AND `name` = 'shar_box_text' LIMIT 1 [ RunTime:0.000231s ]
[2022-09-08 01:14:04][sql] SELECT `value` FROM `ds_system_config` WHERE  `group` = 'short_video'  AND `name` = 'rvery_point' LIMIT 1 [ RunTime:0.000205s ]
[2022-09-08 01:14:04][sql] SELECT `value` FROM `ds_system_config` WHERE  `group` = 'short_video'  AND `name` = 'zbwl' LIMIT 1 [ RunTime:0.000213s ]
[2022-09-08 01:14:04][sql] SELECT `value` FROM `ds_system_config` WHERE  `group` = 'short_video'  AND `name` = 'dspsk' LIMIT 1 [ RunTime:0.000248s ]
[2022-09-08 01:14:04][sql] SHOW FULL COLUMNS FROM `ds_system_admin` [ RunTime:0.000996s ]
[2022-09-08 01:14:04][sql] SELECT * FROM `ds_system_admin` WHERE (  `id` = 182 ) AND `ds_system_admin`.`delete_time` IS NULL LIMIT 1 [ RunTime:0.000355s ]
[2022-09-08 01:14:04][sql] SELECT * FROM `ds_system_admin` WHERE (  `id` = 182 ) AND `ds_system_admin`.`delete_time` IS NULL LIMIT 1 [ RunTime:0.000333s ]
[2022-09-08 01:14:04][sql] SHOW FULL COLUMNS FROM `ds_domain_rule` [ RunTime:0.000904s ]
[2022-09-08 01:14:04][sql] SELECT * FROM `ds_domain_rule` WHERE  `status` = 1  AND `uid` = 182  AND `type` = 1 LIMIT 1 [ RunTime:0.000348s ]
[2022-09-08 01:14:04][sql] SELECT * FROM `ds_domain_rule` WHERE  `status` = 1  AND `type` = 1  AND `uid` = 10086 LIMIT 1 [ RunTime:0.000255s ]
[2022-09-08 01:14:04][sql] SELECT `value` FROM `ds_system_config` WHERE  `group` = 'ff'  AND `name` = 'ff_fix' LIMIT 1 [ RunTime:0.000221s ]
[2022-09-08 01:14:04][sql] CONNECT:[ UseTime:0.000498s ] mysql:host=127.0.0.1;port=3306;dbname=webs;charset=utf8
[2022-09-08 01:14:04][sql] SHOW FULL COLUMNS FROM `ds_category` [ RunTime:0.000835s ]
[2022-09-08 01:14:04][sql] SELECT `id`,`image`,ctitle as title FROM `ds_category` WHERE `ds_category`.`delete_time` IS NULL LIMIT 910 [ RunTime:0.000261s ]
[2022-09-08 01:14:04][sql] CONNECT:[ UseTime:0.000417s ] mysql:host=127.0.0.1;port=3306;dbname=webs;charset=utf8
[2022-09-08 01:14:04][sql] SHOW FULL COLUMNS FROM `ds_domain_rule` [ RunTime:0.000979s ]
[2022-09-08 01:14:04][sql] SELECT * FROM `ds_domain_rule` WHERE  `status` = 1  AND `uid` = 182  AND `type` = 1 LIMIT 1 [ RunTime:0.000315s ]
[2022-09-08 01:14:04][sql] SELECT * FROM `ds_domain_rule` WHERE  `status` = 1  AND `type` = 1  AND `uid` = 10086 LIMIT 1 [ RunTime:0.000265s ]
[2022-09-08 01:14:04][sql] SHOW FULL COLUMNS FROM `ds_system_config` [ RunTime:0.000741s ]
[2022-09-08 01:14:04][sql] SELECT `value` FROM `ds_system_config` WHERE  `group` = 'ff'  AND `name` = 'ff_fix' LIMIT 1 [ RunTime:0.000279s ]
[2022-09-08 01:14:04][sql] SHOW FULL COLUMNS FROM `ds_payed_show` [ RunTime:0.000740s ]
[2022-09-08 01:14:04][sql] SELECT * FROM `ds_payed_show` WHERE  `uid` = 182  AND `expire` > 1662570844  AND (  (  ( ua = '430bc3701308aebf4c6a840638fe82da')  ) ) [ RunTime:0.034703s ]
[2022-09-08 01:14:04][sql] SHOW FULL COLUMNS FROM `ds_stock` [ RunTime:0.001001s ]
[2022-09-08 01:14:04][sql] SELECT COUNT(*) AS think_count FROM `ds_stock` WHERE  `is_dsp` = 0 LIMIT 1 [ RunTime:0.001891s ]
[2022-09-08 01:14:04][sql] SELECT `id`,`cid`,`url`,`title`,`image`,`time` FROM `ds_stock` WHERE  `is_dsp` = 0 ORDER BY rand() LIMIT 0,10 [ RunTime:0.010641s ]
[2022-09-08 01:14:04][sql] SHOW FULL COLUMNS FROM `ds_system_admin` [ RunTime:0.000938s ]
[2022-09-08 01:14:04][sql] SELECT * FROM `ds_system_admin` WHERE (  `id` = 182 ) AND `ds_system_admin`.`delete_time` IS NULL LIMIT 1 [ RunTime:0.000482s ]
[2022-09-08 01:14:04][sql] SELECT * FROM `ds_system_admin` WHERE (  `id` = 182 ) AND `ds_system_admin`.`delete_time` IS NULL LIMIT 1 [ RunTime:0.000398s ]
[2022-09-08 01:14:04][sql] SELECT `value` FROM `ds_system_config` WHERE  `group` = 'short_video'  AND `name` = 'dspsk' LIMIT 1 [ RunTime:0.000275s ]
[2022-09-08 01:14:04][sql] SELECT `value` FROM `ds_system_config` WHERE  `group` = 'short_video'  AND `name` = 'ppvd_params' LIMIT 1 [ RunTime:0.000264s ]
[2022-09-08 01:14:09][sql] CONNECT:[ UseTime:0.000560s ] mysql:host=127.0.0.1;port=3306;dbname=webs;charset=utf8
[2022-09-08 01:14:09][sql] SHOW FULL COLUMNS FROM `ds_domain_rule` [ RunTime:0.001044s ]
[2022-09-08 01:14:09][sql] SELECT * FROM `ds_domain_rule` WHERE  `status` = 1  AND `uid` = 182  AND `type` = 1 LIMIT 1 [ RunTime:0.000375s ]
[2022-09-08 01:14:09][sql] SELECT * FROM `ds_domain_rule` WHERE  `status` = 1  AND `type` = 1  AND `uid` = 10086 LIMIT 1 [ RunTime:0.000353s ]
[2022-09-08 01:14:09][sql] SHOW FULL COLUMNS FROM `ds_system_config` [ RunTime:0.000944s ]
[2022-09-08 01:14:09][sql] SELECT `value` FROM `ds_system_config` WHERE  `group` = 'ff'  AND `name` = 'ff_fix' LIMIT 1 [ RunTime:0.000355s ]
[2022-09-08 01:14:09][sql] SHOW FULL COLUMNS FROM `ds_payed_show` [ RunTime:0.000804s ]
[2022-09-08 01:14:09][sql] SELECT * FROM `ds_payed_show` WHERE  `uid` = 182  AND `expire` > 1662570849  AND (  (  ( ua = '430bc3701308aebf4c6a840638fe82da')  ) ) [ RunTime:0.036449s ]
[2022-09-08 01:14:09][sql] SHOW FULL COLUMNS FROM `ds_stock` [ RunTime:0.000987s ]
[2022-09-08 01:14:09][sql] SELECT COUNT(*) AS think_count FROM `ds_stock` WHERE  `is_dsp` = 0 LIMIT 1 [ RunTime:0.001736s ]
[2022-09-08 01:14:09][sql] SELECT `id`,`cid`,`url`,`title`,`image`,`time` FROM `ds_stock` WHERE  `is_dsp` = 0 ORDER BY rand() LIMIT 10,10 [ RunTime:0.010498s ]
[2022-09-08 01:14:09][sql] SHOW FULL COLUMNS FROM `ds_system_admin` [ RunTime:0.001068s ]
[2022-09-08 01:14:09][sql] SELECT * FROM `ds_system_admin` WHERE (  `id` = 182 ) AND `ds_system_admin`.`delete_time` IS NULL LIMIT 1 [ RunTime:0.000486s ]
[2022-09-08 01:14:09][sql] SELECT * FROM `ds_system_admin` WHERE (  `id` = 182 ) AND `ds_system_admin`.`delete_time` IS NULL LIMIT 1 [ RunTime:0.000399s ]
[2022-09-08 01:14:09][sql] SELECT `value` FROM `ds_system_config` WHERE  `group` = 'short_video'  AND `name` = 'dspsk' LIMIT 1 [ RunTime:0.000252s ]
[2022-09-08 01:14:09][sql] SELECT `value` FROM `ds_system_config` WHERE  `group` = 'short_video'  AND `name` = 'ppvd_params' LIMIT 1 [ RunTime:0.000214s ]
[2022-09-08 01:14:13][sql] CONNECT:[ UseTime:0.000636s ] mysql:host=127.0.0.1;port=3306;dbname=webs;charset=utf8
[2022-09-08 01:14:13][sql] SHOW FULL COLUMNS FROM `ds_system_admin` [ RunTime:0.001178s ]
[2022-09-08 01:14:13][sql] SELECT * FROM `ds_system_admin` WHERE (  `id` = 182 ) AND `ds_system_admin`.`delete_time` IS NULL LIMIT 1 [ RunTime:0.000576s ]
[2022-09-08 01:14:13][sql] SELECT * FROM `ds_system_admin` WHERE (  `id` = 182 ) AND `ds_system_admin`.`delete_time` IS NULL LIMIT 1 [ RunTime:0.000476s ]
[2022-09-08 01:14:13][sql] SHOW FULL COLUMNS FROM `ds_stock` [ RunTime:0.000885s ]
[2022-09-08 01:14:13][sql] SELECT * FROM `ds_stock` WHERE  `id` = 35621 LIMIT 1 [ RunTime:0.000316s ]
[2022-09-08 01:14:13][sql] SHOW FULL COLUMNS FROM `ds_system_config` [ RunTime:0.000936s ]
[2022-09-08 01:14:13][sql] SELECT `value` FROM `ds_system_config` WHERE  `group` = 'pay'  AND `name` = 'pay_type' LIMIT 1 [ RunTime:0.000336s ]
[2022-09-08 01:14:13][sql] SHOW FULL COLUMNS FROM `ds_price` [ RunTime:0.000829s ]
[2022-09-08 01:14:13][sql] SELECT * FROM `ds_price` WHERE  `pay_model` = '1'  AND `uid` = 182 [ RunTime:0.000597s ]
[2022-09-08 01:14:13][sql] SELECT * FROM `ds_price` WHERE  `pay_model` = '2'  AND `uid` = 182 [ RunTime:0.000502s ]
[2022-09-08 01:14:13][sql] SELECT * FROM `ds_system_admin` WHERE (  `id` = 1 ) AND `ds_system_admin`.`delete_time` IS NULL LIMIT 1 [ RunTime:0.000471s ]
[2022-09-08 01:14:13][sql] SELECT * FROM `ds_system_admin` WHERE (  `id` = 1 ) AND `ds_system_admin`.`delete_time` IS NULL LIMIT 1 [ RunTime:0.000531s ]
[2022-09-08 01:14:13][sql] SHOW FULL COLUMNS FROM `ds_pay_setting` [ RunTime:0.000922s ]
[2022-09-08 01:14:13][sql] SELECT `pay_fudong` FROM `ds_pay_setting` WHERE  `pay_model` = 'chuanqi' LIMIT 1 [ RunTime:0.000367s ]
[2022-09-08 01:14:13][sql] SELECT `pay_fudong` FROM `ds_pay_setting` WHERE  `pay_model` = 'jiuyizf_wx' LIMIT 1 [ RunTime:0.000226s ]
[2022-09-08 01:14:13][sql] SELECT `value` FROM `ds_system_config` WHERE  `group` = 'jg'  AND `name` = 'jg_topen' LIMIT 1 [ RunTime:0.000337s ]
[2022-09-08 01:14:13][sql] SELECT `value` FROM `ds_system_config` WHERE  `group` = 'jg'  AND `name` = 'jp_wopen' LIMIT 1 [ RunTime:0.000242s ]
[2022-09-08 01:14:13][sql] SELECT `value` FROM `ds_system_config` WHERE  `group` = 'jg'  AND `name` = 'jg_yopen' LIMIT 1 [ RunTime:0.000209s ]
[2022-09-08 01:14:13][sql] SELECT `value` FROM `ds_system_config` WHERE  `group` = 'jg'  AND `name` = 'jg_topen' LIMIT 1 [ RunTime:0.000194s ]
[2022-09-08 01:14:13][sql] SELECT `value` FROM `ds_system_config` WHERE  `group` = 'jg'  AND `name` = 'jp_wopen' LIMIT 1 [ RunTime:0.000201s ]
[2022-09-08 01:14:13][sql] SELECT `value` FROM `ds_system_config` WHERE  `group` = 'jg'  AND `name` = 'jg_yopen' LIMIT 1 [ RunTime:0.000181s ]
[2022-09-08 01:14:22][sql] CONNECT:[ UseTime:0.000525s ] mysql:host=127.0.0.1;port=3306;dbname=webs;charset=utf8
[2022-09-08 01:14:22][sql] SHOW FULL COLUMNS FROM `ds_hezi` [ RunTime:0.001044s ]
[2022-09-08 01:14:22][sql] SELECT * FROM `ds_hezi` WHERE  `id` = 1315 LIMIT 1 [ RunTime:0.000356s ]
[2022-09-08 01:14:22][sql] SHOW FULL COLUMNS FROM `ds_tj` [ RunTime:0.000722s ]
[2022-09-08 01:14:22][sql] SELECT * FROM `ds_tj` WHERE  `ua` = 'ed6c082c8e14e34de35f4738c7f101ed' LIMIT 1 [ RunTime:0.000345s ]
[2022-09-08 01:14:22][sql] SHOW FULL COLUMNS FROM `ds_complain` [ RunTime:0.000771s ]
[2022-09-08 01:14:22][sql] SELECT * FROM `ds_complain` WHERE  `ip` = '124.152.241.21' [ RunTime:0.000287s ]
[2022-09-08 01:14:22][sql] SHOW FULL COLUMNS FROM `ds_system_config` [ RunTime:0.000714s ]
[2022-09-08 01:14:22][sql] SELECT `value` FROM `ds_system_config` WHERE  `group` = 'ff'  AND `name` = 'ff_pc' LIMIT 1 [ RunTime:0.000374s ]
[2022-09-08 01:14:22][sql] SHOW FULL COLUMNS FROM `ds_system_admin` [ RunTime:0.000902s ]
[2022-09-08 01:14:22][sql] SELECT * FROM `ds_system_admin` WHERE (  `id` = 182 ) AND `ds_system_admin`.`delete_time` IS NULL LIMIT 1 [ RunTime:0.000551s ]
[2022-09-08 01:14:22][sql] SELECT * FROM `ds_system_admin` WHERE (  `id` = 182 ) AND `ds_system_admin`.`delete_time` IS NULL LIMIT 1 [ RunTime:0.000447s ]
[2022-09-08 01:14:22][sql] SELECT * FROM `ds_hezi` WHERE  `id` = 1315 LIMIT 1 [ RunTime:0.000313s ]
[2022-09-08 01:14:22][sql] SHOW FULL COLUMNS FROM `ds_domain_rule` [ RunTime:0.000891s ]
[2022-09-08 01:14:22][sql] SELECT * FROM `ds_domain_rule` WHERE  `status` = 1  AND `uid` = 182  AND `type` = 2 LIMIT 1 [ RunTime:0.000380s ]
[2022-09-08 01:14:22][sql] SELECT * FROM `ds_domain_rule` WHERE  `status` = 1  AND `type` = 2  AND `uid` = 10086 LIMIT 1 [ RunTime:0.000341s ]
[2022-09-08 01:14:22][sql] SELECT `value` FROM `ds_system_config` WHERE  `group` = 'ff'  AND `name` = 'ff_fix' LIMIT 1 [ RunTime:0.000269s ]
[2022-09-08 01:14:22][sql] CONNECT:[ UseTime:0.000544s ] mysql:host=127.0.0.1;port=3306;dbname=webs;charset=utf8
[2022-09-08 01:14:22][sql] SHOW FULL COLUMNS FROM `ds_hezi` [ RunTime:0.001039s ]
[2022-09-08 01:14:22][sql] SELECT * FROM `ds_hezi` WHERE  `id` = 1315 LIMIT 1 [ RunTime:0.000415s ]
[2022-09-08 01:14:22][sql] SHOW FULL COLUMNS FROM `ds_user_point` [ RunTime:0.000871s ]
[2022-09-08 01:14:22][sql] SELECT * FROM `ds_user_point` WHERE  `ua` = '430bc3701308aebf4c6a840638fe82da' LIMIT 1 [ RunTime:0.037607s ]
[2022-09-08 01:14:23][sql] CONNECT:[ UseTime:0.000419s ] mysql:host=127.0.0.1;port=3306;dbname=webs;charset=utf8
[2022-09-08 01:14:23][sql] SHOW FULL COLUMNS FROM `ds_category` [ RunTime:0.000906s ]
[2022-09-08 01:14:23][sql] SELECT `id`,`image`,ctitle as title FROM `ds_category` WHERE `ds_category`.`delete_time` IS NULL LIMIT 910 [ RunTime:0.000252s ]
[2022-09-08 01:14:23][sql] CONNECT:[ UseTime:0.000459s ] mysql:host=127.0.0.1;port=3306;dbname=webs;charset=utf8
[2022-09-08 01:14:23][sql] SHOW FULL COLUMNS FROM `ds_system_config` [ RunTime:0.014492s ]
[2022-09-08 01:14:23][sql] SELECT * FROM `ds_system_config` WHERE  `name` = 'zbkg' LIMIT 1 [ RunTime:0.000316s ]
[2022-09-08 01:14:23][sql] SELECT * FROM `ds_system_config` WHERE  `name` = 'zb_t_img' LIMIT 1 [ RunTime:0.000227s ]
[2022-09-08 01:14:23][sql] SHOW FULL COLUMNS FROM `ds_payed_show` [ RunTime:0.000742s ]
[2022-09-08 01:14:23][sql] SELECT * FROM `ds_payed_show` WHERE  `ua` = '430bc3701308aebf4c6a840638fe82da'  AND `is_date` = 2  AND `expire` > 1662570863 LIMIT 1 [ RunTime:0.041113s ]
[2022-09-08 01:14:23][sql] SELECT `value` FROM `ds_system_config` WHERE  `group` = 'ff'  AND `name` = 'ff_pc' LIMIT 1 [ RunTime:0.000369s ]
[2022-09-08 01:14:23][sql] SELECT `value` FROM `ds_system_config` WHERE  `group` = 'short_video'  AND `name` = 'dsp_notify' LIMIT 1 [ RunTime:0.000238s ]
[2022-09-08 01:14:23][sql] SELECT `value` FROM `ds_system_config` WHERE  `group` = 'short_video'  AND `name` = 'shar_box_text' LIMIT 1 [ RunTime:0.000216s ]
[2022-09-08 01:14:23][sql] SELECT `value` FROM `ds_system_config` WHERE  `group` = 'short_video'  AND `name` = 'rvery_point' LIMIT 1 [ RunTime:0.000206s ]
[2022-09-08 01:14:23][sql] SELECT `value` FROM `ds_system_config` WHERE  `group` = 'short_video'  AND `name` = 'zbwl' LIMIT 1 [ RunTime:0.000202s ]
[2022-09-08 01:14:23][sql] SELECT `value` FROM `ds_system_config` WHERE  `group` = 'short_video'  AND `name` = 'dspsk' LIMIT 1 [ RunTime:0.000214s ]
[2022-09-08 01:14:23][sql] SHOW FULL COLUMNS FROM `ds_system_admin` [ RunTime:0.000928s ]
[2022-09-08 01:14:23][sql] SELECT * FROM `ds_system_admin` WHERE (  `id` = 182 ) AND `ds_system_admin`.`delete_time` IS NULL LIMIT 1 [ RunTime:0.000334s ]
[2022-09-08 01:14:23][sql] SELECT * FROM `ds_system_admin` WHERE (  `id` = 182 ) AND `ds_system_admin`.`delete_time` IS NULL LIMIT 1 [ RunTime:0.000310s ]
[2022-09-08 01:14:23][sql] SHOW FULL COLUMNS FROM `ds_domain_rule` [ RunTime:0.000719s ]
[2022-09-08 01:14:23][sql] SELECT * FROM `ds_domain_rule` WHERE  `status` = 1  AND `uid` = 182  AND `type` = 1 LIMIT 1 [ RunTime:0.000254s ]
[2022-09-08 01:14:23][sql] SELECT * FROM `ds_domain_rule` WHERE  `status` = 1  AND `type` = 1  AND `uid` = 10086 LIMIT 1 [ RunTime:0.000249s ]
[2022-09-08 01:14:23][sql] SELECT `value` FROM `ds_system_config` WHERE  `group` = 'ff'  AND `name` = 'ff_fix' LIMIT 1 [ RunTime:0.000215s ]
[2022-09-08 01:14:23][sql] CONNECT:[ UseTime:0.000523s ] mysql:host=127.0.0.1;port=3306;dbname=webs;charset=utf8
[2022-09-08 01:14:23][sql] SHOW FULL COLUMNS FROM `ds_domain_rule` [ RunTime:0.001035s ]
[2022-09-08 01:14:23][sql] SELECT * FROM `ds_domain_rule` WHERE  `status` = 1  AND `uid` = 182  AND `type` = 1 LIMIT 1 [ RunTime:0.000442s ]
[2022-09-08 01:14:23][sql] SELECT * FROM `ds_domain_rule` WHERE  `status` = 1  AND `type` = 1  AND `uid` = 10086 LIMIT 1 [ RunTime:0.000352s ]
[2022-09-08 01:14:23][sql] SHOW FULL COLUMNS FROM `ds_system_config` [ RunTime:0.000738s ]
[2022-09-08 01:14:23][sql] SELECT `value` FROM `ds_system_config` WHERE  `group` = 'ff'  AND `name` = 'ff_fix' LIMIT 1 [ RunTime:0.000315s ]
[2022-09-08 01:14:23][sql] SHOW FULL COLUMNS FROM `ds_payed_show` [ RunTime:0.000851s ]
[2022-09-08 01:14:23][sql] SELECT * FROM `ds_payed_show` WHERE  `uid` = 182  AND `expire` > 1662570863  AND (  (  ( ua = '430bc3701308aebf4c6a840638fe82da')  ) ) [ RunTime:0.035896s ]
[2022-09-08 01:14:23][sql] SHOW FULL COLUMNS FROM `ds_stock` [ RunTime:0.001026s ]
[2022-09-08 01:14:23][sql] SELECT COUNT(*) AS think_count FROM `ds_stock` WHERE  `is_dsp` = 0 LIMIT 1 [ RunTime:0.001881s ]
[2022-09-08 01:14:23][sql] SELECT `id`,`cid`,`url`,`title`,`image`,`time` FROM `ds_stock` WHERE  `is_dsp` = 0 ORDER BY rand() LIMIT 0,10 [ RunTime:0.009279s ]
[2022-09-08 01:14:23][sql] SHOW FULL COLUMNS FROM `ds_system_admin` [ RunTime:0.001099s ]
[2022-09-08 01:14:23][sql] SELECT * FROM `ds_system_admin` WHERE (  `id` = 182 ) AND `ds_system_admin`.`delete_time` IS NULL LIMIT 1 [ RunTime:0.000543s ]
[2022-09-08 01:14:23][sql] SELECT * FROM `ds_system_admin` WHERE (  `id` = 182 ) AND `ds_system_admin`.`delete_time` IS NULL LIMIT 1 [ RunTime:0.000382s ]
[2022-09-08 01:14:23][sql] SELECT `value` FROM `ds_system_config` WHERE  `group` = 'short_video'  AND `name` = 'dspsk' LIMIT 1 [ RunTime:0.000276s ]
[2022-09-08 01:14:23][sql] SELECT `value` FROM `ds_system_config` WHERE  `group` = 'short_video'  AND `name` = 'ppvd_params' LIMIT 1 [ RunTime:0.000301s ]
[2022-09-08 01:14:24][sql] CONNECT:[ UseTime:0.000586s ] mysql:host=127.0.0.1;port=3306;dbname=webs;charset=utf8
[2022-09-08 01:14:24][sql] SHOW FULL COLUMNS FROM `ds_system_admin` [ RunTime:0.001090s ]
[2022-09-08 01:14:24][sql] SELECT * FROM `ds_system_admin` WHERE (  `id` = 182 ) AND `ds_system_admin`.`delete_time` IS NULL LIMIT 1 [ RunTime:0.000495s ]
[2022-09-08 01:14:24][sql] SELECT * FROM `ds_system_admin` WHERE (  `id` = 182 ) AND `ds_system_admin`.`delete_time` IS NULL LIMIT 1 [ RunTime:0.000520s ]
[2022-09-08 01:14:24][sql] SHOW FULL COLUMNS FROM `ds_stock` [ RunTime:0.000854s ]
[2022-09-08 01:14:24][sql] SELECT * FROM `ds_stock` WHERE  `id` = 38205 LIMIT 1 [ RunTime:0.000349s ]
[2022-09-08 01:14:24][sql] SHOW FULL COLUMNS FROM `ds_system_config` [ RunTime:0.000716s ]
[2022-09-08 01:14:24][sql] SELECT `value` FROM `ds_system_config` WHERE  `group` = 'pay'  AND `name` = 'pay_type' LIMIT 1 [ RunTime:0.000318s ]
[2022-09-08 01:14:24][sql] SHOW FULL COLUMNS FROM `ds_price` [ RunTime:0.000772s ]
[2022-09-08 01:14:24][sql] SELECT * FROM `ds_price` WHERE  `pay_model` = '1'  AND `uid` = 182 [ RunTime:0.000428s ]
[2022-09-08 01:14:24][sql] SELECT * FROM `ds_price` WHERE  `pay_model` = '2'  AND `uid` = 182 [ RunTime:0.000466s ]
[2022-09-08 01:14:24][sql] SELECT * FROM `ds_system_admin` WHERE (  `id` = 1 ) AND `ds_system_admin`.`delete_time` IS NULL LIMIT 1 [ RunTime:0.000519s ]
[2022-09-08 01:14:24][sql] SELECT * FROM `ds_system_admin` WHERE (  `id` = 1 ) AND `ds_system_admin`.`delete_time` IS NULL LIMIT 1 [ RunTime:0.000472s ]
[2022-09-08 01:14:24][sql] SHOW FULL COLUMNS FROM `ds_pay_setting` [ RunTime:0.000852s ]
[2022-09-08 01:14:24][sql] SELECT `pay_fudong` FROM `ds_pay_setting` WHERE  `pay_model` = 'chuanqi' LIMIT 1 [ RunTime:0.000305s ]
[2022-09-08 01:14:24][sql] SELECT `pay_fudong` FROM `ds_pay_setting` WHERE  `pay_model` = 'jiuyizf_wx' LIMIT 1 [ RunTime:0.000227s ]
[2022-09-08 01:14:24][sql] SELECT `value` FROM `ds_system_config` WHERE  `group` = 'jg'  AND `name` = 'jg_topen' LIMIT 1 [ RunTime:0.000310s ]
[2022-09-08 01:14:24][sql] SELECT `value` FROM `ds_system_config` WHERE  `group` = 'jg'  AND `name` = 'jp_wopen' LIMIT 1 [ RunTime:0.000307s ]
[2022-09-08 01:14:24][sql] SELECT `value` FROM `ds_system_config` WHERE  `group` = 'jg'  AND `name` = 'jg_yopen' LIMIT 1 [ RunTime:0.000258s ]
[2022-09-08 01:14:24][sql] SELECT `value` FROM `ds_system_config` WHERE  `group` = 'jg'  AND `name` = 'jg_topen' LIMIT 1 [ RunTime:0.000208s ]
[2022-09-08 01:14:24][sql] SELECT `value` FROM `ds_system_config` WHERE  `group` = 'jg'  AND `name` = 'jp_wopen' LIMIT 1 [ RunTime:0.000274s ]
[2022-09-08 01:14:24][sql] SELECT `value` FROM `ds_system_config` WHERE  `group` = 'jg'  AND `name` = 'jg_yopen' LIMIT 1 [ RunTime:0.000309s ]
