[2022-09-29 09:38:56][sql] CONNECT:[ UseTime:0.001451s ] mysql:host=127.0.0.1;port=3306;dbname=webs;charset=utf8
[2022-09-29 09:38:56][sql] SHOW FULL COLUMNS FROM `ds_system_config` [ RunTime:0.003587s ]
[2022-09-29 09:38:56][sql] SELECT * FROM `ds_system_config` WHERE  `name` = 'zbkg' LIMIT 1 [ RunTime:0.000500s ]
[2022-09-29 09:38:56][sql] SELECT * FROM `ds_system_config` WHERE  `name` = 'zb_t_img' LIMIT 1 [ RunTime:0.000282s ]
[2022-09-29 09:38:56][sql] SHOW FULL COLUMNS FROM `ds_payed_show` [ RunTime:0.003144s ]
[2022-09-29 09:38:56][sql] SELECT * FROM `ds_payed_show` WHERE  `ua` = '3680a63900fcfdf434d2133aac44d5de'  AND `is_date` = 2  AND `expire` > 1664415536 LIMIT 1 [ RunTime:0.058316s ]
[2022-09-29 09:38:56][sql] SELECT `value` FROM `ds_system_config` WHERE  `group` = 'ff'  AND `name` = 'ff_pc' LIMIT 1 [ RunTime:0.000423s ]
[2022-09-29 09:38:56][sql] SELECT `value` FROM `ds_system_config` WHERE  `group` = 'short_video'  AND `name` = 'dsp_notify' LIMIT 1 [ RunTime:0.000262s ]
[2022-09-29 09:38:56][sql] SELECT `value` FROM `ds_system_config` WHERE  `group` = 'short_video'  AND `name` = 'shar_box_text' LIMIT 1 [ RunTime:0.000216s ]
[2022-09-29 09:38:56][sql] SELECT `value` FROM `ds_system_config` WHERE  `group` = 'short_video'  AND `name` = 'rvery_point' LIMIT 1 [ RunTime:0.000252s ]
[2022-09-29 09:38:56][sql] SELECT `value` FROM `ds_system_config` WHERE  `group` = 'short_video'  AND `name` = 'zbwl' LIMIT 1 [ RunTime:0.000205s ]
[2022-09-29 09:38:56][sql] SELECT `value` FROM `ds_system_config` WHERE  `group` = 'short_video'  AND `name` = 'dspsk' LIMIT 1 [ RunTime:0.000297s ]
[2022-09-29 09:38:56][sql] SHOW FULL COLUMNS FROM `ds_system_admin` [ RunTime:0.003664s ]
[2022-09-29 09:38:56][sql] SELECT * FROM `ds_system_admin` WHERE (  `id` = 182 ) AND `ds_system_admin`.`delete_time` IS NULL LIMIT 1 [ RunTime:0.000577s ]
[2022-09-29 09:38:56][sql] SELECT * FROM `ds_system_admin` WHERE (  `id` = 182 ) AND `ds_system_admin`.`delete_time` IS NULL LIMIT 1 [ RunTime:0.000350s ]
[2022-09-29 09:38:56][sql] SHOW FULL COLUMNS FROM `ds_domain_rule` [ RunTime:0.002513s ]
[2022-09-29 09:38:56][sql] SELECT * FROM `ds_domain_rule` WHERE  `status` = 1  AND `uid` = 182  AND `type` = 1 LIMIT 1 [ RunTime:0.000337s ]
[2022-09-29 09:38:56][sql] SELECT * FROM `ds_domain_rule` WHERE  `status` = 1  AND `type` = 1  AND `uid` = 10086 LIMIT 1 [ RunTime:0.000254s ]
[2022-09-29 09:38:56][sql] SELECT `value` FROM `ds_system_config` WHERE  `group` = 'ff'  AND `name` = 'ff_fix' LIMIT 1 [ RunTime:0.000214s ]
[2022-09-29 09:38:57][sql] CONNECT:[ UseTime:0.000753s ] mysql:host=127.0.0.1;port=3306;dbname=webs;charset=utf8
[2022-09-29 09:38:57][sql] SHOW FULL COLUMNS FROM `ds_pay_order` [ RunTime:0.004349s ]
[2022-09-29 09:38:57][sql] SELECT * FROM `ds_pay_order` WHERE  `transact` = '202209281759591729' LIMIT 1 [ RunTime:0.000481s ]
[2022-09-29 09:38:57][error] [0]Call to undefined method Endroid\QrCode\QrCode::getContentType()[/www/wwwroot/110.42.64.249/app/index/controller/Index.php:1011]
[2022-09-29 09:38:57][sql] CONNECT:[ UseTime:0.000518s ] mysql:host=127.0.0.1;port=3306;dbname=webs;charset=utf8
[2022-09-29 09:38:57][sql] SHOW FULL COLUMNS FROM `ds_complain` [ RunTime:0.002598s ]
[2022-09-29 09:38:57][sql] SELECT * FROM `ds_complain` WHERE  `ip` = '124.152.241.24' LIMIT 1 [ RunTime:0.000339s ]
[2022-09-29 09:38:57][sql] SHOW FULL COLUMNS FROM `ds_stock` [ RunTime:0.003198s ]
[2022-09-29 09:38:57][sql] SELECT * FROM `ds_stock` WHERE  `id` = 35690 LIMIT 1 [ RunTime:0.000417s ]
[2022-09-29 09:38:57][sql] SHOW FULL COLUMNS FROM `ds_payed_show` [ RunTime:0.000894s ]
[2022-09-29 09:38:57][sql] SELECT * FROM `ds_payed_show` WHERE  `uid` = 182  AND `expire` > 1664415537  AND (  (  ( ua = '3680a63900fcfdf434d2133aac44d5de')  ) ) [ RunTime:0.034784s ]
[2022-09-29 09:38:57][sql] SELECT * FROM `ds_payed_show` WHERE  `vid` = 35690  AND `expire` > 1664415537  AND `uid` = 182  AND (  `ip` = '124.152.241.24'  OR `ua` = '3680a63900fcfdf434d2133aac44d5de' ) LIMIT 1 [ RunTime:0.034663s ]
[2022-09-29 09:38:57][sql] CONNECT:[ UseTime:0.000578s ] mysql:host=127.0.0.1;port=3306;dbname=webs;charset=utf8
[2022-09-29 09:38:57][sql] SHOW FULL COLUMNS FROM `ds_domain_rule` [ RunTime:0.001306s ]
[2022-09-29 09:38:57][sql] SELECT * FROM `ds_domain_rule` WHERE  `status` = 1  AND `uid` = 182  AND `type` = 1 LIMIT 1 [ RunTime:0.000461s ]
[2022-09-29 09:38:57][sql] SELECT * FROM `ds_domain_rule` WHERE  `status` = 1  AND `type` = 1  AND `uid` = 10086 LIMIT 1 [ RunTime:0.000327s ]
[2022-09-29 09:38:57][sql] SHOW FULL COLUMNS FROM `ds_system_config` [ RunTime:0.001044s ]
[2022-09-29 09:38:57][sql] SELECT `value` FROM `ds_system_config` WHERE  `group` = 'ff'  AND `name` = 'ff_fix' LIMIT 1 [ RunTime:0.000329s ]
[2022-09-29 09:38:57][sql] SHOW FULL COLUMNS FROM `ds_payed_show` [ RunTime:0.001137s ]
[2022-09-29 09:38:57][sql] SELECT * FROM `ds_payed_show` WHERE  `uid` = 182  AND `expire` > 1664415537  AND (  (  ( ua = '3680a63900fcfdf434d2133aac44d5de')  ) ) [ RunTime:0.054388s ]
[2022-09-29 09:38:57][sql] SHOW FULL COLUMNS FROM `ds_stock` [ RunTime:0.000912s ]
[2022-09-29 09:38:57][sql] SELECT COUNT(*) AS think_count FROM `ds_stock` WHERE  `is_dsp` = 0 LIMIT 1 [ RunTime:0.006879s ]
[2022-09-29 09:38:57][sql] SELECT `id`,`cid`,`url`,`title`,`image`,`time` FROM `ds_stock` WHERE  `is_dsp` = 0 ORDER BY rand() LIMIT 0,10 [ RunTime:0.009336s ]
[2022-09-29 09:38:57][sql] SHOW FULL COLUMNS FROM `ds_system_admin` [ RunTime:0.001027s ]
[2022-09-29 09:38:57][sql] SELECT * FROM `ds_system_admin` WHERE (  `id` = 182 ) AND `ds_system_admin`.`delete_time` IS NULL LIMIT 1 [ RunTime:0.000406s ]
[2022-09-29 09:38:57][sql] SELECT * FROM `ds_system_admin` WHERE (  `id` = 182 ) AND `ds_system_admin`.`delete_time` IS NULL LIMIT 1 [ RunTime:0.000370s ]
[2022-09-29 09:38:57][sql] SELECT `value` FROM `ds_system_config` WHERE  `group` = 'short_video'  AND `name` = 'dspsk' LIMIT 1 [ RunTime:0.000308s ]
[2022-09-29 09:38:57][sql] SELECT `value` FROM `ds_system_config` WHERE  `group` = 'short_video'  AND `name` = 'ppvd_params' LIMIT 1 [ RunTime:0.000192s ]
[2022-09-29 09:39:00][error] [0]Call to undefined method Endroid\QrCode\QrCode::getContentType()[/www/wwwroot/110.42.64.249/app/index/controller/Index.php:1011]
[2022-09-29 09:39:00][sql] CONNECT:[ UseTime:0.000558s ] mysql:host=127.0.0.1;port=3306;dbname=webs;charset=utf8
[2022-09-29 09:39:00][sql] SHOW FULL COLUMNS FROM `ds_category` [ RunTime:0.002673s ]
[2022-09-29 09:39:00][sql] SELECT `id`,`image`,ctitle as title FROM `ds_category` WHERE `ds_category`.`delete_time` IS NULL LIMIT 100 [ RunTime:0.000339s ]
[2022-09-29 09:39:00][sql] CONNECT:[ UseTime:0.000496s ] mysql:host=127.0.0.1;port=3306;dbname=webs;charset=utf8
[2022-09-29 09:39:00][sql] SHOW FULL COLUMNS FROM `ds_domain_rule` [ RunTime:0.000988s ]
[2022-09-29 09:39:00][sql] SELECT * FROM `ds_domain_rule` WHERE  `status` = 1  AND `uid` = 182  AND `type` = 1 LIMIT 1 [ RunTime:0.000347s ]
[2022-09-29 09:39:00][sql] SELECT * FROM `ds_domain_rule` WHERE  `status` = 1  AND `type` = 1  AND `uid` = 10086 LIMIT 1 [ RunTime:0.000242s ]
[2022-09-29 09:39:00][sql] SHOW FULL COLUMNS FROM `ds_system_config` [ RunTime:0.000735s ]
[2022-09-29 09:39:00][sql] SELECT `value` FROM `ds_system_config` WHERE  `group` = 'ff'  AND `name` = 'ff_fix' LIMIT 1 [ RunTime:0.000311s ]
[2022-09-29 09:39:00][sql] SHOW FULL COLUMNS FROM `ds_payed_show` [ RunTime:0.000997s ]
[2022-09-29 09:39:00][sql] SELECT * FROM `ds_payed_show` WHERE  `uid` = 182  AND `expire` > 1664415540  AND (  (  ( ua = '3680a63900fcfdf434d2133aac44d5de')  ) ) [ RunTime:0.034329s ]
[2022-09-29 09:39:00][sql] SHOW FULL COLUMNS FROM `ds_stock` [ RunTime:0.001003s ]
[2022-09-29 09:39:00][sql] SELECT COUNT(*) AS think_count FROM `ds_stock` WHERE  `id` IN (39219,40045,39451,36212,37122,36534,40793,35561,36315,35690,39238,37375,38894)  AND `is_dsp` = 0 LIMIT 1 [ RunTime:0.000427s ]
[2022-09-29 09:39:00][sql] SELECT `id`,`cid`,`url`,`title`,`image`,`time` FROM `ds_stock` WHERE  `id` IN (39219,40045,39451,36212,37122,36534,40793,35561,36315,35690,39238,37375,38894)  AND `is_dsp` = 0 ORDER BY rand() LIMIT 0,10 [ RunTime:0.000741s ]
[2022-09-29 09:39:00][sql] SHOW FULL COLUMNS FROM `ds_system_admin` [ RunTime:0.000870s ]
[2022-09-29 09:39:00][sql] SELECT * FROM `ds_system_admin` WHERE (  `id` = 182 ) AND `ds_system_admin`.`delete_time` IS NULL LIMIT 1 [ RunTime:0.000494s ]
[2022-09-29 09:39:00][sql] SELECT * FROM `ds_system_admin` WHERE (  `id` = 182 ) AND `ds_system_admin`.`delete_time` IS NULL LIMIT 1 [ RunTime:0.000349s ]
[2022-09-29 09:39:00][sql] SELECT `value` FROM `ds_system_config` WHERE  `group` = 'short_video'  AND `name` = 'dspsk' LIMIT 1 [ RunTime:0.000274s ]
[2022-09-29 09:39:00][sql] SELECT `value` FROM `ds_system_config` WHERE  `group` = 'short_video'  AND `name` = 'ppvd_params' LIMIT 1 [ RunTime:0.000187s ]
[2022-09-29 09:39:02][error] [0]Call to undefined method Endroid\QrCode\QrCode::getContentType()[/www/wwwroot/110.42.64.249/app/index/controller/Index.php:1011]
[2022-09-29 09:39:03][sql] CONNECT:[ UseTime:0.000457s ] mysql:host=127.0.0.1;port=3306;dbname=webs;charset=utf8
[2022-09-29 09:39:03][sql] SHOW FULL COLUMNS FROM `ds_domain_rule` [ RunTime:0.000938s ]
[2022-09-29 09:39:03][sql] SELECT * FROM `ds_domain_rule` WHERE  `status` = 1  AND `uid` = 182  AND `type` = 1 LIMIT 1 [ RunTime:0.000377s ]
[2022-09-29 09:39:03][sql] SELECT * FROM `ds_domain_rule` WHERE  `status` = 1  AND `type` = 1  AND `uid` = 10086 LIMIT 1 [ RunTime:0.000293s ]
[2022-09-29 09:39:03][sql] SHOW FULL COLUMNS FROM `ds_system_config` [ RunTime:0.000883s ]
[2022-09-29 09:39:03][sql] SELECT `value` FROM `ds_system_config` WHERE  `group` = 'ff'  AND `name` = 'ff_fix' LIMIT 1 [ RunTime:0.000326s ]
[2022-09-29 09:39:03][sql] SHOW FULL COLUMNS FROM `ds_payed_show` [ RunTime:0.000801s ]
[2022-09-29 09:39:03][sql] SELECT * FROM `ds_payed_show` WHERE  `uid` = 182  AND `expire` > 1664415543  AND (  (  ( ua = '3680a63900fcfdf434d2133aac44d5de')  ) ) [ RunTime:0.036119s ]
[2022-09-29 09:39:03][sql] SHOW FULL COLUMNS FROM `ds_stock` [ RunTime:0.001283s ]
[2022-09-29 09:39:03][sql] SELECT COUNT(*) AS think_count FROM `ds_stock` WHERE  `is_dsp` = 0 LIMIT 1 [ RunTime:0.002157s ]
[2022-09-29 09:39:03][sql] SELECT `id`,`cid`,`url`,`title`,`image`,`time` FROM `ds_stock` WHERE  `is_dsp` = 0 ORDER BY rand() LIMIT 0,10 [ RunTime:0.010557s ]
[2022-09-29 09:39:03][sql] SHOW FULL COLUMNS FROM `ds_system_admin` [ RunTime:0.001025s ]
[2022-09-29 09:39:03][sql] SELECT * FROM `ds_system_admin` WHERE (  `id` = 182 ) AND `ds_system_admin`.`delete_time` IS NULL LIMIT 1 [ RunTime:0.000483s ]
[2022-09-29 09:39:03][sql] SELECT * FROM `ds_system_admin` WHERE (  `id` = 182 ) AND `ds_system_admin`.`delete_time` IS NULL LIMIT 1 [ RunTime:0.000379s ]
[2022-09-29 09:39:03][sql] SELECT `value` FROM `ds_system_config` WHERE  `group` = 'short_video'  AND `name` = 'dspsk' LIMIT 1 [ RunTime:0.000309s ]
[2022-09-29 09:39:03][sql] SELECT `value` FROM `ds_system_config` WHERE  `group` = 'short_video'  AND `name` = 'ppvd_params' LIMIT 1 [ RunTime:0.000220s ]
[2022-09-29 09:39:03][sql] CONNECT:[ UseTime:0.000521s ] mysql:host=127.0.0.1;port=3306;dbname=webs;charset=utf8
[2022-09-29 09:39:03][sql] SHOW FULL COLUMNS FROM `ds_complain` [ RunTime:0.000922s ]
[2022-09-29 09:39:03][sql] SELECT * FROM `ds_complain` WHERE  `ip` = '124.152.241.24' LIMIT 1 [ RunTime:0.000323s ]
[2022-09-29 09:39:03][sql] SHOW FULL COLUMNS FROM `ds_stock` [ RunTime:0.000725s ]
[2022-09-29 09:39:03][sql] SELECT * FROM `ds_stock` WHERE  `id` = 39238 LIMIT 1 [ RunTime:0.000312s ]
[2022-09-29 09:39:03][sql] SHOW FULL COLUMNS FROM `ds_payed_show` [ RunTime:0.000746s ]
[2022-09-29 09:39:03][sql] SELECT * FROM `ds_payed_show` WHERE  `uid` = 182  AND `expire` > 1664415543  AND (  (  ( ua = '3680a63900fcfdf434d2133aac44d5de')  ) ) [ RunTime:0.033657s ]
[2022-09-29 09:39:03][sql] SELECT * FROM `ds_payed_show` WHERE  `vid` = 39238  AND `expire` > 1664415543  AND `uid` = 182  AND (  `ip` = '124.152.241.24'  OR `ua` = '3680a63900fcfdf434d2133aac44d5de' ) LIMIT 1 [ RunTime:0.055042s ]
