[2024-04-27 20:49:56][sql] CONNECT:[ UseTime:0.012485s ] mysql:host=127.0.0.1;port=3306;dbname=xinuocs_test;charset=utf8
[2024-04-27 20:49:56][sql] SHOW FULL COLUMNS FROM `ds_hezi` [ RunTime:0.002851s ]
[2024-04-27 20:49:56][sql] SELECT * FROM `ds_hezi` WHERE  `id` = 1328 LIMIT 1 [ RunTime:0.000318s ]
[2024-04-27 20:49:56][sql] SHOW FULL COLUMNS FROM `ds_tj` [ RunTime:0.002605s ]
[2024-04-27 20:49:56][sql] SELECT * FROM `ds_tj` WHERE  `ua` = 'a16ddaab909d2cf27fce353f26dd2ff2' LIMIT 1 [ RunTime:0.000288s ]
[2024-04-27 20:49:56][sql] INSERT INTO `ds_tj` SET `uid` = 184 , `create_time` = 1714222196 , `ua` = 'a16ddaab909d2cf27fce353f26dd2ff2' [ RunTime:0.021353s ]
[2024-04-27 20:49:56][sql] SHOW FULL COLUMNS FROM `ds_complain` [ RunTime:0.001865s ]
[2024-04-27 20:49:56][sql] SELECT * FROM `ds_complain` WHERE  `ip` = '122.97.102.53' [ RunTime:0.000276s ]
[2024-04-27 20:49:56][sql] SHOW FULL COLUMNS FROM `ds_system_config` [ RunTime:0.001244s ]
[2024-04-27 20:49:56][sql] SELECT `value` FROM `ds_system_config` WHERE  `group` = 'ff'  AND `name` = 'ff_pc' LIMIT 1 [ RunTime:0.000251s ]
[2024-04-27 20:49:56][sql] SHOW FULL COLUMNS FROM `ds_system_admin` [ RunTime:0.001368s ]
[2024-04-27 20:49:56][sql] SELECT * FROM `ds_system_admin` WHERE (  `id` = 184 ) AND `ds_system_admin`.`delete_time` IS NULL LIMIT 1 [ RunTime:0.000365s ]
[2024-04-27 20:49:56][sql] SELECT * FROM `ds_system_admin` WHERE (  `id` = 184 ) AND `ds_system_admin`.`delete_time` IS NULL LIMIT 1 [ RunTime:0.000341s ]
[2024-04-27 20:49:56][sql] SELECT * FROM `ds_hezi` WHERE  `id` = 1328 LIMIT 1 [ RunTime:0.000260s ]
[2024-04-27 20:49:56][sql] SHOW FULL COLUMNS FROM `ds_domain_rule` [ RunTime:0.001209s ]
[2024-04-27 20:49:56][sql] SELECT * FROM `ds_domain_rule` WHERE  `status` = 1  AND `uid` = 184  AND `type` = 2 LIMIT 1 [ RunTime:0.000262s ]
[2024-04-27 20:49:56][sql] SELECT * FROM `ds_domain_rule` WHERE  `status` = 1  AND `type` = 2  AND `uid` = 10086 LIMIT 1 [ RunTime:0.000231s ]
[2024-04-27 20:49:56][sql] SELECT `value` FROM `ds_system_config` WHERE  `group` = 'ff'  AND `name` = 'ff_fix' LIMIT 1 [ RunTime:0.000221s ]
[2024-04-27 20:49:56][sql] CONNECT:[ UseTime:0.002404s ] mysql:host=127.0.0.1;port=3306;dbname=xinuocs_test;charset=utf8
[2024-04-27 20:49:56][sql] SHOW FULL COLUMNS FROM `ds_hezi` [ RunTime:0.002283s ]
[2024-04-27 20:49:56][sql] SELECT * FROM `ds_hezi` WHERE  `id` = 1328 LIMIT 1 [ RunTime:0.000352s ]
[2024-04-27 20:49:56][sql] SHOW FULL COLUMNS FROM `ds_user_point` [ RunTime:0.001843s ]
[2024-04-27 20:49:56][sql] SELECT * FROM `ds_user_point` WHERE  `ua` = '374c3b5e682685809668c12df892bc01' LIMIT 1 [ RunTime:0.059742s ]
[2024-04-27 20:49:56][sql] SHOW FULL COLUMNS FROM `ds_system_config` [ RunTime:0.002903s ]
[2024-04-27 20:49:56][sql] SELECT `value` FROM `ds_system_config` WHERE  `group` = 'short_video'  AND `name` = 'add_point' LIMIT 1 [ RunTime:0.000347s ]
[2024-04-27 20:49:56][sql] INSERT INTO `ds_user_point` SET `ua` = '374c3b5e682685809668c12df892bc01' , `point` = 10 , `time` = '2024-04-27 20:49:56' [ RunTime:0.011943s ]
[2024-04-27 20:49:58][sql] CONNECT:[ UseTime:0.009184s ] mysql:host=127.0.0.1;port=3306;dbname=xinuocs_test;charset=utf8
[2024-04-27 20:49:58][sql] SHOW FULL COLUMNS FROM `ds_category` [ RunTime:0.006638s ]
[2024-04-27 20:49:58][sql] SELECT `id`,`image`,ctitle as title FROM `ds_category` WHERE `ds_category`.`delete_time` IS NULL LIMIT 910 [ RunTime:0.000280s ]
