[2022-09-08 00:05:03][sql] CONNECT:[ UseTime:0.001155s ] mysql:host=127.0.0.1;port=3306;dbname=webs;charset=utf8
[2022-09-08 00:05:03][sql] SHOW FULL COLUMNS FROM `ds_system_config` [ RunTime:0.002238s ]
[2022-09-08 00:05:03][sql] SELECT `value` FROM `ds_system_config` WHERE  `group` = 'site'  AND `name` = 'site_name' LIMIT 1 [ RunTime:0.000761s ]
[2022-09-08 00:05:03][sql] SELECT `value` FROM `ds_system_config` WHERE  `group` = 'site'  AND `name` = 'site_bg' LIMIT 1 [ RunTime:0.000317s ]
[2022-09-08 00:05:03][sql] SELECT `value` FROM `ds_system_config` WHERE  `group` = 'site'  AND `name` = 'logo_image' LIMIT 1 [ RunTime:0.000300s ]
[2022-09-08 00:05:03][sql] SELECT `value` FROM `ds_system_config` WHERE  `group` = 'site'  AND `name` = 'site_wechat' LIMIT 1 [ RunTime:0.000290s ]
[2022-09-08 00:05:03][sql] SELECT `value` FROM `ds_system_config` WHERE  `group` = 'site'  AND `name` = 'site_qq' LIMIT 1 [ RunTime:0.000241s ]
[2022-09-08 00:05:03][sql] SELECT `value` FROM `ds_system_config` WHERE  `group` = 'site'  AND `name` = 'site_title' LIMIT 1 [ RunTime:0.000315s ]
[2022-09-08 00:05:03][sql] SELECT `value` FROM `ds_system_config` WHERE  `group` = 'site'  AND `name` = 'site_slogan' LIMIT 1 [ RunTime:0.000229s ]
[2022-09-08 00:05:03][sql] SELECT `value` FROM `ds_system_config` WHERE  `group` = 'site'  AND `name` = 'site_name' LIMIT 1 [ RunTime:0.000257s ]
[2022-09-08 00:05:03][sql] SELECT `value` FROM `ds_system_config` WHERE  `group` = 'site'  AND `name` = 'site_content' LIMIT 1 [ RunTime:0.000281s ]
[2022-09-08 00:05:06][sql] CONNECT:[ UseTime:0.000593s ] mysql:host=127.0.0.1;port=3306;dbname=webs;charset=utf8
[2022-09-08 00:05:06][sql] show tables like 'ds_system_log_202209' [ RunTime:0.000623s ]
[2022-09-08 00:05:06][sql] SHOW FULL COLUMNS FROM `ds_system_log_202209` [ RunTime:0.000909s ]
[2022-09-08 00:05:06][sql] INSERT INTO `ds_system_log_202209` SET `admin_id` = NULL , `url` = '/admin/login/index.html' , `method` = 'post' , `ip` = '124.152.241.21' , `content` = '{"username":"admin","password":"5d9269e018f5129441746d4de9f47d398ed53d3f","captcha":"","keep_login":"0"}' , `useragent` = 'Mozilla/5.0 (Macintosh; Intel Mac OS X 10_15_7) AppleWebKit/537.36 (KHTML, like Gecko) Chrome/105.0.0.0 Safari/537.36' , `create_time` = 1662566706 [ RunTime:0.000640s ]
[2022-09-08 00:05:13][sql] CONNECT:[ UseTime:0.000616s ] mysql:host=127.0.0.1;port=3306;dbname=webs;charset=utf8
[2022-09-08 00:05:13][sql] show tables like 'ds_system_log_202209' [ RunTime:0.000489s ]
[2022-09-08 00:05:13][sql] SHOW FULL COLUMNS FROM `ds_system_log_202209` [ RunTime:0.000872s ]
[2022-09-08 00:05:13][sql] INSERT INTO `ds_system_log_202209` SET `admin_id` = NULL , `url` = '/admin/login/index.html' , `method` = 'post' , `ip` = '124.152.241.21' , `content` = '{"username":"admin","password":"5d9269e018f5129441746d4de9f47d398ed53d3f","captcha":"8421","keep_login":"0"}' , `useragent` = 'Mozilla/5.0 (Macintosh; Intel Mac OS X 10_15_7) AppleWebKit/537.36 (KHTML, like Gecko) Chrome/105.0.0.0 Safari/537.36' , `create_time` = 1662566713 [ RunTime:0.000346s ]
[2022-09-08 00:05:13][sql] SHOW FULL COLUMNS FROM `ds_system_admin` [ RunTime:0.001618s ]
[2022-09-08 00:05:13][sql] SELECT * FROM `ds_system_admin` WHERE (  `username` = 'admin' ) AND `ds_system_admin`.`delete_time` IS NULL LIMIT 1 [ RunTime:0.000737s ]
[2022-09-08 00:05:13][sql] UPDATE `ds_system_admin`  SET `login_num` = 818 , `update_time` = 1662566713  WHERE (  `id` = 1 ) AND `ds_system_admin`.`delete_time` IS NULL [ RunTime:0.000720s ]
[2022-09-08 00:05:13][sql] SELECT * FROM `ds_system_admin` WHERE (  `id` = 1 ) AND `ds_system_admin`.`delete_time` IS NULL LIMIT 1 [ RunTime:0.000535s ]
[2022-09-08 00:05:13][sql] SELECT * FROM `ds_system_admin` WHERE (  `id` = 1 ) AND `ds_system_admin`.`delete_time` IS NULL LIMIT 1 [ RunTime:0.000413s ]
[2022-09-08 00:05:15][sql] CONNECT:[ UseTime:0.000568s ] mysql:host=127.0.0.1;port=3306;dbname=webs;charset=utf8
[2022-09-08 00:05:15][sql] SHOW FULL COLUMNS FROM `ds_system_config` [ RunTime:0.001070s ]
[2022-09-08 00:05:15][sql] SELECT `value` FROM `ds_system_config` WHERE  `group` = 'site'  AND `name` = 'site_name' LIMIT 1 [ RunTime:0.000343s ]
[2022-09-08 00:05:16][sql] CONNECT:[ UseTime:0.000729s ] mysql:host=127.0.0.1;port=3306;dbname=webs;charset=utf8
[2022-09-08 00:05:16][sql] SHOW FULL COLUMNS FROM `ds_notify` [ RunTime:0.001258s ]
[2022-09-08 00:05:16][sql] SELECT * FROM `ds_notify` WHERE  `is_show` = 1 ORDER BY `create_time` DESC LIMIT 1 [ RunTime:0.000635s ]
[2022-09-08 00:05:16][sql] SHOW FULL COLUMNS FROM `ds_system_quick` [ RunTime:0.001012s ]
[2022-09-08 00:05:16][sql] SELECT `id`,`title`,`icon`,`href` FROM `ds_system_quick` WHERE (  `status` = 1 ) AND `ds_system_quick`.`delete_time` IS NULL ORDER BY `sort` DESC LIMIT 8 [ RunTime:0.000510s ]
[2022-09-08 00:05:16][sql] SHOW FULL COLUMNS FROM `ds_system_admin` [ RunTime:0.001240s ]
[2022-09-08 00:05:16][sql] SELECT * FROM `ds_system_admin` WHERE (  `id` = 1 ) AND `ds_system_admin`.`delete_time` IS NULL LIMIT 1 [ RunTime:0.000554s ]
[2022-09-08 00:05:16][sql] SELECT * FROM `ds_system_admin` WHERE (  `id` = 1 ) AND `ds_system_admin`.`delete_time` IS NULL LIMIT 1 [ RunTime:0.000495s ]
[2022-09-08 00:05:16][sql] SHOW FULL COLUMNS FROM `ds_outlay` [ RunTime:0.001108s ]
[2022-09-08 00:05:16][sql] SELECT SUM(`money`) AS think_sum FROM `ds_outlay` WHERE  `status` = 0 LIMIT 1 [ RunTime:0.000398s ]
[2022-09-08 00:05:16][sql] SHOW FULL COLUMNS FROM `ds_payed_show` [ RunTime:0.000747s ]
[2022-09-08 00:05:16][sql] SELECT COUNT(DISTINCT `ip`) AS think_count FROM `ds_payed_show` LIMIT 1 [ RunTime:0.045300s ]
[2022-09-08 00:05:16][sql] SHOW FULL COLUMNS FROM `ds_tj` [ RunTime:0.000935s ]
[2022-09-08 00:05:16][sql] SELECT COUNT(*) AS think_count FROM `ds_tj` WHERE  `create_time` BETWEEN 1662566400 AND 1662652799 LIMIT 1 [ RunTime:0.000477s ]
[2022-09-08 00:05:16][sql] SHOW FULL COLUMNS FROM `ds_pay_order` [ RunTime:0.000908s ]
[2022-09-08 00:05:16][sql] SELECT COUNT(*) AS think_count FROM `ds_pay_order` WHERE  `is_kouliang` = '1'  AND `status` = '1'  AND `is_tj` = 1 LIMIT 1 [ RunTime:0.000558s ]
[2022-09-08 00:05:16][sql] SELECT SUM(`price`) AS think_sum FROM `ds_pay_order` WHERE  `is_kouliang` = '1'  AND `status` = '1'  AND `is_tj` = 1 LIMIT 1 [ RunTime:0.000340s ]
[2022-09-08 00:05:16][sql] SELECT SUM(`price`) AS think_sum FROM `ds_pay_order` WHERE  `is_kouliang` = '1'  AND `status` = '1'  AND `is_tj` = 1  AND `createtime` BETWEEN 1662566400 AND 1662652799 LIMIT 1 [ RunTime:0.000371s ]
[2022-09-08 00:05:16][sql] SELECT COUNT(*) AS think_count FROM `ds_pay_order` WHERE  `is_kouliang` = '1'  AND `status` = '1'  AND `is_tj` = 1  AND `createtime` BETWEEN 1662566400 AND 1662652799 LIMIT 1 [ RunTime:0.000387s ]
[2022-09-08 00:05:16][sql] SELECT SUM(`price`) AS think_sum FROM `ds_pay_order` WHERE  `is_kouliang` = '1'  AND `status` = '1'  AND `is_tj` = 1  AND `createtime` BETWEEN 1662480000 AND 1662566399 LIMIT 1 [ RunTime:0.000311s ]
[2022-09-08 00:05:16][sql] SELECT COUNT(*) AS think_count FROM `ds_pay_order` WHERE  `is_kouliang` = '1'  AND `status` = '1'  AND `is_tj` = 1  AND `createtime` BETWEEN 1662480000 AND 1662566399 LIMIT 1 [ RunTime:0.000295s ]
[2022-09-08 00:05:16][sql] SELECT `id`,`createtime` FROM `ds_pay_order` WHERE  `status` = '2'  AND `createtime` BETWEEN 1662307200 AND 1662911999  AND `is_tj` = 1  AND `is_kouliang` = '1' [ RunTime:0.000424s ]
[2022-09-08 00:05:16][sql] SELECT `id`,`createtime` FROM `ds_pay_order` WHERE  `status` = '1'  AND `createtime` BETWEEN 1662307200 AND 1662911999  AND `is_tj` = 1  AND `is_kouliang` = '1' [ RunTime:0.000379s ]
[2022-09-08 00:05:16][sql] SHOW FULL COLUMNS FROM `ds_system_config` [ RunTime:0.001028s ]
[2022-09-08 00:05:16][sql] SELECT `value` FROM `ds_system_config` WHERE  `group` = 'site'  AND `name` = 'site_name' LIMIT 1 [ RunTime:0.000441s ]
[2022-09-08 00:05:22][sql] CONNECT:[ UseTime:0.000569s ] mysql:host=127.0.0.1;port=3306;dbname=webs;charset=utf8
[2022-09-08 00:05:22][sql] SHOW FULL COLUMNS FROM `ds_system_config` [ RunTime:0.001088s ]
[2022-09-08 00:05:22][sql] SELECT `value` FROM `ds_system_config` WHERE  `group` = 'site'  AND `name` = 'site_name' LIMIT 1 [ RunTime:0.000407s ]
[2022-09-08 00:05:22][sql] CONNECT:[ UseTime:0.000701s ] mysql:host=127.0.0.1;port=3306;dbname=webs;charset=utf8
[2022-09-08 00:05:22][sql] SHOW FULL COLUMNS FROM `ds_pay_setting` [ RunTime:0.001379s ]
[2022-09-08 00:05:22][sql] SELECT COUNT(*) AS think_count FROM `ds_pay_setting` LIMIT 1 [ RunTime:0.000376s ]
[2022-09-08 00:05:22][sql] SELECT * FROM `ds_pay_setting` ORDER BY `id` DESC LIMIT 0,15 [ RunTime:0.000438s ]
[2022-09-08 00:05:24][sql] CONNECT:[ UseTime:0.000485s ] mysql:host=127.0.0.1;port=3306;dbname=webs;charset=utf8
[2022-09-08 00:05:24][sql] SHOW FULL COLUMNS FROM `ds_pay_setting` [ RunTime:0.000966s ]
[2022-09-08 00:05:24][sql] SELECT * FROM `ds_pay_setting` WHERE  `id` = 35 LIMIT 1 [ RunTime:0.000487s ]
[2022-09-08 00:05:24][sql] SHOW FULL COLUMNS FROM `ds_system_config` [ RunTime:0.000870s ]
[2022-09-08 00:05:24][sql] SELECT `value` FROM `ds_system_config` WHERE  `group` = 'site'  AND `name` = 'site_name' LIMIT 1 [ RunTime:0.000345s ]
[2022-09-08 00:07:49][sql] CONNECT:[ UseTime:0.000782s ] mysql:host=127.0.0.1;port=3306;dbname=webs;charset=utf8
[2022-09-08 00:07:49][sql] show tables like 'ds_system_log_202209' [ RunTime:0.000827s ]
[2022-09-08 00:07:49][sql] SHOW FULL COLUMNS FROM `ds_system_log_202209` [ RunTime:0.001182s ]
[2022-09-08 00:07:49][sql] INSERT INTO `ds_system_log_202209` SET `admin_id` = 1 , `url` = '/admin/paysetting/edit?id=35' , `method` = 'post' , `ip` = '124.152.241.21' , `content` = '{"id":"35","title":"支付宝-叮咚API","app_id":"1001","app_key":"JEjJCcRGp6JJt6MvMqbv3MeQV7jcmmJ3","pay_url":"http:\/\/epay.ddmzf.cn","pay_channel":"wxpay","pay_model":"jiuyizf_wx","pay_fudong":"0","status":"1"}' , `useragent` = 'Mozilla/5.0 (Macintosh; Intel Mac OS X 10_15_7) AppleWebKit/537.36 (KHTML, like Gecko) Chrome/105.0.0.0 Safari/537.36' , `create_time` = 1662566869 [ RunTime:0.000558s ]
[2022-09-08 00:07:49][sql] SHOW FULL COLUMNS FROM `ds_pay_setting` [ RunTime:0.001092s ]
[2022-09-08 00:07:49][sql] SELECT * FROM `ds_pay_setting` WHERE  `id` = 35 LIMIT 1 [ RunTime:0.000393s ]
[2022-09-08 00:07:49][sql] UPDATE `ds_pay_setting`  SET `app_id` = '1001' , `app_key` = 'JEjJCcRGp6JJt6MvMqbv3MeQV7jcmmJ3' , `pay_url` = 'http://epay.ddmzf.cn' , `pay_channel` = 'wxpay' , `pay_model` = 'jiuyizf_wx'  WHERE  `id` = 35 [ RunTime:0.000485s ]
[2022-09-08 00:08:37][sql] CONNECT:[ UseTime:0.000559s ] mysql:host=127.0.0.1;port=3306;dbname=webs;charset=utf8
[2022-09-08 00:08:37][sql] SHOW FULL COLUMNS FROM `ds_system_config` [ RunTime:0.001130s ]
[2022-09-08 00:08:37][sql] SELECT `value` FROM `ds_system_config` WHERE  `group` = 'site'  AND `name` = 'site_name' LIMIT 1 [ RunTime:0.000502s ]
[2022-09-08 00:08:38][sql] CONNECT:[ UseTime:0.000647s ] mysql:host=127.0.0.1;port=3306;dbname=webs;charset=utf8
[2022-09-08 00:08:38][sql] SHOW FULL COLUMNS FROM `ds_quantity` [ RunTime:0.001226s ]
[2022-09-08 00:08:38][sql] SELECT COUNT(*) AS think_count FROM `ds_quantity` LIMIT 1 [ RunTime:0.000323s ]
[2022-09-08 00:08:38][sql] SELECT * FROM `ds_quantity` ORDER BY `id` DESC LIMIT 0,15 [ RunTime:0.000368s ]
[2022-09-08 00:08:38][sql] SHOW FULL COLUMNS FROM `ds_system_admin` [ RunTime:0.001083s ]
[2022-09-08 00:08:38][sql] SELECT * FROM `ds_system_admin` WHERE (  `id` IN (183,184,182,181,180,179,178,177,176,175,174,173,172,171) ) AND `ds_system_admin`.`delete_time` IS NULL [ RunTime:0.000642s ]
[2022-09-08 00:08:41][sql] CONNECT:[ UseTime:0.000558s ] mysql:host=127.0.0.1;port=3306;dbname=webs;charset=utf8
[2022-09-08 00:08:41][sql] SHOW FULL COLUMNS FROM `ds_system_config` [ RunTime:0.001035s ]
[2022-09-08 00:08:41][sql] SELECT `value` FROM `ds_system_config` WHERE  `group` = 'site'  AND `name` = 'site_name' LIMIT 1 [ RunTime:0.000344s ]
[2022-09-08 00:08:42][sql] CONNECT:[ UseTime:0.000443s ] mysql:host=127.0.0.1;port=3306;dbname=webs;charset=utf8
[2022-09-08 00:08:42][sql] SHOW FULL COLUMNS FROM `ds_system_config` [ RunTime:0.000839s ]
[2022-09-08 00:08:42][sql] SELECT `value` FROM `ds_system_config` WHERE  `group` = 'site'  AND `name` = 'site_name' LIMIT 1 [ RunTime:0.000246s ]
[2022-09-08 00:08:42][sql] CONNECT:[ UseTime:0.000452s ] mysql:host=127.0.0.1;port=3306;dbname=webs;charset=utf8
[2022-09-08 00:08:42][sql] SHOW FULL COLUMNS FROM `ds_notify` [ RunTime:0.001122s ]
[2022-09-08 00:08:42][sql] SELECT * FROM `ds_notify` WHERE  `is_show` = 1 ORDER BY `create_time` DESC LIMIT 1 [ RunTime:0.000375s ]
[2022-09-08 00:08:42][sql] SHOW FULL COLUMNS FROM `ds_system_quick` [ RunTime:0.000736s ]
[2022-09-08 00:08:42][sql] SELECT `id`,`title`,`icon`,`href` FROM `ds_system_quick` WHERE (  `status` = 1 ) AND `ds_system_quick`.`delete_time` IS NULL ORDER BY `sort` DESC LIMIT 8 [ RunTime:0.000303s ]
[2022-09-08 00:08:42][sql] SHOW FULL COLUMNS FROM `ds_system_admin` [ RunTime:0.000966s ]
[2022-09-08 00:08:42][sql] SELECT * FROM `ds_system_admin` WHERE (  `id` = 1 ) AND `ds_system_admin`.`delete_time` IS NULL LIMIT 1 [ RunTime:0.000484s ]
[2022-09-08 00:08:42][sql] SELECT * FROM `ds_system_admin` WHERE (  `id` = 1 ) AND `ds_system_admin`.`delete_time` IS NULL LIMIT 1 [ RunTime:0.000400s ]
[2022-09-08 00:08:42][sql] SHOW FULL COLUMNS FROM `ds_outlay` [ RunTime:0.000828s ]
[2022-09-08 00:08:42][sql] SELECT SUM(`money`) AS think_sum FROM `ds_outlay` WHERE  `status` = 0 LIMIT 1 [ RunTime:0.000272s ]
[2022-09-08 00:08:42][sql] SHOW FULL COLUMNS FROM `ds_payed_show` [ RunTime:0.000639s ]
[2022-09-08 00:08:42][sql] SELECT COUNT(DISTINCT `ip`) AS think_count FROM `ds_payed_show` LIMIT 1 [ RunTime:0.042554s ]
[2022-09-08 00:08:42][sql] SHOW FULL COLUMNS FROM `ds_tj` [ RunTime:0.000938s ]
[2022-09-08 00:08:42][sql] SELECT COUNT(*) AS think_count FROM `ds_tj` WHERE  `create_time` BETWEEN 1662566400 AND 1662652799 LIMIT 1 [ RunTime:0.000455s ]
[2022-09-08 00:08:42][sql] SHOW FULL COLUMNS FROM `ds_pay_order` [ RunTime:0.000747s ]
[2022-09-08 00:08:42][sql] SELECT COUNT(*) AS think_count FROM `ds_pay_order` WHERE  `is_kouliang` = '1'  AND `status` = '1'  AND `is_tj` = 1 LIMIT 1 [ RunTime:0.000497s ]
[2022-09-08 00:08:42][sql] SELECT SUM(`price`) AS think_sum FROM `ds_pay_order` WHERE  `is_kouliang` = '1'  AND `status` = '1'  AND `is_tj` = 1 LIMIT 1 [ RunTime:0.000344s ]
[2022-09-08 00:08:42][sql] SELECT SUM(`price`) AS think_sum FROM `ds_pay_order` WHERE  `is_kouliang` = '1'  AND `status` = '1'  AND `is_tj` = 1  AND `createtime` BETWEEN 1662566400 AND 1662652799 LIMIT 1 [ RunTime:0.000504s ]
[2022-09-08 00:08:42][sql] SELECT COUNT(*) AS think_count FROM `ds_pay_order` WHERE  `is_kouliang` = '1'  AND `status` = '1'  AND `is_tj` = 1  AND `createtime` BETWEEN 1662566400 AND 1662652799 LIMIT 1 [ RunTime:0.000436s ]
[2022-09-08 00:08:42][sql] SELECT SUM(`price`) AS think_sum FROM `ds_pay_order` WHERE  `is_kouliang` = '1'  AND `status` = '1'  AND `is_tj` = 1  AND `createtime` BETWEEN 1662480000 AND 1662566399 LIMIT 1 [ RunTime:0.000300s ]
[2022-09-08 00:08:42][sql] SELECT COUNT(*) AS think_count FROM `ds_pay_order` WHERE  `is_kouliang` = '1'  AND `status` = '1'  AND `is_tj` = 1  AND `createtime` BETWEEN 1662480000 AND 1662566399 LIMIT 1 [ RunTime:0.000489s ]
[2022-09-08 00:08:42][sql] SELECT `id`,`createtime` FROM `ds_pay_order` WHERE  `status` = '2'  AND `createtime` BETWEEN 1662307200 AND 1662911999  AND `is_tj` = 1  AND `is_kouliang` = '1' [ RunTime:0.000377s ]
[2022-09-08 00:08:42][sql] SELECT `id`,`createtime` FROM `ds_pay_order` WHERE  `status` = '1'  AND `createtime` BETWEEN 1662307200 AND 1662911999  AND `is_tj` = 1  AND `is_kouliang` = '1' [ RunTime:0.000340s ]
[2022-09-08 00:08:42][sql] SHOW FULL COLUMNS FROM `ds_system_config` [ RunTime:0.000831s ]
[2022-09-08 00:08:42][sql] SELECT `value` FROM `ds_system_config` WHERE  `group` = 'site'  AND `name` = 'site_name' LIMIT 1 [ RunTime:0.000298s ]
[2022-09-08 00:08:42][sql] CONNECT:[ UseTime:0.000504s ] mysql:host=127.0.0.1;port=3306;dbname=webs;charset=utf8
[2022-09-08 00:08:42][sql] SHOW FULL COLUMNS FROM `ds_pay_setting` [ RunTime:0.001081s ]
[2022-09-08 00:08:42][sql] SELECT COUNT(*) AS think_count FROM `ds_pay_setting` LIMIT 1 [ RunTime:0.000322s ]
[2022-09-08 00:08:42][sql] SELECT * FROM `ds_pay_setting` ORDER BY `id` DESC LIMIT 0,15 [ RunTime:0.000237s ]
[2022-09-08 00:12:06][sql] CONNECT:[ UseTime:0.000553s ] mysql:host=127.0.0.1;port=3306;dbname=webs;charset=utf8
[2022-09-08 00:12:06][sql] SHOW FULL COLUMNS FROM `ds_pay_setting` [ RunTime:0.001018s ]
[2022-09-08 00:12:06][sql] SELECT * FROM `ds_pay_setting` WHERE  `id` = 35 LIMIT 1 [ RunTime:0.000388s ]
[2022-09-08 00:12:06][sql] SHOW FULL COLUMNS FROM `ds_system_config` [ RunTime:0.000729s ]
[2022-09-08 00:12:06][sql] SELECT `value` FROM `ds_system_config` WHERE  `group` = 'site'  AND `name` = 'site_name' LIMIT 1 [ RunTime:0.000364s ]
[2022-09-08 00:14:20][sql] CONNECT:[ UseTime:0.000575s ] mysql:host=127.0.0.1;port=3306;dbname=webs;charset=utf8
[2022-09-08 00:14:20][sql] show tables like 'ds_system_log_202209' [ RunTime:0.000469s ]
[2022-09-08 00:14:20][sql] SHOW FULL COLUMNS FROM `ds_system_log_202209` [ RunTime:0.001178s ]
[2022-09-08 00:14:20][sql] INSERT INTO `ds_system_log_202209` SET `admin_id` = 1 , `url` = '/admin/paysetting/edit?id=35' , `method` = 'post' , `ip` = '124.152.241.21' , `content` = '{"id":"35","title":"支付宝-叮咚API","app_id":"1001","app_key":"JEjJCcRGp6JJt6MvMqbv3MeQV7jcmmJ3","pay_url":"http:\/\/epay.ddmzf.cn","pay_channel":"alipay","pay_model":"jiuyizf_wx","pay_fudong":"0","status":"1"}' , `useragent` = 'Mozilla/5.0 (Macintosh; Intel Mac OS X 10_15_7) AppleWebKit/537.36 (KHTML, like Gecko) Chrome/105.0.0.0 Safari/537.36' , `create_time` = 1662567260 [ RunTime:0.000725s ]
[2022-09-08 00:14:20][sql] SHOW FULL COLUMNS FROM `ds_pay_setting` [ RunTime:0.001426s ]
[2022-09-08 00:14:20][sql] SELECT * FROM `ds_pay_setting` WHERE  `id` = 35 LIMIT 1 [ RunTime:0.000365s ]
[2022-09-08 00:14:20][sql] UPDATE `ds_pay_setting`  SET `pay_channel` = 'alipay'  WHERE  `id` = 35 [ RunTime:0.000409s ]
[2022-09-08 00:14:22][sql] CONNECT:[ UseTime:0.000559s ] mysql:host=127.0.0.1;port=3306;dbname=webs;charset=utf8
[2022-09-08 00:14:22][sql] SHOW FULL COLUMNS FROM `ds_pay_setting` [ RunTime:0.001166s ]
[2022-09-08 00:14:22][sql] SELECT COUNT(*) AS think_count FROM `ds_pay_setting` LIMIT 1 [ RunTime:0.000414s ]
[2022-09-08 00:14:22][sql] SELECT * FROM `ds_pay_setting` ORDER BY `id` DESC LIMIT 0,15 [ RunTime:0.000398s ]
