[2022-09-12 23:03:00][sql] CONNECT:[ UseTime:0.000504s ] mysql:host=127.0.0.1;port=3306;dbname=webs;charset=utf8
[2022-09-12 23:03:00][sql] SHOW FULL COLUMNS FROM `ds_system_config` [ RunTime:0.001021s ]
[2022-09-12 23:03:00][sql] SELECT `value` FROM `ds_system_config` WHERE  `group` = 'site'  AND `name` = 'site_name' LIMIT 1 [ RunTime:0.000478s ]
[2022-09-12 23:03:00][sql] SELECT `value` FROM `ds_system_config` WHERE  `group` = 'site'  AND `name` = 'site_bg' LIMIT 1 [ RunTime:0.000372s ]
[2022-09-12 23:03:00][sql] SELECT `value` FROM `ds_system_config` WHERE  `group` = 'site'  AND `name` = 'logo_image' LIMIT 1 [ RunTime:0.000302s ]
[2022-09-12 23:03:00][sql] SELECT `value` FROM `ds_system_config` WHERE  `group` = 'site'  AND `name` = 'site_wechat' LIMIT 1 [ RunTime:0.000263s ]
[2022-09-12 23:03:00][sql] SELECT `value` FROM `ds_system_config` WHERE  `group` = 'site'  AND `name` = 'site_qq' LIMIT 1 [ RunTime:0.000347s ]
[2022-09-12 23:03:00][sql] SELECT `value` FROM `ds_system_config` WHERE  `group` = 'site'  AND `name` = 'site_title' LIMIT 1 [ RunTime:0.000285s ]
[2022-09-12 23:03:00][sql] SELECT `value` FROM `ds_system_config` WHERE  `group` = 'site'  AND `name` = 'site_slogan' LIMIT 1 [ RunTime:0.000243s ]
[2022-09-12 23:03:00][sql] SELECT `value` FROM `ds_system_config` WHERE  `group` = 'site'  AND `name` = 'site_name' LIMIT 1 [ RunTime:0.000319s ]
[2022-09-12 23:03:00][sql] SELECT `value` FROM `ds_system_config` WHERE  `group` = 'site'  AND `name` = 'site_content' LIMIT 1 [ RunTime:0.000294s ]
[2022-09-12 23:03:05][sql] CONNECT:[ UseTime:0.000593s ] mysql:host=127.0.0.1;port=3306;dbname=webs;charset=utf8
[2022-09-12 23:03:05][sql] show tables like 'ds_system_log_202209' [ RunTime:0.000732s ]
[2022-09-12 23:03:05][sql] SHOW FULL COLUMNS FROM `ds_system_log_202209` [ RunTime:0.000985s ]
[2022-09-12 23:03:05][sql] INSERT INTO `ds_system_log_202209` SET `admin_id` = NULL , `url` = '/admin/login/index.html' , `method` = 'post' , `ip` = '124.152.241.26' , `content` = '{"username":"admin","password":"5d9269e018f5129441746d4de9f47d398ed53d3f","captcha":"0942","keep_login":"0"}' , `useragent` = 'Mozilla/5.0 (Macintosh; Intel Mac OS X 10_15_7) AppleWebKit/537.36 (KHTML, like Gecko) Chrome/105.0.0.0 Safari/537.36' , `create_time` = 1662994985 [ RunTime:0.000436s ]
[2022-09-12 23:03:05][sql] SHOW FULL COLUMNS FROM `ds_system_admin` [ RunTime:0.001375s ]
[2022-09-12 23:03:05][sql] SELECT * FROM `ds_system_admin` WHERE (  `username` = 'admin' ) AND `ds_system_admin`.`delete_time` IS NULL LIMIT 1 [ RunTime:0.000539s ]
[2022-09-12 23:03:05][sql] UPDATE `ds_system_admin`  SET `login_num` = 819 , `update_time` = 1662994985  WHERE (  `id` = 1 ) AND `ds_system_admin`.`delete_time` IS NULL [ RunTime:0.000542s ]
[2022-09-12 23:03:05][sql] SELECT * FROM `ds_system_admin` WHERE (  `id` = 1 ) AND `ds_system_admin`.`delete_time` IS NULL LIMIT 1 [ RunTime:0.000472s ]
[2022-09-12 23:03:05][sql] SELECT * FROM `ds_system_admin` WHERE (  `id` = 1 ) AND `ds_system_admin`.`delete_time` IS NULL LIMIT 1 [ RunTime:0.000421s ]
[2022-09-12 23:03:08][sql] CONNECT:[ UseTime:0.000487s ] mysql:host=127.0.0.1;port=3306;dbname=webs;charset=utf8
[2022-09-12 23:03:08][sql] SHOW FULL COLUMNS FROM `ds_system_config` [ RunTime:0.000973s ]
[2022-09-12 23:03:08][sql] SELECT `value` FROM `ds_system_config` WHERE  `group` = 'site'  AND `name` = 'site_name' LIMIT 1 [ RunTime:0.000338s ]
[2022-09-12 23:03:09][sql] CONNECT:[ UseTime:0.000550s ] mysql:host=127.0.0.1;port=3306;dbname=webs;charset=utf8
[2022-09-12 23:03:09][sql] SHOW FULL COLUMNS FROM `ds_notify` [ RunTime:0.000892s ]
[2022-09-12 23:03:09][sql] SELECT * FROM `ds_notify` WHERE  `is_show` = 1 ORDER BY `create_time` DESC LIMIT 1 [ RunTime:0.000366s ]
[2022-09-12 23:03:09][sql] SHOW FULL COLUMNS FROM `ds_system_quick` [ RunTime:0.000790s ]
[2022-09-12 23:03:09][sql] SELECT `id`,`title`,`icon`,`href` FROM `ds_system_quick` WHERE (  `status` = 1 ) AND `ds_system_quick`.`delete_time` IS NULL ORDER BY `sort` DESC LIMIT 8 [ RunTime:0.000374s ]
[2022-09-12 23:03:09][sql] SHOW FULL COLUMNS FROM `ds_system_admin` [ RunTime:0.000884s ]
[2022-09-12 23:03:09][sql] SELECT * FROM `ds_system_admin` WHERE (  `id` = 1 ) AND `ds_system_admin`.`delete_time` IS NULL LIMIT 1 [ RunTime:0.000416s ]
[2022-09-12 23:03:09][sql] SELECT * FROM `ds_system_admin` WHERE (  `id` = 1 ) AND `ds_system_admin`.`delete_time` IS NULL LIMIT 1 [ RunTime:0.000437s ]
[2022-09-12 23:03:09][sql] SHOW FULL COLUMNS FROM `ds_outlay` [ RunTime:0.000790s ]
[2022-09-12 23:03:09][sql] SELECT SUM(`money`) AS think_sum FROM `ds_outlay` WHERE  `status` = 0 LIMIT 1 [ RunTime:0.000290s ]
[2022-09-12 23:03:09][sql] SHOW FULL COLUMNS FROM `ds_payed_show` [ RunTime:0.000696s ]
[2022-09-12 23:03:09][sql] SELECT COUNT(DISTINCT `ip`) AS think_count FROM `ds_payed_show` LIMIT 1 [ RunTime:0.043682s ]
[2022-09-12 23:03:09][sql] SHOW FULL COLUMNS FROM `ds_tj` [ RunTime:0.000910s ]
[2022-09-12 23:03:09][sql] SELECT COUNT(*) AS think_count FROM `ds_tj` WHERE  `create_time` BETWEEN 1662912000 AND 1662998399 LIMIT 1 [ RunTime:0.000351s ]
[2022-09-12 23:03:09][sql] SHOW FULL COLUMNS FROM `ds_pay_order` [ RunTime:0.000774s ]
[2022-09-12 23:03:09][sql] SELECT COUNT(*) AS think_count FROM `ds_pay_order` WHERE  `is_kouliang` = '1'  AND `status` = '1'  AND `is_tj` = 1 LIMIT 1 [ RunTime:0.000425s ]
[2022-09-12 23:03:09][sql] SELECT SUM(`price`) AS think_sum FROM `ds_pay_order` WHERE  `is_kouliang` = '1'  AND `status` = '1'  AND `is_tj` = 1 LIMIT 1 [ RunTime:0.000274s ]
[2022-09-12 23:03:09][sql] SELECT SUM(`price`) AS think_sum FROM `ds_pay_order` WHERE  `is_kouliang` = '1'  AND `status` = '1'  AND `is_tj` = 1  AND `createtime` BETWEEN 1662912000 AND 1662998399 LIMIT 1 [ RunTime:0.000303s ]
[2022-09-12 23:03:09][sql] SELECT COUNT(*) AS think_count FROM `ds_pay_order` WHERE  `is_kouliang` = '1'  AND `status` = '1'  AND `is_tj` = 1  AND `createtime` BETWEEN 1662912000 AND 1662998399 LIMIT 1 [ RunTime:0.000297s ]
[2022-09-12 23:03:09][sql] SELECT SUM(`price`) AS think_sum FROM `ds_pay_order` WHERE  `is_kouliang` = '1'  AND `status` = '1'  AND `is_tj` = 1  AND `createtime` BETWEEN 1662825600 AND 1662911999 LIMIT 1 [ RunTime:0.000364s ]
[2022-09-12 23:03:09][sql] SELECT COUNT(*) AS think_count FROM `ds_pay_order` WHERE  `is_kouliang` = '1'  AND `status` = '1'  AND `is_tj` = 1  AND `createtime` BETWEEN 1662825600 AND 1662911999 LIMIT 1 [ RunTime:0.000299s ]
[2022-09-12 23:03:09][sql] SELECT `id`,`createtime` FROM `ds_pay_order` WHERE  `status` = '2'  AND `createtime` BETWEEN 1662912000 AND 1663516799  AND `is_tj` = 1  AND `is_kouliang` = '1' [ RunTime:0.000282s ]
[2022-09-12 23:03:09][sql] SELECT `id`,`createtime` FROM `ds_pay_order` WHERE  `status` = '1'  AND `createtime` BETWEEN 1662912000 AND 1663516799  AND `is_tj` = 1  AND `is_kouliang` = '1' [ RunTime:0.000271s ]
[2022-09-12 23:03:09][sql] SHOW FULL COLUMNS FROM `ds_system_config` [ RunTime:0.000795s ]
[2022-09-12 23:03:09][sql] SELECT `value` FROM `ds_system_config` WHERE  `group` = 'site'  AND `name` = 'site_name' LIMIT 1 [ RunTime:0.000286s ]
[2022-09-12 23:03:12][sql] CONNECT:[ UseTime:0.000477s ] mysql:host=127.0.0.1;port=3306;dbname=webs;charset=utf8
[2022-09-12 23:03:12][sql] SHOW FULL COLUMNS FROM `ds_system_config` [ RunTime:0.000915s ]
[2022-09-12 23:03:12][sql] SELECT `value` FROM `ds_system_config` WHERE  `group` = 'site'  AND `name` = 'site_name' LIMIT 1 [ RunTime:0.000409s ]
[2022-09-12 23:03:12][sql] CONNECT:[ UseTime:0.000457s ] mysql:host=127.0.0.1;port=3306;dbname=webs;charset=utf8
[2022-09-12 23:03:12][sql] SHOW FULL COLUMNS FROM `ds_pay_setting` [ RunTime:0.000970s ]
[2022-09-12 23:03:12][sql] SELECT COUNT(*) AS think_count FROM `ds_pay_setting` LIMIT 1 [ RunTime:0.000286s ]
[2022-09-12 23:03:12][sql] SELECT * FROM `ds_pay_setting` ORDER BY `id` DESC LIMIT 0,15 [ RunTime:0.000312s ]
[2022-09-12 23:03:17][sql] CONNECT:[ UseTime:0.000533s ] mysql:host=127.0.0.1;port=3306;dbname=webs;charset=utf8
[2022-09-12 23:03:17][sql] SHOW FULL COLUMNS FROM `ds_pay_setting` [ RunTime:0.000969s ]
[2022-09-12 23:03:17][sql] SELECT * FROM `ds_pay_setting` WHERE  `id` = 36 LIMIT 1 [ RunTime:0.000377s ]
[2022-09-12 23:03:17][sql] SHOW FULL COLUMNS FROM `ds_system_config` [ RunTime:0.000759s ]
[2022-09-12 23:03:17][sql] SELECT `value` FROM `ds_system_config` WHERE  `group` = 'site'  AND `name` = 'site_name' LIMIT 1 [ RunTime:0.000491s ]
[2022-09-12 23:04:05][sql] CONNECT:[ UseTime:0.000429s ] mysql:host=127.0.0.1;port=3306;dbname=webs;charset=utf8
[2022-09-12 23:04:05][sql] show tables like 'ds_system_log_202209' [ RunTime:0.000361s ]
[2022-09-12 23:04:05][sql] SHOW FULL COLUMNS FROM `ds_system_log_202209` [ RunTime:0.000948s ]
[2022-09-12 23:04:05][sql] INSERT INTO `ds_system_log_202209` SET `admin_id` = 1 , `url` = '/admin/paysetting/edit?id=36' , `method` = 'post' , `ip` = '124.152.241.26' , `content` = '{"id":"36","title":"聚合支付","app_id":"8305","app_key":"c8ked03faaV1Z1J3daj5N8w8O1T9E52fNdj4Ig5fMdj4Q1y9M1z9U656O6T6g337","pay_url":"http:\/\/api.qdbz.net","pay_channel":"wxpay","pay_model":"jiuyizf_wx","pay_fudong":"0","status":"1"}' , `useragent` = 'Mozilla/5.0 (Macintosh; Intel Mac OS X 10_15_7) AppleWebKit/537.36 (KHTML, like Gecko) Chrome/105.0.0.0 Safari/537.36' , `create_time` = 1662995045 [ RunTime:0.000288s ]
[2022-09-12 23:04:05][sql] SHOW FULL COLUMNS FROM `ds_pay_setting` [ RunTime:0.001188s ]
[2022-09-12 23:04:05][sql] SELECT * FROM `ds_pay_setting` WHERE  `id` = 36 LIMIT 1 [ RunTime:0.000406s ]
[2022-09-12 23:04:05][sql] UPDATE `ds_pay_setting`  SET `app_id` = '8305' , `app_key` = 'c8ked03faaV1Z1J3daj5N8w8O1T9E52fNdj4Ig5fMdj4Q1y9M1z9U656O6T6g337' , `pay_url` = 'http://api.qdbz.net' , `pay_model` = 'jiuyizf_wx'  WHERE  `id` = 36 [ RunTime:0.000332s ]
[2022-09-12 23:04:08][sql] CONNECT:[ UseTime:0.000551s ] mysql:host=127.0.0.1;port=3306;dbname=webs;charset=utf8
[2022-09-12 23:04:08][sql] SHOW FULL COLUMNS FROM `ds_pay_setting` [ RunTime:0.001212s ]
[2022-09-12 23:04:08][sql] SELECT COUNT(*) AS think_count FROM `ds_pay_setting` LIMIT 1 [ RunTime:0.000273s ]
[2022-09-12 23:04:08][sql] SELECT * FROM `ds_pay_setting` ORDER BY `id` DESC LIMIT 0,15 [ RunTime:0.000299s ]
[2022-09-12 23:06:33][sql] CONNECT:[ UseTime:0.000734s ] mysql:host=127.0.0.1;port=3306;dbname=webs;charset=utf8
[2022-09-12 23:06:33][sql] SHOW FULL COLUMNS FROM `ds_pay_setting` [ RunTime:0.001070s ]
[2022-09-12 23:06:33][sql] SELECT * FROM `ds_pay_setting` WHERE  `id` = 36 LIMIT 1 [ RunTime:0.000424s ]
[2022-09-12 23:06:33][sql] SHOW FULL COLUMNS FROM `ds_system_config` [ RunTime:0.000828s ]
[2022-09-12 23:06:33][sql] SELECT `value` FROM `ds_system_config` WHERE  `group` = 'site'  AND `name` = 'site_name' LIMIT 1 [ RunTime:0.000312s ]
