[2022-08-10 01:31:58][sql] CONNECT:[ UseTime:0.000942s ] mysql:host=127.0.0.1;port=3306;dbname=websq;charset=utf8
[2022-08-10 01:31:58][sql] SHOW FULL COLUMNS FROM `ds_system_config` [ RunTime:0.001716s ]
[2022-08-10 01:31:58][sql] SELECT `value` FROM `ds_system_config` WHERE  `group` = 'site'  AND `name` = 'site_name' LIMIT 1 [ RunTime:0.000827s ]
[2022-08-10 01:31:58][sql] SELECT `value` FROM `ds_system_config` WHERE  `group` = 'site'  AND `name` = 'site_bg' LIMIT 1 [ RunTime:0.000498s ]
[2022-08-10 01:31:58][sql] SELECT `value` FROM `ds_system_config` WHERE  `group` = 'site'  AND `name` = 'logo_image' LIMIT 1 [ RunTime:0.000374s ]
[2022-08-10 01:31:58][sql] SELECT `value` FROM `ds_system_config` WHERE  `group` = 'site'  AND `name` = 'site_wechat' LIMIT 1 [ RunTime:0.000364s ]
[2022-08-10 01:31:58][sql] SELECT `value` FROM `ds_system_config` WHERE  `group` = 'site'  AND `name` = 'site_qq' LIMIT 1 [ RunTime:0.000394s ]
[2022-08-10 01:31:58][sql] SELECT `value` FROM `ds_system_config` WHERE  `group` = 'site'  AND `name` = 'site_title' LIMIT 1 [ RunTime:0.000392s ]
[2022-08-10 01:31:58][sql] SELECT `value` FROM `ds_system_config` WHERE  `group` = 'site'  AND `name` = 'site_slogan' LIMIT 1 [ RunTime:0.000385s ]
[2022-08-10 01:31:58][sql] SELECT `value` FROM `ds_system_config` WHERE  `group` = 'site'  AND `name` = 'site_name' LIMIT 1 [ RunTime:0.000399s ]
[2022-08-10 01:31:58][sql] SELECT `value` FROM `ds_system_config` WHERE  `group` = 'site'  AND `name` = 'site_content' LIMIT 1 [ RunTime:0.000429s ]
[2022-08-10 01:33:13][sql] CONNECT:[ UseTime:0.000505s ] mysql:host=127.0.0.1;port=3306;dbname=websq;charset=utf8
[2022-08-10 01:33:13][sql] show tables like 'ds_system_log_202208' [ RunTime:0.000663s ]
[2022-08-10 01:33:13][sql] SHOW FULL COLUMNS FROM `ds_system_log_202208` [ RunTime:0.001288s ]
[2022-08-10 01:33:13][sql] INSERT INTO `ds_system_log_202208` SET `admin_id` = NULL , `url` = '/admin/login/index.html' , `method` = 'post' , `ip` = '42.91.10.242' , `content` = '{"username":"ds002","password":"e1b9541a06900579b050898e2381e73a1d2d2494","captcha":"4405","keep_login":"0"}' , `useragent` = 'Mozilla/5.0 (Windows NT 10.0; WOW64) AppleWebKit/537.36 (KHTML, like Gecko) Chrome/94.0.4606.71 Safari/537.36 Core/1.94.169.400 QQBrowser/11.0.5130.400' , `create_time` = 1660066393 [ RunTime:0.000886s ]
[2022-08-10 01:33:13][sql] SHOW FULL COLUMNS FROM `ds_system_admin` [ RunTime:0.002533s ]
[2022-08-10 01:33:13][sql] SELECT * FROM `ds_system_admin` WHERE (  `username` = 'ds002' ) AND `ds_system_admin`.`delete_time` IS NULL LIMIT 1 [ RunTime:0.000805s ]
[2022-08-10 01:33:13][sql] UPDATE `ds_system_admin`  SET `login_num` = 18 , `update_time` = 1660066393  WHERE (  `id` = 183 ) AND `ds_system_admin`.`delete_time` IS NULL [ RunTime:0.000644s ]
[2022-08-10 01:33:13][sql] SELECT * FROM `ds_system_admin` WHERE (  `id` = 1 ) AND `ds_system_admin`.`delete_time` IS NULL LIMIT 1 [ RunTime:0.000552s ]
[2022-08-10 01:33:13][sql] SELECT * FROM `ds_system_admin` WHERE (  `id` = 1 ) AND `ds_system_admin`.`delete_time` IS NULL LIMIT 1 [ RunTime:0.000527s ]
[2022-08-10 01:33:16][sql] CONNECT:[ UseTime:0.001007s ] mysql:host=127.0.0.1;port=3306;dbname=websq;charset=utf8
[2022-08-10 01:33:16][sql] SHOW FULL COLUMNS FROM `ds_system_config` [ RunTime:0.001946s ]
[2022-08-10 01:33:16][sql] SELECT `value` FROM `ds_system_config` WHERE  `group` = 'site'  AND `name` = 'site_name' LIMIT 1 [ RunTime:0.000632s ]
[2022-08-10 01:33:20][sql] CONNECT:[ UseTime:0.000489s ] mysql:host=127.0.0.1;port=3306;dbname=websq;charset=utf8
[2022-08-10 01:33:20][sql] SHOW FULL COLUMNS FROM `ds_notify` [ RunTime:0.001283s ]
[2022-08-10 01:33:20][sql] SELECT * FROM `ds_notify` WHERE  `is_show` = 1 ORDER BY `create_time` DESC LIMIT 1 [ RunTime:0.000488s ]
[2022-08-10 01:33:20][sql] SHOW FULL COLUMNS FROM `ds_system_quick` [ RunTime:0.001042s ]
[2022-08-10 01:33:20][sql] SELECT `id`,`title`,`icon`,`href` FROM `ds_system_quick` WHERE (  `status` = 1 ) AND `ds_system_quick`.`delete_time` IS NULL ORDER BY `sort` DESC LIMIT 8 [ RunTime:0.000546s ]
[2022-08-10 01:33:20][sql] SHOW FULL COLUMNS FROM `ds_system_admin` [ RunTime:0.001273s ]
[2022-08-10 01:33:20][sql] SELECT * FROM `ds_system_admin` WHERE (  `id` = 183 ) AND `ds_system_admin`.`delete_time` IS NULL LIMIT 1 [ RunTime:0.000535s ]
[2022-08-10 01:33:20][sql] SELECT * FROM `ds_system_admin` WHERE (  `id` = 183 ) AND `ds_system_admin`.`delete_time` IS NULL LIMIT 1 [ RunTime:0.000573s ]
[2022-08-10 01:33:20][sql] SHOW FULL COLUMNS FROM `ds_outlay` [ RunTime:0.001130s ]
[2022-08-10 01:33:20][sql] SELECT SUM(`money`) AS think_sum FROM `ds_outlay` WHERE  `status` = 0 LIMIT 1 [ RunTime:0.000398s ]
[2022-08-10 01:33:20][sql] SHOW FULL COLUMNS FROM `ds_payed_show` [ RunTime:0.001192s ]
[2022-08-10 01:33:20][sql] SELECT COUNT(DISTINCT `ip`) AS think_count FROM `ds_payed_show` WHERE  `uid` = 183  AND `is_tj` = 1  AND `is_kouliang` = 1 LIMIT 1 [ RunTime:0.033044s ]
[2022-08-10 01:33:20][sql] SHOW FULL COLUMNS FROM `ds_tj` [ RunTime:0.001318s ]
[2022-08-10 01:33:20][sql] SELECT COUNT(*) AS think_count FROM `ds_tj` WHERE  `uid` = 183  AND `create_time` BETWEEN 1660060800 AND 1660147199 LIMIT 1 [ RunTime:0.000569s ]
[2022-08-10 01:33:20][sql] SHOW FULL COLUMNS FROM `ds_pay_order` [ RunTime:0.001247s ]
[2022-08-10 01:33:20][sql] SELECT COUNT(*) AS think_count FROM `ds_pay_order` WHERE  `uid` = 183  AND `is_kouliang` = '1'  AND `status` = '1'  AND `is_tj` = 1 LIMIT 1 [ RunTime:0.000925s ]
[2022-08-10 01:33:20][sql] SELECT SUM(`price`) AS think_sum FROM `ds_pay_order` WHERE  `uid` = 183  AND `is_kouliang` = '1'  AND `status` = '1'  AND `is_tj` = 1 LIMIT 1 [ RunTime:0.000674s ]
[2022-08-10 01:33:20][sql] SELECT SUM(`price`) AS think_sum FROM `ds_pay_order` WHERE  `uid` = 183  AND `is_kouliang` = '1'  AND `status` = '1'  AND `is_tj` = 1  AND `createtime` BETWEEN 1660060800 AND 1660147199 LIMIT 1 [ RunTime:0.000492s ]
[2022-08-10 01:33:20][sql] SELECT COUNT(*) AS think_count FROM `ds_pay_order` WHERE  `uid` = 183  AND `is_kouliang` = '1'  AND `status` = '1'  AND `is_tj` = 1  AND `createtime` BETWEEN 1660060800 AND 1660147199 LIMIT 1 [ RunTime:0.000427s ]
[2022-08-10 01:33:20][sql] SELECT SUM(`price`) AS think_sum FROM `ds_pay_order` WHERE  `uid` = 183  AND `is_kouliang` = '1'  AND `status` = '1'  AND `is_tj` = 1  AND `createtime` BETWEEN 1659974400 AND 1660060799 LIMIT 1 [ RunTime:0.000439s ]
[2022-08-10 01:33:20][sql] SELECT COUNT(*) AS think_count FROM `ds_pay_order` WHERE  `uid` = 183  AND `is_kouliang` = '1'  AND `status` = '1'  AND `is_tj` = 1  AND `createtime` BETWEEN 1659974400 AND 1660060799 LIMIT 1 [ RunTime:0.000468s ]
[2022-08-10 01:33:20][sql] SELECT `id`,`createtime` FROM `ds_pay_order` WHERE  `uid` = 183  AND `status` = '2'  AND `createtime` BETWEEN 1659888000 AND 1660492799  AND `is_tj` = 1  AND `is_kouliang` = '1' [ RunTime:0.000798s ]
[2022-08-10 01:33:20][sql] SELECT `id`,`createtime` FROM `ds_pay_order` WHERE  `uid` = 183  AND `status` = '1'  AND `createtime` BETWEEN 1659888000 AND 1660492799  AND `is_tj` = 1  AND `is_kouliang` = '1' [ RunTime:0.000542s ]
[2022-08-10 01:33:20][sql] SHOW FULL COLUMNS FROM `ds_system_config` [ RunTime:0.001194s ]
[2022-08-10 01:33:20][sql] SELECT `value` FROM `ds_system_config` WHERE  `group` = 'site'  AND `name` = 'site_name' LIMIT 1 [ RunTime:0.000384s ]
[2022-08-10 01:47:59][sql] CONNECT:[ UseTime:0.001025s ] mysql:host=127.0.0.1;port=3306;dbname=websq;charset=utf8
[2022-08-10 01:47:59][sql] SHOW FULL COLUMNS FROM `ds_system_config` [ RunTime:0.001986s ]
[2022-08-10 01:47:59][sql] SELECT `value` FROM `ds_system_config` WHERE  `group` = 'site'  AND `name` = 'site_name' LIMIT 1 [ RunTime:0.000885s ]
[2022-08-10 01:47:59][sql] SELECT `value` FROM `ds_system_config` WHERE  `group` = 'site'  AND `name` = 'site_bg' LIMIT 1 [ RunTime:0.000434s ]
[2022-08-10 01:47:59][sql] SELECT `value` FROM `ds_system_config` WHERE  `group` = 'site'  AND `name` = 'logo_image' LIMIT 1 [ RunTime:0.000377s ]
[2022-08-10 01:47:59][sql] SELECT `value` FROM `ds_system_config` WHERE  `group` = 'site'  AND `name` = 'site_wechat' LIMIT 1 [ RunTime:0.000470s ]
[2022-08-10 01:47:59][sql] SELECT `value` FROM `ds_system_config` WHERE  `group` = 'site'  AND `name` = 'site_qq' LIMIT 1 [ RunTime:0.000501s ]
[2022-08-10 01:47:59][sql] SELECT `value` FROM `ds_system_config` WHERE  `group` = 'site'  AND `name` = 'site_title' LIMIT 1 [ RunTime:0.000413s ]
[2022-08-10 01:47:59][sql] SELECT `value` FROM `ds_system_config` WHERE  `group` = 'site'  AND `name` = 'site_slogan' LIMIT 1 [ RunTime:0.000388s ]
[2022-08-10 01:47:59][sql] SELECT `value` FROM `ds_system_config` WHERE  `group` = 'site'  AND `name` = 'site_name' LIMIT 1 [ RunTime:0.000392s ]
[2022-08-10 01:47:59][sql] SELECT `value` FROM `ds_system_config` WHERE  `group` = 'site'  AND `name` = 'site_content' LIMIT 1 [ RunTime:0.000367s ]
[2022-08-10 01:48:09][sql] CONNECT:[ UseTime:0.000720s ] mysql:host=127.0.0.1;port=3306;dbname=websq;charset=utf8
[2022-08-10 01:48:09][sql] show tables like 'ds_system_log_202208' [ RunTime:0.000794s ]
[2022-08-10 01:48:09][sql] SHOW FULL COLUMNS FROM `ds_system_log_202208` [ RunTime:0.001367s ]
[2022-08-10 01:48:09][sql] INSERT INTO `ds_system_log_202208` SET `admin_id` = NULL , `url` = '/admin/login/index.html' , `method` = 'post' , `ip` = '124.152.241.46' , `content` = '{"username":"admin","password":"5d9269e018f5129441746d4de9f47d398ed53d3f","captcha":"3662","keep_login":"0"}' , `useragent` = 'Mozilla/5.0 (Macintosh; Intel Mac OS X 10_15_7) AppleWebKit/537.36 (KHTML, like Gecko) Chrome/103.0.0.0 Safari/537.36' , `create_time` = 1660067288 [ RunTime:0.000846s ]
[2022-08-10 01:48:09][sql] SHOW FULL COLUMNS FROM `ds_system_admin` [ RunTime:0.002075s ]
[2022-08-10 01:48:09][sql] SELECT * FROM `ds_system_admin` WHERE (  `username` = 'admin' ) AND `ds_system_admin`.`delete_time` IS NULL LIMIT 1 [ RunTime:0.000930s ]
[2022-08-10 01:48:09][sql] UPDATE `ds_system_admin`  SET `login_num` = 812 , `update_time` = 1660067288  WHERE (  `id` = 1 ) AND `ds_system_admin`.`delete_time` IS NULL [ RunTime:0.000644s ]
[2022-08-10 01:48:09][sql] SELECT * FROM `ds_system_admin` WHERE (  `id` = 1 ) AND `ds_system_admin`.`delete_time` IS NULL LIMIT 1 [ RunTime:0.000575s ]
[2022-08-10 01:48:09][sql] SELECT * FROM `ds_system_admin` WHERE (  `id` = 1 ) AND `ds_system_admin`.`delete_time` IS NULL LIMIT 1 [ RunTime:0.000618s ]
[2022-08-10 01:48:11][sql] CONNECT:[ UseTime:0.000622s ] mysql:host=127.0.0.1;port=3306;dbname=websq;charset=utf8
[2022-08-10 01:48:11][sql] SHOW FULL COLUMNS FROM `ds_system_config` [ RunTime:0.001430s ]
[2022-08-10 01:48:11][sql] SELECT `value` FROM `ds_system_config` WHERE  `group` = 'site'  AND `name` = 'site_name' LIMIT 1 [ RunTime:0.000651s ]
[2022-08-10 01:48:12][sql] CONNECT:[ UseTime:0.000678s ] mysql:host=127.0.0.1;port=3306;dbname=websq;charset=utf8
[2022-08-10 01:48:12][sql] SHOW FULL COLUMNS FROM `ds_notify` [ RunTime:0.001490s ]
[2022-08-10 01:48:12][sql] SELECT * FROM `ds_notify` WHERE  `is_show` = 1 ORDER BY `create_time` DESC LIMIT 1 [ RunTime:0.000739s ]
[2022-08-10 01:48:12][sql] SHOW FULL COLUMNS FROM `ds_system_quick` [ RunTime:0.001267s ]
[2022-08-10 01:48:12][sql] SELECT `id`,`title`,`icon`,`href` FROM `ds_system_quick` WHERE (  `status` = 1 ) AND `ds_system_quick`.`delete_time` IS NULL ORDER BY `sort` DESC LIMIT 8 [ RunTime:0.000629s ]
[2022-08-10 01:48:12][sql] SHOW FULL COLUMNS FROM `ds_system_admin` [ RunTime:0.001432s ]
[2022-08-10 01:48:12][sql] SELECT * FROM `ds_system_admin` WHERE (  `id` = 1 ) AND `ds_system_admin`.`delete_time` IS NULL LIMIT 1 [ RunTime:0.000620s ]
[2022-08-10 01:48:12][sql] SELECT * FROM `ds_system_admin` WHERE (  `id` = 1 ) AND `ds_system_admin`.`delete_time` IS NULL LIMIT 1 [ RunTime:0.000469s ]
[2022-08-10 01:48:12][sql] SHOW FULL COLUMNS FROM `ds_outlay` [ RunTime:0.001235s ]
[2022-08-10 01:48:12][sql] SELECT SUM(`money`) AS think_sum FROM `ds_outlay` WHERE  `status` = 0 LIMIT 1 [ RunTime:0.000429s ]
[2022-08-10 01:48:12][sql] SHOW FULL COLUMNS FROM `ds_payed_show` [ RunTime:0.001206s ]
[2022-08-10 01:48:12][sql] SELECT COUNT(DISTINCT `ip`) AS think_count FROM `ds_payed_show` LIMIT 1 [ RunTime:0.061356s ]
[2022-08-10 01:48:12][sql] SHOW FULL COLUMNS FROM `ds_tj` [ RunTime:0.001420s ]
[2022-08-10 01:48:12][sql] SELECT COUNT(*) AS think_count FROM `ds_tj` WHERE  `create_time` BETWEEN 1660060800 AND 1660147199 LIMIT 1 [ RunTime:0.000583s ]
[2022-08-10 01:48:12][sql] SHOW FULL COLUMNS FROM `ds_pay_order` [ RunTime:0.001332s ]
[2022-08-10 01:48:12][sql] SELECT COUNT(*) AS think_count FROM `ds_pay_order` WHERE  `is_kouliang` = '1'  AND `status` = '1'  AND `is_tj` = 1 LIMIT 1 [ RunTime:0.000872s ]
[2022-08-10 01:48:12][sql] SELECT SUM(`price`) AS think_sum FROM `ds_pay_order` WHERE  `is_kouliang` = '1'  AND `status` = '1'  AND `is_tj` = 1 LIMIT 1 [ RunTime:0.000506s ]
[2022-08-10 01:48:12][sql] SELECT SUM(`price`) AS think_sum FROM `ds_pay_order` WHERE  `is_kouliang` = '1'  AND `status` = '1'  AND `is_tj` = 1  AND `createtime` BETWEEN 1660060800 AND 1660147199 LIMIT 1 [ RunTime:0.000475s ]
[2022-08-10 01:48:12][sql] SELECT COUNT(*) AS think_count FROM `ds_pay_order` WHERE  `is_kouliang` = '1'  AND `status` = '1'  AND `is_tj` = 1  AND `createtime` BETWEEN 1660060800 AND 1660147199 LIMIT 1 [ RunTime:0.000444s ]
[2022-08-10 01:48:12][sql] SELECT SUM(`price`) AS think_sum FROM `ds_pay_order` WHERE  `is_kouliang` = '1'  AND `status` = '1'  AND `is_tj` = 1  AND `createtime` BETWEEN 1659974400 AND 1660060799 LIMIT 1 [ RunTime:0.000488s ]
[2022-08-10 01:48:12][sql] SELECT COUNT(*) AS think_count FROM `ds_pay_order` WHERE  `is_kouliang` = '1'  AND `status` = '1'  AND `is_tj` = 1  AND `createtime` BETWEEN 1659974400 AND 1660060799 LIMIT 1 [ RunTime:0.000409s ]
[2022-08-10 01:48:12][sql] SELECT `id`,`createtime` FROM `ds_pay_order` WHERE  `status` = '2'  AND `createtime` BETWEEN 1659888000 AND 1660492799  AND `is_tj` = 1  AND `is_kouliang` = '1' [ RunTime:0.000533s ]
[2022-08-10 01:48:12][sql] SELECT `id`,`createtime` FROM `ds_pay_order` WHERE  `status` = '1'  AND `createtime` BETWEEN 1659888000 AND 1660492799  AND `is_tj` = 1  AND `is_kouliang` = '1' [ RunTime:0.000569s ]
[2022-08-10 01:48:12][sql] SHOW FULL COLUMNS FROM `ds_system_config` [ RunTime:0.001175s ]
[2022-08-10 01:48:12][sql] SELECT `value` FROM `ds_system_config` WHERE  `group` = 'site'  AND `name` = 'site_name' LIMIT 1 [ RunTime:0.000447s ]
[2022-08-10 10:31:39][sql] CONNECT:[ UseTime:0.000962s ] mysql:host=127.0.0.1;port=3306;dbname=websq;charset=utf8
[2022-08-10 10:31:39][sql] SHOW FULL COLUMNS FROM `ds_system_config` [ RunTime:0.002038s ]
[2022-08-10 10:31:39][sql] SELECT `value` FROM `ds_system_config` WHERE  `group` = 'site'  AND `name` = 'site_name' LIMIT 1 [ RunTime:0.000856s ]
[2022-08-10 10:31:40][sql] CONNECT:[ UseTime:0.000697s ] mysql:host=127.0.0.1;port=3306;dbname=websq;charset=utf8
[2022-08-10 10:31:40][sql] SHOW FULL COLUMNS FROM `ds_notify` [ RunTime:0.001669s ]
[2022-08-10 10:31:40][sql] SELECT * FROM `ds_notify` WHERE  `is_show` = 1 ORDER BY `create_time` DESC LIMIT 1 [ RunTime:0.000810s ]
[2022-08-10 10:31:40][sql] SHOW FULL COLUMNS FROM `ds_system_quick` [ RunTime:0.001144s ]
[2022-08-10 10:31:40][sql] SELECT `id`,`title`,`icon`,`href` FROM `ds_system_quick` WHERE (  `status` = 1 ) AND `ds_system_quick`.`delete_time` IS NULL ORDER BY `sort` DESC LIMIT 8 [ RunTime:0.000711s ]
[2022-08-10 10:31:40][sql] SHOW FULL COLUMNS FROM `ds_system_admin` [ RunTime:0.001559s ]
[2022-08-10 10:31:40][sql] SELECT * FROM `ds_system_admin` WHERE (  `id` = 1 ) AND `ds_system_admin`.`delete_time` IS NULL LIMIT 1 [ RunTime:0.000637s ]
[2022-08-10 10:31:40][sql] SELECT * FROM `ds_system_admin` WHERE (  `id` = 1 ) AND `ds_system_admin`.`delete_time` IS NULL LIMIT 1 [ RunTime:0.000609s ]
[2022-08-10 10:31:40][sql] SHOW FULL COLUMNS FROM `ds_outlay` [ RunTime:0.001204s ]
[2022-08-10 10:31:40][sql] SELECT SUM(`money`) AS think_sum FROM `ds_outlay` WHERE  `status` = 0 LIMIT 1 [ RunTime:0.000454s ]
[2022-08-10 10:31:40][sql] SHOW FULL COLUMNS FROM `ds_payed_show` [ RunTime:0.001168s ]
[2022-08-10 10:31:40][sql] SELECT COUNT(DISTINCT `ip`) AS think_count FROM `ds_payed_show` LIMIT 1 [ RunTime:0.059791s ]
[2022-08-10 10:31:40][sql] SHOW FULL COLUMNS FROM `ds_tj` [ RunTime:0.001420s ]
[2022-08-10 10:31:40][sql] SELECT COUNT(*) AS think_count FROM `ds_tj` WHERE  `create_time` BETWEEN 1660060800 AND 1660147199 LIMIT 1 [ RunTime:0.000574s ]
[2022-08-10 10:31:40][sql] SHOW FULL COLUMNS FROM `ds_pay_order` [ RunTime:0.001349s ]
[2022-08-10 10:31:40][sql] SELECT COUNT(*) AS think_count FROM `ds_pay_order` WHERE  `is_kouliang` = '1'  AND `status` = '1'  AND `is_tj` = 1 LIMIT 1 [ RunTime:0.000984s ]
[2022-08-10 10:31:40][sql] SELECT SUM(`price`) AS think_sum FROM `ds_pay_order` WHERE  `is_kouliang` = '1'  AND `status` = '1'  AND `is_tj` = 1 LIMIT 1 [ RunTime:0.000579s ]
[2022-08-10 10:31:40][sql] SELECT SUM(`price`) AS think_sum FROM `ds_pay_order` WHERE  `is_kouliang` = '1'  AND `status` = '1'  AND `is_tj` = 1  AND `createtime` BETWEEN 1660060800 AND 1660147199 LIMIT 1 [ RunTime:0.000639s ]
[2022-08-10 10:31:40][sql] SELECT COUNT(*) AS think_count FROM `ds_pay_order` WHERE  `is_kouliang` = '1'  AND `status` = '1'  AND `is_tj` = 1  AND `createtime` BETWEEN 1660060800 AND 1660147199 LIMIT 1 [ RunTime:0.000591s ]
[2022-08-10 10:31:40][sql] SELECT SUM(`price`) AS think_sum FROM `ds_pay_order` WHERE  `is_kouliang` = '1'  AND `status` = '1'  AND `is_tj` = 1  AND `createtime` BETWEEN 1659974400 AND 1660060799 LIMIT 1 [ RunTime:0.000566s ]
[2022-08-10 10:31:40][sql] SELECT COUNT(*) AS think_count FROM `ds_pay_order` WHERE  `is_kouliang` = '1'  AND `status` = '1'  AND `is_tj` = 1  AND `createtime` BETWEEN 1659974400 AND 1660060799 LIMIT 1 [ RunTime:0.000488s ]
[2022-08-10 10:31:40][sql] SELECT `id`,`createtime` FROM `ds_pay_order` WHERE  `status` = '2'  AND `createtime` BETWEEN 1659888000 AND 1660492799  AND `is_tj` = 1  AND `is_kouliang` = '1' [ RunTime:0.000575s ]
[2022-08-10 10:31:40][sql] SELECT `id`,`createtime` FROM `ds_pay_order` WHERE  `status` = '1'  AND `createtime` BETWEEN 1659888000 AND 1660492799  AND `is_tj` = 1  AND `is_kouliang` = '1' [ RunTime:0.000622s ]
[2022-08-10 10:31:40][sql] SHOW FULL COLUMNS FROM `ds_system_config` [ RunTime:0.001083s ]
[2022-08-10 10:31:40][sql] SELECT `value` FROM `ds_system_config` WHERE  `group` = 'site'  AND `name` = 'site_name' LIMIT 1 [ RunTime:0.000379s ]
[2022-08-10 13:41:09][sql] CONNECT:[ UseTime:0.000867s ] mysql:host=127.0.0.1;port=3306;dbname=websq;charset=utf8
[2022-08-10 13:41:09][sql] SHOW FULL COLUMNS FROM `ds_system_config` [ RunTime:0.001792s ]
[2022-08-10 13:41:09][sql] SELECT `value` FROM `ds_system_config` WHERE  `group` = 'site'  AND `name` = 'site_name' LIMIT 1 [ RunTime:0.000798s ]
[2022-08-10 13:41:12][sql] CONNECT:[ UseTime:0.000785s ] mysql:host=127.0.0.1;port=3306;dbname=websq;charset=utf8
[2022-08-10 13:41:12][sql] SHOW FULL COLUMNS FROM `ds_notify` [ RunTime:0.001528s ]
[2022-08-10 13:41:12][sql] SELECT * FROM `ds_notify` WHERE  `is_show` = 1 ORDER BY `create_time` DESC LIMIT 1 [ RunTime:0.000718s ]
[2022-08-10 13:41:12][sql] SHOW FULL COLUMNS FROM `ds_system_quick` [ RunTime:0.001298s ]
[2022-08-10 13:41:12][sql] SELECT `id`,`title`,`icon`,`href` FROM `ds_system_quick` WHERE (  `status` = 1 ) AND `ds_system_quick`.`delete_time` IS NULL ORDER BY `sort` DESC LIMIT 8 [ RunTime:0.000605s ]
[2022-08-10 13:41:12][sql] SHOW FULL COLUMNS FROM `ds_system_admin` [ RunTime:0.001500s ]
[2022-08-10 13:41:12][sql] SELECT * FROM `ds_system_admin` WHERE (  `id` = 1 ) AND `ds_system_admin`.`delete_time` IS NULL LIMIT 1 [ RunTime:0.000687s ]
[2022-08-10 13:41:12][sql] SELECT * FROM `ds_system_admin` WHERE (  `id` = 1 ) AND `ds_system_admin`.`delete_time` IS NULL LIMIT 1 [ RunTime:0.000548s ]
[2022-08-10 13:41:12][sql] SHOW FULL COLUMNS FROM `ds_outlay` [ RunTime:0.001292s ]
[2022-08-10 13:41:12][sql] SELECT SUM(`money`) AS think_sum FROM `ds_outlay` WHERE  `status` = 0 LIMIT 1 [ RunTime:0.000480s ]
[2022-08-10 13:41:12][sql] SHOW FULL COLUMNS FROM `ds_payed_show` [ RunTime:0.001286s ]
[2022-08-10 13:41:12][sql] SELECT COUNT(DISTINCT `ip`) AS think_count FROM `ds_payed_show` LIMIT 1 [ RunTime:0.062656s ]
[2022-08-10 13:41:12][sql] SHOW FULL COLUMNS FROM `ds_tj` [ RunTime:0.001342s ]
[2022-08-10 13:41:12][sql] SELECT COUNT(*) AS think_count FROM `ds_tj` WHERE  `create_time` BETWEEN 1660060800 AND 1660147199 LIMIT 1 [ RunTime:0.000616s ]
[2022-08-10 13:41:12][sql] SHOW FULL COLUMNS FROM `ds_pay_order` [ RunTime:0.001344s ]
[2022-08-10 13:41:12][sql] SELECT COUNT(*) AS think_count FROM `ds_pay_order` WHERE  `is_kouliang` = '1'  AND `status` = '1'  AND `is_tj` = 1 LIMIT 1 [ RunTime:0.001066s ]
[2022-08-10 13:41:12][sql] SELECT SUM(`price`) AS think_sum FROM `ds_pay_order` WHERE  `is_kouliang` = '1'  AND `status` = '1'  AND `is_tj` = 1 LIMIT 1 [ RunTime:0.000531s ]
[2022-08-10 13:41:12][sql] SELECT SUM(`price`) AS think_sum FROM `ds_pay_order` WHERE  `is_kouliang` = '1'  AND `status` = '1'  AND `is_tj` = 1  AND `createtime` BETWEEN 1660060800 AND 1660147199 LIMIT 1 [ RunTime:0.000549s ]
[2022-08-10 13:41:12][sql] SELECT COUNT(*) AS think_count FROM `ds_pay_order` WHERE  `is_kouliang` = '1'  AND `status` = '1'  AND `is_tj` = 1  AND `createtime` BETWEEN 1660060800 AND 1660147199 LIMIT 1 [ RunTime:0.000493s ]
[2022-08-10 13:41:12][sql] SELECT SUM(`price`) AS think_sum FROM `ds_pay_order` WHERE  `is_kouliang` = '1'  AND `status` = '1'  AND `is_tj` = 1  AND `createtime` BETWEEN 1659974400 AND 1660060799 LIMIT 1 [ RunTime:0.000459s ]
[2022-08-10 13:41:12][sql] SELECT COUNT(*) AS think_count FROM `ds_pay_order` WHERE  `is_kouliang` = '1'  AND `status` = '1'  AND `is_tj` = 1  AND `createtime` BETWEEN 1659974400 AND 1660060799 LIMIT 1 [ RunTime:0.000451s ]
[2022-08-10 13:41:12][sql] SELECT `id`,`createtime` FROM `ds_pay_order` WHERE  `status` = '2'  AND `createtime` BETWEEN 1659888000 AND 1660492799  AND `is_tj` = 1  AND `is_kouliang` = '1' [ RunTime:0.000575s ]
[2022-08-10 13:41:12][sql] SELECT `id`,`createtime` FROM `ds_pay_order` WHERE  `status` = '1'  AND `createtime` BETWEEN 1659888000 AND 1660492799  AND `is_tj` = 1  AND `is_kouliang` = '1' [ RunTime:0.000649s ]
[2022-08-10 13:41:12][sql] SHOW FULL COLUMNS FROM `ds_system_config` [ RunTime:0.001093s ]
[2022-08-10 13:41:12][sql] SELECT `value` FROM `ds_system_config` WHERE  `group` = 'site'  AND `name` = 'site_name' LIMIT 1 [ RunTime:0.000547s ]
[2022-08-10 17:05:00][sql] CONNECT:[ UseTime:0.000993s ] mysql:host=127.0.0.1;port=3306;dbname=websq;charset=utf8
[2022-08-10 17:05:00][sql] SHOW FULL COLUMNS FROM `ds_system_config` [ RunTime:0.001932s ]
[2022-08-10 17:05:00][sql] SELECT `value` FROM `ds_system_config` WHERE  `group` = 'site'  AND `name` = 'site_name' LIMIT 1 [ RunTime:0.000859s ]
[2022-08-10 17:05:00][sql] SELECT `value` FROM `ds_system_config` WHERE  `group` = 'site'  AND `name` = 'site_bg' LIMIT 1 [ RunTime:0.000422s ]
[2022-08-10 17:05:00][sql] SELECT `value` FROM `ds_system_config` WHERE  `group` = 'site'  AND `name` = 'logo_image' LIMIT 1 [ RunTime:0.000361s ]
[2022-08-10 17:05:00][sql] SELECT `value` FROM `ds_system_config` WHERE  `group` = 'site'  AND `name` = 'site_wechat' LIMIT 1 [ RunTime:0.000337s ]
[2022-08-10 17:05:00][sql] SELECT `value` FROM `ds_system_config` WHERE  `group` = 'site'  AND `name` = 'site_qq' LIMIT 1 [ RunTime:0.000384s ]
[2022-08-10 17:05:00][sql] SELECT `value` FROM `ds_system_config` WHERE  `group` = 'site'  AND `name` = 'site_title' LIMIT 1 [ RunTime:0.000381s ]
[2022-08-10 17:05:00][sql] SELECT `value` FROM `ds_system_config` WHERE  `group` = 'site'  AND `name` = 'site_slogan' LIMIT 1 [ RunTime:0.000314s ]
[2022-08-10 17:05:00][sql] SELECT `value` FROM `ds_system_config` WHERE  `group` = 'site'  AND `name` = 'site_name' LIMIT 1 [ RunTime:0.000400s ]
[2022-08-10 17:05:00][sql] SELECT `value` FROM `ds_system_config` WHERE  `group` = 'site'  AND `name` = 'site_content' LIMIT 1 [ RunTime:0.000393s ]
[2022-08-10 17:07:58][sql] CONNECT:[ UseTime:0.001040s ] mysql:host=127.0.0.1;port=3306;dbname=websq;charset=utf8
[2022-08-10 17:07:58][sql] SHOW FULL COLUMNS FROM `ds_system_config` [ RunTime:0.001878s ]
[2022-08-10 17:07:58][sql] SELECT `value` FROM `ds_system_config` WHERE  `group` = 'site'  AND `name` = 'site_name' LIMIT 1 [ RunTime:0.000867s ]
[2022-08-10 17:07:58][sql] SELECT `value` FROM `ds_system_config` WHERE  `group` = 'site'  AND `name` = 'site_bg' LIMIT 1 [ RunTime:0.000407s ]
[2022-08-10 17:07:58][sql] SELECT `value` FROM `ds_system_config` WHERE  `group` = 'site'  AND `name` = 'logo_image' LIMIT 1 [ RunTime:0.000385s ]
[2022-08-10 17:07:58][sql] SELECT `value` FROM `ds_system_config` WHERE  `group` = 'site'  AND `name` = 'site_wechat' LIMIT 1 [ RunTime:0.000368s ]
[2022-08-10 17:07:58][sql] SELECT `value` FROM `ds_system_config` WHERE  `group` = 'site'  AND `name` = 'site_qq' LIMIT 1 [ RunTime:0.000375s ]
[2022-08-10 17:07:58][sql] SELECT `value` FROM `ds_system_config` WHERE  `group` = 'site'  AND `name` = 'site_title' LIMIT 1 [ RunTime:0.000410s ]
[2022-08-10 17:07:58][sql] SELECT `value` FROM `ds_system_config` WHERE  `group` = 'site'  AND `name` = 'site_slogan' LIMIT 1 [ RunTime:0.000329s ]
[2022-08-10 17:07:58][sql] SELECT `value` FROM `ds_system_config` WHERE  `group` = 'site'  AND `name` = 'site_name' LIMIT 1 [ RunTime:0.000416s ]
[2022-08-10 17:07:58][sql] SELECT `value` FROM `ds_system_config` WHERE  `group` = 'site'  AND `name` = 'site_content' LIMIT 1 [ RunTime:0.000428s ]
[2022-08-10 17:08:58][sql] CONNECT:[ UseTime:0.000989s ] mysql:host=127.0.0.1;port=3306;dbname=websq;charset=utf8
[2022-08-10 17:08:58][sql] SHOW FULL COLUMNS FROM `ds_system_config` [ RunTime:0.002248s ]
[2022-08-10 17:08:58][sql] SELECT `value` FROM `ds_system_config` WHERE  `group` = 'site'  AND `name` = 'site_name' LIMIT 1 [ RunTime:0.000694s ]
[2022-08-10 17:08:58][sql] SELECT `value` FROM `ds_system_config` WHERE  `group` = 'site'  AND `name` = 'site_bg' LIMIT 1 [ RunTime:0.000567s ]
[2022-08-10 17:08:58][sql] SELECT `value` FROM `ds_system_config` WHERE  `group` = 'site'  AND `name` = 'logo_image' LIMIT 1 [ RunTime:0.000409s ]
[2022-08-10 17:08:58][sql] SELECT `value` FROM `ds_system_config` WHERE  `group` = 'site'  AND `name` = 'site_wechat' LIMIT 1 [ RunTime:0.000394s ]
[2022-08-10 17:08:58][sql] SELECT `value` FROM `ds_system_config` WHERE  `group` = 'site'  AND `name` = 'site_qq' LIMIT 1 [ RunTime:0.000397s ]
[2022-08-10 17:08:58][sql] SELECT `value` FROM `ds_system_config` WHERE  `group` = 'site'  AND `name` = 'site_title' LIMIT 1 [ RunTime:0.000371s ]
[2022-08-10 17:08:58][sql] SELECT `value` FROM `ds_system_config` WHERE  `group` = 'site'  AND `name` = 'site_slogan' LIMIT 1 [ RunTime:0.000361s ]
[2022-08-10 17:08:58][sql] SELECT `value` FROM `ds_system_config` WHERE  `group` = 'site'  AND `name` = 'site_name' LIMIT 1 [ RunTime:0.000466s ]
[2022-08-10 17:08:58][sql] SELECT `value` FROM `ds_system_config` WHERE  `group` = 'site'  AND `name` = 'site_content' LIMIT 1 [ RunTime:0.000439s ]
[2022-08-10 17:09:29][sql] CONNECT:[ UseTime:0.000823s ] mysql:host=127.0.0.1;port=3306;dbname=websq;charset=utf8
[2022-08-10 17:09:29][sql] SHOW FULL COLUMNS FROM `ds_system_config` [ RunTime:0.001798s ]
[2022-08-10 17:09:29][sql] SELECT `value` FROM `ds_system_config` WHERE  `group` = 'site'  AND `name` = 'site_name' LIMIT 1 [ RunTime:0.000826s ]
[2022-08-10 17:09:29][sql] SELECT `value` FROM `ds_system_config` WHERE  `group` = 'site'  AND `name` = 'site_bg' LIMIT 1 [ RunTime:0.000364s ]
[2022-08-10 17:09:29][sql] SELECT `value` FROM `ds_system_config` WHERE  `group` = 'site'  AND `name` = 'logo_image' LIMIT 1 [ RunTime:0.000388s ]
[2022-08-10 17:09:29][sql] SELECT `value` FROM `ds_system_config` WHERE  `group` = 'site'  AND `name` = 'site_wechat' LIMIT 1 [ RunTime:0.000391s ]
[2022-08-10 17:09:29][sql] SELECT `value` FROM `ds_system_config` WHERE  `group` = 'site'  AND `name` = 'site_qq' LIMIT 1 [ RunTime:0.000300s ]
[2022-08-10 17:09:29][sql] SELECT `value` FROM `ds_system_config` WHERE  `group` = 'site'  AND `name` = 'site_title' LIMIT 1 [ RunTime:0.000495s ]
[2022-08-10 17:09:29][sql] SELECT `value` FROM `ds_system_config` WHERE  `group` = 'site'  AND `name` = 'site_slogan' LIMIT 1 [ RunTime:0.000464s ]
[2022-08-10 17:09:29][sql] SELECT `value` FROM `ds_system_config` WHERE  `group` = 'site'  AND `name` = 'site_name' LIMIT 1 [ RunTime:0.000439s ]
[2022-08-10 17:09:29][sql] SELECT `value` FROM `ds_system_config` WHERE  `group` = 'site'  AND `name` = 'site_content' LIMIT 1 [ RunTime:0.000569s ]
[2022-08-10 17:11:04][sql] CONNECT:[ UseTime:0.000715s ] mysql:host=127.0.0.1;port=3306;dbname=websq;charset=utf8
[2022-08-10 17:11:04][sql] SHOW FULL COLUMNS FROM `ds_system_config` [ RunTime:0.001408s ]
[2022-08-10 17:11:04][sql] SELECT `value` FROM `ds_system_config` WHERE  `group` = 'site'  AND `name` = 'site_name' LIMIT 1 [ RunTime:0.000490s ]
[2022-08-10 17:11:04][sql] SELECT `value` FROM `ds_system_config` WHERE  `group` = 'site'  AND `name` = 'site_bg' LIMIT 1 [ RunTime:0.000410s ]
[2022-08-10 17:11:04][sql] SELECT `value` FROM `ds_system_config` WHERE  `group` = 'site'  AND `name` = 'logo_image' LIMIT 1 [ RunTime:0.000379s ]
[2022-08-10 17:11:04][sql] SELECT `value` FROM `ds_system_config` WHERE  `group` = 'site'  AND `name` = 'site_wechat' LIMIT 1 [ RunTime:0.000390s ]
[2022-08-10 17:11:04][sql] SELECT `value` FROM `ds_system_config` WHERE  `group` = 'site'  AND `name` = 'site_qq' LIMIT 1 [ RunTime:0.000406s ]
[2022-08-10 17:11:04][sql] SELECT `value` FROM `ds_system_config` WHERE  `group` = 'site'  AND `name` = 'site_title' LIMIT 1 [ RunTime:0.000408s ]
[2022-08-10 17:11:04][sql] SELECT `value` FROM `ds_system_config` WHERE  `group` = 'site'  AND `name` = 'site_slogan' LIMIT 1 [ RunTime:0.000405s ]
[2022-08-10 17:11:04][sql] SELECT `value` FROM `ds_system_config` WHERE  `group` = 'site'  AND `name` = 'site_name' LIMIT 1 [ RunTime:0.000386s ]
[2022-08-10 17:11:04][sql] SELECT `value` FROM `ds_system_config` WHERE  `group` = 'site'  AND `name` = 'site_content' LIMIT 1 [ RunTime:0.000369s ]
[2022-08-10 17:12:43][sql] CONNECT:[ UseTime:0.000827s ] mysql:host=127.0.0.1;port=3306;dbname=websq;charset=utf8
[2022-08-10 17:12:43][sql] SHOW FULL COLUMNS FROM `ds_system_config` [ RunTime:0.001763s ]
[2022-08-10 17:12:43][sql] SELECT `value` FROM `ds_system_config` WHERE  `group` = 'site'  AND `name` = 'site_name' LIMIT 1 [ RunTime:0.000787s ]
[2022-08-10 17:12:43][sql] SELECT `value` FROM `ds_system_config` WHERE  `group` = 'site'  AND `name` = 'site_bg' LIMIT 1 [ RunTime:0.000389s ]
[2022-08-10 17:12:43][sql] SELECT `value` FROM `ds_system_config` WHERE  `group` = 'site'  AND `name` = 'logo_image' LIMIT 1 [ RunTime:0.000388s ]
[2022-08-10 17:12:43][sql] SELECT `value` FROM `ds_system_config` WHERE  `group` = 'site'  AND `name` = 'site_wechat' LIMIT 1 [ RunTime:0.000365s ]
[2022-08-10 17:12:43][sql] SELECT `value` FROM `ds_system_config` WHERE  `group` = 'site'  AND `name` = 'site_qq' LIMIT 1 [ RunTime:0.000336s ]
[2022-08-10 17:12:43][sql] SELECT `value` FROM `ds_system_config` WHERE  `group` = 'site'  AND `name` = 'site_title' LIMIT 1 [ RunTime:0.000325s ]
[2022-08-10 17:12:43][sql] SELECT `value` FROM `ds_system_config` WHERE  `group` = 'site'  AND `name` = 'site_slogan' LIMIT 1 [ RunTime:0.000401s ]
[2022-08-10 17:12:43][sql] SELECT `value` FROM `ds_system_config` WHERE  `group` = 'site'  AND `name` = 'site_name' LIMIT 1 [ RunTime:0.000376s ]
[2022-08-10 17:12:43][sql] SELECT `value` FROM `ds_system_config` WHERE  `group` = 'site'  AND `name` = 'site_content' LIMIT 1 [ RunTime:0.000374s ]
[2022-08-10 19:17:03][sql] CONNECT:[ UseTime:0.001004s ] mysql:host=127.0.0.1;port=3306;dbname=websq;charset=utf8
[2022-08-10 19:17:03][sql] SHOW FULL COLUMNS FROM `ds_system_config` [ RunTime:0.001800s ]
[2022-08-10 19:17:03][sql] SELECT `value` FROM `ds_system_config` WHERE  `group` = 'site'  AND `name` = 'site_name' LIMIT 1 [ RunTime:0.000941s ]
[2022-08-10 19:17:05][sql] CONNECT:[ UseTime:0.000653s ] mysql:host=127.0.0.1;port=3306;dbname=websq;charset=utf8
[2022-08-10 19:17:05][sql] SHOW FULL COLUMNS FROM `ds_notify` [ RunTime:0.001435s ]
[2022-08-10 19:17:05][sql] SELECT * FROM `ds_notify` WHERE  `is_show` = 1 ORDER BY `create_time` DESC LIMIT 1 [ RunTime:0.000674s ]
[2022-08-10 19:17:05][sql] SHOW FULL COLUMNS FROM `ds_system_quick` [ RunTime:0.001242s ]
[2022-08-10 19:17:05][sql] SELECT `id`,`title`,`icon`,`href` FROM `ds_system_quick` WHERE (  `status` = 1 ) AND `ds_system_quick`.`delete_time` IS NULL ORDER BY `sort` DESC LIMIT 8 [ RunTime:0.000661s ]
[2022-08-10 19:17:05][sql] SHOW FULL COLUMNS FROM `ds_system_admin` [ RunTime:0.001521s ]
[2022-08-10 19:17:05][sql] SELECT * FROM `ds_system_admin` WHERE (  `id` = 1 ) AND `ds_system_admin`.`delete_time` IS NULL LIMIT 1 [ RunTime:0.000673s ]
[2022-08-10 19:17:05][sql] SELECT * FROM `ds_system_admin` WHERE (  `id` = 1 ) AND `ds_system_admin`.`delete_time` IS NULL LIMIT 1 [ RunTime:0.000485s ]
[2022-08-10 19:17:05][sql] SHOW FULL COLUMNS FROM `ds_outlay` [ RunTime:0.001199s ]
[2022-08-10 19:17:05][sql] SELECT SUM(`money`) AS think_sum FROM `ds_outlay` WHERE  `status` = 0 LIMIT 1 [ RunTime:0.000466s ]
[2022-08-10 19:17:05][sql] SHOW FULL COLUMNS FROM `ds_payed_show` [ RunTime:0.001183s ]
[2022-08-10 19:17:05][sql] SELECT COUNT(DISTINCT `ip`) AS think_count FROM `ds_payed_show` LIMIT 1 [ RunTime:0.061453s ]
[2022-08-10 19:17:05][sql] SHOW FULL COLUMNS FROM `ds_tj` [ RunTime:0.001350s ]
[2022-08-10 19:17:05][sql] SELECT COUNT(*) AS think_count FROM `ds_tj` WHERE  `create_time` BETWEEN 1660060800 AND 1660147199 LIMIT 1 [ RunTime:0.000608s ]
[2022-08-10 19:17:05][sql] SHOW FULL COLUMNS FROM `ds_pay_order` [ RunTime:0.001320s ]
[2022-08-10 19:17:05][sql] SELECT COUNT(*) AS think_count FROM `ds_pay_order` WHERE  `is_kouliang` = '1'  AND `status` = '1'  AND `is_tj` = 1 LIMIT 1 [ RunTime:0.000822s ]
[2022-08-10 19:17:05][sql] SELECT SUM(`price`) AS think_sum FROM `ds_pay_order` WHERE  `is_kouliang` = '1'  AND `status` = '1'  AND `is_tj` = 1 LIMIT 1 [ RunTime:0.000544s ]
[2022-08-10 19:17:05][sql] SELECT SUM(`price`) AS think_sum FROM `ds_pay_order` WHERE  `is_kouliang` = '1'  AND `status` = '1'  AND `is_tj` = 1  AND `createtime` BETWEEN 1660060800 AND 1660147199 LIMIT 1 [ RunTime:0.000747s ]
[2022-08-10 19:17:05][sql] SELECT COUNT(*) AS think_count FROM `ds_pay_order` WHERE  `is_kouliang` = '1'  AND `status` = '1'  AND `is_tj` = 1  AND `createtime` BETWEEN 1660060800 AND 1660147199 LIMIT 1 [ RunTime:0.000502s ]
[2022-08-10 19:17:05][sql] SELECT SUM(`price`) AS think_sum FROM `ds_pay_order` WHERE  `is_kouliang` = '1'  AND `status` = '1'  AND `is_tj` = 1  AND `createtime` BETWEEN 1659974400 AND 1660060799 LIMIT 1 [ RunTime:0.000527s ]
[2022-08-10 19:17:05][sql] SELECT COUNT(*) AS think_count FROM `ds_pay_order` WHERE  `is_kouliang` = '1'  AND `status` = '1'  AND `is_tj` = 1  AND `createtime` BETWEEN 1659974400 AND 1660060799 LIMIT 1 [ RunTime:0.000426s ]
[2022-08-10 19:17:05][sql] SELECT `id`,`createtime` FROM `ds_pay_order` WHERE  `status` = '2'  AND `createtime` BETWEEN 1659888000 AND 1660492799  AND `is_tj` = 1  AND `is_kouliang` = '1' [ RunTime:0.000479s ]
[2022-08-10 19:17:05][sql] SELECT `id`,`createtime` FROM `ds_pay_order` WHERE  `status` = '1'  AND `createtime` BETWEEN 1659888000 AND 1660492799  AND `is_tj` = 1  AND `is_kouliang` = '1' [ RunTime:0.000590s ]
[2022-08-10 19:17:05][sql] SHOW FULL COLUMNS FROM `ds_system_config` [ RunTime:0.001257s ]
[2022-08-10 19:17:05][sql] SELECT `value` FROM `ds_system_config` WHERE  `group` = 'site'  AND `name` = 'site_name' LIMIT 1 [ RunTime:0.000398s ]
[2022-08-10 19:38:58][sql] CONNECT:[ UseTime:0.000974s ] mysql:host=127.0.0.1;port=3306;dbname=websq;charset=utf8
[2022-08-10 19:38:58][sql] SHOW FULL COLUMNS FROM `ds_system_config` [ RunTime:0.001844s ]
[2022-08-10 19:38:58][sql] SELECT `value` FROM `ds_system_config` WHERE  `group` = 'site'  AND `name` = 'site_name' LIMIT 1 [ RunTime:0.000876s ]
[2022-08-10 19:38:58][sql] SELECT `value` FROM `ds_system_config` WHERE  `group` = 'site'  AND `name` = 'site_bg' LIMIT 1 [ RunTime:0.000349s ]
[2022-08-10 19:38:58][sql] SELECT `value` FROM `ds_system_config` WHERE  `group` = 'site'  AND `name` = 'logo_image' LIMIT 1 [ RunTime:0.000383s ]
[2022-08-10 19:38:58][sql] SELECT `value` FROM `ds_system_config` WHERE  `group` = 'site'  AND `name` = 'site_wechat' LIMIT 1 [ RunTime:0.000359s ]
[2022-08-10 19:38:58][sql] SELECT `value` FROM `ds_system_config` WHERE  `group` = 'site'  AND `name` = 'site_qq' LIMIT 1 [ RunTime:0.000335s ]
[2022-08-10 19:38:58][sql] SELECT `value` FROM `ds_system_config` WHERE  `group` = 'site'  AND `name` = 'site_title' LIMIT 1 [ RunTime:0.000328s ]
[2022-08-10 19:38:58][sql] SELECT `value` FROM `ds_system_config` WHERE  `group` = 'site'  AND `name` = 'site_slogan' LIMIT 1 [ RunTime:0.000417s ]
[2022-08-10 19:38:58][sql] SELECT `value` FROM `ds_system_config` WHERE  `group` = 'site'  AND `name` = 'site_name' LIMIT 1 [ RunTime:0.000373s ]
[2022-08-10 19:38:58][sql] SELECT `value` FROM `ds_system_config` WHERE  `group` = 'site'  AND `name` = 'site_content' LIMIT 1 [ RunTime:0.000369s ]
[2022-08-10 19:39:13][sql] CONNECT:[ UseTime:0.000719s ] mysql:host=127.0.0.1;port=3306;dbname=websq;charset=utf8
[2022-08-10 19:39:13][sql] show tables like 'ds_system_log_202208' [ RunTime:0.000758s ]
[2022-08-10 19:39:13][sql] SHOW FULL COLUMNS FROM `ds_system_log_202208` [ RunTime:0.001341s ]
[2022-08-10 19:39:13][sql] INSERT INTO `ds_system_log_202208` SET `admin_id` = NULL , `url` = '/admin/login/index.html' , `method` = 'post' , `ip` = '39.144.210.166' , `content` = '{"username":"ds002","password":"e1b9541a06900579b050898e2381e73a1d2d2494","captcha":"4984","keep_login":"0"}' , `useragent` = 'Mozilla/5.0 (Linux; Android 10; V2001A; wv) AppleWebKit/537.36 (KHTML, like Gecko) Version/4.0 Chrome/87.0.4280.141 Mobile Safari/537.36 VivoBrowser/11.6.10.0' , `create_time` = 1660131553 [ RunTime:0.000945s ]
[2022-08-10 19:39:13][sql] SHOW FULL COLUMNS FROM `ds_system_admin` [ RunTime:0.001903s ]
[2022-08-10 19:39:13][sql] SELECT * FROM `ds_system_admin` WHERE (  `username` = 'ds002' ) AND `ds_system_admin`.`delete_time` IS NULL LIMIT 1 [ RunTime:0.000824s ]
[2022-08-10 19:39:13][sql] UPDATE `ds_system_admin`  SET `login_num` = 19 , `update_time` = 1660131553  WHERE (  `id` = 183 ) AND `ds_system_admin`.`delete_time` IS NULL [ RunTime:0.000671s ]
[2022-08-10 19:39:13][sql] SELECT * FROM `ds_system_admin` WHERE (  `id` = 1 ) AND `ds_system_admin`.`delete_time` IS NULL LIMIT 1 [ RunTime:0.000504s ]
[2022-08-10 19:39:13][sql] SELECT * FROM `ds_system_admin` WHERE (  `id` = 1 ) AND `ds_system_admin`.`delete_time` IS NULL LIMIT 1 [ RunTime:0.000500s ]
[2022-08-10 19:39:16][sql] CONNECT:[ UseTime:0.000758s ] mysql:host=127.0.0.1;port=3306;dbname=websq;charset=utf8
[2022-08-10 19:39:16][sql] SHOW FULL COLUMNS FROM `ds_system_config` [ RunTime:0.001390s ]
[2022-08-10 19:39:16][sql] SELECT `value` FROM `ds_system_config` WHERE  `group` = 'site'  AND `name` = 'site_name' LIMIT 1 [ RunTime:0.000552s ]
[2022-08-10 19:40:11][sql] CONNECT:[ UseTime:0.000910s ] mysql:host=127.0.0.1;port=3306;dbname=websq;charset=utf8
[2022-08-10 19:40:11][sql] SHOW FULL COLUMNS FROM `ds_system_config` [ RunTime:0.001655s ]
[2022-08-10 19:40:11][sql] SELECT `value` FROM `ds_system_config` WHERE  `group` = 'site'  AND `name` = 'site_name' LIMIT 1 [ RunTime:0.000738s ]
[2022-08-10 19:41:10][sql] CONNECT:[ UseTime:0.000773s ] mysql:host=127.0.0.1;port=3306;dbname=websq;charset=utf8
[2022-08-10 19:41:10][sql] SHOW FULL COLUMNS FROM `ds_system_config` [ RunTime:0.001626s ]
[2022-08-10 19:41:10][sql] SELECT `value` FROM `ds_system_config` WHERE  `group` = 'site'  AND `name` = 'site_name' LIMIT 1 [ RunTime:0.000640s ]
[2022-08-10 19:41:10][sql] SELECT `value` FROM `ds_system_config` WHERE  `group` = 'site'  AND `name` = 'site_bg' LIMIT 1 [ RunTime:0.000419s ]
[2022-08-10 19:41:10][sql] SELECT `value` FROM `ds_system_config` WHERE  `group` = 'site'  AND `name` = 'logo_image' LIMIT 1 [ RunTime:0.000416s ]
[2022-08-10 19:41:10][sql] SELECT `value` FROM `ds_system_config` WHERE  `group` = 'site'  AND `name` = 'site_wechat' LIMIT 1 [ RunTime:0.000368s ]
[2022-08-10 19:41:10][sql] SELECT `value` FROM `ds_system_config` WHERE  `group` = 'site'  AND `name` = 'site_qq' LIMIT 1 [ RunTime:0.000348s ]
[2022-08-10 19:41:10][sql] SELECT `value` FROM `ds_system_config` WHERE  `group` = 'site'  AND `name` = 'site_title' LIMIT 1 [ RunTime:0.000411s ]
[2022-08-10 19:41:10][sql] SELECT `value` FROM `ds_system_config` WHERE  `group` = 'site'  AND `name` = 'site_slogan' LIMIT 1 [ RunTime:0.000323s ]
[2022-08-10 19:41:10][sql] SELECT `value` FROM `ds_system_config` WHERE  `group` = 'site'  AND `name` = 'site_name' LIMIT 1 [ RunTime:0.000410s ]
[2022-08-10 19:41:10][sql] SELECT `value` FROM `ds_system_config` WHERE  `group` = 'site'  AND `name` = 'site_content' LIMIT 1 [ RunTime:0.000441s ]
[2022-08-10 19:42:27][sql] CONNECT:[ UseTime:0.000928s ] mysql:host=127.0.0.1;port=3306;dbname=websq;charset=utf8
[2022-08-10 19:42:27][sql] SHOW FULL COLUMNS FROM `ds_system_config` [ RunTime:0.001842s ]
[2022-08-10 19:42:27][sql] SELECT `value` FROM `ds_system_config` WHERE  `group` = 'site'  AND `name` = 'site_name' LIMIT 1 [ RunTime:0.000857s ]
[2022-08-10 19:42:27][sql] SELECT `value` FROM `ds_system_config` WHERE  `group` = 'site'  AND `name` = 'site_bg' LIMIT 1 [ RunTime:0.000376s ]
[2022-08-10 19:42:27][sql] SELECT `value` FROM `ds_system_config` WHERE  `group` = 'site'  AND `name` = 'logo_image' LIMIT 1 [ RunTime:0.000349s ]
[2022-08-10 19:42:27][sql] SELECT `value` FROM `ds_system_config` WHERE  `group` = 'site'  AND `name` = 'site_wechat' LIMIT 1 [ RunTime:0.000346s ]
[2022-08-10 19:42:27][sql] SELECT `value` FROM `ds_system_config` WHERE  `group` = 'site'  AND `name` = 'site_qq' LIMIT 1 [ RunTime:0.000367s ]
[2022-08-10 19:42:27][sql] SELECT `value` FROM `ds_system_config` WHERE  `group` = 'site'  AND `name` = 'site_title' LIMIT 1 [ RunTime:0.000409s ]
[2022-08-10 19:42:27][sql] SELECT `value` FROM `ds_system_config` WHERE  `group` = 'site'  AND `name` = 'site_slogan' LIMIT 1 [ RunTime:0.000357s ]
[2022-08-10 19:42:27][sql] SELECT `value` FROM `ds_system_config` WHERE  `group` = 'site'  AND `name` = 'site_name' LIMIT 1 [ RunTime:0.000393s ]
[2022-08-10 19:42:27][sql] SELECT `value` FROM `ds_system_config` WHERE  `group` = 'site'  AND `name` = 'site_content' LIMIT 1 [ RunTime:0.000337s ]
[2022-08-10 19:43:45][sql] CONNECT:[ UseTime:0.000891s ] mysql:host=127.0.0.1;port=3306;dbname=websq;charset=utf8
[2022-08-10 19:43:45][sql] SHOW FULL COLUMNS FROM `ds_system_config` [ RunTime:0.001999s ]
[2022-08-10 19:43:45][sql] SELECT `value` FROM `ds_system_config` WHERE  `group` = 'site'  AND `name` = 'site_name' LIMIT 1 [ RunTime:0.000838s ]
[2022-08-10 19:43:45][sql] SELECT `value` FROM `ds_system_config` WHERE  `group` = 'site'  AND `name` = 'site_bg' LIMIT 1 [ RunTime:0.000446s ]
[2022-08-10 19:43:45][sql] SELECT `value` FROM `ds_system_config` WHERE  `group` = 'site'  AND `name` = 'logo_image' LIMIT 1 [ RunTime:0.000416s ]
[2022-08-10 19:43:45][sql] SELECT `value` FROM `ds_system_config` WHERE  `group` = 'site'  AND `name` = 'site_wechat' LIMIT 1 [ RunTime:0.000349s ]
[2022-08-10 19:43:45][sql] SELECT `value` FROM `ds_system_config` WHERE  `group` = 'site'  AND `name` = 'site_qq' LIMIT 1 [ RunTime:0.000347s ]
[2022-08-10 19:43:45][sql] SELECT `value` FROM `ds_system_config` WHERE  `group` = 'site'  AND `name` = 'site_title' LIMIT 1 [ RunTime:0.000384s ]
[2022-08-10 19:43:45][sql] SELECT `value` FROM `ds_system_config` WHERE  `group` = 'site'  AND `name` = 'site_slogan' LIMIT 1 [ RunTime:0.000340s ]
[2022-08-10 19:43:45][sql] SELECT `value` FROM `ds_system_config` WHERE  `group` = 'site'  AND `name` = 'site_name' LIMIT 1 [ RunTime:0.000373s ]
[2022-08-10 19:43:45][sql] SELECT `value` FROM `ds_system_config` WHERE  `group` = 'site'  AND `name` = 'site_content' LIMIT 1 [ RunTime:0.000370s ]
[2022-08-10 21:10:03][sql] CONNECT:[ UseTime:0.000990s ] mysql:host=127.0.0.1;port=3306;dbname=websq;charset=utf8
[2022-08-10 21:10:03][sql] SHOW FULL COLUMNS FROM `ds_system_config` [ RunTime:0.001924s ]
[2022-08-10 21:10:03][sql] SELECT `value` FROM `ds_system_config` WHERE  `group` = 'site'  AND `name` = 'site_name' LIMIT 1 [ RunTime:0.000843s ]
[2022-08-10 21:10:03][sql] SELECT `value` FROM `ds_system_config` WHERE  `group` = 'site'  AND `name` = 'site_bg' LIMIT 1 [ RunTime:0.000359s ]
[2022-08-10 21:10:03][sql] SELECT `value` FROM `ds_system_config` WHERE  `group` = 'site'  AND `name` = 'logo_image' LIMIT 1 [ RunTime:0.000406s ]
[2022-08-10 21:10:03][sql] SELECT `value` FROM `ds_system_config` WHERE  `group` = 'site'  AND `name` = 'site_wechat' LIMIT 1 [ RunTime:0.000347s ]
[2022-08-10 21:10:03][sql] SELECT `value` FROM `ds_system_config` WHERE  `group` = 'site'  AND `name` = 'site_qq' LIMIT 1 [ RunTime:0.000323s ]
[2022-08-10 21:10:03][sql] SELECT `value` FROM `ds_system_config` WHERE  `group` = 'site'  AND `name` = 'site_title' LIMIT 1 [ RunTime:0.000338s ]
[2022-08-10 21:10:03][sql] SELECT `value` FROM `ds_system_config` WHERE  `group` = 'site'  AND `name` = 'site_slogan' LIMIT 1 [ RunTime:0.000378s ]
[2022-08-10 21:10:03][sql] SELECT `value` FROM `ds_system_config` WHERE  `group` = 'site'  AND `name` = 'site_name' LIMIT 1 [ RunTime:0.000412s ]
[2022-08-10 21:10:03][sql] SELECT `value` FROM `ds_system_config` WHERE  `group` = 'site'  AND `name` = 'site_content' LIMIT 1 [ RunTime:0.000398s ]
[2022-08-10 21:14:23][sql] CONNECT:[ UseTime:0.000631s ] mysql:host=127.0.0.1;port=3306;dbname=websq;charset=utf8
[2022-08-10 21:14:23][sql] SHOW FULL COLUMNS FROM `ds_system_config` [ RunTime:0.001463s ]
[2022-08-10 21:14:23][sql] SELECT `value` FROM `ds_system_config` WHERE  `group` = 'site'  AND `name` = 'site_name' LIMIT 1 [ RunTime:0.000506s ]
[2022-08-10 21:14:23][sql] SELECT `value` FROM `ds_system_config` WHERE  `group` = 'site'  AND `name` = 'site_bg' LIMIT 1 [ RunTime:0.000441s ]
[2022-08-10 21:14:23][sql] SELECT `value` FROM `ds_system_config` WHERE  `group` = 'site'  AND `name` = 'logo_image' LIMIT 1 [ RunTime:0.000440s ]
[2022-08-10 21:14:23][sql] SELECT `value` FROM `ds_system_config` WHERE  `group` = 'site'  AND `name` = 'site_wechat' LIMIT 1 [ RunTime:0.000338s ]
[2022-08-10 21:14:23][sql] SELECT `value` FROM `ds_system_config` WHERE  `group` = 'site'  AND `name` = 'site_qq' LIMIT 1 [ RunTime:0.000357s ]
[2022-08-10 21:14:23][sql] SELECT `value` FROM `ds_system_config` WHERE  `group` = 'site'  AND `name` = 'site_title' LIMIT 1 [ RunTime:0.000343s ]
[2022-08-10 21:14:23][sql] SELECT `value` FROM `ds_system_config` WHERE  `group` = 'site'  AND `name` = 'site_slogan' LIMIT 1 [ RunTime:0.000301s ]
[2022-08-10 21:14:23][sql] SELECT `value` FROM `ds_system_config` WHERE  `group` = 'site'  AND `name` = 'site_name' LIMIT 1 [ RunTime:0.000387s ]
[2022-08-10 21:14:23][sql] SELECT `value` FROM `ds_system_config` WHERE  `group` = 'site'  AND `name` = 'site_content' LIMIT 1 [ RunTime:0.000339s ]
[2022-08-10 21:25:38][sql] CONNECT:[ UseTime:0.000928s ] mysql:host=127.0.0.1;port=3306;dbname=websq;charset=utf8
[2022-08-10 21:25:38][sql] SHOW FULL COLUMNS FROM `ds_system_config` [ RunTime:0.001807s ]
[2022-08-10 21:25:38][sql] SELECT `value` FROM `ds_system_config` WHERE  `group` = 'site'  AND `name` = 'site_name' LIMIT 1 [ RunTime:0.000871s ]
[2022-08-10 21:25:38][sql] SELECT `value` FROM `ds_system_config` WHERE  `group` = 'site'  AND `name` = 'site_bg' LIMIT 1 [ RunTime:0.000423s ]
[2022-08-10 21:25:38][sql] SELECT `value` FROM `ds_system_config` WHERE  `group` = 'site'  AND `name` = 'logo_image' LIMIT 1 [ RunTime:0.000445s ]
[2022-08-10 21:25:38][sql] SELECT `value` FROM `ds_system_config` WHERE  `group` = 'site'  AND `name` = 'site_wechat' LIMIT 1 [ RunTime:0.000386s ]
[2022-08-10 21:25:38][sql] SELECT `value` FROM `ds_system_config` WHERE  `group` = 'site'  AND `name` = 'site_qq' LIMIT 1 [ RunTime:0.000419s ]
[2022-08-10 21:25:38][sql] SELECT `value` FROM `ds_system_config` WHERE  `group` = 'site'  AND `name` = 'site_title' LIMIT 1 [ RunTime:0.000493s ]
[2022-08-10 21:25:38][sql] SELECT `value` FROM `ds_system_config` WHERE  `group` = 'site'  AND `name` = 'site_slogan' LIMIT 1 [ RunTime:0.000419s ]
[2022-08-10 21:25:38][sql] SELECT `value` FROM `ds_system_config` WHERE  `group` = 'site'  AND `name` = 'site_name' LIMIT 1 [ RunTime:0.000407s ]
[2022-08-10 21:25:38][sql] SELECT `value` FROM `ds_system_config` WHERE  `group` = 'site'  AND `name` = 'site_content' LIMIT 1 [ RunTime:0.000403s ]
[2022-08-10 21:26:14][sql] CONNECT:[ UseTime:0.000901s ] mysql:host=127.0.0.1;port=3306;dbname=websq;charset=utf8
[2022-08-10 21:26:14][sql] SHOW FULL COLUMNS FROM `ds_system_config` [ RunTime:0.002024s ]
[2022-08-10 21:26:14][sql] SELECT `value` FROM `ds_system_config` WHERE  `group` = 'site'  AND `name` = 'site_name' LIMIT 1 [ RunTime:0.000857s ]
[2022-08-10 21:26:14][sql] SELECT `value` FROM `ds_system_config` WHERE  `group` = 'site'  AND `name` = 'site_bg' LIMIT 1 [ RunTime:0.000433s ]
[2022-08-10 21:26:14][sql] SELECT `value` FROM `ds_system_config` WHERE  `group` = 'site'  AND `name` = 'logo_image' LIMIT 1 [ RunTime:0.000331s ]
[2022-08-10 21:26:14][sql] SELECT `value` FROM `ds_system_config` WHERE  `group` = 'site'  AND `name` = 'site_wechat' LIMIT 1 [ RunTime:0.000383s ]
[2022-08-10 21:26:14][sql] SELECT `value` FROM `ds_system_config` WHERE  `group` = 'site'  AND `name` = 'site_qq' LIMIT 1 [ RunTime:0.000370s ]
[2022-08-10 21:26:14][sql] SELECT `value` FROM `ds_system_config` WHERE  `group` = 'site'  AND `name` = 'site_title' LIMIT 1 [ RunTime:0.000375s ]
[2022-08-10 21:26:14][sql] SELECT `value` FROM `ds_system_config` WHERE  `group` = 'site'  AND `name` = 'site_slogan' LIMIT 1 [ RunTime:0.000423s ]
[2022-08-10 21:26:14][sql] SELECT `value` FROM `ds_system_config` WHERE  `group` = 'site'  AND `name` = 'site_name' LIMIT 1 [ RunTime:0.000372s ]
[2022-08-10 21:26:14][sql] SELECT `value` FROM `ds_system_config` WHERE  `group` = 'site'  AND `name` = 'site_content' LIMIT 1 [ RunTime:0.000334s ]
[2022-08-10 22:05:32][sql] CONNECT:[ UseTime:0.001130s ] mysql:host=127.0.0.1;port=3306;dbname=websq;charset=utf8
[2022-08-10 22:05:32][sql] SHOW FULL COLUMNS FROM `ds_system_config` [ RunTime:0.001906s ]
[2022-08-10 22:05:32][sql] SELECT `value` FROM `ds_system_config` WHERE  `group` = 'site'  AND `name` = 'site_name' LIMIT 1 [ RunTime:0.000965s ]
[2022-08-10 22:05:32][sql] SELECT `value` FROM `ds_system_config` WHERE  `group` = 'site'  AND `name` = 'site_bg' LIMIT 1 [ RunTime:0.000502s ]
[2022-08-10 22:05:32][sql] SELECT `value` FROM `ds_system_config` WHERE  `group` = 'site'  AND `name` = 'logo_image' LIMIT 1 [ RunTime:0.000477s ]
[2022-08-10 22:05:32][sql] SELECT `value` FROM `ds_system_config` WHERE  `group` = 'site'  AND `name` = 'site_wechat' LIMIT 1 [ RunTime:0.000421s ]
[2022-08-10 22:05:32][sql] SELECT `value` FROM `ds_system_config` WHERE  `group` = 'site'  AND `name` = 'site_qq' LIMIT 1 [ RunTime:0.000377s ]
[2022-08-10 22:05:32][sql] SELECT `value` FROM `ds_system_config` WHERE  `group` = 'site'  AND `name` = 'site_title' LIMIT 1 [ RunTime:0.000394s ]
[2022-08-10 22:05:32][sql] SELECT `value` FROM `ds_system_config` WHERE  `group` = 'site'  AND `name` = 'site_slogan' LIMIT 1 [ RunTime:0.000339s ]
[2022-08-10 22:05:32][sql] SELECT `value` FROM `ds_system_config` WHERE  `group` = 'site'  AND `name` = 'site_name' LIMIT 1 [ RunTime:0.001433s ]
[2022-08-10 22:05:32][sql] SELECT `value` FROM `ds_system_config` WHERE  `group` = 'site'  AND `name` = 'site_content' LIMIT 1 [ RunTime:0.000398s ]
[2022-08-10 23:33:12][sql] CONNECT:[ UseTime:0.001017s ] mysql:host=127.0.0.1;port=3306;dbname=websq;charset=utf8
[2022-08-10 23:33:12][sql] SHOW FULL COLUMNS FROM `ds_system_config` [ RunTime:0.001913s ]
[2022-08-10 23:33:12][sql] SELECT `value` FROM `ds_system_config` WHERE  `group` = 'site'  AND `name` = 'site_name' LIMIT 1 [ RunTime:0.002197s ]
[2022-08-10 23:33:14][sql] CONNECT:[ UseTime:0.000468s ] mysql:host=127.0.0.1;port=3306;dbname=websq;charset=utf8
[2022-08-10 23:33:14][sql] SHOW FULL COLUMNS FROM `ds_notify` [ RunTime:0.001456s ]
[2022-08-10 23:33:14][sql] SELECT * FROM `ds_notify` WHERE  `is_show` = 1 ORDER BY `create_time` DESC LIMIT 1 [ RunTime:0.000658s ]
[2022-08-10 23:33:14][sql] SHOW FULL COLUMNS FROM `ds_system_quick` [ RunTime:0.001214s ]
[2022-08-10 23:33:14][sql] SELECT `id`,`title`,`icon`,`href` FROM `ds_system_quick` WHERE (  `status` = 1 ) AND `ds_system_quick`.`delete_time` IS NULL ORDER BY `sort` DESC LIMIT 8 [ RunTime:0.000613s ]
[2022-08-10 23:33:14][sql] SHOW FULL COLUMNS FROM `ds_system_admin` [ RunTime:0.001485s ]
[2022-08-10 23:33:14][sql] SELECT * FROM `ds_system_admin` WHERE (  `id` = 1 ) AND `ds_system_admin`.`delete_time` IS NULL LIMIT 1 [ RunTime:0.000847s ]
[2022-08-10 23:33:14][sql] SELECT * FROM `ds_system_admin` WHERE (  `id` = 1 ) AND `ds_system_admin`.`delete_time` IS NULL LIMIT 1 [ RunTime:0.000629s ]
[2022-08-10 23:33:14][sql] SHOW FULL COLUMNS FROM `ds_outlay` [ RunTime:0.001847s ]
[2022-08-10 23:33:14][sql] SELECT SUM(`money`) AS think_sum FROM `ds_outlay` WHERE  `status` = 0 LIMIT 1 [ RunTime:0.000545s ]
[2022-08-10 23:33:14][sql] SHOW FULL COLUMNS FROM `ds_payed_show` [ RunTime:0.002007s ]
[2022-08-10 23:33:14][sql] SELECT COUNT(DISTINCT `ip`) AS think_count FROM `ds_payed_show` LIMIT 1 [ RunTime:0.069678s ]
[2022-08-10 23:33:14][sql] SHOW FULL COLUMNS FROM `ds_tj` [ RunTime:0.001356s ]
[2022-08-10 23:33:14][sql] SELECT COUNT(*) AS think_count FROM `ds_tj` WHERE  `create_time` BETWEEN 1660060800 AND 1660147199 LIMIT 1 [ RunTime:0.000575s ]
[2022-08-10 23:33:14][sql] SHOW FULL COLUMNS FROM `ds_pay_order` [ RunTime:0.001328s ]
[2022-08-10 23:33:14][sql] SELECT COUNT(*) AS think_count FROM `ds_pay_order` WHERE  `is_kouliang` = '1'  AND `status` = '1'  AND `is_tj` = 1 LIMIT 1 [ RunTime:0.000993s ]
[2022-08-10 23:33:14][sql] SELECT SUM(`price`) AS think_sum FROM `ds_pay_order` WHERE  `is_kouliang` = '1'  AND `status` = '1'  AND `is_tj` = 1 LIMIT 1 [ RunTime:0.000503s ]
[2022-08-10 23:33:14][sql] SELECT SUM(`price`) AS think_sum FROM `ds_pay_order` WHERE  `is_kouliang` = '1'  AND `status` = '1'  AND `is_tj` = 1  AND `createtime` BETWEEN 1660060800 AND 1660147199 LIMIT 1 [ RunTime:0.000479s ]
[2022-08-10 23:33:14][sql] SELECT COUNT(*) AS think_count FROM `ds_pay_order` WHERE  `is_kouliang` = '1'  AND `status` = '1'  AND `is_tj` = 1  AND `createtime` BETWEEN 1660060800 AND 1660147199 LIMIT 1 [ RunTime:0.000480s ]
[2022-08-10 23:33:14][sql] SELECT SUM(`price`) AS think_sum FROM `ds_pay_order` WHERE  `is_kouliang` = '1'  AND `status` = '1'  AND `is_tj` = 1  AND `createtime` BETWEEN 1659974400 AND 1660060799 LIMIT 1 [ RunTime:0.000428s ]
[2022-08-10 23:33:14][sql] SELECT COUNT(*) AS think_count FROM `ds_pay_order` WHERE  `is_kouliang` = '1'  AND `status` = '1'  AND `is_tj` = 1  AND `createtime` BETWEEN 1659974400 AND 1660060799 LIMIT 1 [ RunTime:0.000468s ]
[2022-08-10 23:33:14][sql] SELECT `id`,`createtime` FROM `ds_pay_order` WHERE  `status` = '2'  AND `createtime` BETWEEN 1659888000 AND 1660492799  AND `is_tj` = 1  AND `is_kouliang` = '1' [ RunTime:0.000510s ]
[2022-08-10 23:33:14][sql] SELECT `id`,`createtime` FROM `ds_pay_order` WHERE  `status` = '1'  AND `createtime` BETWEEN 1659888000 AND 1660492799  AND `is_tj` = 1  AND `is_kouliang` = '1' [ RunTime:0.000584s ]
[2022-08-10 23:33:14][sql] SHOW FULL COLUMNS FROM `ds_system_config` [ RunTime:0.001145s ]
[2022-08-10 23:33:14][sql] SELECT `value` FROM `ds_system_config` WHERE  `group` = 'site'  AND `name` = 'site_name' LIMIT 1 [ RunTime:0.000411s ]
[2022-08-10 23:33:33][sql] CONNECT:[ UseTime:0.000845s ] mysql:host=127.0.0.1;port=3306;dbname=websq;charset=utf8
[2022-08-10 23:33:33][sql] SHOW FULL COLUMNS FROM `ds_pay_setting` [ RunTime:0.001969s ]
[2022-08-10 23:33:33][sql] SELECT * FROM `ds_pay_setting` WHERE  `status` = 1 [ RunTime:0.000576s ]
[2022-08-10 23:33:33][sql] SHOW FULL COLUMNS FROM `ds_pay_order` [ RunTime:0.001356s ]
[2022-08-10 23:33:33][sql] SELECT COUNT(*) AS think_count FROM `ds_pay_order` WHERE  `is_kouliang` = '1'  AND `status` = '1'  AND `is_tj` = 1  AND `createtime` BETWEEN 1660060800 AND 1660147199 LIMIT 1 [ RunTime:0.000895s ]
[2022-08-10 23:33:33][sql] SELECT COUNT(*) AS think_count FROM `ds_pay_order` WHERE  `is_kouliang` = '1'  AND `status` = '1'  AND `is_tj` = 1  AND `createtime` BETWEEN 1659974400 AND 1660060799 LIMIT 1 [ RunTime:0.000548s ]
[2022-08-10 23:33:33][sql] SELECT SUM(`price`) AS think_sum FROM `ds_pay_order` WHERE  `is_kouliang` = '1'  AND `status` = '1'  AND `is_tj` = 1  AND `createtime` BETWEEN 1660060800 AND 1660147199 LIMIT 1 [ RunTime:0.000539s ]
[2022-08-10 23:33:33][sql] SELECT SUM(`price`) AS think_sum FROM `ds_pay_order` WHERE  `is_kouliang` = '1'  AND `status` = '1'  AND `is_tj` = 1  AND `createtime` BETWEEN 1659974400 AND 1660060799 LIMIT 1 [ RunTime:0.000547s ]
[2022-08-10 23:33:33][sql] SELECT COUNT(*) AS think_count FROM `ds_pay_order` WHERE  `is_kouliang` = '1'  AND `status` = '1'  AND `is_tj` = 1 LIMIT 1 [ RunTime:0.000411s ]
[2022-08-10 23:33:33][sql] SELECT SUM(`price`) AS think_sum FROM `ds_pay_order` WHERE  `is_kouliang` = '1'  AND `status` = '1'  AND `is_tj` = 1 LIMIT 1 [ RunTime:0.000395s ]
[2022-08-10 23:33:33][sql] SHOW FULL COLUMNS FROM `ds_system_config` [ RunTime:0.001245s ]
[2022-08-10 23:33:33][sql] SELECT `value` FROM `ds_system_config` WHERE  `group` = 'site'  AND `name` = 'site_name' LIMIT 1 [ RunTime:0.000428s ]
[2022-08-10 23:33:37][sql] CONNECT:[ UseTime:0.000729s ] mysql:host=127.0.0.1;port=3306;dbname=websq;charset=utf8
[2022-08-10 23:33:37][sql] SHOW FULL COLUMNS FROM `ds_pay_order` [ RunTime:0.001609s ]
[2022-08-10 23:33:37][sql] SELECT COUNT(*) AS think_count FROM `ds_pay_order` WHERE  `status` = '1'  AND `is_kouliang` = '1' LIMIT 1 [ RunTime:0.000600s ]
[2022-08-10 23:33:37][sql] SELECT * FROM `ds_pay_order` WHERE  `status` = '1'  AND `is_kouliang` = '1' ORDER BY `id` DESC LIMIT 0,15 [ RunTime:0.001834s ]
[2022-08-10 23:33:37][sql] SHOW FULL COLUMNS FROM `ds_system_admin` [ RunTime:0.001490s ]
[2022-08-10 23:33:37][sql] SELECT * FROM `ds_system_admin` WHERE (  `id` IN (182,183) ) AND `ds_system_admin`.`delete_time` IS NULL [ RunTime:0.000755s ]
[2022-08-10 23:33:37][sql] SHOW FULL COLUMNS FROM `ds_link` [ RunTime:0.001253s ]
[2022-08-10 23:33:37][sql] SELECT * FROM `ds_link` WHERE  `id` IN (26132,35495,27167,26230,25269,25346,34257,29975,31499,35145,24546,25676,31966,29334,28872) [ RunTime:0.000516s ]
