[2022-09-19 01:47:03][sql] CONNECT:[ UseTime:0.000486s ] mysql:host=127.0.0.1;port=3306;dbname=webs;charset=utf8
[2022-09-19 01:47:03][sql] SHOW FULL COLUMNS FROM `ds_system_config` [ RunTime:0.001070s ]
[2022-09-19 01:47:03][sql] SELECT `value` FROM `ds_system_config` WHERE  `group` = 'site'  AND `name` = 'site_name' LIMIT 1 [ RunTime:0.000381s ]
[2022-09-19 01:47:03][sql] SELECT `value` FROM `ds_system_config` WHERE  `group` = 'site'  AND `name` = 'site_bg' LIMIT 1 [ RunTime:0.000312s ]
[2022-09-19 01:47:03][sql] SELECT `value` FROM `ds_system_config` WHERE  `group` = 'site'  AND `name` = 'logo_image' LIMIT 1 [ RunTime:0.000318s ]
[2022-09-19 01:47:03][sql] SELECT `value` FROM `ds_system_config` WHERE  `group` = 'site'  AND `name` = 'site_wechat' LIMIT 1 [ RunTime:0.000334s ]
[2022-09-19 01:47:03][sql] SELECT `value` FROM `ds_system_config` WHERE  `group` = 'site'  AND `name` = 'site_qq' LIMIT 1 [ RunTime:0.000303s ]
[2022-09-19 01:47:03][sql] SELECT `value` FROM `ds_system_config` WHERE  `group` = 'site'  AND `name` = 'site_title' LIMIT 1 [ RunTime:0.000324s ]
[2022-09-19 01:47:03][sql] SELECT `value` FROM `ds_system_config` WHERE  `group` = 'site'  AND `name` = 'site_slogan' LIMIT 1 [ RunTime:0.000296s ]
[2022-09-19 01:47:03][sql] SELECT `value` FROM `ds_system_config` WHERE  `group` = 'site'  AND `name` = 'site_name' LIMIT 1 [ RunTime:0.000308s ]
[2022-09-19 01:47:03][sql] SELECT `value` FROM `ds_system_config` WHERE  `group` = 'site'  AND `name` = 'site_content' LIMIT 1 [ RunTime:0.000300s ]
[2022-09-19 01:47:10][sql] CONNECT:[ UseTime:0.000527s ] mysql:host=127.0.0.1;port=3306;dbname=webs;charset=utf8
[2022-09-19 01:47:10][sql] show tables like 'ds_system_log_202209' [ RunTime:0.000487s ]
[2022-09-19 01:47:10][sql] SHOW FULL COLUMNS FROM `ds_system_log_202209` [ RunTime:0.001000s ]
[2022-09-19 01:47:10][sql] INSERT INTO `ds_system_log_202209` SET `admin_id` = NULL , `url` = '/admin/login/index.html' , `method` = 'post' , `ip` = '124.152.241.16' , `content` = '{"username":"admin","password":"5d9269e018f5129441746d4de9f47d398ed53d3f","captcha":"4780","keep_login":"0"}' , `useragent` = 'Mozilla/5.0 (Macintosh; Intel Mac OS X 10_15_7) AppleWebKit/537.36 (KHTML, like Gecko) Chrome/105.0.0.0 Safari/537.36' , `create_time` = 1663523230 [ RunTime:0.000398s ]
[2022-09-19 01:47:10][sql] SHOW FULL COLUMNS FROM `ds_system_admin` [ RunTime:0.001577s ]
[2022-09-19 01:47:10][sql] SELECT * FROM `ds_system_admin` WHERE (  `username` = 'admin' ) AND `ds_system_admin`.`delete_time` IS NULL LIMIT 1 [ RunTime:0.000553s ]
[2022-09-19 01:47:10][sql] UPDATE `ds_system_admin`  SET `login_num` = 822 , `update_time` = 1663523230  WHERE (  `id` = 1 ) AND `ds_system_admin`.`delete_time` IS NULL [ RunTime:0.000949s ]
[2022-09-19 01:47:10][sql] SELECT * FROM `ds_system_admin` WHERE (  `id` = 1 ) AND `ds_system_admin`.`delete_time` IS NULL LIMIT 1 [ RunTime:0.000466s ]
[2022-09-19 01:47:10][sql] SELECT * FROM `ds_system_admin` WHERE (  `id` = 1 ) AND `ds_system_admin`.`delete_time` IS NULL LIMIT 1 [ RunTime:0.000480s ]
[2022-09-19 01:47:12][sql] CONNECT:[ UseTime:0.000460s ] mysql:host=127.0.0.1;port=3306;dbname=webs;charset=utf8
[2022-09-19 01:47:12][sql] SHOW FULL COLUMNS FROM `ds_system_config` [ RunTime:0.000971s ]
[2022-09-19 01:47:12][sql] SELECT `value` FROM `ds_system_config` WHERE  `group` = 'site'  AND `name` = 'site_name' LIMIT 1 [ RunTime:0.000340s ]
[2022-09-19 01:47:13][sql] CONNECT:[ UseTime:0.000565s ] mysql:host=127.0.0.1;port=3306;dbname=webs;charset=utf8
[2022-09-19 01:47:13][sql] SHOW FULL COLUMNS FROM `ds_notify` [ RunTime:0.001049s ]
[2022-09-19 01:47:13][sql] SELECT * FROM `ds_notify` WHERE  `is_show` = 1 ORDER BY `create_time` DESC LIMIT 1 [ RunTime:0.000457s ]
[2022-09-19 01:47:13][sql] SHOW FULL COLUMNS FROM `ds_system_quick` [ RunTime:0.000757s ]
[2022-09-19 01:47:13][sql] SELECT `id`,`title`,`icon`,`href` FROM `ds_system_quick` WHERE (  `status` = 1 ) AND `ds_system_quick`.`delete_time` IS NULL ORDER BY `sort` DESC LIMIT 8 [ RunTime:0.000422s ]
[2022-09-19 01:47:13][sql] SHOW FULL COLUMNS FROM `ds_system_admin` [ RunTime:0.001069s ]
[2022-09-19 01:47:13][sql] SELECT * FROM `ds_system_admin` WHERE (  `id` = 1 ) AND `ds_system_admin`.`delete_time` IS NULL LIMIT 1 [ RunTime:0.000481s ]
[2022-09-19 01:47:13][sql] SELECT * FROM `ds_system_admin` WHERE (  `id` = 1 ) AND `ds_system_admin`.`delete_time` IS NULL LIMIT 1 [ RunTime:0.000352s ]
[2022-09-19 01:47:13][sql] SHOW FULL COLUMNS FROM `ds_outlay` [ RunTime:0.000785s ]
[2022-09-19 01:47:13][sql] SELECT SUM(`money`) AS think_sum FROM `ds_outlay` WHERE  `status` = 0 LIMIT 1 [ RunTime:0.000318s ]
[2022-09-19 01:47:13][sql] SHOW FULL COLUMNS FROM `ds_payed_show` [ RunTime:0.000659s ]
[2022-09-19 01:47:13][sql] SELECT COUNT(DISTINCT `ip`) AS think_count FROM `ds_payed_show` LIMIT 1 [ RunTime:0.045506s ]
[2022-09-19 01:47:13][sql] SHOW FULL COLUMNS FROM `ds_tj` [ RunTime:0.000914s ]
[2022-09-19 01:47:13][sql] SELECT COUNT(*) AS think_count FROM `ds_tj` WHERE  `create_time` BETWEEN 1663516800 AND 1663603199 LIMIT 1 [ RunTime:0.000309s ]
[2022-09-19 01:47:13][sql] SHOW FULL COLUMNS FROM `ds_pay_order` [ RunTime:0.000728s ]
[2022-09-19 01:47:13][sql] SELECT COUNT(*) AS think_count FROM `ds_pay_order` WHERE  `is_kouliang` = '1'  AND `status` = '1'  AND `is_tj` = 1 LIMIT 1 [ RunTime:0.000453s ]
[2022-09-19 01:47:13][sql] SELECT SUM(`price`) AS think_sum FROM `ds_pay_order` WHERE  `is_kouliang` = '1'  AND `status` = '1'  AND `is_tj` = 1 LIMIT 1 [ RunTime:0.000434s ]
[2022-09-19 01:47:13][sql] SELECT SUM(`price`) AS think_sum FROM `ds_pay_order` WHERE  `is_kouliang` = '1'  AND `status` = '1'  AND `is_tj` = 1  AND `createtime` BETWEEN 1663516800 AND 1663603199 LIMIT 1 [ RunTime:0.000426s ]
[2022-09-19 01:47:13][sql] SELECT COUNT(*) AS think_count FROM `ds_pay_order` WHERE  `is_kouliang` = '1'  AND `status` = '1'  AND `is_tj` = 1  AND `createtime` BETWEEN 1663516800 AND 1663603199 LIMIT 1 [ RunTime:0.001135s ]
[2022-09-19 01:47:13][sql] SELECT SUM(`price`) AS think_sum FROM `ds_pay_order` WHERE  `is_kouliang` = '1'  AND `status` = '1'  AND `is_tj` = 1  AND `createtime` BETWEEN 1663430400 AND 1663516799 LIMIT 1 [ RunTime:0.000408s ]
[2022-09-19 01:47:13][sql] SELECT COUNT(*) AS think_count FROM `ds_pay_order` WHERE  `is_kouliang` = '1'  AND `status` = '1'  AND `is_tj` = 1  AND `createtime` BETWEEN 1663430400 AND 1663516799 LIMIT 1 [ RunTime:0.000360s ]
[2022-09-19 01:47:13][sql] SELECT `id`,`createtime` FROM `ds_pay_order` WHERE  `status` = '2'  AND `createtime` BETWEEN 1663516800 AND 1664121599  AND `is_tj` = 1  AND `is_kouliang` = '1' [ RunTime:0.000418s ]
[2022-09-19 01:47:13][sql] SELECT `id`,`createtime` FROM `ds_pay_order` WHERE  `status` = '1'  AND `createtime` BETWEEN 1663516800 AND 1664121599  AND `is_tj` = 1  AND `is_kouliang` = '1' [ RunTime:0.000262s ]
[2022-09-19 01:47:13][sql] SHOW FULL COLUMNS FROM `ds_system_config` [ RunTime:0.000808s ]
[2022-09-19 01:47:13][sql] SELECT `value` FROM `ds_system_config` WHERE  `group` = 'site'  AND `name` = 'site_name' LIMIT 1 [ RunTime:0.000260s ]
[2022-09-19 01:47:16][sql] CONNECT:[ UseTime:0.000466s ] mysql:host=127.0.0.1;port=3306;dbname=webs;charset=utf8
[2022-09-19 01:47:16][sql] SHOW FULL COLUMNS FROM `ds_system_config` [ RunTime:0.000990s ]
[2022-09-19 01:47:16][sql] SELECT `value` FROM `ds_system_config` WHERE  `group` = 'site'  AND `name` = 'site_name' LIMIT 1 [ RunTime:0.000342s ]
[2022-09-19 01:47:17][sql] CONNECT:[ UseTime:0.000441s ] mysql:host=127.0.0.1;port=3306;dbname=webs;charset=utf8
[2022-09-19 01:47:17][sql] SHOW FULL COLUMNS FROM `ds_complain` [ RunTime:0.000949s ]
[2022-09-19 01:47:17][sql] SELECT COUNT(*) AS think_count FROM `ds_complain` LIMIT 1 [ RunTime:0.000233s ]
[2022-09-19 01:47:17][sql] SELECT * FROM `ds_complain` ORDER BY `id` DESC LIMIT 0,15 [ RunTime:0.000205s ]
[2022-09-19 01:47:17][sql] CONNECT:[ UseTime:0.000495s ] mysql:host=127.0.0.1;port=3306;dbname=webs;charset=utf8
[2022-09-19 01:47:17][sql] SHOW FULL COLUMNS FROM `ds_system_config` [ RunTime:0.000931s ]
[2022-09-19 01:47:17][sql] SELECT `value` FROM `ds_system_config` WHERE  `group` = 'site'  AND `name` = 'site_name' LIMIT 1 [ RunTime:0.000303s ]
[2022-09-19 01:47:17][sql] CONNECT:[ UseTime:0.000517s ] mysql:host=127.0.0.1;port=3306;dbname=webs;charset=utf8
[2022-09-19 01:47:17][sql] SHOW FULL COLUMNS FROM `ds_pay_setting` [ RunTime:0.000975s ]
[2022-09-19 01:47:17][sql] SELECT COUNT(*) AS think_count FROM `ds_pay_setting` LIMIT 1 [ RunTime:0.000244s ]
[2022-09-19 01:47:17][sql] SELECT * FROM `ds_pay_setting` ORDER BY `id` DESC LIMIT 0,15 [ RunTime:0.000248s ]
[2022-09-19 01:47:26][sql] CONNECT:[ UseTime:0.000595s ] mysql:host=127.0.0.1;port=3306;dbname=webs;charset=utf8
[2022-09-19 01:47:26][sql] SHOW FULL COLUMNS FROM `ds_pay_setting` [ RunTime:0.000923s ]
[2022-09-19 01:47:26][sql] SELECT * FROM `ds_pay_setting` WHERE  `id` = 36 LIMIT 1 [ RunTime:0.000370s ]
[2022-09-19 01:47:26][sql] SHOW FULL COLUMNS FROM `ds_system_config` [ RunTime:0.000900s ]
[2022-09-19 01:47:26][sql] SELECT `value` FROM `ds_system_config` WHERE  `group` = 'site'  AND `name` = 'site_name' LIMIT 1 [ RunTime:0.000358s ]
[2022-09-19 01:48:46][sql] CONNECT:[ UseTime:0.000657s ] mysql:host=127.0.0.1;port=3306;dbname=webs;charset=utf8
[2022-09-19 01:48:46][sql] show tables like 'ds_system_log_202209' [ RunTime:0.000420s ]
[2022-09-19 01:48:46][sql] SHOW FULL COLUMNS FROM `ds_system_log_202209` [ RunTime:0.000842s ]
[2022-09-19 01:48:46][sql] INSERT INTO `ds_system_log_202209` SET `admin_id` = 1 , `url` = '/admin/paysetting/edit?id=36' , `method` = 'post' , `ip` = '124.152.241.16' , `content` = '{"id":"36","title":"聚合支付","app_id":"186956138","app_key":"admincikexxx999888","pay_url":"http:\/\/zf.ibfgcbq.cn:88\/","pay_channel":"alipay","pay_model":"easydoc","pay_fudong":"0","status":"1"}' , `useragent` = 'Mozilla/5.0 (Macintosh; Intel Mac OS X 10_15_7) AppleWebKit/537.36 (KHTML, like Gecko) Chrome/105.0.0.0 Safari/537.36' , `create_time` = 1663523326 [ RunTime:0.000455s ]
[2022-09-19 01:48:46][sql] SHOW FULL COLUMNS FROM `ds_pay_setting` [ RunTime:0.001972s ]
[2022-09-19 01:48:46][sql] SELECT * FROM `ds_pay_setting` WHERE  `id` = 36 LIMIT 1 [ RunTime:0.000453s ]
[2022-09-19 01:48:46][sql] UPDATE `ds_pay_setting`  SET `app_id` = '186956138' , `app_key` = 'admincikexxx999888' , `pay_url` = 'http://zf.ibfgcbq.cn:88/' , `pay_channel` = 'alipay' , `pay_model` = 'easydoc'  WHERE  `id` = 36 [ RunTime:0.000375s ]
[2022-09-19 01:48:48][sql] CONNECT:[ UseTime:0.000480s ] mysql:host=127.0.0.1;port=3306;dbname=webs;charset=utf8
[2022-09-19 01:48:48][sql] SHOW FULL COLUMNS FROM `ds_pay_setting` [ RunTime:0.000935s ]
[2022-09-19 01:48:48][sql] SELECT COUNT(*) AS think_count FROM `ds_pay_setting` LIMIT 1 [ RunTime:0.000274s ]
[2022-09-19 01:48:48][sql] SELECT * FROM `ds_pay_setting` ORDER BY `id` DESC LIMIT 0,15 [ RunTime:0.000259s ]
[2022-09-19 01:48:49][sql] CONNECT:[ UseTime:0.000623s ] mysql:host=127.0.0.1;port=3306;dbname=webs;charset=utf8
[2022-09-19 01:48:49][sql] SHOW FULL COLUMNS FROM `ds_pay_setting` [ RunTime:0.000955s ]
[2022-09-19 01:48:49][sql] SELECT * FROM `ds_pay_setting` WHERE  `id` = 36 LIMIT 1 [ RunTime:0.000407s ]
[2022-09-19 01:48:49][sql] SHOW FULL COLUMNS FROM `ds_system_config` [ RunTime:0.000751s ]
[2022-09-19 01:48:49][sql] SELECT `value` FROM `ds_system_config` WHERE  `group` = 'site'  AND `name` = 'site_name' LIMIT 1 [ RunTime:0.000300s ]
[2022-09-19 01:48:55][sql] CONNECT:[ UseTime:0.000461s ] mysql:host=127.0.0.1;port=3306;dbname=webs;charset=utf8
[2022-09-19 01:48:55][sql] show tables like 'ds_system_log_202209' [ RunTime:0.000432s ]
[2022-09-19 01:48:55][sql] SHOW FULL COLUMNS FROM `ds_system_log_202209` [ RunTime:0.000830s ]
[2022-09-19 01:48:55][sql] INSERT INTO `ds_system_log_202209` SET `admin_id` = 1 , `url` = '/admin/paysetting/edit?id=36' , `method` = 'post' , `ip` = '124.152.241.16' , `content` = '{"id":"36","title":"dd支付","app_id":"186956138","app_key":"admincikexxx999888","pay_url":"http:\/\/zf.ibfgcbq.cn:88\/","pay_channel":"alipay","pay_model":"easydoc","pay_fudong":"0","status":"1"}' , `useragent` = 'Mozilla/5.0 (Macintosh; Intel Mac OS X 10_15_7) AppleWebKit/537.36 (KHTML, like Gecko) Chrome/105.0.0.0 Safari/537.36' , `create_time` = 1663523335 [ RunTime:0.000354s ]
[2022-09-19 01:48:55][sql] SHOW FULL COLUMNS FROM `ds_pay_setting` [ RunTime:0.001048s ]
[2022-09-19 01:48:55][sql] SELECT * FROM `ds_pay_setting` WHERE  `id` = 36 LIMIT 1 [ RunTime:0.000343s ]
[2022-09-19 01:48:55][sql] UPDATE `ds_pay_setting`  SET `title` = 'dd支付'  WHERE  `id` = 36 [ RunTime:0.000286s ]
[2022-09-19 01:49:22][sql] CONNECT:[ UseTime:0.000533s ] mysql:host=127.0.0.1;port=3306;dbname=webs;charset=utf8
[2022-09-19 01:49:22][sql] SHOW FULL COLUMNS FROM `ds_pay_setting` [ RunTime:0.001076s ]
[2022-09-19 01:49:22][sql] SELECT * FROM `ds_pay_setting` WHERE  `id` = 36 LIMIT 1 [ RunTime:0.000371s ]
[2022-09-19 01:49:22][sql] SHOW FULL COLUMNS FROM `ds_system_config` [ RunTime:0.000762s ]
[2022-09-19 01:49:22][sql] SELECT `value` FROM `ds_system_config` WHERE  `group` = 'site'  AND `name` = 'site_name' LIMIT 1 [ RunTime:0.000270s ]
[2022-09-19 01:49:24][sql] CONNECT:[ UseTime:0.000509s ] mysql:host=127.0.0.1;port=3306;dbname=webs;charset=utf8
[2022-09-19 01:49:24][sql] show tables like 'ds_system_log_202209' [ RunTime:0.000367s ]
[2022-09-19 01:49:24][sql] SHOW FULL COLUMNS FROM `ds_system_log_202209` [ RunTime:0.000909s ]
[2022-09-19 01:49:24][sql] INSERT INTO `ds_system_log_202209` SET `admin_id` = 1 , `url` = '/admin/paysetting/edit?id=36' , `method` = 'post' , `ip` = '124.152.241.16' , `content` = '{"id":"36","title":"dd支付","app_id":"186956138","app_key":"admincikexxx999888","pay_url":"http:\/\/zf.ibfgcbq.cn:88\/","pay_channel":"alipay","pay_model":"easydoc","pay_fudong":"0","status":"1"}' , `useragent` = 'Mozilla/5.0 (Macintosh; Intel Mac OS X 10_15_7) AppleWebKit/537.36 (KHTML, like Gecko) Chrome/105.0.0.0 Safari/537.36' , `create_time` = 1663523364 [ RunTime:0.000389s ]
[2022-09-19 01:49:24][sql] SHOW FULL COLUMNS FROM `ds_pay_setting` [ RunTime:0.001134s ]
[2022-09-19 01:49:24][sql] SELECT * FROM `ds_pay_setting` WHERE  `id` = 36 LIMIT 1 [ RunTime:0.000361s ]
[2022-09-19 01:49:27][sql] CONNECT:[ UseTime:0.000646s ] mysql:host=127.0.0.1;port=3306;dbname=webs;charset=utf8
[2022-09-19 01:49:27][sql] SHOW FULL COLUMNS FROM `ds_pay_setting` [ RunTime:0.001179s ]
[2022-09-19 01:49:27][sql] SELECT COUNT(*) AS think_count FROM `ds_pay_setting` LIMIT 1 [ RunTime:0.000269s ]
[2022-09-19 01:49:27][sql] SELECT * FROM `ds_pay_setting` ORDER BY `id` DESC LIMIT 0,15 [ RunTime:0.000239s ]
[2022-09-19 01:49:30][sql] CONNECT:[ UseTime:0.000518s ] mysql:host=127.0.0.1;port=3306;dbname=webs;charset=utf8
[2022-09-19 01:49:30][sql] SHOW FULL COLUMNS FROM `ds_system_auth` [ RunTime:0.001091s ]
[2022-09-19 01:49:30][sql] SELECT `title`,`id` FROM `ds_system_auth` WHERE (  `status` = 1 ) AND `ds_system_auth`.`delete_time` IS NULL [ RunTime:0.000400s ]
[2022-09-19 01:49:30][sql] SHOW FULL COLUMNS FROM `ds_system_admin` [ RunTime:0.000997s ]
[2022-09-19 01:49:30][sql] SELECT SUM(`balance`) AS think_sum FROM `ds_system_admin` WHERE `ds_system_admin`.`delete_time` IS NULL LIMIT 1 [ RunTime:0.000330s ]
[2022-09-19 01:49:30][sql] SHOW FULL COLUMNS FROM `ds_outlay` [ RunTime:0.000727s ]
[2022-09-19 01:49:30][sql] SELECT SUM(`money`) AS think_sum FROM `ds_outlay` WHERE  `create_time` BETWEEN 1663516800 AND 1663603199 LIMIT 1 [ RunTime:0.000298s ]
[2022-09-19 01:49:30][sql] SHOW FULL COLUMNS FROM `ds_pay_setting` [ RunTime:0.000682s ]
[2022-09-19 01:49:30][sql] SELECT * FROM `ds_pay_setting` [ RunTime:0.000298s ]
[2022-09-19 01:49:30][sql] SHOW FULL COLUMNS FROM `ds_system_config` [ RunTime:0.000792s ]
[2022-09-19 01:49:30][sql] SELECT `value` FROM `ds_system_config` WHERE  `group` = 'site'  AND `name` = 'site_name' LIMIT 1 [ RunTime:0.000322s ]
[2022-09-19 01:49:31][sql] CONNECT:[ UseTime:0.000629s ] mysql:host=127.0.0.1;port=3306;dbname=webs;charset=utf8
[2022-09-19 01:49:31][sql] SHOW FULL COLUMNS FROM `ds_system_auth` [ RunTime:0.000927s ]
[2022-09-19 01:49:31][sql] SELECT `title`,`id` FROM `ds_system_auth` WHERE (  `status` = 1 ) AND `ds_system_auth`.`delete_time` IS NULL [ RunTime:0.000358s ]
[2022-09-19 01:49:31][sql] SHOW FULL COLUMNS FROM `ds_system_admin` [ RunTime:0.000869s ]
[2022-09-19 01:49:31][sql] SELECT SUM(`balance`) AS think_sum FROM `ds_system_admin` WHERE `ds_system_admin`.`delete_time` IS NULL LIMIT 1 [ RunTime:0.000280s ]
[2022-09-19 01:49:31][sql] SHOW FULL COLUMNS FROM `ds_outlay` [ RunTime:0.000784s ]
[2022-09-19 01:49:31][sql] SELECT SUM(`money`) AS think_sum FROM `ds_outlay` WHERE  `create_time` BETWEEN 1663516800 AND 1663603199 LIMIT 1 [ RunTime:0.000316s ]
[2022-09-19 01:49:31][sql] SHOW FULL COLUMNS FROM `ds_pay_setting` [ RunTime:0.000701s ]
[2022-09-19 01:49:31][sql] SELECT * FROM `ds_pay_setting` [ RunTime:0.000288s ]
[2022-09-19 01:49:31][sql] SELECT COUNT(*) AS think_count FROM `ds_system_admin` WHERE (  `id` <> 1 ) AND `ds_system_admin`.`delete_time` IS NULL LIMIT 1 [ RunTime:0.000388s ]
[2022-09-19 01:49:31][sql] SELECT `id`,`pid`,`auth_ids`,`head_img`,`username`,`qq`,`wechat_account`,`pwd`,`balance`,`revenue`,`short`,`pay_model`,`pay_model1`,`is_zn`,`is_ff`,`poundage`,`ticheng`,`is_day`,`is_week`,`is_month`,`is_dan`,`date_fee`,`month_fee`,`dan_fee`,`week_fee`,`view_id`,`phone`,`remark`,`login_num`,`sort`,`status`,`push_all`,`txpwd`,`create_time`,`update_time`,`delete_time`,`is_zw`,(SELECT SUM(`money`) AS think_sum FROM `ds_outlay` `sum_table` WHERE  ( `sum_table`.`uid` =ds_system_admin.id )) AS `outlay_sum` FROM `ds_system_admin` WHERE (  `id` <> 1 ) AND `ds_system_admin`.`delete_time` IS NULL ORDER BY `sort` DESC,`id` DESC LIMIT 0,15 [ RunTime:0.000561s ]
[2022-09-19 01:49:31][sql] SELECT * FROM `ds_system_admin` WHERE (  `id` = 0 ) AND `ds_system_admin`.`delete_time` IS NULL [ RunTime:0.000368s ]
[2022-09-19 01:49:31][sql] SHOW FULL COLUMNS FROM `ds_muban` [ RunTime:0.000819s ]
[2022-09-19 01:49:31][sql] SELECT * FROM `ds_muban` WHERE (  `id` = 3 ) AND `ds_muban`.`delete_time` IS NULL [ RunTime:0.000277s ]
[2022-09-19 01:49:31][sql] SHOW FULL COLUMNS FROM `ds_pay_order` [ RunTime:0.000837s ]
[2022-09-19 01:49:31][sql] SELECT * FROM `ds_pay_order` WHERE  `status` = '1'  AND `is_kouliang` = '1'  AND `is_tj` = 1  AND `createtime` BETWEEN 1663516800 AND 1663603199  AND `uid` = 182 [ RunTime:0.000456s ]
[2022-09-19 01:49:31][sql] SHOW FULL COLUMNS FROM `ds_domain_lib` [ RunTime:0.000710s ]
[2022-09-19 01:49:31][sql] SELECT * FROM `ds_domain_lib` WHERE  `status` = 0  AND `uid` = 182 [ RunTime:0.000341s ]
[2022-09-19 01:49:31][sql] SELECT SUM(`price`) AS think_sum FROM `ds_pay_order` WHERE  `uid` = 182  AND `is_kouliang` = '1'  AND `status` = '1'  AND `is_tj` = 1  AND `createtime` BETWEEN 1663516800 AND 1663603199 LIMIT 1 [ RunTime:0.000367s ]
[2022-09-19 01:49:31][sql] SELECT SUM(`price`) AS think_sum FROM `ds_pay_order` WHERE  `uid` = 182  AND `is_kouliang` = '1'  AND `status` = '1'  AND `is_tj` = 1  AND `createtime` BETWEEN 1663430400 AND 1663516799 LIMIT 1 [ RunTime:0.000330s ]
[2022-09-19 01:49:31][sql] SELECT `id` FROM `ds_system_admin` WHERE (  `pid` = 182 ) AND `ds_system_admin`.`delete_time` IS NULL [ RunTime:0.000215s ]
[2022-09-19 01:49:34][sql] CONNECT:[ UseTime:0.001004s ] mysql:host=127.0.0.1;port=3306;dbname=webs;charset=utf8
[2022-09-19 01:49:34][sql] show tables like 'ds_system_log_202209' [ RunTime:0.000958s ]
[2022-09-19 01:49:34][sql] SHOW FULL COLUMNS FROM `ds_system_log_202209` [ RunTime:0.001136s ]
[2022-09-19 01:49:34][sql] INSERT INTO `ds_system_log_202209` SET `admin_id` = 1 , `url` = '/admin/system.admin/modify' , `method` = 'post' , `ip` = '124.152.241.16' , `content` = '{"id":"182","field":"pay_model","value":"easydoc"}' , `useragent` = 'Mozilla/5.0 (Macintosh; Intel Mac OS X 10_15_7) AppleWebKit/537.36 (KHTML, like Gecko) Chrome/105.0.0.0 Safari/537.36' , `create_time` = 1663523374 [ RunTime:0.000615s ]
[2022-09-19 01:49:34][sql] SHOW FULL COLUMNS FROM `ds_system_auth` [ RunTime:0.001055s ]
[2022-09-19 01:49:34][sql] SELECT `title`,`id` FROM `ds_system_auth` WHERE (  `status` = 1 ) AND `ds_system_auth`.`delete_time` IS NULL [ RunTime:0.000556s ]
[2022-09-19 01:49:34][sql] SHOW FULL COLUMNS FROM `ds_system_admin` [ RunTime:0.000941s ]
[2022-09-19 01:49:34][sql] SELECT * FROM `ds_system_admin` WHERE (  `id` = 182 ) AND `ds_system_admin`.`delete_time` IS NULL LIMIT 1 [ RunTime:0.000446s ]
[2022-09-19 01:49:34][sql] UPDATE `ds_system_admin`  SET `pay_model` = 'easydoc' , `update_time` = 1663523374  WHERE (  `id` = 182 ) AND `ds_system_admin`.`delete_time` IS NULL [ RunTime:0.000419s ]
[2022-09-19 01:49:34][sql] SELECT * FROM `ds_system_admin` WHERE (  `id` = 1 ) AND `ds_system_admin`.`delete_time` IS NULL LIMIT 1 [ RunTime:0.000489s ]
[2022-09-19 01:49:34][sql] SELECT * FROM `ds_system_admin` WHERE (  `id` = 1 ) AND `ds_system_admin`.`delete_time` IS NULL LIMIT 1 [ RunTime:0.000401s ]
[2022-09-19 01:49:34][sql] CONNECT:[ UseTime:0.000561s ] mysql:host=127.0.0.1;port=3306;dbname=webs;charset=utf8
[2022-09-19 01:49:34][sql] SHOW FULL COLUMNS FROM `ds_system_auth` [ RunTime:0.001034s ]
[2022-09-19 01:49:34][sql] SELECT `title`,`id` FROM `ds_system_auth` WHERE (  `status` = 1 ) AND `ds_system_auth`.`delete_time` IS NULL [ RunTime:0.000391s ]
[2022-09-19 01:49:34][sql] SHOW FULL COLUMNS FROM `ds_system_admin` [ RunTime:0.000819s ]
[2022-09-19 01:49:34][sql] SELECT SUM(`balance`) AS think_sum FROM `ds_system_admin` WHERE `ds_system_admin`.`delete_time` IS NULL LIMIT 1 [ RunTime:0.000361s ]
[2022-09-19 01:49:34][sql] SHOW FULL COLUMNS FROM `ds_outlay` [ RunTime:0.000689s ]
[2022-09-19 01:49:34][sql] SELECT SUM(`money`) AS think_sum FROM `ds_outlay` WHERE  `create_time` BETWEEN 1663516800 AND 1663603199 LIMIT 1 [ RunTime:0.000288s ]
[2022-09-19 01:49:34][sql] SHOW FULL COLUMNS FROM `ds_pay_setting` [ RunTime:0.000693s ]
[2022-09-19 01:49:34][sql] SELECT * FROM `ds_pay_setting` [ RunTime:0.000300s ]
[2022-09-19 01:49:34][sql] SELECT COUNT(*) AS think_count FROM `ds_system_admin` WHERE (  `id` <> 1 ) AND `ds_system_admin`.`delete_time` IS NULL LIMIT 1 [ RunTime:0.000392s ]
[2022-09-19 01:49:34][sql] SELECT `id`,`pid`,`auth_ids`,`head_img`,`username`,`qq`,`wechat_account`,`pwd`,`balance`,`revenue`,`short`,`pay_model`,`pay_model1`,`is_zn`,`is_ff`,`poundage`,`ticheng`,`is_day`,`is_week`,`is_month`,`is_dan`,`date_fee`,`month_fee`,`dan_fee`,`week_fee`,`view_id`,`phone`,`remark`,`login_num`,`sort`,`status`,`push_all`,`txpwd`,`create_time`,`update_time`,`delete_time`,`is_zw`,(SELECT SUM(`money`) AS think_sum FROM `ds_outlay` `sum_table` WHERE  ( `sum_table`.`uid` =ds_system_admin.id )) AS `outlay_sum` FROM `ds_system_admin` WHERE (  `id` <> 1 ) AND `ds_system_admin`.`delete_time` IS NULL ORDER BY `sort` DESC,`id` DESC LIMIT 0,15 [ RunTime:0.000571s ]
[2022-09-19 01:49:34][sql] SELECT * FROM `ds_system_admin` WHERE (  `id` = 0 ) AND `ds_system_admin`.`delete_time` IS NULL [ RunTime:0.000327s ]
[2022-09-19 01:49:34][sql] SHOW FULL COLUMNS FROM `ds_muban` [ RunTime:0.000800s ]
[2022-09-19 01:49:34][sql] SELECT * FROM `ds_muban` WHERE (  `id` = 3 ) AND `ds_muban`.`delete_time` IS NULL [ RunTime:0.000259s ]
[2022-09-19 01:49:34][sql] SHOW FULL COLUMNS FROM `ds_pay_order` [ RunTime:0.000816s ]
[2022-09-19 01:49:34][sql] SELECT * FROM `ds_pay_order` WHERE  `status` = '1'  AND `is_kouliang` = '1'  AND `is_tj` = 1  AND `createtime` BETWEEN 1663516800 AND 1663603199  AND `uid` = 182 [ RunTime:0.000452s ]
[2022-09-19 01:49:34][sql] SHOW FULL COLUMNS FROM `ds_domain_lib` [ RunTime:0.000642s ]
[2022-09-19 01:49:34][sql] SELECT * FROM `ds_domain_lib` WHERE  `status` = 0  AND `uid` = 182 [ RunTime:0.000268s ]
[2022-09-19 01:49:34][sql] SELECT SUM(`price`) AS think_sum FROM `ds_pay_order` WHERE  `uid` = 182  AND `is_kouliang` = '1'  AND `status` = '1'  AND `is_tj` = 1  AND `createtime` BETWEEN 1663516800 AND 1663603199 LIMIT 1 [ RunTime:0.000333s ]
[2022-09-19 01:49:34][sql] SELECT SUM(`price`) AS think_sum FROM `ds_pay_order` WHERE  `uid` = 182  AND `is_kouliang` = '1'  AND `status` = '1'  AND `is_tj` = 1  AND `createtime` BETWEEN 1663430400 AND 1663516799 LIMIT 1 [ RunTime:0.000334s ]
[2022-09-19 01:49:34][sql] SELECT `id` FROM `ds_system_admin` WHERE (  `pid` = 182 ) AND `ds_system_admin`.`delete_time` IS NULL [ RunTime:0.000206s ]
[2022-09-19 01:50:23][sql] CONNECT:[ UseTime:0.000484s ] mysql:host=127.0.0.1;port=3306;dbname=webs;charset=utf8
[2022-09-19 01:50:23][sql] SHOW FULL COLUMNS FROM `ds_pay_setting` [ RunTime:0.001085s ]
[2022-09-19 01:50:23][sql] SELECT * FROM `ds_pay_setting` [ RunTime:0.000311s ]
[2022-09-19 01:50:23][sql] SHOW FULL COLUMNS FROM `ds_system_config` [ RunTime:0.000719s ]
[2022-09-19 01:50:23][sql] SELECT * FROM `ds_system_config` [ RunTime:0.000380s ]
[2022-09-19 01:50:23][sql] SELECT `value` FROM `ds_system_config` WHERE  `group` = 'site'  AND `name` = 'site_name' LIMIT 1 [ RunTime:0.000467s ]
[2022-09-19 01:50:23][sql] SELECT `value` FROM `ds_system_config` WHERE  `group` = 'site'  AND `name` = 'site_order' LIMIT 1 [ RunTime:0.000389s ]
[2022-09-19 01:50:23][sql] SELECT `value` FROM `ds_system_config` WHERE  `group` = 'site'  AND `name` = 'site_name' LIMIT 1 [ RunTime:0.000346s ]
[2022-09-19 01:50:23][sql] SELECT `value` FROM `ds_system_config` WHERE  `group` = 'site'  AND `name` = 'site_title' LIMIT 1 [ RunTime:0.000254s ]
[2022-09-19 01:50:23][sql] SELECT `value` FROM `ds_system_config` WHERE  `group` = 'site'  AND `name` = 'site_slogan' LIMIT 1 [ RunTime:0.000270s ]
[2022-09-19 01:50:23][sql] SELECT `value` FROM `ds_system_config` WHERE  `group` = 'site'  AND `name` = 'site_content' LIMIT 1 [ RunTime:0.000209s ]
[2022-09-19 01:50:23][sql] SELECT `value` FROM `ds_system_config` WHERE  `group` = 'site'  AND `name` = 'logo_image' LIMIT 1 [ RunTime:0.000206s ]
[2022-09-19 01:50:23][sql] SELECT `value` FROM `ds_system_config` WHERE  `group` = 'site'  AND `name` = 'site_bg' LIMIT 1 [ RunTime:0.000290s ]
[2022-09-19 01:50:23][sql] SELECT `value` FROM `ds_system_config` WHERE  `group` = 'site'  AND `name` = 'site_beian' LIMIT 1 [ RunTime:0.000209s ]
[2022-09-19 01:50:23][sql] SELECT `value` FROM `ds_system_config` WHERE  `group` = 'site'  AND `name` = 'site_domain' LIMIT 1 [ RunTime:0.000214s ]
[2022-09-19 01:50:23][sql] SELECT `value` FROM `ds_system_config` WHERE  `group` = 'site'  AND `name` = 'site_pay' LIMIT 1 [ RunTime:0.000225s ]
[2022-09-19 01:50:23][sql] SELECT `value` FROM `ds_system_config` WHERE  `group` = 'site'  AND `name` = 'site_payback' LIMIT 1 [ RunTime:0.000212s ]
[2022-09-19 01:50:23][sql] SELECT `value` FROM `ds_system_config` WHERE  `group` = 'site'  AND `name` = 'site_urlapi' LIMIT 1 [ RunTime:0.000230s ]
[2022-09-19 01:50:23][sql] SELECT `value` FROM `ds_system_config` WHERE  `group` = 'site'  AND `name` = 'site_cdn' LIMIT 1 [ RunTime:0.000240s ]
[2022-09-19 01:50:23][sql] SELECT `value` FROM `ds_system_config` WHERE  `group` = 'site'  AND `name` = 'site_qq' LIMIT 1 [ RunTime:0.000294s ]
[2022-09-19 01:50:23][sql] SELECT `value` FROM `ds_system_config` WHERE  `group` = 'site'  AND `name` = 'site_wechat' LIMIT 1 [ RunTime:0.000257s ]
[2022-09-19 01:50:23][sql] SELECT `value` FROM `ds_system_config` WHERE  `group` = 'ff'  AND `name` = 'ff_close' LIMIT 1 [ RunTime:0.000312s ]
[2022-09-19 01:50:23][sql] SELECT `value` FROM `ds_system_config` WHERE  `group` = 'ff'  AND `name` = 'ff_close' LIMIT 1 [ RunTime:0.000223s ]
[2022-09-19 01:50:23][sql] SELECT `value` FROM `ds_system_config` WHERE  `group` = 'ff'  AND `name` = 'ff_close' LIMIT 1 [ RunTime:0.000175s ]
[2022-09-19 01:50:23][sql] SELECT `value` FROM `ds_system_config` WHERE  `group` = 'ff'  AND `name` = 'ff_fix' LIMIT 1 [ RunTime:0.000244s ]
[2022-09-19 01:50:23][sql] SELECT `value` FROM `ds_system_config` WHERE  `group` = 'ff'  AND `name` = 'ff_fix' LIMIT 1 [ RunTime:0.000254s ]
[2022-09-19 01:50:23][sql] SELECT `value` FROM `ds_system_config` WHERE  `group` = 'ff'  AND `name` = 'ff_fix' LIMIT 1 [ RunTime:0.000216s ]
[2022-09-19 01:50:23][sql] SELECT `value` FROM `ds_system_config` WHERE  `group` = 'ff'  AND `name` = 'ff_pc' LIMIT 1 [ RunTime:0.000182s ]
[2022-09-19 01:50:23][sql] SELECT `value` FROM `ds_system_config` WHERE  `group` = 'ff'  AND `name` = 'ff_pc' LIMIT 1 [ RunTime:0.000226s ]
[2022-09-19 01:50:23][sql] SELECT `value` FROM `ds_system_config` WHERE  `group` = 'ff'  AND `name` = 'ff_pc' LIMIT 1 [ RunTime:0.000253s ]
[2022-09-19 01:50:23][sql] SELECT `value` FROM `ds_system_config` WHERE  `group` = 'ff'  AND `name` = 'ff_url' LIMIT 1 [ RunTime:0.000224s ]
[2022-09-19 01:50:23][sql] SELECT `value` FROM `ds_system_config` WHERE  `group` = 'ff'  AND `name` = 'ff_short' LIMIT 1 [ RunTime:0.000211s ]
[2022-09-19 01:50:23][sql] SELECT `value` FROM `ds_system_config` WHERE  `group` = 'ff'  AND `name` = 'ff_short' LIMIT 1 [ RunTime:0.000275s ]
[2022-09-19 01:50:23][sql] SELECT `value` FROM `ds_system_config` WHERE  `group` = 'ff'  AND `name` = 'ff_short' LIMIT 1 [ RunTime:0.000276s ]
[2022-09-19 01:50:23][sql] SELECT `value` FROM `ds_system_config` WHERE  `group` = 'ff'  AND `name` = 'ff_short' LIMIT 1 [ RunTime:0.000212s ]
[2022-09-19 01:50:23][sql] SELECT `value` FROM `ds_system_config` WHERE  `group` = 'ff'  AND `name` = 'ff_short' LIMIT 1 [ RunTime:0.000230s ]
[2022-09-19 01:50:23][sql] SELECT `value` FROM `ds_system_config` WHERE  `group` = 'ff'  AND `name` = 'ff_short' LIMIT 1 [ RunTime:0.000302s ]
[2022-09-19 01:50:23][sql] SELECT `value` FROM `ds_system_config` WHERE  `group` = 'ff'  AND `name` = 'ff_short' LIMIT 1 [ RunTime:0.000263s ]
[2022-09-19 01:50:23][sql] SELECT `value` FROM `ds_system_config` WHERE  `group` = 'ff'  AND `name` = 'ff_short' LIMIT 1 [ RunTime:0.000238s ]
[2022-09-19 01:50:23][sql] SELECT `value` FROM `ds_system_config` WHERE  `group` = 'ff'  AND `name` = 'ff_short' LIMIT 1 [ RunTime:0.000201s ]
[2022-09-19 01:50:23][sql] SELECT `value` FROM `ds_system_config` WHERE  `group` = 'jp'  AND `name` = 'fb_min_money' LIMIT 1 [ RunTime:0.000273s ]
[2022-09-19 01:50:23][sql] SELECT `value` FROM `ds_system_config` WHERE  `group` = 'jp'  AND `name` = 'fb_max_money' LIMIT 1 [ RunTime:0.000312s ]
[2022-09-19 01:50:23][sql] SELECT `value` FROM `ds_system_config` WHERE  `group` = 'jg'  AND `name` = 'jg_mrfx' LIMIT 1 [ RunTime:0.000288s ]
[2022-09-19 01:50:23][sql] SELECT `value` FROM `ds_system_config` WHERE  `group` = 'jg'  AND `name` = 'jg_mrfy' LIMIT 1 [ RunTime:0.000229s ]
[2022-09-19 01:50:23][sql] SELECT `value` FROM `ds_system_config` WHERE  `group` = 'jg'  AND `name` = 'jg_yqm' LIMIT 1 [ RunTime:0.000229s ]
[2022-09-19 01:50:23][sql] SELECT `value` FROM `ds_system_config` WHERE  `group` = 'jg'  AND `name` = 'jg_ym' LIMIT 1 [ RunTime:0.000264s ]
[2022-09-19 01:50:23][sql] SELECT `value` FROM `ds_system_config` WHERE  `group` = 'jg'  AND `name` = 'jg_dbzd' LIMIT 1 [ RunTime:0.000233s ]
[2022-09-19 01:50:23][sql] SELECT `value` FROM `ds_system_config` WHERE  `group` = 'jg'  AND `name` = 'jg_dbzg' LIMIT 1 [ RunTime:0.000200s ]
[2022-09-19 01:50:23][sql] SELECT `value` FROM `ds_system_config` WHERE  `group` = 'jg'  AND `name` = 'jg_dtzg' LIMIT 1 [ RunTime:0.000201s ]
[2022-09-19 01:50:23][sql] SELECT `value` FROM `ds_system_config` WHERE  `group` = 'jg'  AND `name` = 'jg_topen' LIMIT 1 [ RunTime:0.000249s ]
[2022-09-19 01:50:23][sql] SELECT `value` FROM `ds_system_config` WHERE  `group` = 'jg'  AND `name` = 'jg_topen' LIMIT 1 [ RunTime:0.000262s ]
[2022-09-19 01:50:23][sql] SELECT `value` FROM `ds_system_config` WHERE  `group` = 'jg'  AND `name` = 'jg_tmin' LIMIT 1 [ RunTime:0.000222s ]
[2022-09-19 01:50:23][sql] SELECT `value` FROM `ds_system_config` WHERE  `group` = 'jg'  AND `name` = 'jg_tmax' LIMIT 1 [ RunTime:0.000204s ]
[2022-09-19 01:50:23][sql] SELECT `value` FROM `ds_system_config` WHERE  `group` = 'jg'  AND `name` = 'jp_wopen' LIMIT 1 [ RunTime:0.000202s ]
[2022-09-19 01:50:23][sql] SELECT `value` FROM `ds_system_config` WHERE  `group` = 'jg'  AND `name` = 'jp_wopen' LIMIT 1 [ RunTime:0.000246s ]
[2022-09-19 01:50:23][sql] SELECT `value` FROM `ds_system_config` WHERE  `group` = 'jg'  AND `name` = 'jp_min' LIMIT 1 [ RunTime:0.000242s ]
[2022-09-19 01:50:23][sql] SELECT `value` FROM `ds_system_config` WHERE  `group` = 'jg'  AND `name` = 'jp_max' LIMIT 1 [ RunTime:0.000317s ]
[2022-09-19 01:50:23][sql] SELECT `value` FROM `ds_system_config` WHERE  `group` = 'jg'  AND `name` = 'jg_yopen' LIMIT 1 [ RunTime:0.000263s ]
[2022-09-19 01:50:23][sql] SELECT `value` FROM `ds_system_config` WHERE  `group` = 'jg'  AND `name` = 'jg_yopen' LIMIT 1 [ RunTime:0.000226s ]
[2022-09-19 01:50:23][sql] SELECT `value` FROM `ds_system_config` WHERE  `group` = 'jg'  AND `name` = 'jg_ymin' LIMIT 1 [ RunTime:0.000207s ]
[2022-09-19 01:50:23][sql] SELECT `value` FROM `ds_system_config` WHERE  `group` = 'jg'  AND `name` = 'jg_ymax' LIMIT 1 [ RunTime:0.000226s ]
[2022-09-19 01:50:23][sql] SELECT `value` FROM `ds_system_config` WHERE  `group` = 'ac'  AND `name` = 'ac_number' LIMIT 1 [ RunTime:0.000231s ]
[2022-09-19 01:50:23][sql] SELECT `value` FROM `ds_system_config` WHERE  `group` = 'ac'  AND `name` = 'ac_init_number' LIMIT 1 [ RunTime:0.000227s ]
[2022-09-19 01:50:23][sql] SELECT `value` FROM `ds_system_config` WHERE  `group` = 'short_video'  AND `name` = 'q_t' LIMIT 1 [ RunTime:0.000249s ]
[2022-09-19 01:50:23][sql] SELECT `value` FROM `ds_system_config` WHERE  `group` = 'short_video'  AND `name` = 'q_r' LIMIT 1 [ RunTime:0.000237s ]
[2022-09-19 01:50:23][sql] SELECT `value` FROM `ds_system_config` WHERE  `group` = 'short_video'  AND `name` = 'q_x' LIMIT 1 [ RunTime:0.000245s ]
[2022-09-19 01:50:23][sql] SELECT `value` FROM `ds_system_config` WHERE  `group` = 'short_video'  AND `name` = 'q_l' LIMIT 1 [ RunTime:0.000282s ]
[2022-09-19 01:50:23][sql] SELECT `value` FROM `ds_system_config` WHERE  `group` = 'short_video'  AND `name` = 'l_t' LIMIT 1 [ RunTime:0.000249s ]
[2022-09-19 01:50:23][sql] SELECT `value` FROM `ds_system_config` WHERE  `group` = 'short_video'  AND `name` = 'l_r' LIMIT 1 [ RunTime:0.000278s ]
[2022-09-19 01:50:23][sql] SELECT `value` FROM `ds_system_config` WHERE  `group` = 'short_video'  AND `name` = 'l_x' LIMIT 1 [ RunTime:0.000215s ]
[2022-09-19 01:50:23][sql] SELECT `value` FROM `ds_system_config` WHERE  `group` = 'short_video'  AND `name` = 'l_l' LIMIT 1 [ RunTime:0.000237s ]
[2022-09-19 01:50:23][sql] SELECT `value` FROM `ds_system_config` WHERE  `group` = 'wx'  AND `name` = 'wx_appid' LIMIT 1 [ RunTime:0.000267s ]
[2022-09-19 01:50:23][sql] SELECT `value` FROM `ds_system_config` WHERE  `group` = 'wx'  AND `name` = 'wx_secret' LIMIT 1 [ RunTime:0.000259s ]
[2022-09-19 01:50:23][sql] SELECT `value` FROM `ds_system_config` WHERE  `group` = 'wx'  AND `name` = 'wx_token' LIMIT 1 [ RunTime:0.000243s ]
[2022-09-19 01:50:23][sql] SELECT `value` FROM `ds_system_config` WHERE  `group` = 'wx'  AND `name` = 'wx_aeskey' LIMIT 1 [ RunTime:0.000266s ]
[2022-09-19 01:50:23][sql] SELECT `value` FROM `ds_system_config` WHERE  `group` = 'wx'  AND `name` = 'wx_url' LIMIT 1 [ RunTime:0.000220s ]
[2022-09-19 01:50:23][sql] SELECT `value` FROM `ds_system_config` WHERE  `group` = 'wx'  AND `name` = 'wx_ffapi' LIMIT 1 [ RunTime:0.000230s ]
[2022-09-19 01:50:23][sql] SELECT `value` FROM `ds_system_config` WHERE  `group` = 'wx'  AND `name` = 'wx_fk' LIMIT 1 [ RunTime:0.000245s ]
[2022-09-19 01:50:23][sql] SELECT `value` FROM `ds_system_config` WHERE  `group` = 'pay'  AND `name` = 'pay_zhifu' LIMIT 1 [ RunTime:0.000311s ]
[2022-09-19 01:50:23][sql] SELECT `value` FROM `ds_system_config` WHERE  `group` = 'pay'  AND `name` = 'pay_zhifu1' LIMIT 1 [ RunTime:0.000225s ]
[2022-09-19 01:50:23][sql] SELECT `value` FROM `ds_system_config` WHERE  `group` = 'pay'  AND `name` = 'pay_type' LIMIT 1 [ RunTime:0.000233s ]
[2022-09-19 01:50:23][sql] SELECT `value` FROM `ds_system_config` WHERE  `group` = 'pay'  AND `name` = 'pay_type' LIMIT 1 [ RunTime:0.000236s ]
[2022-09-19 01:50:23][sql] SELECT `value` FROM `ds_system_config` WHERE  `group` = 'short'  AND `name` = 'm_token' LIMIT 1 [ RunTime:0.000244s ]
[2022-09-19 01:50:23][sql] SELECT `value` FROM `ds_system_config` WHERE  `group` = 'short'  AND `name` = 'sina' LIMIT 1 [ RunTime:0.000304s ]
[2022-09-19 01:50:23][sql] SELECT `value` FROM `ds_system_config` WHERE  `group` = 'upload'  AND `name` = 'upload_type' LIMIT 1 [ RunTime:0.000783s ]
[2022-09-19 01:50:23][sql] SELECT `value` FROM `ds_system_config` WHERE  `group` = 'upload'  AND `name` = 'upload_type' LIMIT 1 [ RunTime:0.000245s ]
[2022-09-19 01:50:23][sql] SELECT `value` FROM `ds_system_config` WHERE  `group` = 'upload'  AND `name` = 'upload_type' LIMIT 1 [ RunTime:0.000239s ]
[2022-09-19 01:50:23][sql] SELECT `value` FROM `ds_system_config` WHERE  `group` = 'upload'  AND `name` = 'upload_type' LIMIT 1 [ RunTime:0.000244s ]
[2022-09-19 01:50:23][sql] SELECT `value` FROM `ds_system_config` WHERE  `group` = 'upload'  AND `name` = 'upload_allow_ext' LIMIT 1 [ RunTime:0.000235s ]
[2022-09-19 01:50:23][sql] SELECT `value` FROM `ds_system_config` WHERE  `group` = 'upload'  AND `name` = 'upload_allow_size' LIMIT 1 [ RunTime:0.000247s ]
[2022-09-19 01:50:23][sql] SELECT `value` FROM `ds_system_config` WHERE  `group` = 'upload'  AND `name` = 'alioss_access_key_id' LIMIT 1 [ RunTime:0.000251s ]
[2022-09-19 01:50:23][sql] SELECT `value` FROM `ds_system_config` WHERE  `group` = 'upload'  AND `name` = 'alioss_access_key_secret' LIMIT 1 [ RunTime:0.000254s ]
[2022-09-19 01:50:23][sql] SELECT `value` FROM `ds_system_config` WHERE  `group` = 'upload'  AND `name` = 'alioss_endpoint' LIMIT 1 [ RunTime:0.000230s ]
[2022-09-19 01:50:23][sql] SELECT `value` FROM `ds_system_config` WHERE  `group` = 'upload'  AND `name` = 'alioss_bucket' LIMIT 1 [ RunTime:0.000219s ]
[2022-09-19 01:50:23][sql] SELECT `value` FROM `ds_system_config` WHERE  `group` = 'upload'  AND `name` = 'alioss_domain' LIMIT 1 [ RunTime:0.000228s ]
[2022-09-19 01:50:23][sql] SELECT `value` FROM `ds_system_config` WHERE  `group` = 'upload'  AND `name` = 'txcos_secret_id' LIMIT 1 [ RunTime:0.000224s ]
[2022-09-19 01:50:23][sql] SELECT `value` FROM `ds_system_config` WHERE  `group` = 'upload'  AND `name` = 'txcos_secret_key' LIMIT 1 [ RunTime:0.000191s ]
[2022-09-19 01:50:23][sql] SELECT `value` FROM `ds_system_config` WHERE  `group` = 'upload'  AND `name` = 'txcos_region' LIMIT 1 [ RunTime:0.000225s ]
[2022-09-19 01:50:23][sql] SELECT `value` FROM `ds_system_config` WHERE  `group` = 'upload'  AND `name` = 'tecos_bucket' LIMIT 1 [ RunTime:0.000279s ]
[2022-09-19 01:50:23][sql] SELECT `value` FROM `ds_system_config` WHERE  `group` = 'upload'  AND `name` = 'qnoss_access_key' LIMIT 1 [ RunTime:0.000283s ]
[2022-09-19 01:50:23][sql] SELECT `value` FROM `ds_system_config` WHERE  `group` = 'upload'  AND `name` = 'qnoss_secret_key' LIMIT 1 [ RunTime:0.000263s ]
[2022-09-19 01:50:23][sql] SELECT `value` FROM `ds_system_config` WHERE  `group` = 'upload'  AND `name` = 'qnoss_bucket' LIMIT 1 [ RunTime:0.000217s ]
[2022-09-19 01:50:23][sql] SELECT `value` FROM `ds_system_config` WHERE  `group` = 'upload'  AND `name` = 'qnoss_domain' LIMIT 1 [ RunTime:0.000238s ]
[2022-09-19 01:50:23][sql] SELECT `value` FROM `ds_system_config` WHERE  `group` = 'upload'  AND `name` = 'upload_type' LIMIT 1 [ RunTime:0.000477s ]
[2022-09-19 01:50:30][sql] CONNECT:[ UseTime:0.000517s ] mysql:host=127.0.0.1;port=3306;dbname=webs;charset=utf8
[2022-09-19 01:50:30][sql] show tables like 'ds_system_log_202209' [ RunTime:0.000507s ]
[2022-09-19 01:50:30][sql] SHOW FULL COLUMNS FROM `ds_system_log_202209` [ RunTime:0.000810s ]
[2022-09-19 01:50:30][sql] INSERT INTO `ds_system_log_202209` SET `admin_id` = 1 , `url` = '/admin/system.config/save' , `method` = 'post' , `ip` = '124.152.241.16' , `content` = '{"pay_zhifu":"0","pay_zhifu1":"easydoc"}' , `useragent` = 'Mozilla/5.0 (Macintosh; Intel Mac OS X 10_15_7) AppleWebKit/537.36 (KHTML, like Gecko) Chrome/105.0.0.0 Safari/537.36' , `create_time` = 1663523430 [ RunTime:0.000373s ]
[2022-09-19 01:50:30][sql] SHOW FULL COLUMNS FROM `ds_system_config` [ RunTime:0.001035s ]
[2022-09-19 01:50:30][sql] UPDATE `ds_system_config`  SET `value` = '0'  WHERE  `name` = 'pay_zhifu' [ RunTime:0.001644s ]
[2022-09-19 01:50:30][sql] SHOW FULL COLUMNS FROM `ds_system_admin` [ RunTime:0.001021s ]
[2022-09-19 01:50:30][sql] UPDATE `ds_system_admin`  SET `pay_model1` = 'easydoc'  WHERE (  (  1 = 1 ) ) AND `ds_system_admin`.`delete_time` IS NULL [ RunTime:0.001438s ]
[2022-09-19 01:50:30][sql] UPDATE `ds_system_config`  SET `value` = 'easydoc'  WHERE  `name` = 'pay_zhifu1' [ RunTime:0.000920s ]
