[2022-09-21 11:46:21][sql] CONNECT:[ UseTime:0.001538s ] mysql:host=127.0.0.1;port=3306;dbname=webs;charset=utf8
[2022-09-21 11:46:21][sql] SHOW FULL COLUMNS FROM `ds_system_config` [ RunTime:0.005419s ]
[2022-09-21 11:46:21][sql] SELECT `value` FROM `ds_system_config` WHERE  `group` = 'site'  AND `name` = 'site_name' LIMIT 1 [ RunTime:0.000564s ]
[2022-09-21 11:46:21][sql] SELECT `value` FROM `ds_system_config` WHERE  `group` = 'site'  AND `name` = 'site_bg' LIMIT 1 [ RunTime:0.000257s ]
[2022-09-21 11:46:21][sql] SELECT `value` FROM `ds_system_config` WHERE  `group` = 'site'  AND `name` = 'logo_image' LIMIT 1 [ RunTime:0.000201s ]
[2022-09-21 11:46:21][sql] SELECT `value` FROM `ds_system_config` WHERE  `group` = 'site'  AND `name` = 'site_wechat' LIMIT 1 [ RunTime:0.000339s ]
[2022-09-21 11:46:21][sql] SELECT `value` FROM `ds_system_config` WHERE  `group` = 'site'  AND `name` = 'site_qq' LIMIT 1 [ RunTime:0.000242s ]
[2022-09-21 11:46:21][sql] SELECT `value` FROM `ds_system_config` WHERE  `group` = 'site'  AND `name` = 'site_title' LIMIT 1 [ RunTime:0.000243s ]
[2022-09-21 11:46:21][sql] SELECT `value` FROM `ds_system_config` WHERE  `group` = 'site'  AND `name` = 'site_slogan' LIMIT 1 [ RunTime:0.000182s ]
[2022-09-21 11:46:21][sql] SELECT `value` FROM `ds_system_config` WHERE  `group` = 'site'  AND `name` = 'site_name' LIMIT 1 [ RunTime:0.000329s ]
[2022-09-21 11:46:21][sql] SELECT `value` FROM `ds_system_config` WHERE  `group` = 'site'  AND `name` = 'site_content' LIMIT 1 [ RunTime:0.000243s ]
[2022-09-21 11:46:27][sql] CONNECT:[ UseTime:0.000605s ] mysql:host=127.0.0.1;port=3306;dbname=webs;charset=utf8
[2022-09-21 11:46:27][sql] show tables like 'ds_system_log_202209' [ RunTime:0.000666s ]
[2022-09-21 11:46:27][sql] SHOW FULL COLUMNS FROM `ds_system_log_202209` [ RunTime:0.003849s ]
[2022-09-21 11:46:27][sql] INSERT INTO `ds_system_log_202209` SET `admin_id` = NULL , `url` = '/admin/login/index.html' , `method` = 'post' , `ip` = '124.152.241.13' , `content` = '{"username":"admin","password":"5d9269e018f5129441746d4de9f47d398ed53d3f","captcha":"3558","keep_login":"0"}' , `useragent` = 'Mozilla/5.0 (Macintosh; Intel Mac OS X 10_15_7) AppleWebKit/537.36 (KHTML, like Gecko) Chrome/105.0.0.0 Safari/537.36' , `create_time` = 1663731987 [ RunTime:0.000484s ]
[2022-09-21 11:46:27][sql] SHOW FULL COLUMNS FROM `ds_system_admin` [ RunTime:0.003768s ]
[2022-09-21 11:46:27][sql] SELECT * FROM `ds_system_admin` WHERE (  `username` = 'admin' ) AND `ds_system_admin`.`delete_time` IS NULL LIMIT 1 [ RunTime:0.000611s ]
[2022-09-21 11:46:27][sql] UPDATE `ds_system_admin`  SET `login_num` = 823 , `update_time` = 1663731987  WHERE (  `id` = 1 ) AND `ds_system_admin`.`delete_time` IS NULL [ RunTime:0.000688s ]
[2022-09-21 11:46:27][sql] SELECT * FROM `ds_system_admin` WHERE (  `id` = 1 ) AND `ds_system_admin`.`delete_time` IS NULL LIMIT 1 [ RunTime:0.000445s ]
[2022-09-21 11:46:27][sql] SELECT * FROM `ds_system_admin` WHERE (  `id` = 1 ) AND `ds_system_admin`.`delete_time` IS NULL LIMIT 1 [ RunTime:0.000491s ]
[2022-09-21 11:46:29][sql] CONNECT:[ UseTime:0.000665s ] mysql:host=127.0.0.1;port=3306;dbname=webs;charset=utf8
[2022-09-21 11:46:29][sql] SHOW FULL COLUMNS FROM `ds_system_config` [ RunTime:0.000848s ]
[2022-09-21 11:46:29][sql] SELECT `value` FROM `ds_system_config` WHERE  `group` = 'site'  AND `name` = 'site_name' LIMIT 1 [ RunTime:0.000399s ]
[2022-09-21 11:46:30][sql] CONNECT:[ UseTime:0.000601s ] mysql:host=127.0.0.1;port=3306;dbname=webs;charset=utf8
[2022-09-21 11:46:30][sql] SHOW FULL COLUMNS FROM `ds_system_config` [ RunTime:0.001026s ]
[2022-09-21 11:46:30][sql] SELECT `value` FROM `ds_system_config` WHERE  `group` = 'site'  AND `name` = 'site_name' LIMIT 1 [ RunTime:0.000341s ]
[2022-09-21 11:46:30][sql] SELECT `value` FROM `ds_system_config` WHERE  `group` = 'site'  AND `name` = 'logo_image' LIMIT 1 [ RunTime:0.000264s ]
[2022-09-21 11:46:30][sql] SHOW FULL COLUMNS FROM `ds_system_menu` [ RunTime:0.004595s ]
[2022-09-21 11:46:30][sql] SELECT `title`,`icon`,`href` FROM `ds_system_menu` WHERE  ( delete_time is null )  AND `pid` = 99999999 LIMIT 1 [ RunTime:0.000415s ]
[2022-09-21 11:46:30][sql] SELECT `id`,`pid`,`title`,`icon`,`href`,`target` FROM `ds_system_menu` WHERE  ( delete_time is null )  AND `status` = 1  AND `pid` <> 99999999 ORDER BY `sort` DESC,`id` ASC [ RunTime:0.000596s ]
[2022-09-21 11:46:30][sql] CONNECT:[ UseTime:0.000754s ] mysql:host=127.0.0.1;port=3306;dbname=webs;charset=utf8
[2022-09-21 11:46:30][sql] SHOW FULL COLUMNS FROM `ds_notify` [ RunTime:0.003071s ]
[2022-09-21 11:46:30][sql] SELECT * FROM `ds_notify` WHERE  `is_show` = 1 ORDER BY `create_time` DESC LIMIT 1 [ RunTime:0.000533s ]
[2022-09-21 11:46:30][sql] SHOW FULL COLUMNS FROM `ds_system_quick` [ RunTime:0.002473s ]
[2022-09-21 11:46:30][sql] SELECT `id`,`title`,`icon`,`href` FROM `ds_system_quick` WHERE (  `status` = 1 ) AND `ds_system_quick`.`delete_time` IS NULL ORDER BY `sort` DESC LIMIT 8 [ RunTime:0.000461s ]
[2022-09-21 11:46:30][sql] SHOW FULL COLUMNS FROM `ds_system_admin` [ RunTime:0.000976s ]
[2022-09-21 11:46:30][sql] SELECT * FROM `ds_system_admin` WHERE (  `id` = 1 ) AND `ds_system_admin`.`delete_time` IS NULL LIMIT 1 [ RunTime:0.000530s ]
[2022-09-21 11:46:30][sql] SELECT * FROM `ds_system_admin` WHERE (  `id` = 1 ) AND `ds_system_admin`.`delete_time` IS NULL LIMIT 1 [ RunTime:0.000362s ]
[2022-09-21 11:46:30][sql] SHOW FULL COLUMNS FROM `ds_outlay` [ RunTime:0.001394s ]
[2022-09-21 11:46:30][sql] SELECT SUM(`money`) AS think_sum FROM `ds_outlay` WHERE  `status` = 0 LIMIT 1 [ RunTime:0.000353s ]
[2022-09-21 11:46:30][sql] SHOW FULL COLUMNS FROM `ds_payed_show` [ RunTime:0.003627s ]
[2022-09-21 11:46:30][sql] SELECT COUNT(DISTINCT `ip`) AS think_count FROM `ds_payed_show` LIMIT 1 [ RunTime:0.090083s ]
[2022-09-21 11:46:30][sql] SHOW FULL COLUMNS FROM `ds_tj` [ RunTime:0.002576s ]
[2022-09-21 11:46:30][sql] SELECT COUNT(*) AS think_count FROM `ds_tj` WHERE  `create_time` BETWEEN 1663689600 AND 1663775999 LIMIT 1 [ RunTime:0.000416s ]
[2022-09-21 11:46:30][sql] SHOW FULL COLUMNS FROM `ds_pay_order` [ RunTime:0.001761s ]
[2022-09-21 11:46:30][sql] SELECT COUNT(*) AS think_count FROM `ds_pay_order` WHERE  `is_kouliang` = '1'  AND `status` = '1'  AND `is_tj` = 1 LIMIT 1 [ RunTime:0.000703s ]
[2022-09-21 11:46:30][sql] SELECT SUM(`price`) AS think_sum FROM `ds_pay_order` WHERE  `is_kouliang` = '1'  AND `status` = '1'  AND `is_tj` = 1 LIMIT 1 [ RunTime:0.000457s ]
[2022-09-21 11:46:30][sql] SELECT SUM(`price`) AS think_sum FROM `ds_pay_order` WHERE  `is_kouliang` = '1'  AND `status` = '1'  AND `is_tj` = 1  AND `createtime` BETWEEN 1663689600 AND 1663775999 LIMIT 1 [ RunTime:0.000437s ]
[2022-09-21 11:46:30][sql] SELECT COUNT(*) AS think_count FROM `ds_pay_order` WHERE  `is_kouliang` = '1'  AND `status` = '1'  AND `is_tj` = 1  AND `createtime` BETWEEN 1663689600 AND 1663775999 LIMIT 1 [ RunTime:0.000475s ]
[2022-09-21 11:46:30][sql] SELECT SUM(`price`) AS think_sum FROM `ds_pay_order` WHERE  `is_kouliang` = '1'  AND `status` = '1'  AND `is_tj` = 1  AND `createtime` BETWEEN 1663603200 AND 1663689599 LIMIT 1 [ RunTime:0.000416s ]
[2022-09-21 11:46:30][sql] SELECT COUNT(*) AS think_count FROM `ds_pay_order` WHERE  `is_kouliang` = '1'  AND `status` = '1'  AND `is_tj` = 1  AND `createtime` BETWEEN 1663603200 AND 1663689599 LIMIT 1 [ RunTime:0.000400s ]
[2022-09-21 11:46:30][sql] SELECT `id`,`createtime` FROM `ds_pay_order` WHERE  `status` = '2'  AND `createtime` BETWEEN 1663516800 AND 1664121599  AND `is_tj` = 1  AND `is_kouliang` = '1' [ RunTime:0.000472s ]
[2022-09-21 11:46:30][sql] SELECT `id`,`createtime` FROM `ds_pay_order` WHERE  `status` = '1'  AND `createtime` BETWEEN 1663516800 AND 1664121599  AND `is_tj` = 1  AND `is_kouliang` = '1' [ RunTime:0.000414s ]
[2022-09-21 11:46:30][sql] SHOW FULL COLUMNS FROM `ds_system_config` [ RunTime:0.000758s ]
[2022-09-21 11:46:30][sql] SELECT `value` FROM `ds_system_config` WHERE  `group` = 'site'  AND `name` = 'site_name' LIMIT 1 [ RunTime:0.000331s ]
[2022-09-21 11:46:36][sql] CONNECT:[ UseTime:0.000675s ] mysql:host=127.0.0.1;port=3306;dbname=webs;charset=utf8
[2022-09-21 11:46:36][sql] SHOW FULL COLUMNS FROM `ds_system_config` [ RunTime:0.000914s ]
[2022-09-21 11:46:36][sql] SELECT `value` FROM `ds_system_config` WHERE  `group` = 'site'  AND `name` = 'site_name' LIMIT 1 [ RunTime:0.000458s ]
[2022-09-21 11:46:36][sql] CONNECT:[ UseTime:0.000579s ] mysql:host=127.0.0.1;port=3306;dbname=webs;charset=utf8
[2022-09-21 11:46:36][sql] SHOW FULL COLUMNS FROM `ds_system_config` [ RunTime:0.000861s ]
[2022-09-21 11:46:36][sql] SELECT `value` FROM `ds_system_config` WHERE  `group` = 'site'  AND `name` = 'site_name' LIMIT 1 [ RunTime:0.000344s ]
[2022-09-21 11:46:36][sql] CONNECT:[ UseTime:0.000689s ] mysql:host=127.0.0.1;port=3306;dbname=webs;charset=utf8
[2022-09-21 11:46:36][sql] SHOW FULL COLUMNS FROM `ds_complain` [ RunTime:0.002515s ]
[2022-09-21 11:46:36][sql] SELECT COUNT(*) AS think_count FROM `ds_complain` LIMIT 1 [ RunTime:0.000296s ]
[2022-09-21 11:46:36][sql] SELECT * FROM `ds_complain` ORDER BY `id` DESC LIMIT 0,15 [ RunTime:0.000226s ]
[2022-09-21 11:46:37][sql] CONNECT:[ UseTime:0.000612s ] mysql:host=127.0.0.1;port=3306;dbname=webs;charset=utf8
[2022-09-21 11:46:37][sql] SHOW FULL COLUMNS FROM `ds_domain_rule` [ RunTime:0.001876s ]
[2022-09-21 11:46:37][sql] SELECT COUNT(*) AS think_count FROM `ds_domain_rule` LIMIT 1 [ RunTime:0.000352s ]
[2022-09-21 11:46:37][sql] SELECT * FROM `ds_domain_rule` ORDER BY `id` DESC LIMIT 0,15 [ RunTime:0.000234s ]
[2022-09-21 11:46:37][sql] SHOW FULL COLUMNS FROM `ds_system_admin` [ RunTime:0.000914s ]
[2022-09-21 11:46:37][sql] SELECT * FROM `ds_system_admin` WHERE (  `id` = 10086 ) AND `ds_system_admin`.`delete_time` IS NULL [ RunTime:0.000410s ]
[2022-09-21 11:46:37][sql] CONNECT:[ UseTime:0.000656s ] mysql:host=127.0.0.1;port=3306;dbname=webs;charset=utf8
[2022-09-21 11:46:37][sql] SHOW FULL COLUMNS FROM `ds_system_config` [ RunTime:0.000885s ]
[2022-09-21 11:46:37][sql] SELECT `value` FROM `ds_system_config` WHERE  `group` = 'site'  AND `name` = 'site_name' LIMIT 1 [ RunTime:0.000450s ]
[2022-09-21 11:46:37][sql] CONNECT:[ UseTime:0.000638s ] mysql:host=127.0.0.1;port=3306;dbname=webs;charset=utf8
[2022-09-21 11:46:37][sql] SHOW FULL COLUMNS FROM `ds_pay_setting` [ RunTime:0.002671s ]
[2022-09-21 11:46:37][sql] SELECT COUNT(*) AS think_count FROM `ds_pay_setting` LIMIT 1 [ RunTime:0.000274s ]
[2022-09-21 11:46:37][sql] SELECT * FROM `ds_pay_setting` ORDER BY `id` DESC LIMIT 0,15 [ RunTime:0.000236s ]
[2022-09-21 11:46:41][sql] CONNECT:[ UseTime:0.000615s ] mysql:host=127.0.0.1;port=3306;dbname=webs;charset=utf8
[2022-09-21 11:46:41][sql] SHOW FULL COLUMNS FROM `ds_pay_setting` [ RunTime:0.001143s ]
[2022-09-21 11:46:41][sql] SELECT * FROM `ds_pay_setting` WHERE  `id` = 36 LIMIT 1 [ RunTime:0.000393s ]
[2022-09-21 11:46:41][sql] SHOW FULL COLUMNS FROM `ds_system_config` [ RunTime:0.000680s ]
[2022-09-21 11:46:41][sql] SELECT `value` FROM `ds_system_config` WHERE  `group` = 'site'  AND `name` = 'site_name' LIMIT 1 [ RunTime:0.000347s ]
[2022-09-21 11:48:38][sql] CONNECT:[ UseTime:0.000548s ] mysql:host=127.0.0.1;port=3306;dbname=webs;charset=utf8
[2022-09-21 11:48:38][sql] show tables like 'ds_system_log_202209' [ RunTime:0.000544s ]
[2022-09-21 11:48:38][sql] SHOW FULL COLUMNS FROM `ds_system_log_202209` [ RunTime:0.000896s ]
[2022-09-21 11:48:38][sql] INSERT INTO `ds_system_log_202209` SET `admin_id` = 1 , `url` = '/admin/paysetting/edit?id=36' , `method` = 'post' , `ip` = '124.152.241.13' , `content` = '{"id":"36","title":"dd支付","app_id":"10005","app_key":"ud7xh8rc24c6c7jm0l3cxdmcyewi84a2","pay_url":"http:\/\/service-6kwuu94w-1259029785.gz.apigw.tencentcs.com\/Pay_Index.html","pay_channel":"alipay","pay_model":"chuanqi","pay_fudong":"0","status":"1"}' , `useragent` = 'Mozilla/5.0 (Macintosh; Intel Mac OS X 10_15_7) AppleWebKit/537.36 (KHTML, like Gecko) Chrome/105.0.0.0 Safari/537.36' , `create_time` = 1663732118 [ RunTime:0.000446s ]
[2022-09-21 11:48:38][sql] SHOW FULL COLUMNS FROM `ds_pay_setting` [ RunTime:0.001046s ]
[2022-09-21 11:48:38][sql] SELECT * FROM `ds_pay_setting` WHERE  `id` = 36 LIMIT 1 [ RunTime:0.000390s ]
[2022-09-21 11:48:38][sql] UPDATE `ds_pay_setting`  SET `app_id` = '10005' , `app_key` = 'ud7xh8rc24c6c7jm0l3cxdmcyewi84a2' , `pay_url` = 'http://service-6kwuu94w-1259029785.gz.apigw.tencentcs.com/Pay_Index.html' , `pay_model` = 'chuanqi'  WHERE  `id` = 36 [ RunTime:0.000498s ]
[2022-09-21 11:48:40][sql] CONNECT:[ UseTime:0.000516s ] mysql:host=127.0.0.1;port=3306;dbname=webs;charset=utf8
[2022-09-21 11:48:40][sql] SHOW FULL COLUMNS FROM `ds_pay_setting` [ RunTime:0.000945s ]
[2022-09-21 11:48:40][sql] SELECT COUNT(*) AS think_count FROM `ds_pay_setting` LIMIT 1 [ RunTime:0.000406s ]
[2022-09-21 11:48:40][sql] SELECT * FROM `ds_pay_setting` ORDER BY `id` DESC LIMIT 0,15 [ RunTime:0.000259s ]
[2022-09-21 11:48:43][sql] CONNECT:[ UseTime:0.000552s ] mysql:host=127.0.0.1;port=3306;dbname=webs;charset=utf8
[2022-09-21 11:48:43][sql] SHOW FULL COLUMNS FROM `ds_pay_setting` [ RunTime:0.000926s ]
[2022-09-21 11:48:43][sql] SELECT * FROM `ds_pay_setting` [ RunTime:0.000398s ]
[2022-09-21 11:48:43][sql] SHOW FULL COLUMNS FROM `ds_system_config` [ RunTime:0.000653s ]
[2022-09-21 11:48:43][sql] SELECT * FROM `ds_system_config` [ RunTime:0.000476s ]
[2022-09-21 11:48:43][sql] SELECT `value` FROM `ds_system_config` WHERE  `group` = 'site'  AND `name` = 'site_name' LIMIT 1 [ RunTime:0.000510s ]
[2022-09-21 11:48:43][sql] SELECT `value` FROM `ds_system_config` WHERE  `group` = 'site'  AND `name` = 'site_order' LIMIT 1 [ RunTime:0.000290s ]
[2022-09-21 11:48:43][sql] SELECT `value` FROM `ds_system_config` WHERE  `group` = 'site'  AND `name` = 'site_name' LIMIT 1 [ RunTime:0.000202s ]
[2022-09-21 11:48:43][sql] SELECT `value` FROM `ds_system_config` WHERE  `group` = 'site'  AND `name` = 'site_title' LIMIT 1 [ RunTime:0.000186s ]
[2022-09-21 11:48:43][sql] SELECT `value` FROM `ds_system_config` WHERE  `group` = 'site'  AND `name` = 'site_slogan' LIMIT 1 [ RunTime:0.000226s ]
[2022-09-21 11:48:43][sql] SELECT `value` FROM `ds_system_config` WHERE  `group` = 'site'  AND `name` = 'site_content' LIMIT 1 [ RunTime:0.000294s ]
[2022-09-21 11:48:43][sql] SELECT `value` FROM `ds_system_config` WHERE  `group` = 'site'  AND `name` = 'logo_image' LIMIT 1 [ RunTime:0.000442s ]
[2022-09-21 11:48:43][sql] SELECT `value` FROM `ds_system_config` WHERE  `group` = 'site'  AND `name` = 'site_bg' LIMIT 1 [ RunTime:0.000416s ]
[2022-09-21 11:48:43][sql] SELECT `value` FROM `ds_system_config` WHERE  `group` = 'site'  AND `name` = 'site_beian' LIMIT 1 [ RunTime:0.000338s ]
[2022-09-21 11:48:43][sql] SELECT `value` FROM `ds_system_config` WHERE  `group` = 'site'  AND `name` = 'site_domain' LIMIT 1 [ RunTime:0.000354s ]
[2022-09-21 11:48:43][sql] SELECT `value` FROM `ds_system_config` WHERE  `group` = 'site'  AND `name` = 'site_pay' LIMIT 1 [ RunTime:0.000496s ]
[2022-09-21 11:48:43][sql] SELECT `value` FROM `ds_system_config` WHERE  `group` = 'site'  AND `name` = 'site_payback' LIMIT 1 [ RunTime:0.000480s ]
[2022-09-21 11:48:43][sql] SELECT `value` FROM `ds_system_config` WHERE  `group` = 'site'  AND `name` = 'site_urlapi' LIMIT 1 [ RunTime:0.000383s ]
[2022-09-21 11:48:43][sql] SELECT `value` FROM `ds_system_config` WHERE  `group` = 'site'  AND `name` = 'site_cdn' LIMIT 1 [ RunTime:0.000335s ]
[2022-09-21 11:48:43][sql] SELECT `value` FROM `ds_system_config` WHERE  `group` = 'site'  AND `name` = 'site_qq' LIMIT 1 [ RunTime:0.000319s ]
[2022-09-21 11:48:43][sql] SELECT `value` FROM `ds_system_config` WHERE  `group` = 'site'  AND `name` = 'site_wechat' LIMIT 1 [ RunTime:0.000322s ]
[2022-09-21 11:48:43][sql] SELECT `value` FROM `ds_system_config` WHERE  `group` = 'ff'  AND `name` = 'ff_close' LIMIT 1 [ RunTime:0.000380s ]
[2022-09-21 11:48:43][sql] SELECT `value` FROM `ds_system_config` WHERE  `group` = 'ff'  AND `name` = 'ff_close' LIMIT 1 [ RunTime:0.000330s ]
[2022-09-21 11:48:43][sql] SELECT `value` FROM `ds_system_config` WHERE  `group` = 'ff'  AND `name` = 'ff_close' LIMIT 1 [ RunTime:0.000350s ]
[2022-09-21 11:48:43][sql] SELECT `value` FROM `ds_system_config` WHERE  `group` = 'ff'  AND `name` = 'ff_fix' LIMIT 1 [ RunTime:0.000270s ]
[2022-09-21 11:48:43][sql] SELECT `value` FROM `ds_system_config` WHERE  `group` = 'ff'  AND `name` = 'ff_fix' LIMIT 1 [ RunTime:0.000260s ]
[2022-09-21 11:48:43][sql] SELECT `value` FROM `ds_system_config` WHERE  `group` = 'ff'  AND `name` = 'ff_fix' LIMIT 1 [ RunTime:0.000224s ]
[2022-09-21 11:48:43][sql] SELECT `value` FROM `ds_system_config` WHERE  `group` = 'ff'  AND `name` = 'ff_pc' LIMIT 1 [ RunTime:0.000262s ]
[2022-09-21 11:48:43][sql] SELECT `value` FROM `ds_system_config` WHERE  `group` = 'ff'  AND `name` = 'ff_pc' LIMIT 1 [ RunTime:0.000224s ]
[2022-09-21 11:48:43][sql] SELECT `value` FROM `ds_system_config` WHERE  `group` = 'ff'  AND `name` = 'ff_pc' LIMIT 1 [ RunTime:0.000226s ]
[2022-09-21 11:48:43][sql] SELECT `value` FROM `ds_system_config` WHERE  `group` = 'ff'  AND `name` = 'ff_url' LIMIT 1 [ RunTime:0.000252s ]
[2022-09-21 11:48:43][sql] SELECT `value` FROM `ds_system_config` WHERE  `group` = 'ff'  AND `name` = 'ff_short' LIMIT 1 [ RunTime:0.000229s ]
[2022-09-21 11:48:43][sql] SELECT `value` FROM `ds_system_config` WHERE  `group` = 'ff'  AND `name` = 'ff_short' LIMIT 1 [ RunTime:0.000268s ]
[2022-09-21 11:48:43][sql] SELECT `value` FROM `ds_system_config` WHERE  `group` = 'ff'  AND `name` = 'ff_short' LIMIT 1 [ RunTime:0.000270s ]
[2022-09-21 11:48:43][sql] SELECT `value` FROM `ds_system_config` WHERE  `group` = 'ff'  AND `name` = 'ff_short' LIMIT 1 [ RunTime:0.000270s ]
[2022-09-21 11:48:43][sql] SELECT `value` FROM `ds_system_config` WHERE  `group` = 'ff'  AND `name` = 'ff_short' LIMIT 1 [ RunTime:0.000232s ]
[2022-09-21 11:48:43][sql] SELECT `value` FROM `ds_system_config` WHERE  `group` = 'ff'  AND `name` = 'ff_short' LIMIT 1 [ RunTime:0.000207s ]
[2022-09-21 11:48:43][sql] SELECT `value` FROM `ds_system_config` WHERE  `group` = 'ff'  AND `name` = 'ff_short' LIMIT 1 [ RunTime:0.000211s ]
[2022-09-21 11:48:43][sql] SELECT `value` FROM `ds_system_config` WHERE  `group` = 'ff'  AND `name` = 'ff_short' LIMIT 1 [ RunTime:0.000213s ]
[2022-09-21 11:48:43][sql] SELECT `value` FROM `ds_system_config` WHERE  `group` = 'ff'  AND `name` = 'ff_short' LIMIT 1 [ RunTime:0.000215s ]
[2022-09-21 11:48:43][sql] SELECT `value` FROM `ds_system_config` WHERE  `group` = 'jp'  AND `name` = 'fb_min_money' LIMIT 1 [ RunTime:0.000211s ]
[2022-09-21 11:48:43][sql] SELECT `value` FROM `ds_system_config` WHERE  `group` = 'jp'  AND `name` = 'fb_max_money' LIMIT 1 [ RunTime:0.000205s ]
[2022-09-21 11:48:43][sql] SELECT `value` FROM `ds_system_config` WHERE  `group` = 'jg'  AND `name` = 'jg_mrfx' LIMIT 1 [ RunTime:0.000228s ]
[2022-09-21 11:48:43][sql] SELECT `value` FROM `ds_system_config` WHERE  `group` = 'jg'  AND `name` = 'jg_mrfy' LIMIT 1 [ RunTime:0.000200s ]
[2022-09-21 11:48:43][sql] SELECT `value` FROM `ds_system_config` WHERE  `group` = 'jg'  AND `name` = 'jg_yqm' LIMIT 1 [ RunTime:0.000199s ]
[2022-09-21 11:48:43][sql] SELECT `value` FROM `ds_system_config` WHERE  `group` = 'jg'  AND `name` = 'jg_ym' LIMIT 1 [ RunTime:0.000213s ]
[2022-09-21 11:48:43][sql] SELECT `value` FROM `ds_system_config` WHERE  `group` = 'jg'  AND `name` = 'jg_dbzd' LIMIT 1 [ RunTime:0.000199s ]
[2022-09-21 11:48:43][sql] SELECT `value` FROM `ds_system_config` WHERE  `group` = 'jg'  AND `name` = 'jg_dbzg' LIMIT 1 [ RunTime:0.000216s ]
[2022-09-21 11:48:43][sql] SELECT `value` FROM `ds_system_config` WHERE  `group` = 'jg'  AND `name` = 'jg_dtzg' LIMIT 1 [ RunTime:0.000202s ]
[2022-09-21 11:48:43][sql] SELECT `value` FROM `ds_system_config` WHERE  `group` = 'jg'  AND `name` = 'jg_topen' LIMIT 1 [ RunTime:0.000197s ]
[2022-09-21 11:48:43][sql] SELECT `value` FROM `ds_system_config` WHERE  `group` = 'jg'  AND `name` = 'jg_topen' LIMIT 1 [ RunTime:0.000233s ]
[2022-09-21 11:48:43][sql] SELECT `value` FROM `ds_system_config` WHERE  `group` = 'jg'  AND `name` = 'jg_tmin' LIMIT 1 [ RunTime:0.000197s ]
[2022-09-21 11:48:43][sql] SELECT `value` FROM `ds_system_config` WHERE  `group` = 'jg'  AND `name` = 'jg_tmax' LIMIT 1 [ RunTime:0.000198s ]
[2022-09-21 11:48:43][sql] SELECT `value` FROM `ds_system_config` WHERE  `group` = 'jg'  AND `name` = 'jp_wopen' LIMIT 1 [ RunTime:0.000203s ]
[2022-09-21 11:48:43][sql] SELECT `value` FROM `ds_system_config` WHERE  `group` = 'jg'  AND `name` = 'jp_wopen' LIMIT 1 [ RunTime:0.000198s ]
[2022-09-21 11:48:43][sql] SELECT `value` FROM `ds_system_config` WHERE  `group` = 'jg'  AND `name` = 'jp_min' LIMIT 1 [ RunTime:0.000206s ]
[2022-09-21 11:48:43][sql] SELECT `value` FROM `ds_system_config` WHERE  `group` = 'jg'  AND `name` = 'jp_max' LIMIT 1 [ RunTime:0.000208s ]
[2022-09-21 11:48:43][sql] SELECT `value` FROM `ds_system_config` WHERE  `group` = 'jg'  AND `name` = 'jg_yopen' LIMIT 1 [ RunTime:0.000198s ]
[2022-09-21 11:48:43][sql] SELECT `value` FROM `ds_system_config` WHERE  `group` = 'jg'  AND `name` = 'jg_yopen' LIMIT 1 [ RunTime:0.000221s ]
[2022-09-21 11:48:43][sql] SELECT `value` FROM `ds_system_config` WHERE  `group` = 'jg'  AND `name` = 'jg_ymin' LIMIT 1 [ RunTime:0.000201s ]
[2022-09-21 11:48:43][sql] SELECT `value` FROM `ds_system_config` WHERE  `group` = 'jg'  AND `name` = 'jg_ymax' LIMIT 1 [ RunTime:0.000200s ]
[2022-09-21 11:48:43][sql] SELECT `value` FROM `ds_system_config` WHERE  `group` = 'ac'  AND `name` = 'ac_number' LIMIT 1 [ RunTime:0.000213s ]
[2022-09-21 11:48:43][sql] SELECT `value` FROM `ds_system_config` WHERE  `group` = 'ac'  AND `name` = 'ac_init_number' LIMIT 1 [ RunTime:0.000204s ]
[2022-09-21 11:48:43][sql] SELECT `value` FROM `ds_system_config` WHERE  `group` = 'short_video'  AND `name` = 'q_t' LIMIT 1 [ RunTime:0.000264s ]
[2022-09-21 11:48:43][sql] SELECT `value` FROM `ds_system_config` WHERE  `group` = 'short_video'  AND `name` = 'q_r' LIMIT 1 [ RunTime:0.000222s ]
[2022-09-21 11:48:43][sql] SELECT `value` FROM `ds_system_config` WHERE  `group` = 'short_video'  AND `name` = 'q_x' LIMIT 1 [ RunTime:0.000253s ]
[2022-09-21 11:48:43][sql] SELECT `value` FROM `ds_system_config` WHERE  `group` = 'short_video'  AND `name` = 'q_l' LIMIT 1 [ RunTime:0.000248s ]
[2022-09-21 11:48:43][sql] SELECT `value` FROM `ds_system_config` WHERE  `group` = 'short_video'  AND `name` = 'l_t' LIMIT 1 [ RunTime:0.000223s ]
[2022-09-21 11:48:43][sql] SELECT `value` FROM `ds_system_config` WHERE  `group` = 'short_video'  AND `name` = 'l_r' LIMIT 1 [ RunTime:0.000238s ]
[2022-09-21 11:48:43][sql] SELECT `value` FROM `ds_system_config` WHERE  `group` = 'short_video'  AND `name` = 'l_x' LIMIT 1 [ RunTime:0.000218s ]
[2022-09-21 11:48:43][sql] SELECT `value` FROM `ds_system_config` WHERE  `group` = 'short_video'  AND `name` = 'l_l' LIMIT 1 [ RunTime:0.000213s ]
[2022-09-21 11:48:43][sql] SELECT `value` FROM `ds_system_config` WHERE  `group` = 'wx'  AND `name` = 'wx_appid' LIMIT 1 [ RunTime:0.000253s ]
[2022-09-21 11:48:43][sql] SELECT `value` FROM `ds_system_config` WHERE  `group` = 'wx'  AND `name` = 'wx_secret' LIMIT 1 [ RunTime:0.000218s ]
[2022-09-21 11:48:43][sql] SELECT `value` FROM `ds_system_config` WHERE  `group` = 'wx'  AND `name` = 'wx_token' LIMIT 1 [ RunTime:0.000318s ]
[2022-09-21 11:48:43][sql] SELECT `value` FROM `ds_system_config` WHERE  `group` = 'wx'  AND `name` = 'wx_aeskey' LIMIT 1 [ RunTime:0.000392s ]
[2022-09-21 11:48:43][sql] SELECT `value` FROM `ds_system_config` WHERE  `group` = 'wx'  AND `name` = 'wx_url' LIMIT 1 [ RunTime:0.000253s ]
[2022-09-21 11:48:43][sql] SELECT `value` FROM `ds_system_config` WHERE  `group` = 'wx'  AND `name` = 'wx_ffapi' LIMIT 1 [ RunTime:0.000181s ]
[2022-09-21 11:48:43][sql] SELECT `value` FROM `ds_system_config` WHERE  `group` = 'wx'  AND `name` = 'wx_fk' LIMIT 1 [ RunTime:0.000175s ]
[2022-09-21 11:48:43][sql] SELECT `value` FROM `ds_system_config` WHERE  `group` = 'pay'  AND `name` = 'pay_zhifu' LIMIT 1 [ RunTime:0.000231s ]
[2022-09-21 11:48:43][sql] SELECT `value` FROM `ds_system_config` WHERE  `group` = 'pay'  AND `name` = 'pay_zhifu1' LIMIT 1 [ RunTime:0.000206s ]
[2022-09-21 11:48:43][sql] SELECT `value` FROM `ds_system_config` WHERE  `group` = 'pay'  AND `name` = 'pay_type' LIMIT 1 [ RunTime:0.000282s ]
[2022-09-21 11:48:43][sql] SELECT `value` FROM `ds_system_config` WHERE  `group` = 'pay'  AND `name` = 'pay_type' LIMIT 1 [ RunTime:0.000205s ]
[2022-09-21 11:48:43][sql] SELECT `value` FROM `ds_system_config` WHERE  `group` = 'short'  AND `name` = 'm_token' LIMIT 1 [ RunTime:0.000176s ]
[2022-09-21 11:48:43][sql] SELECT `value` FROM `ds_system_config` WHERE  `group` = 'short'  AND `name` = 'sina' LIMIT 1 [ RunTime:0.000221s ]
[2022-09-21 11:48:43][sql] SELECT `value` FROM `ds_system_config` WHERE  `group` = 'upload'  AND `name` = 'upload_type' LIMIT 1 [ RunTime:0.000179s ]
[2022-09-21 11:48:43][sql] SELECT `value` FROM `ds_system_config` WHERE  `group` = 'upload'  AND `name` = 'upload_type' LIMIT 1 [ RunTime:0.000182s ]
[2022-09-21 11:48:43][sql] SELECT `value` FROM `ds_system_config` WHERE  `group` = 'upload'  AND `name` = 'upload_type' LIMIT 1 [ RunTime:0.000230s ]
[2022-09-21 11:48:43][sql] SELECT `value` FROM `ds_system_config` WHERE  `group` = 'upload'  AND `name` = 'upload_type' LIMIT 1 [ RunTime:0.000232s ]
[2022-09-21 11:48:43][sql] SELECT `value` FROM `ds_system_config` WHERE  `group` = 'upload'  AND `name` = 'upload_allow_ext' LIMIT 1 [ RunTime:0.000263s ]
[2022-09-21 11:48:43][sql] SELECT `value` FROM `ds_system_config` WHERE  `group` = 'upload'  AND `name` = 'upload_allow_size' LIMIT 1 [ RunTime:0.000253s ]
[2022-09-21 11:48:43][sql] SELECT `value` FROM `ds_system_config` WHERE  `group` = 'upload'  AND `name` = 'alioss_access_key_id' LIMIT 1 [ RunTime:0.000227s ]
[2022-09-21 11:48:43][sql] SELECT `value` FROM `ds_system_config` WHERE  `group` = 'upload'  AND `name` = 'alioss_access_key_secret' LIMIT 1 [ RunTime:0.000250s ]
[2022-09-21 11:48:43][sql] SELECT `value` FROM `ds_system_config` WHERE  `group` = 'upload'  AND `name` = 'alioss_endpoint' LIMIT 1 [ RunTime:0.000244s ]
[2022-09-21 11:48:43][sql] SELECT `value` FROM `ds_system_config` WHERE  `group` = 'upload'  AND `name` = 'alioss_bucket' LIMIT 1 [ RunTime:0.000331s ]
[2022-09-21 11:48:43][sql] SELECT `value` FROM `ds_system_config` WHERE  `group` = 'upload'  AND `name` = 'alioss_domain' LIMIT 1 [ RunTime:0.000241s ]
[2022-09-21 11:48:43][sql] SELECT `value` FROM `ds_system_config` WHERE  `group` = 'upload'  AND `name` = 'txcos_secret_id' LIMIT 1 [ RunTime:0.000326s ]
[2022-09-21 11:48:43][sql] SELECT `value` FROM `ds_system_config` WHERE  `group` = 'upload'  AND `name` = 'txcos_secret_key' LIMIT 1 [ RunTime:0.000298s ]
[2022-09-21 11:48:43][sql] SELECT `value` FROM `ds_system_config` WHERE  `group` = 'upload'  AND `name` = 'txcos_region' LIMIT 1 [ RunTime:0.000257s ]
[2022-09-21 11:48:43][sql] SELECT `value` FROM `ds_system_config` WHERE  `group` = 'upload'  AND `name` = 'tecos_bucket' LIMIT 1 [ RunTime:0.000208s ]
[2022-09-21 11:48:43][sql] SELECT `value` FROM `ds_system_config` WHERE  `group` = 'upload'  AND `name` = 'qnoss_access_key' LIMIT 1 [ RunTime:0.000220s ]
[2022-09-21 11:48:43][sql] SELECT `value` FROM `ds_system_config` WHERE  `group` = 'upload'  AND `name` = 'qnoss_secret_key' LIMIT 1 [ RunTime:0.000224s ]
[2022-09-21 11:48:43][sql] SELECT `value` FROM `ds_system_config` WHERE  `group` = 'upload'  AND `name` = 'qnoss_bucket' LIMIT 1 [ RunTime:0.000199s ]
[2022-09-21 11:48:43][sql] SELECT `value` FROM `ds_system_config` WHERE  `group` = 'upload'  AND `name` = 'qnoss_domain' LIMIT 1 [ RunTime:0.000255s ]
[2022-09-21 11:48:43][sql] SELECT `value` FROM `ds_system_config` WHERE  `group` = 'upload'  AND `name` = 'upload_type' LIMIT 1 [ RunTime:0.000223s ]
[2022-09-21 11:48:49][sql] CONNECT:[ UseTime:0.000522s ] mysql:host=127.0.0.1;port=3306;dbname=webs;charset=utf8
[2022-09-21 11:48:49][sql] show tables like 'ds_system_log_202209' [ RunTime:0.000424s ]
[2022-09-21 11:48:49][sql] SHOW FULL COLUMNS FROM `ds_system_log_202209` [ RunTime:0.000787s ]
[2022-09-21 11:48:49][sql] INSERT INTO `ds_system_log_202209` SET `admin_id` = 1 , `url` = '/admin/system.config/save' , `method` = 'post' , `ip` = '124.152.241.13' , `content` = '{"pay_zhifu":"chuanqi","pay_zhifu1":""}' , `useragent` = 'Mozilla/5.0 (Macintosh; Intel Mac OS X 10_15_7) AppleWebKit/537.36 (KHTML, like Gecko) Chrome/105.0.0.0 Safari/537.36' , `create_time` = 1663732129 [ RunTime:0.000360s ]
[2022-09-21 11:48:49][sql] SHOW FULL COLUMNS FROM `ds_system_config` [ RunTime:0.001078s ]
[2022-09-21 11:48:49][sql] UPDATE `ds_system_config`  SET `value` = 'chuanqi'  WHERE  `name` = 'pay_zhifu' [ RunTime:0.001564s ]
[2022-09-21 11:48:49][sql] SHOW FULL COLUMNS FROM `ds_system_admin` [ RunTime:0.000784s ]
[2022-09-21 11:48:49][sql] UPDATE `ds_system_admin`  SET `pay_model1` = ''  WHERE (  (  1 = 1 ) ) AND `ds_system_admin`.`delete_time` IS NULL [ RunTime:0.001036s ]
[2022-09-21 11:48:49][sql] UPDATE `ds_system_config`  SET `value` = ''  WHERE  `name` = 'pay_zhifu1' [ RunTime:0.000846s ]
[2022-09-21 11:48:50][sql] CONNECT:[ UseTime:0.000544s ] mysql:host=127.0.0.1;port=3306;dbname=webs;charset=utf8
[2022-09-21 11:48:50][sql] SHOW FULL COLUMNS FROM `ds_system_auth` [ RunTime:0.002649s ]
[2022-09-21 11:48:50][sql] SELECT `title`,`id` FROM `ds_system_auth` WHERE (  `status` = 1 ) AND `ds_system_auth`.`delete_time` IS NULL [ RunTime:0.000377s ]
[2022-09-21 11:48:50][sql] SHOW FULL COLUMNS FROM `ds_system_admin` [ RunTime:0.000776s ]
[2022-09-21 11:48:50][sql] SELECT SUM(`balance`) AS think_sum FROM `ds_system_admin` WHERE `ds_system_admin`.`delete_time` IS NULL LIMIT 1 [ RunTime:0.000349s ]
[2022-09-21 11:48:50][sql] SHOW FULL COLUMNS FROM `ds_outlay` [ RunTime:0.000775s ]
[2022-09-21 11:48:50][sql] SELECT SUM(`money`) AS think_sum FROM `ds_outlay` WHERE  `create_time` BETWEEN 1663689600 AND 1663775999 LIMIT 1 [ RunTime:0.000354s ]
[2022-09-21 11:48:50][sql] SHOW FULL COLUMNS FROM `ds_pay_setting` [ RunTime:0.000625s ]
[2022-09-21 11:48:50][sql] SELECT * FROM `ds_pay_setting` [ RunTime:0.000286s ]
[2022-09-21 11:48:50][sql] SHOW FULL COLUMNS FROM `ds_system_config` [ RunTime:0.000832s ]
[2022-09-21 11:48:50][sql] SELECT `value` FROM `ds_system_config` WHERE  `group` = 'site'  AND `name` = 'site_name' LIMIT 1 [ RunTime:0.000379s ]
[2022-09-21 11:48:51][sql] CONNECT:[ UseTime:0.000527s ] mysql:host=127.0.0.1;port=3306;dbname=webs;charset=utf8
[2022-09-21 11:48:51][sql] SHOW FULL COLUMNS FROM `ds_system_auth` [ RunTime:0.000833s ]
[2022-09-21 11:48:51][sql] SELECT `title`,`id` FROM `ds_system_auth` WHERE (  `status` = 1 ) AND `ds_system_auth`.`delete_time` IS NULL [ RunTime:0.000332s ]
[2022-09-21 11:48:51][sql] SHOW FULL COLUMNS FROM `ds_system_admin` [ RunTime:0.000726s ]
[2022-09-21 11:48:51][sql] SELECT SUM(`balance`) AS think_sum FROM `ds_system_admin` WHERE `ds_system_admin`.`delete_time` IS NULL LIMIT 1 [ RunTime:0.000273s ]
[2022-09-21 11:48:51][sql] SHOW FULL COLUMNS FROM `ds_outlay` [ RunTime:0.000645s ]
[2022-09-21 11:48:51][sql] SELECT SUM(`money`) AS think_sum FROM `ds_outlay` WHERE  `create_time` BETWEEN 1663689600 AND 1663775999 LIMIT 1 [ RunTime:0.000393s ]
[2022-09-21 11:48:51][sql] SHOW FULL COLUMNS FROM `ds_pay_setting` [ RunTime:0.000621s ]
[2022-09-21 11:48:51][sql] SELECT * FROM `ds_pay_setting` [ RunTime:0.000223s ]
[2022-09-21 11:48:51][sql] SELECT COUNT(*) AS think_count FROM `ds_system_admin` WHERE (  `id` <> 1 ) AND `ds_system_admin`.`delete_time` IS NULL LIMIT 1 [ RunTime:0.000316s ]
[2022-09-21 11:48:51][sql] SELECT `id`,`pid`,`auth_ids`,`head_img`,`username`,`qq`,`wechat_account`,`pwd`,`balance`,`revenue`,`short`,`pay_model`,`pay_model1`,`is_zn`,`is_ff`,`poundage`,`ticheng`,`is_day`,`is_week`,`is_month`,`is_dan`,`date_fee`,`month_fee`,`dan_fee`,`week_fee`,`view_id`,`phone`,`remark`,`login_num`,`sort`,`status`,`push_all`,`txpwd`,`create_time`,`update_time`,`delete_time`,`is_zw`,(SELECT SUM(`money`) AS think_sum FROM `ds_outlay` `sum_table` WHERE  ( `sum_table`.`uid` =ds_system_admin.id )) AS `outlay_sum` FROM `ds_system_admin` WHERE (  `id` <> 1 ) AND `ds_system_admin`.`delete_time` IS NULL ORDER BY `sort` DESC,`id` DESC LIMIT 0,15 [ RunTime:0.000574s ]
[2022-09-21 11:48:51][sql] SELECT * FROM `ds_system_admin` WHERE (  `id` = 0 ) AND `ds_system_admin`.`delete_time` IS NULL [ RunTime:0.000324s ]
[2022-09-21 11:48:51][sql] SHOW FULL COLUMNS FROM `ds_muban` [ RunTime:0.002274s ]
[2022-09-21 11:48:51][sql] SELECT * FROM `ds_muban` WHERE (  `id` = 3 ) AND `ds_muban`.`delete_time` IS NULL [ RunTime:0.000300s ]
[2022-09-21 11:48:51][sql] SHOW FULL COLUMNS FROM `ds_pay_order` [ RunTime:0.000673s ]
[2022-09-21 11:48:51][sql] SELECT * FROM `ds_pay_order` WHERE  `status` = '1'  AND `is_kouliang` = '1'  AND `is_tj` = 1  AND `createtime` BETWEEN 1663689600 AND 1663775999  AND `uid` = 182 [ RunTime:0.000512s ]
[2022-09-21 11:48:51][sql] SHOW FULL COLUMNS FROM `ds_domain_lib` [ RunTime:0.001934s ]
[2022-09-21 11:48:51][sql] SELECT * FROM `ds_domain_lib` WHERE  `status` = 0  AND `uid` = 182 [ RunTime:0.000293s ]
[2022-09-21 11:48:51][sql] SELECT SUM(`price`) AS think_sum FROM `ds_pay_order` WHERE  `uid` = 182  AND `is_kouliang` = '1'  AND `status` = '1'  AND `is_tj` = 1  AND `createtime` BETWEEN 1663689600 AND 1663775999 LIMIT 1 [ RunTime:0.000362s ]
[2022-09-21 11:48:51][sql] SELECT SUM(`price`) AS think_sum FROM `ds_pay_order` WHERE  `uid` = 182  AND `is_kouliang` = '1'  AND `status` = '1'  AND `is_tj` = 1  AND `createtime` BETWEEN 1663603200 AND 1663689599 LIMIT 1 [ RunTime:0.000295s ]
[2022-09-21 11:48:51][sql] SELECT `id` FROM `ds_system_admin` WHERE (  `pid` = 182 ) AND `ds_system_admin`.`delete_time` IS NULL [ RunTime:0.000278s ]
[2022-09-21 11:48:52][sql] CONNECT:[ UseTime:0.000586s ] mysql:host=127.0.0.1;port=3306;dbname=webs;charset=utf8
[2022-09-21 11:48:52][sql] show tables like 'ds_system_log_202209' [ RunTime:0.000528s ]
[2022-09-21 11:48:52][sql] SHOW FULL COLUMNS FROM `ds_system_log_202209` [ RunTime:0.000884s ]
[2022-09-21 11:48:52][sql] INSERT INTO `ds_system_log_202209` SET `admin_id` = 1 , `url` = '/admin/system.admin/modify' , `method` = 'post' , `ip` = '124.152.241.13' , `content` = '{"id":"182","field":"pay_model","value":"chuanqi"}' , `useragent` = 'Mozilla/5.0 (Macintosh; Intel Mac OS X 10_15_7) AppleWebKit/537.36 (KHTML, like Gecko) Chrome/105.0.0.0 Safari/537.36' , `create_time` = 1663732132 [ RunTime:0.000416s ]
[2022-09-21 11:48:52][sql] SHOW FULL COLUMNS FROM `ds_system_auth` [ RunTime:0.001043s ]
[2022-09-21 11:48:52][sql] SELECT `title`,`id` FROM `ds_system_auth` WHERE (  `status` = 1 ) AND `ds_system_auth`.`delete_time` IS NULL [ RunTime:0.000424s ]
[2022-09-21 11:48:52][sql] SHOW FULL COLUMNS FROM `ds_system_admin` [ RunTime:0.000785s ]
[2022-09-21 11:48:52][sql] SELECT * FROM `ds_system_admin` WHERE (  `id` = 182 ) AND `ds_system_admin`.`delete_time` IS NULL LIMIT 1 [ RunTime:0.000425s ]
[2022-09-21 11:48:52][sql] UPDATE `ds_system_admin`  SET `pay_model` = 'chuanqi' , `update_time` = 1663732132  WHERE (  `id` = 182 ) AND `ds_system_admin`.`delete_time` IS NULL [ RunTime:0.000404s ]
[2022-09-21 11:48:52][sql] SELECT * FROM `ds_system_admin` WHERE (  `id` = 1 ) AND `ds_system_admin`.`delete_time` IS NULL LIMIT 1 [ RunTime:0.000351s ]
[2022-09-21 11:48:52][sql] SELECT * FROM `ds_system_admin` WHERE (  `id` = 1 ) AND `ds_system_admin`.`delete_time` IS NULL LIMIT 1 [ RunTime:0.000486s ]
[2022-09-21 11:48:53][sql] CONNECT:[ UseTime:0.000508s ] mysql:host=127.0.0.1;port=3306;dbname=webs;charset=utf8
[2022-09-21 11:48:53][sql] SHOW FULL COLUMNS FROM `ds_system_auth` [ RunTime:0.000888s ]
[2022-09-21 11:48:53][sql] SELECT `title`,`id` FROM `ds_system_auth` WHERE (  `status` = 1 ) AND `ds_system_auth`.`delete_time` IS NULL [ RunTime:0.000454s ]
[2022-09-21 11:48:53][sql] SHOW FULL COLUMNS FROM `ds_system_admin` [ RunTime:0.000758s ]
[2022-09-21 11:48:53][sql] SELECT SUM(`balance`) AS think_sum FROM `ds_system_admin` WHERE `ds_system_admin`.`delete_time` IS NULL LIMIT 1 [ RunTime:0.000287s ]
[2022-09-21 11:48:53][sql] SHOW FULL COLUMNS FROM `ds_outlay` [ RunTime:0.000617s ]
[2022-09-21 11:48:53][sql] SELECT SUM(`money`) AS think_sum FROM `ds_outlay` WHERE  `create_time` BETWEEN 1663689600 AND 1663775999 LIMIT 1 [ RunTime:0.000284s ]
[2022-09-21 11:48:53][sql] SHOW FULL COLUMNS FROM `ds_pay_setting` [ RunTime:0.000677s ]
[2022-09-21 11:48:53][sql] SELECT * FROM `ds_pay_setting` [ RunTime:0.000261s ]
[2022-09-21 11:48:53][sql] SELECT COUNT(*) AS think_count FROM `ds_system_admin` WHERE (  `id` <> 1 ) AND `ds_system_admin`.`delete_time` IS NULL LIMIT 1 [ RunTime:0.000341s ]
[2022-09-21 11:48:53][sql] SELECT `id`,`pid`,`auth_ids`,`head_img`,`username`,`qq`,`wechat_account`,`pwd`,`balance`,`revenue`,`short`,`pay_model`,`pay_model1`,`is_zn`,`is_ff`,`poundage`,`ticheng`,`is_day`,`is_week`,`is_month`,`is_dan`,`date_fee`,`month_fee`,`dan_fee`,`week_fee`,`view_id`,`phone`,`remark`,`login_num`,`sort`,`status`,`push_all`,`txpwd`,`create_time`,`update_time`,`delete_time`,`is_zw`,(SELECT SUM(`money`) AS think_sum FROM `ds_outlay` `sum_table` WHERE  ( `sum_table`.`uid` =ds_system_admin.id )) AS `outlay_sum` FROM `ds_system_admin` WHERE (  `id` <> 1 ) AND `ds_system_admin`.`delete_time` IS NULL ORDER BY `sort` DESC,`id` DESC LIMIT 0,15 [ RunTime:0.000532s ]
[2022-09-21 11:48:53][sql] SELECT * FROM `ds_system_admin` WHERE (  `id` = 0 ) AND `ds_system_admin`.`delete_time` IS NULL [ RunTime:0.000411s ]
[2022-09-21 11:48:53][sql] SHOW FULL COLUMNS FROM `ds_muban` [ RunTime:0.000835s ]
[2022-09-21 11:48:53][sql] SELECT * FROM `ds_muban` WHERE (  `id` = 3 ) AND `ds_muban`.`delete_time` IS NULL [ RunTime:0.000313s ]
[2022-09-21 11:48:53][sql] SHOW FULL COLUMNS FROM `ds_pay_order` [ RunTime:0.000688s ]
[2022-09-21 11:48:53][sql] SELECT * FROM `ds_pay_order` WHERE  `status` = '1'  AND `is_kouliang` = '1'  AND `is_tj` = 1  AND `createtime` BETWEEN 1663689600 AND 1663775999  AND `uid` = 182 [ RunTime:0.000543s ]
[2022-09-21 11:48:53][sql] SHOW FULL COLUMNS FROM `ds_domain_lib` [ RunTime:0.000803s ]
[2022-09-21 11:48:53][sql] SELECT * FROM `ds_domain_lib` WHERE  `status` = 0  AND `uid` = 182 [ RunTime:0.000310s ]
[2022-09-21 11:48:53][sql] SELECT SUM(`price`) AS think_sum FROM `ds_pay_order` WHERE  `uid` = 182  AND `is_kouliang` = '1'  AND `status` = '1'  AND `is_tj` = 1  AND `createtime` BETWEEN 1663689600 AND 1663775999 LIMIT 1 [ RunTime:0.000561s ]
[2022-09-21 11:48:53][sql] SELECT SUM(`price`) AS think_sum FROM `ds_pay_order` WHERE  `uid` = 182  AND `is_kouliang` = '1'  AND `status` = '1'  AND `is_tj` = 1  AND `createtime` BETWEEN 1663603200 AND 1663689599 LIMIT 1 [ RunTime:0.000438s ]
[2022-09-21 11:48:53][sql] SELECT `id` FROM `ds_system_admin` WHERE (  `pid` = 182 ) AND `ds_system_admin`.`delete_time` IS NULL [ RunTime:0.000298s ]
[2022-09-21 11:58:06][sql] CONNECT:[ UseTime:0.000627s ] mysql:host=127.0.0.1;port=3306;dbname=webs;charset=utf8
[2022-09-21 11:58:06][sql] SHOW FULL COLUMNS FROM `ds_pay_setting` [ RunTime:0.000910s ]
[2022-09-21 11:58:06][sql] SELECT * FROM `ds_pay_setting` WHERE  `id` = 36 LIMIT 1 [ RunTime:0.000425s ]
[2022-09-21 11:58:06][sql] SHOW FULL COLUMNS FROM `ds_system_config` [ RunTime:0.000691s ]
[2022-09-21 11:58:06][sql] SELECT `value` FROM `ds_system_config` WHERE  `group` = 'site'  AND `name` = 'site_name' LIMIT 1 [ RunTime:0.000371s ]
[2022-09-21 12:00:34][sql] CONNECT:[ UseTime:0.000791s ] mysql:host=127.0.0.1;port=3306;dbname=webs;charset=utf8
[2022-09-21 12:00:34][sql] show tables like 'ds_system_log_202209' [ RunTime:0.000678s ]
[2022-09-21 12:00:34][sql] SHOW FULL COLUMNS FROM `ds_system_log_202209` [ RunTime:0.000790s ]
[2022-09-21 12:00:34][sql] INSERT INTO `ds_system_log_202209` SET `admin_id` = 1 , `url` = '/admin/paysetting/edit?id=36' , `method` = 'post' , `ip` = '124.152.241.13' , `content` = '{"id":"36","title":"dd支付","app_id":"10005","app_key":"ud7xh8rc24c6c7jm0l3cxdmcyewi84a2","pay_url":"http:\/\/service-6kwuu94w-1259029785.gz.apigw.tencentcs.com\/Pay_Index.html","pay_channel":"946","pay_model":"chuanqi","pay_fudong":"0","status":"1"}' , `useragent` = 'Mozilla/5.0 (Macintosh; Intel Mac OS X 10_15_7) AppleWebKit/537.36 (KHTML, like Gecko) Chrome/105.0.0.0 Safari/537.36' , `create_time` = 1663732834 [ RunTime:0.000509s ]
[2022-09-21 12:00:34][sql] SHOW FULL COLUMNS FROM `ds_pay_setting` [ RunTime:0.001022s ]
[2022-09-21 12:00:34][sql] SELECT * FROM `ds_pay_setting` WHERE  `id` = 36 LIMIT 1 [ RunTime:0.000412s ]
[2022-09-21 12:00:34][sql] UPDATE `ds_pay_setting`  SET `pay_channel` = '946'  WHERE  `id` = 36 [ RunTime:0.000276s ]
[2022-09-21 12:00:36][sql] CONNECT:[ UseTime:0.000605s ] mysql:host=127.0.0.1;port=3306;dbname=webs;charset=utf8
[2022-09-21 12:00:36][sql] SHOW FULL COLUMNS FROM `ds_pay_setting` [ RunTime:0.000937s ]
[2022-09-21 12:00:36][sql] SELECT COUNT(*) AS think_count FROM `ds_pay_setting` LIMIT 1 [ RunTime:0.000302s ]
[2022-09-21 12:00:36][sql] SELECT * FROM `ds_pay_setting` ORDER BY `id` DESC LIMIT 0,15 [ RunTime:0.000237s ]
