[2022-09-28 16:44:32][sql] CONNECT:[ UseTime:0.005899s ] mysql:host=127.0.0.1;port=3306;dbname=webs;charset=utf8
[2022-09-28 16:44:32][sql] SHOW FULL COLUMNS FROM `ds_system_config` [ RunTime:0.001332s ]
[2022-09-28 16:44:32][sql] SELECT `value` FROM `ds_system_config` WHERE  `group` = 'site'  AND `name` = 'site_name' LIMIT 1 [ RunTime:0.001533s ]
[2022-09-28 16:44:32][sql] SELECT `value` FROM `ds_system_config` WHERE  `group` = 'site'  AND `name` = 'site_bg' LIMIT 1 [ RunTime:0.000412s ]
[2022-09-28 16:44:32][sql] SELECT `value` FROM `ds_system_config` WHERE  `group` = 'site'  AND `name` = 'logo_image' LIMIT 1 [ RunTime:0.000277s ]
[2022-09-28 16:44:32][sql] SELECT `value` FROM `ds_system_config` WHERE  `group` = 'site'  AND `name` = 'site_wechat' LIMIT 1 [ RunTime:0.000258s ]
[2022-09-28 16:44:32][sql] SELECT `value` FROM `ds_system_config` WHERE  `group` = 'site'  AND `name` = 'site_qq' LIMIT 1 [ RunTime:0.000370s ]
[2022-09-28 16:44:32][sql] SELECT `value` FROM `ds_system_config` WHERE  `group` = 'site'  AND `name` = 'site_title' LIMIT 1 [ RunTime:0.000286s ]
[2022-09-28 16:44:32][sql] SELECT `value` FROM `ds_system_config` WHERE  `group` = 'site'  AND `name` = 'site_slogan' LIMIT 1 [ RunTime:0.000269s ]
[2022-09-28 16:44:32][sql] SELECT `value` FROM `ds_system_config` WHERE  `group` = 'site'  AND `name` = 'site_name' LIMIT 1 [ RunTime:0.000253s ]
[2022-09-28 16:44:32][sql] SELECT `value` FROM `ds_system_config` WHERE  `group` = 'site'  AND `name` = 'site_content' LIMIT 1 [ RunTime:0.000322s ]
[2022-09-28 16:44:38][sql] CONNECT:[ UseTime:0.000603s ] mysql:host=127.0.0.1;port=3306;dbname=webs;charset=utf8
[2022-09-28 16:44:38][sql] show tables like 'ds_system_log_202209' [ RunTime:0.000581s ]
[2022-09-28 16:44:38][sql] SHOW FULL COLUMNS FROM `ds_system_log_202209` [ RunTime:0.001099s ]
[2022-09-28 16:44:38][sql] INSERT INTO `ds_system_log_202209` SET `admin_id` = NULL , `url` = '/admin/login/index.html' , `method` = 'post' , `ip` = '124.152.241.24' , `content` = '{"username":"admin","password":"5d9269e018f5129441746d4de9f47d398ed53d3f","captcha":"7289","keep_login":"0"}' , `useragent` = 'Mozilla/5.0 (Macintosh; Intel Mac OS X 10_15_7) AppleWebKit/537.36 (KHTML, like Gecko) Chrome/105.0.0.0 Safari/537.36' , `create_time` = 1664354677 [ RunTime:0.000411s ]
[2022-09-28 16:44:38][sql] SHOW FULL COLUMNS FROM `ds_system_admin` [ RunTime:0.001726s ]
[2022-09-28 16:44:38][sql] SELECT * FROM `ds_system_admin` WHERE (  `username` = 'admin' ) AND `ds_system_admin`.`delete_time` IS NULL LIMIT 1 [ RunTime:0.002334s ]
[2022-09-28 16:44:38][sql] UPDATE `ds_system_admin`  SET `login_num` = 824 , `update_time` = 1664354678  WHERE (  `id` = 1 ) AND `ds_system_admin`.`delete_time` IS NULL [ RunTime:0.001820s ]
[2022-09-28 16:44:38][sql] SELECT * FROM `ds_system_admin` WHERE (  `id` = 1 ) AND `ds_system_admin`.`delete_time` IS NULL LIMIT 1 [ RunTime:0.000586s ]
[2022-09-28 16:44:38][sql] SELECT * FROM `ds_system_admin` WHERE (  `id` = 1 ) AND `ds_system_admin`.`delete_time` IS NULL LIMIT 1 [ RunTime:0.000438s ]
[2022-09-28 16:44:40][sql] CONNECT:[ UseTime:0.000670s ] mysql:host=127.0.0.1;port=3306;dbname=webs;charset=utf8
[2022-09-28 16:44:40][sql] SHOW FULL COLUMNS FROM `ds_system_config` [ RunTime:0.001262s ]
[2022-09-28 16:44:40][sql] SELECT `value` FROM `ds_system_config` WHERE  `group` = 'site'  AND `name` = 'site_name' LIMIT 1 [ RunTime:0.000418s ]
[2022-09-28 16:44:41][sql] CONNECT:[ UseTime:0.000660s ] mysql:host=127.0.0.1;port=3306;dbname=webs;charset=utf8
[2022-09-28 16:44:41][sql] SHOW FULL COLUMNS FROM `ds_system_config` [ RunTime:0.000888s ]
[2022-09-28 16:44:41][sql] SELECT `value` FROM `ds_system_config` WHERE  `group` = 'site'  AND `name` = 'site_name' LIMIT 1 [ RunTime:0.000445s ]
[2022-09-28 16:44:41][sql] SELECT `value` FROM `ds_system_config` WHERE  `group` = 'site'  AND `name` = 'logo_image' LIMIT 1 [ RunTime:0.000366s ]
[2022-09-28 16:44:41][sql] SHOW FULL COLUMNS FROM `ds_system_menu` [ RunTime:0.001203s ]
[2022-09-28 16:44:41][sql] SELECT `title`,`icon`,`href` FROM `ds_system_menu` WHERE  ( delete_time is null )  AND `pid` = 99999999 LIMIT 1 [ RunTime:0.000428s ]
[2022-09-28 16:44:41][sql] SELECT `id`,`pid`,`title`,`icon`,`href`,`target` FROM `ds_system_menu` WHERE  ( delete_time is null )  AND `status` = 1  AND `pid` <> 99999999 ORDER BY `sort` DESC,`id` ASC [ RunTime:0.000598s ]
[2022-09-28 16:44:41][sql] CONNECT:[ UseTime:0.000602s ] mysql:host=127.0.0.1;port=3306;dbname=webs;charset=utf8
[2022-09-28 16:44:41][sql] SHOW FULL COLUMNS FROM `ds_notify` [ RunTime:0.001170s ]
[2022-09-28 16:44:41][sql] SELECT * FROM `ds_notify` WHERE  `is_show` = 1 ORDER BY `create_time` DESC LIMIT 1 [ RunTime:0.000382s ]
[2022-09-28 16:44:41][sql] SHOW FULL COLUMNS FROM `ds_system_quick` [ RunTime:0.000914s ]
[2022-09-28 16:44:41][sql] SELECT `id`,`title`,`icon`,`href` FROM `ds_system_quick` WHERE (  `status` = 1 ) AND `ds_system_quick`.`delete_time` IS NULL ORDER BY `sort` DESC LIMIT 8 [ RunTime:0.000373s ]
[2022-09-28 16:44:41][sql] SHOW FULL COLUMNS FROM `ds_system_admin` [ RunTime:0.000890s ]
[2022-09-28 16:44:41][sql] SELECT * FROM `ds_system_admin` WHERE (  `id` = 1 ) AND `ds_system_admin`.`delete_time` IS NULL LIMIT 1 [ RunTime:0.000482s ]
[2022-09-28 16:44:41][sql] SELECT * FROM `ds_system_admin` WHERE (  `id` = 1 ) AND `ds_system_admin`.`delete_time` IS NULL LIMIT 1 [ RunTime:0.000393s ]
[2022-09-28 16:44:41][sql] SHOW FULL COLUMNS FROM `ds_outlay` [ RunTime:0.000908s ]
[2022-09-28 16:44:41][sql] SELECT SUM(`money`) AS think_sum FROM `ds_outlay` WHERE  `status` = 0 LIMIT 1 [ RunTime:0.000327s ]
[2022-09-28 16:44:41][sql] SHOW FULL COLUMNS FROM `ds_payed_show` [ RunTime:0.000912s ]
[2022-09-28 16:44:41][sql] SELECT COUNT(DISTINCT `ip`) AS think_count FROM `ds_payed_show` LIMIT 1 [ RunTime:0.100742s ]
[2022-09-28 16:44:41][sql] SHOW FULL COLUMNS FROM `ds_tj` [ RunTime:0.001124s ]
[2022-09-28 16:44:41][sql] SELECT COUNT(*) AS think_count FROM `ds_tj` WHERE  `create_time` BETWEEN 1664294400 AND 1664380799 LIMIT 1 [ RunTime:0.000471s ]
[2022-09-28 16:44:41][sql] SHOW FULL COLUMNS FROM `ds_pay_order` [ RunTime:0.001023s ]
[2022-09-28 16:44:41][sql] SELECT COUNT(*) AS think_count FROM `ds_pay_order` WHERE  `is_kouliang` = '1'  AND `status` = '1'  AND `is_tj` = 1 LIMIT 1 [ RunTime:0.001065s ]
[2022-09-28 16:44:41][sql] SELECT SUM(`price`) AS think_sum FROM `ds_pay_order` WHERE  `is_kouliang` = '1'  AND `status` = '1'  AND `is_tj` = 1 LIMIT 1 [ RunTime:0.000397s ]
[2022-09-28 16:44:41][sql] SELECT SUM(`price`) AS think_sum FROM `ds_pay_order` WHERE  `is_kouliang` = '1'  AND `status` = '1'  AND `is_tj` = 1  AND `createtime` BETWEEN 1664294400 AND 1664380799 LIMIT 1 [ RunTime:0.000373s ]
[2022-09-28 16:44:41][sql] SELECT COUNT(*) AS think_count FROM `ds_pay_order` WHERE  `is_kouliang` = '1'  AND `status` = '1'  AND `is_tj` = 1  AND `createtime` BETWEEN 1664294400 AND 1664380799 LIMIT 1 [ RunTime:0.000417s ]
[2022-09-28 16:44:41][sql] SELECT SUM(`price`) AS think_sum FROM `ds_pay_order` WHERE  `is_kouliang` = '1'  AND `status` = '1'  AND `is_tj` = 1  AND `createtime` BETWEEN 1664208000 AND 1664294399 LIMIT 1 [ RunTime:0.000396s ]
[2022-09-28 16:44:41][sql] SELECT COUNT(*) AS think_count FROM `ds_pay_order` WHERE  `is_kouliang` = '1'  AND `status` = '1'  AND `is_tj` = 1  AND `createtime` BETWEEN 1664208000 AND 1664294399 LIMIT 1 [ RunTime:0.000302s ]
[2022-09-28 16:44:41][sql] SELECT `id`,`createtime` FROM `ds_pay_order` WHERE  `status` = '2'  AND `createtime` BETWEEN 1664121600 AND 1664726399  AND `is_tj` = 1  AND `is_kouliang` = '1' [ RunTime:0.000468s ]
[2022-09-28 16:44:41][sql] SELECT `id`,`createtime` FROM `ds_pay_order` WHERE  `status` = '1'  AND `createtime` BETWEEN 1664121600 AND 1664726399  AND `is_tj` = 1  AND `is_kouliang` = '1' [ RunTime:0.000416s ]
[2022-09-28 16:44:41][sql] SHOW FULL COLUMNS FROM `ds_system_config` [ RunTime:0.000780s ]
[2022-09-28 16:44:41][sql] SELECT `value` FROM `ds_system_config` WHERE  `group` = 'site'  AND `name` = 'site_name' LIMIT 1 [ RunTime:0.000330s ]
[2022-09-28 16:44:57][sql] CONNECT:[ UseTime:0.000626s ] mysql:host=127.0.0.1;port=3306;dbname=webs;charset=utf8
[2022-09-28 16:44:57][sql] SHOW FULL COLUMNS FROM `ds_system_config` [ RunTime:0.000966s ]
[2022-09-28 16:44:57][sql] SELECT `value` FROM `ds_system_config` WHERE  `group` = 'site'  AND `name` = 'site_name' LIMIT 1 [ RunTime:0.000458s ]
[2022-09-28 16:44:58][sql] CONNECT:[ UseTime:0.000569s ] mysql:host=127.0.0.1;port=3306;dbname=webs;charset=utf8
[2022-09-28 16:44:58][sql] SHOW FULL COLUMNS FROM `ds_pay_setting` [ RunTime:0.001207s ]
[2022-09-28 16:44:58][sql] SELECT COUNT(*) AS think_count FROM `ds_pay_setting` LIMIT 1 [ RunTime:0.000383s ]
[2022-09-28 16:44:58][sql] SELECT * FROM `ds_pay_setting` ORDER BY `id` DESC LIMIT 0,15 [ RunTime:0.000315s ]
[2022-09-28 16:48:03][sql] CONNECT:[ UseTime:0.000723s ] mysql:host=127.0.0.1;port=3306;dbname=webs;charset=utf8
[2022-09-28 16:48:03][sql] SHOW FULL COLUMNS FROM `ds_pay_setting` [ RunTime:0.001685s ]
[2022-09-28 16:48:03][sql] SELECT * FROM `ds_pay_setting` WHERE  `id` = 36 LIMIT 1 [ RunTime:0.002134s ]
[2022-09-28 16:48:03][sql] SHOW FULL COLUMNS FROM `ds_system_config` [ RunTime:0.001073s ]
[2022-09-28 16:48:03][sql] SELECT `value` FROM `ds_system_config` WHERE  `group` = 'site'  AND `name` = 'site_name' LIMIT 1 [ RunTime:0.000543s ]
[2022-09-28 16:48:56][sql] CONNECT:[ UseTime:0.000585s ] mysql:host=127.0.0.1;port=3306;dbname=webs;charset=utf8
[2022-09-28 16:48:56][sql] show tables like 'ds_system_log_202209' [ RunTime:0.000471s ]
[2022-09-28 16:48:56][sql] SHOW FULL COLUMNS FROM `ds_system_log_202209` [ RunTime:0.000831s ]
[2022-09-28 16:48:56][sql] INSERT INTO `ds_system_log_202209` SET `admin_id` = 1 , `url` = '/admin/paysetting/edit?id=36' , `method` = 'post' , `ip` = '124.152.241.24' , `content` = '{"id":"36","title":"dd支付","app_id":"10005","app_key":"ud7xh8rc24c6c7jm0l3cxdmcyewi84a2","pay_url":"http:\/\/service-ohxt7pu2-1259029785.gz.apigw.tencentcs.com\/Pay_Index.html","pay_channel":"947","pay_model":"chuanqi","pay_fudong":"0","status":"1"}' , `useragent` = 'Mozilla/5.0 (Macintosh; Intel Mac OS X 10_15_7) AppleWebKit/537.36 (KHTML, like Gecko) Chrome/105.0.0.0 Safari/537.36' , `create_time` = 1664354936 [ RunTime:0.000463s ]
[2022-09-28 16:48:56][sql] SHOW FULL COLUMNS FROM `ds_pay_setting` [ RunTime:0.000932s ]
[2022-09-28 16:48:56][sql] SELECT * FROM `ds_pay_setting` WHERE  `id` = 36 LIMIT 1 [ RunTime:0.000337s ]
[2022-09-28 16:48:56][sql] UPDATE `ds_pay_setting`  SET `pay_url` = 'http://service-ohxt7pu2-1259029785.gz.apigw.tencentcs.com/Pay_Index.html' , `pay_channel` = '947'  WHERE  `id` = 36 [ RunTime:0.000439s ]
[2022-09-28 16:48:58][sql] CONNECT:[ UseTime:0.000553s ] mysql:host=127.0.0.1;port=3306;dbname=webs;charset=utf8
[2022-09-28 16:48:58][sql] SHOW FULL COLUMNS FROM `ds_pay_setting` [ RunTime:0.001109s ]
[2022-09-28 16:48:58][sql] SELECT COUNT(*) AS think_count FROM `ds_pay_setting` LIMIT 1 [ RunTime:0.000316s ]
[2022-09-28 16:48:58][sql] SELECT * FROM `ds_pay_setting` ORDER BY `id` DESC LIMIT 0,15 [ RunTime:0.000270s ]
[2022-09-28 21:51:23][sql] CONNECT:[ UseTime:0.000721s ] mysql:host=127.0.0.1;port=3306;dbname=webs;charset=utf8
[2022-09-28 21:51:23][sql] SHOW FULL COLUMNS FROM `ds_pay_setting` [ RunTime:0.000958s ]
[2022-09-28 21:51:23][sql] SELECT * FROM `ds_pay_setting` WHERE  `status` = 1 [ RunTime:0.000406s ]
[2022-09-28 21:51:23][sql] SHOW FULL COLUMNS FROM `ds_pay_order` [ RunTime:0.000944s ]
[2022-09-28 21:51:23][sql] SELECT COUNT(*) AS think_count FROM `ds_pay_order` WHERE  `is_kouliang` = '1'  AND `status` = '1'  AND `is_tj` = 1  AND `createtime` BETWEEN 1664294400 AND 1664380799 LIMIT 1 [ RunTime:0.000653s ]
[2022-09-28 21:51:23][sql] SELECT COUNT(*) AS think_count FROM `ds_pay_order` WHERE  `is_kouliang` = '1'  AND `status` = '1'  AND `is_tj` = 1  AND `createtime` BETWEEN 1664208000 AND 1664294399 LIMIT 1 [ RunTime:0.000402s ]
[2022-09-28 21:51:23][sql] SELECT SUM(`price`) AS think_sum FROM `ds_pay_order` WHERE  `is_kouliang` = '1'  AND `status` = '1'  AND `is_tj` = 1  AND `createtime` BETWEEN 1664294400 AND 1664380799 LIMIT 1 [ RunTime:0.000407s ]
[2022-09-28 21:51:23][sql] SELECT SUM(`price`) AS think_sum FROM `ds_pay_order` WHERE  `is_kouliang` = '1'  AND `status` = '1'  AND `is_tj` = 1  AND `createtime` BETWEEN 1664208000 AND 1664294399 LIMIT 1 [ RunTime:0.000352s ]
[2022-09-28 21:51:23][sql] SELECT COUNT(*) AS think_count FROM `ds_pay_order` WHERE  `is_kouliang` = '1'  AND `status` = '1'  AND `is_tj` = 1 LIMIT 1 [ RunTime:0.000693s ]
[2022-09-28 21:51:23][sql] SELECT SUM(`price`) AS think_sum FROM `ds_pay_order` WHERE  `is_kouliang` = '1'  AND `status` = '1'  AND `is_tj` = 1 LIMIT 1 [ RunTime:0.000404s ]
[2022-09-28 21:51:23][sql] SHOW FULL COLUMNS FROM `ds_system_config` [ RunTime:0.000771s ]
[2022-09-28 21:51:23][sql] SELECT `value` FROM `ds_system_config` WHERE  `group` = 'site'  AND `name` = 'site_name' LIMIT 1 [ RunTime:0.000298s ]
[2022-09-28 21:51:23][sql] CONNECT:[ UseTime:0.000495s ] mysql:host=127.0.0.1;port=3306;dbname=webs;charset=utf8
[2022-09-28 21:51:23][sql] SHOW FULL COLUMNS FROM `ds_pay_order` [ RunTime:0.001038s ]
[2022-09-28 21:51:23][sql] SELECT COUNT(*) AS think_count FROM `ds_pay_order` WHERE  `status` = '1'  AND `is_kouliang` = '1' LIMIT 1 [ RunTime:0.000511s ]
[2022-09-28 21:51:23][sql] SELECT * FROM `ds_pay_order` WHERE  `status` = '1'  AND `is_kouliang` = '1' ORDER BY `id` DESC LIMIT 0,15 [ RunTime:0.000455s ]
[2022-09-28 21:51:23][sql] SHOW FULL COLUMNS FROM `ds_system_admin` [ RunTime:0.001045s ]
[2022-09-28 21:51:23][sql] SELECT * FROM `ds_system_admin` WHERE (  `id` = 182 ) AND `ds_system_admin`.`delete_time` IS NULL [ RunTime:0.000461s ]
[2022-09-28 21:51:23][sql] SHOW FULL COLUMNS FROM `ds_link` [ RunTime:0.001320s ]
[2022-09-28 21:51:23][sql] SELECT * FROM `ds_link` WHERE  `id` IN (38894,37375,39238,35690,36315,35561,40793,36534,37122,36212,39451,40045,39219,39867,38298) [ RunTime:0.000460s ]
