[2022-08-11 01:53:40][sql] CONNECT:[ UseTime:0.000998s ] mysql:host=127.0.0.1;port=3306;dbname=websq;charset=utf8
[2022-08-11 01:53:40][sql] SHOW FULL COLUMNS FROM `ds_system_config` [ RunTime:0.001848s ]
[2022-08-11 01:53:40][sql] SELECT `value` FROM `ds_system_config` WHERE  `group` = 'site'  AND `name` = 'site_name' LIMIT 1 [ RunTime:0.000875s ]
[2022-08-11 01:53:40][sql] SELECT `value` FROM `ds_system_config` WHERE  `group` = 'site'  AND `name` = 'site_bg' LIMIT 1 [ RunTime:0.000366s ]
[2022-08-11 01:53:40][sql] SELECT `value` FROM `ds_system_config` WHERE  `group` = 'site'  AND `name` = 'logo_image' LIMIT 1 [ RunTime:0.000377s ]
[2022-08-11 01:53:40][sql] SELECT `value` FROM `ds_system_config` WHERE  `group` = 'site'  AND `name` = 'site_wechat' LIMIT 1 [ RunTime:0.000396s ]
[2022-08-11 01:53:40][sql] SELECT `value` FROM `ds_system_config` WHERE  `group` = 'site'  AND `name` = 'site_qq' LIMIT 1 [ RunTime:0.000413s ]
[2022-08-11 01:53:40][sql] SELECT `value` FROM `ds_system_config` WHERE  `group` = 'site'  AND `name` = 'site_title' LIMIT 1 [ RunTime:0.000397s ]
[2022-08-11 01:53:40][sql] SELECT `value` FROM `ds_system_config` WHERE  `group` = 'site'  AND `name` = 'site_slogan' LIMIT 1 [ RunTime:0.000371s ]
[2022-08-11 01:53:40][sql] SELECT `value` FROM `ds_system_config` WHERE  `group` = 'site'  AND `name` = 'site_name' LIMIT 1 [ RunTime:0.000492s ]
[2022-08-11 01:53:40][sql] SELECT `value` FROM `ds_system_config` WHERE  `group` = 'site'  AND `name` = 'site_content' LIMIT 1 [ RunTime:0.000459s ]
[2022-08-11 01:53:56][sql] CONNECT:[ UseTime:0.000924s ] mysql:host=127.0.0.1;port=3306;dbname=websq;charset=utf8
[2022-08-11 01:53:56][sql] show tables like 'ds_system_log_202208' [ RunTime:0.000904s ]
[2022-08-11 01:53:56][sql] SHOW FULL COLUMNS FROM `ds_system_log_202208` [ RunTime:0.001478s ]
[2022-08-11 01:53:56][sql] INSERT INTO `ds_system_log_202208` SET `admin_id` = NULL , `url` = '/admin/login/index.html' , `method` = 'post' , `ip` = '39.144.210.184' , `content` = '{"username":"ds002","password":"e1b9541a06900579b050898e2381e73a1d2d2494","captcha":"0969","keep_login":"0"}' , `useragent` = 'Mozilla/5.0 (Linux; Android 10; V2001A; wv) AppleWebKit/537.36 (KHTML, like Gecko) Version/4.0 Chrome/87.0.4280.141 Mobile Safari/537.36 VivoBrowser/11.6.10.0' , `create_time` = 1660154036 [ RunTime:0.000917s ]
[2022-08-11 01:53:56][sql] SHOW FULL COLUMNS FROM `ds_system_admin` [ RunTime:0.001819s ]
[2022-08-11 01:53:56][sql] SELECT * FROM `ds_system_admin` WHERE (  `username` = 'ds002' ) AND `ds_system_admin`.`delete_time` IS NULL LIMIT 1 [ RunTime:0.000821s ]
[2022-08-11 01:53:56][sql] UPDATE `ds_system_admin`  SET `login_num` = 20 , `update_time` = 1660154036  WHERE (  `id` = 183 ) AND `ds_system_admin`.`delete_time` IS NULL [ RunTime:0.000653s ]
[2022-08-11 01:53:56][sql] SELECT * FROM `ds_system_admin` WHERE (  `id` = 1 ) AND `ds_system_admin`.`delete_time` IS NULL LIMIT 1 [ RunTime:0.000531s ]
[2022-08-11 01:53:56][sql] SELECT * FROM `ds_system_admin` WHERE (  `id` = 1 ) AND `ds_system_admin`.`delete_time` IS NULL LIMIT 1 [ RunTime:0.000564s ]
[2022-08-11 01:53:59][sql] CONNECT:[ UseTime:0.000977s ] mysql:host=127.0.0.1;port=3306;dbname=websq;charset=utf8
[2022-08-11 01:53:59][sql] SHOW FULL COLUMNS FROM `ds_system_config` [ RunTime:0.002050s ]
[2022-08-11 01:53:59][sql] SELECT `value` FROM `ds_system_config` WHERE  `group` = 'site'  AND `name` = 'site_name' LIMIT 1 [ RunTime:0.000892s ]
[2022-08-11 01:54:09][sql] CONNECT:[ UseTime:0.000789s ] mysql:host=127.0.0.1;port=3306;dbname=websq;charset=utf8
[2022-08-11 01:54:09][sql] SHOW FULL COLUMNS FROM `ds_notify` [ RunTime:0.001648s ]
[2022-08-11 01:54:09][sql] SELECT * FROM `ds_notify` WHERE  `is_show` = 1 ORDER BY `create_time` DESC LIMIT 1 [ RunTime:0.000763s ]
[2022-08-11 01:54:09][sql] SHOW FULL COLUMNS FROM `ds_system_quick` [ RunTime:0.001180s ]
[2022-08-11 01:54:09][sql] SELECT `id`,`title`,`icon`,`href` FROM `ds_system_quick` WHERE (  `status` = 1 ) AND `ds_system_quick`.`delete_time` IS NULL ORDER BY `sort` DESC LIMIT 8 [ RunTime:0.000716s ]
[2022-08-11 01:54:09][sql] SHOW FULL COLUMNS FROM `ds_system_admin` [ RunTime:0.001959s ]
[2022-08-11 01:54:09][sql] SELECT * FROM `ds_system_admin` WHERE (  `id` = 183 ) AND `ds_system_admin`.`delete_time` IS NULL LIMIT 1 [ RunTime:0.000806s ]
[2022-08-11 01:54:09][sql] SELECT * FROM `ds_system_admin` WHERE (  `id` = 183 ) AND `ds_system_admin`.`delete_time` IS NULL LIMIT 1 [ RunTime:0.000639s ]
[2022-08-11 01:54:09][sql] SHOW FULL COLUMNS FROM `ds_outlay` [ RunTime:0.001264s ]
[2022-08-11 01:54:09][sql] SELECT SUM(`money`) AS think_sum FROM `ds_outlay` WHERE  `status` = 0 LIMIT 1 [ RunTime:0.000758s ]
[2022-08-11 01:54:09][sql] SHOW FULL COLUMNS FROM `ds_payed_show` [ RunTime:0.001269s ]
[2022-08-11 01:54:09][sql] SELECT COUNT(DISTINCT `ip`) AS think_count FROM `ds_payed_show` WHERE  `uid` = 183  AND `is_tj` = 1  AND `is_kouliang` = 1 LIMIT 1 [ RunTime:0.038278s ]
[2022-08-11 01:54:09][sql] SHOW FULL COLUMNS FROM `ds_tj` [ RunTime:0.001370s ]
[2022-08-11 01:54:09][sql] SELECT COUNT(*) AS think_count FROM `ds_tj` WHERE  `uid` = 183  AND `create_time` BETWEEN 1660147200 AND 1660233599 LIMIT 1 [ RunTime:0.000625s ]
[2022-08-11 01:54:09][sql] SHOW FULL COLUMNS FROM `ds_pay_order` [ RunTime:0.001523s ]
[2022-08-11 01:54:09][sql] SELECT COUNT(*) AS think_count FROM `ds_pay_order` WHERE  `uid` = 183  AND `is_kouliang` = '1'  AND `status` = '1'  AND `is_tj` = 1 LIMIT 1 [ RunTime:0.002497s ]
[2022-08-11 01:54:09][sql] SELECT SUM(`price`) AS think_sum FROM `ds_pay_order` WHERE  `uid` = 183  AND `is_kouliang` = '1'  AND `status` = '1'  AND `is_tj` = 1 LIMIT 1 [ RunTime:0.000480s ]
[2022-08-11 01:54:09][sql] SELECT SUM(`price`) AS think_sum FROM `ds_pay_order` WHERE  `uid` = 183  AND `is_kouliang` = '1'  AND `status` = '1'  AND `is_tj` = 1  AND `createtime` BETWEEN 1660147200 AND 1660233599 LIMIT 1 [ RunTime:0.000491s ]
[2022-08-11 01:54:09][sql] SELECT COUNT(*) AS think_count FROM `ds_pay_order` WHERE  `uid` = 183  AND `is_kouliang` = '1'  AND `status` = '1'  AND `is_tj` = 1  AND `createtime` BETWEEN 1660147200 AND 1660233599 LIMIT 1 [ RunTime:0.000460s ]
[2022-08-11 01:54:09][sql] SELECT SUM(`price`) AS think_sum FROM `ds_pay_order` WHERE  `uid` = 183  AND `is_kouliang` = '1'  AND `status` = '1'  AND `is_tj` = 1  AND `createtime` BETWEEN 1660060800 AND 1660147199 LIMIT 1 [ RunTime:0.000520s ]
[2022-08-11 01:54:09][sql] SELECT COUNT(*) AS think_count FROM `ds_pay_order` WHERE  `uid` = 183  AND `is_kouliang` = '1'  AND `status` = '1'  AND `is_tj` = 1  AND `createtime` BETWEEN 1660060800 AND 1660147199 LIMIT 1 [ RunTime:0.000486s ]
[2022-08-11 01:54:09][sql] SELECT `id`,`createtime` FROM `ds_pay_order` WHERE  `uid` = 183  AND `status` = '2'  AND `createtime` BETWEEN 1659888000 AND 1660492799  AND `is_tj` = 1  AND `is_kouliang` = '1' [ RunTime:0.000998s ]
[2022-08-11 01:54:09][sql] SELECT `id`,`createtime` FROM `ds_pay_order` WHERE  `uid` = 183  AND `status` = '1'  AND `createtime` BETWEEN 1659888000 AND 1660492799  AND `is_tj` = 1  AND `is_kouliang` = '1' [ RunTime:0.000656s ]
[2022-08-11 01:54:09][sql] SHOW FULL COLUMNS FROM `ds_system_config` [ RunTime:0.001560s ]
[2022-08-11 01:54:09][sql] SELECT `value` FROM `ds_system_config` WHERE  `group` = 'site'  AND `name` = 'site_name' LIMIT 1 [ RunTime:0.000507s ]
[2022-08-11 01:54:41][sql] CONNECT:[ UseTime:0.000773s ] mysql:host=127.0.0.1;port=3306;dbname=websq;charset=utf8
[2022-08-11 01:54:41][sql] SHOW FULL COLUMNS FROM `ds_notify` [ RunTime:0.001532s ]
[2022-08-11 01:54:41][sql] SELECT * FROM `ds_notify` WHERE  `is_show` = 1 ORDER BY `create_time` DESC LIMIT 1 [ RunTime:0.000537s ]
[2022-08-11 01:54:41][sql] SHOW FULL COLUMNS FROM `ds_system_quick` [ RunTime:0.001095s ]
[2022-08-11 01:54:41][sql] SELECT `id`,`title`,`icon`,`href` FROM `ds_system_quick` WHERE (  `status` = 1 ) AND `ds_system_quick`.`delete_time` IS NULL ORDER BY `sort` DESC LIMIT 8 [ RunTime:0.000570s ]
[2022-08-11 01:54:41][sql] SHOW FULL COLUMNS FROM `ds_system_admin` [ RunTime:0.001697s ]
[2022-08-11 01:54:41][sql] SELECT * FROM `ds_system_admin` WHERE (  `id` = 183 ) AND `ds_system_admin`.`delete_time` IS NULL LIMIT 1 [ RunTime:0.000638s ]
[2022-08-11 01:54:41][sql] SELECT * FROM `ds_system_admin` WHERE (  `id` = 183 ) AND `ds_system_admin`.`delete_time` IS NULL LIMIT 1 [ RunTime:0.000466s ]
[2022-08-11 01:54:41][sql] SHOW FULL COLUMNS FROM `ds_outlay` [ RunTime:0.001066s ]
[2022-08-11 01:54:41][sql] SELECT SUM(`money`) AS think_sum FROM `ds_outlay` WHERE  `status` = 0 LIMIT 1 [ RunTime:0.000415s ]
[2022-08-11 01:54:41][sql] SHOW FULL COLUMNS FROM `ds_payed_show` [ RunTime:0.001201s ]
[2022-08-11 01:54:41][sql] SELECT COUNT(DISTINCT `ip`) AS think_count FROM `ds_payed_show` WHERE  `uid` = 183  AND `is_tj` = 1  AND `is_kouliang` = 1 LIMIT 1 [ RunTime:0.023830s ]
[2022-08-11 01:54:41][sql] SHOW FULL COLUMNS FROM `ds_tj` [ RunTime:0.001177s ]
[2022-08-11 01:54:41][sql] SELECT COUNT(*) AS think_count FROM `ds_tj` WHERE  `uid` = 183  AND `create_time` BETWEEN 1660147200 AND 1660233599 LIMIT 1 [ RunTime:0.000608s ]
[2022-08-11 01:54:41][sql] SHOW FULL COLUMNS FROM `ds_pay_order` [ RunTime:0.001439s ]
[2022-08-11 01:54:41][sql] SELECT COUNT(*) AS think_count FROM `ds_pay_order` WHERE  `uid` = 183  AND `is_kouliang` = '1'  AND `status` = '1'  AND `is_tj` = 1 LIMIT 1 [ RunTime:0.000796s ]
[2022-08-11 01:54:41][sql] SELECT SUM(`price`) AS think_sum FROM `ds_pay_order` WHERE  `uid` = 183  AND `is_kouliang` = '1'  AND `status` = '1'  AND `is_tj` = 1 LIMIT 1 [ RunTime:0.000462s ]
[2022-08-11 01:54:41][sql] SELECT SUM(`price`) AS think_sum FROM `ds_pay_order` WHERE  `uid` = 183  AND `is_kouliang` = '1'  AND `status` = '1'  AND `is_tj` = 1  AND `createtime` BETWEEN 1660147200 AND 1660233599 LIMIT 1 [ RunTime:0.000532s ]
[2022-08-11 01:54:41][sql] SELECT COUNT(*) AS think_count FROM `ds_pay_order` WHERE  `uid` = 183  AND `is_kouliang` = '1'  AND `status` = '1'  AND `is_tj` = 1  AND `createtime` BETWEEN 1660147200 AND 1660233599 LIMIT 1 [ RunTime:0.000504s ]
[2022-08-11 01:54:41][sql] SELECT SUM(`price`) AS think_sum FROM `ds_pay_order` WHERE  `uid` = 183  AND `is_kouliang` = '1'  AND `status` = '1'  AND `is_tj` = 1  AND `createtime` BETWEEN 1660060800 AND 1660147199 LIMIT 1 [ RunTime:0.000458s ]
[2022-08-11 01:54:41][sql] SELECT COUNT(*) AS think_count FROM `ds_pay_order` WHERE  `uid` = 183  AND `is_kouliang` = '1'  AND `status` = '1'  AND `is_tj` = 1  AND `createtime` BETWEEN 1660060800 AND 1660147199 LIMIT 1 [ RunTime:0.000451s ]
[2022-08-11 01:54:41][sql] SELECT `id`,`createtime` FROM `ds_pay_order` WHERE  `uid` = 183  AND `status` = '2'  AND `createtime` BETWEEN 1659888000 AND 1660492799  AND `is_tj` = 1  AND `is_kouliang` = '1' [ RunTime:0.001042s ]
[2022-08-11 01:54:41][sql] SELECT `id`,`createtime` FROM `ds_pay_order` WHERE  `uid` = 183  AND `status` = '1'  AND `createtime` BETWEEN 1659888000 AND 1660492799  AND `is_tj` = 1  AND `is_kouliang` = '1' [ RunTime:0.000512s ]
[2022-08-11 01:54:41][sql] SHOW FULL COLUMNS FROM `ds_system_config` [ RunTime:0.001458s ]
[2022-08-11 01:54:41][sql] SELECT `value` FROM `ds_system_config` WHERE  `group` = 'site'  AND `name` = 'site_name' LIMIT 1 [ RunTime:0.000485s ]
[2022-08-11 01:56:11][sql] CONNECT:[ UseTime:0.000946s ] mysql:host=127.0.0.1;port=3306;dbname=websq;charset=utf8
[2022-08-11 01:56:11][sql] SHOW FULL COLUMNS FROM `ds_system_admin` [ RunTime:0.002307s ]
[2022-08-11 01:56:11][sql] SELECT * FROM `ds_system_admin` WHERE  `id` = 183  AND `status` = 1 LIMIT 1 [ RunTime:0.000994s ]
[2022-08-11 01:56:11][sql] SHOW FULL COLUMNS FROM `ds_system_auth` [ RunTime:0.001163s ]
[2022-08-11 01:56:11][sql] SHOW FULL COLUMNS FROM `ds_system_auth_node` [ RunTime:0.001143s ]
[2022-08-11 01:56:11][sql] SHOW FULL COLUMNS FROM `ds_system_node` [ RunTime:0.001146s ]
[2022-08-11 01:56:11][sql] SELECT DISTINCT  `node` FROM `ds_system_node` WHERE  ( id IN ( SELECT DISTINCT  `node_id` FROM `ds_system_auth_node` WHERE  ( auth_id IN ( SELECT DISTINCT  `id` FROM `ds_system_auth` WHERE  `id` = 7 ) ) ) ) [ RunTime:0.004674s ]
[2022-08-11 01:56:11][sql] SHOW FULL COLUMNS FROM `ds_system_config` [ RunTime:0.001252s ]
[2022-08-11 01:56:11][sql] SELECT * FROM `ds_system_config` WHERE  `name` = 'ff_close' LIMIT 1 [ RunTime:0.000484s ]
[2022-08-11 01:56:11][sql] SELECT * FROM `ds_system_config` WHERE  `name` = 'ff_url' LIMIT 1 [ RunTime:0.000394s ]
[2022-08-11 01:56:11][sql] SELECT * FROM `ds_system_admin` WHERE (  `id` = 183 ) AND `ds_system_admin`.`delete_time` IS NULL LIMIT 1 [ RunTime:0.000553s ]
[2022-08-11 01:56:11][sql] SELECT * FROM `ds_system_admin` WHERE (  `id` = 183 ) AND `ds_system_admin`.`delete_time` IS NULL LIMIT 1 [ RunTime:0.000810s ]
[2022-08-11 01:56:11][sql] SELECT `value` FROM `ds_system_config` WHERE  `group` = 'site'  AND `name` = 'site_name' LIMIT 1 [ RunTime:0.000387s ]
[2022-08-11 01:56:20][sql] CONNECT:[ UseTime:0.000650s ] mysql:host=127.0.0.1;port=3306;dbname=websq;charset=utf8
[2022-08-11 01:56:20][sql] SHOW FULL COLUMNS FROM `ds_system_admin` [ RunTime:0.001689s ]
[2022-08-11 01:56:20][sql] SELECT * FROM `ds_system_admin` WHERE  `id` = 183  AND `status` = 1 LIMIT 1 [ RunTime:0.000660s ]
[2022-08-11 01:56:20][sql] SHOW FULL COLUMNS FROM `ds_system_auth` [ RunTime:0.001134s ]
[2022-08-11 01:56:20][sql] SHOW FULL COLUMNS FROM `ds_system_auth_node` [ RunTime:0.000940s ]
[2022-08-11 01:56:20][sql] SHOW FULL COLUMNS FROM `ds_system_node` [ RunTime:0.001134s ]
[2022-08-11 01:56:20][sql] SELECT DISTINCT  `node` FROM `ds_system_node` WHERE  ( id IN ( SELECT DISTINCT  `node_id` FROM `ds_system_auth_node` WHERE  ( auth_id IN ( SELECT DISTINCT  `id` FROM `ds_system_auth` WHERE  `id` = 7 ) ) ) ) [ RunTime:0.000770s ]
[2022-08-11 01:56:20][sql] SHOW FULL COLUMNS FROM `ds_hezi` [ RunTime:0.001333s ]
[2022-08-11 01:56:20][sql] SELECT COUNT(*) AS think_count FROM `ds_hezi` WHERE  `type` LIKE '%1%'  AND `uid` = 183 LIMIT 1 [ RunTime:0.000601s ]
[2022-08-11 01:56:20][sql] SELECT * FROM `ds_hezi` WHERE  `type` LIKE '%1%'  AND `uid` = 183 ORDER BY `id` DESC LIMIT 0,99999 [ RunTime:0.000628s ]
[2022-08-11 01:56:20][sql] SHOW FULL COLUMNS FROM `ds_muban` [ RunTime:0.001171s ]
[2022-08-11 01:56:20][sql] SELECT * FROM `ds_muban` WHERE (  `id` = 4 ) AND `ds_muban`.`delete_time` IS NULL [ RunTime:0.000430s ]
[2022-08-11 01:56:20][sql] SELECT * FROM `ds_system_admin` WHERE (  `id` = 183 ) AND `ds_system_admin`.`delete_time` IS NULL LIMIT 1 [ RunTime:0.000543s ]
[2022-08-11 01:56:20][sql] SELECT * FROM `ds_system_admin` WHERE (  `id` = 183 ) AND `ds_system_admin`.`delete_time` IS NULL LIMIT 1 [ RunTime:0.000440s ]
[2022-08-11 01:56:24][sql] CONNECT:[ UseTime:0.000666s ] mysql:host=127.0.0.1;port=3306;dbname=websq;charset=utf8
[2022-08-11 01:56:24][sql] SHOW FULL COLUMNS FROM `ds_system_admin` [ RunTime:0.001750s ]
[2022-08-11 01:56:24][sql] SELECT * FROM `ds_system_admin` WHERE  `id` = 183  AND `status` = 1 LIMIT 1 [ RunTime:0.000737s ]
[2022-08-11 01:56:24][sql] SHOW FULL COLUMNS FROM `ds_system_auth` [ RunTime:0.001228s ]
[2022-08-11 01:56:24][sql] SHOW FULL COLUMNS FROM `ds_system_auth_node` [ RunTime:0.001010s ]
[2022-08-11 01:56:24][sql] SHOW FULL COLUMNS FROM `ds_system_node` [ RunTime:0.001239s ]
[2022-08-11 01:56:24][sql] SELECT DISTINCT  `node` FROM `ds_system_node` WHERE  ( id IN ( SELECT DISTINCT  `node_id` FROM `ds_system_auth_node` WHERE  ( auth_id IN ( SELECT DISTINCT  `id` FROM `ds_system_auth` WHERE  `id` = 7 ) ) ) ) [ RunTime:0.000739s ]
[2022-08-11 01:56:24][sql] SHOW FULL COLUMNS FROM `ds_outlay` [ RunTime:0.001326s ]
[2022-08-11 01:56:24][sql] SELECT COUNT(*) AS think_count FROM `ds_outlay` WHERE  `uid` = 183  AND `status` = 0 LIMIT 1 [ RunTime:0.000508s ]
[2022-08-11 01:56:24][sql] SELECT COUNT(*) AS think_count FROM `ds_outlay` WHERE  `uid` = 183  AND `status` = 1 LIMIT 1 [ RunTime:0.000394s ]
[2022-08-11 01:56:24][sql] SHOW FULL COLUMNS FROM `ds_system_config` [ RunTime:0.001007s ]
[2022-08-11 01:56:24][sql] SELECT `value` FROM `ds_system_config` WHERE  `group` = 'site'  AND `name` = 'site_name' LIMIT 1 [ RunTime:0.000389s ]
[2022-08-11 01:56:24][sql] SELECT * FROM `ds_system_admin` WHERE  `id` = 183  AND `status` = 1 LIMIT 1 [ RunTime:0.000510s ]
[2022-08-11 01:56:24][sql] SELECT DISTINCT  `node` FROM `ds_system_node` WHERE  ( id IN ( SELECT DISTINCT  `node_id` FROM `ds_system_auth_node` WHERE  ( auth_id IN ( SELECT DISTINCT  `id` FROM `ds_system_auth` WHERE  `id` = 7 ) ) ) ) [ RunTime:0.000624s ]
[2022-08-11 01:56:24][sql] SELECT * FROM `ds_system_admin` WHERE  `id` = 183  AND `status` = 1 LIMIT 1 [ RunTime:0.000498s ]
[2022-08-11 01:56:24][sql] SELECT DISTINCT  `node` FROM `ds_system_node` WHERE  ( id IN ( SELECT DISTINCT  `node_id` FROM `ds_system_auth_node` WHERE  ( auth_id IN ( SELECT DISTINCT  `id` FROM `ds_system_auth` WHERE  `id` = 7 ) ) ) ) [ RunTime:0.000506s ]
[2022-08-11 01:56:24][sql] SELECT * FROM `ds_system_admin` WHERE  `id` = 183  AND `status` = 1 LIMIT 1 [ RunTime:0.000523s ]
[2022-08-11 01:56:24][sql] SELECT DISTINCT  `node` FROM `ds_system_node` WHERE  ( id IN ( SELECT DISTINCT  `node_id` FROM `ds_system_auth_node` WHERE  ( auth_id IN ( SELECT DISTINCT  `id` FROM `ds_system_auth` WHERE  `id` = 7 ) ) ) ) [ RunTime:0.000531s ]
[2022-08-11 01:56:35][sql] CONNECT:[ UseTime:0.000649s ] mysql:host=127.0.0.1;port=3306;dbname=websq;charset=utf8
[2022-08-11 01:56:35][sql] SHOW FULL COLUMNS FROM `ds_system_admin` [ RunTime:0.001989s ]
[2022-08-11 01:56:35][sql] SELECT * FROM `ds_system_admin` WHERE  `id` = 183  AND `status` = 1 LIMIT 1 [ RunTime:0.000995s ]
[2022-08-11 01:56:35][sql] SHOW FULL COLUMNS FROM `ds_system_auth` [ RunTime:0.001190s ]
[2022-08-11 01:56:35][sql] SHOW FULL COLUMNS FROM `ds_system_auth_node` [ RunTime:0.001072s ]
[2022-08-11 01:56:35][sql] SHOW FULL COLUMNS FROM `ds_system_node` [ RunTime:0.001061s ]
[2022-08-11 01:56:35][sql] SELECT DISTINCT  `node` FROM `ds_system_node` WHERE  ( id IN ( SELECT DISTINCT  `node_id` FROM `ds_system_auth_node` WHERE  ( auth_id IN ( SELECT DISTINCT  `id` FROM `ds_system_auth` WHERE  `id` = 7 ) ) ) ) [ RunTime:0.000916s ]
[2022-08-11 01:56:35][sql] SHOW FULL COLUMNS FROM `ds_outlay` [ RunTime:0.001223s ]
[2022-08-11 01:56:35][sql] SELECT COUNT(*) AS think_count FROM `ds_outlay` WHERE  `uid` = 183 LIMIT 1 [ RunTime:0.000491s ]
[2022-08-11 01:56:35][sql] SELECT * FROM `ds_outlay` WHERE  `uid` = 183 ORDER BY `id` DESC LIMIT 0,15 [ RunTime:0.000382s ]
[2022-08-11 01:59:49][sql] CONNECT:[ UseTime:0.000935s ] mysql:host=127.0.0.1;port=3306;dbname=websq;charset=utf8
[2022-08-11 01:59:49][sql] SHOW FULL COLUMNS FROM `ds_notify` [ RunTime:0.001957s ]
[2022-08-11 01:59:49][sql] SELECT * FROM `ds_notify` WHERE  `is_show` = 1 ORDER BY `create_time` DESC LIMIT 1 [ RunTime:0.000873s ]
[2022-08-11 01:59:49][sql] SHOW FULL COLUMNS FROM `ds_system_quick` [ RunTime:0.001217s ]
[2022-08-11 01:59:49][sql] SELECT `id`,`title`,`icon`,`href` FROM `ds_system_quick` WHERE (  `status` = 1 ) AND `ds_system_quick`.`delete_time` IS NULL ORDER BY `sort` DESC LIMIT 8 [ RunTime:0.000617s ]
[2022-08-11 01:59:49][sql] SHOW FULL COLUMNS FROM `ds_system_admin` [ RunTime:0.001506s ]
[2022-08-11 01:59:49][sql] SELECT * FROM `ds_system_admin` WHERE (  `id` = 183 ) AND `ds_system_admin`.`delete_time` IS NULL LIMIT 1 [ RunTime:0.000687s ]
[2022-08-11 01:59:49][sql] SELECT * FROM `ds_system_admin` WHERE (  `id` = 183 ) AND `ds_system_admin`.`delete_time` IS NULL LIMIT 1 [ RunTime:0.000554s ]
[2022-08-11 01:59:49][sql] SHOW FULL COLUMNS FROM `ds_outlay` [ RunTime:0.001251s ]
[2022-08-11 01:59:49][sql] SELECT SUM(`money`) AS think_sum FROM `ds_outlay` WHERE  `status` = 0 LIMIT 1 [ RunTime:0.000470s ]
[2022-08-11 01:59:49][sql] SHOW FULL COLUMNS FROM `ds_payed_show` [ RunTime:0.001207s ]
[2022-08-11 01:59:49][sql] SELECT COUNT(DISTINCT `ip`) AS think_count FROM `ds_payed_show` WHERE  `uid` = 183  AND `is_tj` = 1  AND `is_kouliang` = 1 LIMIT 1 [ RunTime:0.032110s ]
[2022-08-11 01:59:49][sql] SHOW FULL COLUMNS FROM `ds_tj` [ RunTime:0.001363s ]
[2022-08-11 01:59:49][sql] SELECT COUNT(*) AS think_count FROM `ds_tj` WHERE  `uid` = 183  AND `create_time` BETWEEN 1660147200 AND 1660233599 LIMIT 1 [ RunTime:0.000551s ]
[2022-08-11 01:59:49][sql] SHOW FULL COLUMNS FROM `ds_pay_order` [ RunTime:0.001334s ]
[2022-08-11 01:59:49][sql] SELECT COUNT(*) AS think_count FROM `ds_pay_order` WHERE  `uid` = 183  AND `is_kouliang` = '1'  AND `status` = '1'  AND `is_tj` = 1 LIMIT 1 [ RunTime:0.000980s ]
[2022-08-11 01:59:49][sql] SELECT SUM(`price`) AS think_sum FROM `ds_pay_order` WHERE  `uid` = 183  AND `is_kouliang` = '1'  AND `status` = '1'  AND `is_tj` = 1 LIMIT 1 [ RunTime:0.000441s ]
[2022-08-11 01:59:49][sql] SELECT SUM(`price`) AS think_sum FROM `ds_pay_order` WHERE  `uid` = 183  AND `is_kouliang` = '1'  AND `status` = '1'  AND `is_tj` = 1  AND `createtime` BETWEEN 1660147200 AND 1660233599 LIMIT 1 [ RunTime:0.000519s ]
[2022-08-11 01:59:49][sql] SELECT COUNT(*) AS think_count FROM `ds_pay_order` WHERE  `uid` = 183  AND `is_kouliang` = '1'  AND `status` = '1'  AND `is_tj` = 1  AND `createtime` BETWEEN 1660147200 AND 1660233599 LIMIT 1 [ RunTime:0.000530s ]
[2022-08-11 01:59:49][sql] SELECT SUM(`price`) AS think_sum FROM `ds_pay_order` WHERE  `uid` = 183  AND `is_kouliang` = '1'  AND `status` = '1'  AND `is_tj` = 1  AND `createtime` BETWEEN 1660060800 AND 1660147199 LIMIT 1 [ RunTime:0.000483s ]
[2022-08-11 01:59:49][sql] SELECT COUNT(*) AS think_count FROM `ds_pay_order` WHERE  `uid` = 183  AND `is_kouliang` = '1'  AND `status` = '1'  AND `is_tj` = 1  AND `createtime` BETWEEN 1660060800 AND 1660147199 LIMIT 1 [ RunTime:0.000525s ]
[2022-08-11 01:59:49][sql] SELECT `id`,`createtime` FROM `ds_pay_order` WHERE  `uid` = 183  AND `status` = '2'  AND `createtime` BETWEEN 1659888000 AND 1660492799  AND `is_tj` = 1  AND `is_kouliang` = '1' [ RunTime:0.000830s ]
[2022-08-11 01:59:49][sql] SELECT `id`,`createtime` FROM `ds_pay_order` WHERE  `uid` = 183  AND `status` = '1'  AND `createtime` BETWEEN 1659888000 AND 1660492799  AND `is_tj` = 1  AND `is_kouliang` = '1' [ RunTime:0.000534s ]
[2022-08-11 01:59:49][sql] SHOW FULL COLUMNS FROM `ds_system_config` [ RunTime:0.001157s ]
[2022-08-11 01:59:49][sql] SELECT `value` FROM `ds_system_config` WHERE  `group` = 'site'  AND `name` = 'site_name' LIMIT 1 [ RunTime:0.000475s ]
[2022-08-11 02:00:02][sql] CONNECT:[ UseTime:0.000904s ] mysql:host=127.0.0.1;port=3306;dbname=websq;charset=utf8
[2022-08-11 02:00:02][sql] SHOW FULL COLUMNS FROM `ds_system_admin` [ RunTime:0.002056s ]
[2022-08-11 02:00:02][sql] SELECT * FROM `ds_system_admin` WHERE  `id` = 183  AND `status` = 1 LIMIT 1 [ RunTime:0.000923s ]
[2022-08-11 02:00:02][sql] SHOW FULL COLUMNS FROM `ds_system_auth` [ RunTime:0.001196s ]
[2022-08-11 02:00:02][sql] SHOW FULL COLUMNS FROM `ds_system_auth_node` [ RunTime:0.001049s ]
[2022-08-11 02:00:02][sql] SHOW FULL COLUMNS FROM `ds_system_node` [ RunTime:0.001017s ]
[2022-08-11 02:00:02][sql] SELECT DISTINCT  `node` FROM `ds_system_node` WHERE  ( id IN ( SELECT DISTINCT  `node_id` FROM `ds_system_auth_node` WHERE  ( auth_id IN ( SELECT DISTINCT  `id` FROM `ds_system_auth` WHERE  `id` = 7 ) ) ) ) [ RunTime:0.001212s ]
[2022-08-11 02:00:02][sql] SHOW FULL COLUMNS FROM `ds_pay_setting` [ RunTime:0.001341s ]
[2022-08-11 02:00:02][sql] SELECT * FROM `ds_pay_setting` WHERE  `status` = 1 [ RunTime:0.000511s ]
[2022-08-11 02:00:02][sql] SHOW FULL COLUMNS FROM `ds_pay_order` [ RunTime:0.001411s ]
[2022-08-11 02:00:02][sql] SELECT COUNT(*) AS think_count FROM `ds_pay_order` WHERE  `uid` = 183  AND `is_kouliang` = '1'  AND `status` = '1'  AND `is_tj` = 1  AND `createtime` BETWEEN 1660147200 AND 1660233599 LIMIT 1 [ RunTime:0.000749s ]
[2022-08-11 02:00:02][sql] SELECT COUNT(*) AS think_count FROM `ds_pay_order` WHERE  `uid` = 183  AND `is_kouliang` = '1'  AND `status` = '1'  AND `is_tj` = 1  AND `createtime` BETWEEN 1660060800 AND 1660147199 LIMIT 1 [ RunTime:0.000458s ]
[2022-08-11 02:00:02][sql] SELECT SUM(`price`) AS think_sum FROM `ds_pay_order` WHERE  `uid` = 183  AND `is_kouliang` = '1'  AND `status` = '1'  AND `is_tj` = 1  AND `createtime` BETWEEN 1660147200 AND 1660233599 LIMIT 1 [ RunTime:0.000541s ]
[2022-08-11 02:00:02][sql] SELECT SUM(`price`) AS think_sum FROM `ds_pay_order` WHERE  `uid` = 183  AND `is_kouliang` = '1'  AND `status` = '1'  AND `is_tj` = 1  AND `createtime` BETWEEN 1660060800 AND 1660147199 LIMIT 1 [ RunTime:0.000454s ]
[2022-08-11 02:00:02][sql] SELECT COUNT(*) AS think_count FROM `ds_pay_order` WHERE  `uid` = 183  AND `is_kouliang` = '1'  AND `status` = '1'  AND `is_tj` = 1 LIMIT 1 [ RunTime:0.000644s ]
[2022-08-11 02:00:02][sql] SELECT SUM(`price`) AS think_sum FROM `ds_pay_order` WHERE  `uid` = 183  AND `is_kouliang` = '1'  AND `status` = '1'  AND `is_tj` = 1 LIMIT 1 [ RunTime:0.000494s ]
[2022-08-11 02:00:02][sql] SHOW FULL COLUMNS FROM `ds_system_config` [ RunTime:0.001205s ]
[2022-08-11 02:00:02][sql] SELECT `value` FROM `ds_system_config` WHERE  `group` = 'site'  AND `name` = 'site_name' LIMIT 1 [ RunTime:0.000438s ]
[2022-08-11 02:00:02][sql] SELECT * FROM `ds_system_admin` WHERE  `id` = 183  AND `status` = 1 LIMIT 1 [ RunTime:0.000556s ]
[2022-08-11 02:00:02][sql] SELECT DISTINCT  `node` FROM `ds_system_node` WHERE  ( id IN ( SELECT DISTINCT  `node_id` FROM `ds_system_auth_node` WHERE  ( auth_id IN ( SELECT DISTINCT  `id` FROM `ds_system_auth` WHERE  `id` = 7 ) ) ) ) [ RunTime:0.000654s ]
[2022-08-11 02:00:02][sql] SELECT * FROM `ds_system_admin` WHERE  `id` = 183  AND `status` = 1 LIMIT 1 [ RunTime:0.000576s ]
[2022-08-11 02:00:02][sql] SELECT DISTINCT  `node` FROM `ds_system_node` WHERE  ( id IN ( SELECT DISTINCT  `node_id` FROM `ds_system_auth_node` WHERE  ( auth_id IN ( SELECT DISTINCT  `id` FROM `ds_system_auth` WHERE  `id` = 7 ) ) ) ) [ RunTime:0.000584s ]
[2022-08-11 02:00:02][sql] SELECT * FROM `ds_system_admin` WHERE  `id` = 183  AND `status` = 1 LIMIT 1 [ RunTime:0.000564s ]
[2022-08-11 02:00:02][sql] SELECT DISTINCT  `node` FROM `ds_system_node` WHERE  ( id IN ( SELECT DISTINCT  `node_id` FROM `ds_system_auth_node` WHERE  ( auth_id IN ( SELECT DISTINCT  `id` FROM `ds_system_auth` WHERE  `id` = 7 ) ) ) ) [ RunTime:0.000674s ]
[2022-08-11 02:00:15][sql] CONNECT:[ UseTime:0.000770s ] mysql:host=127.0.0.1;port=3306;dbname=websq;charset=utf8
[2022-08-11 02:00:15][sql] SHOW FULL COLUMNS FROM `ds_system_admin` [ RunTime:0.002115s ]
[2022-08-11 02:00:15][sql] SELECT * FROM `ds_system_admin` WHERE  `id` = 183  AND `status` = 1 LIMIT 1 [ RunTime:0.000982s ]
[2022-08-11 02:00:15][sql] SHOW FULL COLUMNS FROM `ds_system_auth` [ RunTime:0.001088s ]
[2022-08-11 02:00:15][sql] SHOW FULL COLUMNS FROM `ds_system_auth_node` [ RunTime:0.001052s ]
[2022-08-11 02:00:15][sql] SHOW FULL COLUMNS FROM `ds_system_node` [ RunTime:0.000981s ]
[2022-08-11 02:00:15][sql] SELECT DISTINCT  `node` FROM `ds_system_node` WHERE  ( id IN ( SELECT DISTINCT  `node_id` FROM `ds_system_auth_node` WHERE  ( auth_id IN ( SELECT DISTINCT  `id` FROM `ds_system_auth` WHERE  `id` = 7 ) ) ) ) [ RunTime:0.000869s ]
[2022-08-11 02:00:15][sql] SHOW FULL COLUMNS FROM `ds_pay_order` [ RunTime:0.001371s ]
[2022-08-11 02:00:15][sql] SELECT COUNT(*) AS think_count FROM `ds_pay_order` WHERE  `uid` = 183  AND `status` = '1'  AND `is_kouliang` = '1' LIMIT 1 [ RunTime:0.000680s ]
[2022-08-11 02:00:15][sql] SELECT * FROM `ds_pay_order` WHERE  `uid` = 183  AND `status` = '1'  AND `is_kouliang` = '1' ORDER BY `id` DESC LIMIT 0,15 [ RunTime:0.000601s ]
[2022-08-11 02:00:15][sql] SHOW FULL COLUMNS FROM `ds_link` [ RunTime:0.001280s ]
[2022-08-11 02:00:15][sql] SELECT * FROM `ds_link` WHERE  `id` IN (26230,25269,31966,29334,28872,32830,38198,32768,23015,29223,24756,34213) [ RunTime:0.000496s ]
[2022-08-11 02:00:29][sql] CONNECT:[ UseTime:0.000837s ] mysql:host=127.0.0.1;port=3306;dbname=websq;charset=utf8
[2022-08-11 02:00:29][sql] SHOW FULL COLUMNS FROM `ds_system_admin` [ RunTime:0.002066s ]
[2022-08-11 02:00:29][sql] SELECT * FROM `ds_system_admin` WHERE  `id` = 183  AND `status` = 1 LIMIT 1 [ RunTime:0.000759s ]
[2022-08-11 02:00:29][sql] SHOW FULL COLUMNS FROM `ds_system_auth` [ RunTime:0.001042s ]
[2022-08-11 02:00:29][sql] SHOW FULL COLUMNS FROM `ds_system_auth_node` [ RunTime:0.001013s ]
[2022-08-11 02:00:29][sql] SHOW FULL COLUMNS FROM `ds_system_node` [ RunTime:0.001049s ]
[2022-08-11 02:00:29][sql] SELECT DISTINCT  `node` FROM `ds_system_node` WHERE  ( id IN ( SELECT DISTINCT  `node_id` FROM `ds_system_auth_node` WHERE  ( auth_id IN ( SELECT DISTINCT  `id` FROM `ds_system_auth` WHERE  `id` = 7 ) ) ) ) [ RunTime:0.000637s ]
[2022-08-11 02:00:29][sql] SHOW FULL COLUMNS FROM `ds_system_config` [ RunTime:0.001375s ]
[2022-08-11 02:00:29][sql] SELECT `value` FROM `ds_system_config` WHERE  `group` = 'site'  AND `name` = 'site_name' LIMIT 1 [ RunTime:0.000443s ]
[2022-08-11 02:00:29][sql] SELECT * FROM `ds_system_admin` WHERE  `id` = 183  AND `status` = 1 LIMIT 1 [ RunTime:0.000472s ]
[2022-08-11 02:00:29][sql] SELECT DISTINCT  `node` FROM `ds_system_node` WHERE  ( id IN ( SELECT DISTINCT  `node_id` FROM `ds_system_auth_node` WHERE  ( auth_id IN ( SELECT DISTINCT  `id` FROM `ds_system_auth` WHERE  `id` = 7 ) ) ) ) [ RunTime:0.000613s ]
[2022-08-11 02:00:29][sql] SELECT * FROM `ds_system_admin` WHERE  `id` = 183  AND `status` = 1 LIMIT 1 [ RunTime:0.000504s ]
[2022-08-11 02:00:29][sql] SELECT DISTINCT  `node` FROM `ds_system_node` WHERE  ( id IN ( SELECT DISTINCT  `node_id` FROM `ds_system_auth_node` WHERE  ( auth_id IN ( SELECT DISTINCT  `id` FROM `ds_system_auth` WHERE  `id` = 7 ) ) ) ) [ RunTime:0.000592s ]
[2022-08-11 02:00:29][sql] SELECT * FROM `ds_system_admin` WHERE  `id` = 183  AND `status` = 1 LIMIT 1 [ RunTime:0.000498s ]
[2022-08-11 02:00:29][sql] SELECT DISTINCT  `node` FROM `ds_system_node` WHERE  ( id IN ( SELECT DISTINCT  `node_id` FROM `ds_system_auth_node` WHERE  ( auth_id IN ( SELECT DISTINCT  `id` FROM `ds_system_auth` WHERE  `id` = 7 ) ) ) ) [ RunTime:0.000515s ]
[2022-08-11 02:00:52][sql] CONNECT:[ UseTime:0.000714s ] mysql:host=127.0.0.1;port=3306;dbname=websq;charset=utf8
[2022-08-11 02:00:52][sql] SHOW FULL COLUMNS FROM `ds_system_admin` [ RunTime:0.001781s ]
[2022-08-11 02:00:52][sql] SELECT * FROM `ds_system_admin` WHERE  `id` = 183  AND `status` = 1 LIMIT 1 [ RunTime:0.000753s ]
[2022-08-11 02:00:52][sql] SHOW FULL COLUMNS FROM `ds_system_auth` [ RunTime:0.001070s ]
[2022-08-11 02:00:52][sql] SHOW FULL COLUMNS FROM `ds_system_auth_node` [ RunTime:0.000944s ]
[2022-08-11 02:00:52][sql] SHOW FULL COLUMNS FROM `ds_system_node` [ RunTime:0.001103s ]
[2022-08-11 02:00:52][sql] SELECT DISTINCT  `node` FROM `ds_system_node` WHERE  ( id IN ( SELECT DISTINCT  `node_id` FROM `ds_system_auth_node` WHERE  ( auth_id IN ( SELECT DISTINCT  `id` FROM `ds_system_auth` WHERE  `id` = 7 ) ) ) ) [ RunTime:0.000772s ]
[2022-08-11 02:00:52][sql] SHOW FULL COLUMNS FROM `ds_muban` [ RunTime:0.001340s ]
[2022-08-11 02:00:52][sql] SELECT * FROM `ds_muban` WHERE (  `status` = 1 ) AND `ds_muban`.`delete_time` IS NULL [ RunTime:0.000599s ]
[2022-08-11 02:00:52][sql] SELECT * FROM `ds_system_admin` WHERE (  `id` = 183 ) AND `ds_system_admin`.`delete_time` IS NULL LIMIT 1 [ RunTime:0.000554s ]
[2022-08-11 02:00:52][sql] SELECT * FROM `ds_system_admin` WHERE (  `id` = 183 ) AND `ds_system_admin`.`delete_time` IS NULL LIMIT 1 [ RunTime:0.000458s ]
[2022-08-11 02:00:52][sql] SHOW FULL COLUMNS FROM `ds_pay_setting` [ RunTime:0.001299s ]
[2022-08-11 02:00:52][sql] SELECT * FROM `ds_pay_setting` WHERE  `pay_model` IN ('123456','easydoc') [ RunTime:0.000511s ]
[2022-08-11 02:00:52][sql] SHOW FULL COLUMNS FROM `ds_price` [ RunTime:0.001119s ]
[2022-08-11 02:00:52][sql] SELECT * FROM `ds_price` WHERE  `pay_model` = '1'  AND `uid` = 183 [ RunTime:0.000587s ]
[2022-08-11 02:00:52][sql] SELECT * FROM `ds_price` WHERE  `pay_model` = '2'  AND `uid` = 183 [ RunTime:0.000559s ]
[2022-08-11 02:00:52][sql] SHOW FULL COLUMNS FROM `ds_system_config` [ RunTime:0.001244s ]
[2022-08-11 02:00:52][sql] SELECT `value` FROM `ds_system_config` WHERE  `group` = 'site'  AND `name` = 'site_name' LIMIT 1 [ RunTime:0.000970s ]
[2022-08-11 02:00:52][sql] SELECT `value` FROM `ds_system_config` WHERE  `group` = 'jg'  AND `name` = 'jg_topen' LIMIT 1 [ RunTime:0.000364s ]
[2022-08-11 02:00:52][sql] SELECT `value` FROM `ds_system_config` WHERE  `group` = 'jg'  AND `name` = 'jp_wopen' LIMIT 1 [ RunTime:0.000331s ]
[2022-08-11 02:00:52][sql] SELECT `value` FROM `ds_system_config` WHERE  `group` = 'jg'  AND `name` = 'jg_yopen' LIMIT 1 [ RunTime:0.000337s ]
[2022-08-11 02:00:52][sql] SELECT `value` FROM `ds_system_config` WHERE  `group` = 'jg'  AND `name` = 'jg_topen' LIMIT 1 [ RunTime:0.000317s ]
[2022-08-11 02:00:52][sql] SELECT `value` FROM `ds_system_config` WHERE  `group` = 'jg'  AND `name` = 'jp_wopen' LIMIT 1 [ RunTime:0.000308s ]
[2022-08-11 02:00:52][sql] SELECT `value` FROM `ds_system_config` WHERE  `group` = 'jg'  AND `name` = 'jg_yopen' LIMIT 1 [ RunTime:0.000313s ]
[2022-08-11 02:00:52][sql] SELECT `value` FROM `ds_system_config` WHERE  `group` = 'jp'  AND `name` = 'fb_min_money' LIMIT 1 [ RunTime:0.000365s ]
[2022-08-11 02:00:52][sql] SELECT `value` FROM `ds_system_config` WHERE  `group` = 'jp'  AND `name` = 'fb_max_money' LIMIT 1 [ RunTime:0.000366s ]
[2022-08-11 02:00:52][sql] SELECT `value` FROM `ds_system_config` WHERE  `group` = 'jg'  AND `name` = 'jg_topen' LIMIT 1 [ RunTime:0.000330s ]
[2022-08-11 02:00:52][sql] SELECT `value` FROM `ds_system_config` WHERE  `group` = 'jg'  AND `name` = 'jg_tmin' LIMIT 1 [ RunTime:0.000308s ]
[2022-08-11 02:00:52][sql] SELECT `value` FROM `ds_system_config` WHERE  `group` = 'jg'  AND `name` = 'jg_tmax' LIMIT 1 [ RunTime:0.000310s ]
[2022-08-11 02:00:52][sql] SELECT `value` FROM `ds_system_config` WHERE  `group` = 'jg'  AND `name` = 'jp_wopen' LIMIT 1 [ RunTime:0.000312s ]
[2022-08-11 02:00:52][sql] SELECT `value` FROM `ds_system_config` WHERE  `group` = 'jg'  AND `name` = 'jp_min' LIMIT 1 [ RunTime:0.000313s ]
[2022-08-11 02:00:52][sql] SELECT `value` FROM `ds_system_config` WHERE  `group` = 'jg'  AND `name` = 'jp_max' LIMIT 1 [ RunTime:0.000395s ]
[2022-08-11 02:00:52][sql] SELECT `value` FROM `ds_system_config` WHERE  `group` = 'jg'  AND `name` = 'jg_yopen' LIMIT 1 [ RunTime:0.000353s ]
[2022-08-11 02:00:52][sql] SELECT `value` FROM `ds_system_config` WHERE  `group` = 'jg'  AND `name` = 'jg_ymin' LIMIT 1 [ RunTime:0.000324s ]
[2022-08-11 02:00:52][sql] SELECT `value` FROM `ds_system_config` WHERE  `group` = 'jg'  AND `name` = 'jg_ymax' LIMIT 1 [ RunTime:0.000401s ]
[2022-08-11 10:57:48][sql] CONNECT:[ UseTime:0.000890s ] mysql:host=127.0.0.1;port=3306;dbname=websq;charset=utf8
[2022-08-11 10:57:48][sql] SHOW FULL COLUMNS FROM `ds_system_config` [ RunTime:0.001690s ]
[2022-08-11 10:57:48][sql] SELECT `value` FROM `ds_system_config` WHERE  `group` = 'site'  AND `name` = 'site_name' LIMIT 1 [ RunTime:0.000698s ]
[2022-08-11 10:58:01][sql] CONNECT:[ UseTime:0.000843s ] mysql:host=127.0.0.1;port=3306;dbname=websq;charset=utf8
[2022-08-11 10:58:01][sql] SHOW FULL COLUMNS FROM `ds_system_config` [ RunTime:0.001518s ]
[2022-08-11 10:58:01][sql] SELECT `value` FROM `ds_system_config` WHERE  `group` = 'site'  AND `name` = 'site_name' LIMIT 1 [ RunTime:0.000549s ]
[2022-08-11 10:58:10][sql] CONNECT:[ UseTime:0.000506s ] mysql:host=127.0.0.1;port=3306;dbname=websq;charset=utf8
[2022-08-11 10:58:10][sql] SHOW FULL COLUMNS FROM `ds_system_config` [ RunTime:0.001167s ]
[2022-08-11 10:58:10][sql] SELECT `value` FROM `ds_system_config` WHERE  `group` = 'site'  AND `name` = 'site_name' LIMIT 1 [ RunTime:0.000449s ]
[2022-08-11 10:58:10][sql] CONNECT:[ UseTime:0.000652s ] mysql:host=127.0.0.1;port=3306;dbname=websq;charset=utf8
[2022-08-11 10:58:10][sql] SHOW FULL COLUMNS FROM `ds_notify` [ RunTime:0.001466s ]
[2022-08-11 10:58:10][sql] SELECT * FROM `ds_notify` WHERE  `is_show` = 1 ORDER BY `create_time` DESC LIMIT 1 [ RunTime:0.000629s ]
[2022-08-11 10:58:10][sql] SHOW FULL COLUMNS FROM `ds_system_quick` [ RunTime:0.001233s ]
[2022-08-11 10:58:10][sql] SELECT `id`,`title`,`icon`,`href` FROM `ds_system_quick` WHERE (  `status` = 1 ) AND `ds_system_quick`.`delete_time` IS NULL ORDER BY `sort` DESC LIMIT 8 [ RunTime:0.000588s ]
[2022-08-11 10:58:10][sql] SHOW FULL COLUMNS FROM `ds_system_admin` [ RunTime:0.001480s ]
[2022-08-11 10:58:10][sql] SELECT * FROM `ds_system_admin` WHERE (  `id` = 1 ) AND `ds_system_admin`.`delete_time` IS NULL LIMIT 1 [ RunTime:0.000630s ]
[2022-08-11 10:58:10][sql] SELECT * FROM `ds_system_admin` WHERE (  `id` = 1 ) AND `ds_system_admin`.`delete_time` IS NULL LIMIT 1 [ RunTime:0.000503s ]
[2022-08-11 10:58:10][sql] SHOW FULL COLUMNS FROM `ds_outlay` [ RunTime:0.001250s ]
[2022-08-11 10:58:10][sql] SELECT SUM(`money`) AS think_sum FROM `ds_outlay` WHERE  `status` = 0 LIMIT 1 [ RunTime:0.000594s ]
[2022-08-11 10:58:10][sql] SHOW FULL COLUMNS FROM `ds_payed_show` [ RunTime:0.001261s ]
[2022-08-11 10:58:10][sql] SELECT COUNT(DISTINCT `ip`) AS think_count FROM `ds_payed_show` LIMIT 1 [ RunTime:0.063427s ]
[2022-08-11 10:58:10][sql] SHOW FULL COLUMNS FROM `ds_tj` [ RunTime:0.001356s ]
[2022-08-11 10:58:10][sql] SELECT COUNT(*) AS think_count FROM `ds_tj` WHERE  `create_time` BETWEEN 1660147200 AND 1660233599 LIMIT 1 [ RunTime:0.000642s ]
[2022-08-11 10:58:10][sql] SHOW FULL COLUMNS FROM `ds_pay_order` [ RunTime:0.001275s ]
[2022-08-11 10:58:10][sql] SELECT COUNT(*) AS think_count FROM `ds_pay_order` WHERE  `is_kouliang` = '1'  AND `status` = '1'  AND `is_tj` = 1 LIMIT 1 [ RunTime:0.000885s ]
[2022-08-11 10:58:10][sql] SELECT SUM(`price`) AS think_sum FROM `ds_pay_order` WHERE  `is_kouliang` = '1'  AND `status` = '1'  AND `is_tj` = 1 LIMIT 1 [ RunTime:0.000539s ]
[2022-08-11 10:58:10][sql] SELECT SUM(`price`) AS think_sum FROM `ds_pay_order` WHERE  `is_kouliang` = '1'  AND `status` = '1'  AND `is_tj` = 1  AND `createtime` BETWEEN 1660147200 AND 1660233599 LIMIT 1 [ RunTime:0.000588s ]
[2022-08-11 10:58:10][sql] SELECT COUNT(*) AS think_count FROM `ds_pay_order` WHERE  `is_kouliang` = '1'  AND `status` = '1'  AND `is_tj` = 1  AND `createtime` BETWEEN 1660147200 AND 1660233599 LIMIT 1 [ RunTime:0.000461s ]
[2022-08-11 10:58:10][sql] SELECT SUM(`price`) AS think_sum FROM `ds_pay_order` WHERE  `is_kouliang` = '1'  AND `status` = '1'  AND `is_tj` = 1  AND `createtime` BETWEEN 1660060800 AND 1660147199 LIMIT 1 [ RunTime:0.000508s ]
[2022-08-11 10:58:10][sql] SELECT COUNT(*) AS think_count FROM `ds_pay_order` WHERE  `is_kouliang` = '1'  AND `status` = '1'  AND `is_tj` = 1  AND `createtime` BETWEEN 1660060800 AND 1660147199 LIMIT 1 [ RunTime:0.000497s ]
[2022-08-11 10:58:10][sql] SELECT `id`,`createtime` FROM `ds_pay_order` WHERE  `status` = '2'  AND `createtime` BETWEEN 1659888000 AND 1660492799  AND `is_tj` = 1  AND `is_kouliang` = '1' [ RunTime:0.000631s ]
[2022-08-11 10:58:10][sql] SELECT `id`,`createtime` FROM `ds_pay_order` WHERE  `status` = '1'  AND `createtime` BETWEEN 1659888000 AND 1660492799  AND `is_tj` = 1  AND `is_kouliang` = '1' [ RunTime:0.000575s ]
[2022-08-11 10:58:10][sql] SHOW FULL COLUMNS FROM `ds_system_config` [ RunTime:0.001087s ]
[2022-08-11 10:58:10][sql] SELECT `value` FROM `ds_system_config` WHERE  `group` = 'site'  AND `name` = 'site_name' LIMIT 1 [ RunTime:0.000383s ]
[2022-08-11 10:58:16][sql] CONNECT:[ UseTime:0.000541s ] mysql:host=127.0.0.1;port=3306;dbname=websq;charset=utf8
[2022-08-11 10:58:16][sql] SHOW FULL COLUMNS FROM `ds_pay_setting` [ RunTime:0.001284s ]
[2022-08-11 10:58:16][sql] SELECT COUNT(*) AS think_count FROM `ds_pay_setting` LIMIT 1 [ RunTime:0.000441s ]
[2022-08-11 10:58:16][sql] SELECT * FROM `ds_pay_setting` ORDER BY `id` DESC LIMIT 0,15 [ RunTime:0.000385s ]
[2022-08-11 11:31:24][sql] CONNECT:[ UseTime:0.000832s ] mysql:host=127.0.0.1;port=3306;dbname=websq;charset=utf8
[2022-08-11 11:31:24][sql] SHOW FULL COLUMNS FROM `ds_system_config` [ RunTime:0.001562s ]
[2022-08-11 11:31:24][sql] SELECT `value` FROM `ds_system_config` WHERE  `group` = 'site'  AND `name` = 'site_name' LIMIT 1 [ RunTime:0.000588s ]
[2022-08-11 11:31:24][sql] SELECT `value` FROM `ds_system_config` WHERE  `group` = 'site'  AND `name` = 'site_bg' LIMIT 1 [ RunTime:0.000467s ]
[2022-08-11 11:31:24][sql] SELECT `value` FROM `ds_system_config` WHERE  `group` = 'site'  AND `name` = 'logo_image' LIMIT 1 [ RunTime:0.000352s ]
[2022-08-11 11:31:24][sql] SELECT `value` FROM `ds_system_config` WHERE  `group` = 'site'  AND `name` = 'site_wechat' LIMIT 1 [ RunTime:0.000371s ]
[2022-08-11 11:31:24][sql] SELECT `value` FROM `ds_system_config` WHERE  `group` = 'site'  AND `name` = 'site_qq' LIMIT 1 [ RunTime:0.000429s ]
[2022-08-11 11:31:24][sql] SELECT `value` FROM `ds_system_config` WHERE  `group` = 'site'  AND `name` = 'site_title' LIMIT 1 [ RunTime:0.000327s ]
[2022-08-11 11:31:24][sql] SELECT `value` FROM `ds_system_config` WHERE  `group` = 'site'  AND `name` = 'site_slogan' LIMIT 1 [ RunTime:0.000390s ]
[2022-08-11 11:31:24][sql] SELECT `value` FROM `ds_system_config` WHERE  `group` = 'site'  AND `name` = 'site_name' LIMIT 1 [ RunTime:0.000368s ]
[2022-08-11 11:31:24][sql] SELECT `value` FROM `ds_system_config` WHERE  `group` = 'site'  AND `name` = 'site_content' LIMIT 1 [ RunTime:0.000514s ]
[2022-08-11 11:31:27][sql] CONNECT:[ UseTime:0.000867s ] mysql:host=127.0.0.1;port=3306;dbname=websq;charset=utf8
[2022-08-11 11:31:27][sql] SHOW FULL COLUMNS FROM `ds_system_config` [ RunTime:0.001489s ]
[2022-08-11 11:31:27][sql] SELECT `value` FROM `ds_system_config` WHERE  `group` = 'site'  AND `name` = 'site_name' LIMIT 1 [ RunTime:0.000498s ]
[2022-08-11 11:31:27][sql] SELECT `value` FROM `ds_system_config` WHERE  `group` = 'site'  AND `name` = 'site_bg' LIMIT 1 [ RunTime:0.000388s ]
[2022-08-11 11:31:27][sql] SELECT `value` FROM `ds_system_config` WHERE  `group` = 'site'  AND `name` = 'logo_image' LIMIT 1 [ RunTime:0.000400s ]
[2022-08-11 11:31:27][sql] SELECT `value` FROM `ds_system_config` WHERE  `group` = 'site'  AND `name` = 'site_wechat' LIMIT 1 [ RunTime:0.000326s ]
[2022-08-11 11:31:27][sql] SELECT `value` FROM `ds_system_config` WHERE  `group` = 'site'  AND `name` = 'site_qq' LIMIT 1 [ RunTime:0.000309s ]
[2022-08-11 11:31:27][sql] SELECT `value` FROM `ds_system_config` WHERE  `group` = 'site'  AND `name` = 'site_title' LIMIT 1 [ RunTime:0.000352s ]
[2022-08-11 11:31:27][sql] SELECT `value` FROM `ds_system_config` WHERE  `group` = 'site'  AND `name` = 'site_slogan' LIMIT 1 [ RunTime:0.000331s ]
[2022-08-11 11:31:27][sql] SELECT `value` FROM `ds_system_config` WHERE  `group` = 'site'  AND `name` = 'site_name' LIMIT 1 [ RunTime:0.000395s ]
[2022-08-11 11:31:27][sql] SELECT `value` FROM `ds_system_config` WHERE  `group` = 'site'  AND `name` = 'site_content' LIMIT 1 [ RunTime:0.000404s ]
[2022-08-11 11:31:33][sql] CONNECT:[ UseTime:0.001463s ] mysql:host=127.0.0.1;port=3306;dbname=websq;charset=utf8
[2022-08-11 11:31:33][sql] show tables like 'ds_system_log_202208' [ RunTime:0.001144s ]
[2022-08-11 11:31:33][sql] SHOW FULL COLUMNS FROM `ds_system_log_202208` [ RunTime:0.001647s ]
[2022-08-11 11:31:33][sql] INSERT INTO `ds_system_log_202208` SET `admin_id` = NULL , `url` = '/admin/login/index.html' , `method` = 'post' , `ip` = '124.152.241.46' , `content` = '{"username":"admin","password":"5d9269e018f5129441746d4de9f47d398ed53d3f","captcha":"5134","keep_login":"0"}' , `useragent` = 'Mozilla/5.0 (Macintosh; Intel Mac OS X 10_15_7) AppleWebKit/537.36 (KHTML, like Gecko) Chrome/103.0.0.0 Safari/537.36' , `create_time` = 1660188693 [ RunTime:0.001404s ]
[2022-08-11 11:31:33][sql] SHOW FULL COLUMNS FROM `ds_system_admin` [ RunTime:0.002263s ]
[2022-08-11 11:31:33][sql] SELECT * FROM `ds_system_admin` WHERE (  `username` = 'admin' ) AND `ds_system_admin`.`delete_time` IS NULL LIMIT 1 [ RunTime:0.000957s ]
[2022-08-11 11:31:33][sql] UPDATE `ds_system_admin`  SET `login_num` = 813 , `update_time` = 1660188693  WHERE (  `id` = 1 ) AND `ds_system_admin`.`delete_time` IS NULL [ RunTime:0.000960s ]
[2022-08-11 11:31:33][sql] SELECT * FROM `ds_system_admin` WHERE (  `id` = 1 ) AND `ds_system_admin`.`delete_time` IS NULL LIMIT 1 [ RunTime:0.000580s ]
[2022-08-11 11:31:33][sql] SELECT * FROM `ds_system_admin` WHERE (  `id` = 1 ) AND `ds_system_admin`.`delete_time` IS NULL LIMIT 1 [ RunTime:0.000459s ]
[2022-08-11 11:31:36][sql] CONNECT:[ UseTime:0.000838s ] mysql:host=127.0.0.1;port=3306;dbname=websq;charset=utf8
[2022-08-11 11:31:36][sql] SHOW FULL COLUMNS FROM `ds_system_config` [ RunTime:0.001672s ]
[2022-08-11 11:31:36][sql] SELECT `value` FROM `ds_system_config` WHERE  `group` = 'site'  AND `name` = 'site_name' LIMIT 1 [ RunTime:0.000534s ]
[2022-08-11 11:31:37][sql] CONNECT:[ UseTime:0.000714s ] mysql:host=127.0.0.1;port=3306;dbname=websq;charset=utf8
[2022-08-11 11:31:37][sql] SHOW FULL COLUMNS FROM `ds_notify` [ RunTime:0.001664s ]
[2022-08-11 11:31:37][sql] SELECT * FROM `ds_notify` WHERE  `is_show` = 1 ORDER BY `create_time` DESC LIMIT 1 [ RunTime:0.000778s ]
[2022-08-11 11:31:37][sql] SHOW FULL COLUMNS FROM `ds_system_quick` [ RunTime:0.001228s ]
[2022-08-11 11:31:37][sql] SELECT `id`,`title`,`icon`,`href` FROM `ds_system_quick` WHERE (  `status` = 1 ) AND `ds_system_quick`.`delete_time` IS NULL ORDER BY `sort` DESC LIMIT 8 [ RunTime:0.000606s ]
[2022-08-11 11:31:37][sql] SHOW FULL COLUMNS FROM `ds_system_admin` [ RunTime:0.001685s ]
[2022-08-11 11:31:37][sql] SELECT * FROM `ds_system_admin` WHERE (  `id` = 1 ) AND `ds_system_admin`.`delete_time` IS NULL LIMIT 1 [ RunTime:0.000677s ]
[2022-08-11 11:31:37][sql] SELECT * FROM `ds_system_admin` WHERE (  `id` = 1 ) AND `ds_system_admin`.`delete_time` IS NULL LIMIT 1 [ RunTime:0.000575s ]
[2022-08-11 11:31:37][sql] SHOW FULL COLUMNS FROM `ds_outlay` [ RunTime:0.001082s ]
[2022-08-11 11:31:37][sql] SELECT SUM(`money`) AS think_sum FROM `ds_outlay` WHERE  `status` = 0 LIMIT 1 [ RunTime:0.000570s ]
[2022-08-11 11:31:37][sql] SHOW FULL COLUMNS FROM `ds_payed_show` [ RunTime:0.001214s ]
[2022-08-11 11:31:37][sql] SELECT COUNT(DISTINCT `ip`) AS think_count FROM `ds_payed_show` LIMIT 1 [ RunTime:0.060542s ]
[2022-08-11 11:31:37][sql] SHOW FULL COLUMNS FROM `ds_tj` [ RunTime:0.001339s ]
[2022-08-11 11:31:37][sql] SELECT COUNT(*) AS think_count FROM `ds_tj` WHERE  `create_time` BETWEEN 1660147200 AND 1660233599 LIMIT 1 [ RunTime:0.000555s ]
[2022-08-11 11:31:37][sql] SHOW FULL COLUMNS FROM `ds_pay_order` [ RunTime:0.001318s ]
[2022-08-11 11:31:37][sql] SELECT COUNT(*) AS think_count FROM `ds_pay_order` WHERE  `is_kouliang` = '1'  AND `status` = '1'  AND `is_tj` = 1 LIMIT 1 [ RunTime:0.001007s ]
[2022-08-11 11:31:37][sql] SELECT SUM(`price`) AS think_sum FROM `ds_pay_order` WHERE  `is_kouliang` = '1'  AND `status` = '1'  AND `is_tj` = 1 LIMIT 1 [ RunTime:0.000440s ]
[2022-08-11 11:31:37][sql] SELECT SUM(`price`) AS think_sum FROM `ds_pay_order` WHERE  `is_kouliang` = '1'  AND `status` = '1'  AND `is_tj` = 1  AND `createtime` BETWEEN 1660147200 AND 1660233599 LIMIT 1 [ RunTime:0.000508s ]
[2022-08-11 11:31:37][sql] SELECT COUNT(*) AS think_count FROM `ds_pay_order` WHERE  `is_kouliang` = '1'  AND `status` = '1'  AND `is_tj` = 1  AND `createtime` BETWEEN 1660147200 AND 1660233599 LIMIT 1 [ RunTime:0.000512s ]
[2022-08-11 11:31:37][sql] SELECT SUM(`price`) AS think_sum FROM `ds_pay_order` WHERE  `is_kouliang` = '1'  AND `status` = '1'  AND `is_tj` = 1  AND `createtime` BETWEEN 1660060800 AND 1660147199 LIMIT 1 [ RunTime:0.000498s ]
[2022-08-11 11:31:37][sql] SELECT COUNT(*) AS think_count FROM `ds_pay_order` WHERE  `is_kouliang` = '1'  AND `status` = '1'  AND `is_tj` = 1  AND `createtime` BETWEEN 1660060800 AND 1660147199 LIMIT 1 [ RunTime:0.000522s ]
[2022-08-11 11:31:37][sql] SELECT `id`,`createtime` FROM `ds_pay_order` WHERE  `status` = '2'  AND `createtime` BETWEEN 1659888000 AND 1660492799  AND `is_tj` = 1  AND `is_kouliang` = '1' [ RunTime:0.000668s ]
[2022-08-11 11:31:37][sql] SELECT `id`,`createtime` FROM `ds_pay_order` WHERE  `status` = '1'  AND `createtime` BETWEEN 1659888000 AND 1660492799  AND `is_tj` = 1  AND `is_kouliang` = '1' [ RunTime:0.000537s ]
[2022-08-11 11:31:37][sql] SHOW FULL COLUMNS FROM `ds_system_config` [ RunTime:0.001199s ]
[2022-08-11 11:31:37][sql] SELECT `value` FROM `ds_system_config` WHERE  `group` = 'site'  AND `name` = 'site_name' LIMIT 1 [ RunTime:0.000426s ]
[2022-08-11 11:31:43][sql] CONNECT:[ UseTime:0.000858s ] mysql:host=127.0.0.1;port=3306;dbname=websq;charset=utf8
[2022-08-11 11:31:43][sql] SHOW FULL COLUMNS FROM `ds_pay_setting` [ RunTime:0.001591s ]
[2022-08-11 11:31:43][sql] SELECT * FROM `ds_pay_setting` [ RunTime:0.000495s ]
[2022-08-11 11:31:43][sql] SHOW FULL COLUMNS FROM `ds_system_config` [ RunTime:0.001128s ]
[2022-08-11 11:31:43][sql] SELECT * FROM `ds_system_config` [ RunTime:0.000667s ]
[2022-08-11 11:31:43][sql] SELECT `value` FROM `ds_system_config` WHERE  `group` = 'site'  AND `name` = 'site_name' LIMIT 1 [ RunTime:0.000680s ]
[2022-08-11 11:31:43][sql] SELECT `value` FROM `ds_system_config` WHERE  `group` = 'site'  AND `name` = 'site_order' LIMIT 1 [ RunTime:0.000434s ]
[2022-08-11 11:31:43][sql] SELECT `value` FROM `ds_system_config` WHERE  `group` = 'site'  AND `name` = 'site_name' LIMIT 1 [ RunTime:0.000366s ]
[2022-08-11 11:31:43][sql] SELECT `value` FROM `ds_system_config` WHERE  `group` = 'site'  AND `name` = 'site_title' LIMIT 1 [ RunTime:0.000464s ]
[2022-08-11 11:31:43][sql] SELECT `value` FROM `ds_system_config` WHERE  `group` = 'site'  AND `name` = 'site_slogan' LIMIT 1 [ RunTime:0.000305s ]
[2022-08-11 11:31:43][sql] SELECT `value` FROM `ds_system_config` WHERE  `group` = 'site'  AND `name` = 'site_content' LIMIT 1 [ RunTime:0.000311s ]
[2022-08-11 11:31:43][sql] SELECT `value` FROM `ds_system_config` WHERE  `group` = 'site'  AND `name` = 'logo_image' LIMIT 1 [ RunTime:0.000299s ]
[2022-08-11 11:31:43][sql] SELECT `value` FROM `ds_system_config` WHERE  `group` = 'site'  AND `name` = 'site_bg' LIMIT 1 [ RunTime:0.000364s ]
[2022-08-11 11:31:43][sql] SELECT `value` FROM `ds_system_config` WHERE  `group` = 'site'  AND `name` = 'site_beian' LIMIT 1 [ RunTime:0.000345s ]
[2022-08-11 11:31:43][sql] SELECT `value` FROM `ds_system_config` WHERE  `group` = 'site'  AND `name` = 'site_domain' LIMIT 1 [ RunTime:0.000349s ]
[2022-08-11 11:31:43][sql] SELECT `value` FROM `ds_system_config` WHERE  `group` = 'site'  AND `name` = 'site_pay' LIMIT 1 [ RunTime:0.000339s ]
[2022-08-11 11:31:43][sql] SELECT `value` FROM `ds_system_config` WHERE  `group` = 'site'  AND `name` = 'site_payback' LIMIT 1 [ RunTime:0.000327s ]
[2022-08-11 11:31:43][sql] SELECT `value` FROM `ds_system_config` WHERE  `group` = 'site'  AND `name` = 'site_urlapi' LIMIT 1 [ RunTime:0.000439s ]
[2022-08-11 11:31:43][sql] SELECT `value` FROM `ds_system_config` WHERE  `group` = 'site'  AND `name` = 'site_cdn' LIMIT 1 [ RunTime:0.000453s ]
[2022-08-11 11:31:43][sql] SELECT `value` FROM `ds_system_config` WHERE  `group` = 'site'  AND `name` = 'site_qq' LIMIT 1 [ RunTime:0.000353s ]
[2022-08-11 11:31:43][sql] SELECT `value` FROM `ds_system_config` WHERE  `group` = 'site'  AND `name` = 'site_wechat' LIMIT 1 [ RunTime:0.000341s ]
[2022-08-11 11:31:43][sql] SELECT `value` FROM `ds_system_config` WHERE  `group` = 'ff'  AND `name` = 'ff_close' LIMIT 1 [ RunTime:0.000472s ]
[2022-08-11 11:31:43][sql] SELECT `value` FROM `ds_system_config` WHERE  `group` = 'ff'  AND `name` = 'ff_close' LIMIT 1 [ RunTime:0.000367s ]
[2022-08-11 11:31:43][sql] SELECT `value` FROM `ds_system_config` WHERE  `group` = 'ff'  AND `name` = 'ff_close' LIMIT 1 [ RunTime:0.000378s ]
[2022-08-11 11:31:43][sql] SELECT `value` FROM `ds_system_config` WHERE  `group` = 'ff'  AND `name` = 'ff_fix' LIMIT 1 [ RunTime:0.000366s ]
[2022-08-11 11:31:43][sql] SELECT `value` FROM `ds_system_config` WHERE  `group` = 'ff'  AND `name` = 'ff_fix' LIMIT 1 [ RunTime:0.000351s ]
[2022-08-11 11:31:43][sql] SELECT `value` FROM `ds_system_config` WHERE  `group` = 'ff'  AND `name` = 'ff_fix' LIMIT 1 [ RunTime:0.000315s ]
[2022-08-11 11:31:43][sql] SELECT `value` FROM `ds_system_config` WHERE  `group` = 'ff'  AND `name` = 'ff_pc' LIMIT 1 [ RunTime:0.000361s ]
[2022-08-11 11:31:43][sql] SELECT `value` FROM `ds_system_config` WHERE  `group` = 'ff'  AND `name` = 'ff_pc' LIMIT 1 [ RunTime:0.000333s ]
[2022-08-11 11:31:43][sql] SELECT `value` FROM `ds_system_config` WHERE  `group` = 'ff'  AND `name` = 'ff_pc' LIMIT 1 [ RunTime:0.000305s ]
[2022-08-11 11:31:43][sql] SELECT `value` FROM `ds_system_config` WHERE  `group` = 'ff'  AND `name` = 'ff_url' LIMIT 1 [ RunTime:0.000432s ]
[2022-08-11 11:31:43][sql] SELECT `value` FROM `ds_system_config` WHERE  `group` = 'ff'  AND `name` = 'ff_short' LIMIT 1 [ RunTime:0.000329s ]
[2022-08-11 11:31:43][sql] SELECT `value` FROM `ds_system_config` WHERE  `group` = 'ff'  AND `name` = 'ff_short' LIMIT 1 [ RunTime:0.000329s ]
[2022-08-11 11:31:43][sql] SELECT `value` FROM `ds_system_config` WHERE  `group` = 'ff'  AND `name` = 'ff_short' LIMIT 1 [ RunTime:0.000306s ]
[2022-08-11 11:31:43][sql] SELECT `value` FROM `ds_system_config` WHERE  `group` = 'ff'  AND `name` = 'ff_short' LIMIT 1 [ RunTime:0.000327s ]
[2022-08-11 11:31:43][sql] SELECT `value` FROM `ds_system_config` WHERE  `group` = 'ff'  AND `name` = 'ff_short' LIMIT 1 [ RunTime:0.000331s ]
[2022-08-11 11:31:43][sql] SELECT `value` FROM `ds_system_config` WHERE  `group` = 'ff'  AND `name` = 'ff_short' LIMIT 1 [ RunTime:0.000299s ]
[2022-08-11 11:31:43][sql] SELECT `value` FROM `ds_system_config` WHERE  `group` = 'ff'  AND `name` = 'ff_short' LIMIT 1 [ RunTime:0.000292s ]
[2022-08-11 11:31:43][sql] SELECT `value` FROM `ds_system_config` WHERE  `group` = 'ff'  AND `name` = 'ff_short' LIMIT 1 [ RunTime:0.000420s ]
[2022-08-11 11:31:43][sql] SELECT `value` FROM `ds_system_config` WHERE  `group` = 'ff'  AND `name` = 'ff_short' LIMIT 1 [ RunTime:0.000327s ]
[2022-08-11 11:31:43][sql] SELECT `value` FROM `ds_system_config` WHERE  `group` = 'jp'  AND `name` = 'fb_min_money' LIMIT 1 [ RunTime:0.000405s ]
[2022-08-11 11:31:43][sql] SELECT `value` FROM `ds_system_config` WHERE  `group` = 'jp'  AND `name` = 'fb_max_money' LIMIT 1 [ RunTime:0.000364s ]
[2022-08-11 11:31:43][sql] SELECT `value` FROM `ds_system_config` WHERE  `group` = 'jg'  AND `name` = 'jg_mrfx' LIMIT 1 [ RunTime:0.000368s ]
[2022-08-11 11:31:43][sql] SELECT `value` FROM `ds_system_config` WHERE  `group` = 'jg'  AND `name` = 'jg_mrfy' LIMIT 1 [ RunTime:0.000389s ]
[2022-08-11 11:31:43][sql] SELECT `value` FROM `ds_system_config` WHERE  `group` = 'jg'  AND `name` = 'jg_yqm' LIMIT 1 [ RunTime:0.000342s ]
[2022-08-11 11:31:43][sql] SELECT `value` FROM `ds_system_config` WHERE  `group` = 'jg'  AND `name` = 'jg_ym' LIMIT 1 [ RunTime:0.000345s ]
[2022-08-11 11:31:43][sql] SELECT `value` FROM `ds_system_config` WHERE  `group` = 'jg'  AND `name` = 'jg_dbzd' LIMIT 1 [ RunTime:0.000329s ]
[2022-08-11 11:31:43][sql] SELECT `value` FROM `ds_system_config` WHERE  `group` = 'jg'  AND `name` = 'jg_dbzg' LIMIT 1 [ RunTime:0.000350s ]
[2022-08-11 11:31:43][sql] SELECT `value` FROM `ds_system_config` WHERE  `group` = 'jg'  AND `name` = 'jg_dtzg' LIMIT 1 [ RunTime:0.000329s ]
[2022-08-11 11:31:43][sql] SELECT `value` FROM `ds_system_config` WHERE  `group` = 'jg'  AND `name` = 'jg_topen' LIMIT 1 [ RunTime:0.000329s ]
[2022-08-11 11:31:43][sql] SELECT `value` FROM `ds_system_config` WHERE  `group` = 'jg'  AND `name` = 'jg_topen' LIMIT 1 [ RunTime:0.000305s ]
[2022-08-11 11:31:43][sql] SELECT `value` FROM `ds_system_config` WHERE  `group` = 'jg'  AND `name` = 'jg_tmin' LIMIT 1 [ RunTime:0.000333s ]
[2022-08-11 11:31:43][sql] SELECT `value` FROM `ds_system_config` WHERE  `group` = 'jg'  AND `name` = 'jg_tmax' LIMIT 1 [ RunTime:0.000353s ]
[2022-08-11 11:31:43][sql] SELECT `value` FROM `ds_system_config` WHERE  `group` = 'jg'  AND `name` = 'jp_wopen' LIMIT 1 [ RunTime:0.000363s ]
[2022-08-11 11:31:43][sql] SELECT `value` FROM `ds_system_config` WHERE  `group` = 'jg'  AND `name` = 'jp_wopen' LIMIT 1 [ RunTime:0.000348s ]
[2022-08-11 11:31:43][sql] SELECT `value` FROM `ds_system_config` WHERE  `group` = 'jg'  AND `name` = 'jp_min' LIMIT 1 [ RunTime:0.000323s ]
[2022-08-11 11:31:43][sql] SELECT `value` FROM `ds_system_config` WHERE  `group` = 'jg'  AND `name` = 'jp_max' LIMIT 1 [ RunTime:0.000282s ]
[2022-08-11 11:31:43][sql] SELECT `value` FROM `ds_system_config` WHERE  `group` = 'jg'  AND `name` = 'jg_yopen' LIMIT 1 [ RunTime:0.000355s ]
[2022-08-11 11:31:43][sql] SELECT `value` FROM `ds_system_config` WHERE  `group` = 'jg'  AND `name` = 'jg_yopen' LIMIT 1 [ RunTime:0.000299s ]
[2022-08-11 11:31:43][sql] SELECT `value` FROM `ds_system_config` WHERE  `group` = 'jg'  AND `name` = 'jg_ymin' LIMIT 1 [ RunTime:0.000353s ]
[2022-08-11 11:31:43][sql] SELECT `value` FROM `ds_system_config` WHERE  `group` = 'jg'  AND `name` = 'jg_ymax' LIMIT 1 [ RunTime:0.000328s ]
[2022-08-11 11:31:43][sql] SELECT `value` FROM `ds_system_config` WHERE  `group` = 'ac'  AND `name` = 'ac_number' LIMIT 1 [ RunTime:0.000336s ]
[2022-08-11 11:31:43][sql] SELECT `value` FROM `ds_system_config` WHERE  `group` = 'ac'  AND `name` = 'ac_init_number' LIMIT 1 [ RunTime:0.000392s ]
[2022-08-11 11:31:43][sql] SELECT `value` FROM `ds_system_config` WHERE  `group` = 'short_video'  AND `name` = 'q_t' LIMIT 1 [ RunTime:0.000405s ]
[2022-08-11 11:31:43][sql] SELECT `value` FROM `ds_system_config` WHERE  `group` = 'short_video'  AND `name` = 'q_r' LIMIT 1 [ RunTime:0.000348s ]
[2022-08-11 11:31:43][sql] SELECT `value` FROM `ds_system_config` WHERE  `group` = 'short_video'  AND `name` = 'q_x' LIMIT 1 [ RunTime:0.000393s ]
[2022-08-11 11:31:43][sql] SELECT `value` FROM `ds_system_config` WHERE  `group` = 'short_video'  AND `name` = 'q_l' LIMIT 1 [ RunTime:0.000380s ]
[2022-08-11 11:31:43][sql] SELECT `value` FROM `ds_system_config` WHERE  `group` = 'short_video'  AND `name` = 'l_t' LIMIT 1 [ RunTime:0.000292s ]
[2022-08-11 11:31:43][sql] SELECT `value` FROM `ds_system_config` WHERE  `group` = 'short_video'  AND `name` = 'l_r' LIMIT 1 [ RunTime:0.000413s ]
[2022-08-11 11:31:43][sql] SELECT `value` FROM `ds_system_config` WHERE  `group` = 'short_video'  AND `name` = 'l_x' LIMIT 1 [ RunTime:0.000345s ]
[2022-08-11 11:31:43][sql] SELECT `value` FROM `ds_system_config` WHERE  `group` = 'short_video'  AND `name` = 'l_l' LIMIT 1 [ RunTime:0.000326s ]
[2022-08-11 11:31:43][sql] SELECT `value` FROM `ds_system_config` WHERE  `group` = 'wx'  AND `name` = 'wx_appid' LIMIT 1 [ RunTime:0.000371s ]
[2022-08-11 11:31:43][sql] SELECT `value` FROM `ds_system_config` WHERE  `group` = 'wx'  AND `name` = 'wx_secret' LIMIT 1 [ RunTime:0.000390s ]
[2022-08-11 11:31:43][sql] SELECT `value` FROM `ds_system_config` WHERE  `group` = 'wx'  AND `name` = 'wx_token' LIMIT 1 [ RunTime:0.000407s ]
[2022-08-11 11:31:43][sql] SELECT `value` FROM `ds_system_config` WHERE  `group` = 'wx'  AND `name` = 'wx_aeskey' LIMIT 1 [ RunTime:0.000377s ]
[2022-08-11 11:31:43][sql] SELECT `value` FROM `ds_system_config` WHERE  `group` = 'wx'  AND `name` = 'wx_url' LIMIT 1 [ RunTime:0.000447s ]
[2022-08-11 11:31:43][sql] SELECT `value` FROM `ds_system_config` WHERE  `group` = 'wx'  AND `name` = 'wx_ffapi' LIMIT 1 [ RunTime:0.000372s ]
[2022-08-11 11:31:43][sql] SELECT `value` FROM `ds_system_config` WHERE  `group` = 'wx'  AND `name` = 'wx_fk' LIMIT 1 [ RunTime:0.000431s ]
[2022-08-11 11:31:43][sql] SELECT `value` FROM `ds_system_config` WHERE  `group` = 'pay'  AND `name` = 'pay_zhifu' LIMIT 1 [ RunTime:0.000409s ]
[2022-08-11 11:31:43][sql] SELECT `value` FROM `ds_system_config` WHERE  `group` = 'pay'  AND `name` = 'pay_zhifu' LIMIT 1 [ RunTime:0.000375s ]
[2022-08-11 11:31:43][sql] SELECT `value` FROM `ds_system_config` WHERE  `group` = 'pay'  AND `name` = 'pay_zhifu1' LIMIT 1 [ RunTime:0.000438s ]
[2022-08-11 11:31:43][sql] SELECT `value` FROM `ds_system_config` WHERE  `group` = 'pay'  AND `name` = 'pay_zhifu1' LIMIT 1 [ RunTime:0.000429s ]
[2022-08-11 11:31:43][sql] SELECT `value` FROM `ds_system_config` WHERE  `group` = 'pay'  AND `name` = 'pay_type' LIMIT 1 [ RunTime:0.000375s ]
[2022-08-11 11:31:43][sql] SELECT `value` FROM `ds_system_config` WHERE  `group` = 'pay'  AND `name` = 'pay_type' LIMIT 1 [ RunTime:0.000364s ]
[2022-08-11 11:31:43][sql] SELECT `value` FROM `ds_system_config` WHERE  `group` = 'short'  AND `name` = 'm_token' LIMIT 1 [ RunTime:0.000392s ]
[2022-08-11 11:31:43][sql] SELECT `value` FROM `ds_system_config` WHERE  `group` = 'short'  AND `name` = 'sina' LIMIT 1 [ RunTime:0.000391s ]
[2022-08-11 11:31:43][sql] SELECT `value` FROM `ds_system_config` WHERE  `group` = 'upload'  AND `name` = 'upload_type' LIMIT 1 [ RunTime:0.000390s ]
[2022-08-11 11:31:43][sql] SELECT `value` FROM `ds_system_config` WHERE  `group` = 'upload'  AND `name` = 'upload_type' LIMIT 1 [ RunTime:0.000486s ]
[2022-08-11 11:31:43][sql] SELECT `value` FROM `ds_system_config` WHERE  `group` = 'upload'  AND `name` = 'upload_type' LIMIT 1 [ RunTime:0.000400s ]
[2022-08-11 11:31:43][sql] SELECT `value` FROM `ds_system_config` WHERE  `group` = 'upload'  AND `name` = 'upload_type' LIMIT 1 [ RunTime:0.000387s ]
[2022-08-11 11:31:43][sql] SELECT `value` FROM `ds_system_config` WHERE  `group` = 'upload'  AND `name` = 'upload_allow_ext' LIMIT 1 [ RunTime:0.000357s ]
[2022-08-11 11:31:43][sql] SELECT `value` FROM `ds_system_config` WHERE  `group` = 'upload'  AND `name` = 'upload_allow_size' LIMIT 1 [ RunTime:0.000357s ]
[2022-08-11 11:31:43][sql] SELECT `value` FROM `ds_system_config` WHERE  `group` = 'upload'  AND `name` = 'alioss_access_key_id' LIMIT 1 [ RunTime:0.000389s ]
[2022-08-11 11:31:43][sql] SELECT `value` FROM `ds_system_config` WHERE  `group` = 'upload'  AND `name` = 'alioss_access_key_secret' LIMIT 1 [ RunTime:0.000340s ]
[2022-08-11 11:31:43][sql] SELECT `value` FROM `ds_system_config` WHERE  `group` = 'upload'  AND `name` = 'alioss_endpoint' LIMIT 1 [ RunTime:0.000365s ]
[2022-08-11 11:31:43][sql] SELECT `value` FROM `ds_system_config` WHERE  `group` = 'upload'  AND `name` = 'alioss_bucket' LIMIT 1 [ RunTime:0.000314s ]
[2022-08-11 11:31:43][sql] SELECT `value` FROM `ds_system_config` WHERE  `group` = 'upload'  AND `name` = 'alioss_domain' LIMIT 1 [ RunTime:0.000335s ]
[2022-08-11 11:31:43][sql] SELECT `value` FROM `ds_system_config` WHERE  `group` = 'upload'  AND `name` = 'txcos_secret_id' LIMIT 1 [ RunTime:0.000327s ]
[2022-08-11 11:31:43][sql] SELECT `value` FROM `ds_system_config` WHERE  `group` = 'upload'  AND `name` = 'txcos_secret_key' LIMIT 1 [ RunTime:0.000379s ]
[2022-08-11 11:31:43][sql] SELECT `value` FROM `ds_system_config` WHERE  `group` = 'upload'  AND `name` = 'txcos_region' LIMIT 1 [ RunTime:0.000309s ]
[2022-08-11 11:31:43][sql] SELECT `value` FROM `ds_system_config` WHERE  `group` = 'upload'  AND `name` = 'tecos_bucket' LIMIT 1 [ RunTime:0.000445s ]
[2022-08-11 11:31:43][sql] SELECT `value` FROM `ds_system_config` WHERE  `group` = 'upload'  AND `name` = 'qnoss_access_key' LIMIT 1 [ RunTime:0.000349s ]
[2022-08-11 11:31:43][sql] SELECT `value` FROM `ds_system_config` WHERE  `group` = 'upload'  AND `name` = 'qnoss_secret_key' LIMIT 1 [ RunTime:0.000342s ]
[2022-08-11 11:31:43][sql] SELECT `value` FROM `ds_system_config` WHERE  `group` = 'upload'  AND `name` = 'qnoss_bucket' LIMIT 1 [ RunTime:0.000356s ]
[2022-08-11 11:31:43][sql] SELECT `value` FROM `ds_system_config` WHERE  `group` = 'upload'  AND `name` = 'qnoss_domain' LIMIT 1 [ RunTime:0.000430s ]
[2022-08-11 11:31:43][sql] SELECT `value` FROM `ds_system_config` WHERE  `group` = 'upload'  AND `name` = 'upload_type' LIMIT 1 [ RunTime:0.000335s ]
[2022-08-11 11:31:50][sql] CONNECT:[ UseTime:0.001643s ] mysql:host=127.0.0.1;port=3306;dbname=websq;charset=utf8
[2022-08-11 11:31:50][sql] show tables like 'ds_system_log_202208' [ RunTime:0.001373s ]
[2022-08-11 11:31:50][sql] SHOW FULL COLUMNS FROM `ds_system_log_202208` [ RunTime:0.002154s ]
[2022-08-11 11:31:50][sql] INSERT INTO `ds_system_log_202208` SET `admin_id` = 1 , `url` = '/admin/system.config/save' , `method` = 'post' , `ip` = '124.152.241.46' , `content` = '{"ff_close":"0","ff_fix":"0","ff_pc":"0","ff_url":"http:\/\/mp.weixinbridge.com\/mp\/wapredirect?url=","ff_short":"self"}' , `useragent` = 'Mozilla/5.0 (Macintosh; Intel Mac OS X 10_15_7) AppleWebKit/537.36 (KHTML, like Gecko) Chrome/103.0.0.0 Safari/537.36' , `create_time` = 1660188710 [ RunTime:0.001487s ]
[2022-08-11 11:31:50][sql] SHOW FULL COLUMNS FROM `ds_system_admin` [ RunTime:0.001814s ]
[2022-08-11 11:31:50][sql] UPDATE `ds_system_admin`  SET `is_ff` = 0  WHERE (  (  1 = 1 ) ) AND `ds_system_admin`.`delete_time` IS NULL [ RunTime:0.002509s ]
[2022-08-11 11:31:50][sql] SHOW FULL COLUMNS FROM `ds_system_config` [ RunTime:0.001167s ]
[2022-08-11 11:31:50][sql] UPDATE `ds_system_config`  SET `value` = '0'  WHERE  `name` = 'ff_close' [ RunTime:0.001910s ]
[2022-08-11 11:31:50][sql] UPDATE `ds_system_config`  SET `value` = '0'  WHERE  `name` = 'ff_fix' [ RunTime:0.001834s ]
[2022-08-11 11:31:50][sql] UPDATE `ds_system_config`  SET `value` = '0'  WHERE  `name` = 'ff_pc' [ RunTime:0.001979s ]
[2022-08-11 11:31:50][sql] UPDATE `ds_system_config`  SET `value` = 'http://mp.weixinbridge.com/mp/wapredirect?url='  WHERE  `name` = 'ff_url' [ RunTime:0.001667s ]
[2022-08-11 11:31:50][sql] UPDATE `ds_system_admin`  SET `short` = 'self'  WHERE (  (  1 = 1 ) ) AND `ds_system_admin`.`delete_time` IS NULL [ RunTime:0.002216s ]
[2022-08-11 11:31:50][sql] UPDATE `ds_system_config`  SET `value` = 'self'  WHERE  `name` = 'ff_short' [ RunTime:0.001834s ]
