[2024-04-28 00:17:42][sql] CONNECT:[ UseTime:0.004002s ] mysql:host=127.0.0.1;port=3306;dbname=xinuocs_test;charset=utf8
[2024-04-28 00:17:42][sql] SHOW FULL COLUMNS FROM `ds_system_config` [ RunTime:0.002587s ]
[2024-04-28 00:17:42][sql] SELECT `value` FROM `ds_system_config` WHERE  `group` = 'site'  AND `name` = 'site_name' LIMIT 1 [ RunTime:0.000312s ]
[2024-04-28 00:17:42][sql] SELECT `value` FROM `ds_system_config` WHERE  `group` = 'site'  AND `name` = 'site_bg' LIMIT 1 [ RunTime:0.000241s ]
[2024-04-28 00:17:42][sql] SELECT `value` FROM `ds_system_config` WHERE  `group` = 'site'  AND `name` = 'logo_image' LIMIT 1 [ RunTime:0.000227s ]
[2024-04-28 00:17:42][sql] SELECT `value` FROM `ds_system_config` WHERE  `group` = 'site'  AND `name` = 'site_wechat' LIMIT 1 [ RunTime:0.000205s ]
[2024-04-28 00:17:42][sql] SELECT `value` FROM `ds_system_config` WHERE  `group` = 'site'  AND `name` = 'site_qq' LIMIT 1 [ RunTime:0.000205s ]
[2024-04-28 00:17:42][sql] SELECT `value` FROM `ds_system_config` WHERE  `group` = 'site'  AND `name` = 'site_title' LIMIT 1 [ RunTime:0.000209s ]
[2024-04-28 00:17:42][sql] SELECT `value` FROM `ds_system_config` WHERE  `group` = 'site'  AND `name` = 'site_slogan' LIMIT 1 [ RunTime:0.000216s ]
[2024-04-28 00:17:42][sql] SELECT `value` FROM `ds_system_config` WHERE  `group` = 'site'  AND `name` = 'site_name' LIMIT 1 [ RunTime:0.000235s ]
[2024-04-28 00:17:42][sql] SELECT `value` FROM `ds_system_config` WHERE  `group` = 'site'  AND `name` = 'site_content' LIMIT 1 [ RunTime:0.001281s ]
[2024-04-28 00:25:03][sql] CONNECT:[ UseTime:0.000414s ] mysql:host=127.0.0.1;port=3306;dbname=xinuocs_test;charset=utf8
[2024-04-28 00:25:03][sql] SHOW FULL COLUMNS FROM `ds_system_config` [ RunTime:0.001494s ]
[2024-04-28 00:25:03][sql] SELECT `value` FROM `ds_system_config` WHERE  `group` = 'site'  AND `name` = 'site_name' LIMIT 1 [ RunTime:0.000285s ]
[2024-04-28 00:25:03][sql] SELECT `value` FROM `ds_system_config` WHERE  `group` = 'site'  AND `name` = 'site_bg' LIMIT 1 [ RunTime:0.000217s ]
[2024-04-28 00:25:03][sql] SELECT `value` FROM `ds_system_config` WHERE  `group` = 'site'  AND `name` = 'logo_image' LIMIT 1 [ RunTime:0.000213s ]
[2024-04-28 00:25:03][sql] SELECT `value` FROM `ds_system_config` WHERE  `group` = 'site'  AND `name` = 'site_wechat' LIMIT 1 [ RunTime:0.000205s ]
[2024-04-28 00:25:03][sql] SELECT `value` FROM `ds_system_config` WHERE  `group` = 'site'  AND `name` = 'site_qq' LIMIT 1 [ RunTime:0.000212s ]
[2024-04-28 00:25:03][sql] SELECT `value` FROM `ds_system_config` WHERE  `group` = 'site'  AND `name` = 'site_title' LIMIT 1 [ RunTime:0.000214s ]
[2024-04-28 00:25:03][sql] SELECT `value` FROM `ds_system_config` WHERE  `group` = 'site'  AND `name` = 'site_slogan' LIMIT 1 [ RunTime:0.000201s ]
[2024-04-28 00:25:03][sql] SELECT `value` FROM `ds_system_config` WHERE  `group` = 'site'  AND `name` = 'site_name' LIMIT 1 [ RunTime:0.009103s ]
[2024-04-28 00:25:03][sql] SELECT `value` FROM `ds_system_config` WHERE  `group` = 'site'  AND `name` = 'site_content' LIMIT 1 [ RunTime:0.000285s ]
[2024-04-28 00:36:11][sql] CONNECT:[ UseTime:0.000366s ] mysql:host=127.0.0.1;port=3306;dbname=xinuocs_test;charset=utf8
[2024-04-28 00:36:11][sql] SHOW FULL COLUMNS FROM `ds_system_config` [ RunTime:0.001461s ]
[2024-04-28 00:36:11][sql] SELECT `value` FROM `ds_system_config` WHERE  `group` = 'site'  AND `name` = 'site_name' LIMIT 1 [ RunTime:0.000296s ]
[2024-04-28 00:36:11][sql] SELECT `value` FROM `ds_system_config` WHERE  `group` = 'site'  AND `name` = 'site_bg' LIMIT 1 [ RunTime:0.000241s ]
[2024-04-28 00:36:11][sql] SELECT `value` FROM `ds_system_config` WHERE  `group` = 'site'  AND `name` = 'logo_image' LIMIT 1 [ RunTime:0.000224s ]
[2024-04-28 00:36:11][sql] SELECT `value` FROM `ds_system_config` WHERE  `group` = 'site'  AND `name` = 'site_wechat' LIMIT 1 [ RunTime:0.000205s ]
[2024-04-28 00:36:11][sql] SELECT `value` FROM `ds_system_config` WHERE  `group` = 'site'  AND `name` = 'site_qq' LIMIT 1 [ RunTime:0.000207s ]
[2024-04-28 00:36:11][sql] SELECT `value` FROM `ds_system_config` WHERE  `group` = 'site'  AND `name` = 'site_title' LIMIT 1 [ RunTime:0.000205s ]
[2024-04-28 00:36:11][sql] SELECT `value` FROM `ds_system_config` WHERE  `group` = 'site'  AND `name` = 'site_slogan' LIMIT 1 [ RunTime:0.000219s ]
[2024-04-28 00:36:11][sql] SELECT `value` FROM `ds_system_config` WHERE  `group` = 'site'  AND `name` = 'site_name' LIMIT 1 [ RunTime:0.000236s ]
[2024-04-28 00:36:11][sql] SELECT `value` FROM `ds_system_config` WHERE  `group` = 'site'  AND `name` = 'site_content' LIMIT 1 [ RunTime:0.000222s ]
[2024-04-28 00:39:03][sql] CONNECT:[ UseTime:0.006038s ] mysql:host=127.0.0.1;port=3306;dbname=xinuocs_test;charset=utf8
[2024-04-28 00:39:03][sql] SHOW FULL COLUMNS FROM `ds_system_config` [ RunTime:0.002079s ]
[2024-04-28 00:39:03][sql] SELECT `value` FROM `ds_system_config` WHERE  `group` = 'site'  AND `name` = 'site_name' LIMIT 1 [ RunTime:0.000875s ]
[2024-04-28 00:39:03][sql] SELECT `value` FROM `ds_system_config` WHERE  `group` = 'site'  AND `name` = 'site_bg' LIMIT 1 [ RunTime:0.000270s ]
[2024-04-28 00:39:03][sql] SELECT `value` FROM `ds_system_config` WHERE  `group` = 'site'  AND `name` = 'logo_image' LIMIT 1 [ RunTime:0.000249s ]
[2024-04-28 00:39:03][sql] SELECT `value` FROM `ds_system_config` WHERE  `group` = 'site'  AND `name` = 'site_wechat' LIMIT 1 [ RunTime:0.000224s ]
[2024-04-28 00:39:03][sql] SELECT `value` FROM `ds_system_config` WHERE  `group` = 'site'  AND `name` = 'site_qq' LIMIT 1 [ RunTime:0.000207s ]
[2024-04-28 00:39:03][sql] SELECT `value` FROM `ds_system_config` WHERE  `group` = 'site'  AND `name` = 'site_title' LIMIT 1 [ RunTime:0.000768s ]
[2024-04-28 00:39:03][sql] SELECT `value` FROM `ds_system_config` WHERE  `group` = 'site'  AND `name` = 'site_slogan' LIMIT 1 [ RunTime:0.000223s ]
[2024-04-28 00:39:03][sql] SELECT `value` FROM `ds_system_config` WHERE  `group` = 'site'  AND `name` = 'site_name' LIMIT 1 [ RunTime:0.000337s ]
[2024-04-28 00:39:03][sql] SELECT `value` FROM `ds_system_config` WHERE  `group` = 'site'  AND `name` = 'site_content' LIMIT 1 [ RunTime:0.000236s ]
[2024-04-28 00:39:17][sql] CONNECT:[ UseTime:0.005160s ] mysql:host=127.0.0.1;port=3306;dbname=xinuocs_test;charset=utf8
[2024-04-28 00:39:17][sql] show tables like 'ds_system_log_202404' [ RunTime:0.000942s ]
[2024-04-28 00:39:17][sql] SHOW FULL COLUMNS FROM `ds_system_log_202404` [ RunTime:0.001892s ]
[2024-04-28 00:39:17][sql] INSERT INTO `ds_system_log_202404` SET `admin_id` = NULL , `url` = '/admin/login/index.html' , `method` = 'post' , `ip` = '14.19.8.134' , `content` = '{"username":"admin","password":"9f98ea3da8025db5bc4235dfac1f7a7650211592","captcha":"8321","keep_login":"0"}' , `useragent` = 'Mozilla/5.0 (Macintosh; Intel Mac OS X 10_15_7) AppleWebKit/537.36 (KHTML, like Gecko) Chrome/124.0.0.0 Safari/537.36' , `create_time` = 1714235957 [ RunTime:0.000861s ]
[2024-04-28 00:39:17][sql] SHOW FULL COLUMNS FROM `ds_system_admin` [ RunTime:0.011272s ]
[2024-04-28 00:39:17][sql] SELECT * FROM `ds_system_admin` WHERE (  `username` = 'admin' ) AND `ds_system_admin`.`delete_time` IS NULL LIMIT 1 [ RunTime:0.000468s ]
[2024-04-28 00:39:17][sql] UPDATE `ds_system_admin`  SET `login_num` = 860 , `update_time` = 1714235957  WHERE (  `id` = 1 ) AND `ds_system_admin`.`delete_time` IS NULL [ RunTime:0.000293s ]
[2024-04-28 00:39:17][sql] SELECT * FROM `ds_system_admin` WHERE (  `id` = 1 ) AND `ds_system_admin`.`delete_time` IS NULL LIMIT 1 [ RunTime:0.000547s ]
[2024-04-28 00:39:17][sql] SELECT * FROM `ds_system_admin` WHERE (  `id` = 1 ) AND `ds_system_admin`.`delete_time` IS NULL LIMIT 1 [ RunTime:0.000916s ]
[2024-04-28 00:39:20][sql] CONNECT:[ UseTime:0.007350s ] mysql:host=127.0.0.1;port=3306;dbname=xinuocs_test;charset=utf8
[2024-04-28 00:39:20][sql] SHOW FULL COLUMNS FROM `ds_system_config` [ RunTime:0.001529s ]
[2024-04-28 00:39:20][sql] SELECT `value` FROM `ds_system_config` WHERE  `group` = 'site'  AND `name` = 'site_name' LIMIT 1 [ RunTime:0.000322s ]
[2024-04-28 00:39:21][sql] CONNECT:[ UseTime:0.001733s ] mysql:host=127.0.0.1;port=3306;dbname=xinuocs_test;charset=utf8
[2024-04-28 00:39:21][sql] SHOW FULL COLUMNS FROM `ds_notify` [ RunTime:0.001995s ]
[2024-04-28 00:39:21][sql] SELECT * FROM `ds_notify` WHERE  `is_show` = 1 ORDER BY `create_time` DESC LIMIT 1 [ RunTime:0.000341s ]
[2024-04-28 00:39:21][sql] SHOW FULL COLUMNS FROM `ds_system_quick` [ RunTime:0.005903s ]
[2024-04-28 00:39:21][sql] SELECT `id`,`title`,`icon`,`href` FROM `ds_system_quick` WHERE (  `status` = 1 ) AND `ds_system_quick`.`delete_time` IS NULL ORDER BY `sort` DESC LIMIT 8 [ RunTime:0.000422s ]
[2024-04-28 00:39:21][sql] SHOW FULL COLUMNS FROM `ds_system_admin` [ RunTime:0.001589s ]
[2024-04-28 00:39:21][sql] SELECT * FROM `ds_system_admin` WHERE (  `id` = 1 ) AND `ds_system_admin`.`delete_time` IS NULL LIMIT 1 [ RunTime:0.000372s ]
[2024-04-28 00:39:21][sql] SELECT * FROM `ds_system_admin` WHERE (  `id` = 1 ) AND `ds_system_admin`.`delete_time` IS NULL LIMIT 1 [ RunTime:0.000328s ]
[2024-04-28 00:39:21][sql] SHOW FULL COLUMNS FROM `ds_outlay` [ RunTime:0.001421s ]
[2024-04-28 00:39:21][sql] SELECT SUM(`money`) AS think_sum FROM `ds_outlay` WHERE  `status` = 0 LIMIT 1 [ RunTime:0.000218s ]
[2024-04-28 00:39:21][sql] SHOW FULL COLUMNS FROM `ds_payed_show` [ RunTime:0.001237s ]
[2024-04-28 00:39:21][sql] SELECT COUNT(DISTINCT `ip`) AS think_count FROM `ds_payed_show` LIMIT 1 [ RunTime:0.051250s ]
[2024-04-28 00:39:21][sql] SHOW FULL COLUMNS FROM `ds_tj` [ RunTime:0.007100s ]
[2024-04-28 00:39:21][sql] SELECT COUNT(*) AS think_count FROM `ds_tj` WHERE  `create_time` BETWEEN 1714233600 AND 1714319999 LIMIT 1 [ RunTime:0.000277s ]
[2024-04-28 00:39:21][sql] SHOW FULL COLUMNS FROM `ds_pay_order` [ RunTime:0.001370s ]
[2024-04-28 00:39:21][sql] SELECT COUNT(*) AS think_count FROM `ds_pay_order` WHERE  `is_kouliang` = '1'  AND `status` = '1'  AND `is_tj` = 1 LIMIT 1 [ RunTime:0.000461s ]
[2024-04-28 00:39:21][sql] SELECT SUM(`price`) AS think_sum FROM `ds_pay_order` WHERE  `is_kouliang` = '1'  AND `status` = '1'  AND `is_tj` = 1 LIMIT 1 [ RunTime:0.000323s ]
[2024-04-28 00:39:21][sql] SELECT SUM(`price`) AS think_sum FROM `ds_pay_order` WHERE  `is_kouliang` = '1'  AND `status` = '1'  AND `is_tj` = 1  AND `createtime` BETWEEN 1714233600 AND 1714319999 LIMIT 1 [ RunTime:0.000449s ]
[2024-04-28 00:39:21][sql] SELECT COUNT(*) AS think_count FROM `ds_pay_order` WHERE  `is_kouliang` = '1'  AND `status` = '1'  AND `is_tj` = 1  AND `createtime` BETWEEN 1714233600 AND 1714319999 LIMIT 1 [ RunTime:0.000309s ]
[2024-04-28 00:39:21][sql] SELECT SUM(`price`) AS think_sum FROM `ds_pay_order` WHERE  `is_kouliang` = '1'  AND `status` = '1'  AND `is_tj` = 1  AND `createtime` BETWEEN 1714147200 AND 1714233599 LIMIT 1 [ RunTime:0.000298s ]
[2024-04-28 00:39:21][sql] SELECT COUNT(*) AS think_count FROM `ds_pay_order` WHERE  `is_kouliang` = '1'  AND `status` = '1'  AND `is_tj` = 1  AND `createtime` BETWEEN 1714147200 AND 1714233599 LIMIT 1 [ RunTime:0.000296s ]
[2024-04-28 00:39:21][sql] SELECT `id`,`createtime` FROM `ds_pay_order` WHERE  `status` = '2'  AND `createtime` BETWEEN 1713715200 AND 1714319999  AND `is_tj` = 1  AND `is_kouliang` = '1' [ RunTime:0.000335s ]
[2024-04-28 00:39:21][sql] SELECT `id`,`createtime` FROM `ds_pay_order` WHERE  `status` = '1'  AND `createtime` BETWEEN 1713715200 AND 1714319999  AND `is_tj` = 1  AND `is_kouliang` = '1' [ RunTime:0.000320s ]
[2024-04-28 00:39:21][sql] SHOW FULL COLUMNS FROM `ds_system_config` [ RunTime:0.005929s ]
[2024-04-28 00:39:21][sql] SELECT `value` FROM `ds_system_config` WHERE  `group` = 'site'  AND `name` = 'site_name' LIMIT 1 [ RunTime:0.000267s ]
[2024-04-28 00:39:29][sql] CONNECT:[ UseTime:0.004225s ] mysql:host=127.0.0.1;port=3306;dbname=xinuocs_test;charset=utf8
[2024-04-28 00:39:29][sql] SHOW FULL COLUMNS FROM `ds_system_config` [ RunTime:0.001785s ]
[2024-04-28 00:39:29][sql] SELECT `value` FROM `ds_system_config` WHERE  `group` = 'site'  AND `name` = 'site_name' LIMIT 1 [ RunTime:0.000345s ]
[2024-04-28 00:39:30][sql] CONNECT:[ UseTime:0.001699s ] mysql:host=127.0.0.1;port=3306;dbname=xinuocs_test;charset=utf8
[2024-04-28 00:39:30][sql] SHOW FULL COLUMNS FROM `ds_notify` [ RunTime:0.002296s ]
[2024-04-28 00:39:30][sql] SELECT COUNT(*) AS think_count FROM `ds_notify` LIMIT 1 [ RunTime:0.000305s ]
[2024-04-28 00:39:30][sql] SELECT * FROM `ds_notify` ORDER BY `id` DESC LIMIT 0,15 [ RunTime:0.000318s ]
[2024-04-28 00:39:31][sql] CONNECT:[ UseTime:0.008925s ] mysql:host=127.0.0.1;port=3306;dbname=xinuocs_test;charset=utf8
[2024-04-28 00:39:31][sql] SHOW FULL COLUMNS FROM `ds_system_config` [ RunTime:0.001688s ]
[2024-04-28 00:39:31][sql] SELECT `value` FROM `ds_system_config` WHERE  `group` = 'site'  AND `name` = 'site_name' LIMIT 1 [ RunTime:0.000347s ]
[2024-04-28 00:39:32][sql] CONNECT:[ UseTime:0.004481s ] mysql:host=127.0.0.1;port=3306;dbname=xinuocs_test;charset=utf8
[2024-04-28 00:39:32][sql] SHOW FULL COLUMNS FROM `ds_domain_rule` [ RunTime:0.001707s ]
[2024-04-28 00:39:32][sql] SELECT COUNT(*) AS think_count FROM `ds_domain_rule` LIMIT 1 [ RunTime:0.000255s ]
[2024-04-28 00:39:32][sql] SELECT * FROM `ds_domain_rule` ORDER BY `id` DESC LIMIT 0,15 [ RunTime:0.000249s ]
[2024-04-28 00:39:32][sql] SHOW FULL COLUMNS FROM `ds_system_admin` [ RunTime:0.002080s ]
[2024-04-28 00:39:32][sql] SELECT * FROM `ds_system_admin` WHERE (  `id` = 10086 ) AND `ds_system_admin`.`delete_time` IS NULL [ RunTime:0.000449s ]
[2024-04-28 00:40:08][sql] CONNECT:[ UseTime:0.005599s ] mysql:host=127.0.0.1;port=3306;dbname=xinuocs_test;charset=utf8
[2024-04-28 00:40:08][sql] SHOW FULL COLUMNS FROM `ds_system_auth` [ RunTime:0.002786s ]
[2024-04-28 00:40:08][sql] SELECT `title`,`id` FROM `ds_system_auth` WHERE (  `status` = 1 ) AND `ds_system_auth`.`delete_time` IS NULL [ RunTime:0.000313s ]
[2024-04-28 00:40:08][sql] SHOW FULL COLUMNS FROM `ds_system_admin` [ RunTime:0.001439s ]
[2024-04-28 00:40:08][sql] SELECT SUM(`balance`) AS think_sum FROM `ds_system_admin` WHERE `ds_system_admin`.`delete_time` IS NULL LIMIT 1 [ RunTime:0.000254s ]
[2024-04-28 00:40:08][sql] SHOW FULL COLUMNS FROM `ds_outlay` [ RunTime:0.001255s ]
[2024-04-28 00:40:08][sql] SELECT SUM(`money`) AS think_sum FROM `ds_outlay` WHERE  `create_time` BETWEEN 1714233600 AND 1714319999 LIMIT 1 [ RunTime:0.000916s ]
[2024-04-28 00:40:08][sql] SHOW FULL COLUMNS FROM `ds_pay_setting` [ RunTime:0.007800s ]
[2024-04-28 00:40:08][sql] SELECT * FROM `ds_pay_setting` [ RunTime:0.000262s ]
[2024-04-28 00:40:08][sql] SHOW FULL COLUMNS FROM `ds_system_config` [ RunTime:0.002044s ]
[2024-04-28 00:40:08][sql] SELECT `value` FROM `ds_system_config` WHERE  `group` = 'site'  AND `name` = 'site_name' LIMIT 1 [ RunTime:0.000275s ]
[2024-04-28 00:40:10][sql] CONNECT:[ UseTime:0.007261s ] mysql:host=127.0.0.1;port=3306;dbname=xinuocs_test;charset=utf8
[2024-04-28 00:40:10][sql] SHOW FULL COLUMNS FROM `ds_system_auth` [ RunTime:0.001746s ]
[2024-04-28 00:40:10][sql] SELECT `title`,`id` FROM `ds_system_auth` WHERE (  `status` = 1 ) AND `ds_system_auth`.`delete_time` IS NULL [ RunTime:0.000329s ]
[2024-04-28 00:40:10][sql] SHOW FULL COLUMNS FROM `ds_system_admin` [ RunTime:0.001381s ]
[2024-04-28 00:40:10][sql] SELECT SUM(`balance`) AS think_sum FROM `ds_system_admin` WHERE `ds_system_admin`.`delete_time` IS NULL LIMIT 1 [ RunTime:0.000289s ]
[2024-04-28 00:40:10][sql] SHOW FULL COLUMNS FROM `ds_outlay` [ RunTime:0.001206s ]
[2024-04-28 00:40:10][sql] SELECT SUM(`money`) AS think_sum FROM `ds_outlay` WHERE  `create_time` BETWEEN 1714233600 AND 1714319999 LIMIT 1 [ RunTime:0.000235s ]
[2024-04-28 00:40:10][sql] SHOW FULL COLUMNS FROM `ds_pay_setting` [ RunTime:0.001185s ]
[2024-04-28 00:40:10][sql] SELECT * FROM `ds_pay_setting` [ RunTime:0.000229s ]
[2024-04-28 00:40:10][sql] SELECT COUNT(*) AS think_count FROM `ds_system_admin` WHERE (  `id` <> 1 ) AND `ds_system_admin`.`delete_time` IS NULL LIMIT 1 [ RunTime:0.004945s ]
[2024-04-28 00:40:10][sql] SELECT `id`,`pid`,`auth_ids`,`head_img`,`username`,`qq`,`wechat_account`,`pwd`,`balance`,`revenue`,`short`,`pay_model`,`pay_model1`,`is_zn`,`is_ff`,`poundage`,`ticheng`,`is_day`,`is_week`,`is_month`,`is_dan`,`date_fee`,`month_fee`,`dan_fee`,`week_fee`,`view_id`,`phone`,`remark`,`login_num`,`sort`,`status`,`push_all`,`txpwd`,`create_time`,`update_time`,`delete_time`,`is_zw`,(SELECT SUM(`money`) AS think_sum FROM `ds_outlay` `sum_table` WHERE  ( `sum_table`.`uid` =ds_system_admin.id )) AS `outlay_sum` FROM `ds_system_admin` WHERE (  `id` <> 1 ) AND `ds_system_admin`.`delete_time` IS NULL ORDER BY `sort` DESC,`id` DESC LIMIT 0,15 [ RunTime:0.000526s ]
[2024-04-28 00:40:10][sql] SELECT * FROM `ds_system_admin` WHERE (  `id` = 0 ) AND `ds_system_admin`.`delete_time` IS NULL [ RunTime:0.000390s ]
[2024-04-28 00:40:10][sql] SHOW FULL COLUMNS FROM `ds_muban` [ RunTime:0.006533s ]
[2024-04-28 00:40:10][sql] SELECT * FROM `ds_muban` WHERE (  `id` = 1 ) AND `ds_muban`.`delete_time` IS NULL [ RunTime:0.000324s ]
[2024-04-28 00:40:10][sql] SHOW FULL COLUMNS FROM `ds_pay_order` [ RunTime:0.001683s ]
[2024-04-28 00:40:10][sql] SELECT * FROM `ds_pay_order` WHERE  `status` = '1'  AND `is_kouliang` = '1'  AND `is_tj` = 1  AND `createtime` BETWEEN 1714233600 AND 1714319999  AND `uid` = 184 [ RunTime:0.000474s ]
[2024-04-28 00:40:10][sql] SHOW FULL COLUMNS FROM `ds_domain_lib` [ RunTime:0.001484s ]
[2024-04-28 00:40:10][sql] SELECT * FROM `ds_domain_lib` WHERE  `status` = 0  AND `uid` = 184 [ RunTime:0.000275s ]
[2024-04-28 00:40:10][sql] SELECT SUM(`price`) AS think_sum FROM `ds_pay_order` WHERE  `uid` = 184  AND `is_kouliang` = '1'  AND `status` = '1'  AND `is_tj` = 1  AND `createtime` BETWEEN 1714233600 AND 1714319999 LIMIT 1 [ RunTime:0.000323s ]
[2024-04-28 00:40:10][sql] SELECT SUM(`price`) AS think_sum FROM `ds_pay_order` WHERE  `uid` = 184  AND `is_kouliang` = '1'  AND `status` = '1'  AND `is_tj` = 1  AND `createtime` BETWEEN 1714147200 AND 1714233599 LIMIT 1 [ RunTime:0.000347s ]
[2024-04-28 00:40:10][sql] SELECT `id` FROM `ds_system_admin` WHERE (  `pid` = 184 ) AND `ds_system_admin`.`delete_time` IS NULL [ RunTime:0.000364s ]
[2024-04-28 00:40:11][sql] CONNECT:[ UseTime:0.013162s ] mysql:host=127.0.0.1;port=3306;dbname=xinuocs_test;charset=utf8
[2024-04-28 00:40:11][sql] SHOW FULL COLUMNS FROM `ds_system_config` [ RunTime:0.001483s ]
[2024-04-28 00:40:11][sql] SELECT `value` FROM `ds_system_config` WHERE  `group` = 'site'  AND `name` = 'site_name' LIMIT 1 [ RunTime:0.000415s ]
[2024-04-28 00:40:13][sql] CONNECT:[ UseTime:0.005094s ] mysql:host=127.0.0.1;port=3306;dbname=xinuocs_test;charset=utf8
[2024-04-28 00:40:13][sql] SHOW FULL COLUMNS FROM `ds_user_money_log` [ RunTime:0.002099s ]
[2024-04-28 00:40:13][sql] SELECT COUNT(*) AS think_count FROM `ds_user_money_log` LIMIT 1 [ RunTime:0.000264s ]
[2024-04-28 00:40:13][sql] SELECT * FROM `ds_user_money_log` ORDER BY `id` DESC LIMIT 0,15 [ RunTime:0.000296s ]
[2024-04-28 00:40:13][sql] SHOW FULL COLUMNS FROM `ds_system_admin` [ RunTime:0.001922s ]
[2024-04-28 00:40:13][sql] SELECT * FROM `ds_system_admin` WHERE (  `id` = 182 ) AND `ds_system_admin`.`delete_time` IS NULL [ RunTime:0.000430s ]
[2024-04-28 00:40:14][sql] CONNECT:[ UseTime:0.021350s ] mysql:host=127.0.0.1;port=3306;dbname=xinuocs_test;charset=utf8
[2024-04-28 00:40:14][sql] SHOW FULL COLUMNS FROM `ds_system_config` [ RunTime:0.002685s ]
[2024-04-28 00:40:14][sql] SELECT `value` FROM `ds_system_config` WHERE  `group` = 'site'  AND `name` = 'site_name' LIMIT 1 [ RunTime:0.000384s ]
[2024-04-28 00:40:17][sql] CONNECT:[ UseTime:0.007352s ] mysql:host=127.0.0.1;port=3306;dbname=xinuocs_test;charset=utf8
[2024-04-28 00:40:17][sql] SHOW FULL COLUMNS FROM `ds_pay_setting` [ RunTime:0.006439s ]
[2024-04-28 00:40:17][sql] SELECT COUNT(*) AS think_count FROM `ds_pay_setting` LIMIT 1 [ RunTime:0.000264s ]
[2024-04-28 00:40:17][sql] SELECT * FROM `ds_pay_setting` ORDER BY `id` DESC LIMIT 0,15 [ RunTime:0.000233s ]
[2024-04-28 00:40:57][sql] CONNECT:[ UseTime:0.010862s ] mysql:host=127.0.0.1;port=3306;dbname=xinuocs_test;charset=utf8
[2024-04-28 00:40:57][sql] SHOW FULL COLUMNS FROM `ds_system_config` [ RunTime:0.002393s ]
[2024-04-28 00:40:57][sql] SELECT `value` FROM `ds_system_config` WHERE  `group` = 'site'  AND `name` = 'site_name' LIMIT 1 [ RunTime:0.000302s ]
[2024-04-28 00:44:08][sql] CONNECT:[ UseTime:0.009049s ] mysql:host=127.0.0.1;port=3306;dbname=xinuocs_test;charset=utf8
[2024-04-28 00:44:08][sql] SHOW FULL COLUMNS FROM `ds_system_config` [ RunTime:0.001522s ]
[2024-04-28 00:44:08][sql] SELECT `value` FROM `ds_system_config` WHERE  `group` = 'site'  AND `name` = 'site_name' LIMIT 1 [ RunTime:0.000315s ]
[2024-04-28 00:44:08][sql] SELECT `value` FROM `ds_system_config` WHERE  `group` = 'site'  AND `name` = 'site_bg' LIMIT 1 [ RunTime:0.000235s ]
[2024-04-28 00:44:08][sql] SELECT `value` FROM `ds_system_config` WHERE  `group` = 'site'  AND `name` = 'logo_image' LIMIT 1 [ RunTime:0.000807s ]
[2024-04-28 00:44:08][sql] SELECT `value` FROM `ds_system_config` WHERE  `group` = 'site'  AND `name` = 'site_wechat' LIMIT 1 [ RunTime:0.000231s ]
[2024-04-28 00:44:08][sql] SELECT `value` FROM `ds_system_config` WHERE  `group` = 'site'  AND `name` = 'site_qq' LIMIT 1 [ RunTime:0.000215s ]
[2024-04-28 00:44:08][sql] SELECT `value` FROM `ds_system_config` WHERE  `group` = 'site'  AND `name` = 'site_title' LIMIT 1 [ RunTime:0.000250s ]
[2024-04-28 00:44:08][sql] SELECT `value` FROM `ds_system_config` WHERE  `group` = 'site'  AND `name` = 'site_slogan' LIMIT 1 [ RunTime:0.000218s ]
[2024-04-28 00:44:08][sql] SELECT `value` FROM `ds_system_config` WHERE  `group` = 'site'  AND `name` = 'site_name' LIMIT 1 [ RunTime:0.000246s ]
[2024-04-28 00:44:08][sql] SELECT `value` FROM `ds_system_config` WHERE  `group` = 'site'  AND `name` = 'site_content' LIMIT 1 [ RunTime:0.000237s ]
[2024-04-28 00:50:03][sql] CONNECT:[ UseTime:0.005589s ] mysql:host=127.0.0.1;port=3306;dbname=xinuocs_test;charset=utf8
[2024-04-28 00:50:03][sql] SHOW FULL COLUMNS FROM `ds_pay_setting` [ RunTime:0.002219s ]
[2024-04-28 00:50:03][sql] SELECT * FROM `ds_pay_setting` WHERE  `status` = 1 [ RunTime:0.000305s ]
[2024-04-28 00:50:03][sql] SHOW FULL COLUMNS FROM `ds_pay_order` [ RunTime:0.001880s ]
[2024-04-28 00:50:03][sql] SELECT COUNT(*) AS think_count FROM `ds_pay_order` WHERE  `is_kouliang` = '1'  AND `status` = '1'  AND `is_tj` = 1  AND `createtime` BETWEEN 1714233600 AND 1714319999 LIMIT 1 [ RunTime:0.000423s ]
[2024-04-28 00:50:03][sql] SELECT COUNT(*) AS think_count FROM `ds_pay_order` WHERE  `is_kouliang` = '1'  AND `status` = '1'  AND `is_tj` = 1  AND `createtime` BETWEEN 1714147200 AND 1714233599 LIMIT 1 [ RunTime:0.000344s ]
[2024-04-28 00:50:03][sql] SELECT SUM(`price`) AS think_sum FROM `ds_pay_order` WHERE  `is_kouliang` = '1'  AND `status` = '1'  AND `is_tj` = 1  AND `createtime` BETWEEN 1714233600 AND 1714319999 LIMIT 1 [ RunTime:0.000318s ]
[2024-04-28 00:50:03][sql] SELECT SUM(`price`) AS think_sum FROM `ds_pay_order` WHERE  `is_kouliang` = '1'  AND `status` = '1'  AND `is_tj` = 1  AND `createtime` BETWEEN 1714147200 AND 1714233599 LIMIT 1 [ RunTime:0.000321s ]
[2024-04-28 00:50:03][sql] SELECT COUNT(*) AS think_count FROM `ds_pay_order` WHERE  `is_kouliang` = '1'  AND `status` = '1'  AND `is_tj` = 1 LIMIT 1 [ RunTime:0.004955s ]
[2024-04-28 00:50:03][sql] SELECT SUM(`price`) AS think_sum FROM `ds_pay_order` WHERE  `is_kouliang` = '1'  AND `status` = '1'  AND `is_tj` = 1 LIMIT 1 [ RunTime:0.000322s ]
[2024-04-28 00:50:03][sql] SHOW FULL COLUMNS FROM `ds_system_config` [ RunTime:0.001485s ]
[2024-04-28 00:50:03][sql] SELECT `value` FROM `ds_system_config` WHERE  `group` = 'site'  AND `name` = 'site_name' LIMIT 1 [ RunTime:0.000259s ]
[2024-04-28 00:50:05][sql] CONNECT:[ UseTime:0.005353s ] mysql:host=127.0.0.1;port=3306;dbname=xinuocs_test;charset=utf8
[2024-04-28 00:50:05][sql] SHOW FULL COLUMNS FROM `ds_pay_order` [ RunTime:0.001884s ]
[2024-04-28 00:50:05][sql] SELECT COUNT(*) AS think_count FROM `ds_pay_order` WHERE  `status` = '1'  AND `is_kouliang` = '1' LIMIT 1 [ RunTime:0.000468s ]
[2024-04-28 00:50:05][sql] SELECT * FROM `ds_pay_order` WHERE  `status` = '1'  AND `is_kouliang` = '1' ORDER BY `id` DESC LIMIT 0,15 [ RunTime:0.000476s ]
[2024-04-28 00:50:05][sql] SHOW FULL COLUMNS FROM `ds_system_admin` [ RunTime:0.006744s ]
[2024-04-28 00:50:05][sql] SELECT * FROM `ds_system_admin` WHERE (  `id` = 182 ) AND `ds_system_admin`.`delete_time` IS NULL [ RunTime:0.000500s ]
[2024-04-28 00:50:05][sql] SHOW FULL COLUMNS FROM `ds_link` [ RunTime:0.006274s ]
[2024-04-28 00:50:05][sql] SELECT * FROM `ds_link` WHERE  `id` IN (38894,37375,39238,35690,36315,35561,40793,36534,37122,36212,39451,40045,39219,39867,38298) [ RunTime:0.000405s ]
[2024-04-28 01:00:02][sql] CONNECT:[ UseTime:0.036768s ] mysql:host=127.0.0.1;port=3306;dbname=xinuocs_test;charset=utf8
[2024-04-28 01:00:02][sql] SHOW FULL COLUMNS FROM `ds_system_config` [ RunTime:0.001799s ]
[2024-04-28 01:00:02][sql] SELECT `value` FROM `ds_system_config` WHERE  `group` = 'site'  AND `name` = 'site_name' LIMIT 1 [ RunTime:0.000486s ]
[2024-04-28 01:00:02][sql] SELECT `value` FROM `ds_system_config` WHERE  `group` = 'site'  AND `name` = 'site_bg' LIMIT 1 [ RunTime:0.000275s ]
[2024-04-28 01:00:02][sql] SELECT `value` FROM `ds_system_config` WHERE  `group` = 'site'  AND `name` = 'logo_image' LIMIT 1 [ RunTime:0.000270s ]
[2024-04-28 01:00:02][sql] SELECT `value` FROM `ds_system_config` WHERE  `group` = 'site'  AND `name` = 'site_wechat' LIMIT 1 [ RunTime:0.000244s ]
[2024-04-28 01:00:02][sql] SELECT `value` FROM `ds_system_config` WHERE  `group` = 'site'  AND `name` = 'site_qq' LIMIT 1 [ RunTime:0.011552s ]
[2024-04-28 01:00:02][sql] SELECT `value` FROM `ds_system_config` WHERE  `group` = 'site'  AND `name` = 'site_title' LIMIT 1 [ RunTime:0.000361s ]
[2024-04-28 01:00:02][sql] SELECT `value` FROM `ds_system_config` WHERE  `group` = 'site'  AND `name` = 'site_slogan' LIMIT 1 [ RunTime:0.000295s ]
[2024-04-28 01:00:02][sql] SELECT `value` FROM `ds_system_config` WHERE  `group` = 'site'  AND `name` = 'site_name' LIMIT 1 [ RunTime:0.012095s ]
[2024-04-28 01:00:02][sql] SELECT `value` FROM `ds_system_config` WHERE  `group` = 'site'  AND `name` = 'site_content' LIMIT 1 [ RunTime:0.000344s ]
[2024-04-28 01:13:06][sql] CONNECT:[ UseTime:0.005491s ] mysql:host=127.0.0.1;port=3306;dbname=xinuocs_test;charset=utf8
[2024-04-28 01:13:06][sql] SHOW FULL COLUMNS FROM `ds_system_config` [ RunTime:0.001552s ]
[2024-04-28 01:13:06][sql] SELECT `value` FROM `ds_system_config` WHERE  `group` = 'site'  AND `name` = 'site_name' LIMIT 1 [ RunTime:0.000305s ]
[2024-04-28 01:13:06][sql] SELECT `value` FROM `ds_system_config` WHERE  `group` = 'site'  AND `name` = 'site_bg' LIMIT 1 [ RunTime:0.000251s ]
[2024-04-28 01:13:06][sql] SELECT `value` FROM `ds_system_config` WHERE  `group` = 'site'  AND `name` = 'logo_image' LIMIT 1 [ RunTime:0.000212s ]
[2024-04-28 01:13:06][sql] SELECT `value` FROM `ds_system_config` WHERE  `group` = 'site'  AND `name` = 'site_wechat' LIMIT 1 [ RunTime:0.000210s ]
[2024-04-28 01:13:06][sql] SELECT `value` FROM `ds_system_config` WHERE  `group` = 'site'  AND `name` = 'site_qq' LIMIT 1 [ RunTime:0.000207s ]
[2024-04-28 01:13:06][sql] SELECT `value` FROM `ds_system_config` WHERE  `group` = 'site'  AND `name` = 'site_title' LIMIT 1 [ RunTime:0.000219s ]
[2024-04-28 01:13:06][sql] SELECT `value` FROM `ds_system_config` WHERE  `group` = 'site'  AND `name` = 'site_slogan' LIMIT 1 [ RunTime:0.000216s ]
[2024-04-28 01:13:06][sql] SELECT `value` FROM `ds_system_config` WHERE  `group` = 'site'  AND `name` = 'site_name' LIMIT 1 [ RunTime:0.000263s ]
[2024-04-28 01:13:06][sql] SELECT `value` FROM `ds_system_config` WHERE  `group` = 'site'  AND `name` = 'site_content' LIMIT 1 [ RunTime:0.000264s ]
[2024-04-28 01:13:26][sql] CONNECT:[ UseTime:0.004726s ] mysql:host=127.0.0.1;port=3306;dbname=xinuocs_test;charset=utf8
[2024-04-28 01:13:26][sql] show tables like 'ds_system_log_202404' [ RunTime:0.000386s ]
[2024-04-28 01:13:26][sql] SHOW FULL COLUMNS FROM `ds_system_log_202404` [ RunTime:0.001960s ]
[2024-04-28 01:13:26][sql] INSERT INTO `ds_system_log_202404` SET `admin_id` = NULL , `url` = '/admin/login/index.html' , `method` = 'post' , `ip` = '171.83.59.81' , `content` = '{"username":"admin","password":"9f98ea3da8025db5bc4235dfac1f7a7650211592","captcha":"3943","keep_login":"0"}' , `useragent` = 'Mozilla/5.0 (Linux; Android 14; V2238A Build/UP1A.231005.007; wv) AppleWebKit/537.36 (KHTML, like Gecko) Version/4.0 Chrome/116.0.0.0 Mobile Safari/537.36 XWEB/1160117 MMWEBSDK/20240404 MMWEBID/4343 MicroMessenger/8.0.49.2600(0x28003133) WeChat/arm64 Weixin NetType/WIFI Language/zh_CN ABI/arm64' , `create_time` = 1714238005 [ RunTime:0.000286s ]
[2024-04-28 01:13:26][sql] SHOW FULL COLUMNS FROM `ds_system_admin` [ RunTime:0.001705s ]
[2024-04-28 01:13:26][sql] SELECT * FROM `ds_system_admin` WHERE (  `username` = 'admin' ) AND `ds_system_admin`.`delete_time` IS NULL LIMIT 1 [ RunTime:0.004965s ]
[2024-04-28 01:13:26][sql] UPDATE `ds_system_admin`  SET `login_num` = 861 , `update_time` = 1714238006  WHERE (  `id` = 1 ) AND `ds_system_admin`.`delete_time` IS NULL [ RunTime:0.000320s ]
[2024-04-28 01:13:26][sql] SELECT * FROM `ds_system_admin` WHERE (  `id` = 1 ) AND `ds_system_admin`.`delete_time` IS NULL LIMIT 1 [ RunTime:0.000522s ]
[2024-04-28 01:13:26][sql] SELECT * FROM `ds_system_admin` WHERE (  `id` = 1 ) AND `ds_system_admin`.`delete_time` IS NULL LIMIT 1 [ RunTime:0.000391s ]
[2024-04-28 01:13:28][sql] CONNECT:[ UseTime:0.005074s ] mysql:host=127.0.0.1;port=3306;dbname=xinuocs_test;charset=utf8
[2024-04-28 01:13:28][sql] SHOW FULL COLUMNS FROM `ds_system_config` [ RunTime:0.001551s ]
[2024-04-28 01:13:28][sql] SELECT `value` FROM `ds_system_config` WHERE  `group` = 'site'  AND `name` = 'site_name' LIMIT 1 [ RunTime:0.000303s ]
[2024-04-28 01:13:30][sql] CONNECT:[ UseTime:0.010039s ] mysql:host=127.0.0.1;port=3306;dbname=xinuocs_test;charset=utf8
[2024-04-28 01:13:30][sql] SHOW FULL COLUMNS FROM `ds_notify` [ RunTime:0.004158s ]
[2024-04-28 01:13:30][sql] SELECT * FROM `ds_notify` WHERE  `is_show` = 1 ORDER BY `create_time` DESC LIMIT 1 [ RunTime:0.000330s ]
[2024-04-28 01:13:30][sql] SHOW FULL COLUMNS FROM `ds_system_quick` [ RunTime:0.001309s ]
[2024-04-28 01:13:30][sql] SELECT `id`,`title`,`icon`,`href` FROM `ds_system_quick` WHERE (  `status` = 1 ) AND `ds_system_quick`.`delete_time` IS NULL ORDER BY `sort` DESC LIMIT 8 [ RunTime:0.000305s ]
[2024-04-28 01:13:30][sql] SHOW FULL COLUMNS FROM `ds_system_admin` [ RunTime:0.001446s ]
[2024-04-28 01:13:30][sql] SELECT * FROM `ds_system_admin` WHERE (  `id` = 1 ) AND `ds_system_admin`.`delete_time` IS NULL LIMIT 1 [ RunTime:0.000397s ]
[2024-04-28 01:13:30][sql] SELECT * FROM `ds_system_admin` WHERE (  `id` = 1 ) AND `ds_system_admin`.`delete_time` IS NULL LIMIT 1 [ RunTime:0.000315s ]
[2024-04-28 01:13:30][sql] SHOW FULL COLUMNS FROM `ds_outlay` [ RunTime:0.001212s ]
[2024-04-28 01:13:30][sql] SELECT SUM(`money`) AS think_sum FROM `ds_outlay` WHERE  `status` = 0 LIMIT 1 [ RunTime:0.000221s ]
[2024-04-28 01:13:30][sql] SHOW FULL COLUMNS FROM `ds_payed_show` [ RunTime:0.001198s ]
[2024-04-28 01:13:30][sql] SELECT COUNT(DISTINCT `ip`) AS think_count FROM `ds_payed_show` LIMIT 1 [ RunTime:0.054892s ]
[2024-04-28 01:13:30][sql] SHOW FULL COLUMNS FROM `ds_tj` [ RunTime:0.011653s ]
[2024-04-28 01:13:30][sql] SELECT COUNT(*) AS think_count FROM `ds_tj` WHERE  `create_time` BETWEEN 1714233600 AND 1714319999 LIMIT 1 [ RunTime:0.000857s ]
[2024-04-28 01:13:30][sql] SHOW FULL COLUMNS FROM `ds_pay_order` [ RunTime:0.001376s ]
[2024-04-28 01:13:30][sql] SELECT COUNT(*) AS think_count FROM `ds_pay_order` WHERE  `is_kouliang` = '1'  AND `status` = '1'  AND `is_tj` = 1 LIMIT 1 [ RunTime:0.000368s ]
[2024-04-28 01:13:30][sql] SELECT SUM(`price`) AS think_sum FROM `ds_pay_order` WHERE  `is_kouliang` = '1'  AND `status` = '1'  AND `is_tj` = 1 LIMIT 1 [ RunTime:0.000315s ]
[2024-04-28 01:13:30][sql] SELECT SUM(`price`) AS think_sum FROM `ds_pay_order` WHERE  `is_kouliang` = '1'  AND `status` = '1'  AND `is_tj` = 1  AND `createtime` BETWEEN 1714233600 AND 1714319999 LIMIT 1 [ RunTime:0.000310s ]
[2024-04-28 01:13:30][sql] SELECT COUNT(*) AS think_count FROM `ds_pay_order` WHERE  `is_kouliang` = '1'  AND `status` = '1'  AND `is_tj` = 1  AND `createtime` BETWEEN 1714233600 AND 1714319999 LIMIT 1 [ RunTime:0.000313s ]
[2024-04-28 01:13:30][sql] SELECT SUM(`price`) AS think_sum FROM `ds_pay_order` WHERE  `is_kouliang` = '1'  AND `status` = '1'  AND `is_tj` = 1  AND `createtime` BETWEEN 1714147200 AND 1714233599 LIMIT 1 [ RunTime:0.000310s ]
[2024-04-28 01:13:30][sql] SELECT COUNT(*) AS think_count FROM `ds_pay_order` WHERE  `is_kouliang` = '1'  AND `status` = '1'  AND `is_tj` = 1  AND `createtime` BETWEEN 1714147200 AND 1714233599 LIMIT 1 [ RunTime:0.000302s ]
[2024-04-28 01:13:30][sql] SELECT `id`,`createtime` FROM `ds_pay_order` WHERE  `status` = '2'  AND `createtime` BETWEEN 1713715200 AND 1714319999  AND `is_tj` = 1  AND `is_kouliang` = '1' [ RunTime:0.000333s ]
[2024-04-28 01:13:30][sql] SELECT `id`,`createtime` FROM `ds_pay_order` WHERE  `status` = '1'  AND `createtime` BETWEEN 1713715200 AND 1714319999  AND `is_tj` = 1  AND `is_kouliang` = '1' [ RunTime:0.000300s ]
[2024-04-28 01:13:30][sql] SHOW FULL COLUMNS FROM `ds_system_config` [ RunTime:0.001336s ]
[2024-04-28 01:13:30][sql] SELECT `value` FROM `ds_system_config` WHERE  `group` = 'site'  AND `name` = 'site_name' LIMIT 1 [ RunTime:0.000241s ]
[2024-04-28 01:13:49][sql] CONNECT:[ UseTime:0.000343s ] mysql:host=127.0.0.1;port=3306;dbname=xinuocs_test;charset=utf8
[2024-04-28 01:13:49][sql] SHOW FULL COLUMNS FROM `ds_outlay` [ RunTime:0.001602s ]
[2024-04-28 01:13:49][sql] SELECT COUNT(*) AS think_count FROM `ds_outlay` WHERE  `status` = 0 LIMIT 1 [ RunTime:0.000268s ]
[2024-04-28 01:13:49][sql] SELECT SUM(`money`) AS think_sum FROM `ds_outlay` WHERE  `status` = 0 LIMIT 1 [ RunTime:0.000216s ]
[2024-04-28 01:13:49][sql] SHOW FULL COLUMNS FROM `ds_system_config` [ RunTime:0.001262s ]
[2024-04-28 01:13:49][sql] SELECT `value` FROM `ds_system_config` WHERE  `group` = 'site'  AND `name` = 'site_name' LIMIT 1 [ RunTime:0.000253s ]
[2024-04-28 01:13:50][sql] CONNECT:[ UseTime:0.012725s ] mysql:host=127.0.0.1;port=3306;dbname=xinuocs_test;charset=utf8
[2024-04-28 01:13:50][sql] SHOW FULL COLUMNS FROM `ds_outlay` [ RunTime:0.001509s ]
[2024-04-28 01:13:50][sql] SELECT COUNT(*) AS think_count FROM `ds_outlay` WHERE  `status` = 0 LIMIT 1 [ RunTime:0.000287s ]
[2024-04-28 01:13:50][sql] SELECT SUM(`money`) AS think_sum FROM `ds_outlay` WHERE  `status` = 0 LIMIT 1 [ RunTime:0.000241s ]
[2024-04-28 01:13:50][sql] SELECT COUNT(*) AS think_count FROM `ds_outlay` WHERE  `status` = 0 LIMIT 1 [ RunTime:0.000219s ]
[2024-04-28 01:13:50][sql] SELECT * FROM `ds_outlay` WHERE  `status` = 0 ORDER BY `id` DESC LIMIT 0,15 [ RunTime:0.000238s ]
[2024-04-28 01:16:40][sql] CONNECT:[ UseTime:0.001738s ] mysql:host=127.0.0.1;port=3306;dbname=xinuocs_test;charset=utf8
[2024-04-28 01:16:40][sql] SHOW FULL COLUMNS FROM `ds_system_config` [ RunTime:0.001548s ]
[2024-04-28 01:16:40][sql] SELECT `value` FROM `ds_system_config` WHERE  `group` = 'site'  AND `name` = 'site_name' LIMIT 1 [ RunTime:0.000337s ]
[2024-04-28 01:16:40][sql] SELECT `value` FROM `ds_system_config` WHERE  `group` = 'site'  AND `name` = 'site_bg' LIMIT 1 [ RunTime:0.000257s ]
[2024-04-28 01:16:40][sql] SELECT `value` FROM `ds_system_config` WHERE  `group` = 'site'  AND `name` = 'logo_image' LIMIT 1 [ RunTime:0.000217s ]
[2024-04-28 01:16:40][sql] SELECT `value` FROM `ds_system_config` WHERE  `group` = 'site'  AND `name` = 'site_wechat' LIMIT 1 [ RunTime:0.000217s ]
[2024-04-28 01:16:40][sql] SELECT `value` FROM `ds_system_config` WHERE  `group` = 'site'  AND `name` = 'site_qq' LIMIT 1 [ RunTime:0.000238s ]
[2024-04-28 01:16:40][sql] SELECT `value` FROM `ds_system_config` WHERE  `group` = 'site'  AND `name` = 'site_title' LIMIT 1 [ RunTime:0.000223s ]
[2024-04-28 01:16:40][sql] SELECT `value` FROM `ds_system_config` WHERE  `group` = 'site'  AND `name` = 'site_slogan' LIMIT 1 [ RunTime:0.000204s ]
[2024-04-28 01:16:40][sql] SELECT `value` FROM `ds_system_config` WHERE  `group` = 'site'  AND `name` = 'site_name' LIMIT 1 [ RunTime:0.000277s ]
[2024-04-28 01:16:40][sql] SELECT `value` FROM `ds_system_config` WHERE  `group` = 'site'  AND `name` = 'site_content' LIMIT 1 [ RunTime:0.000224s ]
[2024-04-28 01:18:35][sql] CONNECT:[ UseTime:0.007166s ] mysql:host=127.0.0.1;port=3306;dbname=xinuocs_test;charset=utf8
[2024-04-28 01:18:35][sql] SHOW FULL COLUMNS FROM `ds_system_config` [ RunTime:0.002005s ]
[2024-04-28 01:18:35][sql] SELECT `value` FROM `ds_system_config` WHERE  `group` = 'site'  AND `name` = 'site_name' LIMIT 1 [ RunTime:0.000310s ]
[2024-04-28 01:18:35][sql] SELECT `value` FROM `ds_system_config` WHERE  `group` = 'site'  AND `name` = 'site_bg' LIMIT 1 [ RunTime:0.000225s ]
[2024-04-28 01:18:35][sql] SELECT `value` FROM `ds_system_config` WHERE  `group` = 'site'  AND `name` = 'logo_image' LIMIT 1 [ RunTime:0.000229s ]
[2024-04-28 01:18:35][sql] SELECT `value` FROM `ds_system_config` WHERE  `group` = 'site'  AND `name` = 'site_wechat' LIMIT 1 [ RunTime:0.000216s ]
[2024-04-28 01:18:35][sql] SELECT `value` FROM `ds_system_config` WHERE  `group` = 'site'  AND `name` = 'site_qq' LIMIT 1 [ RunTime:0.000203s ]
[2024-04-28 01:18:35][sql] SELECT `value` FROM `ds_system_config` WHERE  `group` = 'site'  AND `name` = 'site_title' LIMIT 1 [ RunTime:0.000212s ]
[2024-04-28 01:18:35][sql] SELECT `value` FROM `ds_system_config` WHERE  `group` = 'site'  AND `name` = 'site_slogan' LIMIT 1 [ RunTime:0.000205s ]
[2024-04-28 01:18:35][sql] SELECT `value` FROM `ds_system_config` WHERE  `group` = 'site'  AND `name` = 'site_name' LIMIT 1 [ RunTime:0.000234s ]
[2024-04-28 01:18:35][sql] SELECT `value` FROM `ds_system_config` WHERE  `group` = 'site'  AND `name` = 'site_content' LIMIT 1 [ RunTime:0.000234s ]
[2024-04-28 01:33:10][sql] CONNECT:[ UseTime:0.008830s ] mysql:host=127.0.0.1;port=3306;dbname=xinuocs_test;charset=utf8
[2024-04-28 01:33:10][sql] SHOW FULL COLUMNS FROM `ds_system_config` [ RunTime:0.001510s ]
[2024-04-28 01:33:10][sql] SELECT `value` FROM `ds_system_config` WHERE  `group` = 'site'  AND `name` = 'site_name' LIMIT 1 [ RunTime:0.000303s ]
[2024-04-28 01:33:10][sql] SELECT `value` FROM `ds_system_config` WHERE  `group` = 'site'  AND `name` = 'site_bg' LIMIT 1 [ RunTime:0.000279s ]
[2024-04-28 01:33:10][sql] SELECT `value` FROM `ds_system_config` WHERE  `group` = 'site'  AND `name` = 'logo_image' LIMIT 1 [ RunTime:0.000231s ]
[2024-04-28 01:33:10][sql] SELECT `value` FROM `ds_system_config` WHERE  `group` = 'site'  AND `name` = 'site_wechat' LIMIT 1 [ RunTime:0.000208s ]
[2024-04-28 01:33:10][sql] SELECT `value` FROM `ds_system_config` WHERE  `group` = 'site'  AND `name` = 'site_qq' LIMIT 1 [ RunTime:0.000209s ]
[2024-04-28 01:33:10][sql] SELECT `value` FROM `ds_system_config` WHERE  `group` = 'site'  AND `name` = 'site_title' LIMIT 1 [ RunTime:0.000553s ]
[2024-04-28 01:33:10][sql] SELECT `value` FROM `ds_system_config` WHERE  `group` = 'site'  AND `name` = 'site_slogan' LIMIT 1 [ RunTime:0.000252s ]
[2024-04-28 01:33:10][sql] SELECT `value` FROM `ds_system_config` WHERE  `group` = 'site'  AND `name` = 'site_name' LIMIT 1 [ RunTime:0.000305s ]
[2024-04-28 01:33:10][sql] SELECT `value` FROM `ds_system_config` WHERE  `group` = 'site'  AND `name` = 'site_content' LIMIT 1 [ RunTime:0.000251s ]
[2024-04-28 01:47:08][sql] CONNECT:[ UseTime:0.011497s ] mysql:host=127.0.0.1;port=3306;dbname=xinuocs_test;charset=utf8
[2024-04-28 01:47:08][sql] SHOW FULL COLUMNS FROM `ds_system_config` [ RunTime:0.002624s ]
[2024-04-28 01:47:08][sql] SELECT `value` FROM `ds_system_config` WHERE  `group` = 'site'  AND `name` = 'site_name' LIMIT 1 [ RunTime:0.000323s ]
[2024-04-28 01:47:08][sql] SELECT `value` FROM `ds_system_config` WHERE  `group` = 'site'  AND `name` = 'site_bg' LIMIT 1 [ RunTime:0.000231s ]
[2024-04-28 01:47:08][sql] SELECT `value` FROM `ds_system_config` WHERE  `group` = 'site'  AND `name` = 'logo_image' LIMIT 1 [ RunTime:0.000221s ]
[2024-04-28 01:47:08][sql] SELECT `value` FROM `ds_system_config` WHERE  `group` = 'site'  AND `name` = 'site_wechat' LIMIT 1 [ RunTime:0.000210s ]
[2024-04-28 01:47:08][sql] SELECT `value` FROM `ds_system_config` WHERE  `group` = 'site'  AND `name` = 'site_qq' LIMIT 1 [ RunTime:0.000219s ]
[2024-04-28 01:47:08][sql] SELECT `value` FROM `ds_system_config` WHERE  `group` = 'site'  AND `name` = 'site_title' LIMIT 1 [ RunTime:0.000242s ]
[2024-04-28 01:47:08][sql] SELECT `value` FROM `ds_system_config` WHERE  `group` = 'site'  AND `name` = 'site_slogan' LIMIT 1 [ RunTime:0.000230s ]
[2024-04-28 01:47:08][sql] SELECT `value` FROM `ds_system_config` WHERE  `group` = 'site'  AND `name` = 'site_name' LIMIT 1 [ RunTime:0.000900s ]
[2024-04-28 01:47:08][sql] SELECT `value` FROM `ds_system_config` WHERE  `group` = 'site'  AND `name` = 'site_content' LIMIT 1 [ RunTime:0.000237s ]
[2024-04-28 01:55:31][sql] CONNECT:[ UseTime:0.000350s ] mysql:host=127.0.0.1;port=3306;dbname=xinuocs_test;charset=utf8
[2024-04-28 01:55:31][sql] SHOW FULL COLUMNS FROM `ds_system_config` [ RunTime:0.001445s ]
[2024-04-28 01:55:31][sql] SELECT `value` FROM `ds_system_config` WHERE  `group` = 'site'  AND `name` = 'site_name' LIMIT 1 [ RunTime:0.000284s ]
[2024-04-28 01:55:31][sql] SELECT `value` FROM `ds_system_config` WHERE  `group` = 'site'  AND `name` = 'site_bg' LIMIT 1 [ RunTime:0.000228s ]
[2024-04-28 01:55:31][sql] SELECT `value` FROM `ds_system_config` WHERE  `group` = 'site'  AND `name` = 'logo_image' LIMIT 1 [ RunTime:0.000214s ]
[2024-04-28 01:55:31][sql] SELECT `value` FROM `ds_system_config` WHERE  `group` = 'site'  AND `name` = 'site_wechat' LIMIT 1 [ RunTime:0.000251s ]
[2024-04-28 01:55:31][sql] SELECT `value` FROM `ds_system_config` WHERE  `group` = 'site'  AND `name` = 'site_qq' LIMIT 1 [ RunTime:0.000209s ]
[2024-04-28 01:55:31][sql] SELECT `value` FROM `ds_system_config` WHERE  `group` = 'site'  AND `name` = 'site_title' LIMIT 1 [ RunTime:0.000223s ]
[2024-04-28 01:55:31][sql] SELECT `value` FROM `ds_system_config` WHERE  `group` = 'site'  AND `name` = 'site_slogan' LIMIT 1 [ RunTime:0.000217s ]
[2024-04-28 01:55:31][sql] SELECT `value` FROM `ds_system_config` WHERE  `group` = 'site'  AND `name` = 'site_name' LIMIT 1 [ RunTime:0.000233s ]
[2024-04-28 01:55:31][sql] SELECT `value` FROM `ds_system_config` WHERE  `group` = 'site'  AND `name` = 'site_content' LIMIT 1 [ RunTime:0.000235s ]
[2024-04-28 02:18:42][sql] CONNECT:[ UseTime:0.004474s ] mysql:host=127.0.0.1;port=3306;dbname=xinuocs_test;charset=utf8
[2024-04-28 02:18:42][sql] SHOW FULL COLUMNS FROM `ds_system_config` [ RunTime:0.001856s ]
[2024-04-28 02:18:42][sql] SELECT `value` FROM `ds_system_config` WHERE  `group` = 'site'  AND `name` = 'site_name' LIMIT 1 [ RunTime:0.000291s ]
[2024-04-28 02:18:42][sql] SELECT `value` FROM `ds_system_config` WHERE  `group` = 'site'  AND `name` = 'site_bg' LIMIT 1 [ RunTime:0.000239s ]
[2024-04-28 02:18:42][sql] SELECT `value` FROM `ds_system_config` WHERE  `group` = 'site'  AND `name` = 'logo_image' LIMIT 1 [ RunTime:0.000222s ]
[2024-04-28 02:18:42][sql] SELECT `value` FROM `ds_system_config` WHERE  `group` = 'site'  AND `name` = 'site_wechat' LIMIT 1 [ RunTime:0.000213s ]
[2024-04-28 02:18:42][sql] SELECT `value` FROM `ds_system_config` WHERE  `group` = 'site'  AND `name` = 'site_qq' LIMIT 1 [ RunTime:0.000210s ]
[2024-04-28 02:18:42][sql] SELECT `value` FROM `ds_system_config` WHERE  `group` = 'site'  AND `name` = 'site_title' LIMIT 1 [ RunTime:0.000224s ]
[2024-04-28 02:18:42][sql] SELECT `value` FROM `ds_system_config` WHERE  `group` = 'site'  AND `name` = 'site_slogan' LIMIT 1 [ RunTime:0.000218s ]
[2024-04-28 02:18:42][sql] SELECT `value` FROM `ds_system_config` WHERE  `group` = 'site'  AND `name` = 'site_name' LIMIT 1 [ RunTime:0.000241s ]
[2024-04-28 02:18:42][sql] SELECT `value` FROM `ds_system_config` WHERE  `group` = 'site'  AND `name` = 'site_content' LIMIT 1 [ RunTime:0.000875s ]
[2024-04-28 04:55:34][sql] CONNECT:[ UseTime:0.003291s ] mysql:host=127.0.0.1;port=3306;dbname=xinuocs_test;charset=utf8
[2024-04-28 04:55:34][sql] SHOW FULL COLUMNS FROM `ds_system_config` [ RunTime:0.002739s ]
[2024-04-28 04:55:34][sql] SELECT `value` FROM `ds_system_config` WHERE  `group` = 'site'  AND `name` = 'site_name' LIMIT 1 [ RunTime:0.000339s ]
[2024-04-28 04:55:34][sql] SELECT `value` FROM `ds_system_config` WHERE  `group` = 'site'  AND `name` = 'site_bg' LIMIT 1 [ RunTime:0.000236s ]
[2024-04-28 04:55:34][sql] SELECT `value` FROM `ds_system_config` WHERE  `group` = 'site'  AND `name` = 'logo_image' LIMIT 1 [ RunTime:0.000247s ]
[2024-04-28 04:55:34][sql] SELECT `value` FROM `ds_system_config` WHERE  `group` = 'site'  AND `name` = 'site_wechat' LIMIT 1 [ RunTime:0.000381s ]
[2024-04-28 04:55:34][sql] SELECT `value` FROM `ds_system_config` WHERE  `group` = 'site'  AND `name` = 'site_qq' LIMIT 1 [ RunTime:0.000214s ]
[2024-04-28 04:55:34][sql] SELECT `value` FROM `ds_system_config` WHERE  `group` = 'site'  AND `name` = 'site_title' LIMIT 1 [ RunTime:0.000215s ]
[2024-04-28 04:55:34][sql] SELECT `value` FROM `ds_system_config` WHERE  `group` = 'site'  AND `name` = 'site_slogan' LIMIT 1 [ RunTime:0.000247s ]
[2024-04-28 04:55:34][sql] SELECT `value` FROM `ds_system_config` WHERE  `group` = 'site'  AND `name` = 'site_name' LIMIT 1 [ RunTime:0.000292s ]
[2024-04-28 04:55:34][sql] SELECT `value` FROM `ds_system_config` WHERE  `group` = 'site'  AND `name` = 'site_content' LIMIT 1 [ RunTime:0.000277s ]
