[2024-04-29 14:40:56][sql] CONNECT:[ UseTime:0.000438s ] mysql:host=127.0.0.1;port=3306;dbname=xinuocs_test;charset=utf8
[2024-04-29 14:40:56][sql] SHOW FULL COLUMNS FROM `ds_system_config` [ RunTime:0.003372s ]
[2024-04-29 14:40:56][sql] SELECT `value` FROM `ds_system_config` WHERE  `group` = 'site'  AND `name` = 'site_name' LIMIT 1 [ RunTime:0.000570s ]
[2024-04-29 14:40:56][sql] SELECT `value` FROM `ds_system_config` WHERE  `group` = 'site'  AND `name` = 'site_bg' LIMIT 1 [ RunTime:0.000226s ]
[2024-04-29 14:40:56][sql] SELECT `value` FROM `ds_system_config` WHERE  `group` = 'site'  AND `name` = 'logo_image' LIMIT 1 [ RunTime:0.000212s ]
[2024-04-29 14:40:56][sql] SELECT `value` FROM `ds_system_config` WHERE  `group` = 'site'  AND `name` = 'site_wechat' LIMIT 1 [ RunTime:0.000207s ]
[2024-04-29 14:40:56][sql] SELECT `value` FROM `ds_system_config` WHERE  `group` = 'site'  AND `name` = 'site_qq' LIMIT 1 [ RunTime:0.000201s ]
[2024-04-29 14:40:56][sql] SELECT `value` FROM `ds_system_config` WHERE  `group` = 'site'  AND `name` = 'site_title' LIMIT 1 [ RunTime:0.000222s ]
[2024-04-29 14:40:56][sql] SELECT `value` FROM `ds_system_config` WHERE  `group` = 'site'  AND `name` = 'site_slogan' LIMIT 1 [ RunTime:0.000228s ]
[2024-04-29 14:40:56][sql] SELECT `value` FROM `ds_system_config` WHERE  `group` = 'site'  AND `name` = 'site_name' LIMIT 1 [ RunTime:0.000270s ]
[2024-04-29 14:40:56][sql] SELECT `value` FROM `ds_system_config` WHERE  `group` = 'site'  AND `name` = 'site_content' LIMIT 1 [ RunTime:0.000217s ]
[2024-04-29 14:41:23][sql] CONNECT:[ UseTime:0.004402s ] mysql:host=127.0.0.1;port=3306;dbname=xinuocs_test;charset=utf8
[2024-04-29 14:41:23][sql] show tables like 'ds_system_log_202404' [ RunTime:0.004776s ]
[2024-04-29 14:41:23][sql] SHOW FULL COLUMNS FROM `ds_system_log_202404` [ RunTime:0.006948s ]
[2024-04-29 14:41:23][sql] INSERT INTO `ds_system_log_202404` SET `admin_id` = NULL , `url` = '/admin/login/index.html' , `method` = 'post' , `ip` = '203.160.86.241' , `content` = '{"username":"admin","password":"9f98ea3da8025db5bc4235dfac1f7a7650211592","captcha":"0057","keep_login":"0"}' , `useragent` = 'Mozilla/5.0 (Windows NT 10.0; Win64; x64) AppleWebKit/537.36 (KHTML, like Gecko) Chrome/124.0.0.0 Safari/537.36 Edg/124.0.0.0' , `create_time` = 1714372882 [ RunTime:0.000363s ]
[2024-04-29 14:41:23][sql] SHOW FULL COLUMNS FROM `ds_system_admin` [ RunTime:0.011389s ]
[2024-04-29 14:41:23][sql] SELECT * FROM `ds_system_admin` WHERE (  `username` = 'admin' ) AND `ds_system_admin`.`delete_time` IS NULL LIMIT 1 [ RunTime:0.000479s ]
[2024-04-29 14:41:23][sql] UPDATE `ds_system_admin`  SET `login_num` = 862 , `update_time` = 1714372883  WHERE (  `id` = 1 ) AND `ds_system_admin`.`delete_time` IS NULL [ RunTime:0.000277s ]
[2024-04-29 14:41:23][sql] SELECT * FROM `ds_system_admin` WHERE (  `id` = 1 ) AND `ds_system_admin`.`delete_time` IS NULL LIMIT 1 [ RunTime:0.000522s ]
[2024-04-29 14:41:23][sql] SELECT * FROM `ds_system_admin` WHERE (  `id` = 1 ) AND `ds_system_admin`.`delete_time` IS NULL LIMIT 1 [ RunTime:0.000937s ]
[2024-04-29 14:41:26][sql] CONNECT:[ UseTime:0.004353s ] mysql:host=127.0.0.1;port=3306;dbname=xinuocs_test;charset=utf8
[2024-04-29 14:41:26][sql] SHOW FULL COLUMNS FROM `ds_system_config` [ RunTime:0.001532s ]
[2024-04-29 14:41:26][sql] SELECT `value` FROM `ds_system_config` WHERE  `group` = 'site'  AND `name` = 'site_name' LIMIT 1 [ RunTime:0.000294s ]
[2024-04-29 14:41:30][sql] CONNECT:[ UseTime:0.001804s ] mysql:host=127.0.0.1;port=3306;dbname=xinuocs_test;charset=utf8
[2024-04-29 14:41:30][sql] SHOW FULL COLUMNS FROM `ds_notify` [ RunTime:0.007875s ]
[2024-04-29 14:41:30][sql] SELECT * FROM `ds_notify` WHERE  `is_show` = 1 ORDER BY `create_time` DESC LIMIT 1 [ RunTime:0.000352s ]
[2024-04-29 14:41:30][sql] SHOW FULL COLUMNS FROM `ds_system_quick` [ RunTime:0.007706s ]
[2024-04-29 14:41:30][sql] SELECT `id`,`title`,`icon`,`href` FROM `ds_system_quick` WHERE (  `status` = 1 ) AND `ds_system_quick`.`delete_time` IS NULL ORDER BY `sort` DESC LIMIT 8 [ RunTime:0.000731s ]
[2024-04-29 14:41:30][sql] SHOW FULL COLUMNS FROM `ds_system_admin` [ RunTime:0.001733s ]
[2024-04-29 14:41:30][sql] SELECT * FROM `ds_system_admin` WHERE (  `id` = 1 ) AND `ds_system_admin`.`delete_time` IS NULL LIMIT 1 [ RunTime:0.000403s ]
[2024-04-29 14:41:30][sql] SELECT * FROM `ds_system_admin` WHERE (  `id` = 1 ) AND `ds_system_admin`.`delete_time` IS NULL LIMIT 1 [ RunTime:0.000328s ]
[2024-04-29 14:41:30][sql] SHOW FULL COLUMNS FROM `ds_outlay` [ RunTime:0.006486s ]
[2024-04-29 14:41:30][sql] SELECT SUM(`money`) AS think_sum FROM `ds_outlay` WHERE  `status` = 0 LIMIT 1 [ RunTime:0.000668s ]
[2024-04-29 14:41:30][sql] SHOW FULL COLUMNS FROM `ds_payed_show` [ RunTime:0.007327s ]
[2024-04-29 14:41:30][sql] SELECT COUNT(DISTINCT `ip`) AS think_count FROM `ds_payed_show` LIMIT 1 [ RunTime:0.058379s ]
[2024-04-29 14:41:30][sql] SHOW FULL COLUMNS FROM `ds_tj` [ RunTime:0.009574s ]
[2024-04-29 14:41:30][sql] SELECT COUNT(*) AS think_count FROM `ds_tj` WHERE  `create_time` BETWEEN 1714320000 AND 1714406399 LIMIT 1 [ RunTime:0.000335s ]
[2024-04-29 14:41:30][sql] SHOW FULL COLUMNS FROM `ds_pay_order` [ RunTime:0.007239s ]
[2024-04-29 14:41:30][sql] SELECT COUNT(*) AS think_count FROM `ds_pay_order` WHERE  `is_kouliang` = '1'  AND `status` = '1'  AND `is_tj` = 1 LIMIT 1 [ RunTime:0.000762s ]
[2024-04-29 14:41:30][sql] SELECT SUM(`price`) AS think_sum FROM `ds_pay_order` WHERE  `is_kouliang` = '1'  AND `status` = '1'  AND `is_tj` = 1 LIMIT 1 [ RunTime:0.000354s ]
[2024-04-29 14:41:30][sql] SELECT SUM(`price`) AS think_sum FROM `ds_pay_order` WHERE  `is_kouliang` = '1'  AND `status` = '1'  AND `is_tj` = 1  AND `createtime` BETWEEN 1714320000 AND 1714406399 LIMIT 1 [ RunTime:0.000319s ]
[2024-04-29 14:41:30][sql] SELECT COUNT(*) AS think_count FROM `ds_pay_order` WHERE  `is_kouliang` = '1'  AND `status` = '1'  AND `is_tj` = 1  AND `createtime` BETWEEN 1714320000 AND 1714406399 LIMIT 1 [ RunTime:0.000303s ]
[2024-04-29 14:41:30][sql] SELECT SUM(`price`) AS think_sum FROM `ds_pay_order` WHERE  `is_kouliang` = '1'  AND `status` = '1'  AND `is_tj` = 1  AND `createtime` BETWEEN 1714233600 AND 1714319999 LIMIT 1 [ RunTime:0.000871s ]
[2024-04-29 14:41:30][sql] SELECT COUNT(*) AS think_count FROM `ds_pay_order` WHERE  `is_kouliang` = '1'  AND `status` = '1'  AND `is_tj` = 1  AND `createtime` BETWEEN 1714233600 AND 1714319999 LIMIT 1 [ RunTime:0.000851s ]
[2024-04-29 14:41:30][sql] SELECT `id`,`createtime` FROM `ds_pay_order` WHERE  `status` = '2'  AND `createtime` BETWEEN 1714320000 AND 1714924799  AND `is_tj` = 1  AND `is_kouliang` = '1' [ RunTime:0.000326s ]
[2024-04-29 14:41:30][sql] SELECT `id`,`createtime` FROM `ds_pay_order` WHERE  `status` = '1'  AND `createtime` BETWEEN 1714320000 AND 1714924799  AND `is_tj` = 1  AND `is_kouliang` = '1' [ RunTime:0.000312s ]
[2024-04-29 14:41:30][sql] SHOW FULL COLUMNS FROM `ds_system_config` [ RunTime:0.001558s ]
[2024-04-29 14:41:30][sql] SELECT `value` FROM `ds_system_config` WHERE  `group` = 'site'  AND `name` = 'site_name' LIMIT 1 [ RunTime:0.000268s ]
[2024-04-29 14:41:36][sql] CONNECT:[ UseTime:0.000367s ] mysql:host=127.0.0.1;port=3306;dbname=xinuocs_test;charset=utf8
[2024-04-29 14:41:36][sql] SHOW FULL COLUMNS FROM `ds_pay_setting` [ RunTime:0.006414s ]
[2024-04-29 14:41:36][sql] SELECT * FROM `ds_pay_setting` [ RunTime:0.000277s ]
[2024-04-29 14:41:36][sql] SHOW FULL COLUMNS FROM `ds_system_config` [ RunTime:0.001427s ]
[2024-04-29 14:41:36][sql] SELECT * FROM `ds_system_config` [ RunTime:0.000339s ]
[2024-04-29 14:41:36][sql] SELECT `value` FROM `ds_system_config` WHERE  `group` = 'site'  AND `name` = 'site_name' LIMIT 1 [ RunTime:0.000450s ]
[2024-04-29 14:41:36][sql] SELECT `value` FROM `ds_system_config` WHERE  `group` = 'site'  AND `name` = 'site_order' LIMIT 1 [ RunTime:0.000236s ]
[2024-04-29 14:41:36][sql] SELECT `value` FROM `ds_system_config` WHERE  `group` = 'site'  AND `name` = 'site_name' LIMIT 1 [ RunTime:0.000815s ]
[2024-04-29 14:41:36][sql] SELECT `value` FROM `ds_system_config` WHERE  `group` = 'site'  AND `name` = 'site_title' LIMIT 1 [ RunTime:0.000242s ]
[2024-04-29 14:41:36][sql] SELECT `value` FROM `ds_system_config` WHERE  `group` = 'site'  AND `name` = 'site_slogan' LIMIT 1 [ RunTime:0.000210s ]
[2024-04-29 14:41:36][sql] SELECT `value` FROM `ds_system_config` WHERE  `group` = 'site'  AND `name` = 'site_content' LIMIT 1 [ RunTime:0.000203s ]
[2024-04-29 14:41:36][sql] SELECT `value` FROM `ds_system_config` WHERE  `group` = 'site'  AND `name` = 'logo_image' LIMIT 1 [ RunTime:0.000215s ]
[2024-04-29 14:41:36][sql] SELECT `value` FROM `ds_system_config` WHERE  `group` = 'site'  AND `name` = 'site_bg' LIMIT 1 [ RunTime:0.000201s ]
[2024-04-29 14:41:36][sql] SELECT `value` FROM `ds_system_config` WHERE  `group` = 'site'  AND `name` = 'site_beian' LIMIT 1 [ RunTime:0.000213s ]
[2024-04-29 14:41:36][sql] SELECT `value` FROM `ds_system_config` WHERE  `group` = 'site'  AND `name` = 'site_domain' LIMIT 1 [ RunTime:0.000205s ]
[2024-04-29 14:41:36][sql] SELECT `value` FROM `ds_system_config` WHERE  `group` = 'site'  AND `name` = 'site_pay' LIMIT 1 [ RunTime:0.000199s ]
[2024-04-29 14:41:36][sql] SELECT `value` FROM `ds_system_config` WHERE  `group` = 'site'  AND `name` = 'site_payback' LIMIT 1 [ RunTime:0.000250s ]
[2024-04-29 14:41:36][sql] SELECT `value` FROM `ds_system_config` WHERE  `group` = 'site'  AND `name` = 'site_urlapi' LIMIT 1 [ RunTime:0.000200s ]
[2024-04-29 14:41:36][sql] SELECT `value` FROM `ds_system_config` WHERE  `group` = 'site'  AND `name` = 'site_cdn' LIMIT 1 [ RunTime:0.000198s ]
[2024-04-29 14:41:36][sql] SELECT `value` FROM `ds_system_config` WHERE  `group` = 'site'  AND `name` = 'site_qq' LIMIT 1 [ RunTime:0.000205s ]
[2024-04-29 14:41:36][sql] SELECT `value` FROM `ds_system_config` WHERE  `group` = 'site'  AND `name` = 'site_wechat' LIMIT 1 [ RunTime:0.000199s ]
[2024-04-29 14:41:36][sql] SELECT `value` FROM `ds_system_config` WHERE  `group` = 'ff'  AND `name` = 'ff_close' LIMIT 1 [ RunTime:0.000222s ]
[2024-04-29 14:41:36][sql] SELECT `value` FROM `ds_system_config` WHERE  `group` = 'ff'  AND `name` = 'ff_close' LIMIT 1 [ RunTime:0.000200s ]
[2024-04-29 14:41:36][sql] SELECT `value` FROM `ds_system_config` WHERE  `group` = 'ff'  AND `name` = 'ff_close' LIMIT 1 [ RunTime:0.000198s ]
[2024-04-29 14:41:36][sql] SELECT `value` FROM `ds_system_config` WHERE  `group` = 'ff'  AND `name` = 'ff_fix' LIMIT 1 [ RunTime:0.000211s ]
[2024-04-29 14:41:36][sql] SELECT `value` FROM `ds_system_config` WHERE  `group` = 'ff'  AND `name` = 'ff_fix' LIMIT 1 [ RunTime:0.000200s ]
[2024-04-29 14:41:36][sql] SELECT `value` FROM `ds_system_config` WHERE  `group` = 'ff'  AND `name` = 'ff_fix' LIMIT 1 [ RunTime:0.000251s ]
[2024-04-29 14:41:36][sql] SELECT `value` FROM `ds_system_config` WHERE  `group` = 'ff'  AND `name` = 'ff_pc' LIMIT 1 [ RunTime:0.000203s ]
[2024-04-29 14:41:36][sql] SELECT `value` FROM `ds_system_config` WHERE  `group` = 'ff'  AND `name` = 'ff_pc' LIMIT 1 [ RunTime:0.000200s ]
[2024-04-29 14:41:36][sql] SELECT `value` FROM `ds_system_config` WHERE  `group` = 'ff'  AND `name` = 'ff_pc' LIMIT 1 [ RunTime:0.000213s ]
[2024-04-29 14:41:36][sql] SELECT `value` FROM `ds_system_config` WHERE  `group` = 'ff'  AND `name` = 'ff_url' LIMIT 1 [ RunTime:0.000200s ]
[2024-04-29 14:41:36][sql] SELECT `value` FROM `ds_system_config` WHERE  `group` = 'ff'  AND `name` = 'ff_short' LIMIT 1 [ RunTime:0.000214s ]
[2024-04-29 14:41:36][sql] SELECT `value` FROM `ds_system_config` WHERE  `group` = 'ff'  AND `name` = 'ff_short' LIMIT 1 [ RunTime:0.000204s ]
[2024-04-29 14:41:36][sql] SELECT `value` FROM `ds_system_config` WHERE  `group` = 'ff'  AND `name` = 'ff_short' LIMIT 1 [ RunTime:0.000203s ]
[2024-04-29 14:41:36][sql] SELECT `value` FROM `ds_system_config` WHERE  `group` = 'ff'  AND `name` = 'ff_short' LIMIT 1 [ RunTime:0.000224s ]
[2024-04-29 14:41:36][sql] SELECT `value` FROM `ds_system_config` WHERE  `group` = 'ff'  AND `name` = 'ff_short' LIMIT 1 [ RunTime:0.000198s ]
[2024-04-29 14:41:36][sql] SELECT `value` FROM `ds_system_config` WHERE  `group` = 'ff'  AND `name` = 'ff_short' LIMIT 1 [ RunTime:0.000201s ]
[2024-04-29 14:41:36][sql] SELECT `value` FROM `ds_system_config` WHERE  `group` = 'ff'  AND `name` = 'ff_short' LIMIT 1 [ RunTime:0.000203s ]
[2024-04-29 14:41:36][sql] SELECT `value` FROM `ds_system_config` WHERE  `group` = 'ff'  AND `name` = 'ff_short' LIMIT 1 [ RunTime:0.000198s ]
[2024-04-29 14:41:36][sql] SELECT `value` FROM `ds_system_config` WHERE  `group` = 'ff'  AND `name` = 'ff_short' LIMIT 1 [ RunTime:0.000216s ]
[2024-04-29 14:41:36][sql] SELECT `value` FROM `ds_system_config` WHERE  `group` = 'jp'  AND `name` = 'fb_min_money' LIMIT 1 [ RunTime:0.000200s ]
[2024-04-29 14:41:36][sql] SELECT `value` FROM `ds_system_config` WHERE  `group` = 'jp'  AND `name` = 'fb_max_money' LIMIT 1 [ RunTime:0.000196s ]
[2024-04-29 14:41:36][sql] SELECT `value` FROM `ds_system_config` WHERE  `group` = 'jg'  AND `name` = 'jg_mrfx' LIMIT 1 [ RunTime:0.000211s ]
[2024-04-29 14:41:36][sql] SELECT `value` FROM `ds_system_config` WHERE  `group` = 'jg'  AND `name` = 'jg_mrfy' LIMIT 1 [ RunTime:0.000197s ]
[2024-04-29 14:41:36][sql] SELECT `value` FROM `ds_system_config` WHERE  `group` = 'jg'  AND `name` = 'jg_yqm' LIMIT 1 [ RunTime:0.000211s ]
[2024-04-29 14:41:36][sql] SELECT `value` FROM `ds_system_config` WHERE  `group` = 'jg'  AND `name` = 'jg_ym' LIMIT 1 [ RunTime:0.000201s ]
[2024-04-29 14:41:36][sql] SELECT `value` FROM `ds_system_config` WHERE  `group` = 'jg'  AND `name` = 'jg_dbzd' LIMIT 1 [ RunTime:0.000198s ]
[2024-04-29 14:41:36][sql] SELECT `value` FROM `ds_system_config` WHERE  `group` = 'jg'  AND `name` = 'jg_dbzg' LIMIT 1 [ RunTime:0.000227s ]
[2024-04-29 14:41:36][sql] SELECT `value` FROM `ds_system_config` WHERE  `group` = 'jg'  AND `name` = 'jg_dtzg' LIMIT 1 [ RunTime:0.000198s ]
[2024-04-29 14:41:36][sql] SELECT `value` FROM `ds_system_config` WHERE  `group` = 'jg'  AND `name` = 'jg_topen' LIMIT 1 [ RunTime:0.000199s ]
[2024-04-29 14:41:36][sql] SELECT `value` FROM `ds_system_config` WHERE  `group` = 'jg'  AND `name` = 'jg_topen' LIMIT 1 [ RunTime:0.000203s ]
[2024-04-29 14:41:36][sql] SELECT `value` FROM `ds_system_config` WHERE  `group` = 'jg'  AND `name` = 'jg_tmin' LIMIT 1 [ RunTime:0.000198s ]
[2024-04-29 14:41:36][sql] SELECT `value` FROM `ds_system_config` WHERE  `group` = 'jg'  AND `name` = 'jg_tmax' LIMIT 1 [ RunTime:0.000214s ]
[2024-04-29 14:41:36][sql] SELECT `value` FROM `ds_system_config` WHERE  `group` = 'jg'  AND `name` = 'jp_wopen' LIMIT 1 [ RunTime:0.000199s ]
[2024-04-29 14:41:36][sql] SELECT `value` FROM `ds_system_config` WHERE  `group` = 'jg'  AND `name` = 'jp_wopen' LIMIT 1 [ RunTime:0.000197s ]
[2024-04-29 14:41:36][sql] SELECT `value` FROM `ds_system_config` WHERE  `group` = 'jg'  AND `name` = 'jp_min' LIMIT 1 [ RunTime:0.000212s ]
[2024-04-29 14:41:36][sql] SELECT `value` FROM `ds_system_config` WHERE  `group` = 'jg'  AND `name` = 'jp_max' LIMIT 1 [ RunTime:0.000197s ]
[2024-04-29 14:41:36][sql] SELECT `value` FROM `ds_system_config` WHERE  `group` = 'jg'  AND `name` = 'jg_yopen' LIMIT 1 [ RunTime:0.000227s ]
[2024-04-29 14:41:36][sql] SELECT `value` FROM `ds_system_config` WHERE  `group` = 'jg'  AND `name` = 'jg_yopen' LIMIT 1 [ RunTime:0.000206s ]
[2024-04-29 14:41:36][sql] SELECT `value` FROM `ds_system_config` WHERE  `group` = 'jg'  AND `name` = 'jg_ymin' LIMIT 1 [ RunTime:0.000204s ]
[2024-04-29 14:41:36][sql] SELECT `value` FROM `ds_system_config` WHERE  `group` = 'jg'  AND `name` = 'jg_ymax' LIMIT 1 [ RunTime:0.013755s ]
[2024-04-29 14:41:36][sql] SELECT `value` FROM `ds_system_config` WHERE  `group` = 'ac'  AND `name` = 'ac_number' LIMIT 1 [ RunTime:0.000386s ]
[2024-04-29 14:41:36][sql] SELECT `value` FROM `ds_system_config` WHERE  `group` = 'ac'  AND `name` = 'ac_init_number' LIMIT 1 [ RunTime:0.000246s ]
[2024-04-29 14:41:36][sql] SELECT `value` FROM `ds_system_config` WHERE  `group` = 'short_video'  AND `name` = 'q_t' LIMIT 1 [ RunTime:0.000214s ]
[2024-04-29 14:41:36][sql] SELECT `value` FROM `ds_system_config` WHERE  `group` = 'short_video'  AND `name` = 'q_r' LIMIT 1 [ RunTime:0.000203s ]
[2024-04-29 14:41:36][sql] SELECT `value` FROM `ds_system_config` WHERE  `group` = 'short_video'  AND `name` = 'q_x' LIMIT 1 [ RunTime:0.000215s ]
[2024-04-29 14:41:36][sql] SELECT `value` FROM `ds_system_config` WHERE  `group` = 'short_video'  AND `name` = 'q_l' LIMIT 1 [ RunTime:0.000200s ]
[2024-04-29 14:41:36][sql] SELECT `value` FROM `ds_system_config` WHERE  `group` = 'short_video'  AND `name` = 'l_t' LIMIT 1 [ RunTime:0.000240s ]
[2024-04-29 14:41:36][sql] SELECT `value` FROM `ds_system_config` WHERE  `group` = 'short_video'  AND `name` = 'l_r' LIMIT 1 [ RunTime:0.000202s ]
[2024-04-29 14:41:36][sql] SELECT `value` FROM `ds_system_config` WHERE  `group` = 'short_video'  AND `name` = 'l_x' LIMIT 1 [ RunTime:0.000234s ]
[2024-04-29 14:41:36][sql] SELECT `value` FROM `ds_system_config` WHERE  `group` = 'short_video'  AND `name` = 'l_l' LIMIT 1 [ RunTime:0.000210s ]
[2024-04-29 14:41:36][sql] SELECT `value` FROM `ds_system_config` WHERE  `group` = 'wx'  AND `name` = 'wx_appid' LIMIT 1 [ RunTime:0.000204s ]
[2024-04-29 14:41:36][sql] SELECT `value` FROM `ds_system_config` WHERE  `group` = 'wx'  AND `name` = 'wx_secret' LIMIT 1 [ RunTime:0.000233s ]
[2024-04-29 14:41:36][sql] SELECT `value` FROM `ds_system_config` WHERE  `group` = 'wx'  AND `name` = 'wx_token' LIMIT 1 [ RunTime:0.000209s ]
[2024-04-29 14:41:36][sql] SELECT `value` FROM `ds_system_config` WHERE  `group` = 'wx'  AND `name` = 'wx_aeskey' LIMIT 1 [ RunTime:0.000205s ]
[2024-04-29 14:41:36][sql] SELECT `value` FROM `ds_system_config` WHERE  `group` = 'wx'  AND `name` = 'wx_url' LIMIT 1 [ RunTime:0.000209s ]
[2024-04-29 14:41:36][sql] SELECT `value` FROM `ds_system_config` WHERE  `group` = 'wx'  AND `name` = 'wx_ffapi' LIMIT 1 [ RunTime:0.000200s ]
[2024-04-29 14:41:36][sql] SELECT `value` FROM `ds_system_config` WHERE  `group` = 'wx'  AND `name` = 'wx_fk' LIMIT 1 [ RunTime:0.000215s ]
[2024-04-29 14:41:36][sql] SELECT `value` FROM `ds_system_config` WHERE  `group` = 'pay'  AND `name` = 'pay_type' LIMIT 1 [ RunTime:0.000203s ]
[2024-04-29 14:41:36][sql] SELECT `value` FROM `ds_system_config` WHERE  `group` = 'pay'  AND `name` = 'pay_type' LIMIT 1 [ RunTime:0.000200s ]
[2024-04-29 14:41:36][sql] SELECT `value` FROM `ds_system_config` WHERE  `group` = 'short'  AND `name` = 'm_token' LIMIT 1 [ RunTime:0.000220s ]
[2024-04-29 14:41:36][sql] SELECT `value` FROM `ds_system_config` WHERE  `group` = 'short'  AND `name` = 'sina' LIMIT 1 [ RunTime:0.000201s ]
[2024-04-29 14:41:36][sql] SELECT `value` FROM `ds_system_config` WHERE  `group` = 'upload'  AND `name` = 'upload_type' LIMIT 1 [ RunTime:0.000219s ]
[2024-04-29 14:41:36][sql] SELECT `value` FROM `ds_system_config` WHERE  `group` = 'upload'  AND `name` = 'upload_type' LIMIT 1 [ RunTime:0.000201s ]
[2024-04-29 14:41:36][sql] SELECT `value` FROM `ds_system_config` WHERE  `group` = 'upload'  AND `name` = 'upload_type' LIMIT 1 [ RunTime:0.000201s ]
[2024-04-29 14:41:36][sql] SELECT `value` FROM `ds_system_config` WHERE  `group` = 'upload'  AND `name` = 'upload_type' LIMIT 1 [ RunTime:0.000212s ]
[2024-04-29 14:41:36][sql] SELECT `value` FROM `ds_system_config` WHERE  `group` = 'upload'  AND `name` = 'upload_allow_ext' LIMIT 1 [ RunTime:0.000201s ]
[2024-04-29 14:41:36][sql] SELECT `value` FROM `ds_system_config` WHERE  `group` = 'upload'  AND `name` = 'upload_allow_size' LIMIT 1 [ RunTime:0.000198s ]
[2024-04-29 14:41:36][sql] SELECT `value` FROM `ds_system_config` WHERE  `group` = 'upload'  AND `name` = 'alioss_access_key_id' LIMIT 1 [ RunTime:0.000203s ]
[2024-04-29 14:41:36][sql] SELECT `value` FROM `ds_system_config` WHERE  `group` = 'upload'  AND `name` = 'alioss_access_key_secret' LIMIT 1 [ RunTime:0.000200s ]
[2024-04-29 14:41:36][sql] SELECT `value` FROM `ds_system_config` WHERE  `group` = 'upload'  AND `name` = 'alioss_endpoint' LIMIT 1 [ RunTime:0.000239s ]
[2024-04-29 14:41:36][sql] SELECT `value` FROM `ds_system_config` WHERE  `group` = 'upload'  AND `name` = 'alioss_bucket' LIMIT 1 [ RunTime:0.000199s ]
[2024-04-29 14:41:36][sql] SELECT `value` FROM `ds_system_config` WHERE  `group` = 'upload'  AND `name` = 'alioss_domain' LIMIT 1 [ RunTime:0.000199s ]
[2024-04-29 14:41:36][sql] SELECT `value` FROM `ds_system_config` WHERE  `group` = 'upload'  AND `name` = 'txcos_secret_id' LIMIT 1 [ RunTime:0.000214s ]
[2024-04-29 14:41:36][sql] SELECT `value` FROM `ds_system_config` WHERE  `group` = 'upload'  AND `name` = 'txcos_secret_key' LIMIT 1 [ RunTime:0.000202s ]
[2024-04-29 14:41:36][sql] SELECT `value` FROM `ds_system_config` WHERE  `group` = 'upload'  AND `name` = 'txcos_region' LIMIT 1 [ RunTime:0.000214s ]
[2024-04-29 14:41:36][sql] SELECT `value` FROM `ds_system_config` WHERE  `group` = 'upload'  AND `name` = 'tecos_bucket' LIMIT 1 [ RunTime:0.000200s ]
[2024-04-29 14:41:36][sql] SELECT `value` FROM `ds_system_config` WHERE  `group` = 'upload'  AND `name` = 'qnoss_access_key' LIMIT 1 [ RunTime:0.004835s ]
[2024-04-29 14:41:36][sql] SELECT `value` FROM `ds_system_config` WHERE  `group` = 'upload'  AND `name` = 'qnoss_secret_key' LIMIT 1 [ RunTime:0.000255s ]
[2024-04-29 14:41:36][sql] SELECT `value` FROM `ds_system_config` WHERE  `group` = 'upload'  AND `name` = 'qnoss_bucket' LIMIT 1 [ RunTime:0.000216s ]
[2024-04-29 14:41:36][sql] SELECT `value` FROM `ds_system_config` WHERE  `group` = 'upload'  AND `name` = 'qnoss_domain' LIMIT 1 [ RunTime:0.004799s ]
[2024-04-29 14:41:36][sql] SELECT `value` FROM `ds_system_config` WHERE  `group` = 'upload'  AND `name` = 'upload_type' LIMIT 1 [ RunTime:0.000319s ]
[2024-04-29 14:41:37][sql] CONNECT:[ UseTime:0.000364s ] mysql:host=127.0.0.1;port=3306;dbname=xinuocs_test;charset=utf8
[2024-04-29 14:41:37][sql] SHOW FULL COLUMNS FROM `ds_system_config` [ RunTime:0.001516s ]
[2024-04-29 14:41:37][sql] SELECT `value` FROM `ds_system_config` WHERE  `group` = 'site'  AND `name` = 'site_name' LIMIT 1 [ RunTime:0.000302s ]
[2024-04-29 14:41:37][sql] CONNECT:[ UseTime:0.008705s ] mysql:host=127.0.0.1;port=3306;dbname=xinuocs_test;charset=utf8
[2024-04-29 14:41:37][sql] SHOW FULL COLUMNS FROM `ds_notify` [ RunTime:0.001550s ]
[2024-04-29 14:41:37][sql] SELECT COUNT(*) AS think_count FROM `ds_notify` LIMIT 1 [ RunTime:0.000217s ]
[2024-04-29 14:41:37][sql] SELECT * FROM `ds_notify` ORDER BY `id` DESC LIMIT 0,15 [ RunTime:0.000222s ]
[2024-04-29 14:41:37][sql] CONNECT:[ UseTime:0.004277s ] mysql:host=127.0.0.1;port=3306;dbname=xinuocs_test;charset=utf8
[2024-04-29 14:41:37][sql] SHOW FULL COLUMNS FROM `ds_system_config` [ RunTime:0.001478s ]
[2024-04-29 14:41:37][sql] SELECT `value` FROM `ds_system_config` WHERE  `group` = 'site'  AND `name` = 'site_name' LIMIT 1 [ RunTime:0.000307s ]
[2024-04-29 14:41:38][sql] CONNECT:[ UseTime:0.000346s ] mysql:host=127.0.0.1;port=3306;dbname=xinuocs_test;charset=utf8
[2024-04-29 14:41:38][sql] SHOW FULL COLUMNS FROM `ds_system_config` [ RunTime:0.001480s ]
[2024-04-29 14:41:38][sql] SELECT `value` FROM `ds_system_config` WHERE  `group` = 'site'  AND `name` = 'site_name' LIMIT 1 [ RunTime:0.000287s ]
[2024-04-29 14:41:39][sql] CONNECT:[ UseTime:0.015401s ] mysql:host=127.0.0.1;port=3306;dbname=xinuocs_test;charset=utf8
[2024-04-29 14:41:39][sql] SHOW FULL COLUMNS FROM `ds_domain_rule` [ RunTime:0.008272s ]
[2024-04-29 14:41:39][sql] SELECT COUNT(*) AS think_count FROM `ds_domain_rule` LIMIT 1 [ RunTime:0.000287s ]
[2024-04-29 14:41:39][sql] SELECT * FROM `ds_domain_rule` ORDER BY `id` DESC LIMIT 0,15 [ RunTime:0.000241s ]
[2024-04-29 14:41:39][sql] SHOW FULL COLUMNS FROM `ds_system_admin` [ RunTime:0.002068s ]
[2024-04-29 14:41:39][sql] SELECT * FROM `ds_system_admin` WHERE (  `id` = 10086 ) AND `ds_system_admin`.`delete_time` IS NULL [ RunTime:0.000384s ]
[2024-04-29 14:41:39][sql] CONNECT:[ UseTime:0.009315s ] mysql:host=127.0.0.1;port=3306;dbname=xinuocs_test;charset=utf8
[2024-04-29 14:41:39][sql] SHOW FULL COLUMNS FROM `ds_complain` [ RunTime:0.006380s ]
[2024-04-29 14:41:39][sql] SELECT COUNT(*) AS think_count FROM `ds_complain` LIMIT 1 [ RunTime:0.000280s ]
[2024-04-29 14:41:39][sql] SELECT * FROM `ds_complain` ORDER BY `id` DESC LIMIT 0,15 [ RunTime:0.000260s ]
[2024-04-29 14:41:40][sql] CONNECT:[ UseTime:0.002078s ] mysql:host=127.0.0.1;port=3306;dbname=xinuocs_test;charset=utf8
[2024-04-29 14:41:40][sql] SHOW FULL COLUMNS FROM `ds_system_config` [ RunTime:0.002158s ]
[2024-04-29 14:41:40][sql] SELECT `value` FROM `ds_system_config` WHERE  `group` = 'site'  AND `name` = 'site_name' LIMIT 1 [ RunTime:0.000311s ]
[2024-04-29 14:41:42][sql] CONNECT:[ UseTime:0.004634s ] mysql:host=127.0.0.1;port=3306;dbname=xinuocs_test;charset=utf8
[2024-04-29 14:41:42][sql] SHOW FULL COLUMNS FROM `ds_pay_setting` [ RunTime:0.001532s ]
[2024-04-29 14:41:42][sql] SELECT COUNT(*) AS think_count FROM `ds_pay_setting` LIMIT 1 [ RunTime:0.000225s ]
[2024-04-29 14:41:42][sql] SELECT * FROM `ds_pay_setting` ORDER BY `id` DESC LIMIT 0,15 [ RunTime:0.000214s ]
[2024-04-29 14:41:43][sql] CONNECT:[ UseTime:0.004690s ] mysql:host=127.0.0.1;port=3306;dbname=xinuocs_test;charset=utf8
[2024-04-29 14:41:43][sql] SHOW FULL COLUMNS FROM `ds_system_config` [ RunTime:0.001556s ]
[2024-04-29 14:41:43][sql] SELECT `value` FROM `ds_system_config` WHERE  `group` = 'site'  AND `name` = 'site_name' LIMIT 1 [ RunTime:0.000295s ]
[2024-04-29 14:42:05][sql] CONNECT:[ UseTime:0.004706s ] mysql:host=127.0.0.1;port=3306;dbname=xinuocs_test;charset=utf8
[2024-04-29 14:42:05][sql] SHOW FULL COLUMNS FROM `ds_pay_setting` [ RunTime:0.002103s ]
[2024-04-29 14:42:05][sql] SELECT * FROM `ds_pay_setting` WHERE  `status` = 1 [ RunTime:0.000305s ]
[2024-04-29 14:42:05][sql] SHOW FULL COLUMNS FROM `ds_pay_order` [ RunTime:0.001429s ]
[2024-04-29 14:42:05][sql] SELECT COUNT(*) AS think_count FROM `ds_pay_order` WHERE  `is_kouliang` = '1'  AND `status` = '1'  AND `is_tj` = 1  AND `createtime` BETWEEN 1714320000 AND 1714406399 LIMIT 1 [ RunTime:0.005023s ]
[2024-04-29 14:42:05][sql] SELECT COUNT(*) AS think_count FROM `ds_pay_order` WHERE  `is_kouliang` = '1'  AND `status` = '1'  AND `is_tj` = 1  AND `createtime` BETWEEN 1714233600 AND 1714319999 LIMIT 1 [ RunTime:0.000397s ]
[2024-04-29 14:42:05][sql] SELECT SUM(`price`) AS think_sum FROM `ds_pay_order` WHERE  `is_kouliang` = '1'  AND `status` = '1'  AND `is_tj` = 1  AND `createtime` BETWEEN 1714320000 AND 1714406399 LIMIT 1 [ RunTime:0.000314s ]
[2024-04-29 14:42:05][sql] SELECT SUM(`price`) AS think_sum FROM `ds_pay_order` WHERE  `is_kouliang` = '1'  AND `status` = '1'  AND `is_tj` = 1  AND `createtime` BETWEEN 1714233600 AND 1714319999 LIMIT 1 [ RunTime:0.000294s ]
[2024-04-29 14:42:05][sql] SELECT COUNT(*) AS think_count FROM `ds_pay_order` WHERE  `is_kouliang` = '1'  AND `status` = '1'  AND `is_tj` = 1 LIMIT 1 [ RunTime:0.000292s ]
[2024-04-29 14:42:05][sql] SELECT SUM(`price`) AS think_sum FROM `ds_pay_order` WHERE  `is_kouliang` = '1'  AND `status` = '1'  AND `is_tj` = 1 LIMIT 1 [ RunTime:0.000275s ]
[2024-04-29 14:42:05][sql] SHOW FULL COLUMNS FROM `ds_system_config` [ RunTime:0.003005s ]
[2024-04-29 14:42:05][sql] SELECT `value` FROM `ds_system_config` WHERE  `group` = 'site'  AND `name` = 'site_name' LIMIT 1 [ RunTime:0.000349s ]
[2024-04-29 14:42:07][sql] CONNECT:[ UseTime:0.009144s ] mysql:host=127.0.0.1;port=3306;dbname=xinuocs_test;charset=utf8
[2024-04-29 14:42:07][sql] SHOW FULL COLUMNS FROM `ds_outlay` [ RunTime:0.002311s ]
[2024-04-29 14:42:07][sql] SELECT COUNT(*) AS think_count FROM `ds_outlay` WHERE  `status` = 0 LIMIT 1 [ RunTime:0.000270s ]
[2024-04-29 14:42:07][sql] SELECT SUM(`money`) AS think_sum FROM `ds_outlay` WHERE  `status` = 0 LIMIT 1 [ RunTime:0.000238s ]
[2024-04-29 14:42:07][sql] SHOW FULL COLUMNS FROM `ds_system_config` [ RunTime:0.002011s ]
[2024-04-29 14:42:07][sql] SELECT `value` FROM `ds_system_config` WHERE  `group` = 'site'  AND `name` = 'site_name' LIMIT 1 [ RunTime:0.000279s ]
[2024-04-29 14:42:08][sql] CONNECT:[ UseTime:0.000371s ] mysql:host=127.0.0.1;port=3306;dbname=xinuocs_test;charset=utf8
[2024-04-29 14:42:08][sql] SHOW FULL COLUMNS FROM `ds_pay_order` [ RunTime:0.002095s ]
[2024-04-29 14:42:08][sql] SELECT COUNT(*) AS think_count FROM `ds_pay_order` WHERE  `status` = '1'  AND `is_kouliang` = '1' LIMIT 1 [ RunTime:0.000373s ]
[2024-04-29 14:42:08][sql] SELECT * FROM `ds_pay_order` WHERE  `status` = '1'  AND `is_kouliang` = '1' ORDER BY `id` DESC LIMIT 0,15 [ RunTime:0.000496s ]
[2024-04-29 14:42:08][sql] SHOW FULL COLUMNS FROM `ds_system_admin` [ RunTime:0.001902s ]
[2024-04-29 14:42:08][sql] SELECT * FROM `ds_system_admin` WHERE (  `id` = 182 ) AND `ds_system_admin`.`delete_time` IS NULL [ RunTime:0.000374s ]
[2024-04-29 14:42:08][sql] SHOW FULL COLUMNS FROM `ds_link` [ RunTime:0.010703s ]
[2024-04-29 14:42:08][sql] SELECT * FROM `ds_link` WHERE  `id` IN (38894,37375,39238,35690,36315,35561,40793,36534,37122,36212,39451,40045,39219,39867,38298) [ RunTime:0.000936s ]
[2024-04-29 14:42:08][sql] CONNECT:[ UseTime:0.004621s ] mysql:host=127.0.0.1;port=3306;dbname=xinuocs_test;charset=utf8
[2024-04-29 14:42:08][sql] SHOW FULL COLUMNS FROM `ds_outlay` [ RunTime:0.002015s ]
[2024-04-29 14:42:08][sql] SELECT COUNT(*) AS think_count FROM `ds_outlay` WHERE  `status` = 0 LIMIT 1 [ RunTime:0.000274s ]
[2024-04-29 14:42:08][sql] SELECT SUM(`money`) AS think_sum FROM `ds_outlay` WHERE  `status` = 0 LIMIT 1 [ RunTime:0.000285s ]
[2024-04-29 14:42:08][sql] SELECT COUNT(*) AS think_count FROM `ds_outlay` WHERE  `status` = 0 LIMIT 1 [ RunTime:0.000221s ]
[2024-04-29 14:42:08][sql] SELECT * FROM `ds_outlay` WHERE  `status` = 0 ORDER BY `id` DESC LIMIT 0,15 [ RunTime:0.000259s ]
[2024-04-29 14:42:09][sql] CONNECT:[ UseTime:0.009610s ] mysql:host=127.0.0.1;port=3306;dbname=xinuocs_test;charset=utf8
[2024-04-29 14:42:09][sql] SHOW FULL COLUMNS FROM `ds_outlay` [ RunTime:0.002033s ]
[2024-04-29 14:42:09][sql] SELECT SUM(`money`) AS think_sum FROM `ds_outlay` WHERE  `create_time` BETWEEN 1714320000 AND 1714406399  AND `status` IN (0,1) LIMIT 1 [ RunTime:0.000326s ]
[2024-04-29 14:42:09][sql] SELECT SUM(`money`) AS think_sum FROM `ds_outlay` WHERE  `create_time` BETWEEN 1714320000 AND 1714406399  AND `status` = 1 LIMIT 1 [ RunTime:0.000236s ]
[2024-04-29 14:42:09][sql] SELECT SUM(`money`) AS think_sum FROM `ds_outlay` WHERE  `create_time` BETWEEN 1714233600 AND 1714319999  AND `status` IN (0,1) LIMIT 1 [ RunTime:0.000222s ]
[2024-04-29 14:42:09][sql] SELECT SUM(`money`) AS think_sum FROM `ds_outlay` WHERE  `create_time` BETWEEN 1714233600 AND 1714319999  AND `status` = 1 LIMIT 1 [ RunTime:0.000214s ]
[2024-04-29 14:42:09][sql] SELECT SUM(`money`) AS think_sum FROM `ds_outlay` WHERE  `create_time` BETWEEN 1714147200 AND 1714233599  AND `status` IN (0,1) LIMIT 1 [ RunTime:0.000216s ]
[2024-04-29 14:42:09][sql] SELECT SUM(`money`) AS think_sum FROM `ds_outlay` WHERE  `create_time` BETWEEN 1714147200 AND 1714233599  AND `status` = 1 LIMIT 1 [ RunTime:0.000213s ]
[2024-04-29 14:42:09][sql] SELECT COUNT(*) AS think_count FROM `ds_outlay` WHERE  `status` = 1 LIMIT 1 [ RunTime:0.000208s ]
[2024-04-29 14:42:09][sql] SELECT SUM(`money`) AS think_sum FROM `ds_outlay` WHERE  `status` = 1 LIMIT 1 [ RunTime:0.000195s ]
[2024-04-29 14:42:09][sql] SHOW FULL COLUMNS FROM `ds_system_config` [ RunTime:0.001983s ]
[2024-04-29 14:42:09][sql] SELECT `value` FROM `ds_system_config` WHERE  `group` = 'site'  AND `name` = 'site_name' LIMIT 1 [ RunTime:0.000281s ]
[2024-04-29 14:42:11][sql] CONNECT:[ UseTime:0.002044s ] mysql:host=127.0.0.1;port=3306;dbname=xinuocs_test;charset=utf8
[2024-04-29 14:42:11][sql] SHOW FULL COLUMNS FROM `ds_outlay` [ RunTime:0.001533s ]
[2024-04-29 14:42:11][sql] SELECT COUNT(*) AS think_count FROM `ds_outlay` WHERE  `status` = 2 LIMIT 1 [ RunTime:0.000277s ]
[2024-04-29 14:42:11][sql] SELECT SUM(`money`) AS think_sum FROM `ds_outlay` WHERE  `status` = 2 LIMIT 1 [ RunTime:0.000216s ]
[2024-04-29 14:42:11][sql] SHOW FULL COLUMNS FROM `ds_system_config` [ RunTime:0.001386s ]
[2024-04-29 14:42:11][sql] SELECT `value` FROM `ds_system_config` WHERE  `group` = 'site'  AND `name` = 'site_name' LIMIT 1 [ RunTime:0.000309s ]
[2024-04-29 14:42:11][sql] CONNECT:[ UseTime:0.005165s ] mysql:host=127.0.0.1;port=3306;dbname=xinuocs_test;charset=utf8
[2024-04-29 14:42:11][sql] SHOW FULL COLUMNS FROM `ds_outlay` [ RunTime:0.002679s ]
[2024-04-29 14:42:11][sql] SELECT SUM(`money`) AS think_sum FROM `ds_outlay` WHERE  `create_time` BETWEEN 1714320000 AND 1714406399  AND `status` IN (0,1) LIMIT 1 [ RunTime:0.002002s ]
[2024-04-29 14:42:11][sql] SELECT SUM(`money`) AS think_sum FROM `ds_outlay` WHERE  `create_time` BETWEEN 1714320000 AND 1714406399  AND `status` = 1 LIMIT 1 [ RunTime:0.000262s ]
[2024-04-29 14:42:11][sql] SELECT SUM(`money`) AS think_sum FROM `ds_outlay` WHERE  `create_time` BETWEEN 1714233600 AND 1714319999  AND `status` IN (0,1) LIMIT 1 [ RunTime:0.000264s ]
[2024-04-29 14:42:11][sql] SELECT SUM(`money`) AS think_sum FROM `ds_outlay` WHERE  `create_time` BETWEEN 1714233600 AND 1714319999  AND `status` = 1 LIMIT 1 [ RunTime:0.000895s ]
[2024-04-29 14:42:11][sql] SELECT SUM(`money`) AS think_sum FROM `ds_outlay` WHERE  `create_time` BETWEEN 1714147200 AND 1714233599  AND `status` IN (0,1) LIMIT 1 [ RunTime:0.001021s ]
[2024-04-29 14:42:11][sql] SELECT SUM(`money`) AS think_sum FROM `ds_outlay` WHERE  `create_time` BETWEEN 1714147200 AND 1714233599  AND `status` = 1 LIMIT 1 [ RunTime:0.000307s ]
[2024-04-29 14:42:11][sql] SELECT COUNT(*) AS think_count FROM `ds_outlay` WHERE  `status` = 1 LIMIT 1 [ RunTime:0.000220s ]
[2024-04-29 14:42:11][sql] SELECT SUM(`money`) AS think_sum FROM `ds_outlay` WHERE  `status` = 1 LIMIT 1 [ RunTime:0.000249s ]
[2024-04-29 14:42:11][sql] SELECT COUNT(*) AS think_count FROM `ds_outlay` WHERE  `status` = 1 LIMIT 1 [ RunTime:0.000217s ]
[2024-04-29 14:42:11][sql] SELECT * FROM `ds_outlay` WHERE  `status` = 1 ORDER BY `id` DESC LIMIT 0,15 [ RunTime:0.000264s ]
[2024-04-29 14:42:13][sql] CONNECT:[ UseTime:0.008544s ] mysql:host=127.0.0.1;port=3306;dbname=xinuocs_test;charset=utf8
[2024-04-29 14:42:13][sql] SHOW FULL COLUMNS FROM `ds_outlay` [ RunTime:0.002108s ]
[2024-04-29 14:42:13][sql] SELECT COUNT(*) AS think_count FROM `ds_outlay` WHERE  `status` = 2 LIMIT 1 [ RunTime:0.000277s ]
[2024-04-29 14:42:13][sql] SELECT SUM(`money`) AS think_sum FROM `ds_outlay` WHERE  `status` = 2 LIMIT 1 [ RunTime:0.000251s ]
[2024-04-29 14:42:13][sql] SELECT COUNT(*) AS think_count FROM `ds_outlay` WHERE  `status` = 2 LIMIT 1 [ RunTime:0.000199s ]
[2024-04-29 14:42:13][sql] SELECT * FROM `ds_outlay` WHERE  `status` = 2 ORDER BY `id` DESC LIMIT 0,15 [ RunTime:0.000262s ]
[2024-04-29 14:47:12][sql] CONNECT:[ UseTime:0.000473s ] mysql:host=127.0.0.1;port=3306;dbname=xinuocs_test;charset=utf8
[2024-04-29 14:47:12][sql] SHOW FULL COLUMNS FROM `ds_system_config` [ RunTime:0.002103s ]
[2024-04-29 14:47:12][sql] SELECT `value` FROM `ds_system_config` WHERE  `group` = 'site'  AND `name` = 'site_name' LIMIT 1 [ RunTime:0.000291s ]
[2024-04-29 14:47:12][sql] SELECT `value` FROM `ds_system_config` WHERE  `group` = 'site'  AND `name` = 'site_bg' LIMIT 1 [ RunTime:0.000232s ]
[2024-04-29 14:47:12][sql] SELECT `value` FROM `ds_system_config` WHERE  `group` = 'site'  AND `name` = 'logo_image' LIMIT 1 [ RunTime:0.000212s ]
[2024-04-29 14:47:12][sql] SELECT `value` FROM `ds_system_config` WHERE  `group` = 'site'  AND `name` = 'site_wechat' LIMIT 1 [ RunTime:0.000203s ]
[2024-04-29 14:47:12][sql] SELECT `value` FROM `ds_system_config` WHERE  `group` = 'site'  AND `name` = 'site_qq' LIMIT 1 [ RunTime:0.000213s ]
[2024-04-29 14:47:12][sql] SELECT `value` FROM `ds_system_config` WHERE  `group` = 'site'  AND `name` = 'site_title' LIMIT 1 [ RunTime:0.000202s ]
[2024-04-29 14:47:12][sql] SELECT `value` FROM `ds_system_config` WHERE  `group` = 'site'  AND `name` = 'site_slogan' LIMIT 1 [ RunTime:0.000238s ]
[2024-04-29 14:47:12][sql] SELECT `value` FROM `ds_system_config` WHERE  `group` = 'site'  AND `name` = 'site_name' LIMIT 1 [ RunTime:0.000240s ]
[2024-04-29 14:47:12][sql] SELECT `value` FROM `ds_system_config` WHERE  `group` = 'site'  AND `name` = 'site_content' LIMIT 1 [ RunTime:0.000215s ]
[2024-04-29 16:03:07][sql] CONNECT:[ UseTime:0.009512s ] mysql:host=127.0.0.1;port=3306;dbname=xinuocs_test;charset=utf8
[2024-04-29 16:03:07][sql] SHOW FULL COLUMNS FROM `ds_system_config` [ RunTime:0.002014s ]
[2024-04-29 16:03:07][sql] SELECT `value` FROM `ds_system_config` WHERE  `group` = 'site'  AND `name` = 'site_name' LIMIT 1 [ RunTime:0.000311s ]
[2024-04-29 16:03:07][sql] SELECT `value` FROM `ds_system_config` WHERE  `group` = 'site'  AND `name` = 'site_bg' LIMIT 1 [ RunTime:0.000226s ]
[2024-04-29 16:03:07][sql] SELECT `value` FROM `ds_system_config` WHERE  `group` = 'site'  AND `name` = 'logo_image' LIMIT 1 [ RunTime:0.000227s ]
[2024-04-29 16:03:07][sql] SELECT `value` FROM `ds_system_config` WHERE  `group` = 'site'  AND `name` = 'site_wechat' LIMIT 1 [ RunTime:0.000202s ]
[2024-04-29 16:03:07][sql] SELECT `value` FROM `ds_system_config` WHERE  `group` = 'site'  AND `name` = 'site_qq' LIMIT 1 [ RunTime:0.000214s ]
[2024-04-29 16:03:07][sql] SELECT `value` FROM `ds_system_config` WHERE  `group` = 'site'  AND `name` = 'site_title' LIMIT 1 [ RunTime:0.000854s ]
[2024-04-29 16:03:07][sql] SELECT `value` FROM `ds_system_config` WHERE  `group` = 'site'  AND `name` = 'site_slogan' LIMIT 1 [ RunTime:0.000780s ]
[2024-04-29 16:03:07][sql] SELECT `value` FROM `ds_system_config` WHERE  `group` = 'site'  AND `name` = 'site_name' LIMIT 1 [ RunTime:0.006035s ]
[2024-04-29 16:03:07][sql] SELECT `value` FROM `ds_system_config` WHERE  `group` = 'site'  AND `name` = 'site_content' LIMIT 1 [ RunTime:0.000249s ]
[2024-04-29 17:10:49][sql] CONNECT:[ UseTime:0.005302s ] mysql:host=127.0.0.1;port=3306;dbname=xinuocs_test;charset=utf8
[2024-04-29 17:10:49][sql] SHOW FULL COLUMNS FROM `ds_system_config` [ RunTime:0.001514s ]
[2024-04-29 17:10:49][sql] SELECT `value` FROM `ds_system_config` WHERE  `group` = 'site'  AND `name` = 'site_name' LIMIT 1 [ RunTime:0.001334s ]
[2024-04-29 17:10:49][sql] SELECT `value` FROM `ds_system_config` WHERE  `group` = 'site'  AND `name` = 'site_bg' LIMIT 1 [ RunTime:0.000257s ]
[2024-04-29 17:10:49][sql] SELECT `value` FROM `ds_system_config` WHERE  `group` = 'site'  AND `name` = 'logo_image' LIMIT 1 [ RunTime:0.000218s ]
[2024-04-29 17:10:49][sql] SELECT `value` FROM `ds_system_config` WHERE  `group` = 'site'  AND `name` = 'site_wechat' LIMIT 1 [ RunTime:0.000216s ]
[2024-04-29 17:10:49][sql] SELECT `value` FROM `ds_system_config` WHERE  `group` = 'site'  AND `name` = 'site_qq' LIMIT 1 [ RunTime:0.005327s ]
[2024-04-29 17:10:49][sql] SELECT `value` FROM `ds_system_config` WHERE  `group` = 'site'  AND `name` = 'site_title' LIMIT 1 [ RunTime:0.000843s ]
[2024-04-29 17:10:49][sql] SELECT `value` FROM `ds_system_config` WHERE  `group` = 'site'  AND `name` = 'site_slogan' LIMIT 1 [ RunTime:0.000232s ]
[2024-04-29 17:10:49][sql] SELECT `value` FROM `ds_system_config` WHERE  `group` = 'site'  AND `name` = 'site_name' LIMIT 1 [ RunTime:0.000778s ]
[2024-04-29 17:10:49][sql] SELECT `value` FROM `ds_system_config` WHERE  `group` = 'site'  AND `name` = 'site_content' LIMIT 1 [ RunTime:0.000811s ]
[2024-04-29 17:40:29][sql] CONNECT:[ UseTime:0.006268s ] mysql:host=127.0.0.1;port=3306;dbname=xinuocs_test;charset=utf8
[2024-04-29 17:40:29][sql] SHOW FULL COLUMNS FROM `ds_system_config` [ RunTime:0.001971s ]
[2024-04-29 17:40:29][sql] SELECT `value` FROM `ds_system_config` WHERE  `group` = 'site'  AND `name` = 'site_name' LIMIT 1 [ RunTime:0.000917s ]
[2024-04-29 17:40:29][sql] SELECT `value` FROM `ds_system_config` WHERE  `group` = 'site'  AND `name` = 'site_bg' LIMIT 1 [ RunTime:0.000232s ]
[2024-04-29 17:40:29][sql] SELECT `value` FROM `ds_system_config` WHERE  `group` = 'site'  AND `name` = 'logo_image' LIMIT 1 [ RunTime:0.000208s ]
[2024-04-29 17:40:29][sql] SELECT `value` FROM `ds_system_config` WHERE  `group` = 'site'  AND `name` = 'site_wechat' LIMIT 1 [ RunTime:0.000224s ]
[2024-04-29 17:40:29][sql] SELECT `value` FROM `ds_system_config` WHERE  `group` = 'site'  AND `name` = 'site_qq' LIMIT 1 [ RunTime:0.000202s ]
[2024-04-29 17:40:29][sql] SELECT `value` FROM `ds_system_config` WHERE  `group` = 'site'  AND `name` = 'site_title' LIMIT 1 [ RunTime:0.000214s ]
[2024-04-29 17:40:29][sql] SELECT `value` FROM `ds_system_config` WHERE  `group` = 'site'  AND `name` = 'site_slogan' LIMIT 1 [ RunTime:0.000202s ]
[2024-04-29 17:40:29][sql] SELECT `value` FROM `ds_system_config` WHERE  `group` = 'site'  AND `name` = 'site_name' LIMIT 1 [ RunTime:0.006346s ]
[2024-04-29 17:40:29][sql] SELECT `value` FROM `ds_system_config` WHERE  `group` = 'site'  AND `name` = 'site_content' LIMIT 1 [ RunTime:0.000245s ]
[2024-04-29 17:42:41][sql] CONNECT:[ UseTime:0.002694s ] mysql:host=127.0.0.1;port=3306;dbname=xinuocs_test;charset=utf8
[2024-04-29 17:42:41][sql] SHOW FULL COLUMNS FROM `ds_system_config` [ RunTime:0.002758s ]
[2024-04-29 17:42:41][sql] SELECT `value` FROM `ds_system_config` WHERE  `group` = 'site'  AND `name` = 'site_name' LIMIT 1 [ RunTime:0.000385s ]
[2024-04-29 17:42:41][sql] SELECT `value` FROM `ds_system_config` WHERE  `group` = 'site'  AND `name` = 'site_bg' LIMIT 1 [ RunTime:0.000232s ]
[2024-04-29 17:42:41][sql] SELECT `value` FROM `ds_system_config` WHERE  `group` = 'site'  AND `name` = 'logo_image' LIMIT 1 [ RunTime:0.000246s ]
[2024-04-29 17:42:41][sql] SELECT `value` FROM `ds_system_config` WHERE  `group` = 'site'  AND `name` = 'site_wechat' LIMIT 1 [ RunTime:0.000857s ]
[2024-04-29 17:42:41][sql] SELECT `value` FROM `ds_system_config` WHERE  `group` = 'site'  AND `name` = 'site_qq' LIMIT 1 [ RunTime:0.000227s ]
[2024-04-29 17:42:41][sql] SELECT `value` FROM `ds_system_config` WHERE  `group` = 'site'  AND `name` = 'site_title' LIMIT 1 [ RunTime:0.000254s ]
[2024-04-29 17:42:41][sql] SELECT `value` FROM `ds_system_config` WHERE  `group` = 'site'  AND `name` = 'site_slogan' LIMIT 1 [ RunTime:0.000212s ]
[2024-04-29 17:42:41][sql] SELECT `value` FROM `ds_system_config` WHERE  `group` = 'site'  AND `name` = 'site_name' LIMIT 1 [ RunTime:0.000885s ]
[2024-04-29 17:42:41][sql] SELECT `value` FROM `ds_system_config` WHERE  `group` = 'site'  AND `name` = 'site_content' LIMIT 1 [ RunTime:0.000236s ]
[2024-04-29 17:59:07][sql] CONNECT:[ UseTime:0.008092s ] mysql:host=127.0.0.1;port=3306;dbname=xinuocs_test;charset=utf8
[2024-04-29 17:59:07][sql] SHOW FULL COLUMNS FROM `ds_system_config` [ RunTime:0.002265s ]
[2024-04-29 17:59:07][sql] SELECT `value` FROM `ds_system_config` WHERE  `group` = 'site'  AND `name` = 'site_name' LIMIT 1 [ RunTime:0.000292s ]
[2024-04-29 17:59:07][sql] SELECT `value` FROM `ds_system_config` WHERE  `group` = 'site'  AND `name` = 'site_bg' LIMIT 1 [ RunTime:0.000241s ]
[2024-04-29 17:59:07][sql] SELECT `value` FROM `ds_system_config` WHERE  `group` = 'site'  AND `name` = 'logo_image' LIMIT 1 [ RunTime:0.000218s ]
[2024-04-29 17:59:07][sql] SELECT `value` FROM `ds_system_config` WHERE  `group` = 'site'  AND `name` = 'site_wechat' LIMIT 1 [ RunTime:0.000220s ]
[2024-04-29 17:59:07][sql] SELECT `value` FROM `ds_system_config` WHERE  `group` = 'site'  AND `name` = 'site_qq' LIMIT 1 [ RunTime:0.000209s ]
[2024-04-29 17:59:07][sql] SELECT `value` FROM `ds_system_config` WHERE  `group` = 'site'  AND `name` = 'site_title' LIMIT 1 [ RunTime:0.000203s ]
[2024-04-29 17:59:07][sql] SELECT `value` FROM `ds_system_config` WHERE  `group` = 'site'  AND `name` = 'site_slogan' LIMIT 1 [ RunTime:0.000219s ]
[2024-04-29 17:59:07][sql] SELECT `value` FROM `ds_system_config` WHERE  `group` = 'site'  AND `name` = 'site_name' LIMIT 1 [ RunTime:0.000233s ]
[2024-04-29 17:59:07][sql] SELECT `value` FROM `ds_system_config` WHERE  `group` = 'site'  AND `name` = 'site_content' LIMIT 1 [ RunTime:0.000232s ]
[2024-04-29 20:28:21][sql] CONNECT:[ UseTime:0.000865s ] mysql:host=127.0.0.1;port=3306;dbname=xinuocs_test;charset=utf8
[2024-04-29 20:28:21][sql] SHOW FULL COLUMNS FROM `ds_system_config` [ RunTime:0.003155s ]
[2024-04-29 20:28:21][sql] SELECT `value` FROM `ds_system_config` WHERE  `group` = 'site'  AND `name` = 'site_name' LIMIT 1 [ RunTime:0.000889s ]
[2024-04-29 20:28:21][sql] SELECT `value` FROM `ds_system_config` WHERE  `group` = 'site'  AND `name` = 'site_bg' LIMIT 1 [ RunTime:0.000228s ]
[2024-04-29 20:28:21][sql] SELECT `value` FROM `ds_system_config` WHERE  `group` = 'site'  AND `name` = 'logo_image' LIMIT 1 [ RunTime:0.000226s ]
[2024-04-29 20:28:21][sql] SELECT `value` FROM `ds_system_config` WHERE  `group` = 'site'  AND `name` = 'site_wechat' LIMIT 1 [ RunTime:0.000220s ]
[2024-04-29 20:28:21][sql] SELECT `value` FROM `ds_system_config` WHERE  `group` = 'site'  AND `name` = 'site_qq' LIMIT 1 [ RunTime:0.000227s ]
[2024-04-29 20:28:21][sql] SELECT `value` FROM `ds_system_config` WHERE  `group` = 'site'  AND `name` = 'site_title' LIMIT 1 [ RunTime:0.000229s ]
[2024-04-29 20:28:21][sql] SELECT `value` FROM `ds_system_config` WHERE  `group` = 'site'  AND `name` = 'site_slogan' LIMIT 1 [ RunTime:0.001185s ]
[2024-04-29 20:28:21][sql] SELECT `value` FROM `ds_system_config` WHERE  `group` = 'site'  AND `name` = 'site_name' LIMIT 1 [ RunTime:0.000253s ]
[2024-04-29 20:28:21][sql] SELECT `value` FROM `ds_system_config` WHERE  `group` = 'site'  AND `name` = 'site_content' LIMIT 1 [ RunTime:0.000217s ]
