[2022-09-06 11:59:42][sql] CONNECT:[ UseTime:0.000817s ] mysql:host=127.0.0.1;port=3306;dbname=webs;charset=utf8
[2022-09-06 11:59:42][sql] SHOW FULL COLUMNS FROM `ds_system_config` [ RunTime:0.001562s ]
[2022-09-06 11:59:42][sql] SELECT `value` FROM `ds_system_config` WHERE  `group` = 'site'  AND `name` = 'site_name' LIMIT 1 [ RunTime:0.000496s ]
[2022-09-06 11:59:42][sql] SELECT `value` FROM `ds_system_config` WHERE  `group` = 'site'  AND `name` = 'site_bg' LIMIT 1 [ RunTime:0.000302s ]
[2022-09-06 11:59:42][sql] SELECT `value` FROM `ds_system_config` WHERE  `group` = 'site'  AND `name` = 'logo_image' LIMIT 1 [ RunTime:0.000261s ]
[2022-09-06 11:59:42][sql] SELECT `value` FROM `ds_system_config` WHERE  `group` = 'site'  AND `name` = 'site_wechat' LIMIT 1 [ RunTime:0.000302s ]
[2022-09-06 11:59:42][sql] SELECT `value` FROM `ds_system_config` WHERE  `group` = 'site'  AND `name` = 'site_qq' LIMIT 1 [ RunTime:0.000252s ]
[2022-09-06 11:59:42][sql] SELECT `value` FROM `ds_system_config` WHERE  `group` = 'site'  AND `name` = 'site_title' LIMIT 1 [ RunTime:0.000245s ]
[2022-09-06 11:59:42][sql] SELECT `value` FROM `ds_system_config` WHERE  `group` = 'site'  AND `name` = 'site_slogan' LIMIT 1 [ RunTime:0.000239s ]
[2022-09-06 11:59:42][sql] SELECT `value` FROM `ds_system_config` WHERE  `group` = 'site'  AND `name` = 'site_name' LIMIT 1 [ RunTime:0.000592s ]
[2022-09-06 11:59:42][sql] SELECT `value` FROM `ds_system_config` WHERE  `group` = 'site'  AND `name` = 'site_content' LIMIT 1 [ RunTime:0.000257s ]
[2022-09-06 11:59:46][sql] CONNECT:[ UseTime:0.000493s ] mysql:host=127.0.0.1;port=3306;dbname=webs;charset=utf8
[2022-09-06 11:59:46][sql] show tables like 'ds_system_log_202209' [ RunTime:0.000494s ]
[2022-09-06 11:59:46][sql] SHOW FULL COLUMNS FROM `ds_system_log_202209` [ RunTime:0.000896s ]
[2022-09-06 11:59:46][sql] INSERT INTO `ds_system_log_202209` SET `admin_id` = NULL , `url` = '/admin/login/index.html' , `method` = 'post' , `ip` = '124.152.241.21' , `content` = '{"username":"admin","password":"5d9269e018f5129441746d4de9f47d398ed53d3f","captcha":"","keep_login":"0"}' , `useragent` = 'Mozilla/5.0 (Macintosh; Intel Mac OS X 10_15_7) AppleWebKit/537.36 (KHTML, like Gecko) Chrome/105.0.0.0 Safari/537.36' , `create_time` = 1662436786 [ RunTime:0.000473s ]
[2022-09-06 11:59:58][sql] CONNECT:[ UseTime:0.000597s ] mysql:host=127.0.0.1;port=3306;dbname=webs;charset=utf8
[2022-09-06 11:59:58][sql] show tables like 'ds_system_log_202209' [ RunTime:0.000440s ]
[2022-09-06 11:59:58][sql] SHOW FULL COLUMNS FROM `ds_system_log_202209` [ RunTime:0.001042s ]
[2022-09-06 11:59:58][sql] INSERT INTO `ds_system_log_202209` SET `admin_id` = NULL , `url` = '/admin/login/index.html' , `method` = 'post' , `ip` = '124.152.241.21' , `content` = '{"username":"admin","password":"5d9269e018f5129441746d4de9f47d398ed53d3f","captcha":"7784","keep_login":"0"}' , `useragent` = 'Mozilla/5.0 (Macintosh; Intel Mac OS X 10_15_7) AppleWebKit/537.36 (KHTML, like Gecko) Chrome/105.0.0.0 Safari/537.36' , `create_time` = 1662436798 [ RunTime:0.000424s ]
[2022-09-06 11:59:58][sql] SHOW FULL COLUMNS FROM `ds_system_admin` [ RunTime:0.001179s ]
[2022-09-06 11:59:58][sql] SELECT * FROM `ds_system_admin` WHERE (  `username` = 'admin' ) AND `ds_system_admin`.`delete_time` IS NULL LIMIT 1 [ RunTime:0.000631s ]
[2022-09-06 11:59:58][sql] UPDATE `ds_system_admin`  SET `login_num` = 817 , `update_time` = 1662436798  WHERE (  `id` = 1 ) AND `ds_system_admin`.`delete_time` IS NULL [ RunTime:0.000640s ]
[2022-09-06 11:59:58][sql] SELECT * FROM `ds_system_admin` WHERE (  `id` = 1 ) AND `ds_system_admin`.`delete_time` IS NULL LIMIT 1 [ RunTime:0.000357s ]
[2022-09-06 11:59:58][sql] SELECT * FROM `ds_system_admin` WHERE (  `id` = 1 ) AND `ds_system_admin`.`delete_time` IS NULL LIMIT 1 [ RunTime:0.000310s ]
[2022-09-06 12:00:01][sql] CONNECT:[ UseTime:0.000605s ] mysql:host=127.0.0.1;port=3306;dbname=webs;charset=utf8
[2022-09-06 12:00:01][sql] SHOW FULL COLUMNS FROM `ds_system_config` [ RunTime:0.001065s ]
[2022-09-06 12:00:01][sql] SELECT `value` FROM `ds_system_config` WHERE  `group` = 'site'  AND `name` = 'site_name' LIMIT 1 [ RunTime:0.000420s ]
[2022-09-06 12:00:02][sql] CONNECT:[ UseTime:0.000549s ] mysql:host=127.0.0.1;port=3306;dbname=webs;charset=utf8
[2022-09-06 12:00:02][sql] SHOW FULL COLUMNS FROM `ds_notify` [ RunTime:0.001027s ]
[2022-09-06 12:00:02][sql] SELECT * FROM `ds_notify` WHERE  `is_show` = 1 ORDER BY `create_time` DESC LIMIT 1 [ RunTime:0.000525s ]
[2022-09-06 12:00:02][sql] SHOW FULL COLUMNS FROM `ds_system_quick` [ RunTime:0.000825s ]
[2022-09-06 12:00:02][sql] SELECT `id`,`title`,`icon`,`href` FROM `ds_system_quick` WHERE (  `status` = 1 ) AND `ds_system_quick`.`delete_time` IS NULL ORDER BY `sort` DESC LIMIT 8 [ RunTime:0.000436s ]
[2022-09-06 12:00:02][sql] SHOW FULL COLUMNS FROM `ds_system_admin` [ RunTime:0.000873s ]
[2022-09-06 12:00:02][sql] SELECT * FROM `ds_system_admin` WHERE (  `id` = 1 ) AND `ds_system_admin`.`delete_time` IS NULL LIMIT 1 [ RunTime:0.000442s ]
[2022-09-06 12:00:02][sql] SELECT * FROM `ds_system_admin` WHERE (  `id` = 1 ) AND `ds_system_admin`.`delete_time` IS NULL LIMIT 1 [ RunTime:0.000372s ]
[2022-09-06 12:00:02][sql] SHOW FULL COLUMNS FROM `ds_outlay` [ RunTime:0.000771s ]
[2022-09-06 12:00:02][sql] SELECT SUM(`money`) AS think_sum FROM `ds_outlay` WHERE  `status` = 0 LIMIT 1 [ RunTime:0.000337s ]
[2022-09-06 12:00:02][sql] SHOW FULL COLUMNS FROM `ds_payed_show` [ RunTime:0.000706s ]
[2022-09-06 12:00:02][sql] SELECT COUNT(DISTINCT `ip`) AS think_count FROM `ds_payed_show` LIMIT 1 [ RunTime:0.045146s ]
[2022-09-06 12:00:02][sql] SHOW FULL COLUMNS FROM `ds_tj` [ RunTime:0.000911s ]
[2022-09-06 12:00:02][sql] SELECT COUNT(*) AS think_count FROM `ds_tj` WHERE  `create_time` BETWEEN 1662393600 AND 1662479999 LIMIT 1 [ RunTime:0.000376s ]
[2022-09-06 12:00:02][sql] SHOW FULL COLUMNS FROM `ds_pay_order` [ RunTime:0.000780s ]
[2022-09-06 12:00:02][sql] SELECT COUNT(*) AS think_count FROM `ds_pay_order` WHERE  `is_kouliang` = '1'  AND `status` = '1'  AND `is_tj` = 1 LIMIT 1 [ RunTime:0.000480s ]
[2022-09-06 12:00:02][sql] SELECT SUM(`price`) AS think_sum FROM `ds_pay_order` WHERE  `is_kouliang` = '1'  AND `status` = '1'  AND `is_tj` = 1 LIMIT 1 [ RunTime:0.000367s ]
[2022-09-06 12:00:02][sql] SELECT SUM(`price`) AS think_sum FROM `ds_pay_order` WHERE  `is_kouliang` = '1'  AND `status` = '1'  AND `is_tj` = 1  AND `createtime` BETWEEN 1662393600 AND 1662479999 LIMIT 1 [ RunTime:0.000369s ]
[2022-09-06 12:00:02][sql] SELECT COUNT(*) AS think_count FROM `ds_pay_order` WHERE  `is_kouliang` = '1'  AND `status` = '1'  AND `is_tj` = 1  AND `createtime` BETWEEN 1662393600 AND 1662479999 LIMIT 1 [ RunTime:0.000328s ]
[2022-09-06 12:00:02][sql] SELECT SUM(`price`) AS think_sum FROM `ds_pay_order` WHERE  `is_kouliang` = '1'  AND `status` = '1'  AND `is_tj` = 1  AND `createtime` BETWEEN 1662307200 AND 1662393599 LIMIT 1 [ RunTime:0.000320s ]
[2022-09-06 12:00:02][sql] SELECT COUNT(*) AS think_count FROM `ds_pay_order` WHERE  `is_kouliang` = '1'  AND `status` = '1'  AND `is_tj` = 1  AND `createtime` BETWEEN 1662307200 AND 1662393599 LIMIT 1 [ RunTime:0.000260s ]
[2022-09-06 12:00:02][sql] SELECT `id`,`createtime` FROM `ds_pay_order` WHERE  `status` = '2'  AND `createtime` BETWEEN 1662307200 AND 1662911999  AND `is_tj` = 1  AND `is_kouliang` = '1' [ RunTime:0.000346s ]
[2022-09-06 12:00:02][sql] SELECT `id`,`createtime` FROM `ds_pay_order` WHERE  `status` = '1'  AND `createtime` BETWEEN 1662307200 AND 1662911999  AND `is_tj` = 1  AND `is_kouliang` = '1' [ RunTime:0.000334s ]
[2022-09-06 12:00:02][sql] SHOW FULL COLUMNS FROM `ds_system_config` [ RunTime:0.000859s ]
[2022-09-06 12:00:02][sql] SELECT `value` FROM `ds_system_config` WHERE  `group` = 'site'  AND `name` = 'site_name' LIMIT 1 [ RunTime:0.000340s ]
[2022-09-06 12:00:06][sql] CONNECT:[ UseTime:0.000518s ] mysql:host=127.0.0.1;port=3306;dbname=webs;charset=utf8
[2022-09-06 12:00:06][sql] SHOW FULL COLUMNS FROM `ds_system_config` [ RunTime:0.000893s ]
[2022-09-06 12:00:06][sql] SELECT `value` FROM `ds_system_config` WHERE  `group` = 'site'  AND `name` = 'site_name' LIMIT 1 [ RunTime:0.000318s ]
[2022-09-06 12:00:06][sql] CONNECT:[ UseTime:0.000537s ] mysql:host=127.0.0.1;port=3306;dbname=webs;charset=utf8
[2022-09-06 12:00:06][sql] SHOW FULL COLUMNS FROM `ds_pay_setting` [ RunTime:0.001063s ]
[2022-09-06 12:00:06][sql] SELECT COUNT(*) AS think_count FROM `ds_pay_setting` LIMIT 1 [ RunTime:0.000301s ]
[2022-09-06 12:00:06][sql] SELECT * FROM `ds_pay_setting` ORDER BY `id` DESC LIMIT 0,15 [ RunTime:0.000302s ]
[2022-09-06 12:00:14][sql] CONNECT:[ UseTime:0.000529s ] mysql:host=127.0.0.1;port=3306;dbname=webs;charset=utf8
[2022-09-06 12:00:14][sql] SHOW FULL COLUMNS FROM `ds_pay_setting` [ RunTime:0.000928s ]
[2022-09-06 12:00:14][sql] SELECT * FROM `ds_pay_setting` WHERE  `id` = 36 LIMIT 1 [ RunTime:0.000400s ]
[2022-09-06 12:00:14][sql] SHOW FULL COLUMNS FROM `ds_system_config` [ RunTime:0.000838s ]
[2022-09-06 12:00:14][sql] SELECT `value` FROM `ds_system_config` WHERE  `group` = 'site'  AND `name` = 'site_name' LIMIT 1 [ RunTime:0.000369s ]
[2022-09-06 12:00:17][sql] CONNECT:[ UseTime:0.000435s ] mysql:host=127.0.0.1;port=3306;dbname=webs;charset=utf8
[2022-09-06 12:00:17][sql] SHOW FULL COLUMNS FROM `ds_pay_setting` [ RunTime:0.000882s ]
[2022-09-06 12:00:17][sql] SELECT * FROM `ds_pay_setting` WHERE  `id` = 35 LIMIT 1 [ RunTime:0.000392s ]
[2022-09-06 12:00:17][sql] SHOW FULL COLUMNS FROM `ds_system_config` [ RunTime:0.001024s ]
[2022-09-06 12:00:17][sql] SELECT `value` FROM `ds_system_config` WHERE  `group` = 'site'  AND `name` = 'site_name' LIMIT 1 [ RunTime:0.000310s ]
[2022-09-06 12:01:15][sql] CONNECT:[ UseTime:0.000453s ] mysql:host=127.0.0.1;port=3306;dbname=webs;charset=utf8
[2022-09-06 12:01:15][sql] show tables like 'ds_system_log_202209' [ RunTime:0.000418s ]
[2022-09-06 12:01:15][sql] SHOW FULL COLUMNS FROM `ds_system_log_202209` [ RunTime:0.000823s ]
[2022-09-06 12:01:15][sql] INSERT INTO `ds_system_log_202209` SET `admin_id` = 1 , `url` = '/admin/paysetting/edit?id=35' , `method` = 'post' , `ip` = '124.152.241.21' , `content` = '{"id":"35","title":"支付宝-叮咚API","app_id":"220821822","app_key":"kxafl2wgvu3nhoy6f1feqts29iretegn","pay_url":"https:\/\/jh.ddmzf.com\/Pay_Index.html","pay_channel":"944","pay_model":"chuanqi","pay_fudong":"0","status":"1"}' , `useragent` = 'Mozilla/5.0 (Macintosh; Intel Mac OS X 10_15_7) AppleWebKit/537.36 (KHTML, like Gecko) Chrome/105.0.0.0 Safari/537.36' , `create_time` = 1662436875 [ RunTime:0.000369s ]
[2022-09-06 12:01:15][sql] SHOW FULL COLUMNS FROM `ds_pay_setting` [ RunTime:0.001109s ]
[2022-09-06 12:01:15][sql] SELECT * FROM `ds_pay_setting` WHERE  `id` = 35 LIMIT 1 [ RunTime:0.000312s ]
[2022-09-06 12:01:15][sql] UPDATE `ds_pay_setting`  SET `pay_channel` = '944'  WHERE  `id` = 35 [ RunTime:0.000358s ]
[2022-09-06 12:01:19][sql] CONNECT:[ UseTime:0.000477s ] mysql:host=127.0.0.1;port=3306;dbname=webs;charset=utf8
[2022-09-06 12:01:19][sql] SHOW FULL COLUMNS FROM `ds_pay_setting` [ RunTime:0.000964s ]
[2022-09-06 12:01:19][sql] SELECT COUNT(*) AS think_count FROM `ds_pay_setting` LIMIT 1 [ RunTime:0.000349s ]
[2022-09-06 12:01:19][sql] SELECT * FROM `ds_pay_setting` ORDER BY `id` DESC LIMIT 0,15 [ RunTime:0.000295s ]
[2022-09-06 12:22:24][sql] CONNECT:[ UseTime:0.000576s ] mysql:host=127.0.0.1;port=3306;dbname=webs;charset=utf8
[2022-09-06 12:22:24][sql] SHOW FULL COLUMNS FROM `ds_system_config` [ RunTime:0.000883s ]
[2022-09-06 12:22:24][sql] SELECT `value` FROM `ds_system_config` WHERE  `group` = 'site'  AND `name` = 'site_name' LIMIT 1 [ RunTime:0.000330s ]
[2022-09-06 12:22:24][sql] SELECT `value` FROM `ds_system_config` WHERE  `group` = 'site'  AND `name` = 'site_bg' LIMIT 1 [ RunTime:0.000244s ]
[2022-09-06 12:22:24][sql] SELECT `value` FROM `ds_system_config` WHERE  `group` = 'site'  AND `name` = 'logo_image' LIMIT 1 [ RunTime:0.000209s ]
[2022-09-06 12:22:24][sql] SELECT `value` FROM `ds_system_config` WHERE  `group` = 'site'  AND `name` = 'site_wechat' LIMIT 1 [ RunTime:0.000185s ]
[2022-09-06 12:22:24][sql] SELECT `value` FROM `ds_system_config` WHERE  `group` = 'site'  AND `name` = 'site_qq' LIMIT 1 [ RunTime:0.000183s ]
[2022-09-06 12:22:24][sql] SELECT `value` FROM `ds_system_config` WHERE  `group` = 'site'  AND `name` = 'site_title' LIMIT 1 [ RunTime:0.000248s ]
[2022-09-06 12:22:24][sql] SELECT `value` FROM `ds_system_config` WHERE  `group` = 'site'  AND `name` = 'site_slogan' LIMIT 1 [ RunTime:0.000216s ]
[2022-09-06 12:22:24][sql] SELECT `value` FROM `ds_system_config` WHERE  `group` = 'site'  AND `name` = 'site_name' LIMIT 1 [ RunTime:0.000231s ]
[2022-09-06 12:22:24][sql] SELECT `value` FROM `ds_system_config` WHERE  `group` = 'site'  AND `name` = 'site_content' LIMIT 1 [ RunTime:0.000302s ]
[2022-09-06 12:22:30][sql] CONNECT:[ UseTime:0.000508s ] mysql:host=127.0.0.1;port=3306;dbname=webs;charset=utf8
[2022-09-06 12:22:30][sql] show tables like 'ds_system_log_202209' [ RunTime:0.000494s ]
[2022-09-06 12:22:30][sql] SHOW FULL COLUMNS FROM `ds_system_log_202209` [ RunTime:0.000852s ]
[2022-09-06 12:22:30][sql] INSERT INTO `ds_system_log_202209` SET `admin_id` = NULL , `url` = '/admin/login/index' , `method` = 'post' , `ip` = '124.152.241.21' , `content` = '{"username":"ds001","password":"ed696eb5bba1f7460585cc6975e6cf9bf24903dd","captcha":"9254","keep_login":"0"}' , `useragent` = 'Mozilla/5.0 (Macintosh; Intel Mac OS X 10_15_7) AppleWebKit/537.36 (KHTML, like Gecko) Chrome/105.0.0.0 Safari/537.36' , `create_time` = 1662438150 [ RunTime:0.000512s ]
[2022-09-06 12:22:30][sql] SHOW FULL COLUMNS FROM `ds_system_admin` [ RunTime:0.001195s ]
[2022-09-06 12:22:30][sql] SELECT * FROM `ds_system_admin` WHERE (  `username` = 'ds001' ) AND `ds_system_admin`.`delete_time` IS NULL LIMIT 1 [ RunTime:0.000600s ]
[2022-09-06 12:22:30][sql] UPDATE `ds_system_admin`  SET `login_num` = 24 , `update_time` = 1662438150  WHERE (  `id` = 182 ) AND `ds_system_admin`.`delete_time` IS NULL [ RunTime:0.000442s ]
[2022-09-06 12:22:30][sql] SELECT * FROM `ds_system_admin` WHERE (  `id` = 1 ) AND `ds_system_admin`.`delete_time` IS NULL LIMIT 1 [ RunTime:0.000430s ]
[2022-09-06 12:22:30][sql] SELECT * FROM `ds_system_admin` WHERE (  `id` = 1 ) AND `ds_system_admin`.`delete_time` IS NULL LIMIT 1 [ RunTime:0.000359s ]
[2022-09-06 12:22:32][sql] CONNECT:[ UseTime:0.000593s ] mysql:host=127.0.0.1;port=3306;dbname=webs;charset=utf8
[2022-09-06 12:22:32][sql] SHOW FULL COLUMNS FROM `ds_system_config` [ RunTime:0.001004s ]
[2022-09-06 12:22:32][sql] SELECT `value` FROM `ds_system_config` WHERE  `group` = 'site'  AND `name` = 'site_name' LIMIT 1 [ RunTime:0.000408s ]
[2022-09-06 12:22:33][sql] CONNECT:[ UseTime:0.000463s ] mysql:host=127.0.0.1;port=3306;dbname=webs;charset=utf8
[2022-09-06 12:22:33][sql] SHOW FULL COLUMNS FROM `ds_notify` [ RunTime:0.000891s ]
[2022-09-06 12:22:33][sql] SELECT * FROM `ds_notify` WHERE  `is_show` = 1 ORDER BY `create_time` DESC LIMIT 1 [ RunTime:0.000351s ]
[2022-09-06 12:22:33][sql] SHOW FULL COLUMNS FROM `ds_system_quick` [ RunTime:0.000684s ]
[2022-09-06 12:22:33][sql] SELECT `id`,`title`,`icon`,`href` FROM `ds_system_quick` WHERE (  `status` = 1 ) AND `ds_system_quick`.`delete_time` IS NULL ORDER BY `sort` DESC LIMIT 8 [ RunTime:0.000537s ]
[2022-09-06 12:22:33][sql] SHOW FULL COLUMNS FROM `ds_system_admin` [ RunTime:0.000887s ]
[2022-09-06 12:22:33][sql] SELECT * FROM `ds_system_admin` WHERE (  `id` = 182 ) AND `ds_system_admin`.`delete_time` IS NULL LIMIT 1 [ RunTime:0.000425s ]
[2022-09-06 12:22:33][sql] SELECT * FROM `ds_system_admin` WHERE (  `id` = 182 ) AND `ds_system_admin`.`delete_time` IS NULL LIMIT 1 [ RunTime:0.000445s ]
[2022-09-06 12:22:33][sql] SHOW FULL COLUMNS FROM `ds_outlay` [ RunTime:0.000774s ]
[2022-09-06 12:22:33][sql] SELECT SUM(`money`) AS think_sum FROM `ds_outlay` WHERE  `status` = 0 LIMIT 1 [ RunTime:0.000287s ]
[2022-09-06 12:22:33][sql] SHOW FULL COLUMNS FROM `ds_payed_show` [ RunTime:0.000875s ]
[2022-09-06 12:22:33][sql] SELECT COUNT(DISTINCT `ip`) AS think_count FROM `ds_payed_show` WHERE  `uid` = 182  AND `is_tj` = 1  AND `is_kouliang` = 1 LIMIT 1 [ RunTime:0.019608s ]
[2022-09-06 12:22:33][sql] SHOW FULL COLUMNS FROM `ds_tj` [ RunTime:0.000932s ]
[2022-09-06 12:22:33][sql] SELECT COUNT(*) AS think_count FROM `ds_tj` WHERE  `uid` = 182  AND `create_time` BETWEEN 1662393600 AND 1662479999 LIMIT 1 [ RunTime:0.000379s ]
[2022-09-06 12:22:33][sql] SHOW FULL COLUMNS FROM `ds_pay_order` [ RunTime:0.000893s ]
[2022-09-06 12:22:33][sql] SELECT COUNT(*) AS think_count FROM `ds_pay_order` WHERE  `uid` = 182  AND `is_kouliang` = '1'  AND `status` = '1'  AND `is_tj` = 1 LIMIT 1 [ RunTime:0.000721s ]
[2022-09-06 12:22:33][sql] SELECT SUM(`price`) AS think_sum FROM `ds_pay_order` WHERE  `uid` = 182  AND `is_kouliang` = '1'  AND `status` = '1'  AND `is_tj` = 1 LIMIT 1 [ RunTime:0.000402s ]
[2022-09-06 12:22:33][sql] SELECT SUM(`price`) AS think_sum FROM `ds_pay_order` WHERE  `uid` = 182  AND `is_kouliang` = '1'  AND `status` = '1'  AND `is_tj` = 1  AND `createtime` BETWEEN 1662393600 AND 1662479999 LIMIT 1 [ RunTime:0.000395s ]
[2022-09-06 12:22:33][sql] SELECT COUNT(*) AS think_count FROM `ds_pay_order` WHERE  `uid` = 182  AND `is_kouliang` = '1'  AND `status` = '1'  AND `is_tj` = 1  AND `createtime` BETWEEN 1662393600 AND 1662479999 LIMIT 1 [ RunTime:0.000400s ]
[2022-09-06 12:22:33][sql] SELECT SUM(`price`) AS think_sum FROM `ds_pay_order` WHERE  `uid` = 182  AND `is_kouliang` = '1'  AND `status` = '1'  AND `is_tj` = 1  AND `createtime` BETWEEN 1662307200 AND 1662393599 LIMIT 1 [ RunTime:0.000289s ]
[2022-09-06 12:22:33][sql] SELECT COUNT(*) AS think_count FROM `ds_pay_order` WHERE  `uid` = 182  AND `is_kouliang` = '1'  AND `status` = '1'  AND `is_tj` = 1  AND `createtime` BETWEEN 1662307200 AND 1662393599 LIMIT 1 [ RunTime:0.000304s ]
[2022-09-06 12:22:33][sql] SELECT `id`,`createtime` FROM `ds_pay_order` WHERE  `uid` = 182  AND `status` = '2'  AND `createtime` BETWEEN 1662307200 AND 1662911999  AND `is_tj` = 1  AND `is_kouliang` = '1' [ RunTime:0.000444s ]
[2022-09-06 12:22:33][sql] SELECT `id`,`createtime` FROM `ds_pay_order` WHERE  `uid` = 182  AND `status` = '1'  AND `createtime` BETWEEN 1662307200 AND 1662911999  AND `is_tj` = 1  AND `is_kouliang` = '1' [ RunTime:0.000370s ]
[2022-09-06 12:22:33][sql] SHOW FULL COLUMNS FROM `ds_system_config` [ RunTime:0.000825s ]
[2022-09-06 12:22:33][sql] SELECT `value` FROM `ds_system_config` WHERE  `group` = 'site'  AND `name` = 'site_name' LIMIT 1 [ RunTime:0.000325s ]
[2022-09-06 12:22:38][sql] CONNECT:[ UseTime:0.000594s ] mysql:host=127.0.0.1;port=3306;dbname=webs;charset=utf8
[2022-09-06 12:22:38][sql] SHOW FULL COLUMNS FROM `ds_system_admin` [ RunTime:0.001303s ]
[2022-09-06 12:22:38][sql] SELECT * FROM `ds_system_admin` WHERE  `id` = 182  AND `status` = 1 LIMIT 1 [ RunTime:0.000559s ]
[2022-09-06 12:22:38][sql] SHOW FULL COLUMNS FROM `ds_system_auth` [ RunTime:0.000768s ]
[2022-09-06 12:22:38][sql] SHOW FULL COLUMNS FROM `ds_system_auth_node` [ RunTime:0.000673s ]
[2022-09-06 12:22:38][sql] SHOW FULL COLUMNS FROM `ds_system_node` [ RunTime:0.000796s ]
[2022-09-06 12:22:38][sql] SELECT DISTINCT  `node` FROM `ds_system_node` WHERE  ( id IN ( SELECT DISTINCT  `node_id` FROM `ds_system_auth_node` WHERE  ( auth_id IN ( SELECT DISTINCT  `id` FROM `ds_system_auth` WHERE  `id` = 7 ) ) ) ) [ RunTime:0.000704s ]
[2022-09-06 12:22:38][sql] SHOW FULL COLUMNS FROM `ds_muban` [ RunTime:0.000981s ]
[2022-09-06 12:22:38][sql] SELECT * FROM `ds_muban` WHERE (  `status` = 1 ) AND `ds_muban`.`delete_time` IS NULL [ RunTime:0.000419s ]
[2022-09-06 12:22:38][sql] SELECT * FROM `ds_system_admin` WHERE (  `id` = 182 ) AND `ds_system_admin`.`delete_time` IS NULL LIMIT 1 [ RunTime:0.000541s ]
[2022-09-06 12:22:38][sql] SELECT * FROM `ds_system_admin` WHERE (  `id` = 182 ) AND `ds_system_admin`.`delete_time` IS NULL LIMIT 1 [ RunTime:0.000454s ]
[2022-09-06 12:22:38][sql] SHOW FULL COLUMNS FROM `ds_pay_setting` [ RunTime:0.000947s ]
[2022-09-06 12:22:38][sql] SELECT * FROM `ds_pay_setting` WHERE  `pay_model` = 'chuanqi' [ RunTime:0.000368s ]
[2022-09-06 12:22:38][sql] SHOW FULL COLUMNS FROM `ds_price` [ RunTime:0.000780s ]
[2022-09-06 12:22:38][sql] SELECT * FROM `ds_price` WHERE  `pay_model` = '1'  AND `uid` = 182 [ RunTime:0.000457s ]
[2022-09-06 12:22:38][sql] SELECT * FROM `ds_price` WHERE  `pay_model` = '2'  AND `uid` = 182 [ RunTime:0.000421s ]
[2022-09-06 12:22:38][sql] SHOW FULL COLUMNS FROM `ds_system_config` [ RunTime:0.000732s ]
[2022-09-06 12:22:38][sql] SELECT `value` FROM `ds_system_config` WHERE  `group` = 'site'  AND `name` = 'site_name' LIMIT 1 [ RunTime:0.000292s ]
[2022-09-06 12:22:38][sql] SELECT `value` FROM `ds_system_config` WHERE  `group` = 'jg'  AND `name` = 'jg_topen' LIMIT 1 [ RunTime:0.000288s ]
[2022-09-06 12:22:38][sql] SELECT `value` FROM `ds_system_config` WHERE  `group` = 'jg'  AND `name` = 'jp_wopen' LIMIT 1 [ RunTime:0.000205s ]
[2022-09-06 12:22:38][sql] SELECT `value` FROM `ds_system_config` WHERE  `group` = 'jg'  AND `name` = 'jg_yopen' LIMIT 1 [ RunTime:0.000202s ]
[2022-09-06 12:22:38][sql] SELECT `value` FROM `ds_system_config` WHERE  `group` = 'jg'  AND `name` = 'jg_topen' LIMIT 1 [ RunTime:0.000210s ]
[2022-09-06 12:22:38][sql] SELECT `value` FROM `ds_system_config` WHERE  `group` = 'jg'  AND `name` = 'jp_wopen' LIMIT 1 [ RunTime:0.000185s ]
[2022-09-06 12:22:38][sql] SELECT `value` FROM `ds_system_config` WHERE  `group` = 'jg'  AND `name` = 'jg_yopen' LIMIT 1 [ RunTime:0.000261s ]
[2022-09-06 12:22:38][sql] SELECT `value` FROM `ds_system_config` WHERE  `group` = 'jp'  AND `name` = 'fb_min_money' LIMIT 1 [ RunTime:0.000259s ]
[2022-09-06 12:22:38][sql] SELECT `value` FROM `ds_system_config` WHERE  `group` = 'jp'  AND `name` = 'fb_max_money' LIMIT 1 [ RunTime:0.000232s ]
[2022-09-06 12:22:38][sql] SELECT `value` FROM `ds_system_config` WHERE  `group` = 'jg'  AND `name` = 'jg_topen' LIMIT 1 [ RunTime:0.000220s ]
[2022-09-06 12:22:38][sql] SELECT `value` FROM `ds_system_config` WHERE  `group` = 'jg'  AND `name` = 'jg_tmin' LIMIT 1 [ RunTime:0.000211s ]
[2022-09-06 12:22:38][sql] SELECT `value` FROM `ds_system_config` WHERE  `group` = 'jg'  AND `name` = 'jg_tmax' LIMIT 1 [ RunTime:0.000191s ]
[2022-09-06 12:22:38][sql] SELECT `value` FROM `ds_system_config` WHERE  `group` = 'jg'  AND `name` = 'jp_wopen' LIMIT 1 [ RunTime:0.000213s ]
[2022-09-06 12:22:38][sql] SELECT `value` FROM `ds_system_config` WHERE  `group` = 'jg'  AND `name` = 'jp_min' LIMIT 1 [ RunTime:0.000208s ]
[2022-09-06 12:22:38][sql] SELECT `value` FROM `ds_system_config` WHERE  `group` = 'jg'  AND `name` = 'jp_max' LIMIT 1 [ RunTime:0.000286s ]
[2022-09-06 12:22:38][sql] SELECT `value` FROM `ds_system_config` WHERE  `group` = 'jg'  AND `name` = 'jg_yopen' LIMIT 1 [ RunTime:0.000215s ]
[2022-09-06 12:22:38][sql] SELECT `value` FROM `ds_system_config` WHERE  `group` = 'jg'  AND `name` = 'jg_ymin' LIMIT 1 [ RunTime:0.000227s ]
[2022-09-06 12:22:38][sql] SELECT `value` FROM `ds_system_config` WHERE  `group` = 'jg'  AND `name` = 'jg_ymax' LIMIT 1 [ RunTime:0.000292s ]
[2022-09-06 13:41:38][sql] CONNECT:[ UseTime:0.001596s ] mysql:host=127.0.0.1;port=3306;dbname=webs;charset=utf8
[2022-09-06 13:41:38][sql] show tables like 'ds_system_log_202209' [ RunTime:0.001250s ]
[2022-09-06 13:41:38][sql] SHOW FULL COLUMNS FROM `ds_system_log_202209` [ RunTime:0.001821s ]
[2022-09-06 13:41:38][sql] INSERT INTO `ds_system_log_202209` SET `admin_id` = 182 , `url` = '/admin/peizhi/index.html' , `method` = 'post' , `ip` = '124.152.241.21' , `content` = '{"title":"【H8】","muban":"","id":"8"}' , `useragent` = 'Mozilla/5.0 (Macintosh; Intel Mac OS X 10_15_7) AppleWebKit/537.36 (KHTML, like Gecko) Chrome/105.0.0.0 Safari/537.36' , `create_time` = 1662442898 [ RunTime:0.001285s ]
[2022-09-06 13:41:38][sql] SHOW FULL COLUMNS FROM `ds_system_admin` [ RunTime:0.001354s ]
[2022-09-06 13:41:38][sql] SELECT * FROM `ds_system_admin` WHERE  `id` = 182  AND `status` = 1 LIMIT 1 [ RunTime:0.000836s ]
[2022-09-06 13:41:38][sql] SHOW FULL COLUMNS FROM `ds_system_auth` [ RunTime:0.000780s ]
[2022-09-06 13:41:38][sql] SHOW FULL COLUMNS FROM `ds_system_auth_node` [ RunTime:0.000694s ]
[2022-09-06 13:41:38][sql] SHOW FULL COLUMNS FROM `ds_system_node` [ RunTime:0.000779s ]
[2022-09-06 13:41:38][sql] SELECT DISTINCT  `node` FROM `ds_system_node` WHERE  ( id IN ( SELECT DISTINCT  `node_id` FROM `ds_system_auth_node` WHERE  ( auth_id IN ( SELECT DISTINCT  `id` FROM `ds_system_auth` WHERE  `id` = 7 ) ) ) ) [ RunTime:0.001043s ]
[2022-09-06 13:41:38][sql] UPDATE `ds_system_admin`  SET `view_id` = 8 , `update_time` = 1662442898  WHERE (  `id` = 182 ) AND `ds_system_admin`.`delete_time` IS NULL [ RunTime:0.000655s ]
[2022-09-06 13:41:38][sql] SELECT * FROM `ds_system_admin` WHERE (  `id` = 1 ) AND `ds_system_admin`.`delete_time` IS NULL LIMIT 1 [ RunTime:0.000553s ]
[2022-09-06 13:41:38][sql] SELECT * FROM `ds_system_admin` WHERE (  `id` = 1 ) AND `ds_system_admin`.`delete_time` IS NULL LIMIT 1 [ RunTime:0.000334s ]
[2022-09-06 13:41:41][sql] CONNECT:[ UseTime:0.000699s ] mysql:host=127.0.0.1;port=3306;dbname=webs;charset=utf8
[2022-09-06 13:41:41][sql] SHOW FULL COLUMNS FROM `ds_system_config` [ RunTime:0.001072s ]
[2022-09-06 13:41:41][sql] SELECT `value` FROM `ds_system_config` WHERE  `group` = 'site'  AND `name` = 'site_name' LIMIT 1 [ RunTime:0.000428s ]
[2022-09-06 13:41:42][sql] CONNECT:[ UseTime:0.000423s ] mysql:host=127.0.0.1;port=3306;dbname=webs;charset=utf8
[2022-09-06 13:41:42][sql] SHOW FULL COLUMNS FROM `ds_system_admin` [ RunTime:0.001014s ]
[2022-09-06 13:41:42][sql] SELECT * FROM `ds_system_admin` WHERE  `id` = 182  AND `status` = 1 LIMIT 1 [ RunTime:0.000365s ]
[2022-09-06 13:41:42][sql] SHOW FULL COLUMNS FROM `ds_system_auth` [ RunTime:0.000740s ]
[2022-09-06 13:41:42][sql] SHOW FULL COLUMNS FROM `ds_system_auth_node` [ RunTime:0.000644s ]
[2022-09-06 13:41:42][sql] SHOW FULL COLUMNS FROM `ds_system_node` [ RunTime:0.000594s ]
[2022-09-06 13:41:42][sql] SELECT DISTINCT  `node` FROM `ds_system_node` WHERE  ( id IN ( SELECT DISTINCT  `node_id` FROM `ds_system_auth_node` WHERE  ( auth_id IN ( SELECT DISTINCT  `id` FROM `ds_system_auth` WHERE  `id` = 7 ) ) ) ) [ RunTime:0.000452s ]
[2022-09-06 13:41:42][sql] SHOW FULL COLUMNS FROM `ds_muban` [ RunTime:0.000686s ]
[2022-09-06 13:41:42][sql] SELECT * FROM `ds_muban` WHERE (  `status` = 1 ) AND `ds_muban`.`delete_time` IS NULL [ RunTime:0.000298s ]
[2022-09-06 13:41:42][sql] SELECT * FROM `ds_system_admin` WHERE (  `id` = 182 ) AND `ds_system_admin`.`delete_time` IS NULL LIMIT 1 [ RunTime:0.000353s ]
[2022-09-06 13:41:42][sql] SELECT * FROM `ds_system_admin` WHERE (  `id` = 182 ) AND `ds_system_admin`.`delete_time` IS NULL LIMIT 1 [ RunTime:0.000340s ]
[2022-09-06 13:41:42][sql] SHOW FULL COLUMNS FROM `ds_pay_setting` [ RunTime:0.000751s ]
[2022-09-06 13:41:42][sql] SELECT * FROM `ds_pay_setting` WHERE  `pay_model` = 'chuanqi' [ RunTime:0.000323s ]
[2022-09-06 13:41:42][sql] SHOW FULL COLUMNS FROM `ds_price` [ RunTime:0.000746s ]
[2022-09-06 13:41:42][sql] SELECT * FROM `ds_price` WHERE  `pay_model` = '1'  AND `uid` = 182 [ RunTime:0.000405s ]
[2022-09-06 13:41:42][sql] SELECT * FROM `ds_price` WHERE  `pay_model` = '2'  AND `uid` = 182 [ RunTime:0.000331s ]
[2022-09-06 13:41:42][sql] SHOW FULL COLUMNS FROM `ds_system_config` [ RunTime:0.000733s ]
[2022-09-06 13:41:42][sql] SELECT `value` FROM `ds_system_config` WHERE  `group` = 'site'  AND `name` = 'site_name' LIMIT 1 [ RunTime:0.000230s ]
[2022-09-06 13:41:42][sql] SELECT `value` FROM `ds_system_config` WHERE  `group` = 'jg'  AND `name` = 'jg_topen' LIMIT 1 [ RunTime:0.000262s ]
[2022-09-06 13:41:42][sql] SELECT `value` FROM `ds_system_config` WHERE  `group` = 'jg'  AND `name` = 'jp_wopen' LIMIT 1 [ RunTime:0.000216s ]
[2022-09-06 13:41:42][sql] SELECT `value` FROM `ds_system_config` WHERE  `group` = 'jg'  AND `name` = 'jg_yopen' LIMIT 1 [ RunTime:0.000251s ]
[2022-09-06 13:41:42][sql] SELECT `value` FROM `ds_system_config` WHERE  `group` = 'jg'  AND `name` = 'jg_topen' LIMIT 1 [ RunTime:0.000231s ]
[2022-09-06 13:41:42][sql] SELECT `value` FROM `ds_system_config` WHERE  `group` = 'jg'  AND `name` = 'jp_wopen' LIMIT 1 [ RunTime:0.000198s ]
[2022-09-06 13:41:42][sql] SELECT `value` FROM `ds_system_config` WHERE  `group` = 'jg'  AND `name` = 'jg_yopen' LIMIT 1 [ RunTime:0.000265s ]
[2022-09-06 13:41:42][sql] SELECT `value` FROM `ds_system_config` WHERE  `group` = 'jp'  AND `name` = 'fb_min_money' LIMIT 1 [ RunTime:0.000250s ]
[2022-09-06 13:41:42][sql] SELECT `value` FROM `ds_system_config` WHERE  `group` = 'jp'  AND `name` = 'fb_max_money' LIMIT 1 [ RunTime:0.000229s ]
[2022-09-06 13:41:42][sql] SELECT `value` FROM `ds_system_config` WHERE  `group` = 'jg'  AND `name` = 'jg_topen' LIMIT 1 [ RunTime:0.000234s ]
[2022-09-06 13:41:42][sql] SELECT `value` FROM `ds_system_config` WHERE  `group` = 'jg'  AND `name` = 'jg_tmin' LIMIT 1 [ RunTime:0.000362s ]
[2022-09-06 13:41:42][sql] SELECT `value` FROM `ds_system_config` WHERE  `group` = 'jg'  AND `name` = 'jg_tmax' LIMIT 1 [ RunTime:0.000242s ]
[2022-09-06 13:41:42][sql] SELECT `value` FROM `ds_system_config` WHERE  `group` = 'jg'  AND `name` = 'jp_wopen' LIMIT 1 [ RunTime:0.000216s ]
[2022-09-06 13:41:42][sql] SELECT `value` FROM `ds_system_config` WHERE  `group` = 'jg'  AND `name` = 'jp_min' LIMIT 1 [ RunTime:0.000249s ]
[2022-09-06 13:41:42][sql] SELECT `value` FROM `ds_system_config` WHERE  `group` = 'jg'  AND `name` = 'jp_max' LIMIT 1 [ RunTime:0.000239s ]
[2022-09-06 13:41:42][sql] SELECT `value` FROM `ds_system_config` WHERE  `group` = 'jg'  AND `name` = 'jg_yopen' LIMIT 1 [ RunTime:0.000209s ]
[2022-09-06 13:41:42][sql] SELECT `value` FROM `ds_system_config` WHERE  `group` = 'jg'  AND `name` = 'jg_ymin' LIMIT 1 [ RunTime:0.000211s ]
[2022-09-06 13:41:42][sql] SELECT `value` FROM `ds_system_config` WHERE  `group` = 'jg'  AND `name` = 'jg_ymax' LIMIT 1 [ RunTime:0.000241s ]
[2022-09-06 13:41:42][sql] CONNECT:[ UseTime:0.000551s ] mysql:host=127.0.0.1;port=3306;dbname=webs;charset=utf8
[2022-09-06 13:41:42][sql] SHOW FULL COLUMNS FROM `ds_notify` [ RunTime:0.001058s ]
[2022-09-06 13:41:42][sql] SELECT * FROM `ds_notify` WHERE  `is_show` = 1 ORDER BY `create_time` DESC LIMIT 1 [ RunTime:0.000373s ]
[2022-09-06 13:41:42][sql] SHOW FULL COLUMNS FROM `ds_system_quick` [ RunTime:0.000740s ]
[2022-09-06 13:41:42][sql] SELECT `id`,`title`,`icon`,`href` FROM `ds_system_quick` WHERE (  `status` = 1 ) AND `ds_system_quick`.`delete_time` IS NULL ORDER BY `sort` DESC LIMIT 8 [ RunTime:0.000307s ]
[2022-09-06 13:41:42][sql] SHOW FULL COLUMNS FROM `ds_system_admin` [ RunTime:0.000815s ]
[2022-09-06 13:41:42][sql] SELECT * FROM `ds_system_admin` WHERE (  `id` = 182 ) AND `ds_system_admin`.`delete_time` IS NULL LIMIT 1 [ RunTime:0.000354s ]
[2022-09-06 13:41:42][sql] SELECT * FROM `ds_system_admin` WHERE (  `id` = 182 ) AND `ds_system_admin`.`delete_time` IS NULL LIMIT 1 [ RunTime:0.000303s ]
[2022-09-06 13:41:42][sql] SHOW FULL COLUMNS FROM `ds_outlay` [ RunTime:0.000738s ]
[2022-09-06 13:41:42][sql] SELECT SUM(`money`) AS think_sum FROM `ds_outlay` WHERE  `status` = 0 LIMIT 1 [ RunTime:0.000312s ]
[2022-09-06 13:41:42][sql] SHOW FULL COLUMNS FROM `ds_payed_show` [ RunTime:0.000706s ]
[2022-09-06 13:41:42][sql] SELECT COUNT(DISTINCT `ip`) AS think_count FROM `ds_payed_show` WHERE  `uid` = 182  AND `is_tj` = 1  AND `is_kouliang` = 1 LIMIT 1 [ RunTime:0.022200s ]
[2022-09-06 13:41:42][sql] SHOW FULL COLUMNS FROM `ds_tj` [ RunTime:0.000829s ]
[2022-09-06 13:41:42][sql] SELECT COUNT(*) AS think_count FROM `ds_tj` WHERE  `uid` = 182  AND `create_time` BETWEEN 1662393600 AND 1662479999 LIMIT 1 [ RunTime:0.000304s ]
[2022-09-06 13:41:42][sql] SHOW FULL COLUMNS FROM `ds_pay_order` [ RunTime:0.001088s ]
[2022-09-06 13:41:42][sql] SELECT COUNT(*) AS think_count FROM `ds_pay_order` WHERE  `uid` = 182  AND `is_kouliang` = '1'  AND `status` = '1'  AND `is_tj` = 1 LIMIT 1 [ RunTime:0.000684s ]
[2022-09-06 13:41:42][sql] SELECT SUM(`price`) AS think_sum FROM `ds_pay_order` WHERE  `uid` = 182  AND `is_kouliang` = '1'  AND `status` = '1'  AND `is_tj` = 1 LIMIT 1 [ RunTime:0.000358s ]
[2022-09-06 13:41:42][sql] SELECT SUM(`price`) AS think_sum FROM `ds_pay_order` WHERE  `uid` = 182  AND `is_kouliang` = '1'  AND `status` = '1'  AND `is_tj` = 1  AND `createtime` BETWEEN 1662393600 AND 1662479999 LIMIT 1 [ RunTime:0.000383s ]
[2022-09-06 13:41:42][sql] SELECT COUNT(*) AS think_count FROM `ds_pay_order` WHERE  `uid` = 182  AND `is_kouliang` = '1'  AND `status` = '1'  AND `is_tj` = 1  AND `createtime` BETWEEN 1662393600 AND 1662479999 LIMIT 1 [ RunTime:0.000297s ]
[2022-09-06 13:41:42][sql] SELECT SUM(`price`) AS think_sum FROM `ds_pay_order` WHERE  `uid` = 182  AND `is_kouliang` = '1'  AND `status` = '1'  AND `is_tj` = 1  AND `createtime` BETWEEN 1662307200 AND 1662393599 LIMIT 1 [ RunTime:0.000327s ]
[2022-09-06 13:41:42][sql] SELECT COUNT(*) AS think_count FROM `ds_pay_order` WHERE  `uid` = 182  AND `is_kouliang` = '1'  AND `status` = '1'  AND `is_tj` = 1  AND `createtime` BETWEEN 1662307200 AND 1662393599 LIMIT 1 [ RunTime:0.000378s ]
[2022-09-06 13:41:42][sql] SELECT `id`,`createtime` FROM `ds_pay_order` WHERE  `uid` = 182  AND `status` = '2'  AND `createtime` BETWEEN 1662307200 AND 1662911999  AND `is_tj` = 1  AND `is_kouliang` = '1' [ RunTime:0.000444s ]
[2022-09-06 13:41:42][sql] SELECT `id`,`createtime` FROM `ds_pay_order` WHERE  `uid` = 182  AND `status` = '1'  AND `createtime` BETWEEN 1662307200 AND 1662911999  AND `is_tj` = 1  AND `is_kouliang` = '1' [ RunTime:0.000333s ]
[2022-09-06 13:41:42][sql] SHOW FULL COLUMNS FROM `ds_system_config` [ RunTime:0.000819s ]
[2022-09-06 13:41:42][sql] SELECT `value` FROM `ds_system_config` WHERE  `group` = 'site'  AND `name` = 'site_name' LIMIT 1 [ RunTime:0.000304s ]
[2022-09-06 13:42:24][sql] CONNECT:[ UseTime:0.000621s ] mysql:host=127.0.0.1;port=3306;dbname=webs;charset=utf8
[2022-09-06 13:42:24][sql] show tables like 'ds_system_log_202209' [ RunTime:0.000456s ]
[2022-09-06 13:42:24][sql] SHOW FULL COLUMNS FROM `ds_system_log_202209` [ RunTime:0.000918s ]
[2022-09-06 13:42:24][sql] INSERT INTO `ds_system_log_202209` SET `admin_id` = 182 , `url` = '/admin/peizhi/index.html' , `method` = 'post' , `ip` = '124.152.241.21' , `content` = '{"title":"【H7】","muban":"","id":"7"}' , `useragent` = 'Mozilla/5.0 (Macintosh; Intel Mac OS X 10_15_7) AppleWebKit/537.36 (KHTML, like Gecko) Chrome/105.0.0.0 Safari/537.36' , `create_time` = 1662442944 [ RunTime:0.000455s ]
[2022-09-06 13:42:24][sql] SHOW FULL COLUMNS FROM `ds_system_admin` [ RunTime:0.001048s ]
[2022-09-06 13:42:24][sql] SELECT * FROM `ds_system_admin` WHERE  `id` = 182  AND `status` = 1 LIMIT 1 [ RunTime:0.000417s ]
[2022-09-06 13:42:24][sql] SHOW FULL COLUMNS FROM `ds_system_auth` [ RunTime:0.000738s ]
[2022-09-06 13:42:24][sql] SHOW FULL COLUMNS FROM `ds_system_auth_node` [ RunTime:0.000676s ]
[2022-09-06 13:42:24][sql] SHOW FULL COLUMNS FROM `ds_system_node` [ RunTime:0.000660s ]
[2022-09-06 13:42:24][sql] SELECT DISTINCT  `node` FROM `ds_system_node` WHERE  ( id IN ( SELECT DISTINCT  `node_id` FROM `ds_system_auth_node` WHERE  ( auth_id IN ( SELECT DISTINCT  `id` FROM `ds_system_auth` WHERE  `id` = 7 ) ) ) ) [ RunTime:0.000551s ]
[2022-09-06 13:42:24][sql] UPDATE `ds_system_admin`  SET `view_id` = 7 , `update_time` = 1662442944  WHERE (  `id` = 182 ) AND `ds_system_admin`.`delete_time` IS NULL [ RunTime:0.000476s ]
[2022-09-06 13:42:24][sql] SELECT * FROM `ds_system_admin` WHERE (  `id` = 1 ) AND `ds_system_admin`.`delete_time` IS NULL LIMIT 1 [ RunTime:0.000410s ]
[2022-09-06 13:42:24][sql] SELECT * FROM `ds_system_admin` WHERE (  `id` = 1 ) AND `ds_system_admin`.`delete_time` IS NULL LIMIT 1 [ RunTime:0.000363s ]
[2022-09-06 13:42:26][sql] CONNECT:[ UseTime:0.000649s ] mysql:host=127.0.0.1;port=3306;dbname=webs;charset=utf8
[2022-09-06 13:42:26][sql] SHOW FULL COLUMNS FROM `ds_system_config` [ RunTime:0.000884s ]
[2022-09-06 13:42:26][sql] SELECT `value` FROM `ds_system_config` WHERE  `group` = 'site'  AND `name` = 'site_name' LIMIT 1 [ RunTime:0.000325s ]
[2022-09-06 13:42:27][sql] CONNECT:[ UseTime:0.000379s ] mysql:host=127.0.0.1;port=3306;dbname=webs;charset=utf8
[2022-09-06 13:42:27][sql] SHOW FULL COLUMNS FROM `ds_system_admin` [ RunTime:0.001041s ]
[2022-09-06 13:42:27][sql] SELECT * FROM `ds_system_admin` WHERE  `id` = 182  AND `status` = 1 LIMIT 1 [ RunTime:0.000414s ]
[2022-09-06 13:42:27][sql] SHOW FULL COLUMNS FROM `ds_system_auth` [ RunTime:0.000789s ]
[2022-09-06 13:42:27][sql] SHOW FULL COLUMNS FROM `ds_system_auth_node` [ RunTime:0.000611s ]
[2022-09-06 13:42:27][sql] SHOW FULL COLUMNS FROM `ds_system_node` [ RunTime:0.000730s ]
[2022-09-06 13:42:27][sql] SELECT DISTINCT  `node` FROM `ds_system_node` WHERE  ( id IN ( SELECT DISTINCT  `node_id` FROM `ds_system_auth_node` WHERE  ( auth_id IN ( SELECT DISTINCT  `id` FROM `ds_system_auth` WHERE  `id` = 7 ) ) ) ) [ RunTime:0.000471s ]
[2022-09-06 13:42:27][sql] SHOW FULL COLUMNS FROM `ds_muban` [ RunTime:0.000644s ]
[2022-09-06 13:42:27][sql] SELECT * FROM `ds_muban` WHERE (  `status` = 1 ) AND `ds_muban`.`delete_time` IS NULL [ RunTime:0.000257s ]
[2022-09-06 13:42:27][sql] SELECT * FROM `ds_system_admin` WHERE (  `id` = 182 ) AND `ds_system_admin`.`delete_time` IS NULL LIMIT 1 [ RunTime:0.000417s ]
[2022-09-06 13:42:27][sql] SELECT * FROM `ds_system_admin` WHERE (  `id` = 182 ) AND `ds_system_admin`.`delete_time` IS NULL LIMIT 1 [ RunTime:0.000332s ]
[2022-09-06 13:42:27][sql] SHOW FULL COLUMNS FROM `ds_pay_setting` [ RunTime:0.000749s ]
[2022-09-06 13:42:27][sql] SELECT * FROM `ds_pay_setting` WHERE  `pay_model` = 'chuanqi' [ RunTime:0.000267s ]
[2022-09-06 13:42:27][sql] SHOW FULL COLUMNS FROM `ds_price` [ RunTime:0.000630s ]
[2022-09-06 13:42:27][sql] SELECT * FROM `ds_price` WHERE  `pay_model` = '1'  AND `uid` = 182 [ RunTime:0.000322s ]
[2022-09-06 13:42:27][sql] SELECT * FROM `ds_price` WHERE  `pay_model` = '2'  AND `uid` = 182 [ RunTime:0.000323s ]
[2022-09-06 13:42:27][sql] SHOW FULL COLUMNS FROM `ds_system_config` [ RunTime:0.000595s ]
[2022-09-06 13:42:27][sql] SELECT `value` FROM `ds_system_config` WHERE  `group` = 'site'  AND `name` = 'site_name' LIMIT 1 [ RunTime:0.000258s ]
[2022-09-06 13:42:27][sql] SELECT `value` FROM `ds_system_config` WHERE  `group` = 'jg'  AND `name` = 'jg_topen' LIMIT 1 [ RunTime:0.000298s ]
[2022-09-06 13:42:27][sql] SELECT `value` FROM `ds_system_config` WHERE  `group` = 'jg'  AND `name` = 'jp_wopen' LIMIT 1 [ RunTime:0.000260s ]
[2022-09-06 13:42:27][sql] SELECT `value` FROM `ds_system_config` WHERE  `group` = 'jg'  AND `name` = 'jg_yopen' LIMIT 1 [ RunTime:0.000221s ]
[2022-09-06 13:42:27][sql] SELECT `value` FROM `ds_system_config` WHERE  `group` = 'jg'  AND `name` = 'jg_topen' LIMIT 1 [ RunTime:0.000203s ]
[2022-09-06 13:42:27][sql] SELECT `value` FROM `ds_system_config` WHERE  `group` = 'jg'  AND `name` = 'jp_wopen' LIMIT 1 [ RunTime:0.000229s ]
[2022-09-06 13:42:27][sql] SELECT `value` FROM `ds_system_config` WHERE  `group` = 'jg'  AND `name` = 'jg_yopen' LIMIT 1 [ RunTime:0.000207s ]
[2022-09-06 13:42:27][sql] SELECT `value` FROM `ds_system_config` WHERE  `group` = 'jp'  AND `name` = 'fb_min_money' LIMIT 1 [ RunTime:0.000316s ]
[2022-09-06 13:42:27][sql] SELECT `value` FROM `ds_system_config` WHERE  `group` = 'jp'  AND `name` = 'fb_max_money' LIMIT 1 [ RunTime:0.000207s ]
[2022-09-06 13:42:27][sql] SELECT `value` FROM `ds_system_config` WHERE  `group` = 'jg'  AND `name` = 'jg_topen' LIMIT 1 [ RunTime:0.000232s ]
[2022-09-06 13:42:27][sql] SELECT `value` FROM `ds_system_config` WHERE  `group` = 'jg'  AND `name` = 'jg_tmin' LIMIT 1 [ RunTime:0.000200s ]
[2022-09-06 13:42:27][sql] SELECT `value` FROM `ds_system_config` WHERE  `group` = 'jg'  AND `name` = 'jg_tmax' LIMIT 1 [ RunTime:0.000253s ]
[2022-09-06 13:42:27][sql] SELECT `value` FROM `ds_system_config` WHERE  `group` = 'jg'  AND `name` = 'jp_wopen' LIMIT 1 [ RunTime:0.000243s ]
[2022-09-06 13:42:27][sql] SELECT `value` FROM `ds_system_config` WHERE  `group` = 'jg'  AND `name` = 'jp_min' LIMIT 1 [ RunTime:0.000286s ]
[2022-09-06 13:42:27][sql] SELECT `value` FROM `ds_system_config` WHERE  `group` = 'jg'  AND `name` = 'jp_max' LIMIT 1 [ RunTime:0.000216s ]
[2022-09-06 13:42:27][sql] SELECT `value` FROM `ds_system_config` WHERE  `group` = 'jg'  AND `name` = 'jg_yopen' LIMIT 1 [ RunTime:0.000205s ]
[2022-09-06 13:42:27][sql] SELECT `value` FROM `ds_system_config` WHERE  `group` = 'jg'  AND `name` = 'jg_ymin' LIMIT 1 [ RunTime:0.000217s ]
[2022-09-06 13:42:27][sql] SELECT `value` FROM `ds_system_config` WHERE  `group` = 'jg'  AND `name` = 'jg_ymax' LIMIT 1 [ RunTime:0.000201s ]
[2022-09-06 13:42:27][sql] CONNECT:[ UseTime:0.000425s ] mysql:host=127.0.0.1;port=3306;dbname=webs;charset=utf8
[2022-09-06 13:42:27][sql] SHOW FULL COLUMNS FROM `ds_notify` [ RunTime:0.000913s ]
[2022-09-06 13:42:27][sql] SELECT * FROM `ds_notify` WHERE  `is_show` = 1 ORDER BY `create_time` DESC LIMIT 1 [ RunTime:0.000325s ]
[2022-09-06 13:42:27][sql] SHOW FULL COLUMNS FROM `ds_system_quick` [ RunTime:0.000653s ]
[2022-09-06 13:42:27][sql] SELECT `id`,`title`,`icon`,`href` FROM `ds_system_quick` WHERE (  `status` = 1 ) AND `ds_system_quick`.`delete_time` IS NULL ORDER BY `sort` DESC LIMIT 8 [ RunTime:0.000274s ]
[2022-09-06 13:42:27][sql] SHOW FULL COLUMNS FROM `ds_system_admin` [ RunTime:0.000827s ]
[2022-09-06 13:42:27][sql] SELECT * FROM `ds_system_admin` WHERE (  `id` = 182 ) AND `ds_system_admin`.`delete_time` IS NULL LIMIT 1 [ RunTime:0.000345s ]
[2022-09-06 13:42:27][sql] SELECT * FROM `ds_system_admin` WHERE (  `id` = 182 ) AND `ds_system_admin`.`delete_time` IS NULL LIMIT 1 [ RunTime:0.000296s ]
[2022-09-06 13:42:27][sql] SHOW FULL COLUMNS FROM `ds_outlay` [ RunTime:0.000697s ]
[2022-09-06 13:42:27][sql] SELECT SUM(`money`) AS think_sum FROM `ds_outlay` WHERE  `status` = 0 LIMIT 1 [ RunTime:0.000214s ]
[2022-09-06 13:42:27][sql] SHOW FULL COLUMNS FROM `ds_payed_show` [ RunTime:0.000698s ]
[2022-09-06 13:42:27][sql] SELECT COUNT(DISTINCT `ip`) AS think_count FROM `ds_payed_show` WHERE  `uid` = 182  AND `is_tj` = 1  AND `is_kouliang` = 1 LIMIT 1 [ RunTime:0.017280s ]
[2022-09-06 13:42:27][sql] SHOW FULL COLUMNS FROM `ds_tj` [ RunTime:0.000766s ]
[2022-09-06 13:42:27][sql] SELECT COUNT(*) AS think_count FROM `ds_tj` WHERE  `uid` = 182  AND `create_time` BETWEEN 1662393600 AND 1662479999 LIMIT 1 [ RunTime:0.000235s ]
[2022-09-06 13:42:27][sql] SHOW FULL COLUMNS FROM `ds_pay_order` [ RunTime:0.000772s ]
[2022-09-06 13:42:27][sql] SELECT COUNT(*) AS think_count FROM `ds_pay_order` WHERE  `uid` = 182  AND `is_kouliang` = '1'  AND `status` = '1'  AND `is_tj` = 1 LIMIT 1 [ RunTime:0.000332s ]
[2022-09-06 13:42:27][sql] SELECT SUM(`price`) AS think_sum FROM `ds_pay_order` WHERE  `uid` = 182  AND `is_kouliang` = '1'  AND `status` = '1'  AND `is_tj` = 1 LIMIT 1 [ RunTime:0.000294s ]
[2022-09-06 13:42:27][sql] SELECT SUM(`price`) AS think_sum FROM `ds_pay_order` WHERE  `uid` = 182  AND `is_kouliang` = '1'  AND `status` = '1'  AND `is_tj` = 1  AND `createtime` BETWEEN 1662393600 AND 1662479999 LIMIT 1 [ RunTime:0.000304s ]
[2022-09-06 13:42:27][sql] SELECT COUNT(*) AS think_count FROM `ds_pay_order` WHERE  `uid` = 182  AND `is_kouliang` = '1'  AND `status` = '1'  AND `is_tj` = 1  AND `createtime` BETWEEN 1662393600 AND 1662479999 LIMIT 1 [ RunTime:0.000302s ]
[2022-09-06 13:42:27][sql] SELECT SUM(`price`) AS think_sum FROM `ds_pay_order` WHERE  `uid` = 182  AND `is_kouliang` = '1'  AND `status` = '1'  AND `is_tj` = 1  AND `createtime` BETWEEN 1662307200 AND 1662393599 LIMIT 1 [ RunTime:0.000307s ]
[2022-09-06 13:42:27][sql] SELECT COUNT(*) AS think_count FROM `ds_pay_order` WHERE  `uid` = 182  AND `is_kouliang` = '1'  AND `status` = '1'  AND `is_tj` = 1  AND `createtime` BETWEEN 1662307200 AND 1662393599 LIMIT 1 [ RunTime:0.000294s ]
[2022-09-06 13:42:27][sql] SELECT `id`,`createtime` FROM `ds_pay_order` WHERE  `uid` = 182  AND `status` = '2'  AND `createtime` BETWEEN 1662307200 AND 1662911999  AND `is_tj` = 1  AND `is_kouliang` = '1' [ RunTime:0.000314s ]
[2022-09-06 13:42:27][sql] SELECT `id`,`createtime` FROM `ds_pay_order` WHERE  `uid` = 182  AND `status` = '1'  AND `createtime` BETWEEN 1662307200 AND 1662911999  AND `is_tj` = 1  AND `is_kouliang` = '1' [ RunTime:0.000348s ]
[2022-09-06 13:42:27][sql] SHOW FULL COLUMNS FROM `ds_system_config` [ RunTime:0.000753s ]
[2022-09-06 13:42:27][sql] SELECT `value` FROM `ds_system_config` WHERE  `group` = 'site'  AND `name` = 'site_name' LIMIT 1 [ RunTime:0.000268s ]
[2022-09-06 13:44:51][sql] CONNECT:[ UseTime:0.001070s ] mysql:host=127.0.0.1;port=3306;dbname=webs;charset=utf8
[2022-09-06 13:44:51][sql] show tables like 'ds_system_log_202209' [ RunTime:0.001807s ]
[2022-09-06 13:44:51][sql] SHOW FULL COLUMNS FROM `ds_system_log_202209` [ RunTime:0.001289s ]
[2022-09-06 13:44:51][sql] INSERT INTO `ds_system_log_202209` SET `admin_id` = 182 , `url` = '/admin/peizhi/index.html' , `method` = 'post' , `ip` = '124.152.241.21' , `content` = '{"title":"【H3】","muban":"","id":"3"}' , `useragent` = 'Mozilla/5.0 (Macintosh; Intel Mac OS X 10_15_7) AppleWebKit/537.36 (KHTML, like Gecko) Chrome/105.0.0.0 Safari/537.36' , `create_time` = 1662443091 [ RunTime:0.000739s ]
[2022-09-06 13:44:51][sql] SHOW FULL COLUMNS FROM `ds_system_admin` [ RunTime:0.001438s ]
[2022-09-06 13:44:51][sql] SELECT * FROM `ds_system_admin` WHERE  `id` = 182  AND `status` = 1 LIMIT 1 [ RunTime:0.000914s ]
[2022-09-06 13:44:51][sql] SHOW FULL COLUMNS FROM `ds_system_auth` [ RunTime:0.001177s ]
[2022-09-06 13:44:51][sql] SHOW FULL COLUMNS FROM `ds_system_auth_node` [ RunTime:0.000831s ]
[2022-09-06 13:44:51][sql] SHOW FULL COLUMNS FROM `ds_system_node` [ RunTime:0.000790s ]
[2022-09-06 13:44:51][sql] SELECT DISTINCT  `node` FROM `ds_system_node` WHERE  ( id IN ( SELECT DISTINCT  `node_id` FROM `ds_system_auth_node` WHERE  ( auth_id IN ( SELECT DISTINCT  `id` FROM `ds_system_auth` WHERE  `id` = 7 ) ) ) ) [ RunTime:0.000884s ]
[2022-09-06 13:44:51][sql] UPDATE `ds_system_admin`  SET `view_id` = 3 , `update_time` = 1662443091  WHERE (  `id` = 182 ) AND `ds_system_admin`.`delete_time` IS NULL [ RunTime:0.000525s ]
[2022-09-06 13:44:51][sql] SELECT * FROM `ds_system_admin` WHERE (  `id` = 1 ) AND `ds_system_admin`.`delete_time` IS NULL LIMIT 1 [ RunTime:0.000443s ]
[2022-09-06 13:44:51][sql] SELECT * FROM `ds_system_admin` WHERE (  `id` = 1 ) AND `ds_system_admin`.`delete_time` IS NULL LIMIT 1 [ RunTime:0.000410s ]
[2022-09-06 13:44:54][sql] CONNECT:[ UseTime:0.000479s ] mysql:host=127.0.0.1;port=3306;dbname=webs;charset=utf8
[2022-09-06 13:44:54][sql] SHOW FULL COLUMNS FROM `ds_system_config` [ RunTime:0.000901s ]
[2022-09-06 13:44:54][sql] SELECT `value` FROM `ds_system_config` WHERE  `group` = 'site'  AND `name` = 'site_name' LIMIT 1 [ RunTime:0.000370s ]
[2022-09-06 13:44:55][sql] CONNECT:[ UseTime:0.000375s ] mysql:host=127.0.0.1;port=3306;dbname=webs;charset=utf8
[2022-09-06 13:44:55][sql] SHOW FULL COLUMNS FROM `ds_system_admin` [ RunTime:0.000970s ]
[2022-09-06 13:44:55][sql] SELECT * FROM `ds_system_admin` WHERE  `id` = 182  AND `status` = 1 LIMIT 1 [ RunTime:0.000386s ]
[2022-09-06 13:44:55][sql] SHOW FULL COLUMNS FROM `ds_system_auth` [ RunTime:0.000747s ]
[2022-09-06 13:44:55][sql] SHOW FULL COLUMNS FROM `ds_system_auth_node` [ RunTime:0.000642s ]
[2022-09-06 13:44:55][sql] SHOW FULL COLUMNS FROM `ds_system_node` [ RunTime:0.000599s ]
[2022-09-06 13:44:55][sql] SELECT DISTINCT  `node` FROM `ds_system_node` WHERE  ( id IN ( SELECT DISTINCT  `node_id` FROM `ds_system_auth_node` WHERE  ( auth_id IN ( SELECT DISTINCT  `id` FROM `ds_system_auth` WHERE  `id` = 7 ) ) ) ) [ RunTime:0.000475s ]
[2022-09-06 13:44:55][sql] SHOW FULL COLUMNS FROM `ds_muban` [ RunTime:0.000775s ]
[2022-09-06 13:44:55][sql] SELECT * FROM `ds_muban` WHERE (  `status` = 1 ) AND `ds_muban`.`delete_time` IS NULL [ RunTime:0.000302s ]
[2022-09-06 13:44:55][sql] SELECT * FROM `ds_system_admin` WHERE (  `id` = 182 ) AND `ds_system_admin`.`delete_time` IS NULL LIMIT 1 [ RunTime:0.000347s ]
[2022-09-06 13:44:55][sql] SELECT * FROM `ds_system_admin` WHERE (  `id` = 182 ) AND `ds_system_admin`.`delete_time` IS NULL LIMIT 1 [ RunTime:0.000323s ]
[2022-09-06 13:44:55][sql] SHOW FULL COLUMNS FROM `ds_pay_setting` [ RunTime:0.000735s ]
[2022-09-06 13:44:55][sql] SELECT * FROM `ds_pay_setting` WHERE  `pay_model` = 'chuanqi' [ RunTime:0.000289s ]
[2022-09-06 13:44:55][sql] SHOW FULL COLUMNS FROM `ds_price` [ RunTime:0.000659s ]
[2022-09-06 13:44:55][sql] SELECT * FROM `ds_price` WHERE  `pay_model` = '1'  AND `uid` = 182 [ RunTime:0.000359s ]
[2022-09-06 13:44:55][sql] SELECT * FROM `ds_price` WHERE  `pay_model` = '2'  AND `uid` = 182 [ RunTime:0.000307s ]
[2022-09-06 13:44:55][sql] SHOW FULL COLUMNS FROM `ds_system_config` [ RunTime:0.000616s ]
[2022-09-06 13:44:55][sql] SELECT `value` FROM `ds_system_config` WHERE  `group` = 'site'  AND `name` = 'site_name' LIMIT 1 [ RunTime:0.000235s ]
[2022-09-06 13:44:55][sql] SELECT `value` FROM `ds_system_config` WHERE  `group` = 'jg'  AND `name` = 'jg_topen' LIMIT 1 [ RunTime:0.000246s ]
[2022-09-06 13:44:55][sql] SELECT `value` FROM `ds_system_config` WHERE  `group` = 'jg'  AND `name` = 'jp_wopen' LIMIT 1 [ RunTime:0.000215s ]
[2022-09-06 13:44:55][sql] SELECT `value` FROM `ds_system_config` WHERE  `group` = 'jg'  AND `name` = 'jg_yopen' LIMIT 1 [ RunTime:0.000232s ]
[2022-09-06 13:44:55][sql] SELECT `value` FROM `ds_system_config` WHERE  `group` = 'jg'  AND `name` = 'jg_topen' LIMIT 1 [ RunTime:0.000232s ]
[2022-09-06 13:44:55][sql] SELECT `value` FROM `ds_system_config` WHERE  `group` = 'jg'  AND `name` = 'jp_wopen' LIMIT 1 [ RunTime:0.000225s ]
[2022-09-06 13:44:55][sql] SELECT `value` FROM `ds_system_config` WHERE  `group` = 'jg'  AND `name` = 'jg_yopen' LIMIT 1 [ RunTime:0.000218s ]
[2022-09-06 13:44:55][sql] SELECT `value` FROM `ds_system_config` WHERE  `group` = 'jp'  AND `name` = 'fb_min_money' LIMIT 1 [ RunTime:0.000251s ]
[2022-09-06 13:44:55][sql] SELECT `value` FROM `ds_system_config` WHERE  `group` = 'jp'  AND `name` = 'fb_max_money' LIMIT 1 [ RunTime:0.000220s ]
[2022-09-06 13:44:55][sql] SELECT `value` FROM `ds_system_config` WHERE  `group` = 'jg'  AND `name` = 'jg_topen' LIMIT 1 [ RunTime:0.000230s ]
[2022-09-06 13:44:55][sql] SELECT `value` FROM `ds_system_config` WHERE  `group` = 'jg'  AND `name` = 'jg_tmin' LIMIT 1 [ RunTime:0.000236s ]
[2022-09-06 13:44:55][sql] SELECT `value` FROM `ds_system_config` WHERE  `group` = 'jg'  AND `name` = 'jg_tmax' LIMIT 1 [ RunTime:0.000225s ]
[2022-09-06 13:44:55][sql] SELECT `value` FROM `ds_system_config` WHERE  `group` = 'jg'  AND `name` = 'jp_wopen' LIMIT 1 [ RunTime:0.000248s ]
[2022-09-06 13:44:55][sql] SELECT `value` FROM `ds_system_config` WHERE  `group` = 'jg'  AND `name` = 'jp_min' LIMIT 1 [ RunTime:0.000212s ]
[2022-09-06 13:44:55][sql] SELECT `value` FROM `ds_system_config` WHERE  `group` = 'jg'  AND `name` = 'jp_max' LIMIT 1 [ RunTime:0.000245s ]
[2022-09-06 13:44:55][sql] SELECT `value` FROM `ds_system_config` WHERE  `group` = 'jg'  AND `name` = 'jg_yopen' LIMIT 1 [ RunTime:0.000200s ]
[2022-09-06 13:44:55][sql] SELECT `value` FROM `ds_system_config` WHERE  `group` = 'jg'  AND `name` = 'jg_ymin' LIMIT 1 [ RunTime:0.000327s ]
[2022-09-06 13:44:55][sql] SELECT `value` FROM `ds_system_config` WHERE  `group` = 'jg'  AND `name` = 'jg_ymax' LIMIT 1 [ RunTime:0.000200s ]
[2022-09-06 13:44:55][sql] CONNECT:[ UseTime:0.000398s ] mysql:host=127.0.0.1;port=3306;dbname=webs;charset=utf8
[2022-09-06 13:44:55][sql] SHOW FULL COLUMNS FROM `ds_notify` [ RunTime:0.000917s ]
[2022-09-06 13:44:55][sql] SELECT * FROM `ds_notify` WHERE  `is_show` = 1 ORDER BY `create_time` DESC LIMIT 1 [ RunTime:0.000406s ]
[2022-09-06 13:44:55][sql] SHOW FULL COLUMNS FROM `ds_system_quick` [ RunTime:0.000691s ]
[2022-09-06 13:44:55][sql] SELECT `id`,`title`,`icon`,`href` FROM `ds_system_quick` WHERE (  `status` = 1 ) AND `ds_system_quick`.`delete_time` IS NULL ORDER BY `sort` DESC LIMIT 8 [ RunTime:0.000325s ]
[2022-09-06 13:44:55][sql] SHOW FULL COLUMNS FROM `ds_system_admin` [ RunTime:0.000791s ]
[2022-09-06 13:44:55][sql] SELECT * FROM `ds_system_admin` WHERE (  `id` = 182 ) AND `ds_system_admin`.`delete_time` IS NULL LIMIT 1 [ RunTime:0.000345s ]
[2022-09-06 13:44:55][sql] SELECT * FROM `ds_system_admin` WHERE (  `id` = 182 ) AND `ds_system_admin`.`delete_time` IS NULL LIMIT 1 [ RunTime:0.000296s ]
[2022-09-06 13:44:55][sql] SHOW FULL COLUMNS FROM `ds_outlay` [ RunTime:0.000747s ]
[2022-09-06 13:44:55][sql] SELECT SUM(`money`) AS think_sum FROM `ds_outlay` WHERE  `status` = 0 LIMIT 1 [ RunTime:0.000282s ]
[2022-09-06 13:44:55][sql] SHOW FULL COLUMNS FROM `ds_payed_show` [ RunTime:0.000732s ]
[2022-09-06 13:44:55][sql] SELECT COUNT(DISTINCT `ip`) AS think_count FROM `ds_payed_show` WHERE  `uid` = 182  AND `is_tj` = 1  AND `is_kouliang` = 1 LIMIT 1 [ RunTime:0.020043s ]
[2022-09-06 13:44:55][sql] SHOW FULL COLUMNS FROM `ds_tj` [ RunTime:0.000743s ]
[2022-09-06 13:44:55][sql] SELECT COUNT(*) AS think_count FROM `ds_tj` WHERE  `uid` = 182  AND `create_time` BETWEEN 1662393600 AND 1662479999 LIMIT 1 [ RunTime:0.000278s ]
[2022-09-06 13:44:55][sql] SHOW FULL COLUMNS FROM `ds_pay_order` [ RunTime:0.000792s ]
[2022-09-06 13:44:55][sql] SELECT COUNT(*) AS think_count FROM `ds_pay_order` WHERE  `uid` = 182  AND `is_kouliang` = '1'  AND `status` = '1'  AND `is_tj` = 1 LIMIT 1 [ RunTime:0.000411s ]
[2022-09-06 13:44:55][sql] SELECT SUM(`price`) AS think_sum FROM `ds_pay_order` WHERE  `uid` = 182  AND `is_kouliang` = '1'  AND `status` = '1'  AND `is_tj` = 1 LIMIT 1 [ RunTime:0.000292s ]
[2022-09-06 13:44:55][sql] SELECT SUM(`price`) AS think_sum FROM `ds_pay_order` WHERE  `uid` = 182  AND `is_kouliang` = '1'  AND `status` = '1'  AND `is_tj` = 1  AND `createtime` BETWEEN 1662393600 AND 1662479999 LIMIT 1 [ RunTime:0.000320s ]
[2022-09-06 13:44:55][sql] SELECT COUNT(*) AS think_count FROM `ds_pay_order` WHERE  `uid` = 182  AND `is_kouliang` = '1'  AND `status` = '1'  AND `is_tj` = 1  AND `createtime` BETWEEN 1662393600 AND 1662479999 LIMIT 1 [ RunTime:0.000300s ]
[2022-09-06 13:44:55][sql] SELECT SUM(`price`) AS think_sum FROM `ds_pay_order` WHERE  `uid` = 182  AND `is_kouliang` = '1'  AND `status` = '1'  AND `is_tj` = 1  AND `createtime` BETWEEN 1662307200 AND 1662393599 LIMIT 1 [ RunTime:0.000305s ]
[2022-09-06 13:44:55][sql] SELECT COUNT(*) AS think_count FROM `ds_pay_order` WHERE  `uid` = 182  AND `is_kouliang` = '1'  AND `status` = '1'  AND `is_tj` = 1  AND `createtime` BETWEEN 1662307200 AND 1662393599 LIMIT 1 [ RunTime:0.000287s ]
[2022-09-06 13:44:55][sql] SELECT `id`,`createtime` FROM `ds_pay_order` WHERE  `uid` = 182  AND `status` = '2'  AND `createtime` BETWEEN 1662307200 AND 1662911999  AND `is_tj` = 1  AND `is_kouliang` = '1' [ RunTime:0.000345s ]
[2022-09-06 13:44:55][sql] SELECT `id`,`createtime` FROM `ds_pay_order` WHERE  `uid` = 182  AND `status` = '1'  AND `createtime` BETWEEN 1662307200 AND 1662911999  AND `is_tj` = 1  AND `is_kouliang` = '1' [ RunTime:0.001117s ]
[2022-09-06 13:44:55][sql] SHOW FULL COLUMNS FROM `ds_system_config` [ RunTime:0.001022s ]
[2022-09-06 13:44:55][sql] SELECT `value` FROM `ds_system_config` WHERE  `group` = 'site'  AND `name` = 'site_name' LIMIT 1 [ RunTime:0.000406s ]
[2022-09-06 13:45:02][sql] CONNECT:[ UseTime:0.000650s ] mysql:host=127.0.0.1;port=3306;dbname=webs;charset=utf8
[2022-09-06 13:45:02][sql] SHOW FULL COLUMNS FROM `ds_system_admin` [ RunTime:0.001171s ]
[2022-09-06 13:45:02][sql] SELECT * FROM `ds_system_admin` WHERE  `id` = 182  AND `status` = 1 LIMIT 1 [ RunTime:0.000427s ]
[2022-09-06 13:45:02][sql] SHOW FULL COLUMNS FROM `ds_system_auth` [ RunTime:0.000728s ]
[2022-09-06 13:45:02][sql] SHOW FULL COLUMNS FROM `ds_system_auth_node` [ RunTime:0.000744s ]
[2022-09-06 13:45:02][sql] SHOW FULL COLUMNS FROM `ds_system_node` [ RunTime:0.000665s ]
[2022-09-06 13:45:02][sql] SELECT DISTINCT  `node` FROM `ds_system_node` WHERE  ( id IN ( SELECT DISTINCT  `node_id` FROM `ds_system_auth_node` WHERE  ( auth_id IN ( SELECT DISTINCT  `id` FROM `ds_system_auth` WHERE  `id` = 7 ) ) ) ) [ RunTime:0.000563s ]
[2022-09-06 13:45:02][sql] SHOW FULL COLUMNS FROM `ds_outlay` [ RunTime:0.000968s ]
[2022-09-06 13:45:02][sql] SELECT COUNT(*) AS think_count FROM `ds_outlay` WHERE  `uid` = 182  AND `status` = 0 LIMIT 1 [ RunTime:0.000323s ]
[2022-09-06 13:45:02][sql] SELECT COUNT(*) AS think_count FROM `ds_outlay` WHERE  `uid` = 182  AND `status` = 1 LIMIT 1 [ RunTime:0.000226s ]
[2022-09-06 13:45:02][sql] SHOW FULL COLUMNS FROM `ds_system_config` [ RunTime:0.000901s ]
[2022-09-06 13:45:02][sql] SELECT `value` FROM `ds_system_config` WHERE  `group` = 'site'  AND `name` = 'site_name' LIMIT 1 [ RunTime:0.000275s ]
[2022-09-06 13:45:02][sql] SELECT * FROM `ds_system_admin` WHERE  `id` = 182  AND `status` = 1 LIMIT 1 [ RunTime:0.000390s ]
[2022-09-06 13:45:02][sql] SELECT DISTINCT  `node` FROM `ds_system_node` WHERE  ( id IN ( SELECT DISTINCT  `node_id` FROM `ds_system_auth_node` WHERE  ( auth_id IN ( SELECT DISTINCT  `id` FROM `ds_system_auth` WHERE  `id` = 7 ) ) ) ) [ RunTime:0.000508s ]
[2022-09-06 13:45:02][sql] SELECT * FROM `ds_system_admin` WHERE  `id` = 182  AND `status` = 1 LIMIT 1 [ RunTime:0.000379s ]
[2022-09-06 13:45:02][sql] SELECT DISTINCT  `node` FROM `ds_system_node` WHERE  ( id IN ( SELECT DISTINCT  `node_id` FROM `ds_system_auth_node` WHERE  ( auth_id IN ( SELECT DISTINCT  `id` FROM `ds_system_auth` WHERE  `id` = 7 ) ) ) ) [ RunTime:0.000492s ]
[2022-09-06 13:45:02][sql] SELECT * FROM `ds_system_admin` WHERE  `id` = 182  AND `status` = 1 LIMIT 1 [ RunTime:0.000396s ]
[2022-09-06 13:45:02][sql] SELECT DISTINCT  `node` FROM `ds_system_node` WHERE  ( id IN ( SELECT DISTINCT  `node_id` FROM `ds_system_auth_node` WHERE  ( auth_id IN ( SELECT DISTINCT  `id` FROM `ds_system_auth` WHERE  `id` = 7 ) ) ) ) [ RunTime:0.000374s ]
[2022-09-06 13:45:02][sql] CONNECT:[ UseTime:0.000678s ] mysql:host=127.0.0.1;port=3306;dbname=webs;charset=utf8
[2022-09-06 13:45:02][sql] SHOW FULL COLUMNS FROM `ds_system_admin` [ RunTime:0.001493s ]
[2022-09-06 13:45:02][sql] SELECT * FROM `ds_system_admin` WHERE  `id` = 182  AND `status` = 1 LIMIT 1 [ RunTime:0.000571s ]
[2022-09-06 13:45:02][sql] SHOW FULL COLUMNS FROM `ds_system_auth` [ RunTime:0.000759s ]
[2022-09-06 13:45:02][sql] SHOW FULL COLUMNS FROM `ds_system_auth_node` [ RunTime:0.000683s ]
[2022-09-06 13:45:02][sql] SHOW FULL COLUMNS FROM `ds_system_node` [ RunTime:0.000734s ]
[2022-09-06 13:45:02][sql] SELECT DISTINCT  `node` FROM `ds_system_node` WHERE  ( id IN ( SELECT DISTINCT  `node_id` FROM `ds_system_auth_node` WHERE  ( auth_id IN ( SELECT DISTINCT  `id` FROM `ds_system_auth` WHERE  `id` = 7 ) ) ) ) [ RunTime:0.000521s ]
[2022-09-06 13:45:02][sql] SHOW FULL COLUMNS FROM `ds_outlay` [ RunTime:0.000810s ]
[2022-09-06 13:45:02][sql] SELECT COUNT(*) AS think_count FROM `ds_outlay` WHERE  `uid` = 182 LIMIT 1 [ RunTime:0.000304s ]
[2022-09-06 13:45:02][sql] SELECT * FROM `ds_outlay` WHERE  `uid` = 182 ORDER BY `id` DESC LIMIT 0,15 [ RunTime:0.000324s ]
[2022-09-06 13:45:03][sql] CONNECT:[ UseTime:0.000590s ] mysql:host=127.0.0.1;port=3306;dbname=webs;charset=utf8
[2022-09-06 13:45:03][sql] SHOW FULL COLUMNS FROM `ds_system_admin` [ RunTime:0.001554s ]
[2022-09-06 13:45:03][sql] SELECT * FROM `ds_system_admin` WHERE  `id` = 182  AND `status` = 1 LIMIT 1 [ RunTime:0.000578s ]
[2022-09-06 13:45:03][sql] SHOW FULL COLUMNS FROM `ds_system_auth` [ RunTime:0.000897s ]
[2022-09-06 13:45:03][sql] SHOW FULL COLUMNS FROM `ds_system_auth_node` [ RunTime:0.000707s ]
[2022-09-06 13:45:03][sql] SHOW FULL COLUMNS FROM `ds_system_node` [ RunTime:0.000647s ]
[2022-09-06 13:45:03][sql] SELECT DISTINCT  `node` FROM `ds_system_node` WHERE  ( id IN ( SELECT DISTINCT  `node_id` FROM `ds_system_auth_node` WHERE  ( auth_id IN ( SELECT DISTINCT  `id` FROM `ds_system_auth` WHERE  `id` = 7 ) ) ) ) [ RunTime:0.000564s ]
[2022-09-06 13:45:03][sql] SHOW FULL COLUMNS FROM `ds_system_config` [ RunTime:0.001042s ]
[2022-09-06 13:45:03][sql] SELECT `value` FROM `ds_system_config` WHERE  `group` = 'site'  AND `name` = 'site_name' LIMIT 1 [ RunTime:0.000319s ]
[2022-09-06 13:45:03][sql] SELECT * FROM `ds_system_admin` WHERE  `id` = 182  AND `status` = 1 LIMIT 1 [ RunTime:0.000388s ]
[2022-09-06 13:45:03][sql] SELECT DISTINCT  `node` FROM `ds_system_node` WHERE  ( id IN ( SELECT DISTINCT  `node_id` FROM `ds_system_auth_node` WHERE  ( auth_id IN ( SELECT DISTINCT  `id` FROM `ds_system_auth` WHERE  `id` = 7 ) ) ) ) [ RunTime:0.000373s ]
[2022-09-06 13:45:03][sql] SELECT * FROM `ds_system_admin` WHERE  `id` = 182  AND `status` = 1 LIMIT 1 [ RunTime:0.000315s ]
[2022-09-06 13:45:03][sql] SELECT DISTINCT  `node` FROM `ds_system_node` WHERE  ( id IN ( SELECT DISTINCT  `node_id` FROM `ds_system_auth_node` WHERE  ( auth_id IN ( SELECT DISTINCT  `id` FROM `ds_system_auth` WHERE  `id` = 7 ) ) ) ) [ RunTime:0.000371s ]
[2022-09-06 13:45:03][sql] SELECT * FROM `ds_system_admin` WHERE  `id` = 182  AND `status` = 1 LIMIT 1 [ RunTime:0.000371s ]
[2022-09-06 13:45:03][sql] SELECT DISTINCT  `node` FROM `ds_system_node` WHERE  ( id IN ( SELECT DISTINCT  `node_id` FROM `ds_system_auth_node` WHERE  ( auth_id IN ( SELECT DISTINCT  `id` FROM `ds_system_auth` WHERE  `id` = 7 ) ) ) ) [ RunTime:0.000408s ]
[2022-09-06 13:45:04][sql] CONNECT:[ UseTime:0.000494s ] mysql:host=127.0.0.1;port=3306;dbname=webs;charset=utf8
[2022-09-06 13:45:04][sql] SHOW FULL COLUMNS FROM `ds_system_admin` [ RunTime:0.001116s ]
[2022-09-06 13:45:04][sql] SELECT * FROM `ds_system_admin` WHERE  `id` = 182  AND `status` = 1 LIMIT 1 [ RunTime:0.000604s ]
[2022-09-06 13:45:04][sql] SHOW FULL COLUMNS FROM `ds_system_auth` [ RunTime:0.000749s ]
[2022-09-06 13:45:04][sql] SHOW FULL COLUMNS FROM `ds_system_auth_node` [ RunTime:0.000716s ]
[2022-09-06 13:45:04][sql] SHOW FULL COLUMNS FROM `ds_system_node` [ RunTime:0.000724s ]
[2022-09-06 13:45:04][sql] SELECT DISTINCT  `node` FROM `ds_system_node` WHERE  ( id IN ( SELECT DISTINCT  `node_id` FROM `ds_system_auth_node` WHERE  ( auth_id IN ( SELECT DISTINCT  `id` FROM `ds_system_auth` WHERE  `id` = 7 ) ) ) ) [ RunTime:0.000547s ]
[2022-09-06 13:45:04][sql] SHOW FULL COLUMNS FROM `ds_user_money_log` [ RunTime:0.000891s ]
[2022-09-06 13:45:04][sql] SELECT COUNT(*) AS think_count FROM `ds_user_money_log` WHERE  `uid` = 182 LIMIT 1 [ RunTime:0.000357s ]
[2022-09-06 13:45:04][sql] SELECT * FROM `ds_user_money_log` WHERE  `uid` = 182 ORDER BY `id` DESC LIMIT 0,15 [ RunTime:0.000269s ]
[2022-09-06 13:45:04][sql] SELECT * FROM `ds_system_admin` WHERE (  `id` = 182 ) AND `ds_system_admin`.`delete_time` IS NULL [ RunTime:0.000397s ]
