[2022-10-20 13:51:57][sql] CONNECT:[ UseTime:0.000778s ] mysql:host=127.0.0.1;port=3306;dbname=webs;charset=utf8
[2022-10-20 13:51:57][sql] SHOW FULL COLUMNS FROM `ds_system_config` [ RunTime:0.001157s ]
[2022-10-20 13:51:57][sql] SELECT `value` FROM `ds_system_config` WHERE  `group` = 'site'  AND `name` = 'site_name' LIMIT 1 [ RunTime:0.000517s ]
[2022-10-20 13:51:57][sql] SELECT `value` FROM `ds_system_config` WHERE  `group` = 'site'  AND `name` = 'site_bg' LIMIT 1 [ RunTime:0.000379s ]
[2022-10-20 13:51:57][sql] SELECT `value` FROM `ds_system_config` WHERE  `group` = 'site'  AND `name` = 'logo_image' LIMIT 1 [ RunTime:0.000348s ]
[2022-10-20 13:51:57][sql] SELECT `value` FROM `ds_system_config` WHERE  `group` = 'site'  AND `name` = 'site_wechat' LIMIT 1 [ RunTime:0.000281s ]
[2022-10-20 13:51:57][sql] SELECT `value` FROM `ds_system_config` WHERE  `group` = 'site'  AND `name` = 'site_qq' LIMIT 1 [ RunTime:0.000296s ]
[2022-10-20 13:51:57][sql] SELECT `value` FROM `ds_system_config` WHERE  `group` = 'site'  AND `name` = 'site_title' LIMIT 1 [ RunTime:0.000292s ]
[2022-10-20 13:51:57][sql] SELECT `value` FROM `ds_system_config` WHERE  `group` = 'site'  AND `name` = 'site_slogan' LIMIT 1 [ RunTime:0.000327s ]
[2022-10-20 13:51:57][sql] SELECT `value` FROM `ds_system_config` WHERE  `group` = 'site'  AND `name` = 'site_name' LIMIT 1 [ RunTime:0.000363s ]
[2022-10-20 13:51:57][sql] SELECT `value` FROM `ds_system_config` WHERE  `group` = 'site'  AND `name` = 'site_content' LIMIT 1 [ RunTime:0.000346s ]
[2022-10-20 14:07:44][sql] CONNECT:[ UseTime:0.000727s ] mysql:host=127.0.0.1;port=3306;dbname=webs;charset=utf8
[2022-10-20 14:07:44][sql] SHOW FULL COLUMNS FROM `ds_system_config` [ RunTime:0.001047s ]
[2022-10-20 14:07:44][sql] SELECT `value` FROM `ds_system_config` WHERE  `group` = 'site'  AND `name` = 'site_name' LIMIT 1 [ RunTime:0.000383s ]
[2022-10-20 14:07:44][sql] SELECT `value` FROM `ds_system_config` WHERE  `group` = 'site'  AND `name` = 'site_bg' LIMIT 1 [ RunTime:0.000256s ]
[2022-10-20 14:07:44][sql] SELECT `value` FROM `ds_system_config` WHERE  `group` = 'site'  AND `name` = 'logo_image' LIMIT 1 [ RunTime:0.000244s ]
[2022-10-20 14:07:44][sql] SELECT `value` FROM `ds_system_config` WHERE  `group` = 'site'  AND `name` = 'site_wechat' LIMIT 1 [ RunTime:0.000191s ]
[2022-10-20 14:07:44][sql] SELECT `value` FROM `ds_system_config` WHERE  `group` = 'site'  AND `name` = 'site_qq' LIMIT 1 [ RunTime:0.000198s ]
[2022-10-20 14:07:44][sql] SELECT `value` FROM `ds_system_config` WHERE  `group` = 'site'  AND `name` = 'site_title' LIMIT 1 [ RunTime:0.000286s ]
[2022-10-20 14:07:44][sql] SELECT `value` FROM `ds_system_config` WHERE  `group` = 'site'  AND `name` = 'site_slogan' LIMIT 1 [ RunTime:0.000263s ]
[2022-10-20 14:07:44][sql] SELECT `value` FROM `ds_system_config` WHERE  `group` = 'site'  AND `name` = 'site_name' LIMIT 1 [ RunTime:0.000226s ]
[2022-10-20 14:07:44][sql] SELECT `value` FROM `ds_system_config` WHERE  `group` = 'site'  AND `name` = 'site_content' LIMIT 1 [ RunTime:0.000242s ]
[2022-10-20 14:07:50][sql] CONNECT:[ UseTime:0.000512s ] mysql:host=127.0.0.1;port=3306;dbname=webs;charset=utf8
[2022-10-20 14:07:50][sql] show tables like 'ds_system_log_202210' [ RunTime:0.000453s ]
[2022-10-20 14:07:50][sql] SHOW FULL COLUMNS FROM `ds_system_log_202210` [ RunTime:0.000860s ]
[2022-10-20 14:07:50][sql] INSERT INTO `ds_system_log_202210` SET `admin_id` = NULL , `url` = '/admin/login/index.html' , `method` = 'post' , `ip` = '124.152.241.18' , `content` = '{"username":"admin","password":"5d9269e018f5129441746d4de9f47d398ed53d3f","captcha":"0109","keep_login":"0"}' , `useragent` = 'Mozilla/5.0 (Macintosh; Intel Mac OS X 10_15_7) AppleWebKit/537.36 (KHTML, like Gecko) Chrome/105.0.0.0 Safari/537.36' , `create_time` = 1666246070 [ RunTime:0.000393s ]
[2022-10-20 14:07:50][sql] SHOW FULL COLUMNS FROM `ds_system_admin` [ RunTime:0.001198s ]
[2022-10-20 14:07:50][sql] SELECT * FROM `ds_system_admin` WHERE (  `username` = 'admin' ) AND `ds_system_admin`.`delete_time` IS NULL LIMIT 1 [ RunTime:0.000561s ]
[2022-10-20 14:07:50][sql] UPDATE `ds_system_admin`  SET `login_num` = 828 , `update_time` = 1666246070  WHERE (  `id` = 1 ) AND `ds_system_admin`.`delete_time` IS NULL [ RunTime:0.000347s ]
[2022-10-20 14:07:50][sql] SELECT * FROM `ds_system_admin` WHERE (  `id` = 1 ) AND `ds_system_admin`.`delete_time` IS NULL LIMIT 1 [ RunTime:0.000366s ]
[2022-10-20 14:07:50][sql] SELECT * FROM `ds_system_admin` WHERE (  `id` = 1 ) AND `ds_system_admin`.`delete_time` IS NULL LIMIT 1 [ RunTime:0.000509s ]
[2022-10-20 14:07:53][sql] CONNECT:[ UseTime:0.000490s ] mysql:host=127.0.0.1;port=3306;dbname=webs;charset=utf8
[2022-10-20 14:07:53][sql] SHOW FULL COLUMNS FROM `ds_system_config` [ RunTime:0.000933s ]
[2022-10-20 14:07:53][sql] SELECT `value` FROM `ds_system_config` WHERE  `group` = 'site'  AND `name` = 'site_name' LIMIT 1 [ RunTime:0.000316s ]
[2022-10-20 14:07:54][sql] CONNECT:[ UseTime:0.000445s ] mysql:host=127.0.0.1;port=3306;dbname=webs;charset=utf8
[2022-10-20 14:07:54][sql] SHOW FULL COLUMNS FROM `ds_system_config` [ RunTime:0.000993s ]
[2022-10-20 14:07:54][sql] SELECT `value` FROM `ds_system_config` WHERE  `group` = 'site'  AND `name` = 'site_name' LIMIT 1 [ RunTime:0.000305s ]
[2022-10-20 14:07:54][sql] SELECT `value` FROM `ds_system_config` WHERE  `group` = 'site'  AND `name` = 'logo_image' LIMIT 1 [ RunTime:0.000250s ]
[2022-10-20 14:07:54][sql] SHOW FULL COLUMNS FROM `ds_system_menu` [ RunTime:0.000800s ]
[2022-10-20 14:07:54][sql] SELECT `title`,`icon`,`href` FROM `ds_system_menu` WHERE  ( delete_time is null )  AND `pid` = 99999999 LIMIT 1 [ RunTime:0.000270s ]
[2022-10-20 14:07:54][sql] SELECT `id`,`pid`,`title`,`icon`,`href`,`target` FROM `ds_system_menu` WHERE  ( delete_time is null )  AND `status` = 1  AND `pid` <> 99999999 ORDER BY `sort` DESC,`id` ASC [ RunTime:0.000402s ]
[2022-10-20 14:07:54][sql] CONNECT:[ UseTime:0.000642s ] mysql:host=127.0.0.1;port=3306;dbname=webs;charset=utf8
[2022-10-20 14:07:54][sql] SHOW FULL COLUMNS FROM `ds_notify` [ RunTime:0.001118s ]
[2022-10-20 14:07:54][sql] SELECT * FROM `ds_notify` WHERE  `is_show` = 1 ORDER BY `create_time` DESC LIMIT 1 [ RunTime:0.000534s ]
[2022-10-20 14:07:54][sql] SHOW FULL COLUMNS FROM `ds_system_quick` [ RunTime:0.001016s ]
[2022-10-20 14:07:54][sql] SELECT `id`,`title`,`icon`,`href` FROM `ds_system_quick` WHERE (  `status` = 1 ) AND `ds_system_quick`.`delete_time` IS NULL ORDER BY `sort` DESC LIMIT 8 [ RunTime:0.000479s ]
[2022-10-20 14:07:54][sql] SHOW FULL COLUMNS FROM `ds_system_admin` [ RunTime:0.000883s ]
[2022-10-20 14:07:54][sql] SELECT * FROM `ds_system_admin` WHERE (  `id` = 1 ) AND `ds_system_admin`.`delete_time` IS NULL LIMIT 1 [ RunTime:0.000482s ]
[2022-10-20 14:07:54][sql] SELECT * FROM `ds_system_admin` WHERE (  `id` = 1 ) AND `ds_system_admin`.`delete_time` IS NULL LIMIT 1 [ RunTime:0.000455s ]
[2022-10-20 14:07:54][sql] SHOW FULL COLUMNS FROM `ds_outlay` [ RunTime:0.000874s ]
[2022-10-20 14:07:54][sql] SELECT SUM(`money`) AS think_sum FROM `ds_outlay` WHERE  `status` = 0 LIMIT 1 [ RunTime:0.000370s ]
[2022-10-20 14:07:54][sql] SHOW FULL COLUMNS FROM `ds_payed_show` [ RunTime:0.000769s ]
[2022-10-20 14:07:54][sql] SELECT COUNT(DISTINCT `ip`) AS think_count FROM `ds_payed_show` LIMIT 1 [ RunTime:0.047492s ]
[2022-10-20 14:07:54][sql] SHOW FULL COLUMNS FROM `ds_tj` [ RunTime:0.001022s ]
[2022-10-20 14:07:54][sql] SELECT COUNT(*) AS think_count FROM `ds_tj` WHERE  `create_time` BETWEEN 1666195200 AND 1666281599 LIMIT 1 [ RunTime:0.000477s ]
[2022-10-20 14:07:54][sql] SHOW FULL COLUMNS FROM `ds_pay_order` [ RunTime:0.000890s ]
[2022-10-20 14:07:54][sql] SELECT COUNT(*) AS think_count FROM `ds_pay_order` WHERE  `is_kouliang` = '1'  AND `status` = '1'  AND `is_tj` = 1 LIMIT 1 [ RunTime:0.000672s ]
[2022-10-20 14:07:54][sql] SELECT SUM(`price`) AS think_sum FROM `ds_pay_order` WHERE  `is_kouliang` = '1'  AND `status` = '1'  AND `is_tj` = 1 LIMIT 1 [ RunTime:0.000430s ]
[2022-10-20 14:07:54][sql] SELECT SUM(`price`) AS think_sum FROM `ds_pay_order` WHERE  `is_kouliang` = '1'  AND `status` = '1'  AND `is_tj` = 1  AND `createtime` BETWEEN 1666195200 AND 1666281599 LIMIT 1 [ RunTime:0.000378s ]
[2022-10-20 14:07:54][sql] SELECT COUNT(*) AS think_count FROM `ds_pay_order` WHERE  `is_kouliang` = '1'  AND `status` = '1'  AND `is_tj` = 1  AND `createtime` BETWEEN 1666195200 AND 1666281599 LIMIT 1 [ RunTime:0.000339s ]
[2022-10-20 14:07:54][sql] SELECT SUM(`price`) AS think_sum FROM `ds_pay_order` WHERE  `is_kouliang` = '1'  AND `status` = '1'  AND `is_tj` = 1  AND `createtime` BETWEEN 1666108800 AND 1666195199 LIMIT 1 [ RunTime:0.000352s ]
[2022-10-20 14:07:54][sql] SELECT COUNT(*) AS think_count FROM `ds_pay_order` WHERE  `is_kouliang` = '1'  AND `status` = '1'  AND `is_tj` = 1  AND `createtime` BETWEEN 1666108800 AND 1666195199 LIMIT 1 [ RunTime:0.000306s ]
[2022-10-20 14:07:54][sql] SELECT `id`,`createtime` FROM `ds_pay_order` WHERE  `status` = '2'  AND `createtime` BETWEEN 1665936000 AND 1666540799  AND `is_tj` = 1  AND `is_kouliang` = '1' [ RunTime:0.000394s ]
[2022-10-20 14:07:54][sql] SELECT `id`,`createtime` FROM `ds_pay_order` WHERE  `status` = '1'  AND `createtime` BETWEEN 1665936000 AND 1666540799  AND `is_tj` = 1  AND `is_kouliang` = '1' [ RunTime:0.000347s ]
[2022-10-20 14:07:54][sql] SHOW FULL COLUMNS FROM `ds_system_config` [ RunTime:0.000874s ]
[2022-10-20 14:07:54][sql] SELECT `value` FROM `ds_system_config` WHERE  `group` = 'site'  AND `name` = 'site_name' LIMIT 1 [ RunTime:0.000361s ]
[2022-10-20 14:07:57][sql] CONNECT:[ UseTime:0.000531s ] mysql:host=127.0.0.1;port=3306;dbname=webs;charset=utf8
[2022-10-20 14:07:57][sql] SHOW FULL COLUMNS FROM `ds_system_admin` [ RunTime:0.001083s ]
[2022-10-20 14:07:57][sql] SELECT `id`,`pid`,`auth_ids`,`head_img`,`username`,`qq`,`wechat_account`,`pwd`,`balance`,`revenue`,`short`,`pay_model`,`pay_model1`,`is_zn`,`is_ff`,`poundage`,`ticheng`,`is_day`,`is_week`,`is_month`,`is_dan`,`date_fee`,`month_fee`,`dan_fee`,`week_fee`,`view_id`,`phone`,`remark`,`login_num`,`sort`,`status`,`push_all`,`txpwd`,`create_time`,`update_time`,`delete_time`,`is_zw` FROM `ds_system_admin` WHERE (  `id` = 1 ) AND `ds_system_admin`.`delete_time` IS NULL LIMIT 1 [ RunTime:0.000486s ]
[2022-10-20 14:07:57][sql] SHOW FULL COLUMNS FROM `ds_system_config` [ RunTime:0.000737s ]
[2022-10-20 14:07:57][sql] SELECT `value` FROM `ds_system_config` WHERE  `group` = 'site'  AND `name` = 'site_name' LIMIT 1 [ RunTime:0.000280s ]
[2022-10-20 14:08:13][sql] CONNECT:[ UseTime:0.000543s ] mysql:host=127.0.0.1;port=3306;dbname=webs;charset=utf8
[2022-10-20 14:08:13][sql] show tables like 'ds_system_log_202210' [ RunTime:0.000480s ]
[2022-10-20 14:08:13][sql] SHOW FULL COLUMNS FROM `ds_system_log_202210` [ RunTime:0.000938s ]
[2022-10-20 14:08:13][sql] INSERT INTO `ds_system_log_202210` SET `admin_id` = 1 , `url` = '/admin/index/editPassword.html' , `method` = 'post' , `ip` = '124.152.241.18' , `content` = '{"username":"admin","password":"5d9269e018f5129441746d4de9f47d398ed53d3f","password_again":"a33b679d5581a8692988ec9f92ad2d6a2259eaa7","txpwd":"","old_pwd":""}' , `useragent` = 'Mozilla/5.0 (Macintosh; Intel Mac OS X 10_15_7) AppleWebKit/537.36 (KHTML, like Gecko) Chrome/105.0.0.0 Safari/537.36' , `create_time` = 1666246093 [ RunTime:0.000384s ]
[2022-10-20 14:08:13][sql] SHOW FULL COLUMNS FROM `ds_system_admin` [ RunTime:0.001467s ]
[2022-10-20 14:08:13][sql] SELECT `id`,`pid`,`auth_ids`,`head_img`,`username`,`qq`,`wechat_account`,`pwd`,`balance`,`revenue`,`short`,`pay_model`,`pay_model1`,`is_zn`,`is_ff`,`poundage`,`ticheng`,`is_day`,`is_week`,`is_month`,`is_dan`,`date_fee`,`month_fee`,`dan_fee`,`week_fee`,`view_id`,`phone`,`remark`,`login_num`,`sort`,`status`,`push_all`,`txpwd`,`create_time`,`update_time`,`delete_time`,`is_zw` FROM `ds_system_admin` WHERE (  `id` = 1 ) AND `ds_system_admin`.`delete_time` IS NULL LIMIT 1 [ RunTime:0.000592s ]
[2022-10-20 14:08:29][sql] CONNECT:[ UseTime:0.000545s ] mysql:host=127.0.0.1;port=3306;dbname=webs;charset=utf8
[2022-10-20 14:08:29][sql] show tables like 'ds_system_log_202210' [ RunTime:0.000436s ]
[2022-10-20 14:08:29][sql] SHOW FULL COLUMNS FROM `ds_system_log_202210` [ RunTime:0.000860s ]
[2022-10-20 14:08:29][sql] INSERT INTO `ds_system_log_202210` SET `admin_id` = 1 , `url` = '/admin/index/editPassword.html' , `method` = 'post' , `ip` = '124.152.241.18' , `content` = '{"username":"admin","password":"a33b679d5581a8692988ec9f92ad2d6a2259eaa7","password_again":"a33b679d5581a8692988ec9f92ad2d6a2259eaa7","txpwd":"","old_pwd":""}' , `useragent` = 'Mozilla/5.0 (Macintosh; Intel Mac OS X 10_15_7) AppleWebKit/537.36 (KHTML, like Gecko) Chrome/105.0.0.0 Safari/537.36' , `create_time` = 1666246109 [ RunTime:0.002219s ]
[2022-10-20 14:08:29][sql] SHOW FULL COLUMNS FROM `ds_system_admin` [ RunTime:0.001003s ]
[2022-10-20 14:08:29][sql] SELECT `id`,`pid`,`auth_ids`,`head_img`,`username`,`qq`,`wechat_account`,`pwd`,`balance`,`revenue`,`short`,`pay_model`,`pay_model1`,`is_zn`,`is_ff`,`poundage`,`ticheng`,`is_day`,`is_week`,`is_month`,`is_dan`,`date_fee`,`month_fee`,`dan_fee`,`week_fee`,`view_id`,`phone`,`remark`,`login_num`,`sort`,`status`,`push_all`,`txpwd`,`create_time`,`update_time`,`delete_time`,`is_zw` FROM `ds_system_admin` WHERE (  `id` = 1 ) AND `ds_system_admin`.`delete_time` IS NULL LIMIT 1 [ RunTime:0.000458s ]
[2022-10-20 14:08:29][sql] UPDATE `ds_system_admin`  SET `pwd` = 'admin' , `password` = 'a33b679d5581a8692988ec9f92ad2d6a2259eaa7' , `update_time` = 1666246109  WHERE (  `id` = 1 ) AND `ds_system_admin`.`delete_time` IS NULL [ RunTime:0.000335s ]
[2022-10-20 14:08:29][sql] SELECT * FROM `ds_system_admin` WHERE (  `id` = 1 ) AND `ds_system_admin`.`delete_time` IS NULL LIMIT 1 [ RunTime:0.000422s ]
[2022-10-20 14:08:29][sql] SELECT * FROM `ds_system_admin` WHERE (  `id` = 1 ) AND `ds_system_admin`.`delete_time` IS NULL LIMIT 1 [ RunTime:0.000416s ]
[2022-10-20 14:08:38][sql] CONNECT:[ UseTime:0.000479s ] mysql:host=127.0.0.1;port=3306;dbname=webs;charset=utf8
[2022-10-20 14:08:38][sql] SHOW FULL COLUMNS FROM `ds_system_config` [ RunTime:0.000997s ]
[2022-10-20 14:08:38][sql] SELECT `value` FROM `ds_system_config` WHERE  `group` = 'site'  AND `name` = 'site_name' LIMIT 1 [ RunTime:0.000376s ]
[2022-10-20 14:08:38][sql] SELECT `value` FROM `ds_system_config` WHERE  `group` = 'site'  AND `name` = 'site_bg' LIMIT 1 [ RunTime:0.000248s ]
[2022-10-20 14:08:38][sql] SELECT `value` FROM `ds_system_config` WHERE  `group` = 'site'  AND `name` = 'logo_image' LIMIT 1 [ RunTime:0.000269s ]
[2022-10-20 14:08:38][sql] SELECT `value` FROM `ds_system_config` WHERE  `group` = 'site'  AND `name` = 'site_wechat' LIMIT 1 [ RunTime:0.000454s ]
[2022-10-20 14:08:38][sql] SELECT `value` FROM `ds_system_config` WHERE  `group` = 'site'  AND `name` = 'site_qq' LIMIT 1 [ RunTime:0.000243s ]
[2022-10-20 14:08:38][sql] SELECT `value` FROM `ds_system_config` WHERE  `group` = 'site'  AND `name` = 'site_title' LIMIT 1 [ RunTime:0.000220s ]
[2022-10-20 14:08:38][sql] SELECT `value` FROM `ds_system_config` WHERE  `group` = 'site'  AND `name` = 'site_slogan' LIMIT 1 [ RunTime:0.000201s ]
[2022-10-20 14:08:38][sql] SELECT `value` FROM `ds_system_config` WHERE  `group` = 'site'  AND `name` = 'site_name' LIMIT 1 [ RunTime:0.000328s ]
[2022-10-20 14:08:38][sql] SELECT `value` FROM `ds_system_config` WHERE  `group` = 'site'  AND `name` = 'site_content' LIMIT 1 [ RunTime:0.000239s ]
[2022-10-20 14:08:48][sql] CONNECT:[ UseTime:0.000418s ] mysql:host=127.0.0.1;port=3306;dbname=webs;charset=utf8
[2022-10-20 14:08:48][sql] show tables like 'ds_system_log_202210' [ RunTime:0.000426s ]
[2022-10-20 14:08:48][sql] SHOW FULL COLUMNS FROM `ds_system_log_202210` [ RunTime:0.000852s ]
[2022-10-20 14:08:48][sql] INSERT INTO `ds_system_log_202210` SET `admin_id` = NULL , `url` = '/admin/login/index' , `method` = 'post' , `ip` = '124.152.241.18' , `content` = '{"username":"admin","password":"a33b679d5581a8692988ec9f92ad2d6a2259eaa7","captcha":"8426","keep_login":"0"}' , `useragent` = 'Mozilla/5.0 (Macintosh; Intel Mac OS X 10_15_7) AppleWebKit/537.36 (KHTML, like Gecko) Chrome/105.0.0.0 Safari/537.36' , `create_time` = 1666246128 [ RunTime:0.000453s ]
[2022-10-20 14:08:48][sql] SHOW FULL COLUMNS FROM `ds_system_admin` [ RunTime:0.001176s ]
[2022-10-20 14:08:48][sql] SELECT * FROM `ds_system_admin` WHERE (  `username` = 'admin' ) AND `ds_system_admin`.`delete_time` IS NULL LIMIT 1 [ RunTime:0.000521s ]
[2022-10-20 14:08:48][sql] UPDATE `ds_system_admin`  SET `login_num` = 829 , `update_time` = 1666246128  WHERE (  `id` = 1 ) AND `ds_system_admin`.`delete_time` IS NULL [ RunTime:0.000328s ]
[2022-10-20 14:08:48][sql] SELECT * FROM `ds_system_admin` WHERE (  `id` = 1 ) AND `ds_system_admin`.`delete_time` IS NULL LIMIT 1 [ RunTime:0.000436s ]
[2022-10-20 14:08:48][sql] SELECT * FROM `ds_system_admin` WHERE (  `id` = 1 ) AND `ds_system_admin`.`delete_time` IS NULL LIMIT 1 [ RunTime:0.000416s ]
[2022-10-20 14:08:51][sql] CONNECT:[ UseTime:0.000437s ] mysql:host=127.0.0.1;port=3306;dbname=webs;charset=utf8
[2022-10-20 14:08:51][sql] SHOW FULL COLUMNS FROM `ds_system_config` [ RunTime:0.001106s ]
[2022-10-20 14:08:51][sql] SELECT `value` FROM `ds_system_config` WHERE  `group` = 'site'  AND `name` = 'site_name' LIMIT 1 [ RunTime:0.000359s ]
[2022-10-20 14:08:52][sql] CONNECT:[ UseTime:0.000502s ] mysql:host=127.0.0.1;port=3306;dbname=webs;charset=utf8
[2022-10-20 14:08:52][sql] SHOW FULL COLUMNS FROM `ds_notify` [ RunTime:0.000968s ]
[2022-10-20 14:08:52][sql] SELECT * FROM `ds_notify` WHERE  `is_show` = 1 ORDER BY `create_time` DESC LIMIT 1 [ RunTime:0.000434s ]
[2022-10-20 14:08:52][sql] SHOW FULL COLUMNS FROM `ds_system_quick` [ RunTime:0.000749s ]
[2022-10-20 14:08:52][sql] SELECT `id`,`title`,`icon`,`href` FROM `ds_system_quick` WHERE (  `status` = 1 ) AND `ds_system_quick`.`delete_time` IS NULL ORDER BY `sort` DESC LIMIT 8 [ RunTime:0.000378s ]
[2022-10-20 14:08:52][sql] SHOW FULL COLUMNS FROM `ds_system_admin` [ RunTime:0.000851s ]
[2022-10-20 14:08:52][sql] SELECT * FROM `ds_system_admin` WHERE (  `id` = 1 ) AND `ds_system_admin`.`delete_time` IS NULL LIMIT 1 [ RunTime:0.000361s ]
[2022-10-20 14:08:52][sql] SELECT * FROM `ds_system_admin` WHERE (  `id` = 1 ) AND `ds_system_admin`.`delete_time` IS NULL LIMIT 1 [ RunTime:0.000336s ]
[2022-10-20 14:08:52][sql] SHOW FULL COLUMNS FROM `ds_outlay` [ RunTime:0.000680s ]
[2022-10-20 14:08:52][sql] SELECT SUM(`money`) AS think_sum FROM `ds_outlay` WHERE  `status` = 0 LIMIT 1 [ RunTime:0.000323s ]
[2022-10-20 14:08:52][sql] SHOW FULL COLUMNS FROM `ds_payed_show` [ RunTime:0.000864s ]
[2022-10-20 14:08:52][sql] SELECT COUNT(DISTINCT `ip`) AS think_count FROM `ds_payed_show` LIMIT 1 [ RunTime:0.051918s ]
[2022-10-20 14:08:52][sql] SHOW FULL COLUMNS FROM `ds_tj` [ RunTime:0.001016s ]
[2022-10-20 14:08:52][sql] SELECT COUNT(*) AS think_count FROM `ds_tj` WHERE  `create_time` BETWEEN 1666195200 AND 1666281599 LIMIT 1 [ RunTime:0.000311s ]
[2022-10-20 14:08:52][sql] SHOW FULL COLUMNS FROM `ds_pay_order` [ RunTime:0.000796s ]
[2022-10-20 14:08:52][sql] SELECT COUNT(*) AS think_count FROM `ds_pay_order` WHERE  `is_kouliang` = '1'  AND `status` = '1'  AND `is_tj` = 1 LIMIT 1 [ RunTime:0.000479s ]
[2022-10-20 14:08:52][sql] SELECT SUM(`price`) AS think_sum FROM `ds_pay_order` WHERE  `is_kouliang` = '1'  AND `status` = '1'  AND `is_tj` = 1 LIMIT 1 [ RunTime:0.000381s ]
[2022-10-20 14:08:52][sql] SELECT SUM(`price`) AS think_sum FROM `ds_pay_order` WHERE  `is_kouliang` = '1'  AND `status` = '1'  AND `is_tj` = 1  AND `createtime` BETWEEN 1666195200 AND 1666281599 LIMIT 1 [ RunTime:0.000369s ]
[2022-10-20 14:08:52][sql] SELECT COUNT(*) AS think_count FROM `ds_pay_order` WHERE  `is_kouliang` = '1'  AND `status` = '1'  AND `is_tj` = 1  AND `createtime` BETWEEN 1666195200 AND 1666281599 LIMIT 1 [ RunTime:0.000320s ]
[2022-10-20 14:08:52][sql] SELECT SUM(`price`) AS think_sum FROM `ds_pay_order` WHERE  `is_kouliang` = '1'  AND `status` = '1'  AND `is_tj` = 1  AND `createtime` BETWEEN 1666108800 AND 1666195199 LIMIT 1 [ RunTime:0.000340s ]
[2022-10-20 14:08:52][sql] SELECT COUNT(*) AS think_count FROM `ds_pay_order` WHERE  `is_kouliang` = '1'  AND `status` = '1'  AND `is_tj` = 1  AND `createtime` BETWEEN 1666108800 AND 1666195199 LIMIT 1 [ RunTime:0.000284s ]
[2022-10-20 14:08:52][sql] SELECT `id`,`createtime` FROM `ds_pay_order` WHERE  `status` = '2'  AND `createtime` BETWEEN 1665936000 AND 1666540799  AND `is_tj` = 1  AND `is_kouliang` = '1' [ RunTime:0.000337s ]
[2022-10-20 14:08:52][sql] SELECT `id`,`createtime` FROM `ds_pay_order` WHERE  `status` = '1'  AND `createtime` BETWEEN 1665936000 AND 1666540799  AND `is_tj` = 1  AND `is_kouliang` = '1' [ RunTime:0.000315s ]
[2022-10-20 14:08:52][sql] SHOW FULL COLUMNS FROM `ds_system_config` [ RunTime:0.000751s ]
[2022-10-20 14:08:52][sql] SELECT `value` FROM `ds_system_config` WHERE  `group` = 'site'  AND `name` = 'site_name' LIMIT 1 [ RunTime:0.000257s ]
[2022-10-20 14:09:08][sql] CONNECT:[ UseTime:0.000515s ] mysql:host=127.0.0.1;port=3306;dbname=webs;charset=utf8
[2022-10-20 14:09:08][sql] SHOW FULL COLUMNS FROM `ds_system_config` [ RunTime:0.001161s ]
[2022-10-20 14:09:08][sql] SELECT `value` FROM `ds_system_config` WHERE  `group` = 'site'  AND `name` = 'site_name' LIMIT 1 [ RunTime:0.000353s ]
[2022-10-20 14:09:09][sql] CONNECT:[ UseTime:0.000454s ] mysql:host=127.0.0.1;port=3306;dbname=webs;charset=utf8
[2022-10-20 14:09:09][sql] SHOW FULL COLUMNS FROM `ds_notify` [ RunTime:0.000934s ]
[2022-10-20 14:09:09][sql] SELECT * FROM `ds_notify` WHERE  `is_show` = 1 ORDER BY `create_time` DESC LIMIT 1 [ RunTime:0.000323s ]
[2022-10-20 14:09:09][sql] SHOW FULL COLUMNS FROM `ds_system_quick` [ RunTime:0.000692s ]
[2022-10-20 14:09:09][sql] SELECT `id`,`title`,`icon`,`href` FROM `ds_system_quick` WHERE (  `status` = 1 ) AND `ds_system_quick`.`delete_time` IS NULL ORDER BY `sort` DESC LIMIT 8 [ RunTime:0.000370s ]
[2022-10-20 14:09:09][sql] SHOW FULL COLUMNS FROM `ds_system_admin` [ RunTime:0.000912s ]
[2022-10-20 14:09:09][sql] SELECT * FROM `ds_system_admin` WHERE (  `id` = 1 ) AND `ds_system_admin`.`delete_time` IS NULL LIMIT 1 [ RunTime:0.000437s ]
[2022-10-20 14:09:09][sql] SELECT * FROM `ds_system_admin` WHERE (  `id` = 1 ) AND `ds_system_admin`.`delete_time` IS NULL LIMIT 1 [ RunTime:0.000419s ]
[2022-10-20 14:09:09][sql] SHOW FULL COLUMNS FROM `ds_outlay` [ RunTime:0.000764s ]
[2022-10-20 14:09:09][sql] SELECT SUM(`money`) AS think_sum FROM `ds_outlay` WHERE  `status` = 0 LIMIT 1 [ RunTime:0.000337s ]
[2022-10-20 14:09:09][sql] SHOW FULL COLUMNS FROM `ds_payed_show` [ RunTime:0.000730s ]
[2022-10-20 14:09:09][sql] SELECT COUNT(DISTINCT `ip`) AS think_count FROM `ds_payed_show` LIMIT 1 [ RunTime:0.040786s ]
[2022-10-20 14:09:09][sql] SHOW FULL COLUMNS FROM `ds_tj` [ RunTime:0.000975s ]
[2022-10-20 14:09:09][sql] SELECT COUNT(*) AS think_count FROM `ds_tj` WHERE  `create_time` BETWEEN 1666195200 AND 1666281599 LIMIT 1 [ RunTime:0.000352s ]
[2022-10-20 14:09:09][sql] SHOW FULL COLUMNS FROM `ds_pay_order` [ RunTime:0.000782s ]
[2022-10-20 14:09:09][sql] SELECT COUNT(*) AS think_count FROM `ds_pay_order` WHERE  `is_kouliang` = '1'  AND `status` = '1'  AND `is_tj` = 1 LIMIT 1 [ RunTime:0.000471s ]
[2022-10-20 14:09:09][sql] SELECT SUM(`price`) AS think_sum FROM `ds_pay_order` WHERE  `is_kouliang` = '1'  AND `status` = '1'  AND `is_tj` = 1 LIMIT 1 [ RunTime:0.000376s ]
[2022-10-20 14:09:09][sql] SELECT SUM(`price`) AS think_sum FROM `ds_pay_order` WHERE  `is_kouliang` = '1'  AND `status` = '1'  AND `is_tj` = 1  AND `createtime` BETWEEN 1666195200 AND 1666281599 LIMIT 1 [ RunTime:0.000376s ]
[2022-10-20 14:09:09][sql] SELECT COUNT(*) AS think_count FROM `ds_pay_order` WHERE  `is_kouliang` = '1'  AND `status` = '1'  AND `is_tj` = 1  AND `createtime` BETWEEN 1666195200 AND 1666281599 LIMIT 1 [ RunTime:0.000340s ]
[2022-10-20 14:09:09][sql] SELECT SUM(`price`) AS think_sum FROM `ds_pay_order` WHERE  `is_kouliang` = '1'  AND `status` = '1'  AND `is_tj` = 1  AND `createtime` BETWEEN 1666108800 AND 1666195199 LIMIT 1 [ RunTime:0.000332s ]
[2022-10-20 14:09:09][sql] SELECT COUNT(*) AS think_count FROM `ds_pay_order` WHERE  `is_kouliang` = '1'  AND `status` = '1'  AND `is_tj` = 1  AND `createtime` BETWEEN 1666108800 AND 1666195199 LIMIT 1 [ RunTime:0.000330s ]
[2022-10-20 14:09:09][sql] SELECT `id`,`createtime` FROM `ds_pay_order` WHERE  `status` = '2'  AND `createtime` BETWEEN 1665936000 AND 1666540799  AND `is_tj` = 1  AND `is_kouliang` = '1' [ RunTime:0.000420s ]
[2022-10-20 14:09:09][sql] SELECT `id`,`createtime` FROM `ds_pay_order` WHERE  `status` = '1'  AND `createtime` BETWEEN 1665936000 AND 1666540799  AND `is_tj` = 1  AND `is_kouliang` = '1' [ RunTime:0.000363s ]
[2022-10-20 14:09:09][sql] SHOW FULL COLUMNS FROM `ds_system_config` [ RunTime:0.000826s ]
[2022-10-20 14:09:09][sql] SELECT `value` FROM `ds_system_config` WHERE  `group` = 'site'  AND `name` = 'site_name' LIMIT 1 [ RunTime:0.000303s ]
[2022-10-20 14:09:11][sql] CONNECT:[ UseTime:0.000409s ] mysql:host=127.0.0.1;port=3306;dbname=webs;charset=utf8
[2022-10-20 14:09:11][sql] SHOW FULL COLUMNS FROM `ds_pay_setting` [ RunTime:0.000975s ]
[2022-10-20 14:09:11][sql] SELECT * FROM `ds_pay_setting` WHERE  `status` = 1 [ RunTime:0.000373s ]
[2022-10-20 14:09:11][sql] SHOW FULL COLUMNS FROM `ds_pay_order` [ RunTime:0.000794s ]
[2022-10-20 14:09:11][sql] SELECT COUNT(*) AS think_count FROM `ds_pay_order` WHERE  `is_kouliang` = '1'  AND `status` = '1'  AND `is_tj` = 1  AND `createtime` BETWEEN 1666195200 AND 1666281599 LIMIT 1 [ RunTime:0.000440s ]
[2022-10-20 14:09:11][sql] SELECT COUNT(*) AS think_count FROM `ds_pay_order` WHERE  `is_kouliang` = '1'  AND `status` = '1'  AND `is_tj` = 1  AND `createtime` BETWEEN 1666108800 AND 1666195199 LIMIT 1 [ RunTime:0.000341s ]
[2022-10-20 14:09:11][sql] SELECT SUM(`price`) AS think_sum FROM `ds_pay_order` WHERE  `is_kouliang` = '1'  AND `status` = '1'  AND `is_tj` = 1  AND `createtime` BETWEEN 1666195200 AND 1666281599 LIMIT 1 [ RunTime:0.000351s ]
[2022-10-20 14:09:11][sql] SELECT SUM(`price`) AS think_sum FROM `ds_pay_order` WHERE  `is_kouliang` = '1'  AND `status` = '1'  AND `is_tj` = 1  AND `createtime` BETWEEN 1666108800 AND 1666195199 LIMIT 1 [ RunTime:0.000333s ]
[2022-10-20 14:09:11][sql] SELECT COUNT(*) AS think_count FROM `ds_pay_order` WHERE  `is_kouliang` = '1'  AND `status` = '1'  AND `is_tj` = 1 LIMIT 1 [ RunTime:0.000281s ]
[2022-10-20 14:09:11][sql] SELECT SUM(`price`) AS think_sum FROM `ds_pay_order` WHERE  `is_kouliang` = '1'  AND `status` = '1'  AND `is_tj` = 1 LIMIT 1 [ RunTime:0.000291s ]
[2022-10-20 14:09:11][sql] SHOW FULL COLUMNS FROM `ds_system_config` [ RunTime:0.000818s ]
[2022-10-20 14:09:11][sql] SELECT `value` FROM `ds_system_config` WHERE  `group` = 'site'  AND `name` = 'site_name' LIMIT 1 [ RunTime:0.000291s ]
[2022-10-20 14:09:11][sql] CONNECT:[ UseTime:0.000510s ] mysql:host=127.0.0.1;port=3306;dbname=webs;charset=utf8
[2022-10-20 14:09:11][sql] SHOW FULL COLUMNS FROM `ds_pay_order` [ RunTime:0.001060s ]
[2022-10-20 14:09:11][sql] SELECT COUNT(*) AS think_count FROM `ds_pay_order` WHERE  `status` = '1'  AND `is_kouliang` = '1' LIMIT 1 [ RunTime:0.000430s ]
[2022-10-20 14:09:11][sql] SELECT * FROM `ds_pay_order` WHERE  `status` = '1'  AND `is_kouliang` = '1' ORDER BY `id` DESC LIMIT 0,15 [ RunTime:0.000468s ]
[2022-10-20 14:09:11][sql] SHOW FULL COLUMNS FROM `ds_system_admin` [ RunTime:0.001275s ]
[2022-10-20 14:09:11][sql] SELECT * FROM `ds_system_admin` WHERE (  `id` = 182 ) AND `ds_system_admin`.`delete_time` IS NULL [ RunTime:0.000431s ]
[2022-10-20 14:09:11][sql] SHOW FULL COLUMNS FROM `ds_link` [ RunTime:0.001243s ]
[2022-10-20 14:09:11][sql] SELECT * FROM `ds_link` WHERE  `id` IN (38894,37375,39238,35690,36315,35561,40793,36534,37122,36212,39451,40045,39219,39867,38298) [ RunTime:0.000397s ]
[2022-10-20 14:09:15][sql] CONNECT:[ UseTime:0.000478s ] mysql:host=127.0.0.1;port=3306;dbname=webs;charset=utf8
[2022-10-20 14:09:15][sql] SHOW FULL COLUMNS FROM `ds_system_auth` [ RunTime:0.000972s ]
[2022-10-20 14:09:15][sql] SELECT `title`,`id` FROM `ds_system_auth` WHERE (  `status` = 1 ) AND `ds_system_auth`.`delete_time` IS NULL [ RunTime:0.000567s ]
[2022-10-20 14:09:15][sql] SHOW FULL COLUMNS FROM `ds_system_admin` [ RunTime:0.000878s ]
[2022-10-20 14:09:15][sql] SELECT SUM(`balance`) AS think_sum FROM `ds_system_admin` WHERE `ds_system_admin`.`delete_time` IS NULL LIMIT 1 [ RunTime:0.000325s ]
[2022-10-20 14:09:15][sql] SHOW FULL COLUMNS FROM `ds_outlay` [ RunTime:0.000853s ]
[2022-10-20 14:09:15][sql] SELECT SUM(`money`) AS think_sum FROM `ds_outlay` WHERE  `create_time` BETWEEN 1666195200 AND 1666281599 LIMIT 1 [ RunTime:0.000272s ]
[2022-10-20 14:09:15][sql] SHOW FULL COLUMNS FROM `ds_pay_setting` [ RunTime:0.000720s ]
[2022-10-20 14:09:15][sql] SELECT * FROM `ds_pay_setting` [ RunTime:0.000232s ]
[2022-10-20 14:09:15][sql] SHOW FULL COLUMNS FROM `ds_system_config` [ RunTime:0.000752s ]
[2022-10-20 14:09:15][sql] SELECT `value` FROM `ds_system_config` WHERE  `group` = 'site'  AND `name` = 'site_name' LIMIT 1 [ RunTime:0.000283s ]
[2022-10-20 14:09:15][sql] CONNECT:[ UseTime:0.000384s ] mysql:host=127.0.0.1;port=3306;dbname=webs;charset=utf8
[2022-10-20 14:09:15][sql] SHOW FULL COLUMNS FROM `ds_system_auth` [ RunTime:0.000831s ]
[2022-10-20 14:09:15][sql] SELECT `title`,`id` FROM `ds_system_auth` WHERE (  `status` = 1 ) AND `ds_system_auth`.`delete_time` IS NULL [ RunTime:0.000370s ]
[2022-10-20 14:09:15][sql] SHOW FULL COLUMNS FROM `ds_system_admin` [ RunTime:0.000891s ]
[2022-10-20 14:09:15][sql] SELECT SUM(`balance`) AS think_sum FROM `ds_system_admin` WHERE `ds_system_admin`.`delete_time` IS NULL LIMIT 1 [ RunTime:0.000268s ]
[2022-10-20 14:09:15][sql] SHOW FULL COLUMNS FROM `ds_outlay` [ RunTime:0.000721s ]
[2022-10-20 14:09:15][sql] SELECT SUM(`money`) AS think_sum FROM `ds_outlay` WHERE  `create_time` BETWEEN 1666195200 AND 1666281599 LIMIT 1 [ RunTime:0.000253s ]
[2022-10-20 14:09:15][sql] SHOW FULL COLUMNS FROM `ds_pay_setting` [ RunTime:0.000745s ]
[2022-10-20 14:09:15][sql] SELECT * FROM `ds_pay_setting` [ RunTime:0.000289s ]
[2022-10-20 14:09:15][sql] SELECT COUNT(*) AS think_count FROM `ds_system_admin` WHERE (  `id` <> 1 ) AND `ds_system_admin`.`delete_time` IS NULL LIMIT 1 [ RunTime:0.000359s ]
[2022-10-20 14:09:15][sql] SELECT `id`,`pid`,`auth_ids`,`head_img`,`username`,`qq`,`wechat_account`,`pwd`,`balance`,`revenue`,`short`,`pay_model`,`pay_model1`,`is_zn`,`is_ff`,`poundage`,`ticheng`,`is_day`,`is_week`,`is_month`,`is_dan`,`date_fee`,`month_fee`,`dan_fee`,`week_fee`,`view_id`,`phone`,`remark`,`login_num`,`sort`,`status`,`push_all`,`txpwd`,`create_time`,`update_time`,`delete_time`,`is_zw`,(SELECT SUM(`money`) AS think_sum FROM `ds_outlay` `sum_table` WHERE  ( `sum_table`.`uid` =ds_system_admin.id )) AS `outlay_sum` FROM `ds_system_admin` WHERE (  `id` <> 1 ) AND `ds_system_admin`.`delete_time` IS NULL ORDER BY `sort` DESC,`id` DESC LIMIT 0,15 [ RunTime:0.000582s ]
[2022-10-20 14:09:15][sql] SELECT * FROM `ds_system_admin` WHERE (  `id` = 0 ) AND `ds_system_admin`.`delete_time` IS NULL [ RunTime:0.000421s ]
[2022-10-20 14:09:15][sql] SHOW FULL COLUMNS FROM `ds_muban` [ RunTime:0.000751s ]
[2022-10-20 14:09:15][sql] SELECT * FROM `ds_muban` WHERE (  `id` = 2 ) AND `ds_muban`.`delete_time` IS NULL [ RunTime:0.000281s ]
[2022-10-20 14:09:15][sql] SHOW FULL COLUMNS FROM `ds_pay_order` [ RunTime:0.000752s ]
[2022-10-20 14:09:15][sql] SELECT * FROM `ds_pay_order` WHERE  `status` = '1'  AND `is_kouliang` = '1'  AND `is_tj` = 1  AND `createtime` BETWEEN 1666195200 AND 1666281599  AND `uid` = 182 [ RunTime:0.000429s ]
[2022-10-20 14:09:15][sql] SHOW FULL COLUMNS FROM `ds_domain_lib` [ RunTime:0.000978s ]
[2022-10-20 14:09:15][sql] SELECT * FROM `ds_domain_lib` WHERE  `status` = 0  AND `uid` = 182 [ RunTime:0.001410s ]
[2022-10-20 14:09:15][sql] SELECT SUM(`price`) AS think_sum FROM `ds_pay_order` WHERE  `uid` = 182  AND `is_kouliang` = '1'  AND `status` = '1'  AND `is_tj` = 1  AND `createtime` BETWEEN 1666195200 AND 1666281599 LIMIT 1 [ RunTime:0.000365s ]
[2022-10-20 14:09:15][sql] SELECT SUM(`price`) AS think_sum FROM `ds_pay_order` WHERE  `uid` = 182  AND `is_kouliang` = '1'  AND `status` = '1'  AND `is_tj` = 1  AND `createtime` BETWEEN 1666108800 AND 1666195199 LIMIT 1 [ RunTime:0.000362s ]
[2022-10-20 14:09:15][sql] SELECT `id` FROM `ds_system_admin` WHERE (  `pid` = 182 ) AND `ds_system_admin`.`delete_time` IS NULL [ RunTime:0.000206s ]
[2022-10-20 14:09:18][sql] CONNECT:[ UseTime:0.000409s ] mysql:host=127.0.0.1;port=3306;dbname=webs;charset=utf8
[2022-10-20 14:09:18][sql] SHOW FULL COLUMNS FROM `ds_system_config` [ RunTime:0.000767s ]
[2022-10-20 14:09:18][sql] SELECT `value` FROM `ds_system_config` WHERE  `group` = 'site'  AND `name` = 'site_name' LIMIT 1 [ RunTime:0.000298s ]
[2022-10-20 14:09:19][sql] CONNECT:[ UseTime:0.000367s ] mysql:host=127.0.0.1;port=3306;dbname=webs;charset=utf8
[2022-10-20 14:09:19][sql] SHOW FULL COLUMNS FROM `ds_pay_setting` [ RunTime:0.000957s ]
[2022-10-20 14:09:19][sql] SELECT COUNT(*) AS think_count FROM `ds_pay_setting` LIMIT 1 [ RunTime:0.000305s ]
[2022-10-20 14:09:19][sql] SELECT * FROM `ds_pay_setting` ORDER BY `id` DESC LIMIT 0,15 [ RunTime:0.000268s ]
[2022-10-20 14:09:21][sql] CONNECT:[ UseTime:0.000495s ] mysql:host=127.0.0.1;port=3306;dbname=webs;charset=utf8
[2022-10-20 14:09:21][sql] show tables like 'ds_system_log_202210' [ RunTime:0.000460s ]
[2022-10-20 14:09:21][sql] SHOW FULL COLUMNS FROM `ds_system_log_202210` [ RunTime:0.000928s ]
[2022-10-20 14:09:21][sql] INSERT INTO `ds_system_log_202210` SET `admin_id` = 1 , `url` = '/admin/paysetting/delete?id=36' , `method` = 'post' , `ip` = '124.152.241.18' , `content` = '{"id":"36"}' , `useragent` = 'Mozilla/5.0 (Macintosh; Intel Mac OS X 10_15_7) AppleWebKit/537.36 (KHTML, like Gecko) Chrome/105.0.0.0 Safari/537.36' , `create_time` = 1666246161 [ RunTime:0.000403s ]
[2022-10-20 14:09:21][sql] SHOW FULL COLUMNS FROM `ds_pay_setting` [ RunTime:0.000934s ]
[2022-10-20 14:09:21][sql] SELECT * FROM `ds_pay_setting` WHERE  `id` = 36 [ RunTime:0.000304s ]
[2022-10-20 14:09:21][sql] DELETE FROM `ds_pay_setting` WHERE  `id` = 36 [ RunTime:0.001183s ]
[2022-10-20 14:09:22][sql] CONNECT:[ UseTime:0.000500s ] mysql:host=127.0.0.1;port=3306;dbname=webs;charset=utf8
[2022-10-20 14:09:22][sql] SHOW FULL COLUMNS FROM `ds_pay_setting` [ RunTime:0.000990s ]
[2022-10-20 14:09:22][sql] SELECT COUNT(*) AS think_count FROM `ds_pay_setting` LIMIT 1 [ RunTime:0.000246s ]
[2022-10-20 14:09:22][sql] SELECT * FROM `ds_pay_setting` ORDER BY `id` DESC LIMIT 0,15 [ RunTime:0.000273s ]
[2022-10-20 14:09:23][sql] CONNECT:[ UseTime:0.000455s ] mysql:host=127.0.0.1;port=3306;dbname=webs;charset=utf8
[2022-10-20 14:09:23][sql] SHOW FULL COLUMNS FROM `ds_system_config` [ RunTime:0.000969s ]
[2022-10-20 14:09:23][sql] SELECT `value` FROM `ds_system_config` WHERE  `group` = 'site'  AND `name` = 'site_name' LIMIT 1 [ RunTime:0.000353s ]
[2022-10-20 14:09:24][sql] CONNECT:[ UseTime:0.000437s ] mysql:host=127.0.0.1;port=3306;dbname=webs;charset=utf8
[2022-10-20 14:09:24][sql] SHOW FULL COLUMNS FROM `ds_system_config` [ RunTime:0.000994s ]
[2022-10-20 14:09:24][sql] SELECT `value` FROM `ds_system_config` WHERE  `group` = 'site'  AND `name` = 'site_name' LIMIT 1 [ RunTime:0.000319s ]
[2022-10-20 14:09:24][sql] CONNECT:[ UseTime:0.000484s ] mysql:host=127.0.0.1;port=3306;dbname=webs;charset=utf8
[2022-10-20 14:09:24][sql] SHOW FULL COLUMNS FROM `ds_complain` [ RunTime:0.001009s ]
[2022-10-20 14:09:24][sql] SELECT COUNT(*) AS think_count FROM `ds_complain` LIMIT 1 [ RunTime:0.000259s ]
[2022-10-20 14:09:24][sql] SELECT * FROM `ds_complain` ORDER BY `id` DESC LIMIT 0,15 [ RunTime:0.000331s ]
[2022-10-20 14:09:24][sql] CONNECT:[ UseTime:0.000454s ] mysql:host=127.0.0.1;port=3306;dbname=webs;charset=utf8
[2022-10-20 14:09:24][sql] SHOW FULL COLUMNS FROM `ds_domain_rule` [ RunTime:0.000988s ]
[2022-10-20 14:09:24][sql] SELECT COUNT(*) AS think_count FROM `ds_domain_rule` LIMIT 1 [ RunTime:0.000295s ]
[2022-10-20 14:09:24][sql] SELECT * FROM `ds_domain_rule` ORDER BY `id` DESC LIMIT 0,15 [ RunTime:0.000257s ]
[2022-10-20 14:09:24][sql] SHOW FULL COLUMNS FROM `ds_system_admin` [ RunTime:0.000836s ]
[2022-10-20 14:09:24][sql] SELECT * FROM `ds_system_admin` WHERE (  `id` = 10086 ) AND `ds_system_admin`.`delete_time` IS NULL [ RunTime:0.000467s ]
[2022-10-20 14:09:27][sql] CONNECT:[ UseTime:0.000525s ] mysql:host=127.0.0.1;port=3306;dbname=webs;charset=utf8
[2022-10-20 14:09:27][sql] SHOW FULL COLUMNS FROM `ds_system_config` [ RunTime:0.001126s ]
[2022-10-20 14:09:27][sql] SELECT `value` FROM `ds_system_config` WHERE  `group` = 'site'  AND `name` = 'site_name' LIMIT 1 [ RunTime:0.000338s ]
[2022-10-20 14:09:28][sql] CONNECT:[ UseTime:0.000539s ] mysql:host=127.0.0.1;port=3306;dbname=webs;charset=utf8
[2022-10-20 14:09:28][sql] SHOW FULL COLUMNS FROM `ds_notify` [ RunTime:0.001014s ]
[2022-10-20 14:09:28][sql] SELECT COUNT(*) AS think_count FROM `ds_notify` LIMIT 1 [ RunTime:0.000372s ]
[2022-10-20 14:09:28][sql] SELECT * FROM `ds_notify` ORDER BY `id` DESC LIMIT 0,15 [ RunTime:0.000249s ]
[2022-10-20 14:09:30][sql] CONNECT:[ UseTime:0.000643s ] mysql:host=127.0.0.1;port=3306;dbname=webs;charset=utf8
[2022-10-20 14:09:30][sql] SHOW FULL COLUMNS FROM `ds_pay_setting` [ RunTime:0.000938s ]
[2022-10-20 14:09:30][sql] SELECT * FROM `ds_pay_setting` [ RunTime:0.000277s ]
[2022-10-20 14:09:30][sql] SHOW FULL COLUMNS FROM `ds_system_config` [ RunTime:0.000905s ]
[2022-10-20 14:09:30][sql] SELECT * FROM `ds_system_config` [ RunTime:0.000514s ]
[2022-10-20 14:09:30][sql] SELECT `value` FROM `ds_system_config` WHERE  `group` = 'site'  AND `name` = 'site_name' LIMIT 1 [ RunTime:0.000530s ]
[2022-10-20 14:09:30][sql] SELECT `value` FROM `ds_system_config` WHERE  `group` = 'site'  AND `name` = 'site_order' LIMIT 1 [ RunTime:0.000315s ]
[2022-10-20 14:09:30][sql] SELECT `value` FROM `ds_system_config` WHERE  `group` = 'site'  AND `name` = 'site_name' LIMIT 1 [ RunTime:0.000290s ]
[2022-10-20 14:09:30][sql] SELECT `value` FROM `ds_system_config` WHERE  `group` = 'site'  AND `name` = 'site_title' LIMIT 1 [ RunTime:0.000294s ]
[2022-10-20 14:09:30][sql] SELECT `value` FROM `ds_system_config` WHERE  `group` = 'site'  AND `name` = 'site_slogan' LIMIT 1 [ RunTime:0.000285s ]
[2022-10-20 14:09:30][sql] SELECT `value` FROM `ds_system_config` WHERE  `group` = 'site'  AND `name` = 'site_content' LIMIT 1 [ RunTime:0.000305s ]
[2022-10-20 14:09:30][sql] SELECT `value` FROM `ds_system_config` WHERE  `group` = 'site'  AND `name` = 'logo_image' LIMIT 1 [ RunTime:0.000289s ]
[2022-10-20 14:09:30][sql] SELECT `value` FROM `ds_system_config` WHERE  `group` = 'site'  AND `name` = 'site_bg' LIMIT 1 [ RunTime:0.000306s ]
[2022-10-20 14:09:30][sql] SELECT `value` FROM `ds_system_config` WHERE  `group` = 'site'  AND `name` = 'site_beian' LIMIT 1 [ RunTime:0.000290s ]
[2022-10-20 14:09:30][sql] SELECT `value` FROM `ds_system_config` WHERE  `group` = 'site'  AND `name` = 'site_domain' LIMIT 1 [ RunTime:0.000304s ]
[2022-10-20 14:09:30][sql] SELECT `value` FROM `ds_system_config` WHERE  `group` = 'site'  AND `name` = 'site_pay' LIMIT 1 [ RunTime:0.000292s ]
[2022-10-20 14:09:30][sql] SELECT `value` FROM `ds_system_config` WHERE  `group` = 'site'  AND `name` = 'site_payback' LIMIT 1 [ RunTime:0.000306s ]
[2022-10-20 14:09:30][sql] SELECT `value` FROM `ds_system_config` WHERE  `group` = 'site'  AND `name` = 'site_urlapi' LIMIT 1 [ RunTime:0.000293s ]
[2022-10-20 14:09:30][sql] SELECT `value` FROM `ds_system_config` WHERE  `group` = 'site'  AND `name` = 'site_cdn' LIMIT 1 [ RunTime:0.000301s ]
[2022-10-20 14:09:30][sql] SELECT `value` FROM `ds_system_config` WHERE  `group` = 'site'  AND `name` = 'site_qq' LIMIT 1 [ RunTime:0.000275s ]
[2022-10-20 14:09:30][sql] SELECT `value` FROM `ds_system_config` WHERE  `group` = 'site'  AND `name` = 'site_wechat' LIMIT 1 [ RunTime:0.000285s ]
[2022-10-20 14:09:30][sql] SELECT `value` FROM `ds_system_config` WHERE  `group` = 'ff'  AND `name` = 'ff_close' LIMIT 1 [ RunTime:0.000291s ]
[2022-10-20 14:09:30][sql] SELECT `value` FROM `ds_system_config` WHERE  `group` = 'ff'  AND `name` = 'ff_close' LIMIT 1 [ RunTime:0.000275s ]
[2022-10-20 14:09:30][sql] SELECT `value` FROM `ds_system_config` WHERE  `group` = 'ff'  AND `name` = 'ff_close' LIMIT 1 [ RunTime:0.000273s ]
[2022-10-20 14:09:30][sql] SELECT `value` FROM `ds_system_config` WHERE  `group` = 'ff'  AND `name` = 'ff_fix' LIMIT 1 [ RunTime:0.000291s ]
[2022-10-20 14:09:30][sql] SELECT `value` FROM `ds_system_config` WHERE  `group` = 'ff'  AND `name` = 'ff_fix' LIMIT 1 [ RunTime:0.000275s ]
[2022-10-20 14:09:30][sql] SELECT `value` FROM `ds_system_config` WHERE  `group` = 'ff'  AND `name` = 'ff_fix' LIMIT 1 [ RunTime:0.000283s ]
[2022-10-20 14:09:30][sql] SELECT `value` FROM `ds_system_config` WHERE  `group` = 'ff'  AND `name` = 'ff_pc' LIMIT 1 [ RunTime:0.000289s ]
[2022-10-20 14:09:30][sql] SELECT `value` FROM `ds_system_config` WHERE  `group` = 'ff'  AND `name` = 'ff_pc' LIMIT 1 [ RunTime:0.000285s ]
[2022-10-20 14:09:30][sql] SELECT `value` FROM `ds_system_config` WHERE  `group` = 'ff'  AND `name` = 'ff_pc' LIMIT 1 [ RunTime:0.000272s ]
[2022-10-20 14:09:30][sql] SELECT `value` FROM `ds_system_config` WHERE  `group` = 'ff'  AND `name` = 'ff_url' LIMIT 1 [ RunTime:0.000298s ]
[2022-10-20 14:09:30][sql] SELECT `value` FROM `ds_system_config` WHERE  `group` = 'ff'  AND `name` = 'ff_short' LIMIT 1 [ RunTime:0.000289s ]
[2022-10-20 14:09:30][sql] SELECT `value` FROM `ds_system_config` WHERE  `group` = 'ff'  AND `name` = 'ff_short' LIMIT 1 [ RunTime:0.000296s ]
[2022-10-20 14:09:30][sql] SELECT `value` FROM `ds_system_config` WHERE  `group` = 'ff'  AND `name` = 'ff_short' LIMIT 1 [ RunTime:0.000283s ]
[2022-10-20 14:09:30][sql] SELECT `value` FROM `ds_system_config` WHERE  `group` = 'ff'  AND `name` = 'ff_short' LIMIT 1 [ RunTime:0.000284s ]
[2022-10-20 14:09:30][sql] SELECT `value` FROM `ds_system_config` WHERE  `group` = 'ff'  AND `name` = 'ff_short' LIMIT 1 [ RunTime:0.000317s ]
[2022-10-20 14:09:30][sql] SELECT `value` FROM `ds_system_config` WHERE  `group` = 'ff'  AND `name` = 'ff_short' LIMIT 1 [ RunTime:0.000285s ]
[2022-10-20 14:09:30][sql] SELECT `value` FROM `ds_system_config` WHERE  `group` = 'ff'  AND `name` = 'ff_short' LIMIT 1 [ RunTime:0.000303s ]
[2022-10-20 14:09:30][sql] SELECT `value` FROM `ds_system_config` WHERE  `group` = 'ff'  AND `name` = 'ff_short' LIMIT 1 [ RunTime:0.000283s ]
[2022-10-20 14:09:30][sql] SELECT `value` FROM `ds_system_config` WHERE  `group` = 'ff'  AND `name` = 'ff_short' LIMIT 1 [ RunTime:0.000284s ]
[2022-10-20 14:09:30][sql] SELECT `value` FROM `ds_system_config` WHERE  `group` = 'jp'  AND `name` = 'fb_min_money' LIMIT 1 [ RunTime:0.000299s ]
[2022-10-20 14:09:30][sql] SELECT `value` FROM `ds_system_config` WHERE  `group` = 'jp'  AND `name` = 'fb_max_money' LIMIT 1 [ RunTime:0.000318s ]
[2022-10-20 14:09:30][sql] SELECT `value` FROM `ds_system_config` WHERE  `group` = 'jg'  AND `name` = 'jg_mrfx' LIMIT 1 [ RunTime:0.000303s ]
[2022-10-20 14:09:30][sql] SELECT `value` FROM `ds_system_config` WHERE  `group` = 'jg'  AND `name` = 'jg_mrfy' LIMIT 1 [ RunTime:0.000315s ]
[2022-10-20 14:09:30][sql] SELECT `value` FROM `ds_system_config` WHERE  `group` = 'jg'  AND `name` = 'jg_yqm' LIMIT 1 [ RunTime:0.000300s ]
[2022-10-20 14:09:30][sql] SELECT `value` FROM `ds_system_config` WHERE  `group` = 'jg'  AND `name` = 'jg_ym' LIMIT 1 [ RunTime:0.000323s ]
[2022-10-20 14:09:30][sql] SELECT `value` FROM `ds_system_config` WHERE  `group` = 'jg'  AND `name` = 'jg_dbzd' LIMIT 1 [ RunTime:0.000299s ]
[2022-10-20 14:09:30][sql] SELECT `value` FROM `ds_system_config` WHERE  `group` = 'jg'  AND `name` = 'jg_dbzg' LIMIT 1 [ RunTime:0.000319s ]
[2022-10-20 14:09:30][sql] SELECT `value` FROM `ds_system_config` WHERE  `group` = 'jg'  AND `name` = 'jg_dtzg' LIMIT 1 [ RunTime:0.000297s ]
[2022-10-20 14:09:30][sql] SELECT `value` FROM `ds_system_config` WHERE  `group` = 'jg'  AND `name` = 'jg_topen' LIMIT 1 [ RunTime:0.000312s ]
[2022-10-20 14:09:30][sql] SELECT `value` FROM `ds_system_config` WHERE  `group` = 'jg'  AND `name` = 'jg_topen' LIMIT 1 [ RunTime:0.000273s ]
[2022-10-20 14:09:30][sql] SELECT `value` FROM `ds_system_config` WHERE  `group` = 'jg'  AND `name` = 'jg_tmin' LIMIT 1 [ RunTime:0.000309s ]
[2022-10-20 14:09:30][sql] SELECT `value` FROM `ds_system_config` WHERE  `group` = 'jg'  AND `name` = 'jg_tmax' LIMIT 1 [ RunTime:0.000290s ]
[2022-10-20 14:09:30][sql] SELECT `value` FROM `ds_system_config` WHERE  `group` = 'jg'  AND `name` = 'jp_wopen' LIMIT 1 [ RunTime:0.000312s ]
[2022-10-20 14:09:30][sql] SELECT `value` FROM `ds_system_config` WHERE  `group` = 'jg'  AND `name` = 'jp_wopen' LIMIT 1 [ RunTime:0.000275s ]
[2022-10-20 14:09:30][sql] SELECT `value` FROM `ds_system_config` WHERE  `group` = 'jg'  AND `name` = 'jp_min' LIMIT 1 [ RunTime:0.000298s ]
[2022-10-20 14:09:30][sql] SELECT `value` FROM `ds_system_config` WHERE  `group` = 'jg'  AND `name` = 'jp_max' LIMIT 1 [ RunTime:0.000286s ]
[2022-10-20 14:09:30][sql] SELECT `value` FROM `ds_system_config` WHERE  `group` = 'jg'  AND `name` = 'jg_yopen' LIMIT 1 [ RunTime:0.000330s ]
[2022-10-20 14:09:30][sql] SELECT `value` FROM `ds_system_config` WHERE  `group` = 'jg'  AND `name` = 'jg_yopen' LIMIT 1 [ RunTime:0.000221s ]
[2022-10-20 14:09:30][sql] SELECT `value` FROM `ds_system_config` WHERE  `group` = 'jg'  AND `name` = 'jg_ymin' LIMIT 1 [ RunTime:0.000201s ]
[2022-10-20 14:09:30][sql] SELECT `value` FROM `ds_system_config` WHERE  `group` = 'jg'  AND `name` = 'jg_ymax' LIMIT 1 [ RunTime:0.000331s ]
[2022-10-20 14:09:30][sql] SELECT `value` FROM `ds_system_config` WHERE  `group` = 'ac'  AND `name` = 'ac_number' LIMIT 1 [ RunTime:0.000219s ]
[2022-10-20 14:09:30][sql] SELECT `value` FROM `ds_system_config` WHERE  `group` = 'ac'  AND `name` = 'ac_init_number' LIMIT 1 [ RunTime:0.000259s ]
[2022-10-20 14:09:30][sql] SELECT `value` FROM `ds_system_config` WHERE  `group` = 'short_video'  AND `name` = 'q_t' LIMIT 1 [ RunTime:0.000262s ]
[2022-10-20 14:09:30][sql] SELECT `value` FROM `ds_system_config` WHERE  `group` = 'short_video'  AND `name` = 'q_r' LIMIT 1 [ RunTime:0.000272s ]
[2022-10-20 14:09:30][sql] SELECT `value` FROM `ds_system_config` WHERE  `group` = 'short_video'  AND `name` = 'q_x' LIMIT 1 [ RunTime:0.000250s ]
[2022-10-20 14:09:30][sql] SELECT `value` FROM `ds_system_config` WHERE  `group` = 'short_video'  AND `name` = 'q_l' LIMIT 1 [ RunTime:0.000216s ]
[2022-10-20 14:09:30][sql] SELECT `value` FROM `ds_system_config` WHERE  `group` = 'short_video'  AND `name` = 'l_t' LIMIT 1 [ RunTime:0.000249s ]
[2022-10-20 14:09:30][sql] SELECT `value` FROM `ds_system_config` WHERE  `group` = 'short_video'  AND `name` = 'l_r' LIMIT 1 [ RunTime:0.000249s ]
[2022-10-20 14:09:30][sql] SELECT `value` FROM `ds_system_config` WHERE  `group` = 'short_video'  AND `name` = 'l_x' LIMIT 1 [ RunTime:0.000229s ]
[2022-10-20 14:09:30][sql] SELECT `value` FROM `ds_system_config` WHERE  `group` = 'short_video'  AND `name` = 'l_l' LIMIT 1 [ RunTime:0.000219s ]
[2022-10-20 14:09:30][sql] SELECT `value` FROM `ds_system_config` WHERE  `group` = 'wx'  AND `name` = 'wx_appid' LIMIT 1 [ RunTime:0.000190s ]
[2022-10-20 14:09:30][sql] SELECT `value` FROM `ds_system_config` WHERE  `group` = 'wx'  AND `name` = 'wx_secret' LIMIT 1 [ RunTime:0.000254s ]
[2022-10-20 14:09:30][sql] SELECT `value` FROM `ds_system_config` WHERE  `group` = 'wx'  AND `name` = 'wx_token' LIMIT 1 [ RunTime:0.000219s ]
[2022-10-20 14:09:30][sql] SELECT `value` FROM `ds_system_config` WHERE  `group` = 'wx'  AND `name` = 'wx_aeskey' LIMIT 1 [ RunTime:0.000258s ]
[2022-10-20 14:09:30][sql] SELECT `value` FROM `ds_system_config` WHERE  `group` = 'wx'  AND `name` = 'wx_url' LIMIT 1 [ RunTime:0.000225s ]
[2022-10-20 14:09:30][sql] SELECT `value` FROM `ds_system_config` WHERE  `group` = 'wx'  AND `name` = 'wx_ffapi' LIMIT 1 [ RunTime:0.000257s ]
[2022-10-20 14:09:30][sql] SELECT `value` FROM `ds_system_config` WHERE  `group` = 'wx'  AND `name` = 'wx_fk' LIMIT 1 [ RunTime:0.000243s ]
[2022-10-20 14:09:30][sql] SELECT `value` FROM `ds_system_config` WHERE  `group` = 'pay'  AND `name` = 'pay_type' LIMIT 1 [ RunTime:0.000251s ]
[2022-10-20 14:09:30][sql] SELECT `value` FROM `ds_system_config` WHERE  `group` = 'pay'  AND `name` = 'pay_type' LIMIT 1 [ RunTime:0.000264s ]
[2022-10-20 14:09:30][sql] SELECT `value` FROM `ds_system_config` WHERE  `group` = 'short'  AND `name` = 'm_token' LIMIT 1 [ RunTime:0.000254s ]
[2022-10-20 14:09:30][sql] SELECT `value` FROM `ds_system_config` WHERE  `group` = 'short'  AND `name` = 'sina' LIMIT 1 [ RunTime:0.000241s ]
[2022-10-20 14:09:30][sql] SELECT `value` FROM `ds_system_config` WHERE  `group` = 'upload'  AND `name` = 'upload_type' LIMIT 1 [ RunTime:0.000249s ]
[2022-10-20 14:09:30][sql] SELECT `value` FROM `ds_system_config` WHERE  `group` = 'upload'  AND `name` = 'upload_type' LIMIT 1 [ RunTime:0.000204s ]
[2022-10-20 14:09:30][sql] SELECT `value` FROM `ds_system_config` WHERE  `group` = 'upload'  AND `name` = 'upload_type' LIMIT 1 [ RunTime:0.000247s ]
[2022-10-20 14:09:30][sql] SELECT `value` FROM `ds_system_config` WHERE  `group` = 'upload'  AND `name` = 'upload_type' LIMIT 1 [ RunTime:0.000204s ]
[2022-10-20 14:09:30][sql] SELECT `value` FROM `ds_system_config` WHERE  `group` = 'upload'  AND `name` = 'upload_allow_ext' LIMIT 1 [ RunTime:0.000212s ]
[2022-10-20 14:09:30][sql] SELECT `value` FROM `ds_system_config` WHERE  `group` = 'upload'  AND `name` = 'upload_allow_size' LIMIT 1 [ RunTime:0.000189s ]
[2022-10-20 14:09:30][sql] SELECT `value` FROM `ds_system_config` WHERE  `group` = 'upload'  AND `name` = 'alioss_access_key_id' LIMIT 1 [ RunTime:0.000252s ]
[2022-10-20 14:09:30][sql] SELECT `value` FROM `ds_system_config` WHERE  `group` = 'upload'  AND `name` = 'alioss_access_key_secret' LIMIT 1 [ RunTime:0.000208s ]
[2022-10-20 14:09:30][sql] SELECT `value` FROM `ds_system_config` WHERE  `group` = 'upload'  AND `name` = 'alioss_endpoint' LIMIT 1 [ RunTime:0.000246s ]
[2022-10-20 14:09:30][sql] SELECT `value` FROM `ds_system_config` WHERE  `group` = 'upload'  AND `name` = 'alioss_bucket' LIMIT 1 [ RunTime:0.000245s ]
[2022-10-20 14:09:30][sql] SELECT `value` FROM `ds_system_config` WHERE  `group` = 'upload'  AND `name` = 'alioss_domain' LIMIT 1 [ RunTime:0.000229s ]
[2022-10-20 14:09:30][sql] SELECT `value` FROM `ds_system_config` WHERE  `group` = 'upload'  AND `name` = 'txcos_secret_id' LIMIT 1 [ RunTime:0.000259s ]
[2022-10-20 14:09:30][sql] SELECT `value` FROM `ds_system_config` WHERE  `group` = 'upload'  AND `name` = 'txcos_secret_key' LIMIT 1 [ RunTime:0.000218s ]
[2022-10-20 14:09:30][sql] SELECT `value` FROM `ds_system_config` WHERE  `group` = 'upload'  AND `name` = 'txcos_region' LIMIT 1 [ RunTime:0.000379s ]
[2022-10-20 14:09:30][sql] SELECT `value` FROM `ds_system_config` WHERE  `group` = 'upload'  AND `name` = 'tecos_bucket' LIMIT 1 [ RunTime:0.000325s ]
[2022-10-20 14:09:30][sql] SELECT `value` FROM `ds_system_config` WHERE  `group` = 'upload'  AND `name` = 'qnoss_access_key' LIMIT 1 [ RunTime:0.000430s ]
[2022-10-20 14:09:30][sql] SELECT `value` FROM `ds_system_config` WHERE  `group` = 'upload'  AND `name` = 'qnoss_secret_key' LIMIT 1 [ RunTime:0.000411s ]
[2022-10-20 14:09:30][sql] SELECT `value` FROM `ds_system_config` WHERE  `group` = 'upload'  AND `name` = 'qnoss_bucket' LIMIT 1 [ RunTime:0.000271s ]
[2022-10-20 14:09:30][sql] SELECT `value` FROM `ds_system_config` WHERE  `group` = 'upload'  AND `name` = 'qnoss_domain' LIMIT 1 [ RunTime:0.000282s ]
[2022-10-20 14:09:30][sql] SELECT `value` FROM `ds_system_config` WHERE  `group` = 'upload'  AND `name` = 'upload_type' LIMIT 1 [ RunTime:0.000308s ]
