[2022-09-14 23:56:05][sql] CONNECT:[ UseTime:0.000936s ] mysql:host=127.0.0.1;port=3306;dbname=webs;charset=utf8
[2022-09-14 23:56:05][sql] SHOW FULL COLUMNS FROM `ds_system_config` [ RunTime:0.002428s ]
[2022-09-14 23:56:05][sql] SELECT `value` FROM `ds_system_config` WHERE  `group` = 'site'  AND `name` = 'site_name' LIMIT 1 [ RunTime:0.000634s ]
[2022-09-14 23:56:05][sql] SELECT `value` FROM `ds_system_config` WHERE  `group` = 'site'  AND `name` = 'site_bg' LIMIT 1 [ RunTime:0.000231s ]
[2022-09-14 23:56:05][sql] SELECT `value` FROM `ds_system_config` WHERE  `group` = 'site'  AND `name` = 'logo_image' LIMIT 1 [ RunTime:0.000206s ]
[2022-09-14 23:56:05][sql] SELECT `value` FROM `ds_system_config` WHERE  `group` = 'site'  AND `name` = 'site_wechat' LIMIT 1 [ RunTime:0.000201s ]
[2022-09-14 23:56:05][sql] SELECT `value` FROM `ds_system_config` WHERE  `group` = 'site'  AND `name` = 'site_qq' LIMIT 1 [ RunTime:0.000183s ]
[2022-09-14 23:56:05][sql] SELECT `value` FROM `ds_system_config` WHERE  `group` = 'site'  AND `name` = 'site_title' LIMIT 1 [ RunTime:0.000198s ]
[2022-09-14 23:56:05][sql] SELECT `value` FROM `ds_system_config` WHERE  `group` = 'site'  AND `name` = 'site_slogan' LIMIT 1 [ RunTime:0.000179s ]
[2022-09-14 23:56:05][sql] SELECT `value` FROM `ds_system_config` WHERE  `group` = 'site'  AND `name` = 'site_name' LIMIT 1 [ RunTime:0.000234s ]
[2022-09-14 23:56:05][sql] SELECT `value` FROM `ds_system_config` WHERE  `group` = 'site'  AND `name` = 'site_content' LIMIT 1 [ RunTime:0.000233s ]
[2022-09-14 23:56:10][sql] CONNECT:[ UseTime:0.001213s ] mysql:host=127.0.0.1;port=3306;dbname=webs;charset=utf8
[2022-09-14 23:56:10][sql] show tables like 'ds_system_log_202209' [ RunTime:0.000899s ]
[2022-09-14 23:56:10][sql] SHOW FULL COLUMNS FROM `ds_system_log_202209` [ RunTime:0.001198s ]
[2022-09-14 23:56:10][sql] INSERT INTO `ds_system_log_202209` SET `admin_id` = NULL , `url` = '/admin/login/index.html' , `method` = 'post' , `ip` = '124.152.241.16' , `content` = '{"username":"admin","password":"5d9269e018f5129441746d4de9f47d398ed53d3f","captcha":"7788","keep_login":"0"}' , `useragent` = 'Mozilla/5.0 (Macintosh; Intel Mac OS X 10_15_7) AppleWebKit/537.36 (KHTML, like Gecko) Chrome/105.0.0.0 Safari/537.36' , `create_time` = 1663170970 [ RunTime:0.000806s ]
[2022-09-14 23:56:10][sql] SHOW FULL COLUMNS FROM `ds_system_admin` [ RunTime:0.001309s ]
[2022-09-14 23:56:10][sql] SELECT * FROM `ds_system_admin` WHERE (  `username` = 'admin' ) AND `ds_system_admin`.`delete_time` IS NULL LIMIT 1 [ RunTime:0.000755s ]
[2022-09-14 23:56:10][sql] UPDATE `ds_system_admin`  SET `login_num` = 821 , `update_time` = 1663170970  WHERE (  `id` = 1 ) AND `ds_system_admin`.`delete_time` IS NULL [ RunTime:0.000547s ]
[2022-09-14 23:56:10][sql] SELECT * FROM `ds_system_admin` WHERE (  `id` = 1 ) AND `ds_system_admin`.`delete_time` IS NULL LIMIT 1 [ RunTime:0.000422s ]
[2022-09-14 23:56:10][sql] SELECT * FROM `ds_system_admin` WHERE (  `id` = 1 ) AND `ds_system_admin`.`delete_time` IS NULL LIMIT 1 [ RunTime:0.000407s ]
[2022-09-14 23:56:13][sql] CONNECT:[ UseTime:0.000600s ] mysql:host=127.0.0.1;port=3306;dbname=webs;charset=utf8
[2022-09-14 23:56:13][sql] SHOW FULL COLUMNS FROM `ds_system_config` [ RunTime:0.001100s ]
[2022-09-14 23:56:13][sql] SELECT `value` FROM `ds_system_config` WHERE  `group` = 'site'  AND `name` = 'site_name' LIMIT 1 [ RunTime:0.000431s ]
[2022-09-14 23:56:14][sql] CONNECT:[ UseTime:0.000584s ] mysql:host=127.0.0.1;port=3306;dbname=webs;charset=utf8
[2022-09-14 23:56:14][sql] SHOW FULL COLUMNS FROM `ds_notify` [ RunTime:0.001148s ]
[2022-09-14 23:56:14][sql] SELECT * FROM `ds_notify` WHERE  `is_show` = 1 ORDER BY `create_time` DESC LIMIT 1 [ RunTime:0.000540s ]
[2022-09-14 23:56:14][sql] SHOW FULL COLUMNS FROM `ds_system_quick` [ RunTime:0.000820s ]
[2022-09-14 23:56:14][sql] SELECT `id`,`title`,`icon`,`href` FROM `ds_system_quick` WHERE (  `status` = 1 ) AND `ds_system_quick`.`delete_time` IS NULL ORDER BY `sort` DESC LIMIT 8 [ RunTime:0.000398s ]
[2022-09-14 23:56:14][sql] SHOW FULL COLUMNS FROM `ds_system_admin` [ RunTime:0.000865s ]
[2022-09-14 23:56:14][sql] SELECT * FROM `ds_system_admin` WHERE (  `id` = 1 ) AND `ds_system_admin`.`delete_time` IS NULL LIMIT 1 [ RunTime:0.000453s ]
[2022-09-14 23:56:14][sql] SELECT * FROM `ds_system_admin` WHERE (  `id` = 1 ) AND `ds_system_admin`.`delete_time` IS NULL LIMIT 1 [ RunTime:0.000357s ]
[2022-09-14 23:56:14][sql] SHOW FULL COLUMNS FROM `ds_outlay` [ RunTime:0.000736s ]
[2022-09-14 23:56:14][sql] SELECT SUM(`money`) AS think_sum FROM `ds_outlay` WHERE  `status` = 0 LIMIT 1 [ RunTime:0.000359s ]
[2022-09-14 23:56:14][sql] SHOW FULL COLUMNS FROM `ds_payed_show` [ RunTime:0.000769s ]
[2022-09-14 23:56:14][sql] SELECT COUNT(DISTINCT `ip`) AS think_count FROM `ds_payed_show` LIMIT 1 [ RunTime:0.045061s ]
[2022-09-14 23:56:14][sql] SHOW FULL COLUMNS FROM `ds_tj` [ RunTime:0.000961s ]
[2022-09-14 23:56:14][sql] SELECT COUNT(*) AS think_count FROM `ds_tj` WHERE  `create_time` BETWEEN 1663084800 AND 1663171199 LIMIT 1 [ RunTime:0.000522s ]
[2022-09-14 23:56:14][sql] SHOW FULL COLUMNS FROM `ds_pay_order` [ RunTime:0.000891s ]
[2022-09-14 23:56:14][sql] SELECT COUNT(*) AS think_count FROM `ds_pay_order` WHERE  `is_kouliang` = '1'  AND `status` = '1'  AND `is_tj` = 1 LIMIT 1 [ RunTime:0.000529s ]
[2022-09-14 23:56:14][sql] SELECT SUM(`price`) AS think_sum FROM `ds_pay_order` WHERE  `is_kouliang` = '1'  AND `status` = '1'  AND `is_tj` = 1 LIMIT 1 [ RunTime:0.000324s ]
[2022-09-14 23:56:14][sql] SELECT SUM(`price`) AS think_sum FROM `ds_pay_order` WHERE  `is_kouliang` = '1'  AND `status` = '1'  AND `is_tj` = 1  AND `createtime` BETWEEN 1663084800 AND 1663171199 LIMIT 1 [ RunTime:0.000389s ]
[2022-09-14 23:56:14][sql] SELECT COUNT(*) AS think_count FROM `ds_pay_order` WHERE  `is_kouliang` = '1'  AND `status` = '1'  AND `is_tj` = 1  AND `createtime` BETWEEN 1663084800 AND 1663171199 LIMIT 1 [ RunTime:0.000322s ]
[2022-09-14 23:56:14][sql] SELECT SUM(`price`) AS think_sum FROM `ds_pay_order` WHERE  `is_kouliang` = '1'  AND `status` = '1'  AND `is_tj` = 1  AND `createtime` BETWEEN 1662998400 AND 1663084799 LIMIT 1 [ RunTime:0.000301s ]
[2022-09-14 23:56:14][sql] SELECT COUNT(*) AS think_count FROM `ds_pay_order` WHERE  `is_kouliang` = '1'  AND `status` = '1'  AND `is_tj` = 1  AND `createtime` BETWEEN 1662998400 AND 1663084799 LIMIT 1 [ RunTime:0.000279s ]
[2022-09-14 23:56:14][sql] SELECT `id`,`createtime` FROM `ds_pay_order` WHERE  `status` = '2'  AND `createtime` BETWEEN 1662912000 AND 1663516799  AND `is_tj` = 1  AND `is_kouliang` = '1' [ RunTime:0.000328s ]
[2022-09-14 23:56:14][sql] SELECT `id`,`createtime` FROM `ds_pay_order` WHERE  `status` = '1'  AND `createtime` BETWEEN 1662912000 AND 1663516799  AND `is_tj` = 1  AND `is_kouliang` = '1' [ RunTime:0.000337s ]
[2022-09-14 23:56:14][sql] SHOW FULL COLUMNS FROM `ds_system_config` [ RunTime:0.000805s ]
[2022-09-14 23:56:14][sql] SELECT `value` FROM `ds_system_config` WHERE  `group` = 'site'  AND `name` = 'site_name' LIMIT 1 [ RunTime:0.000245s ]
[2022-09-14 23:56:16][sql] CONNECT:[ UseTime:0.000513s ] mysql:host=127.0.0.1;port=3306;dbname=webs;charset=utf8
[2022-09-14 23:56:16][sql] SHOW FULL COLUMNS FROM `ds_pay_setting` [ RunTime:0.001262s ]
[2022-09-14 23:56:16][sql] SELECT * FROM `ds_pay_setting` [ RunTime:0.000363s ]
[2022-09-14 23:56:16][sql] SHOW FULL COLUMNS FROM `ds_system_config` [ RunTime:0.000861s ]
[2022-09-14 23:56:16][sql] SELECT * FROM `ds_system_config` [ RunTime:0.000395s ]
[2022-09-14 23:56:16][sql] SELECT `value` FROM `ds_system_config` WHERE  `group` = 'site'  AND `name` = 'site_name' LIMIT 1 [ RunTime:0.000336s ]
[2022-09-14 23:56:16][sql] SELECT `value` FROM `ds_system_config` WHERE  `group` = 'site'  AND `name` = 'site_order' LIMIT 1 [ RunTime:0.000272s ]
[2022-09-14 23:56:16][sql] SELECT `value` FROM `ds_system_config` WHERE  `group` = 'site'  AND `name` = 'site_name' LIMIT 1 [ RunTime:0.000210s ]
[2022-09-14 23:56:16][sql] SELECT `value` FROM `ds_system_config` WHERE  `group` = 'site'  AND `name` = 'site_title' LIMIT 1 [ RunTime:0.000286s ]
[2022-09-14 23:56:16][sql] SELECT `value` FROM `ds_system_config` WHERE  `group` = 'site'  AND `name` = 'site_slogan' LIMIT 1 [ RunTime:0.000190s ]
[2022-09-14 23:56:16][sql] SELECT `value` FROM `ds_system_config` WHERE  `group` = 'site'  AND `name` = 'site_content' LIMIT 1 [ RunTime:0.000218s ]
[2022-09-14 23:56:16][sql] SELECT `value` FROM `ds_system_config` WHERE  `group` = 'site'  AND `name` = 'logo_image' LIMIT 1 [ RunTime:0.000208s ]
[2022-09-14 23:56:16][sql] SELECT `value` FROM `ds_system_config` WHERE  `group` = 'site'  AND `name` = 'site_bg' LIMIT 1 [ RunTime:0.000166s ]
[2022-09-14 23:56:16][sql] SELECT `value` FROM `ds_system_config` WHERE  `group` = 'site'  AND `name` = 'site_beian' LIMIT 1 [ RunTime:0.000185s ]
[2022-09-14 23:56:16][sql] SELECT `value` FROM `ds_system_config` WHERE  `group` = 'site'  AND `name` = 'site_domain' LIMIT 1 [ RunTime:0.000222s ]
[2022-09-14 23:56:16][sql] SELECT `value` FROM `ds_system_config` WHERE  `group` = 'site'  AND `name` = 'site_pay' LIMIT 1 [ RunTime:0.000288s ]
[2022-09-14 23:56:16][sql] SELECT `value` FROM `ds_system_config` WHERE  `group` = 'site'  AND `name` = 'site_payback' LIMIT 1 [ RunTime:0.000212s ]
[2022-09-14 23:56:16][sql] SELECT `value` FROM `ds_system_config` WHERE  `group` = 'site'  AND `name` = 'site_urlapi' LIMIT 1 [ RunTime:0.000200s ]
[2022-09-14 23:56:16][sql] SELECT `value` FROM `ds_system_config` WHERE  `group` = 'site'  AND `name` = 'site_cdn' LIMIT 1 [ RunTime:0.000190s ]
[2022-09-14 23:56:16][sql] SELECT `value` FROM `ds_system_config` WHERE  `group` = 'site'  AND `name` = 'site_qq' LIMIT 1 [ RunTime:0.000184s ]
[2022-09-14 23:56:16][sql] SELECT `value` FROM `ds_system_config` WHERE  `group` = 'site'  AND `name` = 'site_wechat' LIMIT 1 [ RunTime:0.000168s ]
[2022-09-14 23:56:16][sql] SELECT `value` FROM `ds_system_config` WHERE  `group` = 'ff'  AND `name` = 'ff_close' LIMIT 1 [ RunTime:0.000195s ]
[2022-09-14 23:56:16][sql] SELECT `value` FROM `ds_system_config` WHERE  `group` = 'ff'  AND `name` = 'ff_close' LIMIT 1 [ RunTime:0.000168s ]
[2022-09-14 23:56:16][sql] SELECT `value` FROM `ds_system_config` WHERE  `group` = 'ff'  AND `name` = 'ff_close' LIMIT 1 [ RunTime:0.000206s ]
[2022-09-14 23:56:16][sql] SELECT `value` FROM `ds_system_config` WHERE  `group` = 'ff'  AND `name` = 'ff_fix' LIMIT 1 [ RunTime:0.000204s ]
[2022-09-14 23:56:16][sql] SELECT `value` FROM `ds_system_config` WHERE  `group` = 'ff'  AND `name` = 'ff_fix' LIMIT 1 [ RunTime:0.000178s ]
[2022-09-14 23:56:16][sql] SELECT `value` FROM `ds_system_config` WHERE  `group` = 'ff'  AND `name` = 'ff_fix' LIMIT 1 [ RunTime:0.000175s ]
[2022-09-14 23:56:16][sql] SELECT `value` FROM `ds_system_config` WHERE  `group` = 'ff'  AND `name` = 'ff_pc' LIMIT 1 [ RunTime:0.000197s ]
[2022-09-14 23:56:16][sql] SELECT `value` FROM `ds_system_config` WHERE  `group` = 'ff'  AND `name` = 'ff_pc' LIMIT 1 [ RunTime:0.000172s ]
[2022-09-14 23:56:16][sql] SELECT `value` FROM `ds_system_config` WHERE  `group` = 'ff'  AND `name` = 'ff_pc' LIMIT 1 [ RunTime:0.000250s ]
[2022-09-14 23:56:16][sql] SELECT `value` FROM `ds_system_config` WHERE  `group` = 'ff'  AND `name` = 'ff_url' LIMIT 1 [ RunTime:0.000210s ]
[2022-09-14 23:56:16][sql] SELECT `value` FROM `ds_system_config` WHERE  `group` = 'ff'  AND `name` = 'ff_short' LIMIT 1 [ RunTime:0.000201s ]
[2022-09-14 23:56:16][sql] SELECT `value` FROM `ds_system_config` WHERE  `group` = 'ff'  AND `name` = 'ff_short' LIMIT 1 [ RunTime:0.000216s ]
[2022-09-14 23:56:16][sql] SELECT `value` FROM `ds_system_config` WHERE  `group` = 'ff'  AND `name` = 'ff_short' LIMIT 1 [ RunTime:0.000191s ]
[2022-09-14 23:56:16][sql] SELECT `value` FROM `ds_system_config` WHERE  `group` = 'ff'  AND `name` = 'ff_short' LIMIT 1 [ RunTime:0.000174s ]
[2022-09-14 23:56:16][sql] SELECT `value` FROM `ds_system_config` WHERE  `group` = 'ff'  AND `name` = 'ff_short' LIMIT 1 [ RunTime:0.000217s ]
[2022-09-14 23:56:16][sql] SELECT `value` FROM `ds_system_config` WHERE  `group` = 'ff'  AND `name` = 'ff_short' LIMIT 1 [ RunTime:0.000176s ]
[2022-09-14 23:56:16][sql] SELECT `value` FROM `ds_system_config` WHERE  `group` = 'ff'  AND `name` = 'ff_short' LIMIT 1 [ RunTime:0.000238s ]
[2022-09-14 23:56:16][sql] SELECT `value` FROM `ds_system_config` WHERE  `group` = 'ff'  AND `name` = 'ff_short' LIMIT 1 [ RunTime:0.000171s ]
[2022-09-14 23:56:16][sql] SELECT `value` FROM `ds_system_config` WHERE  `group` = 'ff'  AND `name` = 'ff_short' LIMIT 1 [ RunTime:0.000176s ]
[2022-09-14 23:56:16][sql] SELECT `value` FROM `ds_system_config` WHERE  `group` = 'jp'  AND `name` = 'fb_min_money' LIMIT 1 [ RunTime:0.000202s ]
[2022-09-14 23:56:16][sql] SELECT `value` FROM `ds_system_config` WHERE  `group` = 'jp'  AND `name` = 'fb_max_money' LIMIT 1 [ RunTime:0.000178s ]
[2022-09-14 23:56:16][sql] SELECT `value` FROM `ds_system_config` WHERE  `group` = 'jg'  AND `name` = 'jg_mrfx' LIMIT 1 [ RunTime:0.000187s ]
[2022-09-14 23:56:16][sql] SELECT `value` FROM `ds_system_config` WHERE  `group` = 'jg'  AND `name` = 'jg_mrfy' LIMIT 1 [ RunTime:0.000178s ]
[2022-09-14 23:56:16][sql] SELECT `value` FROM `ds_system_config` WHERE  `group` = 'jg'  AND `name` = 'jg_yqm' LIMIT 1 [ RunTime:0.000175s ]
[2022-09-14 23:56:16][sql] SELECT `value` FROM `ds_system_config` WHERE  `group` = 'jg'  AND `name` = 'jg_ym' LIMIT 1 [ RunTime:0.000199s ]
[2022-09-14 23:56:16][sql] SELECT `value` FROM `ds_system_config` WHERE  `group` = 'jg'  AND `name` = 'jg_dbzd' LIMIT 1 [ RunTime:0.000204s ]
[2022-09-14 23:56:16][sql] SELECT `value` FROM `ds_system_config` WHERE  `group` = 'jg'  AND `name` = 'jg_dbzg' LIMIT 1 [ RunTime:0.000196s ]
[2022-09-14 23:56:16][sql] SELECT `value` FROM `ds_system_config` WHERE  `group` = 'jg'  AND `name` = 'jg_dtzg' LIMIT 1 [ RunTime:0.000204s ]
[2022-09-14 23:56:16][sql] SELECT `value` FROM `ds_system_config` WHERE  `group` = 'jg'  AND `name` = 'jg_topen' LIMIT 1 [ RunTime:0.000193s ]
[2022-09-14 23:56:16][sql] SELECT `value` FROM `ds_system_config` WHERE  `group` = 'jg'  AND `name` = 'jg_topen' LIMIT 1 [ RunTime:0.000176s ]
[2022-09-14 23:56:16][sql] SELECT `value` FROM `ds_system_config` WHERE  `group` = 'jg'  AND `name` = 'jg_tmin' LIMIT 1 [ RunTime:0.000195s ]
[2022-09-14 23:56:16][sql] SELECT `value` FROM `ds_system_config` WHERE  `group` = 'jg'  AND `name` = 'jg_tmax' LIMIT 1 [ RunTime:0.000176s ]
[2022-09-14 23:56:16][sql] SELECT `value` FROM `ds_system_config` WHERE  `group` = 'jg'  AND `name` = 'jp_wopen' LIMIT 1 [ RunTime:0.000182s ]
[2022-09-14 23:56:16][sql] SELECT `value` FROM `ds_system_config` WHERE  `group` = 'jg'  AND `name` = 'jp_wopen' LIMIT 1 [ RunTime:0.000175s ]
[2022-09-14 23:56:16][sql] SELECT `value` FROM `ds_system_config` WHERE  `group` = 'jg'  AND `name` = 'jp_min' LIMIT 1 [ RunTime:0.000177s ]
[2022-09-14 23:56:16][sql] SELECT `value` FROM `ds_system_config` WHERE  `group` = 'jg'  AND `name` = 'jp_max' LIMIT 1 [ RunTime:0.000192s ]
[2022-09-14 23:56:16][sql] SELECT `value` FROM `ds_system_config` WHERE  `group` = 'jg'  AND `name` = 'jg_yopen' LIMIT 1 [ RunTime:0.000259s ]
[2022-09-14 23:56:16][sql] SELECT `value` FROM `ds_system_config` WHERE  `group` = 'jg'  AND `name` = 'jg_yopen' LIMIT 1 [ RunTime:0.000191s ]
[2022-09-14 23:56:16][sql] SELECT `value` FROM `ds_system_config` WHERE  `group` = 'jg'  AND `name` = 'jg_ymin' LIMIT 1 [ RunTime:0.000265s ]
[2022-09-14 23:56:16][sql] SELECT `value` FROM `ds_system_config` WHERE  `group` = 'jg'  AND `name` = 'jg_ymax' LIMIT 1 [ RunTime:0.000207s ]
[2022-09-14 23:56:16][sql] SELECT `value` FROM `ds_system_config` WHERE  `group` = 'ac'  AND `name` = 'ac_number' LIMIT 1 [ RunTime:0.000217s ]
[2022-09-14 23:56:16][sql] SELECT `value` FROM `ds_system_config` WHERE  `group` = 'ac'  AND `name` = 'ac_init_number' LIMIT 1 [ RunTime:0.000217s ]
[2022-09-14 23:56:16][sql] SELECT `value` FROM `ds_system_config` WHERE  `group` = 'short_video'  AND `name` = 'q_t' LIMIT 1 [ RunTime:0.000201s ]
[2022-09-14 23:56:16][sql] SELECT `value` FROM `ds_system_config` WHERE  `group` = 'short_video'  AND `name` = 'q_r' LIMIT 1 [ RunTime:0.000191s ]
[2022-09-14 23:56:16][sql] SELECT `value` FROM `ds_system_config` WHERE  `group` = 'short_video'  AND `name` = 'q_x' LIMIT 1 [ RunTime:0.000191s ]
[2022-09-14 23:56:16][sql] SELECT `value` FROM `ds_system_config` WHERE  `group` = 'short_video'  AND `name` = 'q_l' LIMIT 1 [ RunTime:0.000182s ]
[2022-09-14 23:56:16][sql] SELECT `value` FROM `ds_system_config` WHERE  `group` = 'short_video'  AND `name` = 'l_t' LIMIT 1 [ RunTime:0.000208s ]
[2022-09-14 23:56:16][sql] SELECT `value` FROM `ds_system_config` WHERE  `group` = 'short_video'  AND `name` = 'l_r' LIMIT 1 [ RunTime:0.000209s ]
[2022-09-14 23:56:16][sql] SELECT `value` FROM `ds_system_config` WHERE  `group` = 'short_video'  AND `name` = 'l_x' LIMIT 1 [ RunTime:0.000200s ]
[2022-09-14 23:56:16][sql] SELECT `value` FROM `ds_system_config` WHERE  `group` = 'short_video'  AND `name` = 'l_l' LIMIT 1 [ RunTime:0.000183s ]
[2022-09-14 23:56:16][sql] SELECT `value` FROM `ds_system_config` WHERE  `group` = 'wx'  AND `name` = 'wx_appid' LIMIT 1 [ RunTime:0.000220s ]
[2022-09-14 23:56:16][sql] SELECT `value` FROM `ds_system_config` WHERE  `group` = 'wx'  AND `name` = 'wx_secret' LIMIT 1 [ RunTime:0.000189s ]
[2022-09-14 23:56:16][sql] SELECT `value` FROM `ds_system_config` WHERE  `group` = 'wx'  AND `name` = 'wx_token' LIMIT 1 [ RunTime:0.000178s ]
[2022-09-14 23:56:16][sql] SELECT `value` FROM `ds_system_config` WHERE  `group` = 'wx'  AND `name` = 'wx_aeskey' LIMIT 1 [ RunTime:0.000274s ]
[2022-09-14 23:56:16][sql] SELECT `value` FROM `ds_system_config` WHERE  `group` = 'wx'  AND `name` = 'wx_url' LIMIT 1 [ RunTime:0.000217s ]
[2022-09-14 23:56:16][sql] SELECT `value` FROM `ds_system_config` WHERE  `group` = 'wx'  AND `name` = 'wx_ffapi' LIMIT 1 [ RunTime:0.000193s ]
[2022-09-14 23:56:16][sql] SELECT `value` FROM `ds_system_config` WHERE  `group` = 'wx'  AND `name` = 'wx_fk' LIMIT 1 [ RunTime:0.000204s ]
[2022-09-14 23:56:16][sql] SELECT `value` FROM `ds_system_config` WHERE  `group` = 'pay'  AND `name` = 'pay_zhifu' LIMIT 1 [ RunTime:0.000224s ]
[2022-09-14 23:56:16][sql] SELECT `value` FROM `ds_system_config` WHERE  `group` = 'pay'  AND `name` = 'pay_zhifu1' LIMIT 1 [ RunTime:0.000243s ]
[2022-09-14 23:56:16][sql] SELECT `value` FROM `ds_system_config` WHERE  `group` = 'pay'  AND `name` = 'pay_type' LIMIT 1 [ RunTime:0.000217s ]
[2022-09-14 23:56:16][sql] SELECT `value` FROM `ds_system_config` WHERE  `group` = 'pay'  AND `name` = 'pay_type' LIMIT 1 [ RunTime:0.000230s ]
[2022-09-14 23:56:16][sql] SELECT `value` FROM `ds_system_config` WHERE  `group` = 'short'  AND `name` = 'm_token' LIMIT 1 [ RunTime:0.000180s ]
[2022-09-14 23:56:16][sql] SELECT `value` FROM `ds_system_config` WHERE  `group` = 'short'  AND `name` = 'sina' LIMIT 1 [ RunTime:0.000196s ]
[2022-09-14 23:56:16][sql] SELECT `value` FROM `ds_system_config` WHERE  `group` = 'upload'  AND `name` = 'upload_type' LIMIT 1 [ RunTime:0.000355s ]
[2022-09-14 23:56:16][sql] SELECT `value` FROM `ds_system_config` WHERE  `group` = 'upload'  AND `name` = 'upload_type' LIMIT 1 [ RunTime:0.000191s ]
[2022-09-14 23:56:16][sql] SELECT `value` FROM `ds_system_config` WHERE  `group` = 'upload'  AND `name` = 'upload_type' LIMIT 1 [ RunTime:0.000192s ]
[2022-09-14 23:56:16][sql] SELECT `value` FROM `ds_system_config` WHERE  `group` = 'upload'  AND `name` = 'upload_type' LIMIT 1 [ RunTime:0.000219s ]
[2022-09-14 23:56:16][sql] SELECT `value` FROM `ds_system_config` WHERE  `group` = 'upload'  AND `name` = 'upload_allow_ext' LIMIT 1 [ RunTime:0.000183s ]
[2022-09-14 23:56:16][sql] SELECT `value` FROM `ds_system_config` WHERE  `group` = 'upload'  AND `name` = 'upload_allow_size' LIMIT 1 [ RunTime:0.000219s ]
[2022-09-14 23:56:16][sql] SELECT `value` FROM `ds_system_config` WHERE  `group` = 'upload'  AND `name` = 'alioss_access_key_id' LIMIT 1 [ RunTime:0.000184s ]
[2022-09-14 23:56:16][sql] SELECT `value` FROM `ds_system_config` WHERE  `group` = 'upload'  AND `name` = 'alioss_access_key_secret' LIMIT 1 [ RunTime:0.000258s ]
[2022-09-14 23:56:16][sql] SELECT `value` FROM `ds_system_config` WHERE  `group` = 'upload'  AND `name` = 'alioss_endpoint' LIMIT 1 [ RunTime:0.000222s ]
[2022-09-14 23:56:16][sql] SELECT `value` FROM `ds_system_config` WHERE  `group` = 'upload'  AND `name` = 'alioss_bucket' LIMIT 1 [ RunTime:0.000184s ]
[2022-09-14 23:56:16][sql] SELECT `value` FROM `ds_system_config` WHERE  `group` = 'upload'  AND `name` = 'alioss_domain' LIMIT 1 [ RunTime:0.000193s ]
[2022-09-14 23:56:16][sql] SELECT `value` FROM `ds_system_config` WHERE  `group` = 'upload'  AND `name` = 'txcos_secret_id' LIMIT 1 [ RunTime:0.000210s ]
[2022-09-14 23:56:16][sql] SELECT `value` FROM `ds_system_config` WHERE  `group` = 'upload'  AND `name` = 'txcos_secret_key' LIMIT 1 [ RunTime:0.000241s ]
[2022-09-14 23:56:16][sql] SELECT `value` FROM `ds_system_config` WHERE  `group` = 'upload'  AND `name` = 'txcos_region' LIMIT 1 [ RunTime:0.000205s ]
[2022-09-14 23:56:16][sql] SELECT `value` FROM `ds_system_config` WHERE  `group` = 'upload'  AND `name` = 'tecos_bucket' LIMIT 1 [ RunTime:0.000200s ]
[2022-09-14 23:56:16][sql] SELECT `value` FROM `ds_system_config` WHERE  `group` = 'upload'  AND `name` = 'qnoss_access_key' LIMIT 1 [ RunTime:0.000221s ]
[2022-09-14 23:56:16][sql] SELECT `value` FROM `ds_system_config` WHERE  `group` = 'upload'  AND `name` = 'qnoss_secret_key' LIMIT 1 [ RunTime:0.000197s ]
[2022-09-14 23:56:16][sql] SELECT `value` FROM `ds_system_config` WHERE  `group` = 'upload'  AND `name` = 'qnoss_bucket' LIMIT 1 [ RunTime:0.000175s ]
[2022-09-14 23:56:16][sql] SELECT `value` FROM `ds_system_config` WHERE  `group` = 'upload'  AND `name` = 'qnoss_domain' LIMIT 1 [ RunTime:0.000184s ]
[2022-09-14 23:56:16][sql] SELECT `value` FROM `ds_system_config` WHERE  `group` = 'upload'  AND `name` = 'upload_type' LIMIT 1 [ RunTime:0.000187s ]
[2022-09-14 23:57:05][sql] CONNECT:[ UseTime:0.000486s ] mysql:host=127.0.0.1;port=3306;dbname=webs;charset=utf8
[2022-09-14 23:57:05][sql] show tables like 'ds_system_log_202209' [ RunTime:0.000441s ]
[2022-09-14 23:57:05][sql] SHOW FULL COLUMNS FROM `ds_system_log_202209` [ RunTime:0.000858s ]
[2022-09-14 23:57:05][sql] INSERT INTO `ds_system_log_202209` SET `admin_id` = 1 , `url` = '/admin/system.config/save' , `method` = 'post' , `ip` = '124.152.241.16' , `content` = '{"ff_close":"0","ff_fix":"0","ff_pc":"0","ff_url":"http:\/\/mp.weixinbridge.com\/mp\/wapredirect?url=","ff_short":"car"}' , `useragent` = 'Mozilla/5.0 (Macintosh; Intel Mac OS X 10_15_7) AppleWebKit/537.36 (KHTML, like Gecko) Chrome/105.0.0.0 Safari/537.36' , `create_time` = 1663171025 [ RunTime:0.000399s ]
[2022-09-14 23:57:05][sql] SHOW FULL COLUMNS FROM `ds_system_admin` [ RunTime:0.001131s ]
[2022-09-14 23:57:05][sql] UPDATE `ds_system_admin`  SET `is_ff` = 0  WHERE (  (  1 = 1 ) ) AND `ds_system_admin`.`delete_time` IS NULL [ RunTime:0.001302s ]
[2022-09-14 23:57:05][sql] SHOW FULL COLUMNS FROM `ds_system_config` [ RunTime:0.000719s ]
[2022-09-14 23:57:05][sql] UPDATE `ds_system_config`  SET `value` = '0'  WHERE  `name` = 'ff_close' [ RunTime:0.000942s ]
[2022-09-14 23:57:05][sql] UPDATE `ds_system_config`  SET `value` = '0'  WHERE  `name` = 'ff_fix' [ RunTime:0.002194s ]
[2022-09-14 23:57:05][sql] UPDATE `ds_system_config`  SET `value` = '0'  WHERE  `name` = 'ff_pc' [ RunTime:0.000847s ]
[2022-09-14 23:57:05][sql] UPDATE `ds_system_config`  SET `value` = 'http://mp.weixinbridge.com/mp/wapredirect?url='  WHERE  `name` = 'ff_url' [ RunTime:0.000985s ]
[2022-09-14 23:57:05][sql] UPDATE `ds_system_admin`  SET `short` = 'car'  WHERE (  (  1 = 1 ) ) AND `ds_system_admin`.`delete_time` IS NULL [ RunTime:0.001258s ]
[2022-09-14 23:57:05][sql] UPDATE `ds_system_config`  SET `value` = 'car'  WHERE  `name` = 'ff_short' [ RunTime:0.001132s ]
[2022-09-14 23:57:12][sql] CONNECT:[ UseTime:0.000466s ] mysql:host=127.0.0.1;port=3306;dbname=webs;charset=utf8
[2022-09-14 23:57:12][sql] show tables like 'ds_system_log_202209' [ RunTime:0.000470s ]
[2022-09-14 23:57:12][sql] SHOW FULL COLUMNS FROM `ds_system_log_202209` [ RunTime:0.000980s ]
[2022-09-14 23:57:12][sql] INSERT INTO `ds_system_log_202209` SET `admin_id` = 1 , `url` = '/admin/system.config/save' , `method` = 'post' , `ip` = '124.152.241.16' , `content` = '{"ff_close":"0","ff_fix":"0","ff_pc":"0","ff_url":"http:\/\/mp.weixinbridge.com\/mp\/wapredirect?url=","ff_short":"self"}' , `useragent` = 'Mozilla/5.0 (Macintosh; Intel Mac OS X 10_15_7) AppleWebKit/537.36 (KHTML, like Gecko) Chrome/105.0.0.0 Safari/537.36' , `create_time` = 1663171032 [ RunTime:0.001308s ]
[2022-09-14 23:57:12][sql] SHOW FULL COLUMNS FROM `ds_system_admin` [ RunTime:0.000905s ]
[2022-09-14 23:57:12][sql] UPDATE `ds_system_admin`  SET `is_ff` = 0  WHERE (  (  1 = 1 ) ) AND `ds_system_admin`.`delete_time` IS NULL [ RunTime:0.001047s ]
[2022-09-14 23:57:12][sql] SHOW FULL COLUMNS FROM `ds_system_config` [ RunTime:0.000706s ]
[2022-09-14 23:57:12][sql] UPDATE `ds_system_config`  SET `value` = '0'  WHERE  `name` = 'ff_close' [ RunTime:0.001241s ]
[2022-09-14 23:57:12][sql] UPDATE `ds_system_config`  SET `value` = '0'  WHERE  `name` = 'ff_fix' [ RunTime:0.001161s ]
[2022-09-14 23:57:12][sql] UPDATE `ds_system_config`  SET `value` = '0'  WHERE  `name` = 'ff_pc' [ RunTime:0.001401s ]
[2022-09-14 23:57:12][sql] UPDATE `ds_system_config`  SET `value` = 'http://mp.weixinbridge.com/mp/wapredirect?url='  WHERE  `name` = 'ff_url' [ RunTime:0.000956s ]
[2022-09-14 23:57:12][sql] UPDATE `ds_system_admin`  SET `short` = 'self'  WHERE (  (  1 = 1 ) ) AND `ds_system_admin`.`delete_time` IS NULL [ RunTime:0.000949s ]
[2022-09-14 23:57:12][sql] UPDATE `ds_system_config`  SET `value` = 'self'  WHERE  `name` = 'ff_short' [ RunTime:0.001130s ]
[2022-09-14 23:57:13][sql] CONNECT:[ UseTime:0.000533s ] mysql:host=127.0.0.1;port=3306;dbname=webs;charset=utf8
[2022-09-14 23:57:13][sql] SHOW FULL COLUMNS FROM `ds_system_config` [ RunTime:0.000972s ]
[2022-09-14 23:57:13][sql] SELECT `value` FROM `ds_system_config` WHERE  `group` = 'site'  AND `name` = 'site_name' LIMIT 1 [ RunTime:0.000305s ]
[2022-09-14 23:57:14][sql] CONNECT:[ UseTime:0.000562s ] mysql:host=127.0.0.1;port=3306;dbname=webs;charset=utf8
[2022-09-14 23:57:14][sql] SHOW FULL COLUMNS FROM `ds_notify` [ RunTime:0.001100s ]
[2022-09-14 23:57:14][sql] SELECT COUNT(*) AS think_count FROM `ds_notify` LIMIT 1 [ RunTime:0.000317s ]
[2022-09-14 23:57:14][sql] SELECT * FROM `ds_notify` ORDER BY `id` DESC LIMIT 0,15 [ RunTime:0.000268s ]
[2022-09-14 23:57:16][sql] CONNECT:[ UseTime:0.000460s ] mysql:host=127.0.0.1;port=3306;dbname=webs;charset=utf8
[2022-09-14 23:57:16][sql] SHOW FULL COLUMNS FROM `ds_system_config` [ RunTime:0.000989s ]
[2022-09-14 23:57:16][sql] SELECT `value` FROM `ds_system_config` WHERE  `group` = 'site'  AND `name` = 'site_name' LIMIT 1 [ RunTime:0.000338s ]
[2022-09-14 23:57:17][sql] CONNECT:[ UseTime:0.000530s ] mysql:host=127.0.0.1;port=3306;dbname=webs;charset=utf8
[2022-09-14 23:57:17][sql] SHOW FULL COLUMNS FROM `ds_system_config` [ RunTime:0.000944s ]
[2022-09-14 23:57:17][sql] SELECT `value` FROM `ds_system_config` WHERE  `group` = 'site'  AND `name` = 'site_name' LIMIT 1 [ RunTime:0.000355s ]
[2022-09-14 23:57:17][sql] SELECT `value` FROM `ds_system_config` WHERE  `group` = 'site'  AND `name` = 'logo_image' LIMIT 1 [ RunTime:0.000223s ]
[2022-09-14 23:57:17][sql] SHOW FULL COLUMNS FROM `ds_system_menu` [ RunTime:0.000762s ]
[2022-09-14 23:57:17][sql] SELECT `title`,`icon`,`href` FROM `ds_system_menu` WHERE  ( delete_time is null )  AND `pid` = 99999999 LIMIT 1 [ RunTime:0.000361s ]
[2022-09-14 23:57:17][sql] SELECT `id`,`pid`,`title`,`icon`,`href`,`target` FROM `ds_system_menu` WHERE  ( delete_time is null )  AND `status` = 1  AND `pid` <> 99999999 ORDER BY `sort` DESC,`id` ASC [ RunTime:0.000559s ]
[2022-09-14 23:57:17][sql] CONNECT:[ UseTime:0.000369s ] mysql:host=127.0.0.1;port=3306;dbname=webs;charset=utf8
[2022-09-14 23:57:17][sql] SHOW FULL COLUMNS FROM `ds_pay_setting` [ RunTime:0.000815s ]
[2022-09-14 23:57:17][sql] SELECT * FROM `ds_pay_setting` [ RunTime:0.000224s ]
[2022-09-14 23:57:17][sql] SHOW FULL COLUMNS FROM `ds_system_config` [ RunTime:0.000704s ]
[2022-09-14 23:57:17][sql] SELECT * FROM `ds_system_config` [ RunTime:0.000342s ]
[2022-09-14 23:57:17][sql] SELECT `value` FROM `ds_system_config` WHERE  `group` = 'site'  AND `name` = 'site_name' LIMIT 1 [ RunTime:0.000270s ]
[2022-09-14 23:57:17][sql] SELECT `value` FROM `ds_system_config` WHERE  `group` = 'site'  AND `name` = 'site_order' LIMIT 1 [ RunTime:0.000215s ]
[2022-09-14 23:57:17][sql] SELECT `value` FROM `ds_system_config` WHERE  `group` = 'site'  AND `name` = 'site_name' LIMIT 1 [ RunTime:0.000215s ]
[2022-09-14 23:57:17][sql] SELECT `value` FROM `ds_system_config` WHERE  `group` = 'site'  AND `name` = 'site_title' LIMIT 1 [ RunTime:0.000201s ]
[2022-09-14 23:57:17][sql] SELECT `value` FROM `ds_system_config` WHERE  `group` = 'site'  AND `name` = 'site_slogan' LIMIT 1 [ RunTime:0.000212s ]
[2022-09-14 23:57:17][sql] SELECT `value` FROM `ds_system_config` WHERE  `group` = 'site'  AND `name` = 'site_content' LIMIT 1 [ RunTime:0.000201s ]
[2022-09-14 23:57:17][sql] SELECT `value` FROM `ds_system_config` WHERE  `group` = 'site'  AND `name` = 'logo_image' LIMIT 1 [ RunTime:0.000206s ]
[2022-09-14 23:57:17][sql] SELECT `value` FROM `ds_system_config` WHERE  `group` = 'site'  AND `name` = 'site_bg' LIMIT 1 [ RunTime:0.000219s ]
[2022-09-14 23:57:17][sql] SELECT `value` FROM `ds_system_config` WHERE  `group` = 'site'  AND `name` = 'site_beian' LIMIT 1 [ RunTime:0.000198s ]
[2022-09-14 23:57:17][sql] SELECT `value` FROM `ds_system_config` WHERE  `group` = 'site'  AND `name` = 'site_domain' LIMIT 1 [ RunTime:0.000213s ]
[2022-09-14 23:57:17][sql] SELECT `value` FROM `ds_system_config` WHERE  `group` = 'site'  AND `name` = 'site_pay' LIMIT 1 [ RunTime:0.000197s ]
[2022-09-14 23:57:17][sql] SELECT `value` FROM `ds_system_config` WHERE  `group` = 'site'  AND `name` = 'site_payback' LIMIT 1 [ RunTime:0.000197s ]
[2022-09-14 23:57:17][sql] SELECT `value` FROM `ds_system_config` WHERE  `group` = 'site'  AND `name` = 'site_urlapi' LIMIT 1 [ RunTime:0.000211s ]
[2022-09-14 23:57:17][sql] SELECT `value` FROM `ds_system_config` WHERE  `group` = 'site'  AND `name` = 'site_cdn' LIMIT 1 [ RunTime:0.000208s ]
[2022-09-14 23:57:17][sql] SELECT `value` FROM `ds_system_config` WHERE  `group` = 'site'  AND `name` = 'site_qq' LIMIT 1 [ RunTime:0.000209s ]
[2022-09-14 23:57:17][sql] SELECT `value` FROM `ds_system_config` WHERE  `group` = 'site'  AND `name` = 'site_wechat' LIMIT 1 [ RunTime:0.000198s ]
[2022-09-14 23:57:17][sql] SELECT `value` FROM `ds_system_config` WHERE  `group` = 'ff'  AND `name` = 'ff_close' LIMIT 1 [ RunTime:0.000199s ]
[2022-09-14 23:57:17][sql] SELECT `value` FROM `ds_system_config` WHERE  `group` = 'ff'  AND `name` = 'ff_close' LIMIT 1 [ RunTime:0.000198s ]
[2022-09-14 23:57:17][sql] SELECT `value` FROM `ds_system_config` WHERE  `group` = 'ff'  AND `name` = 'ff_close' LIMIT 1 [ RunTime:0.000197s ]
[2022-09-14 23:57:17][sql] SELECT `value` FROM `ds_system_config` WHERE  `group` = 'ff'  AND `name` = 'ff_fix' LIMIT 1 [ RunTime:0.000207s ]
[2022-09-14 23:57:17][sql] SELECT `value` FROM `ds_system_config` WHERE  `group` = 'ff'  AND `name` = 'ff_fix' LIMIT 1 [ RunTime:0.000209s ]
[2022-09-14 23:57:17][sql] SELECT `value` FROM `ds_system_config` WHERE  `group` = 'ff'  AND `name` = 'ff_fix' LIMIT 1 [ RunTime:0.000197s ]
[2022-09-14 23:57:17][sql] SELECT `value` FROM `ds_system_config` WHERE  `group` = 'ff'  AND `name` = 'ff_pc' LIMIT 1 [ RunTime:0.000206s ]
[2022-09-14 23:57:17][sql] SELECT `value` FROM `ds_system_config` WHERE  `group` = 'ff'  AND `name` = 'ff_pc' LIMIT 1 [ RunTime:0.000196s ]
[2022-09-14 23:57:17][sql] SELECT `value` FROM `ds_system_config` WHERE  `group` = 'ff'  AND `name` = 'ff_pc' LIMIT 1 [ RunTime:0.000196s ]
[2022-09-14 23:57:17][sql] SELECT `value` FROM `ds_system_config` WHERE  `group` = 'ff'  AND `name` = 'ff_url' LIMIT 1 [ RunTime:0.000216s ]
[2022-09-14 23:57:17][sql] SELECT `value` FROM `ds_system_config` WHERE  `group` = 'ff'  AND `name` = 'ff_short' LIMIT 1 [ RunTime:0.000201s ]
[2022-09-14 23:57:17][sql] SELECT `value` FROM `ds_system_config` WHERE  `group` = 'ff'  AND `name` = 'ff_short' LIMIT 1 [ RunTime:0.000211s ]
[2022-09-14 23:57:17][sql] SELECT `value` FROM `ds_system_config` WHERE  `group` = 'ff'  AND `name` = 'ff_short' LIMIT 1 [ RunTime:0.000195s ]
[2022-09-14 23:57:17][sql] SELECT `value` FROM `ds_system_config` WHERE  `group` = 'ff'  AND `name` = 'ff_short' LIMIT 1 [ RunTime:0.000195s ]
[2022-09-14 23:57:17][sql] SELECT `value` FROM `ds_system_config` WHERE  `group` = 'ff'  AND `name` = 'ff_short' LIMIT 1 [ RunTime:0.000195s ]
[2022-09-14 23:57:17][sql] SELECT `value` FROM `ds_system_config` WHERE  `group` = 'ff'  AND `name` = 'ff_short' LIMIT 1 [ RunTime:0.000206s ]
[2022-09-14 23:57:17][sql] SELECT `value` FROM `ds_system_config` WHERE  `group` = 'ff'  AND `name` = 'ff_short' LIMIT 1 [ RunTime:0.000213s ]
[2022-09-14 23:57:17][sql] SELECT `value` FROM `ds_system_config` WHERE  `group` = 'ff'  AND `name` = 'ff_short' LIMIT 1 [ RunTime:0.000207s ]
[2022-09-14 23:57:17][sql] SELECT `value` FROM `ds_system_config` WHERE  `group` = 'ff'  AND `name` = 'ff_short' LIMIT 1 [ RunTime:0.000194s ]
[2022-09-14 23:57:17][sql] SELECT `value` FROM `ds_system_config` WHERE  `group` = 'jp'  AND `name` = 'fb_min_money' LIMIT 1 [ RunTime:0.000206s ]
[2022-09-14 23:57:17][sql] SELECT `value` FROM `ds_system_config` WHERE  `group` = 'jp'  AND `name` = 'fb_max_money' LIMIT 1 [ RunTime:0.000196s ]
[2022-09-14 23:57:17][sql] SELECT `value` FROM `ds_system_config` WHERE  `group` = 'jg'  AND `name` = 'jg_mrfx' LIMIT 1 [ RunTime:0.000195s ]
[2022-09-14 23:57:17][sql] SELECT `value` FROM `ds_system_config` WHERE  `group` = 'jg'  AND `name` = 'jg_mrfy' LIMIT 1 [ RunTime:0.000207s ]
[2022-09-14 23:57:17][sql] SELECT `value` FROM `ds_system_config` WHERE  `group` = 'jg'  AND `name` = 'jg_yqm' LIMIT 1 [ RunTime:0.000195s ]
[2022-09-14 23:57:17][sql] SELECT `value` FROM `ds_system_config` WHERE  `group` = 'jg'  AND `name` = 'jg_ym' LIMIT 1 [ RunTime:0.000208s ]
[2022-09-14 23:57:17][sql] SELECT `value` FROM `ds_system_config` WHERE  `group` = 'jg'  AND `name` = 'jg_dbzd' LIMIT 1 [ RunTime:0.000197s ]
[2022-09-14 23:57:17][sql] SELECT `value` FROM `ds_system_config` WHERE  `group` = 'jg'  AND `name` = 'jg_dbzg' LIMIT 1 [ RunTime:0.000195s ]
[2022-09-14 23:57:17][sql] SELECT `value` FROM `ds_system_config` WHERE  `group` = 'jg'  AND `name` = 'jg_dtzg' LIMIT 1 [ RunTime:0.000202s ]
[2022-09-14 23:57:17][sql] SELECT `value` FROM `ds_system_config` WHERE  `group` = 'jg'  AND `name` = 'jg_topen' LIMIT 1 [ RunTime:0.000195s ]
[2022-09-14 23:57:17][sql] SELECT `value` FROM `ds_system_config` WHERE  `group` = 'jg'  AND `name` = 'jg_topen' LIMIT 1 [ RunTime:0.000204s ]
[2022-09-14 23:57:17][sql] SELECT `value` FROM `ds_system_config` WHERE  `group` = 'jg'  AND `name` = 'jg_tmin' LIMIT 1 [ RunTime:0.000214s ]
[2022-09-14 23:57:17][sql] SELECT `value` FROM `ds_system_config` WHERE  `group` = 'jg'  AND `name` = 'jg_tmax' LIMIT 1 [ RunTime:0.000196s ]
[2022-09-14 23:57:17][sql] SELECT `value` FROM `ds_system_config` WHERE  `group` = 'jg'  AND `name` = 'jp_wopen' LIMIT 1 [ RunTime:0.000207s ]
[2022-09-14 23:57:17][sql] SELECT `value` FROM `ds_system_config` WHERE  `group` = 'jg'  AND `name` = 'jp_wopen' LIMIT 1 [ RunTime:0.000195s ]
[2022-09-14 23:57:17][sql] SELECT `value` FROM `ds_system_config` WHERE  `group` = 'jg'  AND `name` = 'jp_min' LIMIT 1 [ RunTime:0.000196s ]
[2022-09-14 23:57:17][sql] SELECT `value` FROM `ds_system_config` WHERE  `group` = 'jg'  AND `name` = 'jp_max' LIMIT 1 [ RunTime:0.000207s ]
[2022-09-14 23:57:17][sql] SELECT `value` FROM `ds_system_config` WHERE  `group` = 'jg'  AND `name` = 'jg_yopen' LIMIT 1 [ RunTime:0.000196s ]
[2022-09-14 23:57:17][sql] SELECT `value` FROM `ds_system_config` WHERE  `group` = 'jg'  AND `name` = 'jg_yopen' LIMIT 1 [ RunTime:0.000206s ]
[2022-09-14 23:57:17][sql] SELECT `value` FROM `ds_system_config` WHERE  `group` = 'jg'  AND `name` = 'jg_ymin' LIMIT 1 [ RunTime:0.000208s ]
[2022-09-14 23:57:17][sql] SELECT `value` FROM `ds_system_config` WHERE  `group` = 'jg'  AND `name` = 'jg_ymax' LIMIT 1 [ RunTime:0.000206s ]
[2022-09-14 23:57:17][sql] SELECT `value` FROM `ds_system_config` WHERE  `group` = 'ac'  AND `name` = 'ac_number' LIMIT 1 [ RunTime:0.000196s ]
[2022-09-14 23:57:17][sql] SELECT `value` FROM `ds_system_config` WHERE  `group` = 'ac'  AND `name` = 'ac_init_number' LIMIT 1 [ RunTime:0.000196s ]
[2022-09-14 23:57:17][sql] SELECT `value` FROM `ds_system_config` WHERE  `group` = 'short_video'  AND `name` = 'q_t' LIMIT 1 [ RunTime:0.000210s ]
[2022-09-14 23:57:17][sql] SELECT `value` FROM `ds_system_config` WHERE  `group` = 'short_video'  AND `name` = 'q_r' LIMIT 1 [ RunTime:0.000207s ]
[2022-09-14 23:57:17][sql] SELECT `value` FROM `ds_system_config` WHERE  `group` = 'short_video'  AND `name` = 'q_x' LIMIT 1 [ RunTime:0.000195s ]
[2022-09-14 23:57:17][sql] SELECT `value` FROM `ds_system_config` WHERE  `group` = 'short_video'  AND `name` = 'q_l' LIMIT 1 [ RunTime:0.000206s ]
[2022-09-14 23:57:17][sql] SELECT `value` FROM `ds_system_config` WHERE  `group` = 'short_video'  AND `name` = 'l_t' LIMIT 1 [ RunTime:0.000198s ]
[2022-09-14 23:57:17][sql] SELECT `value` FROM `ds_system_config` WHERE  `group` = 'short_video'  AND `name` = 'l_r' LIMIT 1 [ RunTime:0.000195s ]
[2022-09-14 23:57:17][sql] SELECT `value` FROM `ds_system_config` WHERE  `group` = 'short_video'  AND `name` = 'l_x' LIMIT 1 [ RunTime:0.000207s ]
[2022-09-14 23:57:17][sql] SELECT `value` FROM `ds_system_config` WHERE  `group` = 'short_video'  AND `name` = 'l_l' LIMIT 1 [ RunTime:0.000195s ]
[2022-09-14 23:57:17][sql] SELECT `value` FROM `ds_system_config` WHERE  `group` = 'wx'  AND `name` = 'wx_appid' LIMIT 1 [ RunTime:0.000207s ]
[2022-09-14 23:57:17][sql] SELECT `value` FROM `ds_system_config` WHERE  `group` = 'wx'  AND `name` = 'wx_secret' LIMIT 1 [ RunTime:0.000208s ]
[2022-09-14 23:57:17][sql] SELECT `value` FROM `ds_system_config` WHERE  `group` = 'wx'  AND `name` = 'wx_token' LIMIT 1 [ RunTime:0.000195s ]
[2022-09-14 23:57:17][sql] SELECT `value` FROM `ds_system_config` WHERE  `group` = 'wx'  AND `name` = 'wx_aeskey' LIMIT 1 [ RunTime:0.000196s ]
[2022-09-14 23:57:17][sql] SELECT `value` FROM `ds_system_config` WHERE  `group` = 'wx'  AND `name` = 'wx_url' LIMIT 1 [ RunTime:0.000206s ]
[2022-09-14 23:57:17][sql] SELECT `value` FROM `ds_system_config` WHERE  `group` = 'wx'  AND `name` = 'wx_ffapi' LIMIT 1 [ RunTime:0.000205s ]
[2022-09-14 23:57:17][sql] SELECT `value` FROM `ds_system_config` WHERE  `group` = 'wx'  AND `name` = 'wx_fk' LIMIT 1 [ RunTime:0.000207s ]
[2022-09-14 23:57:17][sql] SELECT `value` FROM `ds_system_config` WHERE  `group` = 'pay'  AND `name` = 'pay_zhifu' LIMIT 1 [ RunTime:0.000204s ]
[2022-09-14 23:57:17][sql] SELECT `value` FROM `ds_system_config` WHERE  `group` = 'pay'  AND `name` = 'pay_zhifu1' LIMIT 1 [ RunTime:0.000210s ]
[2022-09-14 23:57:17][sql] SELECT `value` FROM `ds_system_config` WHERE  `group` = 'pay'  AND `name` = 'pay_type' LIMIT 1 [ RunTime:0.000196s ]
[2022-09-14 23:57:17][sql] SELECT `value` FROM `ds_system_config` WHERE  `group` = 'pay'  AND `name` = 'pay_type' LIMIT 1 [ RunTime:0.000205s ]
[2022-09-14 23:57:17][sql] SELECT `value` FROM `ds_system_config` WHERE  `group` = 'short'  AND `name` = 'm_token' LIMIT 1 [ RunTime:0.000207s ]
[2022-09-14 23:57:17][sql] SELECT `value` FROM `ds_system_config` WHERE  `group` = 'short'  AND `name` = 'sina' LIMIT 1 [ RunTime:0.000196s ]
[2022-09-14 23:57:17][sql] SELECT `value` FROM `ds_system_config` WHERE  `group` = 'upload'  AND `name` = 'upload_type' LIMIT 1 [ RunTime:0.000213s ]
[2022-09-14 23:57:17][sql] SELECT `value` FROM `ds_system_config` WHERE  `group` = 'upload'  AND `name` = 'upload_type' LIMIT 1 [ RunTime:0.000206s ]
[2022-09-14 23:57:17][sql] SELECT `value` FROM `ds_system_config` WHERE  `group` = 'upload'  AND `name` = 'upload_type' LIMIT 1 [ RunTime:0.000196s ]
[2022-09-14 23:57:17][sql] SELECT `value` FROM `ds_system_config` WHERE  `group` = 'upload'  AND `name` = 'upload_type' LIMIT 1 [ RunTime:0.000196s ]
[2022-09-14 23:57:17][sql] SELECT `value` FROM `ds_system_config` WHERE  `group` = 'upload'  AND `name` = 'upload_allow_ext' LIMIT 1 [ RunTime:0.000204s ]
[2022-09-14 23:57:17][sql] SELECT `value` FROM `ds_system_config` WHERE  `group` = 'upload'  AND `name` = 'upload_allow_size' LIMIT 1 [ RunTime:0.000208s ]
[2022-09-14 23:57:17][sql] SELECT `value` FROM `ds_system_config` WHERE  `group` = 'upload'  AND `name` = 'alioss_access_key_id' LIMIT 1 [ RunTime:0.000215s ]
[2022-09-14 23:57:17][sql] SELECT `value` FROM `ds_system_config` WHERE  `group` = 'upload'  AND `name` = 'alioss_access_key_secret' LIMIT 1 [ RunTime:0.000198s ]
[2022-09-14 23:57:17][sql] SELECT `value` FROM `ds_system_config` WHERE  `group` = 'upload'  AND `name` = 'alioss_endpoint' LIMIT 1 [ RunTime:0.000208s ]
[2022-09-14 23:57:17][sql] SELECT `value` FROM `ds_system_config` WHERE  `group` = 'upload'  AND `name` = 'alioss_bucket' LIMIT 1 [ RunTime:0.000199s ]
[2022-09-14 23:57:17][sql] SELECT `value` FROM `ds_system_config` WHERE  `group` = 'upload'  AND `name` = 'alioss_domain' LIMIT 1 [ RunTime:0.000199s ]
[2022-09-14 23:57:17][sql] SELECT `value` FROM `ds_system_config` WHERE  `group` = 'upload'  AND `name` = 'txcos_secret_id' LIMIT 1 [ RunTime:0.000296s ]
[2022-09-14 23:57:17][sql] SELECT `value` FROM `ds_system_config` WHERE  `group` = 'upload'  AND `name` = 'txcos_secret_key' LIMIT 1 [ RunTime:0.000301s ]
[2022-09-14 23:57:17][sql] SELECT `value` FROM `ds_system_config` WHERE  `group` = 'upload'  AND `name` = 'txcos_region' LIMIT 1 [ RunTime:0.000221s ]
[2022-09-14 23:57:17][sql] SELECT `value` FROM `ds_system_config` WHERE  `group` = 'upload'  AND `name` = 'tecos_bucket' LIMIT 1 [ RunTime:0.000246s ]
[2022-09-14 23:57:17][sql] SELECT `value` FROM `ds_system_config` WHERE  `group` = 'upload'  AND `name` = 'qnoss_access_key' LIMIT 1 [ RunTime:0.000282s ]
[2022-09-14 23:57:17][sql] SELECT `value` FROM `ds_system_config` WHERE  `group` = 'upload'  AND `name` = 'qnoss_secret_key' LIMIT 1 [ RunTime:0.000209s ]
[2022-09-14 23:57:17][sql] SELECT `value` FROM `ds_system_config` WHERE  `group` = 'upload'  AND `name` = 'qnoss_bucket' LIMIT 1 [ RunTime:0.000214s ]
[2022-09-14 23:57:17][sql] SELECT `value` FROM `ds_system_config` WHERE  `group` = 'upload'  AND `name` = 'qnoss_domain' LIMIT 1 [ RunTime:0.000202s ]
[2022-09-14 23:57:17][sql] SELECT `value` FROM `ds_system_config` WHERE  `group` = 'upload'  AND `name` = 'upload_type' LIMIT 1 [ RunTime:0.000218s ]
[2022-09-14 23:57:17][sql] CONNECT:[ UseTime:0.000390s ] mysql:host=127.0.0.1;port=3306;dbname=webs;charset=utf8
[2022-09-14 23:57:17][sql] SHOW FULL COLUMNS FROM `ds_notify` [ RunTime:0.000887s ]
[2022-09-14 23:57:17][sql] SELECT * FROM `ds_notify` WHERE  `is_show` = 1 ORDER BY `create_time` DESC LIMIT 1 [ RunTime:0.000290s ]
[2022-09-14 23:57:17][sql] SHOW FULL COLUMNS FROM `ds_system_quick` [ RunTime:0.000672s ]
[2022-09-14 23:57:17][sql] SELECT `id`,`title`,`icon`,`href` FROM `ds_system_quick` WHERE (  `status` = 1 ) AND `ds_system_quick`.`delete_time` IS NULL ORDER BY `sort` DESC LIMIT 8 [ RunTime:0.000290s ]
[2022-09-14 23:57:17][sql] SHOW FULL COLUMNS FROM `ds_system_admin` [ RunTime:0.000815s ]
[2022-09-14 23:57:17][sql] SELECT * FROM `ds_system_admin` WHERE (  `id` = 1 ) AND `ds_system_admin`.`delete_time` IS NULL LIMIT 1 [ RunTime:0.000335s ]
[2022-09-14 23:57:17][sql] SELECT * FROM `ds_system_admin` WHERE (  `id` = 1 ) AND `ds_system_admin`.`delete_time` IS NULL LIMIT 1 [ RunTime:0.000320s ]
[2022-09-14 23:57:17][sql] SHOW FULL COLUMNS FROM `ds_outlay` [ RunTime:0.000703s ]
[2022-09-14 23:57:17][sql] SELECT SUM(`money`) AS think_sum FROM `ds_outlay` WHERE  `status` = 0 LIMIT 1 [ RunTime:0.000231s ]
[2022-09-14 23:57:17][sql] SHOW FULL COLUMNS FROM `ds_payed_show` [ RunTime:0.000679s ]
[2022-09-14 23:57:17][sql] SELECT COUNT(DISTINCT `ip`) AS think_count FROM `ds_payed_show` LIMIT 1 [ RunTime:0.041685s ]
[2022-09-14 23:57:17][sql] SHOW FULL COLUMNS FROM `ds_tj` [ RunTime:0.000794s ]
[2022-09-14 23:57:17][sql] SELECT COUNT(*) AS think_count FROM `ds_tj` WHERE  `create_time` BETWEEN 1663084800 AND 1663171199 LIMIT 1 [ RunTime:0.000243s ]
[2022-09-14 23:57:17][sql] SHOW FULL COLUMNS FROM `ds_pay_order` [ RunTime:0.000758s ]
[2022-09-14 23:57:17][sql] SELECT COUNT(*) AS think_count FROM `ds_pay_order` WHERE  `is_kouliang` = '1'  AND `status` = '1'  AND `is_tj` = 1 LIMIT 1 [ RunTime:0.000362s ]
[2022-09-14 23:57:17][sql] SELECT SUM(`price`) AS think_sum FROM `ds_pay_order` WHERE  `is_kouliang` = '1'  AND `status` = '1'  AND `is_tj` = 1 LIMIT 1 [ RunTime:0.000276s ]
[2022-09-14 23:57:17][sql] SELECT SUM(`price`) AS think_sum FROM `ds_pay_order` WHERE  `is_kouliang` = '1'  AND `status` = '1'  AND `is_tj` = 1  AND `createtime` BETWEEN 1663084800 AND 1663171199 LIMIT 1 [ RunTime:0.000304s ]
[2022-09-14 23:57:17][sql] SELECT COUNT(*) AS think_count FROM `ds_pay_order` WHERE  `is_kouliang` = '1'  AND `status` = '1'  AND `is_tj` = 1  AND `createtime` BETWEEN 1663084800 AND 1663171199 LIMIT 1 [ RunTime:0.000288s ]
[2022-09-14 23:57:17][sql] SELECT SUM(`price`) AS think_sum FROM `ds_pay_order` WHERE  `is_kouliang` = '1'  AND `status` = '1'  AND `is_tj` = 1  AND `createtime` BETWEEN 1662998400 AND 1663084799 LIMIT 1 [ RunTime:0.000278s ]
[2022-09-14 23:57:17][sql] SELECT COUNT(*) AS think_count FROM `ds_pay_order` WHERE  `is_kouliang` = '1'  AND `status` = '1'  AND `is_tj` = 1  AND `createtime` BETWEEN 1662998400 AND 1663084799 LIMIT 1 [ RunTime:0.000290s ]
[2022-09-14 23:57:17][sql] SELECT `id`,`createtime` FROM `ds_pay_order` WHERE  `status` = '2'  AND `createtime` BETWEEN 1662912000 AND 1663516799  AND `is_tj` = 1  AND `is_kouliang` = '1' [ RunTime:0.000360s ]
[2022-09-14 23:57:17][sql] SELECT `id`,`createtime` FROM `ds_pay_order` WHERE  `status` = '1'  AND `createtime` BETWEEN 1662912000 AND 1663516799  AND `is_tj` = 1  AND `is_kouliang` = '1' [ RunTime:0.000285s ]
[2022-09-14 23:57:17][sql] SHOW FULL COLUMNS FROM `ds_system_config` [ RunTime:0.001703s ]
[2022-09-14 23:57:17][sql] SELECT `value` FROM `ds_system_config` WHERE  `group` = 'site'  AND `name` = 'site_name' LIMIT 1 [ RunTime:0.000320s ]
