[2022-09-15 00:05:45][sql] CONNECT:[ UseTime:0.000891s ] mysql:host=127.0.0.1;port=3306;dbname=webs;charset=utf8
[2022-09-15 00:05:45][sql] SHOW FULL COLUMNS FROM `ds_system_config` [ RunTime:0.002490s ]
[2022-09-15 00:05:45][sql] SELECT `value` FROM `ds_system_config` WHERE  `group` = 'site'  AND `name` = 'site_name' LIMIT 1 [ RunTime:0.000790s ]
[2022-09-15 00:05:46][sql] CONNECT:[ UseTime:0.000570s ] mysql:host=127.0.0.1;port=3306;dbname=webs;charset=utf8
[2022-09-15 00:05:46][sql] SHOW FULL COLUMNS FROM `ds_pay_setting` [ RunTime:0.001194s ]
[2022-09-15 00:05:46][sql] SELECT COUNT(*) AS think_count FROM `ds_pay_setting` LIMIT 1 [ RunTime:0.000487s ]
[2022-09-15 00:05:46][sql] SELECT * FROM `ds_pay_setting` ORDER BY `id` DESC LIMIT 0,15 [ RunTime:0.000355s ]
[2022-09-15 00:05:47][sql] CONNECT:[ UseTime:0.000558s ] mysql:host=127.0.0.1;port=3306;dbname=webs;charset=utf8
[2022-09-15 00:05:47][sql] SHOW FULL COLUMNS FROM `ds_system_config` [ RunTime:0.001073s ]
[2022-09-15 00:05:47][sql] SELECT `value` FROM `ds_system_config` WHERE  `group` = 'site'  AND `name` = 'site_name' LIMIT 1 [ RunTime:0.000374s ]
[2022-09-15 00:05:48][sql] CONNECT:[ UseTime:0.000566s ] mysql:host=127.0.0.1;port=3306;dbname=webs;charset=utf8
[2022-09-15 00:05:48][sql] SHOW FULL COLUMNS FROM `ds_complain` [ RunTime:0.001121s ]
[2022-09-15 00:05:48][sql] SELECT COUNT(*) AS think_count FROM `ds_complain` LIMIT 1 [ RunTime:0.000301s ]
[2022-09-15 00:05:48][sql] SELECT * FROM `ds_complain` ORDER BY `id` DESC LIMIT 0,15 [ RunTime:0.000267s ]
[2022-09-15 00:05:49][sql] CONNECT:[ UseTime:0.000491s ] mysql:host=127.0.0.1;port=3306;dbname=webs;charset=utf8
[2022-09-15 00:05:49][sql] SHOW FULL COLUMNS FROM `ds_system_config` [ RunTime:0.001074s ]
[2022-09-15 00:05:49][sql] SELECT `value` FROM `ds_system_config` WHERE  `group` = 'site'  AND `name` = 'site_name' LIMIT 1 [ RunTime:0.000332s ]
[2022-09-15 00:05:49][sql] CONNECT:[ UseTime:0.000658s ] mysql:host=127.0.0.1;port=3306;dbname=webs;charset=utf8
[2022-09-15 00:05:49][sql] SHOW FULL COLUMNS FROM `ds_domain_rule` [ RunTime:0.001084s ]
[2022-09-15 00:05:49][sql] SELECT COUNT(*) AS think_count FROM `ds_domain_rule` LIMIT 1 [ RunTime:0.000305s ]
[2022-09-15 00:05:49][sql] SELECT * FROM `ds_domain_rule` ORDER BY `id` DESC LIMIT 0,15 [ RunTime:0.000280s ]
[2022-09-15 00:05:49][sql] SHOW FULL COLUMNS FROM `ds_system_admin` [ RunTime:0.000992s ]
[2022-09-15 00:05:49][sql] SELECT * FROM `ds_system_admin` WHERE (  `id` IN (10086,182) ) AND `ds_system_admin`.`delete_time` IS NULL [ RunTime:0.000636s ]
[2022-09-15 00:06:11][sql] CONNECT:[ UseTime:0.000766s ] mysql:host=127.0.0.1;port=3306;dbname=webs;charset=utf8
[2022-09-15 00:06:11][sql] show tables like 'ds_system_log_202209' [ RunTime:0.000618s ]
[2022-09-15 00:06:11][sql] SHOW FULL COLUMNS FROM `ds_system_log_202209` [ RunTime:0.001412s ]
[2022-09-15 00:06:11][sql] INSERT INTO `ds_system_log_202209` SET `admin_id` = 1 , `url` = '/admin/domainrule/delete' , `method` = 'post' , `ip` = '124.152.241.16' , `content` = '{"id":["37","36","35","34","33","32","31","30","29","28","27","26","25"]}' , `useragent` = 'Mozilla/5.0 (Macintosh; Intel Mac OS X 10_15_7) AppleWebKit/537.36 (KHTML, like Gecko) Chrome/105.0.0.0 Safari/537.36' , `create_time` = 1663171571 [ RunTime:0.000607s ]
[2022-09-15 00:06:11][sql] SHOW FULL COLUMNS FROM `ds_domain_rule` [ RunTime:0.001043s ]
[2022-09-15 00:06:11][sql] SELECT * FROM `ds_domain_rule` WHERE  `id` IN (37,36,35,34,33,32,31,30,29,28,27,26,25) [ RunTime:0.000422s ]
[2022-09-15 00:06:11][sql] DELETE FROM `ds_domain_rule` WHERE  `id` = 25 [ RunTime:0.001099s ]
[2022-09-15 00:06:11][sql] DELETE FROM `ds_domain_rule` WHERE  `id` = 26 [ RunTime:0.000545s ]
[2022-09-15 00:06:11][sql] DELETE FROM `ds_domain_rule` WHERE  `id` = 27 [ RunTime:0.000689s ]
[2022-09-15 00:06:11][sql] DELETE FROM `ds_domain_rule` WHERE  `id` = 28 [ RunTime:0.000658s ]
[2022-09-15 00:06:11][sql] DELETE FROM `ds_domain_rule` WHERE  `id` = 29 [ RunTime:0.000692s ]
[2022-09-15 00:06:11][sql] DELETE FROM `ds_domain_rule` WHERE  `id` = 30 [ RunTime:0.000422s ]
[2022-09-15 00:06:11][sql] DELETE FROM `ds_domain_rule` WHERE  `id` = 31 [ RunTime:0.000636s ]
[2022-09-15 00:06:11][sql] DELETE FROM `ds_domain_rule` WHERE  `id` = 32 [ RunTime:0.000630s ]
[2022-09-15 00:06:11][sql] DELETE FROM `ds_domain_rule` WHERE  `id` = 33 [ RunTime:0.000846s ]
[2022-09-15 00:06:11][sql] DELETE FROM `ds_domain_rule` WHERE  `id` = 34 [ RunTime:0.000772s ]
[2022-09-15 00:06:11][sql] DELETE FROM `ds_domain_rule` WHERE  `id` = 35 [ RunTime:0.000807s ]
[2022-09-15 00:06:11][sql] DELETE FROM `ds_domain_rule` WHERE  `id` = 36 [ RunTime:0.000866s ]
[2022-09-15 00:06:11][sql] DELETE FROM `ds_domain_rule` WHERE  `id` = 37 [ RunTime:0.000745s ]
[2022-09-15 00:06:13][sql] CONNECT:[ UseTime:0.000546s ] mysql:host=127.0.0.1;port=3306;dbname=webs;charset=utf8
[2022-09-15 00:06:13][sql] SHOW FULL COLUMNS FROM `ds_domain_rule` [ RunTime:0.001064s ]
[2022-09-15 00:06:13][sql] SELECT COUNT(*) AS think_count FROM `ds_domain_rule` LIMIT 1 [ RunTime:0.000259s ]
[2022-09-15 00:06:13][sql] SELECT * FROM `ds_domain_rule` ORDER BY `id` DESC LIMIT 0,15 [ RunTime:0.000213s ]
[2022-09-15 00:06:13][sql] SHOW FULL COLUMNS FROM `ds_system_admin` [ RunTime:0.001234s ]
[2022-09-15 00:06:13][sql] SELECT * FROM `ds_system_admin` WHERE (  `id` = 10086 ) AND `ds_system_admin`.`delete_time` IS NULL [ RunTime:0.000530s ]
[2022-09-15 00:10:28][sql] CONNECT:[ UseTime:0.001430s ] mysql:host=127.0.0.1;port=3306;dbname=webs;charset=utf8
[2022-09-15 00:10:28][sql] SHOW FULL COLUMNS FROM `ds_system_config` [ RunTime:0.002183s ]
[2022-09-15 00:10:28][sql] SELECT `value` FROM `ds_system_config` WHERE  `group` = 'site'  AND `name` = 'site_name' LIMIT 1 [ RunTime:0.000734s ]
[2022-09-15 00:10:29][sql] CONNECT:[ UseTime:0.000581s ] mysql:host=127.0.0.1;port=3306;dbname=webs;charset=utf8
[2022-09-15 00:10:29][sql] SHOW FULL COLUMNS FROM `ds_user_money_log` [ RunTime:0.001064s ]
[2022-09-15 00:10:29][sql] SELECT COUNT(*) AS think_count FROM `ds_user_money_log` LIMIT 1 [ RunTime:0.000403s ]
[2022-09-15 00:10:29][sql] SELECT * FROM `ds_user_money_log` ORDER BY `id` DESC LIMIT 0,15 [ RunTime:0.000357s ]
[2022-09-15 00:10:29][sql] SHOW FULL COLUMNS FROM `ds_system_admin` [ RunTime:0.000897s ]
[2022-09-15 00:10:29][sql] SELECT * FROM `ds_system_admin` WHERE (  `id` = 182 ) AND `ds_system_admin`.`delete_time` IS NULL [ RunTime:0.000519s ]
[2022-09-15 00:10:31][sql] CONNECT:[ UseTime:0.000762s ] mysql:host=127.0.0.1;port=3306;dbname=webs;charset=utf8
[2022-09-15 00:10:31][sql] SHOW FULL COLUMNS FROM `ds_system_config` [ RunTime:0.001220s ]
[2022-09-15 00:10:31][sql] SELECT `value` FROM `ds_system_config` WHERE  `group` = 'site'  AND `name` = 'site_name' LIMIT 1 [ RunTime:0.000468s ]
[2022-09-15 00:10:31][sql] CONNECT:[ UseTime:0.000668s ] mysql:host=127.0.0.1;port=3306;dbname=webs;charset=utf8
[2022-09-15 00:10:31][sql] SHOW FULL COLUMNS FROM `ds_number` [ RunTime:0.001424s ]
[2022-09-15 00:10:31][sql] SELECT COUNT(*) AS think_count FROM `ds_number` LIMIT 1 [ RunTime:0.000438s ]
[2022-09-15 00:10:31][sql] SELECT * FROM `ds_number` ORDER BY `id` DESC LIMIT 0,15 [ RunTime:0.000359s ]
[2022-09-15 00:10:31][sql] SHOW FULL COLUMNS FROM `ds_system_admin` [ RunTime:0.001083s ]
[2022-09-15 00:10:31][sql] SELECT * FROM `ds_system_admin` WHERE (  `id` IN (176,172,173,174,175,177) ) AND `ds_system_admin`.`delete_time` IS NULL [ RunTime:0.000663s ]
[2022-09-15 00:10:31][sql] SELECT * FROM `ds_system_admin` WHERE (  `id` = 171 ) AND `ds_system_admin`.`delete_time` IS NULL [ RunTime:0.000450s ]
[2022-09-15 00:10:35][sql] CONNECT:[ UseTime:0.000635s ] mysql:host=127.0.0.1;port=3306;dbname=webs;charset=utf8
[2022-09-15 00:10:35][sql] SHOW FULL COLUMNS FROM `ds_system_config` [ RunTime:0.001416s ]
[2022-09-15 00:10:35][sql] SELECT `value` FROM `ds_system_config` WHERE  `group` = 'site'  AND `name` = 'site_name' LIMIT 1 [ RunTime:0.000370s ]
[2022-09-15 00:10:36][sql] CONNECT:[ UseTime:0.000574s ] mysql:host=127.0.0.1;port=3306;dbname=webs;charset=utf8
[2022-09-15 00:10:36][sql] SHOW FULL COLUMNS FROM `ds_stock` [ RunTime:0.001147s ]
[2022-09-15 00:10:36][sql] SELECT COUNT(*) AS think_count FROM `ds_stock` WHERE  `is_dsp` = 0 LIMIT 1 [ RunTime:0.003378s ]
[2022-09-15 00:10:36][sql] SELECT * FROM `ds_stock` WHERE  `is_dsp` = 0 ORDER BY `id` DESC LIMIT 0,15 [ RunTime:0.000362s ]
[2022-09-15 00:10:36][sql] SHOW FULL COLUMNS FROM `ds_link` [ RunTime:0.000955s ]
[2022-09-15 00:10:36][sql] SELECT `stock_id` FROM `ds_link` WHERE  `uid` = 1  AND `stock_id` IN (41312,41311,41310,41309,41308,41307,41306,41305,41304,41303,41302,41301,41300,41299,41298) [ RunTime:0.000393s ]
[2022-09-15 00:10:54][sql] CONNECT:[ UseTime:0.000535s ] mysql:host=127.0.0.1;port=3306;dbname=webs;charset=utf8
[2022-09-15 00:10:54][sql] SHOW FULL COLUMNS FROM `ds_stock` [ RunTime:0.000975s ]
[2022-09-15 00:10:54][sql] SELECT COUNT(*) AS think_count FROM `ds_stock` WHERE  `is_dsp` = 0 LIMIT 1 [ RunTime:0.002092s ]
[2022-09-15 00:10:54][sql] SELECT * FROM `ds_stock` WHERE  `is_dsp` = 0 ORDER BY `id` DESC LIMIT 5910,15 [ RunTime:0.006193s ]
[2022-09-15 00:10:54][sql] SHOW FULL COLUMNS FROM `ds_link` [ RunTime:0.001080s ]
[2022-09-15 00:10:54][sql] SELECT `stock_id` FROM `ds_link` WHERE  `uid` = 1  AND `stock_id` IN (35402,35401,35400,35399,35398,35397,35396) [ RunTime:0.000360s ]
[2022-09-15 00:11:12][sql] CONNECT:[ UseTime:0.000557s ] mysql:host=127.0.0.1;port=3306;dbname=webs;charset=utf8
[2022-09-15 00:11:12][sql] SHOW FULL COLUMNS FROM `ds_stock` [ RunTime:0.001034s ]
[2022-09-15 00:11:12][sql] SELECT COUNT(*) AS think_count FROM `ds_stock` WHERE  `is_dsp` = 0 LIMIT 1 [ RunTime:0.001850s ]
[2022-09-15 00:11:12][sql] SELECT * FROM `ds_stock` WHERE  `is_dsp` = 0 ORDER BY `id` DESC LIMIT 5895,15 [ RunTime:0.005603s ]
[2022-09-15 00:11:12][sql] SHOW FULL COLUMNS FROM `ds_link` [ RunTime:0.000795s ]
[2022-09-15 00:11:12][sql] SELECT `stock_id` FROM `ds_link` WHERE  `uid` = 1  AND `stock_id` IN (35417,35416,35415,35414,35413,35412,35411,35410,35409,35408,35407,35406,35405,35404,35403) [ RunTime:0.000345s ]
[2022-09-15 00:11:31][sql] CONNECT:[ UseTime:0.000479s ] mysql:host=127.0.0.1;port=3306;dbname=webs;charset=utf8
[2022-09-15 00:11:31][sql] SHOW FULL COLUMNS FROM `ds_pay_setting` [ RunTime:0.001280s ]
[2022-09-15 00:11:31][sql] SELECT * FROM `ds_pay_setting` WHERE  `status` = 1 [ RunTime:0.000488s ]
[2022-09-15 00:11:31][sql] SHOW FULL COLUMNS FROM `ds_pay_order` [ RunTime:0.000934s ]
[2022-09-15 00:11:31][sql] SELECT COUNT(*) AS think_count FROM `ds_pay_order` WHERE  `is_kouliang` = '1'  AND `status` = '1'  AND `is_tj` = 1  AND `createtime` BETWEEN 1663171200 AND 1663257599 LIMIT 1 [ RunTime:0.000723s ]
[2022-09-15 00:11:31][sql] SELECT COUNT(*) AS think_count FROM `ds_pay_order` WHERE  `is_kouliang` = '1'  AND `status` = '1'  AND `is_tj` = 1  AND `createtime` BETWEEN 1663084800 AND 1663171199 LIMIT 1 [ RunTime:0.000405s ]
[2022-09-15 00:11:31][sql] SELECT SUM(`price`) AS think_sum FROM `ds_pay_order` WHERE  `is_kouliang` = '1'  AND `status` = '1'  AND `is_tj` = 1  AND `createtime` BETWEEN 1663171200 AND 1663257599 LIMIT 1 [ RunTime:0.000409s ]
[2022-09-15 00:11:31][sql] SELECT SUM(`price`) AS think_sum FROM `ds_pay_order` WHERE  `is_kouliang` = '1'  AND `status` = '1'  AND `is_tj` = 1  AND `createtime` BETWEEN 1663084800 AND 1663171199 LIMIT 1 [ RunTime:0.000411s ]
[2022-09-15 00:11:31][sql] SELECT COUNT(*) AS think_count FROM `ds_pay_order` WHERE  `is_kouliang` = '1'  AND `status` = '1'  AND `is_tj` = 1 LIMIT 1 [ RunTime:0.000381s ]
[2022-09-15 00:11:31][sql] SELECT SUM(`price`) AS think_sum FROM `ds_pay_order` WHERE  `is_kouliang` = '1'  AND `status` = '1'  AND `is_tj` = 1 LIMIT 1 [ RunTime:0.000410s ]
[2022-09-15 00:11:31][sql] SHOW FULL COLUMNS FROM `ds_system_config` [ RunTime:0.000775s ]
[2022-09-15 00:11:31][sql] SELECT `value` FROM `ds_system_config` WHERE  `group` = 'site'  AND `name` = 'site_name' LIMIT 1 [ RunTime:0.000399s ]
[2022-09-15 00:11:31][sql] CONNECT:[ UseTime:0.000516s ] mysql:host=127.0.0.1;port=3306;dbname=webs;charset=utf8
[2022-09-15 00:11:31][sql] SHOW FULL COLUMNS FROM `ds_pay_order` [ RunTime:0.001035s ]
[2022-09-15 00:11:31][sql] SELECT COUNT(*) AS think_count FROM `ds_pay_order` WHERE  `status` = '1'  AND `is_kouliang` = '1' LIMIT 1 [ RunTime:0.000483s ]
[2022-09-15 00:11:31][sql] SELECT * FROM `ds_pay_order` WHERE  `status` = '1'  AND `is_kouliang` = '1' ORDER BY `id` DESC LIMIT 0,15 [ RunTime:0.000548s ]
[2022-09-15 00:11:31][sql] SHOW FULL COLUMNS FROM `ds_system_admin` [ RunTime:0.000875s ]
[2022-09-15 00:11:31][sql] SELECT * FROM `ds_system_admin` WHERE (  `id` = 182 ) AND `ds_system_admin`.`delete_time` IS NULL [ RunTime:0.000458s ]
[2022-09-15 00:11:31][sql] SHOW FULL COLUMNS FROM `ds_link` [ RunTime:0.000779s ]
[2022-09-15 00:11:31][sql] SELECT * FROM `ds_link` WHERE  `id` IN (40880,36084,37549,39203,36818,39796,37700,36814,38766,40060,40733,35653,39409,37187,40781) [ RunTime:0.000409s ]
[2022-09-15 00:11:37][sql] CONNECT:[ UseTime:0.000700s ] mysql:host=127.0.0.1;port=3306;dbname=webs;charset=utf8
[2022-09-15 00:11:37][sql] SHOW FULL COLUMNS FROM `ds_system_auth` [ RunTime:0.001106s ]
[2022-09-15 00:11:37][sql] SELECT `title`,`id` FROM `ds_system_auth` WHERE (  `status` = 1 ) AND `ds_system_auth`.`delete_time` IS NULL [ RunTime:0.000432s ]
[2022-09-15 00:11:37][sql] SHOW FULL COLUMNS FROM `ds_system_admin` [ RunTime:0.000956s ]
[2022-09-15 00:11:37][sql] SELECT SUM(`balance`) AS think_sum FROM `ds_system_admin` WHERE `ds_system_admin`.`delete_time` IS NULL LIMIT 1 [ RunTime:0.000312s ]
[2022-09-15 00:11:37][sql] SHOW FULL COLUMNS FROM `ds_outlay` [ RunTime:0.000864s ]
[2022-09-15 00:11:37][sql] SELECT SUM(`money`) AS think_sum FROM `ds_outlay` WHERE  `create_time` BETWEEN 1663171200 AND 1663257599 LIMIT 1 [ RunTime:0.000360s ]
[2022-09-15 00:11:37][sql] SHOW FULL COLUMNS FROM `ds_pay_setting` [ RunTime:0.000761s ]
[2022-09-15 00:11:37][sql] SELECT * FROM `ds_pay_setting` [ RunTime:0.000292s ]
[2022-09-15 00:11:37][sql] SHOW FULL COLUMNS FROM `ds_system_config` [ RunTime:0.000783s ]
[2022-09-15 00:11:37][sql] SELECT `value` FROM `ds_system_config` WHERE  `group` = 'site'  AND `name` = 'site_name' LIMIT 1 [ RunTime:0.000440s ]
[2022-09-15 00:11:37][sql] CONNECT:[ UseTime:0.000504s ] mysql:host=127.0.0.1;port=3306;dbname=webs;charset=utf8
[2022-09-15 00:11:37][sql] SHOW FULL COLUMNS FROM `ds_system_auth` [ RunTime:0.000948s ]
[2022-09-15 00:11:37][sql] SELECT `title`,`id` FROM `ds_system_auth` WHERE (  `status` = 1 ) AND `ds_system_auth`.`delete_time` IS NULL [ RunTime:0.000375s ]
[2022-09-15 00:11:37][sql] SHOW FULL COLUMNS FROM `ds_system_admin` [ RunTime:0.001016s ]
[2022-09-15 00:11:37][sql] SELECT SUM(`balance`) AS think_sum FROM `ds_system_admin` WHERE `ds_system_admin`.`delete_time` IS NULL LIMIT 1 [ RunTime:0.000237s ]
[2022-09-15 00:11:37][sql] SHOW FULL COLUMNS FROM `ds_outlay` [ RunTime:0.000790s ]
[2022-09-15 00:11:37][sql] SELECT SUM(`money`) AS think_sum FROM `ds_outlay` WHERE  `create_time` BETWEEN 1663171200 AND 1663257599 LIMIT 1 [ RunTime:0.000317s ]
[2022-09-15 00:11:37][sql] SHOW FULL COLUMNS FROM `ds_pay_setting` [ RunTime:0.000805s ]
[2022-09-15 00:11:37][sql] SELECT * FROM `ds_pay_setting` [ RunTime:0.000379s ]
[2022-09-15 00:11:37][sql] SELECT COUNT(*) AS think_count FROM `ds_system_admin` WHERE (  `id` <> 1 ) AND `ds_system_admin`.`delete_time` IS NULL LIMIT 1 [ RunTime:0.000446s ]
[2022-09-15 00:11:37][sql] SELECT `id`,`pid`,`auth_ids`,`head_img`,`username`,`qq`,`wechat_account`,`pwd`,`balance`,`revenue`,`short`,`pay_model`,`pay_model1`,`is_zn`,`is_ff`,`poundage`,`ticheng`,`is_day`,`is_week`,`is_month`,`is_dan`,`date_fee`,`month_fee`,`dan_fee`,`week_fee`,`view_id`,`phone`,`remark`,`login_num`,`sort`,`status`,`push_all`,`txpwd`,`create_time`,`update_time`,`delete_time`,`is_zw`,(SELECT SUM(`money`) AS think_sum FROM `ds_outlay` `sum_table` WHERE  ( `sum_table`.`uid` =ds_system_admin.id )) AS `outlay_sum` FROM `ds_system_admin` WHERE (  `id` <> 1 ) AND `ds_system_admin`.`delete_time` IS NULL ORDER BY `sort` DESC,`id` DESC LIMIT 0,15 [ RunTime:0.000644s ]
[2022-09-15 00:11:37][sql] SELECT * FROM `ds_system_admin` WHERE (  `id` = 0 ) AND `ds_system_admin`.`delete_time` IS NULL [ RunTime:0.000493s ]
[2022-09-15 00:11:37][sql] SHOW FULL COLUMNS FROM `ds_muban` [ RunTime:0.000991s ]
[2022-09-15 00:11:37][sql] SELECT * FROM `ds_muban` WHERE (  `id` = 3 ) AND `ds_muban`.`delete_time` IS NULL [ RunTime:0.000366s ]
[2022-09-15 00:11:37][sql] SHOW FULL COLUMNS FROM `ds_pay_order` [ RunTime:0.001081s ]
[2022-09-15 00:11:37][sql] SELECT * FROM `ds_pay_order` WHERE  `status` = '1'  AND `is_kouliang` = '1'  AND `is_tj` = 1  AND `createtime` BETWEEN 1663171200 AND 1663257599  AND `uid` = 182 [ RunTime:0.000579s ]
[2022-09-15 00:11:37][sql] SHOW FULL COLUMNS FROM `ds_domain_lib` [ RunTime:0.000805s ]
[2022-09-15 00:11:37][sql] SELECT * FROM `ds_domain_lib` WHERE  `status` = 0  AND `uid` = 182 [ RunTime:0.000317s ]
[2022-09-15 00:11:37][sql] SELECT SUM(`price`) AS think_sum FROM `ds_pay_order` WHERE  `uid` = 182  AND `is_kouliang` = '1'  AND `status` = '1'  AND `is_tj` = 1  AND `createtime` BETWEEN 1663171200 AND 1663257599 LIMIT 1 [ RunTime:0.000365s ]
[2022-09-15 00:11:37][sql] SELECT SUM(`price`) AS think_sum FROM `ds_pay_order` WHERE  `uid` = 182  AND `is_kouliang` = '1'  AND `status` = '1'  AND `is_tj` = 1  AND `createtime` BETWEEN 1663084800 AND 1663171199 LIMIT 1 [ RunTime:0.000307s ]
[2022-09-15 00:11:37][sql] SELECT `id` FROM `ds_system_admin` WHERE (  `pid` = 182 ) AND `ds_system_admin`.`delete_time` IS NULL [ RunTime:0.000214s ]
[2022-09-15 00:11:44][sql] CONNECT:[ UseTime:0.000584s ] mysql:host=127.0.0.1;port=3306;dbname=webs;charset=utf8
[2022-09-15 00:11:44][sql] SHOW FULL COLUMNS FROM `ds_system_auth` [ RunTime:0.001470s ]
[2022-09-15 00:11:44][sql] SELECT `title`,`id` FROM `ds_system_auth` WHERE (  `status` = 1 ) AND `ds_system_auth`.`delete_time` IS NULL [ RunTime:0.000353s ]
[2022-09-15 00:11:44][sql] SHOW FULL COLUMNS FROM `ds_pay_setting` [ RunTime:0.000905s ]
[2022-09-15 00:11:44][sql] SELECT * FROM `ds_pay_setting` [ RunTime:0.000260s ]
[2022-09-15 00:11:44][sql] SHOW FULL COLUMNS FROM `ds_system_admin` [ RunTime:0.000872s ]
[2022-09-15 00:11:44][sql] SELECT * FROM `ds_system_admin` WHERE (  `id` = 182 ) AND `ds_system_admin`.`delete_time` IS NULL LIMIT 1 [ RunTime:0.000440s ]
[2022-09-15 00:11:44][sql] SELECT * FROM `ds_system_admin` WHERE (  `id` = 182 ) AND `ds_system_admin`.`delete_time` IS NULL LIMIT 1 [ RunTime:0.000321s ]
[2022-09-15 00:11:44][sql] SELECT * FROM `ds_system_admin` WHERE (  `id` = 182 ) AND `ds_system_admin`.`delete_time` IS NULL LIMIT 1 [ RunTime:0.000345s ]
[2022-09-15 00:11:44][sql] SHOW FULL COLUMNS FROM `ds_system_config` [ RunTime:0.001136s ]
[2022-09-15 00:11:44][sql] SELECT `value` FROM `ds_system_config` WHERE  `group` = 'site'  AND `name` = 'site_name' LIMIT 1 [ RunTime:0.000394s ]
[2022-09-15 00:11:44][sql] SELECT `value` FROM `ds_system_config` WHERE  `group` = 'jg'  AND `name` = 'jg_topen' LIMIT 1 [ RunTime:0.000284s ]
[2022-09-15 00:11:44][sql] SELECT `value` FROM `ds_system_config` WHERE  `group` = 'jg'  AND `name` = 'jp_wopen' LIMIT 1 [ RunTime:0.000181s ]
[2022-09-15 00:11:44][sql] SELECT `value` FROM `ds_system_config` WHERE  `group` = 'jg'  AND `name` = 'jg_yopen' LIMIT 1 [ RunTime:0.000207s ]
[2022-09-15 10:26:23][sql] CONNECT:[ UseTime:0.000791s ] mysql:host=127.0.0.1;port=3306;dbname=webs;charset=utf8
[2022-09-15 10:26:23][sql] SHOW FULL COLUMNS FROM `ds_system_config` [ RunTime:0.001159s ]
[2022-09-15 10:26:23][sql] SELECT `value` FROM `ds_system_config` WHERE  `group` = 'site'  AND `name` = 'site_name' LIMIT 1 [ RunTime:0.000406s ]
[2022-09-15 10:26:24][sql] CONNECT:[ UseTime:0.000637s ] mysql:host=127.0.0.1;port=3306;dbname=webs;charset=utf8
[2022-09-15 10:26:24][sql] SHOW FULL COLUMNS FROM `ds_notify` [ RunTime:0.001068s ]
[2022-09-15 10:26:24][sql] SELECT * FROM `ds_notify` WHERE  `is_show` = 1 ORDER BY `create_time` DESC LIMIT 1 [ RunTime:0.000390s ]
[2022-09-15 10:26:24][sql] SHOW FULL COLUMNS FROM `ds_system_quick` [ RunTime:0.000768s ]
[2022-09-15 10:26:24][sql] SELECT `id`,`title`,`icon`,`href` FROM `ds_system_quick` WHERE (  `status` = 1 ) AND `ds_system_quick`.`delete_time` IS NULL ORDER BY `sort` DESC LIMIT 8 [ RunTime:0.000463s ]
[2022-09-15 10:26:24][sql] SHOW FULL COLUMNS FROM `ds_system_admin` [ RunTime:0.000930s ]
[2022-09-15 10:26:24][sql] SELECT * FROM `ds_system_admin` WHERE (  `id` = 1 ) AND `ds_system_admin`.`delete_time` IS NULL LIMIT 1 [ RunTime:0.000525s ]
[2022-09-15 10:26:24][sql] SELECT * FROM `ds_system_admin` WHERE (  `id` = 1 ) AND `ds_system_admin`.`delete_time` IS NULL LIMIT 1 [ RunTime:0.000401s ]
[2022-09-15 10:26:24][sql] SHOW FULL COLUMNS FROM `ds_outlay` [ RunTime:0.000770s ]
[2022-09-15 10:26:24][sql] SELECT SUM(`money`) AS think_sum FROM `ds_outlay` WHERE  `status` = 0 LIMIT 1 [ RunTime:0.000315s ]
[2022-09-15 10:26:24][sql] SHOW FULL COLUMNS FROM `ds_payed_show` [ RunTime:0.000821s ]
[2022-09-15 10:26:24][sql] SELECT COUNT(DISTINCT `ip`) AS think_count FROM `ds_payed_show` LIMIT 1 [ RunTime:0.044824s ]
[2022-09-15 10:26:24][sql] SHOW FULL COLUMNS FROM `ds_tj` [ RunTime:0.000902s ]
[2022-09-15 10:26:24][sql] SELECT COUNT(*) AS think_count FROM `ds_tj` WHERE  `create_time` BETWEEN 1663171200 AND 1663257599 LIMIT 1 [ RunTime:0.000381s ]
[2022-09-15 10:26:24][sql] SHOW FULL COLUMNS FROM `ds_pay_order` [ RunTime:0.000862s ]
[2022-09-15 10:26:24][sql] SELECT COUNT(*) AS think_count FROM `ds_pay_order` WHERE  `is_kouliang` = '1'  AND `status` = '1'  AND `is_tj` = 1 LIMIT 1 [ RunTime:0.000555s ]
[2022-09-15 10:26:24][sql] SELECT SUM(`price`) AS think_sum FROM `ds_pay_order` WHERE  `is_kouliang` = '1'  AND `status` = '1'  AND `is_tj` = 1 LIMIT 1 [ RunTime:0.001180s ]
[2022-09-15 10:26:24][sql] SELECT SUM(`price`) AS think_sum FROM `ds_pay_order` WHERE  `is_kouliang` = '1'  AND `status` = '1'  AND `is_tj` = 1  AND `createtime` BETWEEN 1663171200 AND 1663257599 LIMIT 1 [ RunTime:0.000337s ]
[2022-09-15 10:26:24][sql] SELECT COUNT(*) AS think_count FROM `ds_pay_order` WHERE  `is_kouliang` = '1'  AND `status` = '1'  AND `is_tj` = 1  AND `createtime` BETWEEN 1663171200 AND 1663257599 LIMIT 1 [ RunTime:0.000341s ]
[2022-09-15 10:26:24][sql] SELECT SUM(`price`) AS think_sum FROM `ds_pay_order` WHERE  `is_kouliang` = '1'  AND `status` = '1'  AND `is_tj` = 1  AND `createtime` BETWEEN 1663084800 AND 1663171199 LIMIT 1 [ RunTime:0.000293s ]
[2022-09-15 10:26:24][sql] SELECT COUNT(*) AS think_count FROM `ds_pay_order` WHERE  `is_kouliang` = '1'  AND `status` = '1'  AND `is_tj` = 1  AND `createtime` BETWEEN 1663084800 AND 1663171199 LIMIT 1 [ RunTime:0.000357s ]
[2022-09-15 10:26:24][sql] SELECT `id`,`createtime` FROM `ds_pay_order` WHERE  `status` = '2'  AND `createtime` BETWEEN 1662912000 AND 1663516799  AND `is_tj` = 1  AND `is_kouliang` = '1' [ RunTime:0.000413s ]
[2022-09-15 10:26:24][sql] SELECT `id`,`createtime` FROM `ds_pay_order` WHERE  `status` = '1'  AND `createtime` BETWEEN 1662912000 AND 1663516799  AND `is_tj` = 1  AND `is_kouliang` = '1' [ RunTime:0.000349s ]
[2022-09-15 10:26:24][sql] SHOW FULL COLUMNS FROM `ds_system_config` [ RunTime:0.000871s ]
[2022-09-15 10:26:24][sql] SELECT `value` FROM `ds_system_config` WHERE  `group` = 'site'  AND `name` = 'site_name' LIMIT 1 [ RunTime:0.000292s ]
[2022-09-15 10:26:27][sql] CONNECT:[ UseTime:0.000725s ] mysql:host=127.0.0.1;port=3306;dbname=webs;charset=utf8
[2022-09-15 10:26:27][sql] SHOW FULL COLUMNS FROM `ds_outlay` [ RunTime:0.001104s ]
[2022-09-15 10:26:27][sql] SELECT COUNT(*) AS think_count FROM `ds_outlay` WHERE  `status` = 0 LIMIT 1 [ RunTime:0.000333s ]
[2022-09-15 10:26:27][sql] SELECT SUM(`money`) AS think_sum FROM `ds_outlay` WHERE  `status` = 0 LIMIT 1 [ RunTime:0.000329s ]
[2022-09-15 10:26:27][sql] SHOW FULL COLUMNS FROM `ds_system_config` [ RunTime:0.000775s ]
[2022-09-15 10:26:27][sql] SELECT `value` FROM `ds_system_config` WHERE  `group` = 'site'  AND `name` = 'site_name' LIMIT 1 [ RunTime:0.000270s ]
[2022-09-15 10:26:27][sql] CONNECT:[ UseTime:0.000553s ] mysql:host=127.0.0.1;port=3306;dbname=webs;charset=utf8
[2022-09-15 10:26:27][sql] SHOW FULL COLUMNS FROM `ds_outlay` [ RunTime:0.001030s ]
[2022-09-15 10:26:27][sql] SELECT COUNT(*) AS think_count FROM `ds_outlay` WHERE  `status` = 0 LIMIT 1 [ RunTime:0.000349s ]
[2022-09-15 10:26:27][sql] SELECT SUM(`money`) AS think_sum FROM `ds_outlay` WHERE  `status` = 0 LIMIT 1 [ RunTime:0.000234s ]
[2022-09-15 10:26:27][sql] SELECT COUNT(*) AS think_count FROM `ds_outlay` WHERE  `status` = 0 LIMIT 1 [ RunTime:0.000313s ]
[2022-09-15 10:26:27][sql] SELECT * FROM `ds_outlay` WHERE  `status` = 0 ORDER BY `id` DESC LIMIT 0,15 [ RunTime:0.000305s ]
[2022-09-15 10:26:27][sql] SHOW FULL COLUMNS FROM `ds_system_admin` [ RunTime:0.001082s ]
[2022-09-15 10:26:27][sql] SELECT * FROM `ds_system_admin` WHERE (  `id` = 183 ) AND `ds_system_admin`.`delete_time` IS NULL [ RunTime:0.000429s ]
[2022-09-15 10:26:29][sql] CONNECT:[ UseTime:0.000765s ] mysql:host=127.0.0.1;port=3306;dbname=webs;charset=utf8
[2022-09-15 10:26:29][sql] SHOW FULL COLUMNS FROM `ds_outlay` [ RunTime:0.001416s ]
[2022-09-15 10:26:29][sql] SELECT * FROM `ds_outlay` WHERE  `id` = 1 LIMIT 1 [ RunTime:0.000369s ]
[2022-09-15 10:26:29][sql] SHOW FULL COLUMNS FROM `ds_system_admin` [ RunTime:0.000932s ]
[2022-09-15 10:26:29][sql] SELECT * FROM `ds_system_admin` WHERE (  `status` = 1 ) AND `ds_system_admin`.`delete_time` IS NULL [ RunTime:0.000505s ]
[2022-09-15 10:26:29][sql] SHOW FULL COLUMNS FROM `ds_system_config` [ RunTime:0.001000s ]
[2022-09-15 10:26:29][sql] SELECT `value` FROM `ds_system_config` WHERE  `group` = 'site'  AND `name` = 'site_name' LIMIT 1 [ RunTime:0.000348s ]
[2022-09-15 10:26:47][sql] CONNECT:[ UseTime:0.000508s ] mysql:host=127.0.0.1;port=3306;dbname=webs;charset=utf8
[2022-09-15 10:26:47][sql] show tables like 'ds_system_log_202209' [ RunTime:0.000616s ]
[2022-09-15 10:26:47][sql] SHOW FULL COLUMNS FROM `ds_system_log_202209` [ RunTime:0.000886s ]
[2022-09-15 10:26:47][sql] INSERT INTO `ds_system_log_202209` SET `admin_id` = 1 , `url` = '/admin/outlayw/delete?id=1' , `method` = 'post' , `ip` = '124.152.241.16' , `content` = '{"id":"1"}' , `useragent` = 'Mozilla/5.0 (Macintosh; Intel Mac OS X 10_15_7) AppleWebKit/537.36 (KHTML, like Gecko) Chrome/105.0.0.0 Safari/537.36' , `create_time` = 1663208807 [ RunTime:0.000418s ]
[2022-09-15 10:26:47][sql] SHOW FULL COLUMNS FROM `ds_outlay` [ RunTime:0.001083s ]
[2022-09-15 10:26:47][sql] SELECT * FROM `ds_outlay` WHERE  `id` = 1 [ RunTime:0.000306s ]
[2022-09-15 10:26:47][sql] DELETE FROM `ds_outlay` WHERE  `id` = 1 [ RunTime:0.001026s ]
[2022-09-15 10:26:48][sql] CONNECT:[ UseTime:0.000600s ] mysql:host=127.0.0.1;port=3306;dbname=webs;charset=utf8
[2022-09-15 10:26:48][sql] SHOW FULL COLUMNS FROM `ds_outlay` [ RunTime:0.001064s ]
[2022-09-15 10:26:48][sql] SELECT COUNT(*) AS think_count FROM `ds_outlay` WHERE  `status` = 0 LIMIT 1 [ RunTime:0.000411s ]
[2022-09-15 10:26:48][sql] SELECT SUM(`money`) AS think_sum FROM `ds_outlay` WHERE  `status` = 0 LIMIT 1 [ RunTime:0.000269s ]
[2022-09-15 10:26:48][sql] SELECT COUNT(*) AS think_count FROM `ds_outlay` WHERE  `status` = 0 LIMIT 1 [ RunTime:0.000270s ]
[2022-09-15 10:26:48][sql] SELECT * FROM `ds_outlay` WHERE  `status` = 0 ORDER BY `id` DESC LIMIT 0,15 [ RunTime:0.000220s ]
[2022-09-15 10:26:53][sql] CONNECT:[ UseTime:0.000539s ] mysql:host=127.0.0.1;port=3306;dbname=webs;charset=utf8
[2022-09-15 10:26:53][sql] SHOW FULL COLUMNS FROM `ds_system_config` [ RunTime:0.001392s ]
[2022-09-15 10:26:53][sql] SELECT `value` FROM `ds_system_config` WHERE  `group` = 'site'  AND `name` = 'site_name' LIMIT 1 [ RunTime:0.000429s ]
[2022-09-15 10:26:54][sql] CONNECT:[ UseTime:0.000503s ] mysql:host=127.0.0.1;port=3306;dbname=webs;charset=utf8
[2022-09-15 10:26:54][sql] SHOW FULL COLUMNS FROM `ds_notify` [ RunTime:0.001119s ]
[2022-09-15 10:26:54][sql] SELECT * FROM `ds_notify` WHERE  `is_show` = 1 ORDER BY `create_time` DESC LIMIT 1 [ RunTime:0.000354s ]
[2022-09-15 10:26:54][sql] SHOW FULL COLUMNS FROM `ds_system_quick` [ RunTime:0.000905s ]
[2022-09-15 10:26:54][sql] SELECT `id`,`title`,`icon`,`href` FROM `ds_system_quick` WHERE (  `status` = 1 ) AND `ds_system_quick`.`delete_time` IS NULL ORDER BY `sort` DESC LIMIT 8 [ RunTime:0.000398s ]
[2022-09-15 10:26:54][sql] SHOW FULL COLUMNS FROM `ds_system_admin` [ RunTime:0.000885s ]
[2022-09-15 10:26:54][sql] SELECT * FROM `ds_system_admin` WHERE (  `id` = 1 ) AND `ds_system_admin`.`delete_time` IS NULL LIMIT 1 [ RunTime:0.000520s ]
[2022-09-15 10:26:54][sql] SELECT * FROM `ds_system_admin` WHERE (  `id` = 1 ) AND `ds_system_admin`.`delete_time` IS NULL LIMIT 1 [ RunTime:0.000340s ]
[2022-09-15 10:26:54][sql] SHOW FULL COLUMNS FROM `ds_outlay` [ RunTime:0.000696s ]
[2022-09-15 10:26:54][sql] SELECT SUM(`money`) AS think_sum FROM `ds_outlay` WHERE  `status` = 0 LIMIT 1 [ RunTime:0.000231s ]
[2022-09-15 10:26:54][sql] SHOW FULL COLUMNS FROM `ds_payed_show` [ RunTime:0.000665s ]
[2022-09-15 10:26:54][sql] SELECT COUNT(DISTINCT `ip`) AS think_count FROM `ds_payed_show` LIMIT 1 [ RunTime:0.040276s ]
[2022-09-15 10:26:54][sql] SHOW FULL COLUMNS FROM `ds_tj` [ RunTime:0.000948s ]
[2022-09-15 10:26:54][sql] SELECT COUNT(*) AS think_count FROM `ds_tj` WHERE  `create_time` BETWEEN 1663171200 AND 1663257599 LIMIT 1 [ RunTime:0.000311s ]
[2022-09-15 10:26:54][sql] SHOW FULL COLUMNS FROM `ds_pay_order` [ RunTime:0.000716s ]
[2022-09-15 10:26:54][sql] SELECT COUNT(*) AS think_count FROM `ds_pay_order` WHERE  `is_kouliang` = '1'  AND `status` = '1'  AND `is_tj` = 1 LIMIT 1 [ RunTime:0.000514s ]
[2022-09-15 10:26:54][sql] SELECT SUM(`price`) AS think_sum FROM `ds_pay_order` WHERE  `is_kouliang` = '1'  AND `status` = '1'  AND `is_tj` = 1 LIMIT 1 [ RunTime:0.000381s ]
[2022-09-15 10:26:54][sql] SELECT SUM(`price`) AS think_sum FROM `ds_pay_order` WHERE  `is_kouliang` = '1'  AND `status` = '1'  AND `is_tj` = 1  AND `createtime` BETWEEN 1663171200 AND 1663257599 LIMIT 1 [ RunTime:0.000427s ]
[2022-09-15 10:26:54][sql] SELECT COUNT(*) AS think_count FROM `ds_pay_order` WHERE  `is_kouliang` = '1'  AND `status` = '1'  AND `is_tj` = 1  AND `createtime` BETWEEN 1663171200 AND 1663257599 LIMIT 1 [ RunTime:0.000331s ]
[2022-09-15 10:26:54][sql] SELECT SUM(`price`) AS think_sum FROM `ds_pay_order` WHERE  `is_kouliang` = '1'  AND `status` = '1'  AND `is_tj` = 1  AND `createtime` BETWEEN 1663084800 AND 1663171199 LIMIT 1 [ RunTime:0.000502s ]
[2022-09-15 10:26:54][sql] SELECT COUNT(*) AS think_count FROM `ds_pay_order` WHERE  `is_kouliang` = '1'  AND `status` = '1'  AND `is_tj` = 1  AND `createtime` BETWEEN 1663084800 AND 1663171199 LIMIT 1 [ RunTime:0.000367s ]
[2022-09-15 10:26:54][sql] SELECT `id`,`createtime` FROM `ds_pay_order` WHERE  `status` = '2'  AND `createtime` BETWEEN 1662912000 AND 1663516799  AND `is_tj` = 1  AND `is_kouliang` = '1' [ RunTime:0.000371s ]
[2022-09-15 10:26:54][sql] SELECT `id`,`createtime` FROM `ds_pay_order` WHERE  `status` = '1'  AND `createtime` BETWEEN 1662912000 AND 1663516799  AND `is_tj` = 1  AND `is_kouliang` = '1' [ RunTime:0.000408s ]
[2022-09-15 10:26:54][sql] SHOW FULL COLUMNS FROM `ds_system_config` [ RunTime:0.000803s ]
[2022-09-15 10:26:54][sql] SELECT `value` FROM `ds_system_config` WHERE  `group` = 'site'  AND `name` = 'site_name' LIMIT 1 [ RunTime:0.000264s ]
[2022-09-15 10:27:01][sql] CONNECT:[ UseTime:0.000452s ] mysql:host=127.0.0.1;port=3306;dbname=webs;charset=utf8
[2022-09-15 10:27:01][sql] SHOW FULL COLUMNS FROM `ds_pay_setting` [ RunTime:0.001008s ]
[2022-09-15 10:27:01][sql] SELECT * FROM `ds_pay_setting` WHERE  `status` = 1 [ RunTime:0.000585s ]
[2022-09-15 10:27:01][sql] SHOW FULL COLUMNS FROM `ds_pay_order` [ RunTime:0.000876s ]
[2022-09-15 10:27:01][sql] SELECT COUNT(*) AS think_count FROM `ds_pay_order` WHERE  `is_kouliang` = '1'  AND `status` = '1'  AND `is_tj` = 1  AND `createtime` BETWEEN 1663171200 AND 1663257599 LIMIT 1 [ RunTime:0.000413s ]
[2022-09-15 10:27:01][sql] SELECT COUNT(*) AS think_count FROM `ds_pay_order` WHERE  `is_kouliang` = '1'  AND `status` = '1'  AND `is_tj` = 1  AND `createtime` BETWEEN 1663084800 AND 1663171199 LIMIT 1 [ RunTime:0.000329s ]
[2022-09-15 10:27:01][sql] SELECT SUM(`price`) AS think_sum FROM `ds_pay_order` WHERE  `is_kouliang` = '1'  AND `status` = '1'  AND `is_tj` = 1  AND `createtime` BETWEEN 1663171200 AND 1663257599 LIMIT 1 [ RunTime:0.000320s ]
[2022-09-15 10:27:01][sql] SELECT SUM(`price`) AS think_sum FROM `ds_pay_order` WHERE  `is_kouliang` = '1'  AND `status` = '1'  AND `is_tj` = 1  AND `createtime` BETWEEN 1663084800 AND 1663171199 LIMIT 1 [ RunTime:0.000251s ]
[2022-09-15 10:27:01][sql] SELECT COUNT(*) AS think_count FROM `ds_pay_order` WHERE  `is_kouliang` = '1'  AND `status` = '1'  AND `is_tj` = 1 LIMIT 1 [ RunTime:0.000229s ]
[2022-09-15 10:27:01][sql] SELECT SUM(`price`) AS think_sum FROM `ds_pay_order` WHERE  `is_kouliang` = '1'  AND `status` = '1'  AND `is_tj` = 1 LIMIT 1 [ RunTime:0.000339s ]
[2022-09-15 10:27:01][sql] SHOW FULL COLUMNS FROM `ds_system_config` [ RunTime:0.000785s ]
[2022-09-15 10:27:01][sql] SELECT `value` FROM `ds_system_config` WHERE  `group` = 'site'  AND `name` = 'site_name' LIMIT 1 [ RunTime:0.000272s ]
[2022-09-15 10:27:02][sql] CONNECT:[ UseTime:0.000471s ] mysql:host=127.0.0.1;port=3306;dbname=webs;charset=utf8
[2022-09-15 10:27:02][sql] SHOW FULL COLUMNS FROM `ds_pay_order` [ RunTime:0.001052s ]
[2022-09-15 10:27:02][sql] SELECT COUNT(*) AS think_count FROM `ds_pay_order` WHERE  `status` = '1'  AND `is_kouliang` = '1' LIMIT 1 [ RunTime:0.000431s ]
[2022-09-15 10:27:02][sql] SELECT * FROM `ds_pay_order` WHERE  `status` = '1'  AND `is_kouliang` = '1' ORDER BY `id` DESC LIMIT 0,15 [ RunTime:0.000511s ]
[2022-09-15 10:27:02][sql] SHOW FULL COLUMNS FROM `ds_system_admin` [ RunTime:0.001147s ]
[2022-09-15 10:27:02][sql] SELECT * FROM `ds_system_admin` WHERE (  `id` = 182 ) AND `ds_system_admin`.`delete_time` IS NULL [ RunTime:0.000365s ]
[2022-09-15 10:27:02][sql] SHOW FULL COLUMNS FROM `ds_link` [ RunTime:0.000850s ]
[2022-09-15 10:27:02][sql] SELECT * FROM `ds_link` WHERE  `id` IN (40880,36084,37549,39203,36818,39796,37700,36814,38766,40060,40733,35653,39409,37187,40781) [ RunTime:0.000415s ]
[2022-09-15 10:27:18][sql] CONNECT:[ UseTime:0.000665s ] mysql:host=127.0.0.1;port=3306;dbname=webs;charset=utf8
[2022-09-15 10:27:18][sql] SHOW FULL COLUMNS FROM `ds_pay_order` [ RunTime:0.001092s ]
[2022-09-15 10:27:18][sql] SELECT COUNT(*) AS think_count FROM `ds_pay_order` WHERE  `status` = '1'  AND `is_kouliang` = '1' LIMIT 1 [ RunTime:0.000438s ]
[2022-09-15 10:27:18][sql] SELECT * FROM `ds_pay_order` WHERE  `status` = '1'  AND `is_kouliang` = '1' ORDER BY `id` DESC LIMIT 15,15 [ RunTime:0.000497s ]
[2022-09-15 10:27:18][sql] SHOW FULL COLUMNS FROM `ds_system_admin` [ RunTime:0.000913s ]
[2022-09-15 10:27:18][sql] SELECT * FROM `ds_system_admin` WHERE (  `id` = 182 ) AND `ds_system_admin`.`delete_time` IS NULL [ RunTime:0.000448s ]
[2022-09-15 10:27:18][sql] SHOW FULL COLUMNS FROM `ds_link` [ RunTime:0.000873s ]
[2022-09-15 10:27:18][sql] SELECT * FROM `ds_link` WHERE  `id` = 36142 [ RunTime:0.000307s ]
[2022-09-15 10:27:22][sql] CONNECT:[ UseTime:0.000563s ] mysql:host=127.0.0.1;port=3306;dbname=webs;charset=utf8
[2022-09-15 10:27:22][sql] SHOW FULL COLUMNS FROM `ds_pay_order` [ RunTime:0.001172s ]
[2022-09-15 10:27:22][sql] SELECT COUNT(*) AS think_count FROM `ds_pay_order` WHERE  `status` = '1'  AND `is_kouliang` = '1' LIMIT 1 [ RunTime:0.000427s ]
[2022-09-15 10:27:22][sql] SELECT * FROM `ds_pay_order` WHERE  `status` = '1'  AND `is_kouliang` = '1' ORDER BY `id` DESC LIMIT 0,15 [ RunTime:0.000391s ]
[2022-09-15 10:27:22][sql] SHOW FULL COLUMNS FROM `ds_system_admin` [ RunTime:0.001269s ]
[2022-09-15 10:27:22][sql] SELECT * FROM `ds_system_admin` WHERE (  `id` = 182 ) AND `ds_system_admin`.`delete_time` IS NULL [ RunTime:0.000375s ]
[2022-09-15 10:27:22][sql] SHOW FULL COLUMNS FROM `ds_link` [ RunTime:0.000766s ]
[2022-09-15 10:27:22][sql] SELECT * FROM `ds_link` WHERE  `id` IN (40880,36084,37549,39203,36818,39796,37700,36814,38766,40060,40733,35653,39409,37187,40781) [ RunTime:0.000426s ]
[2022-09-15 10:27:33][sql] CONNECT:[ UseTime:0.000561s ] mysql:host=127.0.0.1;port=3306;dbname=webs;charset=utf8
[2022-09-15 10:27:33][sql] SHOW FULL COLUMNS FROM `ds_outlay` [ RunTime:0.000998s ]
[2022-09-15 10:27:33][sql] SELECT COUNT(*) AS think_count FROM `ds_outlay` WHERE  `status` = 0 LIMIT 1 [ RunTime:0.000487s ]
[2022-09-15 10:27:33][sql] SELECT SUM(`money`) AS think_sum FROM `ds_outlay` WHERE  `status` = 0 LIMIT 1 [ RunTime:0.000263s ]
[2022-09-15 10:27:33][sql] SHOW FULL COLUMNS FROM `ds_system_config` [ RunTime:0.000821s ]
[2022-09-15 10:27:33][sql] SELECT `value` FROM `ds_system_config` WHERE  `group` = 'site'  AND `name` = 'site_name' LIMIT 1 [ RunTime:0.000268s ]
[2022-09-15 10:27:33][sql] CONNECT:[ UseTime:0.000454s ] mysql:host=127.0.0.1;port=3306;dbname=webs;charset=utf8
[2022-09-15 10:27:33][sql] SHOW FULL COLUMNS FROM `ds_outlay` [ RunTime:0.000916s ]
[2022-09-15 10:27:33][sql] SELECT COUNT(*) AS think_count FROM `ds_outlay` WHERE  `status` = 0 LIMIT 1 [ RunTime:0.000311s ]
[2022-09-15 10:27:33][sql] SELECT SUM(`money`) AS think_sum FROM `ds_outlay` WHERE  `status` = 0 LIMIT 1 [ RunTime:0.000211s ]
[2022-09-15 10:27:33][sql] SELECT COUNT(*) AS think_count FROM `ds_outlay` WHERE  `status` = 0 LIMIT 1 [ RunTime:0.000282s ]
[2022-09-15 10:27:33][sql] SELECT * FROM `ds_outlay` WHERE  `status` = 0 ORDER BY `id` DESC LIMIT 0,15 [ RunTime:0.000242s ]
[2022-09-15 10:27:34][sql] CONNECT:[ UseTime:0.000467s ] mysql:host=127.0.0.1;port=3306;dbname=webs;charset=utf8
[2022-09-15 10:27:34][sql] SHOW FULL COLUMNS FROM `ds_outlay` [ RunTime:0.000992s ]
[2022-09-15 10:27:34][sql] SELECT SUM(`money`) AS think_sum FROM `ds_outlay` WHERE  `create_time` BETWEEN 1663171200 AND 1663257599  AND `status` IN (0,1) LIMIT 1 [ RunTime:0.000390s ]
[2022-09-15 10:27:34][sql] SELECT SUM(`money`) AS think_sum FROM `ds_outlay` WHERE  `create_time` BETWEEN 1663171200 AND 1663257599  AND `status` = 1 LIMIT 1 [ RunTime:0.000253s ]
[2022-09-15 10:27:34][sql] SELECT SUM(`money`) AS think_sum FROM `ds_outlay` WHERE  `create_time` BETWEEN 1663084800 AND 1663171199  AND `status` IN (0,1) LIMIT 1 [ RunTime:0.000240s ]
[2022-09-15 10:27:34][sql] SELECT SUM(`money`) AS think_sum FROM `ds_outlay` WHERE  `create_time` BETWEEN 1663084800 AND 1663171199  AND `status` = 1 LIMIT 1 [ RunTime:0.000219s ]
[2022-09-15 10:27:34][sql] SELECT SUM(`money`) AS think_sum FROM `ds_outlay` WHERE  `create_time` BETWEEN 1662998400 AND 1663084799  AND `status` IN (0,1) LIMIT 1 [ RunTime:0.000277s ]
[2022-09-15 10:27:34][sql] SELECT SUM(`money`) AS think_sum FROM `ds_outlay` WHERE  `create_time` BETWEEN 1662998400 AND 1663084799  AND `status` = 1 LIMIT 1 [ RunTime:0.000222s ]
[2022-09-15 10:27:34][sql] SELECT COUNT(*) AS think_count FROM `ds_outlay` WHERE  `status` = 1 LIMIT 1 [ RunTime:0.000234s ]
[2022-09-15 10:27:34][sql] SELECT SUM(`money`) AS think_sum FROM `ds_outlay` WHERE  `status` = 1 LIMIT 1 [ RunTime:0.000185s ]
[2022-09-15 10:27:34][sql] SHOW FULL COLUMNS FROM `ds_system_config` [ RunTime:0.000775s ]
[2022-09-15 10:27:34][sql] SELECT `value` FROM `ds_system_config` WHERE  `group` = 'site'  AND `name` = 'site_name' LIMIT 1 [ RunTime:0.000253s ]
[2022-09-15 10:27:35][sql] CONNECT:[ UseTime:0.000449s ] mysql:host=127.0.0.1;port=3306;dbname=webs;charset=utf8
[2022-09-15 10:27:35][sql] SHOW FULL COLUMNS FROM `ds_outlay` [ RunTime:0.000922s ]
[2022-09-15 10:27:35][sql] SELECT SUM(`money`) AS think_sum FROM `ds_outlay` WHERE  `create_time` BETWEEN 1663171200 AND 1663257599  AND `status` IN (0,1) LIMIT 1 [ RunTime:0.000327s ]
[2022-09-15 10:27:35][sql] SELECT SUM(`money`) AS think_sum FROM `ds_outlay` WHERE  `create_time` BETWEEN 1663171200 AND 1663257599  AND `status` = 1 LIMIT 1 [ RunTime:0.000316s ]
[2022-09-15 10:27:35][sql] SELECT SUM(`money`) AS think_sum FROM `ds_outlay` WHERE  `create_time` BETWEEN 1663084800 AND 1663171199  AND `status` IN (0,1) LIMIT 1 [ RunTime:0.000292s ]
[2022-09-15 10:27:35][sql] SELECT SUM(`money`) AS think_sum FROM `ds_outlay` WHERE  `create_time` BETWEEN 1663084800 AND 1663171199  AND `status` = 1 LIMIT 1 [ RunTime:0.000228s ]
[2022-09-15 10:27:35][sql] SELECT SUM(`money`) AS think_sum FROM `ds_outlay` WHERE  `create_time` BETWEEN 1662998400 AND 1663084799  AND `status` IN (0,1) LIMIT 1 [ RunTime:0.000225s ]
[2022-09-15 10:27:35][sql] SELECT SUM(`money`) AS think_sum FROM `ds_outlay` WHERE  `create_time` BETWEEN 1662998400 AND 1663084799  AND `status` = 1 LIMIT 1 [ RunTime:0.000231s ]
[2022-09-15 10:27:35][sql] SELECT COUNT(*) AS think_count FROM `ds_outlay` WHERE  `status` = 1 LIMIT 1 [ RunTime:0.000168s ]
[2022-09-15 10:27:35][sql] SELECT SUM(`money`) AS think_sum FROM `ds_outlay` WHERE  `status` = 1 LIMIT 1 [ RunTime:0.000174s ]
[2022-09-15 10:27:35][sql] SELECT COUNT(*) AS think_count FROM `ds_outlay` WHERE  `status` = 1 LIMIT 1 [ RunTime:0.000175s ]
[2022-09-15 10:27:35][sql] SELECT * FROM `ds_outlay` WHERE  `status` = 1 ORDER BY `id` DESC LIMIT 0,15 [ RunTime:0.000198s ]
[2022-09-15 10:27:35][sql] CONNECT:[ UseTime:0.000462s ] mysql:host=127.0.0.1;port=3306;dbname=webs;charset=utf8
[2022-09-15 10:27:35][sql] SHOW FULL COLUMNS FROM `ds_outlay` [ RunTime:0.000934s ]
[2022-09-15 10:27:35][sql] SELECT COUNT(*) AS think_count FROM `ds_outlay` WHERE  `status` = 2 LIMIT 1 [ RunTime:0.000280s ]
[2022-09-15 10:27:35][sql] SELECT SUM(`money`) AS think_sum FROM `ds_outlay` WHERE  `status` = 2 LIMIT 1 [ RunTime:0.000234s ]
[2022-09-15 10:27:35][sql] SHOW FULL COLUMNS FROM `ds_system_config` [ RunTime:0.000694s ]
[2022-09-15 10:27:35][sql] SELECT `value` FROM `ds_system_config` WHERE  `group` = 'site'  AND `name` = 'site_name' LIMIT 1 [ RunTime:0.000261s ]
[2022-09-15 10:27:36][sql] CONNECT:[ UseTime:0.000518s ] mysql:host=127.0.0.1;port=3306;dbname=webs;charset=utf8
[2022-09-15 10:27:36][sql] SHOW FULL COLUMNS FROM `ds_outlay` [ RunTime:0.000949s ]
[2022-09-15 10:27:36][sql] SELECT COUNT(*) AS think_count FROM `ds_outlay` WHERE  `status` = 2 LIMIT 1 [ RunTime:0.000300s ]
[2022-09-15 10:27:36][sql] SELECT SUM(`money`) AS think_sum FROM `ds_outlay` WHERE  `status` = 2 LIMIT 1 [ RunTime:0.000299s ]
[2022-09-15 10:27:36][sql] SELECT COUNT(*) AS think_count FROM `ds_outlay` WHERE  `status` = 2 LIMIT 1 [ RunTime:0.000248s ]
[2022-09-15 10:27:36][sql] SELECT * FROM `ds_outlay` WHERE  `status` = 2 ORDER BY `id` DESC LIMIT 0,15 [ RunTime:0.000239s ]
[2022-09-15 10:27:39][sql] CONNECT:[ UseTime:0.000583s ] mysql:host=127.0.0.1;port=3306;dbname=webs;charset=utf8
[2022-09-15 10:27:39][sql] SHOW FULL COLUMNS FROM `ds_system_auth` [ RunTime:0.001404s ]
[2022-09-15 10:27:39][sql] SELECT `title`,`id` FROM `ds_system_auth` WHERE (  `status` = 1 ) AND `ds_system_auth`.`delete_time` IS NULL [ RunTime:0.000394s ]
[2022-09-15 10:27:39][sql] SHOW FULL COLUMNS FROM `ds_system_admin` [ RunTime:0.000838s ]
[2022-09-15 10:27:39][sql] SELECT SUM(`balance`) AS think_sum FROM `ds_system_admin` WHERE `ds_system_admin`.`delete_time` IS NULL LIMIT 1 [ RunTime:0.000328s ]
[2022-09-15 10:27:39][sql] SHOW FULL COLUMNS FROM `ds_outlay` [ RunTime:0.000779s ]
[2022-09-15 10:27:39][sql] SELECT SUM(`money`) AS think_sum FROM `ds_outlay` WHERE  `create_time` BETWEEN 1663171200 AND 1663257599 LIMIT 1 [ RunTime:0.000310s ]
[2022-09-15 10:27:39][sql] SHOW FULL COLUMNS FROM `ds_pay_setting` [ RunTime:0.000982s ]
[2022-09-15 10:27:39][sql] SELECT * FROM `ds_pay_setting` [ RunTime:0.000350s ]
[2022-09-15 10:27:39][sql] SHOW FULL COLUMNS FROM `ds_system_config` [ RunTime:0.000764s ]
[2022-09-15 10:27:39][sql] SELECT `value` FROM `ds_system_config` WHERE  `group` = 'site'  AND `name` = 'site_name' LIMIT 1 [ RunTime:0.000417s ]
[2022-09-15 10:27:39][sql] CONNECT:[ UseTime:0.000478s ] mysql:host=127.0.0.1;port=3306;dbname=webs;charset=utf8
[2022-09-15 10:27:39][sql] SHOW FULL COLUMNS FROM `ds_system_auth` [ RunTime:0.000932s ]
[2022-09-15 10:27:39][sql] SELECT `title`,`id` FROM `ds_system_auth` WHERE (  `status` = 1 ) AND `ds_system_auth`.`delete_time` IS NULL [ RunTime:0.000396s ]
[2022-09-15 10:27:39][sql] SHOW FULL COLUMNS FROM `ds_system_admin` [ RunTime:0.000965s ]
[2022-09-15 10:27:39][sql] SELECT SUM(`balance`) AS think_sum FROM `ds_system_admin` WHERE `ds_system_admin`.`delete_time` IS NULL LIMIT 1 [ RunTime:0.000300s ]
[2022-09-15 10:27:39][sql] SHOW FULL COLUMNS FROM `ds_outlay` [ RunTime:0.000771s ]
[2022-09-15 10:27:39][sql] SELECT SUM(`money`) AS think_sum FROM `ds_outlay` WHERE  `create_time` BETWEEN 1663171200 AND 1663257599 LIMIT 1 [ RunTime:0.000289s ]
[2022-09-15 10:27:39][sql] SHOW FULL COLUMNS FROM `ds_pay_setting` [ RunTime:0.000776s ]
[2022-09-15 10:27:39][sql] SELECT * FROM `ds_pay_setting` [ RunTime:0.000231s ]
[2022-09-15 10:27:39][sql] SELECT COUNT(*) AS think_count FROM `ds_system_admin` WHERE (  `id` <> 1 ) AND `ds_system_admin`.`delete_time` IS NULL LIMIT 1 [ RunTime:0.000356s ]
[2022-09-15 10:27:39][sql] SELECT `id`,`pid`,`auth_ids`,`head_img`,`username`,`qq`,`wechat_account`,`pwd`,`balance`,`revenue`,`short`,`pay_model`,`pay_model1`,`is_zn`,`is_ff`,`poundage`,`ticheng`,`is_day`,`is_week`,`is_month`,`is_dan`,`date_fee`,`month_fee`,`dan_fee`,`week_fee`,`view_id`,`phone`,`remark`,`login_num`,`sort`,`status`,`push_all`,`txpwd`,`create_time`,`update_time`,`delete_time`,`is_zw`,(SELECT SUM(`money`) AS think_sum FROM `ds_outlay` `sum_table` WHERE  ( `sum_table`.`uid` =ds_system_admin.id )) AS `outlay_sum` FROM `ds_system_admin` WHERE (  `id` <> 1 ) AND `ds_system_admin`.`delete_time` IS NULL ORDER BY `sort` DESC,`id` DESC LIMIT 0,15 [ RunTime:0.000521s ]
[2022-09-15 10:27:39][sql] SELECT * FROM `ds_system_admin` WHERE (  `id` = 0 ) AND `ds_system_admin`.`delete_time` IS NULL [ RunTime:0.000310s ]
[2022-09-15 10:27:39][sql] SHOW FULL COLUMNS FROM `ds_muban` [ RunTime:0.000857s ]
[2022-09-15 10:27:39][sql] SELECT * FROM `ds_muban` WHERE (  `id` = 3 ) AND `ds_muban`.`delete_time` IS NULL [ RunTime:0.000280s ]
[2022-09-15 10:27:39][sql] SHOW FULL COLUMNS FROM `ds_pay_order` [ RunTime:0.000863s ]
[2022-09-15 10:27:39][sql] SELECT * FROM `ds_pay_order` WHERE  `status` = '1'  AND `is_kouliang` = '1'  AND `is_tj` = 1  AND `createtime` BETWEEN 1663171200 AND 1663257599  AND `uid` = 182 [ RunTime:0.000520s ]
[2022-09-15 10:27:39][sql] SHOW FULL COLUMNS FROM `ds_domain_lib` [ RunTime:0.000786s ]
[2022-09-15 10:27:39][sql] SELECT * FROM `ds_domain_lib` WHERE  `status` = 0  AND `uid` = 182 [ RunTime:0.000316s ]
[2022-09-15 10:27:39][sql] SELECT SUM(`price`) AS think_sum FROM `ds_pay_order` WHERE  `uid` = 182  AND `is_kouliang` = '1'  AND `status` = '1'  AND `is_tj` = 1  AND `createtime` BETWEEN 1663171200 AND 1663257599 LIMIT 1 [ RunTime:0.000346s ]
[2022-09-15 10:27:39][sql] SELECT SUM(`price`) AS think_sum FROM `ds_pay_order` WHERE  `uid` = 182  AND `is_kouliang` = '1'  AND `status` = '1'  AND `is_tj` = 1  AND `createtime` BETWEEN 1663084800 AND 1663171199 LIMIT 1 [ RunTime:0.000322s ]
[2022-09-15 10:27:39][sql] SELECT `id` FROM `ds_system_admin` WHERE (  `pid` = 182 ) AND `ds_system_admin`.`delete_time` IS NULL [ RunTime:0.000218s ]
