[2022-09-30 15:15:23][sql] CONNECT:[ UseTime:0.000645s ] mysql:host=127.0.0.1;port=3306;dbname=webs;charset=utf8
[2022-09-30 15:15:23][sql] SHOW FULL COLUMNS FROM `ds_system_config` [ RunTime:0.001522s ]
[2022-09-30 15:15:23][sql] SELECT `value` FROM `ds_system_config` WHERE  `group` = 'site'  AND `name` = 'site_name' LIMIT 1 [ RunTime:0.000380s ]
[2022-09-30 15:15:23][sql] SELECT `value` FROM `ds_system_config` WHERE  `group` = 'site'  AND `name` = 'site_bg' LIMIT 1 [ RunTime:0.000289s ]
[2022-09-30 15:15:23][sql] SELECT `value` FROM `ds_system_config` WHERE  `group` = 'site'  AND `name` = 'logo_image' LIMIT 1 [ RunTime:0.000282s ]
[2022-09-30 15:15:23][sql] SELECT `value` FROM `ds_system_config` WHERE  `group` = 'site'  AND `name` = 'site_wechat' LIMIT 1 [ RunTime:0.000294s ]
[2022-09-30 15:15:23][sql] SELECT `value` FROM `ds_system_config` WHERE  `group` = 'site'  AND `name` = 'site_qq' LIMIT 1 [ RunTime:0.000318s ]
[2022-09-30 15:15:23][sql] SELECT `value` FROM `ds_system_config` WHERE  `group` = 'site'  AND `name` = 'site_title' LIMIT 1 [ RunTime:0.000390s ]
[2022-09-30 15:15:23][sql] SELECT `value` FROM `ds_system_config` WHERE  `group` = 'site'  AND `name` = 'site_slogan' LIMIT 1 [ RunTime:0.000305s ]
[2022-09-30 15:15:23][sql] SELECT `value` FROM `ds_system_config` WHERE  `group` = 'site'  AND `name` = 'site_name' LIMIT 1 [ RunTime:0.000369s ]
[2022-09-30 15:15:23][sql] SELECT `value` FROM `ds_system_config` WHERE  `group` = 'site'  AND `name` = 'site_content' LIMIT 1 [ RunTime:0.000306s ]
[2022-09-30 15:15:33][sql] CONNECT:[ UseTime:0.000453s ] mysql:host=127.0.0.1;port=3306;dbname=webs;charset=utf8
[2022-09-30 15:15:33][sql] show tables like 'ds_system_log_202209' [ RunTime:0.000468s ]
[2022-09-30 15:15:33][sql] SHOW FULL COLUMNS FROM `ds_system_log_202209` [ RunTime:0.001102s ]
[2022-09-30 15:15:33][sql] INSERT INTO `ds_system_log_202209` SET `admin_id` = NULL , `url` = '/admin/login/index.html' , `method` = 'post' , `ip` = '124.152.241.24' , `content` = '{"username":"ds001","password":"ed696eb5bba1f7460585cc6975e6cf9bf24903dd","captcha":"9947","keep_login":"0"}' , `useragent` = 'Mozilla/5.0 (Macintosh; Intel Mac OS X 10_15_7) AppleWebKit/537.36 (KHTML, like Gecko) Chrome/105.0.0.0 Safari/537.36' , `create_time` = 1664522133 [ RunTime:0.000459s ]
[2022-09-30 15:15:33][sql] SHOW FULL COLUMNS FROM `ds_system_admin` [ RunTime:0.001571s ]
[2022-09-30 15:15:33][sql] SELECT * FROM `ds_system_admin` WHERE (  `username` = 'ds001' ) AND `ds_system_admin`.`delete_time` IS NULL LIMIT 1 [ RunTime:0.001437s ]
[2022-09-30 15:15:33][sql] UPDATE `ds_system_admin`  SET `login_num` = 27 , `update_time` = 1664522133  WHERE (  `id` = 182 ) AND `ds_system_admin`.`delete_time` IS NULL [ RunTime:0.000298s ]
[2022-09-30 15:15:33][sql] SELECT * FROM `ds_system_admin` WHERE (  `id` = 1 ) AND `ds_system_admin`.`delete_time` IS NULL LIMIT 1 [ RunTime:0.000370s ]
[2022-09-30 15:15:33][sql] SELECT * FROM `ds_system_admin` WHERE (  `id` = 1 ) AND `ds_system_admin`.`delete_time` IS NULL LIMIT 1 [ RunTime:0.000340s ]
[2022-09-30 15:15:36][sql] CONNECT:[ UseTime:0.000500s ] mysql:host=127.0.0.1;port=3306;dbname=webs;charset=utf8
[2022-09-30 15:15:36][sql] SHOW FULL COLUMNS FROM `ds_system_config` [ RunTime:0.001005s ]
[2022-09-30 15:15:36][sql] SELECT `value` FROM `ds_system_config` WHERE  `group` = 'site'  AND `name` = 'site_name' LIMIT 1 [ RunTime:0.000388s ]
[2022-09-30 15:15:37][sql] CONNECT:[ UseTime:0.000327s ] mysql:host=127.0.0.1;port=3306;dbname=webs;charset=utf8
[2022-09-30 15:15:37][sql] SHOW FULL COLUMNS FROM `ds_system_config` [ RunTime:0.000826s ]
[2022-09-30 15:15:37][sql] SELECT `value` FROM `ds_system_config` WHERE  `group` = 'site'  AND `name` = 'site_name' LIMIT 1 [ RunTime:0.000338s ]
[2022-09-30 15:15:37][sql] SELECT `value` FROM `ds_system_config` WHERE  `group` = 'site'  AND `name` = 'logo_image' LIMIT 1 [ RunTime:0.000245s ]
[2022-09-30 15:15:37][sql] SHOW FULL COLUMNS FROM `ds_system_menu` [ RunTime:0.001309s ]
[2022-09-30 15:15:37][sql] SELECT `title`,`icon`,`href` FROM `ds_system_menu` WHERE  ( delete_time is null )  AND `pid` = 99999999 LIMIT 1 [ RunTime:0.000304s ]
[2022-09-30 15:15:37][sql] SHOW FULL COLUMNS FROM `ds_system_auth` [ RunTime:0.000746s ]
[2022-09-30 15:15:37][sql] SELECT DISTINCT  * FROM `ds_system_auth` WHERE  `id` = 7 LIMIT 1 [ RunTime:0.000282s ]
[2022-09-30 15:15:37][sql] SELECT `id`,`pid`,`title`,`icon`,`href`,`target` FROM `ds_system_menu` WHERE  ( delete_time is null )  AND `status` = 1  AND `pid` <> 99999999 ORDER BY `sort` DESC,`id` ASC [ RunTime:0.000403s ]
[2022-09-30 15:15:37][sql] SHOW FULL COLUMNS FROM `ds_system_admin` [ RunTime:0.000974s ]
[2022-09-30 15:15:37][sql] SELECT * FROM `ds_system_admin` WHERE  `id` = 182  AND `status` = 1 LIMIT 1 [ RunTime:0.000367s ]
[2022-09-30 15:15:37][sql] SHOW FULL COLUMNS FROM `ds_system_auth_node` [ RunTime:0.000969s ]
[2022-09-30 15:15:37][sql] SHOW FULL COLUMNS FROM `ds_system_node` [ RunTime:0.000866s ]
[2022-09-30 15:15:37][sql] SELECT DISTINCT  `node` FROM `ds_system_node` WHERE  ( id IN ( SELECT DISTINCT  `node_id` FROM `ds_system_auth_node` WHERE  ( auth_id IN ( SELECT DISTINCT  `id` FROM `ds_system_auth` WHERE  `id` = 7 ) ) ) ) [ RunTime:0.003526s ]
[2022-09-30 15:15:37][sql] CONNECT:[ UseTime:0.000555s ] mysql:host=127.0.0.1;port=3306;dbname=webs;charset=utf8
[2022-09-30 15:15:37][sql] SHOW FULL COLUMNS FROM `ds_notify` [ RunTime:0.001208s ]
[2022-09-30 15:15:37][sql] SELECT * FROM `ds_notify` WHERE  `is_show` = 1 ORDER BY `create_time` DESC LIMIT 1 [ RunTime:0.000373s ]
[2022-09-30 15:15:37][sql] SHOW FULL COLUMNS FROM `ds_system_quick` [ RunTime:0.000978s ]
[2022-09-30 15:15:37][sql] SELECT `id`,`title`,`icon`,`href` FROM `ds_system_quick` WHERE (  `status` = 1 ) AND `ds_system_quick`.`delete_time` IS NULL ORDER BY `sort` DESC LIMIT 8 [ RunTime:0.000398s ]
[2022-09-30 15:15:37][sql] SHOW FULL COLUMNS FROM `ds_system_admin` [ RunTime:0.001463s ]
[2022-09-30 15:15:37][sql] SELECT * FROM `ds_system_admin` WHERE (  `id` = 182 ) AND `ds_system_admin`.`delete_time` IS NULL LIMIT 1 [ RunTime:0.000564s ]
[2022-09-30 15:15:37][sql] SELECT * FROM `ds_system_admin` WHERE (  `id` = 182 ) AND `ds_system_admin`.`delete_time` IS NULL LIMIT 1 [ RunTime:0.000397s ]
[2022-09-30 15:15:37][sql] SHOW FULL COLUMNS FROM `ds_outlay` [ RunTime:0.001120s ]
[2022-09-30 15:15:37][sql] SELECT SUM(`money`) AS think_sum FROM `ds_outlay` WHERE  `status` = 0 LIMIT 1 [ RunTime:0.000368s ]
[2022-09-30 15:15:37][sql] SHOW FULL COLUMNS FROM `ds_payed_show` [ RunTime:0.001081s ]
[2022-09-30 15:15:37][sql] SELECT COUNT(DISTINCT `ip`) AS think_count FROM `ds_payed_show` WHERE  `uid` = 182  AND `is_tj` = 1  AND `is_kouliang` = 1 LIMIT 1 [ RunTime:0.024872s ]
[2022-09-30 15:15:37][sql] SHOW FULL COLUMNS FROM `ds_tj` [ RunTime:0.001227s ]
[2022-09-30 15:15:37][sql] SELECT COUNT(*) AS think_count FROM `ds_tj` WHERE  `uid` = 182  AND `create_time` BETWEEN 1664467200 AND 1664553599 LIMIT 1 [ RunTime:0.000450s ]
[2022-09-30 15:15:37][sql] SHOW FULL COLUMNS FROM `ds_pay_order` [ RunTime:0.001055s ]
[2022-09-30 15:15:37][sql] SELECT COUNT(*) AS think_count FROM `ds_pay_order` WHERE  `uid` = 182  AND `is_kouliang` = '1'  AND `status` = '1'  AND `is_tj` = 1 LIMIT 1 [ RunTime:0.001991s ]
[2022-09-30 15:15:37][sql] SELECT SUM(`price`) AS think_sum FROM `ds_pay_order` WHERE  `uid` = 182  AND `is_kouliang` = '1'  AND `status` = '1'  AND `is_tj` = 1 LIMIT 1 [ RunTime:0.000461s ]
[2022-09-30 15:15:37][sql] SELECT SUM(`price`) AS think_sum FROM `ds_pay_order` WHERE  `uid` = 182  AND `is_kouliang` = '1'  AND `status` = '1'  AND `is_tj` = 1  AND `createtime` BETWEEN 1664467200 AND 1664553599 LIMIT 1 [ RunTime:0.000366s ]
[2022-09-30 15:15:37][sql] SELECT COUNT(*) AS think_count FROM `ds_pay_order` WHERE  `uid` = 182  AND `is_kouliang` = '1'  AND `status` = '1'  AND `is_tj` = 1  AND `createtime` BETWEEN 1664467200 AND 1664553599 LIMIT 1 [ RunTime:0.000387s ]
[2022-09-30 15:15:37][sql] SELECT SUM(`price`) AS think_sum FROM `ds_pay_order` WHERE  `uid` = 182  AND `is_kouliang` = '1'  AND `status` = '1'  AND `is_tj` = 1  AND `createtime` BETWEEN 1664380800 AND 1664467199 LIMIT 1 [ RunTime:0.000387s ]
[2022-09-30 15:15:37][sql] SELECT COUNT(*) AS think_count FROM `ds_pay_order` WHERE  `uid` = 182  AND `is_kouliang` = '1'  AND `status` = '1'  AND `is_tj` = 1  AND `createtime` BETWEEN 1664380800 AND 1664467199 LIMIT 1 [ RunTime:0.000392s ]
[2022-09-30 15:15:37][sql] SELECT `id`,`createtime` FROM `ds_pay_order` WHERE  `uid` = 182  AND `status` = '2'  AND `createtime` BETWEEN 1664121600 AND 1664726399  AND `is_tj` = 1  AND `is_kouliang` = '1' [ RunTime:0.000406s ]
[2022-09-30 15:15:37][sql] SELECT `id`,`createtime` FROM `ds_pay_order` WHERE  `uid` = 182  AND `status` = '1'  AND `createtime` BETWEEN 1664121600 AND 1664726399  AND `is_tj` = 1  AND `is_kouliang` = '1' [ RunTime:0.000400s ]
[2022-09-30 15:15:37][sql] SHOW FULL COLUMNS FROM `ds_system_config` [ RunTime:0.001085s ]
[2022-09-30 15:15:37][sql] SELECT `value` FROM `ds_system_config` WHERE  `group` = 'site'  AND `name` = 'site_name' LIMIT 1 [ RunTime:0.000285s ]
[2022-09-30 15:15:42][sql] CONNECT:[ UseTime:0.000467s ] mysql:host=127.0.0.1;port=3306;dbname=webs;charset=utf8
[2022-09-30 15:15:42][sql] SHOW FULL COLUMNS FROM `ds_system_admin` [ RunTime:0.001121s ]
[2022-09-30 15:15:42][sql] SELECT * FROM `ds_system_admin` WHERE  `id` = 182  AND `status` = 1 LIMIT 1 [ RunTime:0.000470s ]
[2022-09-30 15:15:42][sql] SHOW FULL COLUMNS FROM `ds_system_auth` [ RunTime:0.001031s ]
[2022-09-30 15:15:42][sql] SHOW FULL COLUMNS FROM `ds_system_auth_node` [ RunTime:0.000811s ]
[2022-09-30 15:15:42][sql] SHOW FULL COLUMNS FROM `ds_system_node` [ RunTime:0.000737s ]
[2022-09-30 15:15:42][sql] SELECT DISTINCT  `node` FROM `ds_system_node` WHERE  ( id IN ( SELECT DISTINCT  `node_id` FROM `ds_system_auth_node` WHERE  ( auth_id IN ( SELECT DISTINCT  `id` FROM `ds_system_auth` WHERE  `id` = 7 ) ) ) ) [ RunTime:0.000463s ]
[2022-09-30 15:15:42][sql] SHOW FULL COLUMNS FROM `ds_system_config` [ RunTime:0.001006s ]
[2022-09-30 15:15:42][sql] SELECT * FROM `ds_system_config` WHERE  `name` = 'ff_close' LIMIT 1 [ RunTime:0.000416s ]
[2022-09-30 15:15:42][sql] SELECT * FROM `ds_system_config` WHERE  `name` = 'ff_url' LIMIT 1 [ RunTime:0.000358s ]
[2022-09-30 15:15:42][sql] SELECT * FROM `ds_system_admin` WHERE (  `id` = 182 ) AND `ds_system_admin`.`delete_time` IS NULL LIMIT 1 [ RunTime:0.000431s ]
[2022-09-30 15:15:42][sql] SELECT * FROM `ds_system_admin` WHERE (  `id` = 182 ) AND `ds_system_admin`.`delete_time` IS NULL LIMIT 1 [ RunTime:0.000442s ]
[2022-09-30 15:15:42][sql] SELECT `value` FROM `ds_system_config` WHERE  `group` = 'site'  AND `name` = 'site_name' LIMIT 1 [ RunTime:0.000368s ]
[2022-09-30 15:15:43][sql] CONNECT:[ UseTime:0.000386s ] mysql:host=127.0.0.1;port=3306;dbname=webs;charset=utf8
[2022-09-30 15:15:43][sql] SHOW FULL COLUMNS FROM `ds_system_admin` [ RunTime:0.001067s ]
[2022-09-30 15:15:43][sql] SELECT * FROM `ds_system_admin` WHERE  `id` = 182  AND `status` = 1 LIMIT 1 [ RunTime:0.000407s ]
[2022-09-30 15:15:43][sql] SHOW FULL COLUMNS FROM `ds_system_auth` [ RunTime:0.000696s ]
[2022-09-30 15:15:43][sql] SHOW FULL COLUMNS FROM `ds_system_auth_node` [ RunTime:0.000665s ]
[2022-09-30 15:15:43][sql] SHOW FULL COLUMNS FROM `ds_system_node` [ RunTime:0.000688s ]
[2022-09-30 15:15:43][sql] SELECT DISTINCT  `node` FROM `ds_system_node` WHERE  ( id IN ( SELECT DISTINCT  `node_id` FROM `ds_system_auth_node` WHERE  ( auth_id IN ( SELECT DISTINCT  `id` FROM `ds_system_auth` WHERE  `id` = 7 ) ) ) ) [ RunTime:0.000435s ]
[2022-09-30 15:15:43][sql] SHOW FULL COLUMNS FROM `ds_hezi` [ RunTime:0.001088s ]
[2022-09-30 15:15:43][sql] SELECT COUNT(*) AS think_count FROM `ds_hezi` WHERE  `type` LIKE '%1%'  AND `uid` = 182 LIMIT 1 [ RunTime:0.000427s ]
[2022-09-30 15:15:43][sql] SELECT * FROM `ds_hezi` WHERE  `type` LIKE '%1%'  AND `uid` = 182 ORDER BY `id` DESC LIMIT 0,99999 [ RunTime:0.000371s ]
[2022-09-30 15:15:43][sql] SHOW FULL COLUMNS FROM `ds_muban` [ RunTime:0.001004s ]
[2022-09-30 15:15:43][sql] SELECT * FROM `ds_muban` WHERE (  `id` = 3 ) AND `ds_muban`.`delete_time` IS NULL [ RunTime:0.000301s ]
[2022-09-30 15:15:43][sql] SELECT * FROM `ds_system_admin` WHERE (  `id` = 182 ) AND `ds_system_admin`.`delete_time` IS NULL LIMIT 1 [ RunTime:0.000511s ]
[2022-09-30 15:15:43][sql] SELECT * FROM `ds_system_admin` WHERE (  `id` = 182 ) AND `ds_system_admin`.`delete_time` IS NULL LIMIT 1 [ RunTime:0.000399s ]
[2022-09-30 15:15:44][sql] CONNECT:[ UseTime:0.000548s ] mysql:host=127.0.0.1;port=3306;dbname=webs;charset=utf8
[2022-09-30 15:15:44][sql] SHOW FULL COLUMNS FROM `ds_system_admin` [ RunTime:0.000980s ]
[2022-09-30 15:15:44][sql] SELECT * FROM `ds_system_admin` WHERE  `id` = 182  AND `status` = 1 LIMIT 1 [ RunTime:0.000512s ]
[2022-09-30 15:15:44][sql] SHOW FULL COLUMNS FROM `ds_system_auth` [ RunTime:0.001126s ]
[2022-09-30 15:15:44][sql] SHOW FULL COLUMNS FROM `ds_system_auth_node` [ RunTime:0.001027s ]
[2022-09-30 15:15:44][sql] SHOW FULL COLUMNS FROM `ds_system_node` [ RunTime:0.001061s ]
[2022-09-30 15:15:44][sql] SELECT DISTINCT  `node` FROM `ds_system_node` WHERE  ( id IN ( SELECT DISTINCT  `node_id` FROM `ds_system_auth_node` WHERE  ( auth_id IN ( SELECT DISTINCT  `id` FROM `ds_system_auth` WHERE  `id` = 7 ) ) ) ) [ RunTime:0.000745s ]
[2022-09-30 15:15:44][sql] SHOW FULL COLUMNS FROM `ds_muban` [ RunTime:0.001056s ]
[2022-09-30 15:15:44][sql] SELECT * FROM `ds_muban` WHERE (  `status` = 1 ) AND `ds_muban`.`delete_time` IS NULL [ RunTime:0.000467s ]
[2022-09-30 15:15:44][sql] SELECT * FROM `ds_system_admin` WHERE (  `id` = 182 ) AND `ds_system_admin`.`delete_time` IS NULL LIMIT 1 [ RunTime:0.000635s ]
[2022-09-30 15:15:44][sql] SELECT * FROM `ds_system_admin` WHERE (  `id` = 182 ) AND `ds_system_admin`.`delete_time` IS NULL LIMIT 1 [ RunTime:0.000517s ]
[2022-09-30 15:15:44][sql] SHOW FULL COLUMNS FROM `ds_system_config` [ RunTime:0.001019s ]
[2022-09-30 15:15:44][sql] SELECT `value` FROM `ds_system_config` WHERE  `group` = 'pay'  AND `name` = 'pay_zhifu1' LIMIT 1 [ RunTime:0.000360s ]
[2022-09-30 15:15:44][sql] SHOW FULL COLUMNS FROM `ds_pay_setting` [ RunTime:0.001228s ]
[2022-09-30 15:15:44][sql] SELECT * FROM `ds_pay_setting` WHERE  `pay_model` IN ('chuanqi','') [ RunTime:0.000384s ]
[2022-09-30 15:15:44][sql] SHOW FULL COLUMNS FROM `ds_price` [ RunTime:0.001026s ]
[2022-09-30 15:15:44][sql] SELECT * FROM `ds_price` WHERE  `pay_model` = '1'  AND `uid` = 182 [ RunTime:0.000433s ]
[2022-09-30 15:15:44][sql] SELECT * FROM `ds_price` WHERE  `pay_model` = '2'  AND `uid` = 182 [ RunTime:0.000398s ]
[2022-09-30 15:15:44][sql] SELECT `value` FROM `ds_system_config` WHERE  `group` = 'site'  AND `name` = 'site_name' LIMIT 1 [ RunTime:0.000339s ]
[2022-09-30 15:15:44][sql] SELECT `value` FROM `ds_system_config` WHERE  `group` = 'jg'  AND `name` = 'jg_topen' LIMIT 1 [ RunTime:0.000275s ]
[2022-09-30 15:15:44][sql] SELECT `value` FROM `ds_system_config` WHERE  `group` = 'jg'  AND `name` = 'jp_wopen' LIMIT 1 [ RunTime:0.000282s ]
[2022-09-30 15:15:44][sql] SELECT `value` FROM `ds_system_config` WHERE  `group` = 'jg'  AND `name` = 'jg_yopen' LIMIT 1 [ RunTime:0.000240s ]
[2022-09-30 15:15:44][sql] SELECT `value` FROM `ds_system_config` WHERE  `group` = 'jg'  AND `name` = 'jg_topen' LIMIT 1 [ RunTime:0.000292s ]
[2022-09-30 15:15:44][sql] SELECT `value` FROM `ds_system_config` WHERE  `group` = 'jg'  AND `name` = 'jp_wopen' LIMIT 1 [ RunTime:0.000266s ]
[2022-09-30 15:15:44][sql] SELECT `value` FROM `ds_system_config` WHERE  `group` = 'jg'  AND `name` = 'jg_yopen' LIMIT 1 [ RunTime:0.000280s ]
[2022-09-30 15:15:44][sql] SELECT `value` FROM `ds_system_config` WHERE  `group` = 'jp'  AND `name` = 'fb_min_money' LIMIT 1 [ RunTime:0.000292s ]
[2022-09-30 15:15:44][sql] SELECT `value` FROM `ds_system_config` WHERE  `group` = 'jp'  AND `name` = 'fb_max_money' LIMIT 1 [ RunTime:0.000211s ]
[2022-09-30 15:15:44][sql] SELECT `value` FROM `ds_system_config` WHERE  `group` = 'jg'  AND `name` = 'jg_topen' LIMIT 1 [ RunTime:0.000222s ]
[2022-09-30 15:15:44][sql] SELECT `value` FROM `ds_system_config` WHERE  `group` = 'jg'  AND `name` = 'jg_tmin' LIMIT 1 [ RunTime:0.000225s ]
[2022-09-30 15:15:44][sql] SELECT `value` FROM `ds_system_config` WHERE  `group` = 'jg'  AND `name` = 'jg_tmax' LIMIT 1 [ RunTime:0.000284s ]
[2022-09-30 15:15:44][sql] SELECT `value` FROM `ds_system_config` WHERE  `group` = 'jg'  AND `name` = 'jp_wopen' LIMIT 1 [ RunTime:0.000239s ]
[2022-09-30 15:15:44][sql] SELECT `value` FROM `ds_system_config` WHERE  `group` = 'jg'  AND `name` = 'jp_min' LIMIT 1 [ RunTime:0.000274s ]
[2022-09-30 15:15:44][sql] SELECT `value` FROM `ds_system_config` WHERE  `group` = 'jg'  AND `name` = 'jp_max' LIMIT 1 [ RunTime:0.000222s ]
[2022-09-30 15:15:44][sql] SELECT `value` FROM `ds_system_config` WHERE  `group` = 'jg'  AND `name` = 'jg_yopen' LIMIT 1 [ RunTime:0.000198s ]
[2022-09-30 15:15:44][sql] SELECT `value` FROM `ds_system_config` WHERE  `group` = 'jg'  AND `name` = 'jg_ymin' LIMIT 1 [ RunTime:0.001031s ]
[2022-09-30 15:15:44][sql] SELECT `value` FROM `ds_system_config` WHERE  `group` = 'jg'  AND `name` = 'jg_ymax' LIMIT 1 [ RunTime:0.000261s ]
[2022-09-30 15:15:56][sql] CONNECT:[ UseTime:0.000416s ] mysql:host=127.0.0.1;port=3306;dbname=webs;charset=utf8
[2022-09-30 15:15:56][sql] SHOW FULL COLUMNS FROM `ds_system_admin` [ RunTime:0.001248s ]
[2022-09-30 15:15:56][sql] SELECT * FROM `ds_system_admin` WHERE  `id` = 182  AND `status` = 1 LIMIT 1 [ RunTime:0.000573s ]
[2022-09-30 15:15:56][sql] SHOW FULL COLUMNS FROM `ds_system_auth` [ RunTime:0.000938s ]
[2022-09-30 15:15:56][sql] SHOW FULL COLUMNS FROM `ds_system_auth_node` [ RunTime:0.000761s ]
[2022-09-30 15:15:56][sql] SHOW FULL COLUMNS FROM `ds_system_node` [ RunTime:0.000918s ]
[2022-09-30 15:15:56][sql] SELECT DISTINCT  `node` FROM `ds_system_node` WHERE  ( id IN ( SELECT DISTINCT  `node_id` FROM `ds_system_auth_node` WHERE  ( auth_id IN ( SELECT DISTINCT  `id` FROM `ds_system_auth` WHERE  `id` = 7 ) ) ) ) [ RunTime:0.000536s ]
[2022-09-30 15:15:56][sql] SHOW FULL COLUMNS FROM `ds_price` [ RunTime:0.001393s ]
[2022-09-30 15:15:56][sql] SELECT * FROM `ds_price` WHERE  `uid` = 182  AND `pay_model` = '2' [ RunTime:0.000690s ]
[2022-09-30 15:15:56][sql] UPDATE `ds_price`  SET `pay_model` = '2' , `is_dan` = 1 , `dan_fee` = '10' , `is_day` = 1 , `date_fee` = '25' , `is_month` = 0 , `is_week` = 0 , `uid` = 182  WHERE  `uid` = 182  AND `pay_model` = '2' [ RunTime:0.000696s ]
[2022-09-30 15:15:57][sql] CONNECT:[ UseTime:0.000481s ] mysql:host=127.0.0.1;port=3306;dbname=webs;charset=utf8
[2022-09-30 15:15:57][sql] SHOW FULL COLUMNS FROM `ds_system_admin` [ RunTime:0.001100s ]
[2022-09-30 15:15:57][sql] SELECT * FROM `ds_system_admin` WHERE  `id` = 182  AND `status` = 1 LIMIT 1 [ RunTime:0.000487s ]
[2022-09-30 15:15:57][sql] SHOW FULL COLUMNS FROM `ds_system_auth` [ RunTime:0.000896s ]
[2022-09-30 15:15:57][sql] SHOW FULL COLUMNS FROM `ds_system_auth_node` [ RunTime:0.000756s ]
[2022-09-30 15:15:57][sql] SHOW FULL COLUMNS FROM `ds_system_node` [ RunTime:0.000727s ]
[2022-09-30 15:15:57][sql] SELECT DISTINCT  `node` FROM `ds_system_node` WHERE  ( id IN ( SELECT DISTINCT  `node_id` FROM `ds_system_auth_node` WHERE  ( auth_id IN ( SELECT DISTINCT  `id` FROM `ds_system_auth` WHERE  `id` = 7 ) ) ) ) [ RunTime:0.000555s ]
[2022-09-30 15:15:57][sql] SHOW FULL COLUMNS FROM `ds_price` [ RunTime:0.001119s ]
[2022-09-30 15:15:57][sql] SELECT * FROM `ds_price` WHERE  `uid` = 182  AND `pay_model` = '1' [ RunTime:0.001294s ]
[2022-09-30 15:15:57][sql] UPDATE `ds_price`  SET `pay_model` = '1' , `is_dan` = 1 , `dan_fee` = '10' , `is_day` = 1 , `date_fee` = '25' , `is_month` = 0 , `is_week` = 0 , `uid` = 182  WHERE  `uid` = 182  AND `pay_model` = '1' [ RunTime:0.000557s ]
[2022-09-30 15:16:30][sql] CONNECT:[ UseTime:0.000495s ] mysql:host=127.0.0.1;port=3306;dbname=webs;charset=utf8
[2022-09-30 15:16:30][sql] SHOW FULL COLUMNS FROM `ds_system_config` [ RunTime:0.000966s ]
[2022-09-30 15:16:30][sql] SELECT `value` FROM `ds_system_config` WHERE  `group` = 'site'  AND `name` = 'site_name' LIMIT 1 [ RunTime:0.000379s ]
[2022-09-30 15:16:30][sql] SELECT `value` FROM `ds_system_config` WHERE  `group` = 'site'  AND `name` = 'site_bg' LIMIT 1 [ RunTime:0.000355s ]
[2022-09-30 15:16:30][sql] SELECT `value` FROM `ds_system_config` WHERE  `group` = 'site'  AND `name` = 'logo_image' LIMIT 1 [ RunTime:0.000444s ]
[2022-09-30 15:16:30][sql] SELECT `value` FROM `ds_system_config` WHERE  `group` = 'site'  AND `name` = 'site_wechat' LIMIT 1 [ RunTime:0.000378s ]
[2022-09-30 15:16:30][sql] SELECT `value` FROM `ds_system_config` WHERE  `group` = 'site'  AND `name` = 'site_qq' LIMIT 1 [ RunTime:0.000412s ]
[2022-09-30 15:16:30][sql] SELECT `value` FROM `ds_system_config` WHERE  `group` = 'site'  AND `name` = 'site_title' LIMIT 1 [ RunTime:0.000264s ]
[2022-09-30 15:16:30][sql] SELECT `value` FROM `ds_system_config` WHERE  `group` = 'site'  AND `name` = 'site_slogan' LIMIT 1 [ RunTime:0.000349s ]
[2022-09-30 15:16:30][sql] SELECT `value` FROM `ds_system_config` WHERE  `group` = 'site'  AND `name` = 'site_name' LIMIT 1 [ RunTime:0.000343s ]
[2022-09-30 15:16:30][sql] SELECT `value` FROM `ds_system_config` WHERE  `group` = 'site'  AND `name` = 'site_content' LIMIT 1 [ RunTime:0.000321s ]
[2022-09-30 15:16:40][sql] CONNECT:[ UseTime:0.000568s ] mysql:host=127.0.0.1;port=3306;dbname=webs;charset=utf8
[2022-09-30 15:16:40][sql] show tables like 'ds_system_log_202209' [ RunTime:0.000534s ]
[2022-09-30 15:16:40][sql] SHOW FULL COLUMNS FROM `ds_system_log_202209` [ RunTime:0.001077s ]
[2022-09-30 15:16:40][sql] INSERT INTO `ds_system_log_202209` SET `admin_id` = NULL , `url` = '/admin/login/index' , `method` = 'post' , `ip` = '124.152.241.24' , `content` = '{"username":"admin","password":"5d9269e018f5129441746d4de9f47d398ed53d3f","captcha":"1052","keep_login":"0"}' , `useragent` = 'Mozilla/5.0 (Macintosh; Intel Mac OS X 10_15_7) AppleWebKit/537.36 (KHTML, like Gecko) Chrome/105.0.0.0 Safari/537.36' , `create_time` = 1664522200 [ RunTime:0.000484s ]
[2022-09-30 15:16:40][sql] SHOW FULL COLUMNS FROM `ds_system_admin` [ RunTime:0.001368s ]
[2022-09-30 15:16:40][sql] SELECT * FROM `ds_system_admin` WHERE (  `username` = 'admin' ) AND `ds_system_admin`.`delete_time` IS NULL LIMIT 1 [ RunTime:0.000544s ]
[2022-09-30 15:16:40][sql] UPDATE `ds_system_admin`  SET `login_num` = 825 , `update_time` = 1664522200  WHERE (  `id` = 1 ) AND `ds_system_admin`.`delete_time` IS NULL [ RunTime:0.000345s ]
[2022-09-30 15:16:40][sql] SELECT * FROM `ds_system_admin` WHERE (  `id` = 1 ) AND `ds_system_admin`.`delete_time` IS NULL LIMIT 1 [ RunTime:0.000417s ]
[2022-09-30 15:16:40][sql] SELECT * FROM `ds_system_admin` WHERE (  `id` = 1 ) AND `ds_system_admin`.`delete_time` IS NULL LIMIT 1 [ RunTime:0.000356s ]
[2022-09-30 15:16:43][sql] CONNECT:[ UseTime:0.000597s ] mysql:host=127.0.0.1;port=3306;dbname=webs;charset=utf8
[2022-09-30 15:16:43][sql] SHOW FULL COLUMNS FROM `ds_system_config` [ RunTime:0.001058s ]
[2022-09-30 15:16:43][sql] SELECT `value` FROM `ds_system_config` WHERE  `group` = 'site'  AND `name` = 'site_name' LIMIT 1 [ RunTime:0.000379s ]
[2022-09-30 15:16:44][sql] CONNECT:[ UseTime:0.000445s ] mysql:host=127.0.0.1;port=3306;dbname=webs;charset=utf8
[2022-09-30 15:16:44][sql] SHOW FULL COLUMNS FROM `ds_notify` [ RunTime:0.001124s ]
[2022-09-30 15:16:44][sql] SELECT * FROM `ds_notify` WHERE  `is_show` = 1 ORDER BY `create_time` DESC LIMIT 1 [ RunTime:0.000377s ]
[2022-09-30 15:16:44][sql] SHOW FULL COLUMNS FROM `ds_system_quick` [ RunTime:0.000764s ]
[2022-09-30 15:16:44][sql] SELECT `id`,`title`,`icon`,`href` FROM `ds_system_quick` WHERE (  `status` = 1 ) AND `ds_system_quick`.`delete_time` IS NULL ORDER BY `sort` DESC LIMIT 8 [ RunTime:0.000346s ]
[2022-09-30 15:16:44][sql] SHOW FULL COLUMNS FROM `ds_system_admin` [ RunTime:0.000934s ]
[2022-09-30 15:16:44][sql] SELECT * FROM `ds_system_admin` WHERE (  `id` = 1 ) AND `ds_system_admin`.`delete_time` IS NULL LIMIT 1 [ RunTime:0.000433s ]
[2022-09-30 15:16:44][sql] SELECT * FROM `ds_system_admin` WHERE (  `id` = 1 ) AND `ds_system_admin`.`delete_time` IS NULL LIMIT 1 [ RunTime:0.000399s ]
[2022-09-30 15:16:44][sql] SHOW FULL COLUMNS FROM `ds_outlay` [ RunTime:0.000828s ]
[2022-09-30 15:16:44][sql] SELECT SUM(`money`) AS think_sum FROM `ds_outlay` WHERE  `status` = 0 LIMIT 1 [ RunTime:0.000344s ]
[2022-09-30 15:16:44][sql] SHOW FULL COLUMNS FROM `ds_payed_show` [ RunTime:0.000841s ]
[2022-09-30 15:16:44][sql] SELECT COUNT(DISTINCT `ip`) AS think_count FROM `ds_payed_show` LIMIT 1 [ RunTime:0.096608s ]
[2022-09-30 15:16:44][sql] SHOW FULL COLUMNS FROM `ds_tj` [ RunTime:0.001056s ]
[2022-09-30 15:16:44][sql] SELECT COUNT(*) AS think_count FROM `ds_tj` WHERE  `create_time` BETWEEN 1664467200 AND 1664553599 LIMIT 1 [ RunTime:0.000465s ]
[2022-09-30 15:16:44][sql] SHOW FULL COLUMNS FROM `ds_pay_order` [ RunTime:0.000935s ]
[2022-09-30 15:16:44][sql] SELECT COUNT(*) AS think_count FROM `ds_pay_order` WHERE  `is_kouliang` = '1'  AND `status` = '1'  AND `is_tj` = 1 LIMIT 1 [ RunTime:0.000529s ]
[2022-09-30 15:16:44][sql] SELECT SUM(`price`) AS think_sum FROM `ds_pay_order` WHERE  `is_kouliang` = '1'  AND `status` = '1'  AND `is_tj` = 1 LIMIT 1 [ RunTime:0.000900s ]
[2022-09-30 15:16:44][sql] SELECT SUM(`price`) AS think_sum FROM `ds_pay_order` WHERE  `is_kouliang` = '1'  AND `status` = '1'  AND `is_tj` = 1  AND `createtime` BETWEEN 1664467200 AND 1664553599 LIMIT 1 [ RunTime:0.000326s ]
[2022-09-30 15:16:44][sql] SELECT COUNT(*) AS think_count FROM `ds_pay_order` WHERE  `is_kouliang` = '1'  AND `status` = '1'  AND `is_tj` = 1  AND `createtime` BETWEEN 1664467200 AND 1664553599 LIMIT 1 [ RunTime:0.000311s ]
[2022-09-30 15:16:44][sql] SELECT SUM(`price`) AS think_sum FROM `ds_pay_order` WHERE  `is_kouliang` = '1'  AND `status` = '1'  AND `is_tj` = 1  AND `createtime` BETWEEN 1664380800 AND 1664467199 LIMIT 1 [ RunTime:0.000377s ]
[2022-09-30 15:16:44][sql] SELECT COUNT(*) AS think_count FROM `ds_pay_order` WHERE  `is_kouliang` = '1'  AND `status` = '1'  AND `is_tj` = 1  AND `createtime` BETWEEN 1664380800 AND 1664467199 LIMIT 1 [ RunTime:0.000311s ]
[2022-09-30 15:16:44][sql] SELECT `id`,`createtime` FROM `ds_pay_order` WHERE  `status` = '2'  AND `createtime` BETWEEN 1664121600 AND 1664726399  AND `is_tj` = 1  AND `is_kouliang` = '1' [ RunTime:0.000464s ]
[2022-09-30 15:16:44][sql] SELECT `id`,`createtime` FROM `ds_pay_order` WHERE  `status` = '1'  AND `createtime` BETWEEN 1664121600 AND 1664726399  AND `is_tj` = 1  AND `is_kouliang` = '1' [ RunTime:0.000645s ]
[2022-09-30 15:16:44][sql] SHOW FULL COLUMNS FROM `ds_system_config` [ RunTime:0.000999s ]
[2022-09-30 15:16:44][sql] SELECT `value` FROM `ds_system_config` WHERE  `group` = 'site'  AND `name` = 'site_name' LIMIT 1 [ RunTime:0.000668s ]
