[2024-05-04 13:02:25][sql] CONNECT:[ UseTime:0.000852s ] mysql:host=127.0.0.1;port=3306;dbname=demo_4lq_cn;charset=utf8
[2024-05-04 13:02:25][sql] SHOW FULL COLUMNS FROM `ds_system_config` [ RunTime:0.001325s ]
[2024-05-04 13:02:25][sql] SELECT `value` FROM `ds_system_config` WHERE  `group` = 'site'  AND `name` = 'site_name' LIMIT 1 [ RunTime:0.000830s ]
[2024-05-04 13:02:25][sql] SELECT `value` FROM `ds_system_config` WHERE  `group` = 'site'  AND `name` = 'site_bg' LIMIT 1 [ RunTime:0.000635s ]
[2024-05-04 13:02:25][sql] SELECT `value` FROM `ds_system_config` WHERE  `group` = 'site'  AND `name` = 'logo_image' LIMIT 1 [ RunTime:0.000616s ]
[2024-05-04 13:02:25][sql] SELECT `value` FROM `ds_system_config` WHERE  `group` = 'site'  AND `name` = 'site_wechat' LIMIT 1 [ RunTime:0.000691s ]
[2024-05-04 13:02:25][sql] SELECT `value` FROM `ds_system_config` WHERE  `group` = 'site'  AND `name` = 'site_qq' LIMIT 1 [ RunTime:0.000614s ]
[2024-05-04 13:02:25][sql] SELECT `value` FROM `ds_system_config` WHERE  `group` = 'site'  AND `name` = 'site_title' LIMIT 1 [ RunTime:0.000551s ]
[2024-05-04 13:02:25][sql] SELECT `value` FROM `ds_system_config` WHERE  `group` = 'site'  AND `name` = 'site_slogan' LIMIT 1 [ RunTime:0.000543s ]
[2024-05-04 13:02:25][sql] SELECT `value` FROM `ds_system_config` WHERE  `group` = 'site'  AND `name` = 'site_name' LIMIT 1 [ RunTime:0.000713s ]
[2024-05-04 13:02:25][sql] SELECT `value` FROM `ds_system_config` WHERE  `group` = 'site'  AND `name` = 'site_content' LIMIT 1 [ RunTime:0.000660s ]
[2024-05-04 13:02:34][sql] CONNECT:[ UseTime:0.000741s ] mysql:host=127.0.0.1;port=3306;dbname=demo_4lq_cn;charset=utf8
[2024-05-04 13:02:34][sql] show tables like 'ds_system_log_202405' [ RunTime:0.000662s ]
[2024-05-04 13:02:34][sql] CREATE TABLE `ds_system_log_202405` (
  `id` int(10) unsigned NOT NULL AUTO_INCREMENT COMMENT 'ID',
  `admin_id` int(10) unsigned DEFAULT '0' COMMENT '管理员ID',
  `url` varchar(1500) NOT NULL DEFAULT '' COMMENT '操作页面',
  `method` varchar(50) NOT NULL COMMENT '请求方法',
  `title` varchar(100) DEFAULT '' COMMENT '日志标题',
  `content` text NOT NULL COMMENT '内容',
  `ip` varchar(50) NOT NULL DEFAULT '' COMMENT 'IP',
  `useragent` varchar(255) DEFAULT '' COMMENT 'User-Agent',
  `create_time` int(10) DEFAULT NULL COMMENT '操作时间',
  PRIMARY KEY (`id`)
) ENGINE=InnoDB AUTO_INCREMENT=630 DEFAULT CHARSET=utf8 ROW_FORMAT=COMPACT COMMENT='后台操作日志表 - 202405'; [ RunTime:0.010587s ]
[2024-05-04 13:02:34][sql] SHOW FULL COLUMNS FROM `ds_system_log_202405` [ RunTime:0.001658s ]
[2024-05-04 13:02:34][sql] INSERT INTO `ds_system_log_202405` SET `admin_id` = NULL , `url` = '/admin/login/index.html' , `method` = 'post' , `ip` = '122.97.102.46' , `content` = '{"username":"admin","password":"9f98ea3da8025db5bc4235dfac1f7a7650211592","captcha":"8395","keep_login":"0"}' , `useragent` = 'Mozilla/5.0 (Windows NT 10.0; Win64; x64) AppleWebKit/537.36 (KHTML, like Gecko) Chrome/124.0.0.0 Safari/537.36' , `create_time` = 1714798953 [ RunTime:0.001498s ]
[2024-05-04 13:02:34][sql] SHOW FULL COLUMNS FROM `ds_system_admin` [ RunTime:0.001475s ]
[2024-05-04 13:02:34][sql] SELECT * FROM `ds_system_admin` WHERE (  `username` = 'admin' ) AND `ds_system_admin`.`delete_time` IS NULL LIMIT 1 [ RunTime:0.001294s ]
[2024-05-04 13:02:34][sql] UPDATE `ds_system_admin`  SET `login_num` = 864 , `update_time` = 1714798954  WHERE (  `id` = 1 ) AND `ds_system_admin`.`delete_time` IS NULL [ RunTime:0.000702s ]
[2024-05-04 13:02:34][sql] SELECT * FROM `ds_system_admin` WHERE (  `id` = 1 ) AND `ds_system_admin`.`delete_time` IS NULL LIMIT 1 [ RunTime:0.000864s ]
[2024-05-04 13:02:34][sql] SELECT * FROM `ds_system_admin` WHERE (  `id` = 1 ) AND `ds_system_admin`.`delete_time` IS NULL LIMIT 1 [ RunTime:0.000819s ]
[2024-05-04 13:02:36][sql] CONNECT:[ UseTime:0.000889s ] mysql:host=127.0.0.1;port=3306;dbname=demo_4lq_cn;charset=utf8
[2024-05-04 13:02:36][sql] SHOW FULL COLUMNS FROM `ds_system_config` [ RunTime:0.001152s ]
[2024-05-04 13:02:36][sql] SELECT `value` FROM `ds_system_config` WHERE  `group` = 'site'  AND `name` = 'site_name' LIMIT 1 [ RunTime:0.000737s ]
[2024-05-04 13:02:37][sql] CONNECT:[ UseTime:0.000861s ] mysql:host=127.0.0.1;port=3306;dbname=demo_4lq_cn;charset=utf8
[2024-05-04 13:02:37][sql] SHOW FULL COLUMNS FROM `ds_notify` [ RunTime:0.001426s ]
[2024-05-04 13:02:37][sql] SELECT * FROM `ds_notify` WHERE  `is_show` = 1 ORDER BY `create_time` DESC LIMIT 1 [ RunTime:0.000711s ]
[2024-05-04 13:02:37][sql] SHOW FULL COLUMNS FROM `ds_system_quick` [ RunTime:0.001293s ]
[2024-05-04 13:02:37][sql] SELECT `id`,`title`,`icon`,`href` FROM `ds_system_quick` WHERE (  `status` = 1 ) AND `ds_system_quick`.`delete_time` IS NULL ORDER BY `sort` DESC LIMIT 8 [ RunTime:0.000741s ]
[2024-05-04 13:02:37][sql] SHOW FULL COLUMNS FROM `ds_system_admin` [ RunTime:0.001301s ]
[2024-05-04 13:02:37][sql] SELECT * FROM `ds_system_admin` WHERE (  `id` = 1 ) AND `ds_system_admin`.`delete_time` IS NULL LIMIT 1 [ RunTime:0.000771s ]
[2024-05-04 13:02:37][sql] SELECT * FROM `ds_system_admin` WHERE (  `id` = 1 ) AND `ds_system_admin`.`delete_time` IS NULL LIMIT 1 [ RunTime:0.000759s ]
[2024-05-04 13:02:37][sql] SHOW FULL COLUMNS FROM `ds_outlay` [ RunTime:0.001282s ]
[2024-05-04 13:02:37][sql] SELECT SUM(`money`) AS think_sum FROM `ds_outlay` WHERE  `status` = 0 LIMIT 1 [ RunTime:0.000682s ]
[2024-05-04 13:02:37][sql] SHOW FULL COLUMNS FROM `ds_payed_show` [ RunTime:0.002100s ]
[2024-05-04 13:02:37][sql] SELECT COUNT(DISTINCT `ip`) AS think_count FROM `ds_payed_show` LIMIT 1 [ RunTime:0.039697s ]
[2024-05-04 13:02:37][sql] SHOW FULL COLUMNS FROM `ds_tj` [ RunTime:0.002396s ]
[2024-05-04 13:02:37][sql] SELECT COUNT(*) AS think_count FROM `ds_tj` WHERE  `create_time` BETWEEN 1714752000 AND 1714838399 LIMIT 1 [ RunTime:0.001706s ]
[2024-05-04 13:02:37][sql] SHOW FULL COLUMNS FROM `ds_pay_order` [ RunTime:0.003349s ]
[2024-05-04 13:02:37][sql] SELECT COUNT(*) AS think_count FROM `ds_pay_order` WHERE  `is_kouliang` = '1'  AND `status` = '1'  AND `is_tj` = 1 LIMIT 1 [ RunTime:0.001790s ]
[2024-05-04 13:02:37][sql] SELECT SUM(`price`) AS think_sum FROM `ds_pay_order` WHERE  `is_kouliang` = '1'  AND `status` = '1'  AND `is_tj` = 1 LIMIT 1 [ RunTime:0.001858s ]
[2024-05-04 13:02:37][sql] SELECT SUM(`price`) AS think_sum FROM `ds_pay_order` WHERE  `is_kouliang` = '1'  AND `status` = '1'  AND `is_tj` = 1  AND `createtime` BETWEEN 1714752000 AND 1714838399 LIMIT 1 [ RunTime:0.001906s ]
[2024-05-04 13:02:37][sql] SELECT COUNT(*) AS think_count FROM `ds_pay_order` WHERE  `is_kouliang` = '1'  AND `status` = '1'  AND `is_tj` = 1  AND `createtime` BETWEEN 1714752000 AND 1714838399 LIMIT 1 [ RunTime:0.001940s ]
[2024-05-04 13:02:37][sql] SELECT SUM(`price`) AS think_sum FROM `ds_pay_order` WHERE  `is_kouliang` = '1'  AND `status` = '1'  AND `is_tj` = 1  AND `createtime` BETWEEN 1714665600 AND 1714751999 LIMIT 1 [ RunTime:0.001850s ]
[2024-05-04 13:02:37][sql] SELECT COUNT(*) AS think_count FROM `ds_pay_order` WHERE  `is_kouliang` = '1'  AND `status` = '1'  AND `is_tj` = 1  AND `createtime` BETWEEN 1714665600 AND 1714751999 LIMIT 1 [ RunTime:0.001822s ]
[2024-05-04 13:02:37][sql] SELECT `id`,`createtime` FROM `ds_pay_order` WHERE  `status` = '2'  AND `createtime` BETWEEN 1714320000 AND 1714924799  AND `is_tj` = 1  AND `is_kouliang` = '1' [ RunTime:0.001814s ]
[2024-05-04 13:02:37][sql] SELECT `id`,`createtime` FROM `ds_pay_order` WHERE  `status` = '1'  AND `createtime` BETWEEN 1714320000 AND 1714924799  AND `is_tj` = 1  AND `is_kouliang` = '1' [ RunTime:0.001727s ]
[2024-05-04 13:02:37][sql] SHOW FULL COLUMNS FROM `ds_system_config` [ RunTime:0.002630s ]
[2024-05-04 13:02:37][sql] SELECT `value` FROM `ds_system_config` WHERE  `group` = 'site'  AND `name` = 'site_name' LIMIT 1 [ RunTime:0.001354s ]
[2024-05-04 13:02:43][sql] CONNECT:[ UseTime:0.000786s ] mysql:host=127.0.0.1;port=3306;dbname=demo_4lq_cn;charset=utf8
[2024-05-04 13:02:43][sql] SHOW FULL COLUMNS FROM `ds_system_config` [ RunTime:0.001089s ]
[2024-05-04 13:02:43][sql] SELECT `value` FROM `ds_system_config` WHERE  `group` = 'site'  AND `name` = 'site_name' LIMIT 1 [ RunTime:0.000672s ]
[2024-05-04 13:02:44][sql] CONNECT:[ UseTime:0.000815s ] mysql:host=127.0.0.1;port=3306;dbname=demo_4lq_cn;charset=utf8
[2024-05-04 13:02:44][sql] SHOW FULL COLUMNS FROM `ds_muban` [ RunTime:0.001297s ]
[2024-05-04 13:02:44][sql] SELECT COUNT(*) AS think_count FROM `ds_muban` WHERE `ds_muban`.`delete_time` IS NULL LIMIT 1 [ RunTime:0.000500s ]
[2024-05-04 13:02:44][sql] SELECT * FROM `ds_muban` WHERE `ds_muban`.`delete_time` IS NULL ORDER BY `id` DESC LIMIT 0,15 [ RunTime:0.000519s ]
[2024-05-04 13:02:44][sql] SHOW FULL COLUMNS FROM `ds_system_admin` [ RunTime:0.001299s ]
[2024-05-04 13:02:44][sql] SELECT * FROM `ds_system_admin` WHERE (  `id` = 1 ) AND `ds_system_admin`.`delete_time` IS NULL [ RunTime:0.000837s ]
[2024-05-04 13:03:08][sql] CONNECT:[ UseTime:0.001006s ] mysql:host=127.0.0.1;port=3306;dbname=demo_4lq_cn;charset=utf8
[2024-05-04 13:03:08][sql] SHOW FULL COLUMNS FROM `ds_pay_order` [ RunTime:0.001258s ]
[2024-05-04 13:03:08][sql] SELECT COUNT(*) AS think_count FROM `ds_pay_order` WHERE  `is_kouliang` = '2'  AND `status` = '1'  AND `status` = '1'  AND `is_tj` = 1  AND `createtime` BETWEEN 1714752000 AND 1714838399 LIMIT 1 [ RunTime:0.002088s ]
[2024-05-04 13:03:08][sql] SELECT COUNT(*) AS think_count FROM `ds_pay_order` WHERE  `is_kouliang` = '2'  AND `status` = '1'  AND `status` = '1'  AND `is_tj` = 1  AND `createtime` BETWEEN 1714665600 AND 1714751999 LIMIT 1 [ RunTime:0.000836s ]
[2024-05-04 13:03:08][sql] SELECT SUM(`price`) AS think_sum FROM `ds_pay_order` WHERE  `is_kouliang` = '2'  AND `status` = '1'  AND `status` = '1'  AND `is_tj` = 1  AND `createtime` BETWEEN 1714752000 AND 1714838399 LIMIT 1 [ RunTime:0.000900s ]
[2024-05-04 13:03:08][sql] SELECT SUM(`price`) AS think_sum FROM `ds_pay_order` WHERE  `is_kouliang` = '2'  AND `status` = '1'  AND `status` = '1'  AND `is_tj` = 1  AND `createtime` BETWEEN 1714665600 AND 1714751999 LIMIT 1 [ RunTime:0.000953s ]
[2024-05-04 13:03:08][sql] SELECT COUNT(*) AS think_count FROM `ds_pay_order` WHERE  `is_kouliang` = '2'  AND `status` = '1'  AND `status` = '1'  AND `is_tj` = 1 LIMIT 1 [ RunTime:0.000812s ]
[2024-05-04 13:03:08][sql] SELECT SUM(`price`) AS think_sum FROM `ds_pay_order` WHERE  `is_kouliang` = '2'  AND `status` = '1'  AND `status` = '1'  AND `is_tj` = 1 LIMIT 1 [ RunTime:0.000737s ]
[2024-05-04 13:03:08][sql] SHOW FULL COLUMNS FROM `ds_system_config` [ RunTime:0.001179s ]
[2024-05-04 13:03:08][sql] SELECT `value` FROM `ds_system_config` WHERE  `group` = 'site'  AND `name` = 'site_name' LIMIT 1 [ RunTime:0.000605s ]
[2024-05-04 13:03:09][sql] CONNECT:[ UseTime:0.000635s ] mysql:host=127.0.0.1;port=3306;dbname=demo_4lq_cn;charset=utf8
[2024-05-04 13:03:09][sql] SHOW FULL COLUMNS FROM `ds_pay_order` [ RunTime:0.001195s ]
[2024-05-04 13:03:09][sql] SELECT COUNT(*) AS think_count FROM `ds_pay_order` WHERE  `status` = '1'  AND `is_kouliang` = '2' LIMIT 1 [ RunTime:0.000721s ]
[2024-05-04 13:03:09][sql] SELECT * FROM `ds_pay_order` WHERE  `status` = '1'  AND `is_kouliang` = '2' ORDER BY `id` DESC LIMIT 0,15 [ RunTime:0.000965s ]
[2024-05-04 13:03:13][sql] CONNECT:[ UseTime:0.001560s ] mysql:host=127.0.0.1;port=3306;dbname=demo_4lq_cn;charset=utf8
[2024-05-04 13:03:13][sql] SHOW FULL COLUMNS FROM `ds_system_config` [ RunTime:0.002745s ]
[2024-05-04 13:03:13][sql] SELECT `value` FROM `ds_system_config` WHERE  `group` = 'site'  AND `name` = 'site_name' LIMIT 1 [ RunTime:0.001564s ]
[2024-05-04 13:03:14][sql] CONNECT:[ UseTime:0.000734s ] mysql:host=127.0.0.1;port=3306;dbname=demo_4lq_cn;charset=utf8
[2024-05-04 13:03:14][sql] SHOW FULL COLUMNS FROM `ds_category` [ RunTime:0.001301s ]
[2024-05-04 13:03:14][sql] SELECT COUNT(*) AS think_count FROM `ds_category` WHERE `ds_category`.`delete_time` IS NULL LIMIT 1 [ RunTime:0.000623s ]
[2024-05-04 13:03:14][sql] SELECT * FROM `ds_category` WHERE `ds_category`.`delete_time` IS NULL ORDER BY `id` DESC LIMIT 0,15 [ RunTime:0.000504s ]
[2024-05-04 13:03:16][sql] CONNECT:[ UseTime:0.000769s ] mysql:host=127.0.0.1;port=3306;dbname=demo_4lq_cn;charset=utf8
[2024-05-04 13:03:16][sql] SHOW FULL COLUMNS FROM `ds_system_config` [ RunTime:0.001143s ]
[2024-05-04 13:03:16][sql] SELECT `value` FROM `ds_system_config` WHERE  `group` = 'site'  AND `name` = 'site_name' LIMIT 1 [ RunTime:0.000571s ]
[2024-05-04 13:03:16][sql] CONNECT:[ UseTime:0.000648s ] mysql:host=127.0.0.1;port=3306;dbname=demo_4lq_cn;charset=utf8
[2024-05-04 13:03:16][sql] SHOW FULL COLUMNS FROM `ds_quantity` [ RunTime:0.001340s ]
[2024-05-04 13:03:16][sql] SELECT COUNT(*) AS think_count FROM `ds_quantity` LIMIT 1 [ RunTime:0.000488s ]
[2024-05-04 13:03:16][sql] SELECT * FROM `ds_quantity` ORDER BY `id` DESC LIMIT 0,15 [ RunTime:0.000547s ]
[2024-05-04 13:03:16][sql] SHOW FULL COLUMNS FROM `ds_system_admin` [ RunTime:0.001230s ]
[2024-05-04 13:03:16][sql] SELECT * FROM `ds_system_admin` WHERE (  `id` IN (184,183,182,181,180,179,178,177,176,175,174,173) ) AND `ds_system_admin`.`delete_time` IS NULL [ RunTime:0.000847s ]
[2024-05-04 13:03:26][sql] CONNECT:[ UseTime:0.001055s ] mysql:host=127.0.0.1;port=3306;dbname=demo_4lq_cn;charset=utf8
[2024-05-04 13:03:26][sql] SHOW FULL COLUMNS FROM `ds_system_config` [ RunTime:0.002440s ]
[2024-05-04 13:03:26][sql] SELECT `value` FROM `ds_system_config` WHERE  `group` = 'site'  AND `name` = 'site_name' LIMIT 1 [ RunTime:0.002906s ]
[2024-05-04 13:03:26][sql] CONNECT:[ UseTime:0.000659s ] mysql:host=127.0.0.1;port=3306;dbname=demo_4lq_cn;charset=utf8
[2024-05-04 13:03:26][sql] SHOW FULL COLUMNS FROM `ds_pay_setting` [ RunTime:0.001283s ]
[2024-05-04 13:03:26][sql] SELECT COUNT(*) AS think_count FROM `ds_pay_setting` LIMIT 1 [ RunTime:0.000552s ]
[2024-05-04 13:03:26][sql] SELECT * FROM `ds_pay_setting` ORDER BY `id` DESC LIMIT 0,15 [ RunTime:0.000604s ]
[2024-05-04 13:03:27][sql] CONNECT:[ UseTime:0.000778s ] mysql:host=127.0.0.1;port=3306;dbname=demo_4lq_cn;charset=utf8
[2024-05-04 13:03:27][sql] SHOW FULL COLUMNS FROM `ds_system_config` [ RunTime:0.001191s ]
[2024-05-04 13:03:27][sql] SELECT `value` FROM `ds_system_config` WHERE  `group` = 'site'  AND `name` = 'site_name' LIMIT 1 [ RunTime:0.000680s ]
[2024-05-04 13:03:51][sql] CONNECT:[ UseTime:0.000710s ] mysql:host=127.0.0.1;port=3306;dbname=demo_4lq_cn;charset=utf8
[2024-05-04 13:03:51][sql] SHOW FULL COLUMNS FROM `ds_system_config` [ RunTime:0.001104s ]
[2024-05-04 13:03:51][sql] SELECT `value` FROM `ds_system_config` WHERE  `group` = 'site'  AND `name` = 'site_name' LIMIT 1 [ RunTime:0.000627s ]
[2024-05-04 13:03:51][sql] CONNECT:[ UseTime:0.000663s ] mysql:host=127.0.0.1;port=3306;dbname=demo_4lq_cn;charset=utf8
[2024-05-04 13:03:51][sql] SHOW FULL COLUMNS FROM `ds_complain` [ RunTime:0.001349s ]
[2024-05-04 13:03:51][sql] SELECT COUNT(*) AS think_count FROM `ds_complain` LIMIT 1 [ RunTime:0.000421s ]
[2024-05-04 13:03:51][sql] SELECT * FROM `ds_complain` ORDER BY `id` DESC LIMIT 0,15 [ RunTime:0.000611s ]
[2024-05-04 13:03:52][sql] CONNECT:[ UseTime:0.000767s ] mysql:host=127.0.0.1;port=3306;dbname=demo_4lq_cn;charset=utf8
[2024-05-04 13:03:52][sql] SHOW FULL COLUMNS FROM `ds_system_config` [ RunTime:0.001086s ]
[2024-05-04 13:03:52][sql] SELECT `value` FROM `ds_system_config` WHERE  `group` = 'site'  AND `name` = 'site_name' LIMIT 1 [ RunTime:0.000687s ]
[2024-05-04 13:03:53][sql] CONNECT:[ UseTime:0.000742s ] mysql:host=127.0.0.1;port=3306;dbname=demo_4lq_cn;charset=utf8
[2024-05-04 13:03:53][sql] SHOW FULL COLUMNS FROM `ds_domain_rule` [ RunTime:0.001487s ]
[2024-05-04 13:03:53][sql] SELECT COUNT(*) AS think_count FROM `ds_domain_rule` LIMIT 1 [ RunTime:0.000507s ]
[2024-05-04 13:03:53][sql] SELECT * FROM `ds_domain_rule` ORDER BY `id` DESC LIMIT 0,15 [ RunTime:0.000526s ]
[2024-05-04 13:03:53][sql] SHOW FULL COLUMNS FROM `ds_system_admin` [ RunTime:0.001239s ]
[2024-05-04 13:03:53][sql] SELECT * FROM `ds_system_admin` WHERE (  `id` = 10086 ) AND `ds_system_admin`.`delete_time` IS NULL [ RunTime:0.000778s ]
[2024-05-04 13:03:56][sql] CONNECT:[ UseTime:0.000752s ] mysql:host=127.0.0.1;port=3306;dbname=demo_4lq_cn;charset=utf8
[2024-05-04 13:03:56][sql] SHOW FULL COLUMNS FROM `ds_domain_rule` [ RunTime:0.001212s ]
[2024-05-04 13:03:56][sql] SELECT * FROM `ds_domain_rule` WHERE  `id` = 40 LIMIT 1 [ RunTime:0.000635s ]
[2024-05-04 13:03:56][sql] SHOW FULL COLUMNS FROM `ds_system_admin` [ RunTime:0.001271s ]
[2024-05-04 13:03:56][sql] SELECT * FROM `ds_system_admin` WHERE (  `status` = 1 ) AND `ds_system_admin`.`delete_time` IS NULL [ RunTime:0.000767s ]
[2024-05-04 13:03:56][sql] SHOW FULL COLUMNS FROM `ds_system_config` [ RunTime:0.001130s ]
[2024-05-04 13:03:56][sql] SELECT `value` FROM `ds_system_config` WHERE  `group` = 'site'  AND `name` = 'site_name' LIMIT 1 [ RunTime:0.000700s ]
[2024-05-04 13:04:01][sql] CONNECT:[ UseTime:0.000879s ] mysql:host=127.0.0.1;port=3306;dbname=demo_4lq_cn;charset=utf8
[2024-05-04 13:04:01][sql] SHOW FULL COLUMNS FROM `ds_domain_rule` [ RunTime:0.001359s ]
[2024-05-04 13:04:01][sql] SELECT * FROM `ds_domain_rule` WHERE  `id` = 41 LIMIT 1 [ RunTime:0.000629s ]
[2024-05-04 13:04:01][sql] SHOW FULL COLUMNS FROM `ds_system_admin` [ RunTime:0.001371s ]
[2024-05-04 13:04:01][sql] SELECT * FROM `ds_system_admin` WHERE (  `status` = 1 ) AND `ds_system_admin`.`delete_time` IS NULL [ RunTime:0.001405s ]
[2024-05-04 13:04:01][sql] SHOW FULL COLUMNS FROM `ds_system_config` [ RunTime:0.001193s ]
[2024-05-04 13:04:01][sql] SELECT `value` FROM `ds_system_config` WHERE  `group` = 'site'  AND `name` = 'site_name' LIMIT 1 [ RunTime:0.000547s ]
[2024-05-04 13:04:09][sql] CONNECT:[ UseTime:0.000699s ] mysql:host=127.0.0.1;port=3306;dbname=demo_4lq_cn;charset=utf8
[2024-05-04 13:04:09][sql] SHOW FULL COLUMNS FROM `ds_system_config` [ RunTime:0.001150s ]
[2024-05-04 13:04:09][sql] SELECT `value` FROM `ds_system_config` WHERE  `group` = 'site'  AND `name` = 'site_name' LIMIT 1 [ RunTime:0.000791s ]
[2024-05-04 13:04:09][sql] CONNECT:[ UseTime:0.001583s ] mysql:host=127.0.0.1;port=3306;dbname=demo_4lq_cn;charset=utf8
[2024-05-04 13:04:09][sql] SHOW FULL COLUMNS FROM `ds_notify` [ RunTime:0.001120s ]
[2024-05-04 13:04:09][sql] SELECT COUNT(*) AS think_count FROM `ds_notify` LIMIT 1 [ RunTime:0.000433s ]
[2024-05-04 13:04:09][sql] SELECT * FROM `ds_notify` ORDER BY `id` DESC LIMIT 0,15 [ RunTime:0.000464s ]
[2024-05-04 13:04:10][sql] CONNECT:[ UseTime:0.000624s ] mysql:host=127.0.0.1;port=3306;dbname=demo_4lq_cn;charset=utf8
[2024-05-04 13:04:10][sql] SHOW FULL COLUMNS FROM `ds_pay_setting` [ RunTime:0.001349s ]
[2024-05-04 13:04:10][sql] SELECT * FROM `ds_pay_setting` [ RunTime:0.000503s ]
[2024-05-04 13:04:10][sql] SHOW FULL COLUMNS FROM `ds_system_config` [ RunTime:0.001148s ]
[2024-05-04 13:04:10][sql] SELECT * FROM `ds_system_config` [ RunTime:0.000583s ]
[2024-05-04 13:04:10][sql] SELECT `value` FROM `ds_system_config` WHERE  `group` = 'site'  AND `name` = 'site_name' LIMIT 1 [ RunTime:0.000838s ]
[2024-05-04 13:04:10][sql] SELECT `value` FROM `ds_system_config` WHERE  `group` = 'site'  AND `name` = 'site_order' LIMIT 1 [ RunTime:0.000610s ]
[2024-05-04 13:04:10][sql] SELECT `value` FROM `ds_system_config` WHERE  `group` = 'site'  AND `name` = 'site_name' LIMIT 1 [ RunTime:0.000664s ]
[2024-05-04 13:04:10][sql] SELECT `value` FROM `ds_system_config` WHERE  `group` = 'site'  AND `name` = 'site_title' LIMIT 1 [ RunTime:0.000602s ]
[2024-05-04 13:04:10][sql] SELECT `value` FROM `ds_system_config` WHERE  `group` = 'site'  AND `name` = 'site_slogan' LIMIT 1 [ RunTime:0.000615s ]
[2024-05-04 13:04:10][sql] SELECT `value` FROM `ds_system_config` WHERE  `group` = 'site'  AND `name` = 'site_content' LIMIT 1 [ RunTime:0.000557s ]
[2024-05-04 13:04:10][sql] SELECT `value` FROM `ds_system_config` WHERE  `group` = 'site'  AND `name` = 'logo_image' LIMIT 1 [ RunTime:0.000620s ]
[2024-05-04 13:04:10][sql] SELECT `value` FROM `ds_system_config` WHERE  `group` = 'site'  AND `name` = 'site_bg' LIMIT 1 [ RunTime:0.000631s ]
[2024-05-04 13:04:10][sql] SELECT `value` FROM `ds_system_config` WHERE  `group` = 'site'  AND `name` = 'site_beian' LIMIT 1 [ RunTime:0.000656s ]
[2024-05-04 13:04:10][sql] SELECT `value` FROM `ds_system_config` WHERE  `group` = 'site'  AND `name` = 'site_domain' LIMIT 1 [ RunTime:0.000576s ]
[2024-05-04 13:04:10][sql] SELECT `value` FROM `ds_system_config` WHERE  `group` = 'site'  AND `name` = 'site_pay' LIMIT 1 [ RunTime:0.000524s ]
[2024-05-04 13:04:10][sql] SELECT `value` FROM `ds_system_config` WHERE  `group` = 'site'  AND `name` = 'site_payback' LIMIT 1 [ RunTime:0.000620s ]
[2024-05-04 13:04:10][sql] SELECT `value` FROM `ds_system_config` WHERE  `group` = 'site'  AND `name` = 'site_urlapi' LIMIT 1 [ RunTime:0.000519s ]
[2024-05-04 13:04:10][sql] SELECT `value` FROM `ds_system_config` WHERE  `group` = 'site'  AND `name` = 'site_cdn' LIMIT 1 [ RunTime:0.000657s ]
[2024-05-04 13:04:10][sql] SELECT `value` FROM `ds_system_config` WHERE  `group` = 'site'  AND `name` = 'site_qq' LIMIT 1 [ RunTime:0.000622s ]
[2024-05-04 13:04:10][sql] SELECT `value` FROM `ds_system_config` WHERE  `group` = 'site'  AND `name` = 'site_wechat' LIMIT 1 [ RunTime:0.000581s ]
[2024-05-04 13:04:10][sql] SELECT `value` FROM `ds_system_config` WHERE  `group` = 'ff'  AND `name` = 'ff_close' LIMIT 1 [ RunTime:0.000622s ]
[2024-05-04 13:04:10][sql] SELECT `value` FROM `ds_system_config` WHERE  `group` = 'ff'  AND `name` = 'ff_close' LIMIT 1 [ RunTime:0.000630s ]
[2024-05-04 13:04:10][sql] SELECT `value` FROM `ds_system_config` WHERE  `group` = 'ff'  AND `name` = 'ff_close' LIMIT 1 [ RunTime:0.000610s ]
[2024-05-04 13:04:10][sql] SELECT `value` FROM `ds_system_config` WHERE  `group` = 'ff'  AND `name` = 'ff_fix' LIMIT 1 [ RunTime:0.000565s ]
[2024-05-04 13:04:10][sql] SELECT `value` FROM `ds_system_config` WHERE  `group` = 'ff'  AND `name` = 'ff_fix' LIMIT 1 [ RunTime:0.000508s ]
[2024-05-04 13:04:10][sql] SELECT `value` FROM `ds_system_config` WHERE  `group` = 'ff'  AND `name` = 'ff_fix' LIMIT 1 [ RunTime:0.000617s ]
[2024-05-04 13:04:10][sql] SELECT `value` FROM `ds_system_config` WHERE  `group` = 'ff'  AND `name` = 'ff_pc' LIMIT 1 [ RunTime:0.000648s ]
[2024-05-04 13:04:10][sql] SELECT `value` FROM `ds_system_config` WHERE  `group` = 'ff'  AND `name` = 'ff_pc' LIMIT 1 [ RunTime:0.000736s ]
[2024-05-04 13:04:10][sql] SELECT `value` FROM `ds_system_config` WHERE  `group` = 'ff'  AND `name` = 'ff_pc' LIMIT 1 [ RunTime:0.000616s ]
[2024-05-04 13:04:10][sql] SELECT `value` FROM `ds_system_config` WHERE  `group` = 'ff'  AND `name` = 'ff_url' LIMIT 1 [ RunTime:0.000603s ]
[2024-05-04 13:04:10][sql] SELECT `value` FROM `ds_system_config` WHERE  `group` = 'ff'  AND `name` = 'ff_short' LIMIT 1 [ RunTime:0.000617s ]
[2024-05-04 13:04:10][sql] SELECT `value` FROM `ds_system_config` WHERE  `group` = 'ff'  AND `name` = 'ff_short' LIMIT 1 [ RunTime:0.000638s ]
[2024-05-04 13:04:10][sql] SELECT `value` FROM `ds_system_config` WHERE  `group` = 'ff'  AND `name` = 'ff_short' LIMIT 1 [ RunTime:0.000583s ]
[2024-05-04 13:04:10][sql] SELECT `value` FROM `ds_system_config` WHERE  `group` = 'ff'  AND `name` = 'ff_short' LIMIT 1 [ RunTime:0.000533s ]
[2024-05-04 13:04:10][sql] SELECT `value` FROM `ds_system_config` WHERE  `group` = 'ff'  AND `name` = 'ff_short' LIMIT 1 [ RunTime:0.000583s ]
[2024-05-04 13:04:10][sql] SELECT `value` FROM `ds_system_config` WHERE  `group` = 'ff'  AND `name` = 'ff_short' LIMIT 1 [ RunTime:0.000601s ]
[2024-05-04 13:04:10][sql] SELECT `value` FROM `ds_system_config` WHERE  `group` = 'ff'  AND `name` = 'ff_short' LIMIT 1 [ RunTime:0.000576s ]
[2024-05-04 13:04:10][sql] SELECT `value` FROM `ds_system_config` WHERE  `group` = 'ff'  AND `name` = 'ff_short' LIMIT 1 [ RunTime:0.000601s ]
[2024-05-04 13:04:10][sql] SELECT `value` FROM `ds_system_config` WHERE  `group` = 'ff'  AND `name` = 'ff_short' LIMIT 1 [ RunTime:0.000558s ]
[2024-05-04 13:04:10][sql] SELECT `value` FROM `ds_system_config` WHERE  `group` = 'jp'  AND `name` = 'fb_min_money' LIMIT 1 [ RunTime:0.000914s ]
[2024-05-04 13:04:10][sql] SELECT `value` FROM `ds_system_config` WHERE  `group` = 'jp'  AND `name` = 'fb_max_money' LIMIT 1 [ RunTime:0.000720s ]
[2024-05-04 13:04:10][sql] SELECT `value` FROM `ds_system_config` WHERE  `group` = 'jg'  AND `name` = 'jg_mrfx' LIMIT 1 [ RunTime:0.000547s ]
[2024-05-04 13:04:10][sql] SELECT `value` FROM `ds_system_config` WHERE  `group` = 'jg'  AND `name` = 'jg_mrfy' LIMIT 1 [ RunTime:0.000628s ]
[2024-05-04 13:04:10][sql] SELECT `value` FROM `ds_system_config` WHERE  `group` = 'jg'  AND `name` = 'jg_yqm' LIMIT 1 [ RunTime:0.000696s ]
[2024-05-04 13:04:10][sql] SELECT `value` FROM `ds_system_config` WHERE  `group` = 'jg'  AND `name` = 'jg_ym' LIMIT 1 [ RunTime:0.000596s ]
[2024-05-04 13:04:10][sql] SELECT `value` FROM `ds_system_config` WHERE  `group` = 'jg'  AND `name` = 'jg_dbzd' LIMIT 1 [ RunTime:0.000527s ]
[2024-05-04 13:04:10][sql] SELECT `value` FROM `ds_system_config` WHERE  `group` = 'jg'  AND `name` = 'jg_dbzg' LIMIT 1 [ RunTime:0.000590s ]
[2024-05-04 13:04:10][sql] SELECT `value` FROM `ds_system_config` WHERE  `group` = 'jg'  AND `name` = 'jg_dtzg' LIMIT 1 [ RunTime:0.000593s ]
[2024-05-04 13:04:10][sql] SELECT `value` FROM `ds_system_config` WHERE  `group` = 'jg'  AND `name` = 'jg_topen' LIMIT 1 [ RunTime:0.000588s ]
[2024-05-04 13:04:10][sql] SELECT `value` FROM `ds_system_config` WHERE  `group` = 'jg'  AND `name` = 'jg_topen' LIMIT 1 [ RunTime:0.000609s ]
[2024-05-04 13:04:10][sql] SELECT `value` FROM `ds_system_config` WHERE  `group` = 'jg'  AND `name` = 'jg_tmin' LIMIT 1 [ RunTime:0.000542s ]
[2024-05-04 13:04:10][sql] SELECT `value` FROM `ds_system_config` WHERE  `group` = 'jg'  AND `name` = 'jg_tmax' LIMIT 1 [ RunTime:0.000867s ]
[2024-05-04 13:04:10][sql] SELECT `value` FROM `ds_system_config` WHERE  `group` = 'jg'  AND `name` = 'jp_wopen' LIMIT 1 [ RunTime:0.000555s ]
[2024-05-04 13:04:10][sql] SELECT `value` FROM `ds_system_config` WHERE  `group` = 'jg'  AND `name` = 'jp_wopen' LIMIT 1 [ RunTime:0.000517s ]
[2024-05-04 13:04:10][sql] SELECT `value` FROM `ds_system_config` WHERE  `group` = 'jg'  AND `name` = 'jp_min' LIMIT 1 [ RunTime:0.000796s ]
[2024-05-04 13:04:10][sql] SELECT `value` FROM `ds_system_config` WHERE  `group` = 'jg'  AND `name` = 'jp_max' LIMIT 1 [ RunTime:0.000652s ]
[2024-05-04 13:04:10][sql] SELECT `value` FROM `ds_system_config` WHERE  `group` = 'jg'  AND `name` = 'jg_yopen' LIMIT 1 [ RunTime:0.000613s ]
[2024-05-04 13:04:10][sql] SELECT `value` FROM `ds_system_config` WHERE  `group` = 'jg'  AND `name` = 'jg_yopen' LIMIT 1 [ RunTime:0.000606s ]
[2024-05-04 13:04:10][sql] SELECT `value` FROM `ds_system_config` WHERE  `group` = 'jg'  AND `name` = 'jg_ymin' LIMIT 1 [ RunTime:0.000608s ]
[2024-05-04 13:04:10][sql] SELECT `value` FROM `ds_system_config` WHERE  `group` = 'jg'  AND `name` = 'jg_ymax' LIMIT 1 [ RunTime:0.000639s ]
[2024-05-04 13:04:10][sql] SELECT `value` FROM `ds_system_config` WHERE  `group` = 'ac'  AND `name` = 'ac_number' LIMIT 1 [ RunTime:0.000582s ]
[2024-05-04 13:04:10][sql] SELECT `value` FROM `ds_system_config` WHERE  `group` = 'ac'  AND `name` = 'ac_init_number' LIMIT 1 [ RunTime:0.000526s ]
[2024-05-04 13:04:10][sql] SELECT `value` FROM `ds_system_config` WHERE  `group` = 'short_video'  AND `name` = 'q_t' LIMIT 1 [ RunTime:0.000849s ]
[2024-05-04 13:04:10][sql] SELECT `value` FROM `ds_system_config` WHERE  `group` = 'short_video'  AND `name` = 'q_r' LIMIT 1 [ RunTime:0.000586s ]
[2024-05-04 13:04:10][sql] SELECT `value` FROM `ds_system_config` WHERE  `group` = 'short_video'  AND `name` = 'q_x' LIMIT 1 [ RunTime:0.000615s ]
[2024-05-04 13:04:10][sql] SELECT `value` FROM `ds_system_config` WHERE  `group` = 'short_video'  AND `name` = 'q_l' LIMIT 1 [ RunTime:0.000629s ]
[2024-05-04 13:04:10][sql] SELECT `value` FROM `ds_system_config` WHERE  `group` = 'short_video'  AND `name` = 'l_t' LIMIT 1 [ RunTime:0.000556s ]
[2024-05-04 13:04:10][sql] SELECT `value` FROM `ds_system_config` WHERE  `group` = 'short_video'  AND `name` = 'l_r' LIMIT 1 [ RunTime:0.000564s ]
[2024-05-04 13:04:10][sql] SELECT `value` FROM `ds_system_config` WHERE  `group` = 'short_video'  AND `name` = 'l_x' LIMIT 1 [ RunTime:0.000673s ]
[2024-05-04 13:04:10][sql] SELECT `value` FROM `ds_system_config` WHERE  `group` = 'short_video'  AND `name` = 'l_l' LIMIT 1 [ RunTime:0.000618s ]
[2024-05-04 13:04:10][sql] SELECT `value` FROM `ds_system_config` WHERE  `group` = 'wx'  AND `name` = 'wx_appid' LIMIT 1 [ RunTime:0.000762s ]
[2024-05-04 13:04:10][sql] SELECT `value` FROM `ds_system_config` WHERE  `group` = 'wx'  AND `name` = 'wx_secret' LIMIT 1 [ RunTime:0.000625s ]
[2024-05-04 13:04:10][sql] SELECT `value` FROM `ds_system_config` WHERE  `group` = 'wx'  AND `name` = 'wx_token' LIMIT 1 [ RunTime:0.000673s ]
[2024-05-04 13:04:10][sql] SELECT `value` FROM `ds_system_config` WHERE  `group` = 'wx'  AND `name` = 'wx_aeskey' LIMIT 1 [ RunTime:0.000537s ]
[2024-05-04 13:04:10][sql] SELECT `value` FROM `ds_system_config` WHERE  `group` = 'wx'  AND `name` = 'wx_url' LIMIT 1 [ RunTime:0.000560s ]
[2024-05-04 13:04:10][sql] SELECT `value` FROM `ds_system_config` WHERE  `group` = 'wx'  AND `name` = 'wx_ffapi' LIMIT 1 [ RunTime:0.000628s ]
[2024-05-04 13:04:10][sql] SELECT `value` FROM `ds_system_config` WHERE  `group` = 'wx'  AND `name` = 'wx_fk' LIMIT 1 [ RunTime:0.000650s ]
[2024-05-04 13:04:10][sql] SELECT `value` FROM `ds_system_config` WHERE  `group` = 'pay'  AND `name` = 'pay_type' LIMIT 1 [ RunTime:0.000574s ]
[2024-05-04 13:04:10][sql] SELECT `value` FROM `ds_system_config` WHERE  `group` = 'pay'  AND `name` = 'pay_type' LIMIT 1 [ RunTime:0.000542s ]
[2024-05-04 13:04:10][sql] SELECT `value` FROM `ds_system_config` WHERE  `group` = 'short'  AND `name` = 'm_token' LIMIT 1 [ RunTime:0.000548s ]
[2024-05-04 13:04:10][sql] SELECT `value` FROM `ds_system_config` WHERE  `group` = 'short'  AND `name` = 'sina' LIMIT 1 [ RunTime:0.000670s ]
[2024-05-04 13:04:10][sql] SELECT `value` FROM `ds_system_config` WHERE  `group` = 'upload'  AND `name` = 'upload_type' LIMIT 1 [ RunTime:0.000596s ]
[2024-05-04 13:04:10][sql] SELECT `value` FROM `ds_system_config` WHERE  `group` = 'upload'  AND `name` = 'upload_type' LIMIT 1 [ RunTime:0.000664s ]
[2024-05-04 13:04:10][sql] SELECT `value` FROM `ds_system_config` WHERE  `group` = 'upload'  AND `name` = 'upload_type' LIMIT 1 [ RunTime:0.000600s ]
[2024-05-04 13:04:10][sql] SELECT `value` FROM `ds_system_config` WHERE  `group` = 'upload'  AND `name` = 'upload_type' LIMIT 1 [ RunTime:0.000573s ]
[2024-05-04 13:04:10][sql] SELECT `value` FROM `ds_system_config` WHERE  `group` = 'upload'  AND `name` = 'upload_allow_ext' LIMIT 1 [ RunTime:0.000653s ]
[2024-05-04 13:04:10][sql] SELECT `value` FROM `ds_system_config` WHERE  `group` = 'upload'  AND `name` = 'upload_allow_size' LIMIT 1 [ RunTime:0.000607s ]
[2024-05-04 13:04:10][sql] SELECT `value` FROM `ds_system_config` WHERE  `group` = 'upload'  AND `name` = 'alioss_access_key_id' LIMIT 1 [ RunTime:0.000591s ]
[2024-05-04 13:04:10][sql] SELECT `value` FROM `ds_system_config` WHERE  `group` = 'upload'  AND `name` = 'alioss_access_key_secret' LIMIT 1 [ RunTime:0.000545s ]
[2024-05-04 13:04:10][sql] SELECT `value` FROM `ds_system_config` WHERE  `group` = 'upload'  AND `name` = 'alioss_endpoint' LIMIT 1 [ RunTime:0.000516s ]
[2024-05-04 13:04:10][sql] SELECT `value` FROM `ds_system_config` WHERE  `group` = 'upload'  AND `name` = 'alioss_bucket' LIMIT 1 [ RunTime:0.000603s ]
[2024-05-04 13:04:10][sql] SELECT `value` FROM `ds_system_config` WHERE  `group` = 'upload'  AND `name` = 'alioss_domain' LIMIT 1 [ RunTime:0.000575s ]
[2024-05-04 13:04:10][sql] SELECT `value` FROM `ds_system_config` WHERE  `group` = 'upload'  AND `name` = 'txcos_secret_id' LIMIT 1 [ RunTime:0.000731s ]
[2024-05-04 13:04:10][sql] SELECT `value` FROM `ds_system_config` WHERE  `group` = 'upload'  AND `name` = 'txcos_secret_key' LIMIT 1 [ RunTime:0.000530s ]
[2024-05-04 13:04:10][sql] SELECT `value` FROM `ds_system_config` WHERE  `group` = 'upload'  AND `name` = 'txcos_region' LIMIT 1 [ RunTime:0.000678s ]
[2024-05-04 13:04:10][sql] SELECT `value` FROM `ds_system_config` WHERE  `group` = 'upload'  AND `name` = 'tecos_bucket' LIMIT 1 [ RunTime:0.000733s ]
[2024-05-04 13:04:10][sql] SELECT `value` FROM `ds_system_config` WHERE  `group` = 'upload'  AND `name` = 'qnoss_access_key' LIMIT 1 [ RunTime:0.000693s ]
[2024-05-04 13:04:10][sql] SELECT `value` FROM `ds_system_config` WHERE  `group` = 'upload'  AND `name` = 'qnoss_secret_key' LIMIT 1 [ RunTime:0.000647s ]
[2024-05-04 13:04:10][sql] SELECT `value` FROM `ds_system_config` WHERE  `group` = 'upload'  AND `name` = 'qnoss_bucket' LIMIT 1 [ RunTime:0.000563s ]
[2024-05-04 13:04:10][sql] SELECT `value` FROM `ds_system_config` WHERE  `group` = 'upload'  AND `name` = 'qnoss_domain' LIMIT 1 [ RunTime:0.000643s ]
[2024-05-04 13:04:10][sql] SELECT `value` FROM `ds_system_config` WHERE  `group` = 'upload'  AND `name` = 'upload_type' LIMIT 1 [ RunTime:0.000660s ]
[2024-05-04 13:05:26][sql] CONNECT:[ UseTime:0.000601s ] mysql:host=127.0.0.1;port=3306;dbname=demo_4lq_cn;charset=utf8
[2024-05-04 13:05:26][sql] SHOW FULL COLUMNS FROM `ds_system_config` [ RunTime:0.001124s ]
[2024-05-04 13:05:26][sql] SELECT `value` FROM `ds_system_config` WHERE  `group` = 'site'  AND `name` = 'site_name' LIMIT 1 [ RunTime:0.000636s ]
[2024-05-04 13:05:27][sql] CONNECT:[ UseTime:0.000750s ] mysql:host=127.0.0.1;port=3306;dbname=demo_4lq_cn;charset=utf8
[2024-05-04 13:05:27][sql] SHOW FULL COLUMNS FROM `ds_stock` [ RunTime:0.001457s ]
[2024-05-04 13:05:27][sql] SELECT COUNT(*) AS think_count FROM `ds_stock` WHERE  `is_dsp` = 1 LIMIT 1 [ RunTime:0.000697s ]
[2024-05-04 13:05:27][sql] SELECT * FROM `ds_stock` WHERE  `is_dsp` = 1 ORDER BY `id` DESC LIMIT 0,15 [ RunTime:0.000597s ]
[2024-05-04 13:05:29][sql] CONNECT:[ UseTime:0.000920s ] mysql:host=127.0.0.1;port=3306;dbname=demo_4lq_cn;charset=utf8
[2024-05-04 13:05:29][sql] SHOW FULL COLUMNS FROM `ds_category` [ RunTime:0.001205s ]
[2024-05-04 13:05:29][sql] SELECT * FROM `ds_category` WHERE `ds_category`.`delete_time` IS NULL [ RunTime:0.000566s ]
[2024-05-04 13:05:29][sql] SHOW FULL COLUMNS FROM `ds_system_config` [ RunTime:0.001095s ]
[2024-05-04 13:05:29][sql] SELECT `value` FROM `ds_system_config` WHERE  `group` = 'site'  AND `name` = 'site_name' LIMIT 1 [ RunTime:0.000625s ]
[2024-05-04 13:05:37][sql] CONNECT:[ UseTime:0.000704s ] mysql:host=127.0.0.1;port=3306;dbname=demo_4lq_cn;charset=utf8
[2024-05-04 13:05:37][sql] SHOW FULL COLUMNS FROM `ds_system_config` [ RunTime:0.001107s ]
[2024-05-04 13:05:37][sql] SELECT `value` FROM `ds_system_config` WHERE  `group` = 'site'  AND `name` = 'site_name' LIMIT 1 [ RunTime:0.000689s ]
[2024-05-04 13:05:38][sql] CONNECT:[ UseTime:0.000748s ] mysql:host=127.0.0.1;port=3306;dbname=demo_4lq_cn;charset=utf8
[2024-05-04 13:05:38][sql] SHOW FULL COLUMNS FROM `ds_stock` [ RunTime:0.001068s ]
[2024-05-04 13:05:38][sql] SELECT COUNT(*) AS think_count FROM `ds_stock` WHERE  `is_dsp` = 0 LIMIT 1 [ RunTime:0.000647s ]
[2024-05-04 13:05:38][sql] SELECT * FROM `ds_stock` WHERE  `is_dsp` = 0 ORDER BY `id` DESC LIMIT 0,15 [ RunTime:0.000699s ]
[2024-05-04 13:05:39][sql] CONNECT:[ UseTime:0.017847s ] mysql:host=127.0.0.1;port=3306;dbname=demo_4lq_cn;charset=utf8
[2024-05-04 13:05:39][sql] SHOW FULL COLUMNS FROM `ds_category` [ RunTime:0.001199s ]
[2024-05-04 13:05:39][sql] SELECT * FROM `ds_category` WHERE `ds_category`.`delete_time` IS NULL [ RunTime:0.000532s ]
[2024-05-04 13:05:39][sql] SHOW FULL COLUMNS FROM `ds_system_config` [ RunTime:0.001114s ]
[2024-05-04 13:05:39][sql] SELECT `value` FROM `ds_system_config` WHERE  `group` = 'site'  AND `name` = 'site_name' LIMIT 1 [ RunTime:0.000789s ]
[2024-05-04 13:05:44][sql] CONNECT:[ UseTime:0.000812s ] mysql:host=127.0.0.1;port=3306;dbname=demo_4lq_cn;charset=utf8
[2024-05-04 13:05:44][sql] SHOW FULL COLUMNS FROM `ds_system_config` [ RunTime:0.001131s ]
[2024-05-04 13:05:44][sql] SELECT `value` FROM `ds_system_config` WHERE  `group` = 'site'  AND `name` = 'site_name' LIMIT 1 [ RunTime:0.000529s ]
[2024-05-04 13:05:44][sql] CONNECT:[ UseTime:0.000741s ] mysql:host=127.0.0.1;port=3306;dbname=demo_4lq_cn;charset=utf8
[2024-05-04 13:05:44][sql] SHOW FULL COLUMNS FROM `ds_system_menu` [ RunTime:0.001362s ]
[2024-05-04 13:05:44][sql] SELECT COUNT(*) AS think_count FROM `ds_system_menu` WHERE `ds_system_menu`.`delete_time` IS NULL LIMIT 1 [ RunTime:0.000574s ]
[2024-05-04 13:05:44][sql] SELECT * FROM `ds_system_menu` WHERE `ds_system_menu`.`delete_time` IS NULL ORDER BY `sort` DESC,`id` ASC [ RunTime:0.000779s ]
[2024-05-04 13:05:45][sql] CONNECT:[ UseTime:0.000633s ] mysql:host=127.0.0.1;port=3306;dbname=demo_4lq_cn;charset=utf8
[2024-05-04 13:05:45][sql] SHOW FULL COLUMNS FROM `ds_system_config` [ RunTime:0.001069s ]
[2024-05-04 13:05:45][sql] SELECT `value` FROM `ds_system_config` WHERE  `group` = 'site'  AND `name` = 'site_name' LIMIT 1 [ RunTime:0.000691s ]
[2024-05-04 13:05:45][sql] CONNECT:[ UseTime:0.000723s ] mysql:host=127.0.0.1;port=3306;dbname=demo_4lq_cn;charset=utf8
[2024-05-04 13:05:45][sql] SHOW FULL COLUMNS FROM `ds_system_config` [ RunTime:0.001119s ]
[2024-05-04 13:05:45][sql] SELECT `value` FROM `ds_system_config` WHERE  `group` = 'site'  AND `name` = 'site_name' LIMIT 1 [ RunTime:0.000595s ]
[2024-05-04 13:05:45][sql] CONNECT:[ UseTime:0.000956s ] mysql:host=127.0.0.1;port=3306;dbname=demo_4lq_cn;charset=utf8
[2024-05-04 13:05:45][sql] SHOW FULL COLUMNS FROM `ds_system_quick` [ RunTime:0.002156s ]
[2024-05-04 13:05:45][sql] SELECT COUNT(*) AS think_count FROM `ds_system_quick` WHERE `ds_system_quick`.`delete_time` IS NULL LIMIT 1 [ RunTime:0.001847s ]
[2024-05-04 13:05:45][sql] SELECT * FROM `ds_system_quick` WHERE `ds_system_quick`.`delete_time` IS NULL ORDER BY `sort` DESC,`id` DESC LIMIT 0,15 [ RunTime:0.001574s ]
[2024-05-04 13:05:45][sql] CONNECT:[ UseTime:0.000573s ] mysql:host=127.0.0.1;port=3306;dbname=demo_4lq_cn;charset=utf8
[2024-05-04 13:05:45][sql] SHOW FULL COLUMNS FROM `ds_system_log_202405` [ RunTime:0.001137s ]
[2024-05-04 13:05:45][sql] SELECT * FROM `ds_system_log_202405` [ RunTime:0.000538s ]
[2024-05-04 13:05:45][sql] SELECT * FROM `ds_system_log_202405` ORDER BY `id` DESC LIMIT 0,15 [ RunTime:0.000507s ]
[2024-05-04 13:11:47][sql] CONNECT:[ UseTime:0.000755s ] mysql:host=127.0.0.1;port=3306;dbname=demo_4lq_cn;charset=utf8
[2024-05-04 13:11:47][sql] SHOW FULL COLUMNS FROM `ds_system_config` [ RunTime:0.001055s ]
[2024-05-04 13:11:47][sql] SELECT `value` FROM `ds_system_config` WHERE  `group` = 'site'  AND `name` = 'site_name' LIMIT 1 [ RunTime:0.000681s ]
[2024-05-04 13:11:48][sql] CONNECT:[ UseTime:0.000642s ] mysql:host=127.0.0.1;port=3306;dbname=demo_4lq_cn;charset=utf8
[2024-05-04 13:11:48][sql] SHOW FULL COLUMNS FROM `ds_notify` [ RunTime:0.001163s ]
[2024-05-04 13:11:48][sql] SELECT * FROM `ds_notify` WHERE  `is_show` = 1 ORDER BY `create_time` DESC LIMIT 1 [ RunTime:0.000619s ]
[2024-05-04 13:11:48][sql] SHOW FULL COLUMNS FROM `ds_system_quick` [ RunTime:0.001120s ]
[2024-05-04 13:11:48][sql] SELECT `id`,`title`,`icon`,`href` FROM `ds_system_quick` WHERE (  `status` = 1 ) AND `ds_system_quick`.`delete_time` IS NULL ORDER BY `sort` DESC LIMIT 8 [ RunTime:0.000592s ]
[2024-05-04 13:11:48][sql] SHOW FULL COLUMNS FROM `ds_system_admin` [ RunTime:0.001213s ]
[2024-05-04 13:11:48][sql] SELECT * FROM `ds_system_admin` WHERE (  `id` = 1 ) AND `ds_system_admin`.`delete_time` IS NULL LIMIT 1 [ RunTime:0.000658s ]
[2024-05-04 13:11:48][sql] SELECT * FROM `ds_system_admin` WHERE (  `id` = 1 ) AND `ds_system_admin`.`delete_time` IS NULL LIMIT 1 [ RunTime:0.000664s ]
[2024-05-04 13:11:48][sql] SHOW FULL COLUMNS FROM `ds_outlay` [ RunTime:0.001182s ]
[2024-05-04 13:11:48][sql] SELECT SUM(`money`) AS think_sum FROM `ds_outlay` WHERE  `status` = 0 LIMIT 1 [ RunTime:0.000528s ]
[2024-05-04 13:11:48][sql] SHOW FULL COLUMNS FROM `ds_payed_show` [ RunTime:0.001193s ]
[2024-05-04 13:11:48][sql] SELECT COUNT(DISTINCT `ip`) AS think_count FROM `ds_payed_show` LIMIT 1 [ RunTime:0.036263s ]
[2024-05-04 13:11:48][sql] SHOW FULL COLUMNS FROM `ds_tj` [ RunTime:0.001110s ]
[2024-05-04 13:11:48][sql] SELECT COUNT(*) AS think_count FROM `ds_tj` WHERE  `create_time` BETWEEN 1714752000 AND 1714838399 LIMIT 1 [ RunTime:0.000548s ]
[2024-05-04 13:11:48][sql] SHOW FULL COLUMNS FROM `ds_pay_order` [ RunTime:0.001023s ]
[2024-05-04 13:11:48][sql] SELECT COUNT(*) AS think_count FROM `ds_pay_order` WHERE  `is_kouliang` = '1'  AND `status` = '1'  AND `is_tj` = 1 LIMIT 1 [ RunTime:0.000705s ]
[2024-05-04 13:11:48][sql] SELECT SUM(`price`) AS think_sum FROM `ds_pay_order` WHERE  `is_kouliang` = '1'  AND `status` = '1'  AND `is_tj` = 1 LIMIT 1 [ RunTime:0.001115s ]
[2024-05-04 13:11:48][sql] SELECT SUM(`price`) AS think_sum FROM `ds_pay_order` WHERE  `is_kouliang` = '1'  AND `status` = '1'  AND `is_tj` = 1  AND `createtime` BETWEEN 1714752000 AND 1714838399 LIMIT 1 [ RunTime:0.001629s ]
[2024-05-04 13:11:48][sql] SELECT COUNT(*) AS think_count FROM `ds_pay_order` WHERE  `is_kouliang` = '1'  AND `status` = '1'  AND `is_tj` = 1  AND `createtime` BETWEEN 1714752000 AND 1714838399 LIMIT 1 [ RunTime:0.002104s ]
[2024-05-04 13:11:48][sql] SELECT SUM(`price`) AS think_sum FROM `ds_pay_order` WHERE  `is_kouliang` = '1'  AND `status` = '1'  AND `is_tj` = 1  AND `createtime` BETWEEN 1714665600 AND 1714751999 LIMIT 1 [ RunTime:0.001219s ]
[2024-05-04 13:11:48][sql] SELECT COUNT(*) AS think_count FROM `ds_pay_order` WHERE  `is_kouliang` = '1'  AND `status` = '1'  AND `is_tj` = 1  AND `createtime` BETWEEN 1714665600 AND 1714751999 LIMIT 1 [ RunTime:0.001301s ]
[2024-05-04 13:11:48][sql] SELECT `id`,`createtime` FROM `ds_pay_order` WHERE  `status` = '2'  AND `createtime` BETWEEN 1714320000 AND 1714924799  AND `is_tj` = 1  AND `is_kouliang` = '1' [ RunTime:0.002362s ]
[2024-05-04 13:11:48][sql] SELECT `id`,`createtime` FROM `ds_pay_order` WHERE  `status` = '1'  AND `createtime` BETWEEN 1714320000 AND 1714924799  AND `is_tj` = 1  AND `is_kouliang` = '1' [ RunTime:0.001279s ]
[2024-05-04 13:11:48][sql] SHOW FULL COLUMNS FROM `ds_system_config` [ RunTime:0.001485s ]
[2024-05-04 13:11:48][sql] SELECT `value` FROM `ds_system_config` WHERE  `group` = 'site'  AND `name` = 'site_name' LIMIT 1 [ RunTime:0.001962s ]
[2024-05-04 13:13:04][sql] CONNECT:[ UseTime:0.001233s ] mysql:host=127.0.0.1;port=3306;dbname=demo_4lq_cn;charset=utf8
[2024-05-04 13:13:04][sql] SHOW FULL COLUMNS FROM `ds_pay_setting` [ RunTime:0.001651s ]
[2024-05-04 13:13:04][sql] SELECT * FROM `ds_pay_setting` [ RunTime:0.001011s ]
[2024-05-04 13:13:04][sql] SHOW FULL COLUMNS FROM `ds_system_config` [ RunTime:0.001880s ]
[2024-05-04 13:13:04][sql] SELECT * FROM `ds_system_config` [ RunTime:0.000776s ]
[2024-05-04 13:13:04][sql] SELECT `value` FROM `ds_system_config` WHERE  `group` = 'site'  AND `name` = 'site_name' LIMIT 1 [ RunTime:0.000781s ]
[2024-05-04 13:13:04][sql] SELECT `value` FROM `ds_system_config` WHERE  `group` = 'site'  AND `name` = 'site_order' LIMIT 1 [ RunTime:0.000628s ]
[2024-05-04 13:13:04][sql] SELECT `value` FROM `ds_system_config` WHERE  `group` = 'site'  AND `name` = 'site_name' LIMIT 1 [ RunTime:0.000597s ]
[2024-05-04 13:13:04][sql] SELECT `value` FROM `ds_system_config` WHERE  `group` = 'site'  AND `name` = 'site_title' LIMIT 1 [ RunTime:0.000623s ]
[2024-05-04 13:13:04][sql] SELECT `value` FROM `ds_system_config` WHERE  `group` = 'site'  AND `name` = 'site_slogan' LIMIT 1 [ RunTime:0.000621s ]
[2024-05-04 13:13:04][sql] SELECT `value` FROM `ds_system_config` WHERE  `group` = 'site'  AND `name` = 'site_content' LIMIT 1 [ RunTime:0.000614s ]
[2024-05-04 13:13:04][sql] SELECT `value` FROM `ds_system_config` WHERE  `group` = 'site'  AND `name` = 'logo_image' LIMIT 1 [ RunTime:0.000628s ]
[2024-05-04 13:13:04][sql] SELECT `value` FROM `ds_system_config` WHERE  `group` = 'site'  AND `name` = 'site_bg' LIMIT 1 [ RunTime:0.000547s ]
[2024-05-04 13:13:04][sql] SELECT `value` FROM `ds_system_config` WHERE  `group` = 'site'  AND `name` = 'site_beian' LIMIT 1 [ RunTime:0.000555s ]
[2024-05-04 13:13:04][sql] SELECT `value` FROM `ds_system_config` WHERE  `group` = 'site'  AND `name` = 'site_domain' LIMIT 1 [ RunTime:0.000529s ]
[2024-05-04 13:13:04][sql] SELECT `value` FROM `ds_system_config` WHERE  `group` = 'site'  AND `name` = 'site_pay' LIMIT 1 [ RunTime:0.000565s ]
[2024-05-04 13:13:04][sql] SELECT `value` FROM `ds_system_config` WHERE  `group` = 'site'  AND `name` = 'site_payback' LIMIT 1 [ RunTime:0.000558s ]
[2024-05-04 13:13:04][sql] SELECT `value` FROM `ds_system_config` WHERE  `group` = 'site'  AND `name` = 'site_urlapi' LIMIT 1 [ RunTime:0.000583s ]
[2024-05-04 13:13:04][sql] SELECT `value` FROM `ds_system_config` WHERE  `group` = 'site'  AND `name` = 'site_cdn' LIMIT 1 [ RunTime:0.000547s ]
[2024-05-04 13:13:04][sql] SELECT `value` FROM `ds_system_config` WHERE  `group` = 'site'  AND `name` = 'site_qq' LIMIT 1 [ RunTime:0.000549s ]
[2024-05-04 13:13:04][sql] SELECT `value` FROM `ds_system_config` WHERE  `group` = 'site'  AND `name` = 'site_wechat' LIMIT 1 [ RunTime:0.000592s ]
[2024-05-04 13:13:04][sql] SELECT `value` FROM `ds_system_config` WHERE  `group` = 'ff'  AND `name` = 'ff_close' LIMIT 1 [ RunTime:0.000596s ]
[2024-05-04 13:13:04][sql] SELECT `value` FROM `ds_system_config` WHERE  `group` = 'ff'  AND `name` = 'ff_close' LIMIT 1 [ RunTime:0.000593s ]
[2024-05-04 13:13:04][sql] SELECT `value` FROM `ds_system_config` WHERE  `group` = 'ff'  AND `name` = 'ff_close' LIMIT 1 [ RunTime:0.000551s ]
[2024-05-04 13:13:04][sql] SELECT `value` FROM `ds_system_config` WHERE  `group` = 'ff'  AND `name` = 'ff_fix' LIMIT 1 [ RunTime:0.000592s ]
[2024-05-04 13:13:04][sql] SELECT `value` FROM `ds_system_config` WHERE  `group` = 'ff'  AND `name` = 'ff_fix' LIMIT 1 [ RunTime:0.000536s ]
[2024-05-04 13:13:04][sql] SELECT `value` FROM `ds_system_config` WHERE  `group` = 'ff'  AND `name` = 'ff_fix' LIMIT 1 [ RunTime:0.000611s ]
[2024-05-04 13:13:04][sql] SELECT `value` FROM `ds_system_config` WHERE  `group` = 'ff'  AND `name` = 'ff_pc' LIMIT 1 [ RunTime:0.000592s ]
[2024-05-04 13:13:04][sql] SELECT `value` FROM `ds_system_config` WHERE  `group` = 'ff'  AND `name` = 'ff_pc' LIMIT 1 [ RunTime:0.000581s ]
[2024-05-04 13:13:04][sql] SELECT `value` FROM `ds_system_config` WHERE  `group` = 'ff'  AND `name` = 'ff_pc' LIMIT 1 [ RunTime:0.000532s ]
[2024-05-04 13:13:04][sql] SELECT `value` FROM `ds_system_config` WHERE  `group` = 'ff'  AND `name` = 'ff_url' LIMIT 1 [ RunTime:0.000785s ]
[2024-05-04 13:13:04][sql] SELECT `value` FROM `ds_system_config` WHERE  `group` = 'ff'  AND `name` = 'ff_short' LIMIT 1 [ RunTime:0.000547s ]
[2024-05-04 13:13:04][sql] SELECT `value` FROM `ds_system_config` WHERE  `group` = 'ff'  AND `name` = 'ff_short' LIMIT 1 [ RunTime:0.000506s ]
[2024-05-04 13:13:04][sql] SELECT `value` FROM `ds_system_config` WHERE  `group` = 'ff'  AND `name` = 'ff_short' LIMIT 1 [ RunTime:0.000501s ]
[2024-05-04 13:13:04][sql] SELECT `value` FROM `ds_system_config` WHERE  `group` = 'ff'  AND `name` = 'ff_short' LIMIT 1 [ RunTime:0.000602s ]
[2024-05-04 13:13:04][sql] SELECT `value` FROM `ds_system_config` WHERE  `group` = 'ff'  AND `name` = 'ff_short' LIMIT 1 [ RunTime:0.000620s ]
[2024-05-04 13:13:04][sql] SELECT `value` FROM `ds_system_config` WHERE  `group` = 'ff'  AND `name` = 'ff_short' LIMIT 1 [ RunTime:0.000530s ]
[2024-05-04 13:13:04][sql] SELECT `value` FROM `ds_system_config` WHERE  `group` = 'ff'  AND `name` = 'ff_short' LIMIT 1 [ RunTime:0.000538s ]
[2024-05-04 13:13:04][sql] SELECT `value` FROM `ds_system_config` WHERE  `group` = 'ff'  AND `name` = 'ff_short' LIMIT 1 [ RunTime:0.000565s ]
[2024-05-04 13:13:04][sql] SELECT `value` FROM `ds_system_config` WHERE  `group` = 'ff'  AND `name` = 'ff_short' LIMIT 1 [ RunTime:0.000565s ]
[2024-05-04 13:13:04][sql] SELECT `value` FROM `ds_system_config` WHERE  `group` = 'jp'  AND `name` = 'fb_min_money' LIMIT 1 [ RunTime:0.000556s ]
[2024-05-04 13:13:04][sql] SELECT `value` FROM `ds_system_config` WHERE  `group` = 'jp'  AND `name` = 'fb_max_money' LIMIT 1 [ RunTime:0.000598s ]
[2024-05-04 13:13:04][sql] SELECT `value` FROM `ds_system_config` WHERE  `group` = 'jg'  AND `name` = 'jg_mrfx' LIMIT 1 [ RunTime:0.000582s ]
[2024-05-04 13:13:04][sql] SELECT `value` FROM `ds_system_config` WHERE  `group` = 'jg'  AND `name` = 'jg_mrfy' LIMIT 1 [ RunTime:0.000554s ]
[2024-05-04 13:13:04][sql] SELECT `value` FROM `ds_system_config` WHERE  `group` = 'jg'  AND `name` = 'jg_yqm' LIMIT 1 [ RunTime:0.000536s ]
[2024-05-04 13:13:04][sql] SELECT `value` FROM `ds_system_config` WHERE  `group` = 'jg'  AND `name` = 'jg_ym' LIMIT 1 [ RunTime:0.000597s ]
[2024-05-04 13:13:04][sql] SELECT `value` FROM `ds_system_config` WHERE  `group` = 'jg'  AND `name` = 'jg_dbzd' LIMIT 1 [ RunTime:0.000580s ]
[2024-05-04 13:13:04][sql] SELECT `value` FROM `ds_system_config` WHERE  `group` = 'jg'  AND `name` = 'jg_dbzg' LIMIT 1 [ RunTime:0.000588s ]
[2024-05-04 13:13:04][sql] SELECT `value` FROM `ds_system_config` WHERE  `group` = 'jg'  AND `name` = 'jg_dtzg' LIMIT 1 [ RunTime:0.000602s ]
[2024-05-04 13:13:04][sql] SELECT `value` FROM `ds_system_config` WHERE  `group` = 'jg'  AND `name` = 'jg_topen' LIMIT 1 [ RunTime:0.000553s ]
[2024-05-04 13:13:04][sql] SELECT `value` FROM `ds_system_config` WHERE  `group` = 'jg'  AND `name` = 'jg_topen' LIMIT 1 [ RunTime:0.000551s ]
[2024-05-04 13:13:04][sql] SELECT `value` FROM `ds_system_config` WHERE  `group` = 'jg'  AND `name` = 'jg_tmin' LIMIT 1 [ RunTime:0.000567s ]
[2024-05-04 13:13:04][sql] SELECT `value` FROM `ds_system_config` WHERE  `group` = 'jg'  AND `name` = 'jg_tmax' LIMIT 1 [ RunTime:0.000590s ]
[2024-05-04 13:13:04][sql] SELECT `value` FROM `ds_system_config` WHERE  `group` = 'jg'  AND `name` = 'jp_wopen' LIMIT 1 [ RunTime:0.000571s ]
[2024-05-04 13:13:04][sql] SELECT `value` FROM `ds_system_config` WHERE  `group` = 'jg'  AND `name` = 'jp_wopen' LIMIT 1 [ RunTime:0.000560s ]
[2024-05-04 13:13:04][sql] SELECT `value` FROM `ds_system_config` WHERE  `group` = 'jg'  AND `name` = 'jp_min' LIMIT 1 [ RunTime:0.000549s ]
[2024-05-04 13:13:04][sql] SELECT `value` FROM `ds_system_config` WHERE  `group` = 'jg'  AND `name` = 'jp_max' LIMIT 1 [ RunTime:0.000569s ]
[2024-05-04 13:13:04][sql] SELECT `value` FROM `ds_system_config` WHERE  `group` = 'jg'  AND `name` = 'jg_yopen' LIMIT 1 [ RunTime:0.000642s ]
[2024-05-04 13:13:04][sql] SELECT `value` FROM `ds_system_config` WHERE  `group` = 'jg'  AND `name` = 'jg_yopen' LIMIT 1 [ RunTime:0.000601s ]
[2024-05-04 13:13:04][sql] SELECT `value` FROM `ds_system_config` WHERE  `group` = 'jg'  AND `name` = 'jg_ymin' LIMIT 1 [ RunTime:0.000577s ]
[2024-05-04 13:13:04][sql] SELECT `value` FROM `ds_system_config` WHERE  `group` = 'jg'  AND `name` = 'jg_ymax' LIMIT 1 [ RunTime:0.000630s ]
[2024-05-04 13:13:04][sql] SELECT `value` FROM `ds_system_config` WHERE  `group` = 'ac'  AND `name` = 'ac_number' LIMIT 1 [ RunTime:0.000543s ]
[2024-05-04 13:13:04][sql] SELECT `value` FROM `ds_system_config` WHERE  `group` = 'ac'  AND `name` = 'ac_init_number' LIMIT 1 [ RunTime:0.000613s ]
[2024-05-04 13:13:04][sql] SELECT `value` FROM `ds_system_config` WHERE  `group` = 'short_video'  AND `name` = 'q_t' LIMIT 1 [ RunTime:0.000594s ]
[2024-05-04 13:13:04][sql] SELECT `value` FROM `ds_system_config` WHERE  `group` = 'short_video'  AND `name` = 'q_r' LIMIT 1 [ RunTime:0.000598s ]
[2024-05-04 13:13:04][sql] SELECT `value` FROM `ds_system_config` WHERE  `group` = 'short_video'  AND `name` = 'q_x' LIMIT 1 [ RunTime:0.000578s ]
[2024-05-04 13:13:04][sql] SELECT `value` FROM `ds_system_config` WHERE  `group` = 'short_video'  AND `name` = 'q_l' LIMIT 1 [ RunTime:0.000558s ]
[2024-05-04 13:13:04][sql] SELECT `value` FROM `ds_system_config` WHERE  `group` = 'short_video'  AND `name` = 'l_t' LIMIT 1 [ RunTime:0.000576s ]
[2024-05-04 13:13:04][sql] SELECT `value` FROM `ds_system_config` WHERE  `group` = 'short_video'  AND `name` = 'l_r' LIMIT 1 [ RunTime:0.000522s ]
[2024-05-04 13:13:04][sql] SELECT `value` FROM `ds_system_config` WHERE  `group` = 'short_video'  AND `name` = 'l_x' LIMIT 1 [ RunTime:0.000610s ]
[2024-05-04 13:13:04][sql] SELECT `value` FROM `ds_system_config` WHERE  `group` = 'short_video'  AND `name` = 'l_l' LIMIT 1 [ RunTime:0.000587s ]
[2024-05-04 13:13:04][sql] SELECT `value` FROM `ds_system_config` WHERE  `group` = 'wx'  AND `name` = 'wx_appid' LIMIT 1 [ RunTime:0.000599s ]
[2024-05-04 13:13:04][sql] SELECT `value` FROM `ds_system_config` WHERE  `group` = 'wx'  AND `name` = 'wx_secret' LIMIT 1 [ RunTime:0.000607s ]
[2024-05-04 13:13:04][sql] SELECT `value` FROM `ds_system_config` WHERE  `group` = 'wx'  AND `name` = 'wx_token' LIMIT 1 [ RunTime:0.000541s ]
[2024-05-04 13:13:04][sql] SELECT `value` FROM `ds_system_config` WHERE  `group` = 'wx'  AND `name` = 'wx_aeskey' LIMIT 1 [ RunTime:0.000529s ]
[2024-05-04 13:13:04][sql] SELECT `value` FROM `ds_system_config` WHERE  `group` = 'wx'  AND `name` = 'wx_url' LIMIT 1 [ RunTime:0.000570s ]
[2024-05-04 13:13:04][sql] SELECT `value` FROM `ds_system_config` WHERE  `group` = 'wx'  AND `name` = 'wx_ffapi' LIMIT 1 [ RunTime:0.000578s ]
[2024-05-04 13:13:04][sql] SELECT `value` FROM `ds_system_config` WHERE  `group` = 'wx'  AND `name` = 'wx_fk' LIMIT 1 [ RunTime:0.000740s ]
[2024-05-04 13:13:04][sql] SELECT `value` FROM `ds_system_config` WHERE  `group` = 'pay'  AND `name` = 'pay_type' LIMIT 1 [ RunTime:0.000580s ]
[2024-05-04 13:13:04][sql] SELECT `value` FROM `ds_system_config` WHERE  `group` = 'pay'  AND `name` = 'pay_type' LIMIT 1 [ RunTime:0.000550s ]
[2024-05-04 13:13:04][sql] SELECT `value` FROM `ds_system_config` WHERE  `group` = 'short'  AND `name` = 'm_token' LIMIT 1 [ RunTime:0.000562s ]
[2024-05-04 13:13:04][sql] SELECT `value` FROM `ds_system_config` WHERE  `group` = 'short'  AND `name` = 'sina' LIMIT 1 [ RunTime:0.000487s ]
[2024-05-04 13:13:04][sql] SELECT `value` FROM `ds_system_config` WHERE  `group` = 'upload'  AND `name` = 'upload_type' LIMIT 1 [ RunTime:0.000554s ]
[2024-05-04 13:13:04][sql] SELECT `value` FROM `ds_system_config` WHERE  `group` = 'upload'  AND `name` = 'upload_type' LIMIT 1 [ RunTime:0.000612s ]
[2024-05-04 13:13:04][sql] SELECT `value` FROM `ds_system_config` WHERE  `group` = 'upload'  AND `name` = 'upload_type' LIMIT 1 [ RunTime:0.000563s ]
[2024-05-04 13:13:04][sql] SELECT `value` FROM `ds_system_config` WHERE  `group` = 'upload'  AND `name` = 'upload_type' LIMIT 1 [ RunTime:0.000557s ]
[2024-05-04 13:13:04][sql] SELECT `value` FROM `ds_system_config` WHERE  `group` = 'upload'  AND `name` = 'upload_allow_ext' LIMIT 1 [ RunTime:0.000525s ]
[2024-05-04 13:13:04][sql] SELECT `value` FROM `ds_system_config` WHERE  `group` = 'upload'  AND `name` = 'upload_allow_size' LIMIT 1 [ RunTime:0.000584s ]
[2024-05-04 13:13:04][sql] SELECT `value` FROM `ds_system_config` WHERE  `group` = 'upload'  AND `name` = 'alioss_access_key_id' LIMIT 1 [ RunTime:0.000596s ]
[2024-05-04 13:13:04][sql] SELECT `value` FROM `ds_system_config` WHERE  `group` = 'upload'  AND `name` = 'alioss_access_key_secret' LIMIT 1 [ RunTime:0.000574s ]
[2024-05-04 13:13:04][sql] SELECT `value` FROM `ds_system_config` WHERE  `group` = 'upload'  AND `name` = 'alioss_endpoint' LIMIT 1 [ RunTime:0.000568s ]
[2024-05-04 13:13:04][sql] SELECT `value` FROM `ds_system_config` WHERE  `group` = 'upload'  AND `name` = 'alioss_bucket' LIMIT 1 [ RunTime:0.000544s ]
[2024-05-04 13:13:04][sql] SELECT `value` FROM `ds_system_config` WHERE  `group` = 'upload'  AND `name` = 'alioss_domain' LIMIT 1 [ RunTime:0.000547s ]
[2024-05-04 13:13:04][sql] SELECT `value` FROM `ds_system_config` WHERE  `group` = 'upload'  AND `name` = 'txcos_secret_id' LIMIT 1 [ RunTime:0.000587s ]
[2024-05-04 13:13:04][sql] SELECT `value` FROM `ds_system_config` WHERE  `group` = 'upload'  AND `name` = 'txcos_secret_key' LIMIT 1 [ RunTime:0.001063s ]
[2024-05-04 13:13:04][sql] SELECT `value` FROM `ds_system_config` WHERE  `group` = 'upload'  AND `name` = 'txcos_region' LIMIT 1 [ RunTime:0.001044s ]
[2024-05-04 13:13:04][sql] SELECT `value` FROM `ds_system_config` WHERE  `group` = 'upload'  AND `name` = 'tecos_bucket' LIMIT 1 [ RunTime:0.001836s ]
[2024-05-04 13:13:04][sql] SELECT `value` FROM `ds_system_config` WHERE  `group` = 'upload'  AND `name` = 'qnoss_access_key' LIMIT 1 [ RunTime:0.001096s ]
[2024-05-04 13:13:04][sql] SELECT `value` FROM `ds_system_config` WHERE  `group` = 'upload'  AND `name` = 'qnoss_secret_key' LIMIT 1 [ RunTime:0.001172s ]
[2024-05-04 13:13:04][sql] SELECT `value` FROM `ds_system_config` WHERE  `group` = 'upload'  AND `name` = 'qnoss_bucket' LIMIT 1 [ RunTime:0.001787s ]
[2024-05-04 13:13:04][sql] SELECT `value` FROM `ds_system_config` WHERE  `group` = 'upload'  AND `name` = 'qnoss_domain' LIMIT 1 [ RunTime:0.001138s ]
[2024-05-04 13:13:04][sql] SELECT `value` FROM `ds_system_config` WHERE  `group` = 'upload'  AND `name` = 'upload_type' LIMIT 1 [ RunTime:0.001034s ]
[2024-05-04 13:13:21][sql] CONNECT:[ UseTime:0.000763s ] mysql:host=127.0.0.1;port=3306;dbname=demo_4lq_cn;charset=utf8
[2024-05-04 13:13:21][sql] SHOW FULL COLUMNS FROM `ds_system_config` [ RunTime:0.001107s ]
[2024-05-04 13:13:21][sql] SELECT `value` FROM `ds_system_config` WHERE  `group` = 'site'  AND `name` = 'site_name' LIMIT 1 [ RunTime:0.000601s ]
[2024-05-04 13:13:22][sql] CONNECT:[ UseTime:0.000796s ] mysql:host=127.0.0.1;port=3306;dbname=demo_4lq_cn;charset=utf8
[2024-05-04 13:13:22][sql] SHOW FULL COLUMNS FROM `ds_complain` [ RunTime:0.001204s ]
[2024-05-04 13:13:22][sql] SELECT COUNT(*) AS think_count FROM `ds_complain` LIMIT 1 [ RunTime:0.004224s ]
[2024-05-04 13:13:22][sql] SELECT * FROM `ds_complain` ORDER BY `id` DESC LIMIT 0,15 [ RunTime:0.004847s ]
[2024-05-04 13:13:22][sql] CONNECT:[ UseTime:0.000660s ] mysql:host=127.0.0.1;port=3306;dbname=demo_4lq_cn;charset=utf8
[2024-05-04 13:13:22][sql] SHOW FULL COLUMNS FROM `ds_system_config` [ RunTime:0.001100s ]
[2024-05-04 13:13:22][sql] SELECT `value` FROM `ds_system_config` WHERE  `group` = 'site'  AND `name` = 'site_name' LIMIT 1 [ RunTime:0.000666s ]
[2024-05-04 13:13:23][sql] CONNECT:[ UseTime:0.000609s ] mysql:host=127.0.0.1;port=3306;dbname=demo_4lq_cn;charset=utf8
[2024-05-04 13:13:23][sql] SHOW FULL COLUMNS FROM `ds_pay_setting` [ RunTime:0.001128s ]
[2024-05-04 13:13:23][sql] SELECT COUNT(*) AS think_count FROM `ds_pay_setting` LIMIT 1 [ RunTime:0.000509s ]
[2024-05-04 13:13:23][sql] SELECT * FROM `ds_pay_setting` ORDER BY `id` DESC LIMIT 0,15 [ RunTime:0.000507s ]
[2024-05-04 13:13:23][sql] CONNECT:[ UseTime:0.001060s ] mysql:host=127.0.0.1;port=3306;dbname=demo_4lq_cn;charset=utf8
[2024-05-04 13:13:23][sql] SHOW FULL COLUMNS FROM `ds_system_config` [ RunTime:0.001427s ]
[2024-05-04 13:13:23][sql] SELECT `value` FROM `ds_system_config` WHERE  `group` = 'site'  AND `name` = 'site_name' LIMIT 1 [ RunTime:0.000728s ]
[2024-05-04 13:13:23][sql] CONNECT:[ UseTime:0.000672s ] mysql:host=127.0.0.1;port=3306;dbname=demo_4lq_cn;charset=utf8
[2024-05-04 13:13:23][sql] SHOW FULL COLUMNS FROM `ds_quantity` [ RunTime:0.001175s ]
[2024-05-04 13:13:23][sql] SELECT COUNT(*) AS think_count FROM `ds_quantity` LIMIT 1 [ RunTime:0.000501s ]
[2024-05-04 13:13:23][sql] SELECT * FROM `ds_quantity` ORDER BY `id` DESC LIMIT 0,15 [ RunTime:0.000600s ]
[2024-05-04 13:13:23][sql] SHOW FULL COLUMNS FROM `ds_system_admin` [ RunTime:0.001251s ]
[2024-05-04 13:13:23][sql] SELECT * FROM `ds_system_admin` WHERE (  `id` IN (184,183,182,181,180,179,178,177,176,175,174,173) ) AND `ds_system_admin`.`delete_time` IS NULL [ RunTime:0.000865s ]
[2024-05-04 13:13:24][sql] CONNECT:[ UseTime:0.000766s ] mysql:host=127.0.0.1;port=3306;dbname=demo_4lq_cn;charset=utf8
[2024-05-04 13:13:24][sql] SHOW FULL COLUMNS FROM `ds_system_config` [ RunTime:0.001085s ]
[2024-05-04 13:13:24][sql] SELECT `value` FROM `ds_system_config` WHERE  `group` = 'site'  AND `name` = 'site_name' LIMIT 1 [ RunTime:0.000721s ]
[2024-05-04 13:13:24][sql] CONNECT:[ UseTime:0.000594s ] mysql:host=127.0.0.1;port=3306;dbname=demo_4lq_cn;charset=utf8
[2024-05-04 13:13:24][sql] SHOW FULL COLUMNS FROM `ds_category` [ RunTime:0.001105s ]
[2024-05-04 13:13:24][sql] SELECT COUNT(*) AS think_count FROM `ds_category` WHERE `ds_category`.`delete_time` IS NULL LIMIT 1 [ RunTime:0.000632s ]
[2024-05-04 13:13:24][sql] SELECT * FROM `ds_category` WHERE `ds_category`.`delete_time` IS NULL ORDER BY `id` DESC LIMIT 0,15 [ RunTime:0.000601s ]
[2024-05-04 13:13:26][sql] CONNECT:[ UseTime:0.001045s ] mysql:host=127.0.0.1;port=3306;dbname=demo_4lq_cn;charset=utf8
[2024-05-04 13:13:26][sql] SHOW FULL COLUMNS FROM `ds_system_config` [ RunTime:0.001251s ]
[2024-05-04 13:13:26][sql] SELECT `value` FROM `ds_system_config` WHERE  `group` = 'site'  AND `name` = 'site_name' LIMIT 1 [ RunTime:0.000585s ]
[2024-05-04 13:13:26][sql] CONNECT:[ UseTime:0.000594s ] mysql:host=127.0.0.1;port=3306;dbname=demo_4lq_cn;charset=utf8
[2024-05-04 13:13:26][sql] SHOW FULL COLUMNS FROM `ds_muban` [ RunTime:0.001170s ]
[2024-05-04 13:13:26][sql] SELECT COUNT(*) AS think_count FROM `ds_muban` WHERE `ds_muban`.`delete_time` IS NULL LIMIT 1 [ RunTime:0.000518s ]
[2024-05-04 13:13:26][sql] SELECT * FROM `ds_muban` WHERE `ds_muban`.`delete_time` IS NULL ORDER BY `id` DESC LIMIT 0,15 [ RunTime:0.000577s ]
[2024-05-04 13:13:26][sql] SHOW FULL COLUMNS FROM `ds_system_admin` [ RunTime:0.001336s ]
[2024-05-04 13:13:26][sql] SELECT * FROM `ds_system_admin` WHERE (  `id` = 1 ) AND `ds_system_admin`.`delete_time` IS NULL [ RunTime:0.000812s ]
[2024-05-04 13:14:16][sql] CONNECT:[ UseTime:0.016528s ] mysql:host=127.0.0.1;port=3306;dbname=demo_4lq_cn;charset=utf8
[2024-05-04 13:14:16][sql] SHOW FULL COLUMNS FROM `ds_system_config` [ RunTime:0.001162s ]
[2024-05-04 13:14:16][sql] SELECT `value` FROM `ds_system_config` WHERE  `group` = 'site'  AND `name` = 'site_name' LIMIT 1 [ RunTime:0.000625s ]
[2024-05-04 13:14:22][sql] CONNECT:[ UseTime:0.000669s ] mysql:host=127.0.0.1;port=3306;dbname=demo_4lq_cn;charset=utf8
[2024-05-04 13:14:22][sql] SHOW FULL COLUMNS FROM `ds_muban` [ RunTime:0.001027s ]
[2024-05-04 13:14:22][sql] SELECT * FROM `ds_muban` WHERE (  `id` = 12 ) AND `ds_muban`.`delete_time` IS NULL LIMIT 1 [ RunTime:0.001115s ]
[2024-05-04 13:14:22][sql] SHOW FULL COLUMNS FROM `ds_system_config` [ RunTime:0.001095s ]
[2024-05-04 13:14:22][sql] SELECT `value` FROM `ds_system_config` WHERE  `group` = 'site'  AND `name` = 'site_name' LIMIT 1 [ RunTime:0.000627s ]
[2024-05-04 13:14:29][sql] CONNECT:[ UseTime:0.000766s ] mysql:host=127.0.0.1;port=3306;dbname=demo_4lq_cn;charset=utf8
[2024-05-04 13:14:29][sql] SHOW FULL COLUMNS FROM `ds_system_uploadfile` [ RunTime:0.001357s ]
[2024-05-04 13:14:29][sql] SELECT COUNT(*) AS think_count FROM `ds_system_uploadfile` LIMIT 1 [ RunTime:0.000545s ]
[2024-05-04 13:14:29][sql] SELECT * FROM `ds_system_uploadfile` ORDER BY `id` DESC LIMIT 0,10 [ RunTime:0.000517s ]
[2024-05-04 13:17:38][sql] CONNECT:[ UseTime:0.000762s ] mysql:host=127.0.0.1;port=3306;dbname=demo_4lq_cn;charset=utf8
[2024-05-04 13:17:38][sql] SHOW FULL COLUMNS FROM `ds_system_config` [ RunTime:0.001085s ]
[2024-05-04 13:17:38][sql] SELECT `value` FROM `ds_system_config` WHERE  `group` = 'site'  AND `name` = 'site_name' LIMIT 1 [ RunTime:0.000655s ]
[2024-05-04 13:17:39][sql] CONNECT:[ UseTime:0.000798s ] mysql:host=127.0.0.1;port=3306;dbname=demo_4lq_cn;charset=utf8
[2024-05-04 13:17:39][sql] SHOW FULL COLUMNS FROM `ds_notify` [ RunTime:0.001058s ]
[2024-05-04 13:17:39][sql] SELECT * FROM `ds_notify` WHERE  `is_show` = 1 ORDER BY `create_time` DESC LIMIT 1 [ RunTime:0.001157s ]
[2024-05-04 13:17:39][sql] SHOW FULL COLUMNS FROM `ds_system_quick` [ RunTime:0.000942s ]
[2024-05-04 13:17:39][sql] SELECT `id`,`title`,`icon`,`href` FROM `ds_system_quick` WHERE (  `status` = 1 ) AND `ds_system_quick`.`delete_time` IS NULL ORDER BY `sort` DESC LIMIT 8 [ RunTime:0.000673s ]
[2024-05-04 13:17:39][sql] SHOW FULL COLUMNS FROM `ds_system_admin` [ RunTime:0.001145s ]
[2024-05-04 13:17:39][sql] SELECT * FROM `ds_system_admin` WHERE (  `id` = 1 ) AND `ds_system_admin`.`delete_time` IS NULL LIMIT 1 [ RunTime:0.000791s ]
[2024-05-04 13:17:39][sql] SELECT * FROM `ds_system_admin` WHERE (  `id` = 1 ) AND `ds_system_admin`.`delete_time` IS NULL LIMIT 1 [ RunTime:0.000813s ]
[2024-05-04 13:17:39][sql] SHOW FULL COLUMNS FROM `ds_outlay` [ RunTime:0.001148s ]
[2024-05-04 13:17:39][sql] SELECT SUM(`money`) AS think_sum FROM `ds_outlay` WHERE  `status` = 0 LIMIT 1 [ RunTime:0.000468s ]
[2024-05-04 13:17:39][sql] SHOW FULL COLUMNS FROM `ds_payed_show` [ RunTime:0.001019s ]
[2024-05-04 13:17:39][sql] SELECT COUNT(DISTINCT `ip`) AS think_count FROM `ds_payed_show` LIMIT 1 [ RunTime:0.055036s ]
[2024-05-04 13:17:39][sql] SHOW FULL COLUMNS FROM `ds_tj` [ RunTime:0.002228s ]
[2024-05-04 13:17:39][sql] SELECT COUNT(*) AS think_count FROM `ds_tj` WHERE  `create_time` BETWEEN 1714752000 AND 1714838399 LIMIT 1 [ RunTime:0.001311s ]
[2024-05-04 13:17:39][sql] SHOW FULL COLUMNS FROM `ds_pay_order` [ RunTime:0.002035s ]
[2024-05-04 13:17:39][sql] SELECT COUNT(*) AS think_count FROM `ds_pay_order` WHERE  `is_kouliang` = '1'  AND `status` = '1'  AND `is_tj` = 1 LIMIT 1 [ RunTime:0.002071s ]
[2024-05-04 13:17:39][sql] SELECT SUM(`price`) AS think_sum FROM `ds_pay_order` WHERE  `is_kouliang` = '1'  AND `status` = '1'  AND `is_tj` = 1 LIMIT 1 [ RunTime:0.001381s ]
[2024-05-04 13:17:39][sql] SELECT SUM(`price`) AS think_sum FROM `ds_pay_order` WHERE  `is_kouliang` = '1'  AND `status` = '1'  AND `is_tj` = 1  AND `createtime` BETWEEN 1714752000 AND 1714838399 LIMIT 1 [ RunTime:0.001198s ]
[2024-05-04 13:17:39][sql] SELECT COUNT(*) AS think_count FROM `ds_pay_order` WHERE  `is_kouliang` = '1'  AND `status` = '1'  AND `is_tj` = 1  AND `createtime` BETWEEN 1714752000 AND 1714838399 LIMIT 1 [ RunTime:0.001684s ]
[2024-05-04 13:17:39][sql] SELECT SUM(`price`) AS think_sum FROM `ds_pay_order` WHERE  `is_kouliang` = '1'  AND `status` = '1'  AND `is_tj` = 1  AND `createtime` BETWEEN 1714665600 AND 1714751999 LIMIT 1 [ RunTime:0.001813s ]
[2024-05-04 13:17:39][sql] SELECT COUNT(*) AS think_count FROM `ds_pay_order` WHERE  `is_kouliang` = '1'  AND `status` = '1'  AND `is_tj` = 1  AND `createtime` BETWEEN 1714665600 AND 1714751999 LIMIT 1 [ RunTime:0.001685s ]
[2024-05-04 13:17:39][sql] SELECT `id`,`createtime` FROM `ds_pay_order` WHERE  `status` = '2'  AND `createtime` BETWEEN 1714320000 AND 1714924799  AND `is_tj` = 1  AND `is_kouliang` = '1' [ RunTime:0.001972s ]
[2024-05-04 13:17:39][sql] SELECT `id`,`createtime` FROM `ds_pay_order` WHERE  `status` = '1'  AND `createtime` BETWEEN 1714320000 AND 1714924799  AND `is_tj` = 1  AND `is_kouliang` = '1' [ RunTime:0.001710s ]
[2024-05-04 13:17:39][sql] SHOW FULL COLUMNS FROM `ds_system_config` [ RunTime:0.002222s ]
[2024-05-04 13:17:39][sql] SELECT `value` FROM `ds_system_config` WHERE  `group` = 'site'  AND `name` = 'site_name' LIMIT 1 [ RunTime:0.001187s ]
[2024-05-04 13:17:39][sql] CONNECT:[ UseTime:0.000772s ] mysql:host=127.0.0.1;port=3306;dbname=demo_4lq_cn;charset=utf8
[2024-05-04 13:17:39][sql] SHOW FULL COLUMNS FROM `ds_system_config` [ RunTime:0.000993s ]
[2024-05-04 13:17:39][sql] SELECT `value` FROM `ds_system_config` WHERE  `group` = 'site'  AND `name` = 'site_name' LIMIT 1 [ RunTime:0.000661s ]
[2024-05-04 13:17:40][sql] CONNECT:[ UseTime:0.000738s ] mysql:host=127.0.0.1;port=3306;dbname=demo_4lq_cn;charset=utf8
[2024-05-04 13:17:40][sql] SHOW FULL COLUMNS FROM `ds_muban` [ RunTime:0.001647s ]
[2024-05-04 13:17:40][sql] SELECT COUNT(*) AS think_count FROM `ds_muban` WHERE `ds_muban`.`delete_time` IS NULL LIMIT 1 [ RunTime:0.000617s ]
[2024-05-04 13:17:40][sql] SELECT * FROM `ds_muban` WHERE `ds_muban`.`delete_time` IS NULL ORDER BY `id` DESC LIMIT 0,15 [ RunTime:0.000594s ]
[2024-05-04 13:17:40][sql] SHOW FULL COLUMNS FROM `ds_system_admin` [ RunTime:0.001147s ]
[2024-05-04 13:17:40][sql] SELECT * FROM `ds_system_admin` WHERE (  `id` = 1 ) AND `ds_system_admin`.`delete_time` IS NULL [ RunTime:0.000647s ]
[2024-05-04 13:18:22][sql] CONNECT:[ UseTime:0.000636s ] mysql:host=127.0.0.1;port=3306;dbname=demo_4lq_cn;charset=utf8
[2024-05-04 13:18:22][sql] SHOW FULL COLUMNS FROM `ds_system_config` [ RunTime:0.001082s ]
[2024-05-04 13:18:22][sql] SELECT `value` FROM `ds_system_config` WHERE  `group` = 'site'  AND `name` = 'site_name' LIMIT 1 [ RunTime:0.000654s ]
[2024-05-04 13:18:24][sql] CONNECT:[ UseTime:0.005333s ] mysql:host=127.0.0.1;port=3306;dbname=demo_4lq_cn;charset=utf8
[2024-05-04 13:18:24][sql] SHOW FULL COLUMNS FROM `ds_system_config` [ RunTime:0.004250s ]
[2024-05-04 13:18:24][sql] SELECT `value` FROM `ds_system_config` WHERE  `group` = 'site'  AND `name` = 'site_name' LIMIT 1 [ RunTime:0.001785s ]
[2024-05-04 13:18:24][sql] CONNECT:[ UseTime:0.001539s ] mysql:host=127.0.0.1;port=3306;dbname=demo_4lq_cn;charset=utf8
[2024-05-04 13:18:24][sql] SHOW FULL COLUMNS FROM `ds_notify` [ RunTime:0.006943s ]
[2024-05-04 13:18:24][sql] SELECT * FROM `ds_notify` WHERE  `is_show` = 1 ORDER BY `create_time` DESC LIMIT 1 [ RunTime:0.006858s ]
[2024-05-04 13:18:24][sql] SHOW FULL COLUMNS FROM `ds_system_quick` [ RunTime:0.005553s ]
[2024-05-04 13:18:24][sql] SELECT `id`,`title`,`icon`,`href` FROM `ds_system_quick` WHERE (  `status` = 1 ) AND `ds_system_quick`.`delete_time` IS NULL ORDER BY `sort` DESC LIMIT 8 [ RunTime:0.002040s ]
[2024-05-04 13:18:24][sql] SHOW FULL COLUMNS FROM `ds_system_admin` [ RunTime:0.004064s ]
[2024-05-04 13:18:24][sql] SELECT * FROM `ds_system_admin` WHERE (  `id` = 1 ) AND `ds_system_admin`.`delete_time` IS NULL LIMIT 1 [ RunTime:0.001829s ]
[2024-05-04 13:18:24][sql] SELECT * FROM `ds_system_admin` WHERE (  `id` = 1 ) AND `ds_system_admin`.`delete_time` IS NULL LIMIT 1 [ RunTime:0.002187s ]
[2024-05-04 13:18:24][sql] SHOW FULL COLUMNS FROM `ds_outlay` [ RunTime:0.002693s ]
[2024-05-04 13:18:24][sql] SELECT SUM(`money`) AS think_sum FROM `ds_outlay` WHERE  `status` = 0 LIMIT 1 [ RunTime:0.001743s ]
[2024-05-04 13:18:24][sql] SHOW FULL COLUMNS FROM `ds_payed_show` [ RunTime:0.002632s ]
[2024-05-04 13:18:24][sql] SELECT COUNT(DISTINCT `ip`) AS think_count FROM `ds_payed_show` LIMIT 1 [ RunTime:0.041483s ]
[2024-05-04 13:18:24][sql] SHOW FULL COLUMNS FROM `ds_tj` [ RunTime:0.001101s ]
[2024-05-04 13:18:24][sql] SELECT COUNT(*) AS think_count FROM `ds_tj` WHERE  `create_time` BETWEEN 1714752000 AND 1714838399 LIMIT 1 [ RunTime:0.001616s ]
[2024-05-04 13:18:24][sql] SHOW FULL COLUMNS FROM `ds_pay_order` [ RunTime:0.001161s ]
[2024-05-04 13:18:24][sql] SELECT COUNT(*) AS think_count FROM `ds_pay_order` WHERE  `is_kouliang` = '1'  AND `status` = '1'  AND `is_tj` = 1 LIMIT 1 [ RunTime:0.000821s ]
[2024-05-04 13:18:24][sql] SELECT SUM(`price`) AS think_sum FROM `ds_pay_order` WHERE  `is_kouliang` = '1'  AND `status` = '1'  AND `is_tj` = 1 LIMIT 1 [ RunTime:0.000879s ]
[2024-05-04 13:18:24][sql] SELECT SUM(`price`) AS think_sum FROM `ds_pay_order` WHERE  `is_kouliang` = '1'  AND `status` = '1'  AND `is_tj` = 1  AND `createtime` BETWEEN 1714752000 AND 1714838399 LIMIT 1 [ RunTime:0.000876s ]
[2024-05-04 13:18:24][sql] SELECT COUNT(*) AS think_count FROM `ds_pay_order` WHERE  `is_kouliang` = '1'  AND `status` = '1'  AND `is_tj` = 1  AND `createtime` BETWEEN 1714752000 AND 1714838399 LIMIT 1 [ RunTime:0.000876s ]
[2024-05-04 13:18:24][sql] SELECT SUM(`price`) AS think_sum FROM `ds_pay_order` WHERE  `is_kouliang` = '1'  AND `status` = '1'  AND `is_tj` = 1  AND `createtime` BETWEEN 1714665600 AND 1714751999 LIMIT 1 [ RunTime:0.000845s ]
[2024-05-04 13:18:24][sql] SELECT COUNT(*) AS think_count FROM `ds_pay_order` WHERE  `is_kouliang` = '1'  AND `status` = '1'  AND `is_tj` = 1  AND `createtime` BETWEEN 1714665600 AND 1714751999 LIMIT 1 [ RunTime:0.000955s ]
[2024-05-04 13:18:24][sql] SELECT `id`,`createtime` FROM `ds_pay_order` WHERE  `status` = '2'  AND `createtime` BETWEEN 1714320000 AND 1714924799  AND `is_tj` = 1  AND `is_kouliang` = '1' [ RunTime:0.000933s ]
[2024-05-04 13:18:24][sql] SELECT `id`,`createtime` FROM `ds_pay_order` WHERE  `status` = '1'  AND `createtime` BETWEEN 1714320000 AND 1714924799  AND `is_tj` = 1  AND `is_kouliang` = '1' [ RunTime:0.000919s ]
[2024-05-04 13:18:24][sql] SHOW FULL COLUMNS FROM `ds_system_config` [ RunTime:0.001069s ]
[2024-05-04 13:18:24][sql] SELECT `value` FROM `ds_system_config` WHERE  `group` = 'site'  AND `name` = 'site_name' LIMIT 1 [ RunTime:0.000696s ]
[2024-05-04 13:18:25][sql] CONNECT:[ UseTime:0.000772s ] mysql:host=127.0.0.1;port=3306;dbname=demo_4lq_cn;charset=utf8
[2024-05-04 13:18:25][sql] SHOW FULL COLUMNS FROM `ds_muban` [ RunTime:0.001112s ]
[2024-05-04 13:18:25][sql] SELECT COUNT(*) AS think_count FROM `ds_muban` WHERE `ds_muban`.`delete_time` IS NULL LIMIT 1 [ RunTime:0.000723s ]
[2024-05-04 13:18:25][sql] SELECT * FROM `ds_muban` WHERE `ds_muban`.`delete_time` IS NULL ORDER BY `id` DESC LIMIT 0,15 [ RunTime:0.000525s ]
[2024-05-04 13:18:25][sql] SHOW FULL COLUMNS FROM `ds_system_admin` [ RunTime:0.001185s ]
[2024-05-04 13:18:25][sql] SELECT * FROM `ds_system_admin` WHERE (  `id` = 1 ) AND `ds_system_admin`.`delete_time` IS NULL [ RunTime:0.000807s ]
