[2024-04-30 17:26:06][sql] CONNECT:[ UseTime:0.008795s ] mysql:host=127.0.0.1;port=3306;dbname=xinuocs_test;charset=utf8
[2024-04-30 17:26:06][sql] SHOW FULL COLUMNS FROM `ds_system_config` [ RunTime:0.001537s ]
[2024-04-30 17:26:06][sql] SELECT `value` FROM `ds_system_config` WHERE  `group` = 'site'  AND `name` = 'site_name' LIMIT 1 [ RunTime:0.000300s ]
[2024-04-30 17:26:06][sql] SELECT `value` FROM `ds_system_config` WHERE  `group` = 'site'  AND `name` = 'site_bg' LIMIT 1 [ RunTime:0.000224s ]
[2024-04-30 17:26:06][sql] SELECT `value` FROM `ds_system_config` WHERE  `group` = 'site'  AND `name` = 'logo_image' LIMIT 1 [ RunTime:0.000226s ]
[2024-04-30 17:26:06][sql] SELECT `value` FROM `ds_system_config` WHERE  `group` = 'site'  AND `name` = 'site_wechat' LIMIT 1 [ RunTime:0.000205s ]
[2024-04-30 17:26:06][sql] SELECT `value` FROM `ds_system_config` WHERE  `group` = 'site'  AND `name` = 'site_qq' LIMIT 1 [ RunTime:0.000225s ]
[2024-04-30 17:26:06][sql] SELECT `value` FROM `ds_system_config` WHERE  `group` = 'site'  AND `name` = 'site_title' LIMIT 1 [ RunTime:0.000211s ]
[2024-04-30 17:26:06][sql] SELECT `value` FROM `ds_system_config` WHERE  `group` = 'site'  AND `name` = 'site_slogan' LIMIT 1 [ RunTime:0.000203s ]
[2024-04-30 17:26:06][sql] SELECT `value` FROM `ds_system_config` WHERE  `group` = 'site'  AND `name` = 'site_name' LIMIT 1 [ RunTime:0.000302s ]
[2024-04-30 17:26:06][sql] SELECT `value` FROM `ds_system_config` WHERE  `group` = 'site'  AND `name` = 'site_content' LIMIT 1 [ RunTime:0.000219s ]
[2024-04-30 18:37:17][sql] CONNECT:[ UseTime:0.011566s ] mysql:host=127.0.0.1;port=3306;dbname=xinuocs_test;charset=utf8
[2024-04-30 18:37:17][sql] SHOW FULL COLUMNS FROM `ds_system_config` [ RunTime:0.002837s ]
[2024-04-30 18:37:17][sql] SELECT `value` FROM `ds_system_config` WHERE  `group` = 'site'  AND `name` = 'site_name' LIMIT 1 [ RunTime:0.000372s ]
[2024-04-30 18:37:17][sql] SELECT `value` FROM `ds_system_config` WHERE  `group` = 'site'  AND `name` = 'site_bg' LIMIT 1 [ RunTime:0.000281s ]
[2024-04-30 18:37:17][sql] SELECT `value` FROM `ds_system_config` WHERE  `group` = 'site'  AND `name` = 'logo_image' LIMIT 1 [ RunTime:0.000266s ]
[2024-04-30 18:37:17][sql] SELECT `value` FROM `ds_system_config` WHERE  `group` = 'site'  AND `name` = 'site_wechat' LIMIT 1 [ RunTime:0.000918s ]
[2024-04-30 18:37:17][sql] SELECT `value` FROM `ds_system_config` WHERE  `group` = 'site'  AND `name` = 'site_qq' LIMIT 1 [ RunTime:0.000245s ]
[2024-04-30 18:37:17][sql] SELECT `value` FROM `ds_system_config` WHERE  `group` = 'site'  AND `name` = 'site_title' LIMIT 1 [ RunTime:0.000294s ]
[2024-04-30 18:37:17][sql] SELECT `value` FROM `ds_system_config` WHERE  `group` = 'site'  AND `name` = 'site_slogan' LIMIT 1 [ RunTime:0.000238s ]
[2024-04-30 18:37:17][sql] SELECT `value` FROM `ds_system_config` WHERE  `group` = 'site'  AND `name` = 'site_name' LIMIT 1 [ RunTime:0.000938s ]
[2024-04-30 18:37:17][sql] SELECT `value` FROM `ds_system_config` WHERE  `group` = 'site'  AND `name` = 'site_content' LIMIT 1 [ RunTime:0.000260s ]
[2024-04-30 18:38:04][sql] CONNECT:[ UseTime:0.000573s ] mysql:host=127.0.0.1;port=3306;dbname=xinuocs_test;charset=utf8
[2024-04-30 18:38:04][sql] show tables like 'ds_system_log_202404' [ RunTime:0.000391s ]
[2024-04-30 18:38:04][sql] SHOW FULL COLUMNS FROM `ds_system_log_202404` [ RunTime:0.001521s ]
[2024-04-30 18:38:04][sql] INSERT INTO `ds_system_log_202404` SET `admin_id` = NULL , `url` = '/admin/login/index.html' , `method` = 'post' , `ip` = '123.13.244.60' , `content` = '{"username":"admin","password":"ed696eb5bba1f7460585cc6975e6cf9bf24903dd","captcha":"3161","keep_login":"0"}' , `useragent` = 'Mozilla/5.0 (Windows NT 10.0; Win64; x64) AppleWebKit/537.36 (KHTML, like Gecko) Chrome/114.0.5735.289 Safari/537.36' , `create_time` = 1714473484 [ RunTime:0.000280s ]
[2024-04-30 18:38:04][sql] SHOW FULL COLUMNS FROM `ds_system_admin` [ RunTime:0.010822s ]
[2024-04-30 18:38:04][sql] SELECT * FROM `ds_system_admin` WHERE (  `username` = 'admin' ) AND `ds_system_admin`.`delete_time` IS NULL LIMIT 1 [ RunTime:0.000519s ]
[2024-04-30 18:38:40][sql] CONNECT:[ UseTime:0.014129s ] mysql:host=127.0.0.1;port=3306;dbname=xinuocs_test;charset=utf8
[2024-04-30 18:38:40][sql] show tables like 'ds_system_log_202404' [ RunTime:0.000431s ]
[2024-04-30 18:38:40][sql] SHOW FULL COLUMNS FROM `ds_system_log_202404` [ RunTime:0.002063s ]
[2024-04-30 18:38:40][sql] INSERT INTO `ds_system_log_202404` SET `admin_id` = NULL , `url` = '/admin/login/index.html' , `method` = 'post' , `ip` = '123.13.244.60' , `content` = '{"username":"admin","password":"877c3568b3c37fd2c98c736ec0a4676ecd1ba71c","captcha":"3161","keep_login":"0"}' , `useragent` = 'Mozilla/5.0 (Windows NT 10.0; Win64; x64) AppleWebKit/537.36 (KHTML, like Gecko) Chrome/114.0.5735.289 Safari/537.36' , `create_time` = 1714473520 [ RunTime:0.000284s ]
[2024-04-30 18:38:48][sql] CONNECT:[ UseTime:0.005031s ] mysql:host=127.0.0.1;port=3306;dbname=xinuocs_test;charset=utf8
[2024-04-30 18:38:48][sql] show tables like 'ds_system_log_202404' [ RunTime:0.005345s ]
[2024-04-30 18:38:48][sql] SHOW FULL COLUMNS FROM `ds_system_log_202404` [ RunTime:0.001962s ]
[2024-04-30 18:38:48][sql] INSERT INTO `ds_system_log_202404` SET `admin_id` = NULL , `url` = '/admin/login/index.html' , `method` = 'post' , `ip` = '123.13.244.60' , `content` = '{"username":"admin","password":"877c3568b3c37fd2c98c736ec0a4676ecd1ba71c","captcha":"6122","keep_login":"0"}' , `useragent` = 'Mozilla/5.0 (Windows NT 10.0; Win64; x64) AppleWebKit/537.36 (KHTML, like Gecko) Chrome/114.0.5735.289 Safari/537.36' , `create_time` = 1714473527 [ RunTime:0.000295s ]
[2024-04-30 18:38:48][sql] SHOW FULL COLUMNS FROM `ds_system_admin` [ RunTime:0.001750s ]
[2024-04-30 18:38:48][sql] SELECT * FROM `ds_system_admin` WHERE (  `username` = 'admin' ) AND `ds_system_admin`.`delete_time` IS NULL LIMIT 1 [ RunTime:0.000443s ]
[2024-04-30 18:39:35][sql] CONNECT:[ UseTime:0.000374s ] mysql:host=127.0.0.1;port=3306;dbname=xinuocs_test;charset=utf8
[2024-04-30 18:39:35][sql] show tables like 'ds_system_log_202404' [ RunTime:0.000379s ]
[2024-04-30 18:39:35][sql] SHOW FULL COLUMNS FROM `ds_system_log_202404` [ RunTime:0.002014s ]
[2024-04-30 18:39:35][sql] INSERT INTO `ds_system_log_202404` SET `admin_id` = NULL , `url` = '/admin/login/index.html' , `method` = 'post' , `ip` = '123.13.244.60' , `content` = '{"username":"admin","password":"9f98ea3da8025db5bc4235dfac1f7a7650211592","captcha":"7594","keep_login":"0"}' , `useragent` = 'Mozilla/5.0 (Windows NT 10.0; Win64; x64) AppleWebKit/537.36 (KHTML, like Gecko) Chrome/114.0.5735.289 Safari/537.36' , `create_time` = 1714473575 [ RunTime:0.000280s ]
[2024-04-30 18:39:35][sql] SHOW FULL COLUMNS FROM `ds_system_admin` [ RunTime:0.001742s ]
[2024-04-30 18:39:35][sql] SELECT * FROM `ds_system_admin` WHERE (  `username` = 'admin' ) AND `ds_system_admin`.`delete_time` IS NULL LIMIT 1 [ RunTime:0.009494s ]
[2024-04-30 18:39:35][sql] UPDATE `ds_system_admin`  SET `login_num` = 863 , `update_time` = 1714473575  WHERE (  `id` = 1 ) AND `ds_system_admin`.`delete_time` IS NULL [ RunTime:0.000363s ]
[2024-04-30 18:39:35][sql] SELECT * FROM `ds_system_admin` WHERE (  `id` = 1 ) AND `ds_system_admin`.`delete_time` IS NULL LIMIT 1 [ RunTime:0.000451s ]
[2024-04-30 18:39:35][sql] SELECT * FROM `ds_system_admin` WHERE (  `id` = 1 ) AND `ds_system_admin`.`delete_time` IS NULL LIMIT 1 [ RunTime:0.000373s ]
[2024-04-30 18:39:38][sql] CONNECT:[ UseTime:0.000393s ] mysql:host=127.0.0.1;port=3306;dbname=xinuocs_test;charset=utf8
[2024-04-30 18:39:38][sql] SHOW FULL COLUMNS FROM `ds_system_config` [ RunTime:0.001528s ]
[2024-04-30 18:39:38][sql] SELECT `value` FROM `ds_system_config` WHERE  `group` = 'site'  AND `name` = 'site_name' LIMIT 1 [ RunTime:0.000316s ]
[2024-04-30 18:39:39][sql] CONNECT:[ UseTime:0.000345s ] mysql:host=127.0.0.1;port=3306;dbname=xinuocs_test;charset=utf8
[2024-04-30 18:39:39][sql] SHOW FULL COLUMNS FROM `ds_notify` [ RunTime:0.001517s ]
[2024-04-30 18:39:39][sql] SELECT * FROM `ds_notify` WHERE  `is_show` = 1 ORDER BY `create_time` DESC LIMIT 1 [ RunTime:0.000339s ]
[2024-04-30 18:39:39][sql] SHOW FULL COLUMNS FROM `ds_system_quick` [ RunTime:0.001351s ]
[2024-04-30 18:39:39][sql] SELECT `id`,`title`,`icon`,`href` FROM `ds_system_quick` WHERE (  `status` = 1 ) AND `ds_system_quick`.`delete_time` IS NULL ORDER BY `sort` DESC LIMIT 8 [ RunTime:0.000928s ]
[2024-04-30 18:39:39][sql] SHOW FULL COLUMNS FROM `ds_system_admin` [ RunTime:0.001445s ]
[2024-04-30 18:39:39][sql] SELECT * FROM `ds_system_admin` WHERE (  `id` = 1 ) AND `ds_system_admin`.`delete_time` IS NULL LIMIT 1 [ RunTime:0.000372s ]
[2024-04-30 18:39:39][sql] SELECT * FROM `ds_system_admin` WHERE (  `id` = 1 ) AND `ds_system_admin`.`delete_time` IS NULL LIMIT 1 [ RunTime:0.000360s ]
[2024-04-30 18:39:39][sql] SHOW FULL COLUMNS FROM `ds_outlay` [ RunTime:0.005689s ]
[2024-04-30 18:39:39][sql] SELECT SUM(`money`) AS think_sum FROM `ds_outlay` WHERE  `status` = 0 LIMIT 1 [ RunTime:0.000278s ]
[2024-04-30 18:39:39][sql] SHOW FULL COLUMNS FROM `ds_payed_show` [ RunTime:0.001481s ]
[2024-04-30 18:39:39][sql] SELECT COUNT(DISTINCT `ip`) AS think_count FROM `ds_payed_show` LIMIT 1 [ RunTime:0.051626s ]
[2024-04-30 18:39:39][sql] SHOW FULL COLUMNS FROM `ds_tj` [ RunTime:0.001601s ]
[2024-04-30 18:39:39][sql] SELECT COUNT(*) AS think_count FROM `ds_tj` WHERE  `create_time` BETWEEN 1714406400 AND 1714492799 LIMIT 1 [ RunTime:0.000282s ]
[2024-04-30 18:39:39][sql] SHOW FULL COLUMNS FROM `ds_pay_order` [ RunTime:0.001409s ]
[2024-04-30 18:39:39][sql] SELECT COUNT(*) AS think_count FROM `ds_pay_order` WHERE  `is_kouliang` = '1'  AND `status` = '1'  AND `is_tj` = 1 LIMIT 1 [ RunTime:0.000368s ]
[2024-04-30 18:39:39][sql] SELECT SUM(`price`) AS think_sum FROM `ds_pay_order` WHERE  `is_kouliang` = '1'  AND `status` = '1'  AND `is_tj` = 1 LIMIT 1 [ RunTime:0.011182s ]
[2024-04-30 18:39:39][sql] SELECT SUM(`price`) AS think_sum FROM `ds_pay_order` WHERE  `is_kouliang` = '1'  AND `status` = '1'  AND `is_tj` = 1  AND `createtime` BETWEEN 1714406400 AND 1714492799 LIMIT 1 [ RunTime:0.000950s ]
[2024-04-30 18:39:39][sql] SELECT COUNT(*) AS think_count FROM `ds_pay_order` WHERE  `is_kouliang` = '1'  AND `status` = '1'  AND `is_tj` = 1  AND `createtime` BETWEEN 1714406400 AND 1714492799 LIMIT 1 [ RunTime:0.000332s ]
[2024-04-30 18:39:39][sql] SELECT SUM(`price`) AS think_sum FROM `ds_pay_order` WHERE  `is_kouliang` = '1'  AND `status` = '1'  AND `is_tj` = 1  AND `createtime` BETWEEN 1714320000 AND 1714406399 LIMIT 1 [ RunTime:0.000922s ]
[2024-04-30 18:39:39][sql] SELECT COUNT(*) AS think_count FROM `ds_pay_order` WHERE  `is_kouliang` = '1'  AND `status` = '1'  AND `is_tj` = 1  AND `createtime` BETWEEN 1714320000 AND 1714406399 LIMIT 1 [ RunTime:0.000333s ]
[2024-04-30 18:39:39][sql] SELECT `id`,`createtime` FROM `ds_pay_order` WHERE  `status` = '2'  AND `createtime` BETWEEN 1714320000 AND 1714924799  AND `is_tj` = 1  AND `is_kouliang` = '1' [ RunTime:0.000400s ]
[2024-04-30 18:39:39][sql] SELECT `id`,`createtime` FROM `ds_pay_order` WHERE  `status` = '1'  AND `createtime` BETWEEN 1714320000 AND 1714924799  AND `is_tj` = 1  AND `is_kouliang` = '1' [ RunTime:0.000361s ]
[2024-04-30 18:39:39][sql] SHOW FULL COLUMNS FROM `ds_system_config` [ RunTime:0.002054s ]
[2024-04-30 18:39:39][sql] SELECT `value` FROM `ds_system_config` WHERE  `group` = 'site'  AND `name` = 'site_name' LIMIT 1 [ RunTime:0.000279s ]
[2024-04-30 18:39:41][sql] CONNECT:[ UseTime:0.001048s ] mysql:host=127.0.0.1;port=3306;dbname=xinuocs_test;charset=utf8
[2024-04-30 18:39:41][sql] SHOW FULL COLUMNS FROM `ds_pay_setting` [ RunTime:0.002104s ]
[2024-04-30 18:39:41][sql] SELECT * FROM `ds_pay_setting` [ RunTime:0.000862s ]
[2024-04-30 18:39:41][sql] SHOW FULL COLUMNS FROM `ds_system_config` [ RunTime:0.001757s ]
[2024-04-30 18:39:41][sql] SELECT * FROM `ds_system_config` [ RunTime:0.000984s ]
[2024-04-30 18:39:41][sql] SELECT `value` FROM `ds_system_config` WHERE  `group` = 'site'  AND `name` = 'site_name' LIMIT 1 [ RunTime:0.007041s ]
[2024-04-30 18:39:41][sql] SELECT `value` FROM `ds_system_config` WHERE  `group` = 'site'  AND `name` = 'site_order' LIMIT 1 [ RunTime:0.000270s ]
[2024-04-30 18:39:41][sql] SELECT `value` FROM `ds_system_config` WHERE  `group` = 'site'  AND `name` = 'site_name' LIMIT 1 [ RunTime:0.006163s ]
[2024-04-30 18:39:41][sql] SELECT `value` FROM `ds_system_config` WHERE  `group` = 'site'  AND `name` = 'site_title' LIMIT 1 [ RunTime:0.000259s ]
[2024-04-30 18:39:41][sql] SELECT `value` FROM `ds_system_config` WHERE  `group` = 'site'  AND `name` = 'site_slogan' LIMIT 1 [ RunTime:0.000213s ]
[2024-04-30 18:39:41][sql] SELECT `value` FROM `ds_system_config` WHERE  `group` = 'site'  AND `name` = 'site_content' LIMIT 1 [ RunTime:0.000234s ]
[2024-04-30 18:39:41][sql] SELECT `value` FROM `ds_system_config` WHERE  `group` = 'site'  AND `name` = 'logo_image' LIMIT 1 [ RunTime:0.000206s ]
[2024-04-30 18:39:41][sql] SELECT `value` FROM `ds_system_config` WHERE  `group` = 'site'  AND `name` = 'site_bg' LIMIT 1 [ RunTime:0.000204s ]
[2024-04-30 18:39:41][sql] SELECT `value` FROM `ds_system_config` WHERE  `group` = 'site'  AND `name` = 'site_beian' LIMIT 1 [ RunTime:0.000765s ]
[2024-04-30 18:39:41][sql] SELECT `value` FROM `ds_system_config` WHERE  `group` = 'site'  AND `name` = 'site_domain' LIMIT 1 [ RunTime:0.000242s ]
[2024-04-30 18:39:41][sql] SELECT `value` FROM `ds_system_config` WHERE  `group` = 'site'  AND `name` = 'site_pay' LIMIT 1 [ RunTime:0.000206s ]
[2024-04-30 18:39:41][sql] SELECT `value` FROM `ds_system_config` WHERE  `group` = 'site'  AND `name` = 'site_payback' LIMIT 1 [ RunTime:0.000230s ]
[2024-04-30 18:39:41][sql] SELECT `value` FROM `ds_system_config` WHERE  `group` = 'site'  AND `name` = 'site_urlapi' LIMIT 1 [ RunTime:0.000206s ]
[2024-04-30 18:39:41][sql] SELECT `value` FROM `ds_system_config` WHERE  `group` = 'site'  AND `name` = 'site_cdn' LIMIT 1 [ RunTime:0.000793s ]
[2024-04-30 18:39:41][sql] SELECT `value` FROM `ds_system_config` WHERE  `group` = 'site'  AND `name` = 'site_qq' LIMIT 1 [ RunTime:0.000209s ]
[2024-04-30 18:39:41][sql] SELECT `value` FROM `ds_system_config` WHERE  `group` = 'site'  AND `name` = 'site_wechat' LIMIT 1 [ RunTime:0.000224s ]
[2024-04-30 18:39:41][sql] SELECT `value` FROM `ds_system_config` WHERE  `group` = 'ff'  AND `name` = 'ff_close' LIMIT 1 [ RunTime:0.000205s ]
[2024-04-30 18:39:41][sql] SELECT `value` FROM `ds_system_config` WHERE  `group` = 'ff'  AND `name` = 'ff_close' LIMIT 1 [ RunTime:0.000216s ]
[2024-04-30 18:39:41][sql] SELECT `value` FROM `ds_system_config` WHERE  `group` = 'ff'  AND `name` = 'ff_close' LIMIT 1 [ RunTime:0.000207s ]
[2024-04-30 18:39:41][sql] SELECT `value` FROM `ds_system_config` WHERE  `group` = 'ff'  AND `name` = 'ff_fix' LIMIT 1 [ RunTime:0.000204s ]
[2024-04-30 18:39:41][sql] SELECT `value` FROM `ds_system_config` WHERE  `group` = 'ff'  AND `name` = 'ff_fix' LIMIT 1 [ RunTime:0.000218s ]
[2024-04-30 18:39:41][sql] SELECT `value` FROM `ds_system_config` WHERE  `group` = 'ff'  AND `name` = 'ff_fix' LIMIT 1 [ RunTime:0.000202s ]
[2024-04-30 18:39:41][sql] SELECT `value` FROM `ds_system_config` WHERE  `group` = 'ff'  AND `name` = 'ff_pc' LIMIT 1 [ RunTime:0.000310s ]
[2024-04-30 18:39:41][sql] SELECT `value` FROM `ds_system_config` WHERE  `group` = 'ff'  AND `name` = 'ff_pc' LIMIT 1 [ RunTime:0.000212s ]
[2024-04-30 18:39:41][sql] SELECT `value` FROM `ds_system_config` WHERE  `group` = 'ff'  AND `name` = 'ff_pc' LIMIT 1 [ RunTime:0.000214s ]
[2024-04-30 18:39:41][sql] SELECT `value` FROM `ds_system_config` WHERE  `group` = 'ff'  AND `name` = 'ff_url' LIMIT 1 [ RunTime:0.000208s ]
[2024-04-30 18:39:41][sql] SELECT `value` FROM `ds_system_config` WHERE  `group` = 'ff'  AND `name` = 'ff_short' LIMIT 1 [ RunTime:0.000203s ]
[2024-04-30 18:39:41][sql] SELECT `value` FROM `ds_system_config` WHERE  `group` = 'ff'  AND `name` = 'ff_short' LIMIT 1 [ RunTime:0.000811s ]
[2024-04-30 18:39:41][sql] SELECT `value` FROM `ds_system_config` WHERE  `group` = 'ff'  AND `name` = 'ff_short' LIMIT 1 [ RunTime:0.000235s ]
[2024-04-30 18:39:41][sql] SELECT `value` FROM `ds_system_config` WHERE  `group` = 'ff'  AND `name` = 'ff_short' LIMIT 1 [ RunTime:0.000769s ]
[2024-04-30 18:39:41][sql] SELECT `value` FROM `ds_system_config` WHERE  `group` = 'ff'  AND `name` = 'ff_short' LIMIT 1 [ RunTime:0.000751s ]
[2024-04-30 18:39:41][sql] SELECT `value` FROM `ds_system_config` WHERE  `group` = 'ff'  AND `name` = 'ff_short' LIMIT 1 [ RunTime:0.000212s ]
[2024-04-30 18:39:41][sql] SELECT `value` FROM `ds_system_config` WHERE  `group` = 'ff'  AND `name` = 'ff_short' LIMIT 1 [ RunTime:0.000205s ]
[2024-04-30 18:39:41][sql] SELECT `value` FROM `ds_system_config` WHERE  `group` = 'ff'  AND `name` = 'ff_short' LIMIT 1 [ RunTime:0.000227s ]
[2024-04-30 18:39:41][sql] SELECT `value` FROM `ds_system_config` WHERE  `group` = 'ff'  AND `name` = 'ff_short' LIMIT 1 [ RunTime:0.000204s ]
[2024-04-30 18:39:41][sql] SELECT `value` FROM `ds_system_config` WHERE  `group` = 'jp'  AND `name` = 'fb_min_money' LIMIT 1 [ RunTime:0.000220s ]
[2024-04-30 18:39:41][sql] SELECT `value` FROM `ds_system_config` WHERE  `group` = 'jp'  AND `name` = 'fb_max_money' LIMIT 1 [ RunTime:0.000208s ]
[2024-04-30 18:39:41][sql] SELECT `value` FROM `ds_system_config` WHERE  `group` = 'jg'  AND `name` = 'jg_mrfx' LIMIT 1 [ RunTime:0.005085s ]
[2024-04-30 18:39:41][sql] SELECT `value` FROM `ds_system_config` WHERE  `group` = 'jg'  AND `name` = 'jg_mrfy' LIMIT 1 [ RunTime:0.006303s ]
[2024-04-30 18:39:41][sql] SELECT `value` FROM `ds_system_config` WHERE  `group` = 'jg'  AND `name` = 'jg_yqm' LIMIT 1 [ RunTime:0.000246s ]
[2024-04-30 18:39:41][sql] SELECT `value` FROM `ds_system_config` WHERE  `group` = 'jg'  AND `name` = 'jg_ym' LIMIT 1 [ RunTime:0.000239s ]
[2024-04-30 18:39:41][sql] SELECT `value` FROM `ds_system_config` WHERE  `group` = 'jg'  AND `name` = 'jg_dbzd' LIMIT 1 [ RunTime:0.000208s ]
[2024-04-30 18:39:41][sql] SELECT `value` FROM `ds_system_config` WHERE  `group` = 'jg'  AND `name` = 'jg_dbzg' LIMIT 1 [ RunTime:0.000217s ]
[2024-04-30 18:39:41][sql] SELECT `value` FROM `ds_system_config` WHERE  `group` = 'jg'  AND `name` = 'jg_dtzg' LIMIT 1 [ RunTime:0.000207s ]
[2024-04-30 18:39:41][sql] SELECT `value` FROM `ds_system_config` WHERE  `group` = 'jg'  AND `name` = 'jg_topen' LIMIT 1 [ RunTime:0.000202s ]
[2024-04-30 18:39:41][sql] SELECT `value` FROM `ds_system_config` WHERE  `group` = 'jg'  AND `name` = 'jg_topen' LIMIT 1 [ RunTime:0.000221s ]
[2024-04-30 18:39:41][sql] SELECT `value` FROM `ds_system_config` WHERE  `group` = 'jg'  AND `name` = 'jg_tmin' LIMIT 1 [ RunTime:0.000202s ]
[2024-04-30 18:39:41][sql] SELECT `value` FROM `ds_system_config` WHERE  `group` = 'jg'  AND `name` = 'jg_tmax' LIMIT 1 [ RunTime:0.000213s ]
[2024-04-30 18:39:41][sql] SELECT `value` FROM `ds_system_config` WHERE  `group` = 'jg'  AND `name` = 'jp_wopen' LIMIT 1 [ RunTime:0.000205s ]
[2024-04-30 18:39:41][sql] SELECT `value` FROM `ds_system_config` WHERE  `group` = 'jg'  AND `name` = 'jp_wopen' LIMIT 1 [ RunTime:0.000201s ]
[2024-04-30 18:39:41][sql] SELECT `value` FROM `ds_system_config` WHERE  `group` = 'jg'  AND `name` = 'jp_min' LIMIT 1 [ RunTime:0.000218s ]
[2024-04-30 18:39:41][sql] SELECT `value` FROM `ds_system_config` WHERE  `group` = 'jg'  AND `name` = 'jp_max' LIMIT 1 [ RunTime:0.001331s ]
[2024-04-30 18:39:41][sql] SELECT `value` FROM `ds_system_config` WHERE  `group` = 'jg'  AND `name` = 'jg_yopen' LIMIT 1 [ RunTime:0.000284s ]
[2024-04-30 18:39:41][sql] SELECT `value` FROM `ds_system_config` WHERE  `group` = 'jg'  AND `name` = 'jg_yopen' LIMIT 1 [ RunTime:0.000213s ]
[2024-04-30 18:39:41][sql] SELECT `value` FROM `ds_system_config` WHERE  `group` = 'jg'  AND `name` = 'jg_ymin' LIMIT 1 [ RunTime:0.000215s ]
[2024-04-30 18:39:41][sql] SELECT `value` FROM `ds_system_config` WHERE  `group` = 'jg'  AND `name` = 'jg_ymax' LIMIT 1 [ RunTime:0.000208s ]
[2024-04-30 18:39:41][sql] SELECT `value` FROM `ds_system_config` WHERE  `group` = 'ac'  AND `name` = 'ac_number' LIMIT 1 [ RunTime:0.000204s ]
[2024-04-30 18:39:41][sql] SELECT `value` FROM `ds_system_config` WHERE  `group` = 'ac'  AND `name` = 'ac_init_number' LIMIT 1 [ RunTime:0.000231s ]
[2024-04-30 18:39:41][sql] SELECT `value` FROM `ds_system_config` WHERE  `group` = 'short_video'  AND `name` = 'q_t' LIMIT 1 [ RunTime:0.000206s ]
[2024-04-30 18:39:41][sql] SELECT `value` FROM `ds_system_config` WHERE  `group` = 'short_video'  AND `name` = 'q_r' LIMIT 1 [ RunTime:0.000215s ]
[2024-04-30 18:39:41][sql] SELECT `value` FROM `ds_system_config` WHERE  `group` = 'short_video'  AND `name` = 'q_x' LIMIT 1 [ RunTime:0.000848s ]
[2024-04-30 18:39:41][sql] SELECT `value` FROM `ds_system_config` WHERE  `group` = 'short_video'  AND `name` = 'q_l' LIMIT 1 [ RunTime:0.000212s ]
[2024-04-30 18:39:41][sql] SELECT `value` FROM `ds_system_config` WHERE  `group` = 'short_video'  AND `name` = 'l_t' LIMIT 1 [ RunTime:0.000206s ]
[2024-04-30 18:39:41][sql] SELECT `value` FROM `ds_system_config` WHERE  `group` = 'short_video'  AND `name` = 'l_r' LIMIT 1 [ RunTime:0.000223s ]
[2024-04-30 18:39:41][sql] SELECT `value` FROM `ds_system_config` WHERE  `group` = 'short_video'  AND `name` = 'l_x' LIMIT 1 [ RunTime:0.000205s ]
[2024-04-30 18:39:41][sql] SELECT `value` FROM `ds_system_config` WHERE  `group` = 'short_video'  AND `name` = 'l_l' LIMIT 1 [ RunTime:0.000214s ]
[2024-04-30 18:39:41][sql] SELECT `value` FROM `ds_system_config` WHERE  `group` = 'wx'  AND `name` = 'wx_appid' LIMIT 1 [ RunTime:0.000210s ]
[2024-04-30 18:39:41][sql] SELECT `value` FROM `ds_system_config` WHERE  `group` = 'wx'  AND `name` = 'wx_secret' LIMIT 1 [ RunTime:0.000204s ]
[2024-04-30 18:39:41][sql] SELECT `value` FROM `ds_system_config` WHERE  `group` = 'wx'  AND `name` = 'wx_token' LIMIT 1 [ RunTime:0.000222s ]
[2024-04-30 18:39:41][sql] SELECT `value` FROM `ds_system_config` WHERE  `group` = 'wx'  AND `name` = 'wx_aeskey' LIMIT 1 [ RunTime:0.000204s ]
[2024-04-30 18:39:41][sql] SELECT `value` FROM `ds_system_config` WHERE  `group` = 'wx'  AND `name` = 'wx_url' LIMIT 1 [ RunTime:0.000214s ]
[2024-04-30 18:39:41][sql] SELECT `value` FROM `ds_system_config` WHERE  `group` = 'wx'  AND `name` = 'wx_ffapi' LIMIT 1 [ RunTime:0.000205s ]
[2024-04-30 18:39:41][sql] SELECT `value` FROM `ds_system_config` WHERE  `group` = 'wx'  AND `name` = 'wx_fk' LIMIT 1 [ RunTime:0.000203s ]
[2024-04-30 18:39:41][sql] SELECT `value` FROM `ds_system_config` WHERE  `group` = 'pay'  AND `name` = 'pay_type' LIMIT 1 [ RunTime:0.000228s ]
[2024-04-30 18:39:41][sql] SELECT `value` FROM `ds_system_config` WHERE  `group` = 'pay'  AND `name` = 'pay_type' LIMIT 1 [ RunTime:0.000204s ]
[2024-04-30 18:39:41][sql] SELECT `value` FROM `ds_system_config` WHERE  `group` = 'short'  AND `name` = 'm_token' LIMIT 1 [ RunTime:0.009388s ]
[2024-04-30 18:39:41][sql] SELECT `value` FROM `ds_system_config` WHERE  `group` = 'short'  AND `name` = 'sina' LIMIT 1 [ RunTime:0.000330s ]
[2024-04-30 18:39:41][sql] SELECT `value` FROM `ds_system_config` WHERE  `group` = 'upload'  AND `name` = 'upload_type' LIMIT 1 [ RunTime:0.000237s ]
[2024-04-30 18:39:41][sql] SELECT `value` FROM `ds_system_config` WHERE  `group` = 'upload'  AND `name` = 'upload_type' LIMIT 1 [ RunTime:0.000210s ]
[2024-04-30 18:39:41][sql] SELECT `value` FROM `ds_system_config` WHERE  `group` = 'upload'  AND `name` = 'upload_type' LIMIT 1 [ RunTime:0.000220s ]
[2024-04-30 18:39:41][sql] SELECT `value` FROM `ds_system_config` WHERE  `group` = 'upload'  AND `name` = 'upload_type' LIMIT 1 [ RunTime:0.000208s ]
[2024-04-30 18:39:41][sql] SELECT `value` FROM `ds_system_config` WHERE  `group` = 'upload'  AND `name` = 'upload_allow_ext' LIMIT 1 [ RunTime:0.000205s ]
[2024-04-30 18:39:41][sql] SELECT `value` FROM `ds_system_config` WHERE  `group` = 'upload'  AND `name` = 'upload_allow_size' LIMIT 1 [ RunTime:0.000221s ]
[2024-04-30 18:39:41][sql] SELECT `value` FROM `ds_system_config` WHERE  `group` = 'upload'  AND `name` = 'alioss_access_key_id' LIMIT 1 [ RunTime:0.000204s ]
[2024-04-30 18:39:41][sql] SELECT `value` FROM `ds_system_config` WHERE  `group` = 'upload'  AND `name` = 'alioss_access_key_secret' LIMIT 1 [ RunTime:0.000216s ]
[2024-04-30 18:39:41][sql] SELECT `value` FROM `ds_system_config` WHERE  `group` = 'upload'  AND `name` = 'alioss_endpoint' LIMIT 1 [ RunTime:0.000207s ]
[2024-04-30 18:39:41][sql] SELECT `value` FROM `ds_system_config` WHERE  `group` = 'upload'  AND `name` = 'alioss_bucket' LIMIT 1 [ RunTime:0.000203s ]
[2024-04-30 18:39:41][sql] SELECT `value` FROM `ds_system_config` WHERE  `group` = 'upload'  AND `name` = 'alioss_domain' LIMIT 1 [ RunTime:0.000254s ]
[2024-04-30 18:39:41][sql] SELECT `value` FROM `ds_system_config` WHERE  `group` = 'upload'  AND `name` = 'txcos_secret_id' LIMIT 1 [ RunTime:0.000204s ]
[2024-04-30 18:39:41][sql] SELECT `value` FROM `ds_system_config` WHERE  `group` = 'upload'  AND `name` = 'txcos_secret_key' LIMIT 1 [ RunTime:0.000216s ]
[2024-04-30 18:39:41][sql] SELECT `value` FROM `ds_system_config` WHERE  `group` = 'upload'  AND `name` = 'txcos_region' LIMIT 1 [ RunTime:0.000205s ]
[2024-04-30 18:39:41][sql] SELECT `value` FROM `ds_system_config` WHERE  `group` = 'upload'  AND `name` = 'tecos_bucket' LIMIT 1 [ RunTime:0.000203s ]
[2024-04-30 18:39:41][sql] SELECT `value` FROM `ds_system_config` WHERE  `group` = 'upload'  AND `name` = 'qnoss_access_key' LIMIT 1 [ RunTime:0.000221s ]
[2024-04-30 18:39:41][sql] SELECT `value` FROM `ds_system_config` WHERE  `group` = 'upload'  AND `name` = 'qnoss_secret_key' LIMIT 1 [ RunTime:0.000203s ]
[2024-04-30 18:39:41][sql] SELECT `value` FROM `ds_system_config` WHERE  `group` = 'upload'  AND `name` = 'qnoss_bucket' LIMIT 1 [ RunTime:0.000215s ]
[2024-04-30 18:39:41][sql] SELECT `value` FROM `ds_system_config` WHERE  `group` = 'upload'  AND `name` = 'qnoss_domain' LIMIT 1 [ RunTime:0.000206s ]
[2024-04-30 18:39:41][sql] SELECT `value` FROM `ds_system_config` WHERE  `group` = 'upload'  AND `name` = 'upload_type' LIMIT 1 [ RunTime:0.000201s ]
[2024-04-30 18:39:45][sql] CONNECT:[ UseTime:0.002720s ] mysql:host=127.0.0.1;port=3306;dbname=xinuocs_test;charset=utf8
[2024-04-30 18:39:45][sql] SHOW FULL COLUMNS FROM `ds_stock` [ RunTime:0.007373s ]
[2024-04-30 18:39:45][sql] DELETE FROM `ds_stock` WHERE  `id` >= 1  AND `is_dsp` = 0 [ RunTime:0.000334s ]
[2024-04-30 18:39:48][sql] CONNECT:[ UseTime:0.001635s ] mysql:host=127.0.0.1;port=3306;dbname=xinuocs_test;charset=utf8
[2024-04-30 18:39:48][sql] SHOW FULL COLUMNS FROM `ds_stock` [ RunTime:0.002283s ]
[2024-04-30 18:39:48][sql] DELETE FROM `ds_stock` WHERE  `id` >= 1  AND `is_dsp` = 1 [ RunTime:0.000302s ]
[2024-04-30 18:40:29][sql] CONNECT:[ UseTime:0.002945s ] mysql:host=127.0.0.1;port=3306;dbname=xinuocs_test;charset=utf8
[2024-04-30 18:40:29][sql] SHOW FULL COLUMNS FROM `ds_system_config` [ RunTime:0.001546s ]
[2024-04-30 18:40:29][sql] SELECT `value` FROM `ds_system_config` WHERE  `group` = 'site'  AND `name` = 'site_name' LIMIT 1 [ RunTime:0.000301s ]
[2024-04-30 18:40:30][sql] CONNECT:[ UseTime:0.004825s ] mysql:host=127.0.0.1;port=3306;dbname=xinuocs_test;charset=utf8
[2024-04-30 18:40:30][sql] SHOW FULL COLUMNS FROM `ds_domain_rule` [ RunTime:0.001608s ]
[2024-04-30 18:40:30][sql] SELECT COUNT(*) AS think_count FROM `ds_domain_rule` LIMIT 1 [ RunTime:0.000277s ]
[2024-04-30 18:40:30][sql] SELECT * FROM `ds_domain_rule` ORDER BY `id` DESC LIMIT 0,15 [ RunTime:0.000228s ]
[2024-04-30 18:40:30][sql] SHOW FULL COLUMNS FROM `ds_system_admin` [ RunTime:0.006910s ]
[2024-04-30 18:40:30][sql] SELECT * FROM `ds_system_admin` WHERE (  `id` = 10086 ) AND `ds_system_admin`.`delete_time` IS NULL [ RunTime:0.004750s ]
[2024-04-30 18:40:37][sql] CONNECT:[ UseTime:0.002059s ] mysql:host=127.0.0.1;port=3306;dbname=xinuocs_test;charset=utf8
[2024-04-30 18:40:37][sql] SHOW FULL COLUMNS FROM `ds_system_auth` [ RunTime:0.007633s ]
[2024-04-30 18:40:37][sql] SELECT `title`,`id` FROM `ds_system_auth` WHERE (  `status` = 1 ) AND `ds_system_auth`.`delete_time` IS NULL [ RunTime:0.000377s ]
[2024-04-30 18:40:37][sql] SHOW FULL COLUMNS FROM `ds_system_admin` [ RunTime:0.001513s ]
[2024-04-30 18:40:37][sql] SELECT SUM(`balance`) AS think_sum FROM `ds_system_admin` WHERE `ds_system_admin`.`delete_time` IS NULL LIMIT 1 [ RunTime:0.000250s ]
[2024-04-30 18:40:37][sql] SHOW FULL COLUMNS FROM `ds_outlay` [ RunTime:0.001252s ]
[2024-04-30 18:40:37][sql] SELECT SUM(`money`) AS think_sum FROM `ds_outlay` WHERE  `create_time` BETWEEN 1714406400 AND 1714492799 LIMIT 1 [ RunTime:0.000259s ]
[2024-04-30 18:40:37][sql] SHOW FULL COLUMNS FROM `ds_pay_setting` [ RunTime:0.001249s ]
[2024-04-30 18:40:37][sql] SELECT * FROM `ds_pay_setting` [ RunTime:0.000232s ]
[2024-04-30 18:40:37][sql] SHOW FULL COLUMNS FROM `ds_system_config` [ RunTime:0.006445s ]
[2024-04-30 18:40:37][sql] SELECT `value` FROM `ds_system_config` WHERE  `group` = 'site'  AND `name` = 'site_name' LIMIT 1 [ RunTime:0.000302s ]
[2024-04-30 18:40:37][sql] CONNECT:[ UseTime:0.000361s ] mysql:host=127.0.0.1;port=3306;dbname=xinuocs_test;charset=utf8
[2024-04-30 18:40:37][sql] SHOW FULL COLUMNS FROM `ds_system_auth` [ RunTime:0.001535s ]
[2024-04-30 18:40:37][sql] SELECT `title`,`id` FROM `ds_system_auth` WHERE (  `status` = 1 ) AND `ds_system_auth`.`delete_time` IS NULL [ RunTime:0.000317s ]
[2024-04-30 18:40:37][sql] SHOW FULL COLUMNS FROM `ds_system_admin` [ RunTime:0.001439s ]
[2024-04-30 18:40:37][sql] SELECT SUM(`balance`) AS think_sum FROM `ds_system_admin` WHERE `ds_system_admin`.`delete_time` IS NULL LIMIT 1 [ RunTime:0.000252s ]
[2024-04-30 18:40:37][sql] SHOW FULL COLUMNS FROM `ds_outlay` [ RunTime:0.001261s ]
[2024-04-30 18:40:37][sql] SELECT SUM(`money`) AS think_sum FROM `ds_outlay` WHERE  `create_time` BETWEEN 1714406400 AND 1714492799 LIMIT 1 [ RunTime:0.000240s ]
[2024-04-30 18:40:37][sql] SHOW FULL COLUMNS FROM `ds_pay_setting` [ RunTime:0.001223s ]
[2024-04-30 18:40:37][sql] SELECT * FROM `ds_pay_setting` [ RunTime:0.000205s ]
[2024-04-30 18:40:37][sql] SELECT COUNT(*) AS think_count FROM `ds_system_admin` WHERE (  `id` <> 1 ) AND `ds_system_admin`.`delete_time` IS NULL LIMIT 1 [ RunTime:0.004905s ]
[2024-04-30 18:40:37][sql] SELECT `id`,`pid`,`auth_ids`,`head_img`,`username`,`qq`,`wechat_account`,`pwd`,`balance`,`revenue`,`short`,`pay_model`,`pay_model1`,`is_zn`,`is_ff`,`poundage`,`ticheng`,`is_day`,`is_week`,`is_month`,`is_dan`,`date_fee`,`month_fee`,`dan_fee`,`week_fee`,`view_id`,`phone`,`remark`,`login_num`,`sort`,`status`,`push_all`,`txpwd`,`create_time`,`update_time`,`delete_time`,`is_zw`,(SELECT SUM(`money`) AS think_sum FROM `ds_outlay` `sum_table` WHERE  ( `sum_table`.`uid` =ds_system_admin.id )) AS `outlay_sum` FROM `ds_system_admin` WHERE (  `id` <> 1 ) AND `ds_system_admin`.`delete_time` IS NULL ORDER BY `sort` DESC,`id` DESC LIMIT 0,15 [ RunTime:0.000692s ]
[2024-04-30 18:40:37][sql] SELECT * FROM `ds_system_admin` WHERE (  `id` = 0 ) AND `ds_system_admin`.`delete_time` IS NULL [ RunTime:0.000435s ]
[2024-04-30 18:40:37][sql] SHOW FULL COLUMNS FROM `ds_muban` [ RunTime:0.006203s ]
[2024-04-30 18:40:37][sql] SELECT * FROM `ds_muban` WHERE (  `id` = 1 ) AND `ds_muban`.`delete_time` IS NULL [ RunTime:0.000319s ]
[2024-04-30 18:40:37][sql] SHOW FULL COLUMNS FROM `ds_pay_order` [ RunTime:0.001398s ]
[2024-04-30 18:40:37][sql] SELECT * FROM `ds_pay_order` WHERE  `status` = '1'  AND `is_kouliang` = '1'  AND `is_tj` = 1  AND `createtime` BETWEEN 1714406400 AND 1714492799  AND `uid` = 184 [ RunTime:0.000431s ]
[2024-04-30 18:40:37][sql] SHOW FULL COLUMNS FROM `ds_domain_lib` [ RunTime:0.007694s ]
[2024-04-30 18:40:37][sql] SELECT * FROM `ds_domain_lib` WHERE  `status` = 0  AND `uid` = 184 [ RunTime:0.000371s ]
[2024-04-30 18:40:37][sql] SELECT SUM(`price`) AS think_sum FROM `ds_pay_order` WHERE  `uid` = 184  AND `is_kouliang` = '1'  AND `status` = '1'  AND `is_tj` = 1  AND `createtime` BETWEEN 1714406400 AND 1714492799 LIMIT 1 [ RunTime:0.000958s ]
[2024-04-30 18:40:37][sql] SELECT SUM(`price`) AS think_sum FROM `ds_pay_order` WHERE  `uid` = 184  AND `is_kouliang` = '1'  AND `status` = '1'  AND `is_tj` = 1  AND `createtime` BETWEEN 1714320000 AND 1714406399 LIMIT 1 [ RunTime:0.000292s ]
[2024-04-30 18:40:37][sql] SELECT `id` FROM `ds_system_admin` WHERE (  `pid` = 184 ) AND `ds_system_admin`.`delete_time` IS NULL [ RunTime:0.000255s ]
